[2025-12-08T14:59:50.766+0530] {taskinstance.py:1159} INFO - Dependencies all met for dep_context=non-requeueable deps ti=<TaskInstance: shopverse_daily_pipeline.wait_customers_file scheduled__2025-01-01T01:00:00+00:00 [queued]>
[2025-12-08T14:59:50.768+0530] {taskinstance.py:1159} INFO - Dependencies all met for dep_context=requeueable deps ti=<TaskInstance: shopverse_daily_pipeline.wait_customers_file scheduled__2025-01-01T01:00:00+00:00 [queued]>
[2025-12-08T14:59:50.769+0530] {taskinstance.py:1361} INFO - Starting attempt 2 of 2
[2025-12-08T14:59:50.774+0530] {taskinstance.py:1382} INFO - Executing <Task(FileSensor): wait_customers_file> on 2025-01-01 01:00:00+00:00
[2025-12-08T14:59:50.777+0530] {standard_task_runner.py:57} INFO - Started process 14386 to run task
[2025-12-08T14:59:50.780+0530] {standard_task_runner.py:84} INFO - Running: ['airflow', 'tasks', 'run', 'shopverse_daily_pipeline', 'wait_customers_file', 'scheduled__2025-01-01T01:00:00+00:00', '--job-id', '9', '--raw', '--subdir', 'DAGS_FOLDER/shopverse_daily_pipeline.py', '--cfg-path', '/var/folders/0m/k_9_7kw56svf7_nstcht_jzw0000gn/T/tmp9k86i0_q']
[2025-12-08T14:59:50.781+0530] {standard_task_runner.py:85} INFO - Job 9: Subtask wait_customers_file
[2025-12-08T14:59:50.811+0530] {task_command.py:416} INFO - Running <TaskInstance: shopverse_daily_pipeline.wait_customers_file scheduled__2025-01-01T01:00:00+00:00 [running]> on host pranavis-macbook-air.local
[2025-12-08T14:59:50.833+0530] {taskinstance.py:1662} INFO - Exporting env vars: AIRFLOW_CTX_DAG_EMAIL='alert@example.com' AIRFLOW_CTX_DAG_OWNER='shopverse_de' AIRFLOW_CTX_DAG_ID='shopverse_daily_pipeline' AIRFLOW_CTX_TASK_ID='wait_customers_file' AIRFLOW_CTX_EXECUTION_DATE='2025-01-01T01:00:00+00:00' AIRFLOW_CTX_TRY_NUMBER='2' AIRFLOW_CTX_DAG_RUN_ID='scheduled__2025-01-01T01:00:00+00:00'
[2025-12-08T14:59:50.837+0530] {base.py:73} INFO - Using connection ID 'fs_default' for task execution.
[2025-12-08T14:59:50.837+0530] {filesystem.py:64} INFO - Poking for file /Users/ramesharra/airflow/data/shopverse/landing/customers/customers_20250101.csv
[2025-12-08T15:00:00.856+0530] {base.py:73} INFO - Using connection ID 'fs_default' for task execution.
[2025-12-08T15:00:00.857+0530] {filesystem.py:64} INFO - Poking for file /Users/ramesharra/airflow/data/shopverse/landing/customers/customers_20250101.csv
[2025-12-08T15:00:10.868+0530] {base.py:73} INFO - Using connection ID 'fs_default' for task execution.
[2025-12-08T15:00:10.871+0530] {filesystem.py:64} INFO - Poking for file /Users/ramesharra/airflow/data/shopverse/landing/customers/customers_20250101.csv
[2025-12-08T15:00:20.902+0530] {base.py:73} INFO - Using connection ID 'fs_default' for task execution.
[2025-12-08T15:00:20.904+0530] {filesystem.py:64} INFO - Poking for file /Users/ramesharra/airflow/data/shopverse/landing/customers/customers_20250101.csv
[2025-12-08T15:00:30.925+0530] {base.py:73} INFO - Using connection ID 'fs_default' for task execution.
[2025-12-08T15:00:30.934+0530] {filesystem.py:64} INFO - Poking for file /Users/ramesharra/airflow/data/shopverse/landing/customers/customers_20250101.csv
[2025-12-08T15:00:40.975+0530] {base.py:73} INFO - Using connection ID 'fs_default' for task execution.
[2025-12-08T15:00:40.976+0530] {filesystem.py:64} INFO - Poking for file /Users/ramesharra/airflow/data/shopverse/landing/customers/customers_20250101.csv
[2025-12-08T15:00:51.002+0530] {base.py:73} INFO - Using connection ID 'fs_default' for task execution.
[2025-12-08T15:00:51.004+0530] {filesystem.py:64} INFO - Poking for file /Users/ramesharra/airflow/data/shopverse/landing/customers/customers_20250101.csv
[2025-12-08T15:01:01.018+0530] {base.py:73} INFO - Using connection ID 'fs_default' for task execution.
[2025-12-08T15:01:01.021+0530] {filesystem.py:64} INFO - Poking for file /Users/ramesharra/airflow/data/shopverse/landing/customers/customers_20250101.csv
[2025-12-08T15:01:11.036+0530] {base.py:73} INFO - Using connection ID 'fs_default' for task execution.
[2025-12-08T15:01:11.039+0530] {filesystem.py:64} INFO - Poking for file /Users/ramesharra/airflow/data/shopverse/landing/customers/customers_20250101.csv
[2025-12-08T15:01:21.070+0530] {base.py:73} INFO - Using connection ID 'fs_default' for task execution.
[2025-12-08T15:01:21.073+0530] {filesystem.py:64} INFO - Poking for file /Users/ramesharra/airflow/data/shopverse/landing/customers/customers_20250101.csv
[2025-12-08T15:01:26.427+0530] {local_task_job_runner.py:294} WARNING - State of this instance has been externally set to failed. Terminating instance.
[2025-12-08T15:01:26.437+0530] {process_utils.py:131} INFO - Sending Signals.SIGTERM to group 14386. PIDs of all processes in the group: [14386]
[2025-12-08T15:01:26.438+0530] {process_utils.py:86} INFO - Sending the signal Signals.SIGTERM to group 14386
[2025-12-08T15:01:26.438+0530] {taskinstance.py:1632} ERROR - Received SIGTERM. Terminating subprocesses.
[2025-12-08T15:01:26.466+0530] {process_utils.py:79} INFO - Process psutil.Process(pid=14386, status='terminated', exitcode=0, started='14:59:50') (14386) terminated with exit code 0
