[2025-12-08T16:11:57.555+0530] {taskinstance.py:1159} INFO - Dependencies all met for dep_context=non-requeueable deps ti=<TaskInstance: shopverse_daily_pipeline.wait_orders_file scheduled__2025-01-04T01:00:00+00:00 [queued]>
[2025-12-08T16:11:57.558+0530] {taskinstance.py:1159} INFO - Dependencies all met for dep_context=requeueable deps ti=<TaskInstance: shopverse_daily_pipeline.wait_orders_file scheduled__2025-01-04T01:00:00+00:00 [queued]>
[2025-12-08T16:11:57.559+0530] {taskinstance.py:1361} INFO - Starting attempt 1 of 2
[2025-12-08T16:11:57.564+0530] {taskinstance.py:1382} INFO - Executing <Task(FileSensor): wait_orders_file> on 2025-01-04 01:00:00+00:00
[2025-12-08T16:11:57.567+0530] {standard_task_runner.py:57} INFO - Started process 17271 to run task
[2025-12-08T16:11:57.570+0530] {standard_task_runner.py:84} INFO - Running: ['airflow', 'tasks', 'run', 'shopverse_daily_pipeline', 'wait_orders_file', 'scheduled__2025-01-04T01:00:00+00:00', '--job-id', '38', '--raw', '--subdir', 'DAGS_FOLDER/shopverse_daily_pipeline.py', '--cfg-path', '/var/folders/0m/k_9_7kw56svf7_nstcht_jzw0000gn/T/tmp1bs69tst']
[2025-12-08T16:11:57.571+0530] {standard_task_runner.py:85} INFO - Job 38: Subtask wait_orders_file
[2025-12-08T16:11:57.592+0530] {task_command.py:416} INFO - Running <TaskInstance: shopverse_daily_pipeline.wait_orders_file scheduled__2025-01-04T01:00:00+00:00 [running]> on host pranavis-macbook-air.local
[2025-12-08T16:11:57.613+0530] {taskinstance.py:1662} INFO - Exporting env vars: AIRFLOW_CTX_DAG_EMAIL='alert@example.com' AIRFLOW_CTX_DAG_OWNER='shopverse_de' AIRFLOW_CTX_DAG_ID='shopverse_daily_pipeline' AIRFLOW_CTX_TASK_ID='wait_orders_file' AIRFLOW_CTX_EXECUTION_DATE='2025-01-04T01:00:00+00:00' AIRFLOW_CTX_TRY_NUMBER='1' AIRFLOW_CTX_DAG_RUN_ID='scheduled__2025-01-04T01:00:00+00:00'
[2025-12-08T16:11:57.615+0530] {base.py:73} INFO - Using connection ID 'fs_default' for task execution.
[2025-12-08T16:11:57.616+0530] {filesystem.py:64} INFO - Poking for file /Users/ramesharra/airflow/data/shopverse/landing/orders/orders_20250104.json
[2025-12-08T16:12:07.648+0530] {base.py:73} INFO - Using connection ID 'fs_default' for task execution.
[2025-12-08T16:12:07.652+0530] {filesystem.py:64} INFO - Poking for file /Users/ramesharra/airflow/data/shopverse/landing/orders/orders_20250104.json
[2025-12-08T16:12:17.662+0530] {base.py:73} INFO - Using connection ID 'fs_default' for task execution.
[2025-12-08T16:12:17.665+0530] {filesystem.py:64} INFO - Poking for file /Users/ramesharra/airflow/data/shopverse/landing/orders/orders_20250104.json
[2025-12-08T16:12:27.688+0530] {base.py:73} INFO - Using connection ID 'fs_default' for task execution.
[2025-12-08T16:12:27.691+0530] {filesystem.py:64} INFO - Poking for file /Users/ramesharra/airflow/data/shopverse/landing/orders/orders_20250104.json
[2025-12-08T16:12:37.707+0530] {base.py:73} INFO - Using connection ID 'fs_default' for task execution.
[2025-12-08T16:12:37.709+0530] {filesystem.py:64} INFO - Poking for file /Users/ramesharra/airflow/data/shopverse/landing/orders/orders_20250104.json
[2025-12-08T16:12:47.731+0530] {base.py:73} INFO - Using connection ID 'fs_default' for task execution.
[2025-12-08T16:12:47.736+0530] {filesystem.py:64} INFO - Poking for file /Users/ramesharra/airflow/data/shopverse/landing/orders/orders_20250104.json
[2025-12-08T16:12:57.766+0530] {base.py:73} INFO - Using connection ID 'fs_default' for task execution.
[2025-12-08T16:12:57.769+0530] {filesystem.py:64} INFO - Poking for file /Users/ramesharra/airflow/data/shopverse/landing/orders/orders_20250104.json
[2025-12-08T16:13:07.789+0530] {base.py:73} INFO - Using connection ID 'fs_default' for task execution.
[2025-12-08T16:13:07.791+0530] {filesystem.py:64} INFO - Poking for file /Users/ramesharra/airflow/data/shopverse/landing/orders/orders_20250104.json
[2025-12-08T16:13:17.801+0530] {base.py:73} INFO - Using connection ID 'fs_default' for task execution.
[2025-12-08T16:13:17.804+0530] {filesystem.py:64} INFO - Poking for file /Users/ramesharra/airflow/data/shopverse/landing/orders/orders_20250104.json
[2025-12-08T16:13:27.834+0530] {base.py:73} INFO - Using connection ID 'fs_default' for task execution.
[2025-12-08T16:13:27.837+0530] {filesystem.py:64} INFO - Poking for file /Users/ramesharra/airflow/data/shopverse/landing/orders/orders_20250104.json
[2025-12-08T16:13:37.869+0530] {base.py:73} INFO - Using connection ID 'fs_default' for task execution.
[2025-12-08T16:13:37.872+0530] {filesystem.py:64} INFO - Poking for file /Users/ramesharra/airflow/data/shopverse/landing/orders/orders_20250104.json
[2025-12-08T16:13:47.893+0530] {base.py:73} INFO - Using connection ID 'fs_default' for task execution.
[2025-12-08T16:13:47.895+0530] {filesystem.py:64} INFO - Poking for file /Users/ramesharra/airflow/data/shopverse/landing/orders/orders_20250104.json
[2025-12-08T16:13:57.926+0530] {base.py:73} INFO - Using connection ID 'fs_default' for task execution.
[2025-12-08T16:13:57.929+0530] {filesystem.py:64} INFO - Poking for file /Users/ramesharra/airflow/data/shopverse/landing/orders/orders_20250104.json
[2025-12-08T16:14:07.947+0530] {base.py:73} INFO - Using connection ID 'fs_default' for task execution.
[2025-12-08T16:14:07.949+0530] {filesystem.py:64} INFO - Poking for file /Users/ramesharra/airflow/data/shopverse/landing/orders/orders_20250104.json
[2025-12-08T16:14:17.968+0530] {base.py:73} INFO - Using connection ID 'fs_default' for task execution.
[2025-12-08T16:14:17.971+0530] {filesystem.py:64} INFO - Poking for file /Users/ramesharra/airflow/data/shopverse/landing/orders/orders_20250104.json
[2025-12-08T16:14:27.980+0530] {base.py:73} INFO - Using connection ID 'fs_default' for task execution.
[2025-12-08T16:14:27.984+0530] {filesystem.py:64} INFO - Poking for file /Users/ramesharra/airflow/data/shopverse/landing/orders/orders_20250104.json
[2025-12-08T16:14:37.997+0530] {base.py:73} INFO - Using connection ID 'fs_default' for task execution.
[2025-12-08T16:14:38.001+0530] {filesystem.py:64} INFO - Poking for file /Users/ramesharra/airflow/data/shopverse/landing/orders/orders_20250104.json
[2025-12-08T16:14:48.009+0530] {base.py:73} INFO - Using connection ID 'fs_default' for task execution.
[2025-12-08T16:14:48.011+0530] {filesystem.py:64} INFO - Poking for file /Users/ramesharra/airflow/data/shopverse/landing/orders/orders_20250104.json
[2025-12-08T16:14:58.035+0530] {base.py:73} INFO - Using connection ID 'fs_default' for task execution.
[2025-12-08T16:14:58.037+0530] {filesystem.py:64} INFO - Poking for file /Users/ramesharra/airflow/data/shopverse/landing/orders/orders_20250104.json
[2025-12-08T16:15:08.042+0530] {base.py:73} INFO - Using connection ID 'fs_default' for task execution.
[2025-12-08T16:15:08.043+0530] {filesystem.py:64} INFO - Poking for file /Users/ramesharra/airflow/data/shopverse/landing/orders/orders_20250104.json
[2025-12-08T16:15:18.060+0530] {base.py:73} INFO - Using connection ID 'fs_default' for task execution.
[2025-12-08T16:15:18.066+0530] {filesystem.py:64} INFO - Poking for file /Users/ramesharra/airflow/data/shopverse/landing/orders/orders_20250104.json
[2025-12-08T16:15:28.072+0530] {base.py:73} INFO - Using connection ID 'fs_default' for task execution.
[2025-12-08T16:15:28.075+0530] {filesystem.py:64} INFO - Poking for file /Users/ramesharra/airflow/data/shopverse/landing/orders/orders_20250104.json
[2025-12-08T16:15:38.082+0530] {base.py:73} INFO - Using connection ID 'fs_default' for task execution.
[2025-12-08T16:15:38.083+0530] {filesystem.py:64} INFO - Poking for file /Users/ramesharra/airflow/data/shopverse/landing/orders/orders_20250104.json
[2025-12-08T16:15:48.097+0530] {base.py:73} INFO - Using connection ID 'fs_default' for task execution.
[2025-12-08T16:15:48.099+0530] {filesystem.py:64} INFO - Poking for file /Users/ramesharra/airflow/data/shopverse/landing/orders/orders_20250104.json
[2025-12-08T16:15:58.115+0530] {base.py:73} INFO - Using connection ID 'fs_default' for task execution.
[2025-12-08T16:15:58.118+0530] {filesystem.py:64} INFO - Poking for file /Users/ramesharra/airflow/data/shopverse/landing/orders/orders_20250104.json
[2025-12-08T16:16:08.123+0530] {base.py:73} INFO - Using connection ID 'fs_default' for task execution.
[2025-12-08T16:16:08.124+0530] {filesystem.py:64} INFO - Poking for file /Users/ramesharra/airflow/data/shopverse/landing/orders/orders_20250104.json
[2025-12-08T16:16:18.137+0530] {base.py:73} INFO - Using connection ID 'fs_default' for task execution.
[2025-12-08T16:16:18.139+0530] {filesystem.py:64} INFO - Poking for file /Users/ramesharra/airflow/data/shopverse/landing/orders/orders_20250104.json
[2025-12-08T16:16:28.145+0530] {base.py:73} INFO - Using connection ID 'fs_default' for task execution.
[2025-12-08T16:16:28.146+0530] {filesystem.py:64} INFO - Poking for file /Users/ramesharra/airflow/data/shopverse/landing/orders/orders_20250104.json
[2025-12-08T16:16:38.153+0530] {base.py:73} INFO - Using connection ID 'fs_default' for task execution.
[2025-12-08T16:16:38.156+0530] {filesystem.py:64} INFO - Poking for file /Users/ramesharra/airflow/data/shopverse/landing/orders/orders_20250104.json
[2025-12-08T16:16:48.163+0530] {base.py:73} INFO - Using connection ID 'fs_default' for task execution.
[2025-12-08T16:16:48.166+0530] {filesystem.py:64} INFO - Poking for file /Users/ramesharra/airflow/data/shopverse/landing/orders/orders_20250104.json
[2025-12-08T16:16:58.177+0530] {base.py:73} INFO - Using connection ID 'fs_default' for task execution.
[2025-12-08T16:16:58.179+0530] {filesystem.py:64} INFO - Poking for file /Users/ramesharra/airflow/data/shopverse/landing/orders/orders_20250104.json
[2025-12-08T16:17:08.190+0530] {base.py:73} INFO - Using connection ID 'fs_default' for task execution.
[2025-12-08T16:17:08.192+0530] {filesystem.py:64} INFO - Poking for file /Users/ramesharra/airflow/data/shopverse/landing/orders/orders_20250104.json
[2025-12-08T16:17:18.197+0530] {base.py:73} INFO - Using connection ID 'fs_default' for task execution.
[2025-12-08T16:17:18.199+0530] {filesystem.py:64} INFO - Poking for file /Users/ramesharra/airflow/data/shopverse/landing/orders/orders_20250104.json
[2025-12-08T16:17:28.216+0530] {base.py:73} INFO - Using connection ID 'fs_default' for task execution.
[2025-12-08T16:17:28.219+0530] {filesystem.py:64} INFO - Poking for file /Users/ramesharra/airflow/data/shopverse/landing/orders/orders_20250104.json
[2025-12-08T16:17:38.229+0530] {base.py:73} INFO - Using connection ID 'fs_default' for task execution.
[2025-12-08T16:17:38.230+0530] {filesystem.py:64} INFO - Poking for file /Users/ramesharra/airflow/data/shopverse/landing/orders/orders_20250104.json
[2025-12-08T16:17:48.238+0530] {base.py:73} INFO - Using connection ID 'fs_default' for task execution.
[2025-12-08T16:17:48.239+0530] {filesystem.py:64} INFO - Poking for file /Users/ramesharra/airflow/data/shopverse/landing/orders/orders_20250104.json
[2025-12-08T16:17:58.256+0530] {base.py:73} INFO - Using connection ID 'fs_default' for task execution.
[2025-12-08T16:17:58.259+0530] {filesystem.py:64} INFO - Poking for file /Users/ramesharra/airflow/data/shopverse/landing/orders/orders_20250104.json
[2025-12-08T16:18:08.274+0530] {base.py:73} INFO - Using connection ID 'fs_default' for task execution.
[2025-12-08T16:18:08.276+0530] {filesystem.py:64} INFO - Poking for file /Users/ramesharra/airflow/data/shopverse/landing/orders/orders_20250104.json
[2025-12-08T16:18:18.283+0530] {base.py:73} INFO - Using connection ID 'fs_default' for task execution.
[2025-12-08T16:18:18.284+0530] {filesystem.py:64} INFO - Poking for file /Users/ramesharra/airflow/data/shopverse/landing/orders/orders_20250104.json
[2025-12-08T16:18:28.301+0530] {base.py:73} INFO - Using connection ID 'fs_default' for task execution.
[2025-12-08T16:18:28.304+0530] {filesystem.py:64} INFO - Poking for file /Users/ramesharra/airflow/data/shopverse/landing/orders/orders_20250104.json
[2025-12-08T16:18:38.335+0530] {base.py:73} INFO - Using connection ID 'fs_default' for task execution.
[2025-12-08T16:18:38.337+0530] {filesystem.py:64} INFO - Poking for file /Users/ramesharra/airflow/data/shopverse/landing/orders/orders_20250104.json
[2025-12-08T16:18:48.345+0530] {base.py:73} INFO - Using connection ID 'fs_default' for task execution.
[2025-12-08T16:18:48.347+0530] {filesystem.py:64} INFO - Poking for file /Users/ramesharra/airflow/data/shopverse/landing/orders/orders_20250104.json
[2025-12-08T16:18:58.355+0530] {base.py:73} INFO - Using connection ID 'fs_default' for task execution.
[2025-12-08T16:18:58.358+0530] {filesystem.py:64} INFO - Poking for file /Users/ramesharra/airflow/data/shopverse/landing/orders/orders_20250104.json
[2025-12-08T16:19:08.375+0530] {base.py:73} INFO - Using connection ID 'fs_default' for task execution.
[2025-12-08T16:19:08.378+0530] {filesystem.py:64} INFO - Poking for file /Users/ramesharra/airflow/data/shopverse/landing/orders/orders_20250104.json
[2025-12-08T16:19:18.391+0530] {base.py:73} INFO - Using connection ID 'fs_default' for task execution.
[2025-12-08T16:19:18.394+0530] {filesystem.py:64} INFO - Poking for file /Users/ramesharra/airflow/data/shopverse/landing/orders/orders_20250104.json
