[2025-12-08T14:15:59.503+0530] {processor.py:157} INFO - Started process (PID=11599) to work on /Users/ramesharra/airflow310/lib/python3.10/site-packages/airflow/example_dags/example_local_kubernetes_executor.py
[2025-12-08T14:15:59.503+0530] {processor.py:829} INFO - Processing file /Users/ramesharra/airflow310/lib/python3.10/site-packages/airflow/example_dags/example_local_kubernetes_executor.py for tasks to queue
[2025-12-08T14:15:59.504+0530] {logging_mixin.py:154} INFO - [2025-12-08T14:15:59.504+0530] {dagbag.py:536} INFO - Filling up the DagBag from /Users/ramesharra/airflow310/lib/python3.10/site-packages/airflow/example_dags/example_local_kubernetes_executor.py
[2025-12-08T14:15:59.529+0530] {logging_mixin.py:154} INFO - [2025-12-08T14:15:59.529+0530] {example_local_kubernetes_executor.py:39} WARNING - Could not import DAGs in example_local_kubernetes_executor.py
Traceback (most recent call last):
  File "/Users/ramesharra/airflow310/lib/python3.10/site-packages/airflow/example_dags/example_local_kubernetes_executor.py", line 37, in <module>
    from kubernetes.client import models as k8s
ModuleNotFoundError: No module named 'kubernetes'
[2025-12-08T14:15:59.529+0530] {logging_mixin.py:154} INFO - [2025-12-08T14:15:59.529+0530] {example_local_kubernetes_executor.py:40} WARNING - Install Kubernetes dependencies with: pip install apache-airflow[cncf.kubernetes]
[2025-12-08T14:15:59.529+0530] {processor.py:841} WARNING - No viable dags retrieved from /Users/ramesharra/airflow310/lib/python3.10/site-packages/airflow/example_dags/example_local_kubernetes_executor.py
[2025-12-08T14:15:59.580+0530] {processor.py:179} INFO - Processing /Users/ramesharra/airflow310/lib/python3.10/site-packages/airflow/example_dags/example_local_kubernetes_executor.py took 0.077 seconds
[2025-12-08T14:17:37.324+0530] {processor.py:157} INFO - Started process (PID=11717) to work on /Users/ramesharra/airflow310/lib/python3.10/site-packages/airflow/example_dags/example_local_kubernetes_executor.py
[2025-12-08T14:17:37.326+0530] {processor.py:829} INFO - Processing file /Users/ramesharra/airflow310/lib/python3.10/site-packages/airflow/example_dags/example_local_kubernetes_executor.py for tasks to queue
[2025-12-08T14:17:37.327+0530] {logging_mixin.py:154} INFO - [2025-12-08T14:17:37.327+0530] {dagbag.py:536} INFO - Filling up the DagBag from /Users/ramesharra/airflow310/lib/python3.10/site-packages/airflow/example_dags/example_local_kubernetes_executor.py
[2025-12-08T14:17:37.355+0530] {logging_mixin.py:154} INFO - [2025-12-08T14:17:37.355+0530] {example_local_kubernetes_executor.py:39} WARNING - Could not import DAGs in example_local_kubernetes_executor.py
Traceback (most recent call last):
  File "/Users/ramesharra/airflow310/lib/python3.10/site-packages/airflow/example_dags/example_local_kubernetes_executor.py", line 37, in <module>
    from kubernetes.client import models as k8s
ModuleNotFoundError: No module named 'kubernetes'
[2025-12-08T14:17:37.355+0530] {logging_mixin.py:154} INFO - [2025-12-08T14:17:37.355+0530] {example_local_kubernetes_executor.py:40} WARNING - Install Kubernetes dependencies with: pip install apache-airflow[cncf.kubernetes]
[2025-12-08T14:17:37.355+0530] {processor.py:841} WARNING - No viable dags retrieved from /Users/ramesharra/airflow310/lib/python3.10/site-packages/airflow/example_dags/example_local_kubernetes_executor.py
[2025-12-08T14:17:37.416+0530] {processor.py:179} INFO - Processing /Users/ramesharra/airflow310/lib/python3.10/site-packages/airflow/example_dags/example_local_kubernetes_executor.py took 0.092 seconds
[2025-12-08T14:20:49.448+0530] {processor.py:157} INFO - Started process (PID=11884) to work on /Users/ramesharra/airflow310/lib/python3.10/site-packages/airflow/example_dags/example_local_kubernetes_executor.py
[2025-12-08T14:20:49.449+0530] {processor.py:829} INFO - Processing file /Users/ramesharra/airflow310/lib/python3.10/site-packages/airflow/example_dags/example_local_kubernetes_executor.py for tasks to queue
[2025-12-08T14:20:49.451+0530] {logging_mixin.py:154} INFO - [2025-12-08T14:20:49.451+0530] {dagbag.py:536} INFO - Filling up the DagBag from /Users/ramesharra/airflow310/lib/python3.10/site-packages/airflow/example_dags/example_local_kubernetes_executor.py
[2025-12-08T14:20:49.476+0530] {logging_mixin.py:154} INFO - [2025-12-08T14:20:49.475+0530] {example_local_kubernetes_executor.py:39} WARNING - Could not import DAGs in example_local_kubernetes_executor.py
Traceback (most recent call last):
  File "/Users/ramesharra/airflow310/lib/python3.10/site-packages/airflow/example_dags/example_local_kubernetes_executor.py", line 37, in <module>
    from kubernetes.client import models as k8s
ModuleNotFoundError: No module named 'kubernetes'
[2025-12-08T14:20:49.476+0530] {logging_mixin.py:154} INFO - [2025-12-08T14:20:49.476+0530] {example_local_kubernetes_executor.py:40} WARNING - Install Kubernetes dependencies with: pip install apache-airflow[cncf.kubernetes]
[2025-12-08T14:20:49.476+0530] {processor.py:841} WARNING - No viable dags retrieved from /Users/ramesharra/airflow310/lib/python3.10/site-packages/airflow/example_dags/example_local_kubernetes_executor.py
[2025-12-08T14:20:49.531+0530] {processor.py:179} INFO - Processing /Users/ramesharra/airflow310/lib/python3.10/site-packages/airflow/example_dags/example_local_kubernetes_executor.py took 0.083 seconds
[2025-12-08T14:22:21.547+0530] {processor.py:157} INFO - Started process (PID=11982) to work on /Users/ramesharra/airflow310/lib/python3.10/site-packages/airflow/example_dags/example_local_kubernetes_executor.py
[2025-12-08T14:22:21.548+0530] {processor.py:829} INFO - Processing file /Users/ramesharra/airflow310/lib/python3.10/site-packages/airflow/example_dags/example_local_kubernetes_executor.py for tasks to queue
[2025-12-08T14:22:21.551+0530] {logging_mixin.py:154} INFO - [2025-12-08T14:22:21.551+0530] {dagbag.py:536} INFO - Filling up the DagBag from /Users/ramesharra/airflow310/lib/python3.10/site-packages/airflow/example_dags/example_local_kubernetes_executor.py
[2025-12-08T14:22:21.582+0530] {logging_mixin.py:154} INFO - [2025-12-08T14:22:21.581+0530] {example_local_kubernetes_executor.py:39} WARNING - Could not import DAGs in example_local_kubernetes_executor.py
Traceback (most recent call last):
  File "/Users/ramesharra/airflow310/lib/python3.10/site-packages/airflow/example_dags/example_local_kubernetes_executor.py", line 37, in <module>
    from kubernetes.client import models as k8s
ModuleNotFoundError: No module named 'kubernetes'
[2025-12-08T14:22:21.582+0530] {logging_mixin.py:154} INFO - [2025-12-08T14:22:21.582+0530] {example_local_kubernetes_executor.py:40} WARNING - Install Kubernetes dependencies with: pip install apache-airflow[cncf.kubernetes]
[2025-12-08T14:22:21.582+0530] {processor.py:841} WARNING - No viable dags retrieved from /Users/ramesharra/airflow310/lib/python3.10/site-packages/airflow/example_dags/example_local_kubernetes_executor.py
[2025-12-08T14:22:21.650+0530] {processor.py:179} INFO - Processing /Users/ramesharra/airflow310/lib/python3.10/site-packages/airflow/example_dags/example_local_kubernetes_executor.py took 0.105 seconds
[2025-12-08T14:24:25.702+0530] {processor.py:157} INFO - Started process (PID=12282) to work on /Users/ramesharra/airflow310/lib/python3.10/site-packages/airflow/example_dags/example_local_kubernetes_executor.py
[2025-12-08T14:24:25.703+0530] {processor.py:829} INFO - Processing file /Users/ramesharra/airflow310/lib/python3.10/site-packages/airflow/example_dags/example_local_kubernetes_executor.py for tasks to queue
[2025-12-08T14:24:25.705+0530] {logging_mixin.py:154} INFO - [2025-12-08T14:24:25.705+0530] {dagbag.py:536} INFO - Filling up the DagBag from /Users/ramesharra/airflow310/lib/python3.10/site-packages/airflow/example_dags/example_local_kubernetes_executor.py
[2025-12-08T14:24:25.736+0530] {logging_mixin.py:154} INFO - [2025-12-08T14:24:25.736+0530] {example_local_kubernetes_executor.py:39} WARNING - Could not import DAGs in example_local_kubernetes_executor.py
Traceback (most recent call last):
  File "/Users/ramesharra/airflow310/lib/python3.10/site-packages/airflow/example_dags/example_local_kubernetes_executor.py", line 37, in <module>
    from kubernetes.client import models as k8s
ModuleNotFoundError: No module named 'kubernetes'
[2025-12-08T14:24:25.736+0530] {logging_mixin.py:154} INFO - [2025-12-08T14:24:25.736+0530] {example_local_kubernetes_executor.py:40} WARNING - Install Kubernetes dependencies with: pip install apache-airflow[cncf.kubernetes]
[2025-12-08T14:24:25.736+0530] {processor.py:841} WARNING - No viable dags retrieved from /Users/ramesharra/airflow310/lib/python3.10/site-packages/airflow/example_dags/example_local_kubernetes_executor.py
[2025-12-08T14:24:25.802+0530] {processor.py:179} INFO - Processing /Users/ramesharra/airflow310/lib/python3.10/site-packages/airflow/example_dags/example_local_kubernetes_executor.py took 0.100 seconds
[2025-12-08T14:26:43.708+0530] {processor.py:157} INFO - Started process (PID=12463) to work on /Users/ramesharra/airflow310/lib/python3.10/site-packages/airflow/example_dags/example_local_kubernetes_executor.py
[2025-12-08T14:26:43.709+0530] {processor.py:829} INFO - Processing file /Users/ramesharra/airflow310/lib/python3.10/site-packages/airflow/example_dags/example_local_kubernetes_executor.py for tasks to queue
[2025-12-08T14:26:43.710+0530] {logging_mixin.py:154} INFO - [2025-12-08T14:26:43.710+0530] {dagbag.py:536} INFO - Filling up the DagBag from /Users/ramesharra/airflow310/lib/python3.10/site-packages/airflow/example_dags/example_local_kubernetes_executor.py
[2025-12-08T14:26:43.741+0530] {logging_mixin.py:154} INFO - [2025-12-08T14:26:43.741+0530] {example_local_kubernetes_executor.py:39} WARNING - Could not import DAGs in example_local_kubernetes_executor.py
Traceback (most recent call last):
  File "/Users/ramesharra/airflow310/lib/python3.10/site-packages/airflow/example_dags/example_local_kubernetes_executor.py", line 37, in <module>
    from kubernetes.client import models as k8s
ModuleNotFoundError: No module named 'kubernetes'
[2025-12-08T14:26:43.742+0530] {logging_mixin.py:154} INFO - [2025-12-08T14:26:43.742+0530] {example_local_kubernetes_executor.py:40} WARNING - Install Kubernetes dependencies with: pip install apache-airflow[cncf.kubernetes]
[2025-12-08T14:26:43.742+0530] {processor.py:841} WARNING - No viable dags retrieved from /Users/ramesharra/airflow310/lib/python3.10/site-packages/airflow/example_dags/example_local_kubernetes_executor.py
[2025-12-08T14:26:43.808+0530] {processor.py:179} INFO - Processing /Users/ramesharra/airflow310/lib/python3.10/site-packages/airflow/example_dags/example_local_kubernetes_executor.py took 0.101 seconds
[2025-12-08T14:28:17.589+0530] {processor.py:157} INFO - Started process (PID=12559) to work on /Users/ramesharra/airflow310/lib/python3.10/site-packages/airflow/example_dags/example_local_kubernetes_executor.py
[2025-12-08T14:28:17.590+0530] {processor.py:829} INFO - Processing file /Users/ramesharra/airflow310/lib/python3.10/site-packages/airflow/example_dags/example_local_kubernetes_executor.py for tasks to queue
[2025-12-08T14:28:17.591+0530] {logging_mixin.py:154} INFO - [2025-12-08T14:28:17.591+0530] {dagbag.py:536} INFO - Filling up the DagBag from /Users/ramesharra/airflow310/lib/python3.10/site-packages/airflow/example_dags/example_local_kubernetes_executor.py
[2025-12-08T14:28:17.623+0530] {logging_mixin.py:154} INFO - [2025-12-08T14:28:17.623+0530] {example_local_kubernetes_executor.py:39} WARNING - Could not import DAGs in example_local_kubernetes_executor.py
Traceback (most recent call last):
  File "/Users/ramesharra/airflow310/lib/python3.10/site-packages/airflow/example_dags/example_local_kubernetes_executor.py", line 37, in <module>
    from kubernetes.client import models as k8s
ModuleNotFoundError: No module named 'kubernetes'
[2025-12-08T14:28:17.623+0530] {logging_mixin.py:154} INFO - [2025-12-08T14:28:17.623+0530] {example_local_kubernetes_executor.py:40} WARNING - Install Kubernetes dependencies with: pip install apache-airflow[cncf.kubernetes]
[2025-12-08T14:28:17.623+0530] {processor.py:841} WARNING - No viable dags retrieved from /Users/ramesharra/airflow310/lib/python3.10/site-packages/airflow/example_dags/example_local_kubernetes_executor.py
[2025-12-08T14:28:17.689+0530] {processor.py:179} INFO - Processing /Users/ramesharra/airflow310/lib/python3.10/site-packages/airflow/example_dags/example_local_kubernetes_executor.py took 0.101 seconds
[2025-12-08T14:29:36.405+0530] {processor.py:157} INFO - Started process (PID=12643) to work on /Users/ramesharra/airflow310/lib/python3.10/site-packages/airflow/example_dags/example_local_kubernetes_executor.py
[2025-12-08T14:29:36.406+0530] {processor.py:829} INFO - Processing file /Users/ramesharra/airflow310/lib/python3.10/site-packages/airflow/example_dags/example_local_kubernetes_executor.py for tasks to queue
[2025-12-08T14:29:36.408+0530] {logging_mixin.py:154} INFO - [2025-12-08T14:29:36.407+0530] {dagbag.py:536} INFO - Filling up the DagBag from /Users/ramesharra/airflow310/lib/python3.10/site-packages/airflow/example_dags/example_local_kubernetes_executor.py
[2025-12-08T14:29:36.436+0530] {logging_mixin.py:154} INFO - [2025-12-08T14:29:36.436+0530] {example_local_kubernetes_executor.py:39} WARNING - Could not import DAGs in example_local_kubernetes_executor.py
Traceback (most recent call last):
  File "/Users/ramesharra/airflow310/lib/python3.10/site-packages/airflow/example_dags/example_local_kubernetes_executor.py", line 37, in <module>
    from kubernetes.client import models as k8s
ModuleNotFoundError: No module named 'kubernetes'
[2025-12-08T14:29:36.436+0530] {logging_mixin.py:154} INFO - [2025-12-08T14:29:36.436+0530] {example_local_kubernetes_executor.py:40} WARNING - Install Kubernetes dependencies with: pip install apache-airflow[cncf.kubernetes]
[2025-12-08T14:29:36.436+0530] {processor.py:841} WARNING - No viable dags retrieved from /Users/ramesharra/airflow310/lib/python3.10/site-packages/airflow/example_dags/example_local_kubernetes_executor.py
[2025-12-08T14:29:36.502+0530] {processor.py:179} INFO - Processing /Users/ramesharra/airflow310/lib/python3.10/site-packages/airflow/example_dags/example_local_kubernetes_executor.py took 0.098 seconds
[2025-12-08T14:31:07.718+0530] {processor.py:157} INFO - Started process (PID=12747) to work on /Users/ramesharra/airflow310/lib/python3.10/site-packages/airflow/example_dags/example_local_kubernetes_executor.py
[2025-12-08T14:31:07.719+0530] {processor.py:829} INFO - Processing file /Users/ramesharra/airflow310/lib/python3.10/site-packages/airflow/example_dags/example_local_kubernetes_executor.py for tasks to queue
[2025-12-08T14:31:07.720+0530] {logging_mixin.py:154} INFO - [2025-12-08T14:31:07.720+0530] {dagbag.py:536} INFO - Filling up the DagBag from /Users/ramesharra/airflow310/lib/python3.10/site-packages/airflow/example_dags/example_local_kubernetes_executor.py
[2025-12-08T14:31:07.755+0530] {logging_mixin.py:154} INFO - [2025-12-08T14:31:07.754+0530] {example_local_kubernetes_executor.py:39} WARNING - Could not import DAGs in example_local_kubernetes_executor.py
Traceback (most recent call last):
  File "/Users/ramesharra/airflow310/lib/python3.10/site-packages/airflow/example_dags/example_local_kubernetes_executor.py", line 37, in <module>
    from kubernetes.client import models as k8s
ModuleNotFoundError: No module named 'kubernetes'
[2025-12-08T14:31:07.755+0530] {logging_mixin.py:154} INFO - [2025-12-08T14:31:07.755+0530] {example_local_kubernetes_executor.py:40} WARNING - Install Kubernetes dependencies with: pip install apache-airflow[cncf.kubernetes]
[2025-12-08T14:31:07.755+0530] {processor.py:841} WARNING - No viable dags retrieved from /Users/ramesharra/airflow310/lib/python3.10/site-packages/airflow/example_dags/example_local_kubernetes_executor.py
[2025-12-08T14:31:07.825+0530] {processor.py:179} INFO - Processing /Users/ramesharra/airflow310/lib/python3.10/site-packages/airflow/example_dags/example_local_kubernetes_executor.py took 0.108 seconds
[2025-12-08T14:33:12.383+0530] {processor.py:157} INFO - Started process (PID=12898) to work on /Users/ramesharra/airflow310/lib/python3.10/site-packages/airflow/example_dags/example_local_kubernetes_executor.py
[2025-12-08T14:33:12.384+0530] {processor.py:829} INFO - Processing file /Users/ramesharra/airflow310/lib/python3.10/site-packages/airflow/example_dags/example_local_kubernetes_executor.py for tasks to queue
[2025-12-08T14:33:12.385+0530] {logging_mixin.py:154} INFO - [2025-12-08T14:33:12.385+0530] {dagbag.py:536} INFO - Filling up the DagBag from /Users/ramesharra/airflow310/lib/python3.10/site-packages/airflow/example_dags/example_local_kubernetes_executor.py
[2025-12-08T14:33:12.416+0530] {logging_mixin.py:154} INFO - [2025-12-08T14:33:12.416+0530] {example_local_kubernetes_executor.py:39} WARNING - Could not import DAGs in example_local_kubernetes_executor.py
Traceback (most recent call last):
  File "/Users/ramesharra/airflow310/lib/python3.10/site-packages/airflow/example_dags/example_local_kubernetes_executor.py", line 37, in <module>
    from kubernetes.client import models as k8s
ModuleNotFoundError: No module named 'kubernetes'
[2025-12-08T14:33:12.416+0530] {logging_mixin.py:154} INFO - [2025-12-08T14:33:12.416+0530] {example_local_kubernetes_executor.py:40} WARNING - Install Kubernetes dependencies with: pip install apache-airflow[cncf.kubernetes]
[2025-12-08T14:33:12.417+0530] {processor.py:841} WARNING - No viable dags retrieved from /Users/ramesharra/airflow310/lib/python3.10/site-packages/airflow/example_dags/example_local_kubernetes_executor.py
[2025-12-08T14:33:12.482+0530] {processor.py:179} INFO - Processing /Users/ramesharra/airflow310/lib/python3.10/site-packages/airflow/example_dags/example_local_kubernetes_executor.py took 0.099 seconds
[2025-12-08T14:35:15.353+0530] {processor.py:157} INFO - Started process (PID=13040) to work on /Users/ramesharra/airflow310/lib/python3.10/site-packages/airflow/example_dags/example_local_kubernetes_executor.py
[2025-12-08T14:35:15.354+0530] {processor.py:829} INFO - Processing file /Users/ramesharra/airflow310/lib/python3.10/site-packages/airflow/example_dags/example_local_kubernetes_executor.py for tasks to queue
[2025-12-08T14:35:15.356+0530] {logging_mixin.py:154} INFO - [2025-12-08T14:35:15.356+0530] {dagbag.py:536} INFO - Filling up the DagBag from /Users/ramesharra/airflow310/lib/python3.10/site-packages/airflow/example_dags/example_local_kubernetes_executor.py
[2025-12-08T14:35:15.386+0530] {logging_mixin.py:154} INFO - [2025-12-08T14:35:15.386+0530] {example_local_kubernetes_executor.py:39} WARNING - Could not import DAGs in example_local_kubernetes_executor.py
Traceback (most recent call last):
  File "/Users/ramesharra/airflow310/lib/python3.10/site-packages/airflow/example_dags/example_local_kubernetes_executor.py", line 37, in <module>
    from kubernetes.client import models as k8s
ModuleNotFoundError: No module named 'kubernetes'
[2025-12-08T14:35:15.386+0530] {logging_mixin.py:154} INFO - [2025-12-08T14:35:15.386+0530] {example_local_kubernetes_executor.py:40} WARNING - Install Kubernetes dependencies with: pip install apache-airflow[cncf.kubernetes]
[2025-12-08T14:35:15.386+0530] {processor.py:841} WARNING - No viable dags retrieved from /Users/ramesharra/airflow310/lib/python3.10/site-packages/airflow/example_dags/example_local_kubernetes_executor.py
[2025-12-08T14:35:15.451+0530] {processor.py:179} INFO - Processing /Users/ramesharra/airflow310/lib/python3.10/site-packages/airflow/example_dags/example_local_kubernetes_executor.py took 0.098 seconds
[2025-12-08T14:37:26.882+0530] {processor.py:157} INFO - Started process (PID=13175) to work on /Users/ramesharra/airflow310/lib/python3.10/site-packages/airflow/example_dags/example_local_kubernetes_executor.py
[2025-12-08T14:37:26.883+0530] {processor.py:829} INFO - Processing file /Users/ramesharra/airflow310/lib/python3.10/site-packages/airflow/example_dags/example_local_kubernetes_executor.py for tasks to queue
[2025-12-08T14:37:26.884+0530] {logging_mixin.py:154} INFO - [2025-12-08T14:37:26.884+0530] {dagbag.py:536} INFO - Filling up the DagBag from /Users/ramesharra/airflow310/lib/python3.10/site-packages/airflow/example_dags/example_local_kubernetes_executor.py
[2025-12-08T14:37:26.916+0530] {logging_mixin.py:154} INFO - [2025-12-08T14:37:26.915+0530] {example_local_kubernetes_executor.py:39} WARNING - Could not import DAGs in example_local_kubernetes_executor.py
Traceback (most recent call last):
  File "/Users/ramesharra/airflow310/lib/python3.10/site-packages/airflow/example_dags/example_local_kubernetes_executor.py", line 37, in <module>
    from kubernetes.client import models as k8s
ModuleNotFoundError: No module named 'kubernetes'
[2025-12-08T14:37:26.916+0530] {logging_mixin.py:154} INFO - [2025-12-08T14:37:26.916+0530] {example_local_kubernetes_executor.py:40} WARNING - Install Kubernetes dependencies with: pip install apache-airflow[cncf.kubernetes]
[2025-12-08T14:37:26.916+0530] {processor.py:841} WARNING - No viable dags retrieved from /Users/ramesharra/airflow310/lib/python3.10/site-packages/airflow/example_dags/example_local_kubernetes_executor.py
[2025-12-08T14:37:26.981+0530] {processor.py:179} INFO - Processing /Users/ramesharra/airflow310/lib/python3.10/site-packages/airflow/example_dags/example_local_kubernetes_executor.py took 0.099 seconds
[2025-12-08T14:39:39.927+0530] {processor.py:157} INFO - Started process (PID=13328) to work on /Users/ramesharra/airflow310/lib/python3.10/site-packages/airflow/example_dags/example_local_kubernetes_executor.py
[2025-12-08T14:39:39.929+0530] {processor.py:829} INFO - Processing file /Users/ramesharra/airflow310/lib/python3.10/site-packages/airflow/example_dags/example_local_kubernetes_executor.py for tasks to queue
[2025-12-08T14:39:39.930+0530] {logging_mixin.py:154} INFO - [2025-12-08T14:39:39.930+0530] {dagbag.py:536} INFO - Filling up the DagBag from /Users/ramesharra/airflow310/lib/python3.10/site-packages/airflow/example_dags/example_local_kubernetes_executor.py
[2025-12-08T14:39:39.961+0530] {logging_mixin.py:154} INFO - [2025-12-08T14:39:39.961+0530] {example_local_kubernetes_executor.py:39} WARNING - Could not import DAGs in example_local_kubernetes_executor.py
Traceback (most recent call last):
  File "/Users/ramesharra/airflow310/lib/python3.10/site-packages/airflow/example_dags/example_local_kubernetes_executor.py", line 37, in <module>
    from kubernetes.client import models as k8s
ModuleNotFoundError: No module named 'kubernetes'
[2025-12-08T14:39:39.961+0530] {logging_mixin.py:154} INFO - [2025-12-08T14:39:39.961+0530] {example_local_kubernetes_executor.py:40} WARNING - Install Kubernetes dependencies with: pip install apache-airflow[cncf.kubernetes]
[2025-12-08T14:39:39.961+0530] {processor.py:841} WARNING - No viable dags retrieved from /Users/ramesharra/airflow310/lib/python3.10/site-packages/airflow/example_dags/example_local_kubernetes_executor.py
[2025-12-08T14:39:40.023+0530] {processor.py:179} INFO - Processing /Users/ramesharra/airflow310/lib/python3.10/site-packages/airflow/example_dags/example_local_kubernetes_executor.py took 0.096 seconds
[2025-12-08T14:41:52.157+0530] {processor.py:157} INFO - Started process (PID=13491) to work on /Users/ramesharra/airflow310/lib/python3.10/site-packages/airflow/example_dags/example_local_kubernetes_executor.py
[2025-12-08T14:41:52.157+0530] {processor.py:829} INFO - Processing file /Users/ramesharra/airflow310/lib/python3.10/site-packages/airflow/example_dags/example_local_kubernetes_executor.py for tasks to queue
[2025-12-08T14:41:52.159+0530] {logging_mixin.py:154} INFO - [2025-12-08T14:41:52.159+0530] {dagbag.py:536} INFO - Filling up the DagBag from /Users/ramesharra/airflow310/lib/python3.10/site-packages/airflow/example_dags/example_local_kubernetes_executor.py
[2025-12-08T14:41:52.194+0530] {logging_mixin.py:154} INFO - [2025-12-08T14:41:52.194+0530] {example_local_kubernetes_executor.py:39} WARNING - Could not import DAGs in example_local_kubernetes_executor.py
Traceback (most recent call last):
  File "/Users/ramesharra/airflow310/lib/python3.10/site-packages/airflow/example_dags/example_local_kubernetes_executor.py", line 37, in <module>
    from kubernetes.client import models as k8s
ModuleNotFoundError: No module named 'kubernetes'
[2025-12-08T14:41:52.195+0530] {logging_mixin.py:154} INFO - [2025-12-08T14:41:52.195+0530] {example_local_kubernetes_executor.py:40} WARNING - Install Kubernetes dependencies with: pip install apache-airflow[cncf.kubernetes]
[2025-12-08T14:41:52.195+0530] {processor.py:841} WARNING - No viable dags retrieved from /Users/ramesharra/airflow310/lib/python3.10/site-packages/airflow/example_dags/example_local_kubernetes_executor.py
[2025-12-08T14:41:52.269+0530] {processor.py:179} INFO - Processing /Users/ramesharra/airflow310/lib/python3.10/site-packages/airflow/example_dags/example_local_kubernetes_executor.py took 0.112 seconds
[2025-12-08T14:44:00.032+0530] {processor.py:157} INFO - Started process (PID=13622) to work on /Users/ramesharra/airflow310/lib/python3.10/site-packages/airflow/example_dags/example_local_kubernetes_executor.py
[2025-12-08T14:44:00.033+0530] {processor.py:829} INFO - Processing file /Users/ramesharra/airflow310/lib/python3.10/site-packages/airflow/example_dags/example_local_kubernetes_executor.py for tasks to queue
[2025-12-08T14:44:00.035+0530] {logging_mixin.py:154} INFO - [2025-12-08T14:44:00.035+0530] {dagbag.py:536} INFO - Filling up the DagBag from /Users/ramesharra/airflow310/lib/python3.10/site-packages/airflow/example_dags/example_local_kubernetes_executor.py
[2025-12-08T14:44:00.068+0530] {logging_mixin.py:154} INFO - [2025-12-08T14:44:00.067+0530] {example_local_kubernetes_executor.py:39} WARNING - Could not import DAGs in example_local_kubernetes_executor.py
Traceback (most recent call last):
  File "/Users/ramesharra/airflow310/lib/python3.10/site-packages/airflow/example_dags/example_local_kubernetes_executor.py", line 37, in <module>
    from kubernetes.client import models as k8s
ModuleNotFoundError: No module named 'kubernetes'
[2025-12-08T14:44:00.068+0530] {logging_mixin.py:154} INFO - [2025-12-08T14:44:00.068+0530] {example_local_kubernetes_executor.py:40} WARNING - Install Kubernetes dependencies with: pip install apache-airflow[cncf.kubernetes]
[2025-12-08T14:44:00.068+0530] {processor.py:841} WARNING - No viable dags retrieved from /Users/ramesharra/airflow310/lib/python3.10/site-packages/airflow/example_dags/example_local_kubernetes_executor.py
[2025-12-08T14:44:00.137+0530] {processor.py:179} INFO - Processing /Users/ramesharra/airflow310/lib/python3.10/site-packages/airflow/example_dags/example_local_kubernetes_executor.py took 0.105 seconds
[2025-12-08T14:46:09.633+0530] {processor.py:157} INFO - Started process (PID=13765) to work on /Users/ramesharra/airflow310/lib/python3.10/site-packages/airflow/example_dags/example_local_kubernetes_executor.py
[2025-12-08T14:46:09.634+0530] {processor.py:829} INFO - Processing file /Users/ramesharra/airflow310/lib/python3.10/site-packages/airflow/example_dags/example_local_kubernetes_executor.py for tasks to queue
[2025-12-08T14:46:09.636+0530] {logging_mixin.py:154} INFO - [2025-12-08T14:46:09.635+0530] {dagbag.py:536} INFO - Filling up the DagBag from /Users/ramesharra/airflow310/lib/python3.10/site-packages/airflow/example_dags/example_local_kubernetes_executor.py
[2025-12-08T14:46:09.666+0530] {logging_mixin.py:154} INFO - [2025-12-08T14:46:09.666+0530] {example_local_kubernetes_executor.py:39} WARNING - Could not import DAGs in example_local_kubernetes_executor.py
Traceback (most recent call last):
  File "/Users/ramesharra/airflow310/lib/python3.10/site-packages/airflow/example_dags/example_local_kubernetes_executor.py", line 37, in <module>
    from kubernetes.client import models as k8s
ModuleNotFoundError: No module named 'kubernetes'
[2025-12-08T14:46:09.667+0530] {logging_mixin.py:154} INFO - [2025-12-08T14:46:09.666+0530] {example_local_kubernetes_executor.py:40} WARNING - Install Kubernetes dependencies with: pip install apache-airflow[cncf.kubernetes]
[2025-12-08T14:46:09.667+0530] {processor.py:841} WARNING - No viable dags retrieved from /Users/ramesharra/airflow310/lib/python3.10/site-packages/airflow/example_dags/example_local_kubernetes_executor.py
[2025-12-08T14:46:09.730+0530] {processor.py:179} INFO - Processing /Users/ramesharra/airflow310/lib/python3.10/site-packages/airflow/example_dags/example_local_kubernetes_executor.py took 0.097 seconds
[2025-12-08T14:48:22.873+0530] {processor.py:157} INFO - Started process (PID=13929) to work on /Users/ramesharra/airflow310/lib/python3.10/site-packages/airflow/example_dags/example_local_kubernetes_executor.py
[2025-12-08T14:48:22.874+0530] {processor.py:829} INFO - Processing file /Users/ramesharra/airflow310/lib/python3.10/site-packages/airflow/example_dags/example_local_kubernetes_executor.py for tasks to queue
[2025-12-08T14:48:22.875+0530] {logging_mixin.py:154} INFO - [2025-12-08T14:48:22.875+0530] {dagbag.py:536} INFO - Filling up the DagBag from /Users/ramesharra/airflow310/lib/python3.10/site-packages/airflow/example_dags/example_local_kubernetes_executor.py
[2025-12-08T14:48:22.906+0530] {logging_mixin.py:154} INFO - [2025-12-08T14:48:22.906+0530] {example_local_kubernetes_executor.py:39} WARNING - Could not import DAGs in example_local_kubernetes_executor.py
Traceback (most recent call last):
  File "/Users/ramesharra/airflow310/lib/python3.10/site-packages/airflow/example_dags/example_local_kubernetes_executor.py", line 37, in <module>
    from kubernetes.client import models as k8s
ModuleNotFoundError: No module named 'kubernetes'
[2025-12-08T14:48:22.907+0530] {logging_mixin.py:154} INFO - [2025-12-08T14:48:22.907+0530] {example_local_kubernetes_executor.py:40} WARNING - Install Kubernetes dependencies with: pip install apache-airflow[cncf.kubernetes]
[2025-12-08T14:48:22.907+0530] {processor.py:841} WARNING - No viable dags retrieved from /Users/ramesharra/airflow310/lib/python3.10/site-packages/airflow/example_dags/example_local_kubernetes_executor.py
[2025-12-08T14:48:22.992+0530] {processor.py:179} INFO - Processing /Users/ramesharra/airflow310/lib/python3.10/site-packages/airflow/example_dags/example_local_kubernetes_executor.py took 0.120 seconds
[2025-12-08T14:50:35.876+0530] {processor.py:157} INFO - Started process (PID=14082) to work on /Users/ramesharra/airflow310/lib/python3.10/site-packages/airflow/example_dags/example_local_kubernetes_executor.py
[2025-12-08T14:50:35.877+0530] {processor.py:829} INFO - Processing file /Users/ramesharra/airflow310/lib/python3.10/site-packages/airflow/example_dags/example_local_kubernetes_executor.py for tasks to queue
[2025-12-08T14:50:35.879+0530] {logging_mixin.py:154} INFO - [2025-12-08T14:50:35.878+0530] {dagbag.py:536} INFO - Filling up the DagBag from /Users/ramesharra/airflow310/lib/python3.10/site-packages/airflow/example_dags/example_local_kubernetes_executor.py
[2025-12-08T14:50:35.910+0530] {logging_mixin.py:154} INFO - [2025-12-08T14:50:35.910+0530] {example_local_kubernetes_executor.py:39} WARNING - Could not import DAGs in example_local_kubernetes_executor.py
Traceback (most recent call last):
  File "/Users/ramesharra/airflow310/lib/python3.10/site-packages/airflow/example_dags/example_local_kubernetes_executor.py", line 37, in <module>
    from kubernetes.client import models as k8s
ModuleNotFoundError: No module named 'kubernetes'
[2025-12-08T14:50:35.911+0530] {logging_mixin.py:154} INFO - [2025-12-08T14:50:35.911+0530] {example_local_kubernetes_executor.py:40} WARNING - Install Kubernetes dependencies with: pip install apache-airflow[cncf.kubernetes]
[2025-12-08T14:50:35.911+0530] {processor.py:841} WARNING - No viable dags retrieved from /Users/ramesharra/airflow310/lib/python3.10/site-packages/airflow/example_dags/example_local_kubernetes_executor.py
[2025-12-08T14:50:35.978+0530] {processor.py:179} INFO - Processing /Users/ramesharra/airflow310/lib/python3.10/site-packages/airflow/example_dags/example_local_kubernetes_executor.py took 0.103 seconds
