[2025-12-08T14:16:07.143+0530] {processor.py:157} INFO - Started process (PID=11606) to work on /Users/ramesharra/airflow310/lib/python3.10/site-packages/airflow/example_dags/example_external_task_marker_dag.py
[2025-12-08T14:16:07.144+0530] {processor.py:829} INFO - Processing file /Users/ramesharra/airflow310/lib/python3.10/site-packages/airflow/example_dags/example_external_task_marker_dag.py for tasks to queue
[2025-12-08T14:16:07.145+0530] {logging_mixin.py:154} INFO - [2025-12-08T14:16:07.145+0530] {dagbag.py:536} INFO - Filling up the DagBag from /Users/ramesharra/airflow310/lib/python3.10/site-packages/airflow/example_dags/example_external_task_marker_dag.py
[2025-12-08T14:16:07.160+0530] {processor.py:839} INFO - DAG(s) dict_keys(['example_external_task_marker_parent', 'example_external_task_marker_child']) retrieved from /Users/ramesharra/airflow310/lib/python3.10/site-packages/airflow/example_dags/example_external_task_marker_dag.py
[2025-12-08T14:16:07.448+0530] {logging_mixin.py:154} INFO - [2025-12-08T14:16:07.448+0530] {manager.py:499} INFO - Created Permission View: %s
[2025-12-08T14:16:07.453+0530] {logging_mixin.py:154} INFO - [2025-12-08T14:16:07.452+0530] {manager.py:499} INFO - Created Permission View: %s
[2025-12-08T14:16:07.455+0530] {logging_mixin.py:154} INFO - [2025-12-08T14:16:07.455+0530] {manager.py:499} INFO - Created Permission View: %s
[2025-12-08T14:16:07.466+0530] {logging_mixin.py:154} INFO - [2025-12-08T14:16:07.466+0530] {manager.py:499} INFO - Created Permission View: %s
[2025-12-08T14:16:07.470+0530] {logging_mixin.py:154} INFO - [2025-12-08T14:16:07.470+0530] {manager.py:499} INFO - Created Permission View: %s
[2025-12-08T14:16:07.473+0530] {logging_mixin.py:154} INFO - [2025-12-08T14:16:07.473+0530] {manager.py:499} INFO - Created Permission View: %s
[2025-12-08T14:16:07.474+0530] {logging_mixin.py:154} INFO - [2025-12-08T14:16:07.473+0530] {dag.py:2941} INFO - Sync 2 DAGs
[2025-12-08T14:16:07.479+0530] {logging_mixin.py:154} INFO - [2025-12-08T14:16:07.478+0530] {dag.py:2963} INFO - Creating ORM DAG for example_external_task_marker_child
[2025-12-08T14:16:07.479+0530] {logging_mixin.py:154} INFO - [2025-12-08T14:16:07.479+0530] {dag.py:2963} INFO - Creating ORM DAG for example_external_task_marker_parent
[2025-12-08T14:16:07.479+0530] {logging_mixin.py:154} INFO - [2025-12-08T14:16:07.479+0530] {dag.py:3722} INFO - Setting next_dagrun for example_external_task_marker_child to None, run_after=None
[2025-12-08T14:16:07.479+0530] {logging_mixin.py:154} INFO - [2025-12-08T14:16:07.479+0530] {dag.py:3722} INFO - Setting next_dagrun for example_external_task_marker_parent to None, run_after=None
[2025-12-08T14:16:07.489+0530] {processor.py:179} INFO - Processing /Users/ramesharra/airflow310/lib/python3.10/site-packages/airflow/example_dags/example_external_task_marker_dag.py took 0.346 seconds
[2025-12-08T14:20:55.101+0530] {processor.py:157} INFO - Started process (PID=11892) to work on /Users/ramesharra/airflow310/lib/python3.10/site-packages/airflow/example_dags/example_external_task_marker_dag.py
[2025-12-08T14:20:55.102+0530] {processor.py:829} INFO - Processing file /Users/ramesharra/airflow310/lib/python3.10/site-packages/airflow/example_dags/example_external_task_marker_dag.py for tasks to queue
[2025-12-08T14:20:55.103+0530] {logging_mixin.py:154} INFO - [2025-12-08T14:20:55.103+0530] {dagbag.py:536} INFO - Filling up the DagBag from /Users/ramesharra/airflow310/lib/python3.10/site-packages/airflow/example_dags/example_external_task_marker_dag.py
[2025-12-08T14:20:55.124+0530] {processor.py:839} INFO - DAG(s) dict_keys(['example_external_task_marker_parent', 'example_external_task_marker_child']) retrieved from /Users/ramesharra/airflow310/lib/python3.10/site-packages/airflow/example_dags/example_external_task_marker_dag.py
[2025-12-08T14:20:55.221+0530] {logging_mixin.py:154} INFO - [2025-12-08T14:20:55.221+0530] {dag.py:2941} INFO - Sync 2 DAGs
[2025-12-08T14:20:55.225+0530] {logging_mixin.py:154} INFO - [2025-12-08T14:20:55.225+0530] {dag.py:3722} INFO - Setting next_dagrun for example_external_task_marker_child to None, run_after=None
[2025-12-08T14:20:55.226+0530] {logging_mixin.py:154} INFO - [2025-12-08T14:20:55.226+0530] {dag.py:3722} INFO - Setting next_dagrun for example_external_task_marker_parent to None, run_after=None
[2025-12-08T14:20:55.232+0530] {processor.py:179} INFO - Processing /Users/ramesharra/airflow310/lib/python3.10/site-packages/airflow/example_dags/example_external_task_marker_dag.py took 0.132 seconds
[2025-12-08T14:22:59.817+0530] {processor.py:157} INFO - Started process (PID=12041) to work on /Users/ramesharra/airflow310/lib/python3.10/site-packages/airflow/example_dags/example_external_task_marker_dag.py
[2025-12-08T14:22:59.818+0530] {processor.py:829} INFO - Processing file /Users/ramesharra/airflow310/lib/python3.10/site-packages/airflow/example_dags/example_external_task_marker_dag.py for tasks to queue
[2025-12-08T14:22:59.819+0530] {logging_mixin.py:154} INFO - [2025-12-08T14:22:59.819+0530] {dagbag.py:536} INFO - Filling up the DagBag from /Users/ramesharra/airflow310/lib/python3.10/site-packages/airflow/example_dags/example_external_task_marker_dag.py
[2025-12-08T14:22:59.837+0530] {processor.py:839} INFO - DAG(s) dict_keys(['example_external_task_marker_parent', 'example_external_task_marker_child']) retrieved from /Users/ramesharra/airflow310/lib/python3.10/site-packages/airflow/example_dags/example_external_task_marker_dag.py
[2025-12-08T14:22:59.943+0530] {logging_mixin.py:154} INFO - [2025-12-08T14:22:59.943+0530] {dag.py:2941} INFO - Sync 2 DAGs
[2025-12-08T14:22:59.949+0530] {logging_mixin.py:154} INFO - [2025-12-08T14:22:59.949+0530] {dag.py:3722} INFO - Setting next_dagrun for example_external_task_marker_child to None, run_after=None
[2025-12-08T14:22:59.951+0530] {logging_mixin.py:154} INFO - [2025-12-08T14:22:59.951+0530] {dag.py:3722} INFO - Setting next_dagrun for example_external_task_marker_parent to None, run_after=None
[2025-12-08T14:22:59.960+0530] {processor.py:179} INFO - Processing /Users/ramesharra/airflow310/lib/python3.10/site-packages/airflow/example_dags/example_external_task_marker_dag.py took 0.144 seconds
[2025-12-08T14:25:07.994+0530] {processor.py:157} INFO - Started process (PID=12351) to work on /Users/ramesharra/airflow310/lib/python3.10/site-packages/airflow/example_dags/example_external_task_marker_dag.py
[2025-12-08T14:25:07.994+0530] {processor.py:829} INFO - Processing file /Users/ramesharra/airflow310/lib/python3.10/site-packages/airflow/example_dags/example_external_task_marker_dag.py for tasks to queue
[2025-12-08T14:25:07.995+0530] {logging_mixin.py:154} INFO - [2025-12-08T14:25:07.995+0530] {dagbag.py:536} INFO - Filling up the DagBag from /Users/ramesharra/airflow310/lib/python3.10/site-packages/airflow/example_dags/example_external_task_marker_dag.py
[2025-12-08T14:25:08.017+0530] {processor.py:839} INFO - DAG(s) dict_keys(['example_external_task_marker_child', 'example_external_task_marker_parent']) retrieved from /Users/ramesharra/airflow310/lib/python3.10/site-packages/airflow/example_dags/example_external_task_marker_dag.py
[2025-12-08T14:25:08.143+0530] {logging_mixin.py:154} INFO - [2025-12-08T14:25:08.142+0530] {dag.py:2941} INFO - Sync 2 DAGs
[2025-12-08T14:25:08.151+0530] {logging_mixin.py:154} INFO - [2025-12-08T14:25:08.151+0530] {dag.py:3722} INFO - Setting next_dagrun for example_external_task_marker_child to None, run_after=None
[2025-12-08T14:25:08.153+0530] {logging_mixin.py:154} INFO - [2025-12-08T14:25:08.153+0530] {dag.py:3722} INFO - Setting next_dagrun for example_external_task_marker_parent to None, run_after=None
[2025-12-08T14:25:08.167+0530] {processor.py:179} INFO - Processing /Users/ramesharra/airflow310/lib/python3.10/site-packages/airflow/example_dags/example_external_task_marker_dag.py took 0.174 seconds
[2025-12-08T14:26:52.451+0530] {processor.py:157} INFO - Started process (PID=12472) to work on /Users/ramesharra/airflow310/lib/python3.10/site-packages/airflow/example_dags/example_external_task_marker_dag.py
[2025-12-08T14:26:52.452+0530] {processor.py:829} INFO - Processing file /Users/ramesharra/airflow310/lib/python3.10/site-packages/airflow/example_dags/example_external_task_marker_dag.py for tasks to queue
[2025-12-08T14:26:52.453+0530] {logging_mixin.py:154} INFO - [2025-12-08T14:26:52.453+0530] {dagbag.py:536} INFO - Filling up the DagBag from /Users/ramesharra/airflow310/lib/python3.10/site-packages/airflow/example_dags/example_external_task_marker_dag.py
[2025-12-08T14:26:52.472+0530] {processor.py:839} INFO - DAG(s) dict_keys(['example_external_task_marker_child', 'example_external_task_marker_parent']) retrieved from /Users/ramesharra/airflow310/lib/python3.10/site-packages/airflow/example_dags/example_external_task_marker_dag.py
[2025-12-08T14:26:52.602+0530] {logging_mixin.py:154} INFO - [2025-12-08T14:26:52.602+0530] {dag.py:2941} INFO - Sync 2 DAGs
[2025-12-08T14:26:52.610+0530] {logging_mixin.py:154} INFO - [2025-12-08T14:26:52.610+0530] {dag.py:3722} INFO - Setting next_dagrun for example_external_task_marker_child to None, run_after=None
[2025-12-08T14:26:52.612+0530] {logging_mixin.py:154} INFO - [2025-12-08T14:26:52.612+0530] {dag.py:3722} INFO - Setting next_dagrun for example_external_task_marker_parent to None, run_after=None
[2025-12-08T14:26:52.621+0530] {processor.py:179} INFO - Processing /Users/ramesharra/airflow310/lib/python3.10/site-packages/airflow/example_dags/example_external_task_marker_dag.py took 0.170 seconds
[2025-12-08T14:29:43.363+0530] {processor.py:157} INFO - Started process (PID=12650) to work on /Users/ramesharra/airflow310/lib/python3.10/site-packages/airflow/example_dags/example_external_task_marker_dag.py
[2025-12-08T14:29:43.365+0530] {processor.py:829} INFO - Processing file /Users/ramesharra/airflow310/lib/python3.10/site-packages/airflow/example_dags/example_external_task_marker_dag.py for tasks to queue
[2025-12-08T14:29:43.366+0530] {logging_mixin.py:154} INFO - [2025-12-08T14:29:43.366+0530] {dagbag.py:536} INFO - Filling up the DagBag from /Users/ramesharra/airflow310/lib/python3.10/site-packages/airflow/example_dags/example_external_task_marker_dag.py
[2025-12-08T14:29:43.384+0530] {processor.py:839} INFO - DAG(s) dict_keys(['example_external_task_marker_child', 'example_external_task_marker_parent']) retrieved from /Users/ramesharra/airflow310/lib/python3.10/site-packages/airflow/example_dags/example_external_task_marker_dag.py
[2025-12-08T14:29:43.488+0530] {logging_mixin.py:154} INFO - [2025-12-08T14:29:43.488+0530] {dag.py:2941} INFO - Sync 2 DAGs
[2025-12-08T14:29:43.494+0530] {logging_mixin.py:154} INFO - [2025-12-08T14:29:43.494+0530] {dag.py:3722} INFO - Setting next_dagrun for example_external_task_marker_child to None, run_after=None
[2025-12-08T14:29:43.495+0530] {logging_mixin.py:154} INFO - [2025-12-08T14:29:43.495+0530] {dag.py:3722} INFO - Setting next_dagrun for example_external_task_marker_parent to None, run_after=None
[2025-12-08T14:29:43.505+0530] {processor.py:179} INFO - Processing /Users/ramesharra/airflow310/lib/python3.10/site-packages/airflow/example_dags/example_external_task_marker_dag.py took 0.142 seconds
[2025-12-08T14:31:48.818+0530] {processor.py:157} INFO - Started process (PID=12790) to work on /Users/ramesharra/airflow310/lib/python3.10/site-packages/airflow/example_dags/example_external_task_marker_dag.py
[2025-12-08T14:31:48.818+0530] {processor.py:829} INFO - Processing file /Users/ramesharra/airflow310/lib/python3.10/site-packages/airflow/example_dags/example_external_task_marker_dag.py for tasks to queue
[2025-12-08T14:31:48.820+0530] {logging_mixin.py:154} INFO - [2025-12-08T14:31:48.820+0530] {dagbag.py:536} INFO - Filling up the DagBag from /Users/ramesharra/airflow310/lib/python3.10/site-packages/airflow/example_dags/example_external_task_marker_dag.py
[2025-12-08T14:31:48.840+0530] {processor.py:839} INFO - DAG(s) dict_keys(['example_external_task_marker_child', 'example_external_task_marker_parent']) retrieved from /Users/ramesharra/airflow310/lib/python3.10/site-packages/airflow/example_dags/example_external_task_marker_dag.py
[2025-12-08T14:31:48.957+0530] {logging_mixin.py:154} INFO - [2025-12-08T14:31:48.956+0530] {dag.py:2941} INFO - Sync 2 DAGs
[2025-12-08T14:31:48.964+0530] {logging_mixin.py:154} INFO - [2025-12-08T14:31:48.963+0530] {dag.py:3722} INFO - Setting next_dagrun for example_external_task_marker_child to None, run_after=None
[2025-12-08T14:31:48.966+0530] {logging_mixin.py:154} INFO - [2025-12-08T14:31:48.966+0530] {dag.py:3722} INFO - Setting next_dagrun for example_external_task_marker_parent to None, run_after=None
[2025-12-08T14:31:48.976+0530] {processor.py:179} INFO - Processing /Users/ramesharra/airflow310/lib/python3.10/site-packages/airflow/example_dags/example_external_task_marker_dag.py took 0.160 seconds
[2025-12-08T14:33:50.554+0530] {processor.py:157} INFO - Started process (PID=12932) to work on /Users/ramesharra/airflow310/lib/python3.10/site-packages/airflow/example_dags/example_external_task_marker_dag.py
[2025-12-08T14:33:50.555+0530] {processor.py:829} INFO - Processing file /Users/ramesharra/airflow310/lib/python3.10/site-packages/airflow/example_dags/example_external_task_marker_dag.py for tasks to queue
[2025-12-08T14:33:50.556+0530] {logging_mixin.py:154} INFO - [2025-12-08T14:33:50.556+0530] {dagbag.py:536} INFO - Filling up the DagBag from /Users/ramesharra/airflow310/lib/python3.10/site-packages/airflow/example_dags/example_external_task_marker_dag.py
[2025-12-08T14:33:50.574+0530] {processor.py:839} INFO - DAG(s) dict_keys(['example_external_task_marker_parent', 'example_external_task_marker_child']) retrieved from /Users/ramesharra/airflow310/lib/python3.10/site-packages/airflow/example_dags/example_external_task_marker_dag.py
[2025-12-08T14:33:50.684+0530] {logging_mixin.py:154} INFO - [2025-12-08T14:33:50.684+0530] {dag.py:2941} INFO - Sync 2 DAGs
[2025-12-08T14:33:50.690+0530] {logging_mixin.py:154} INFO - [2025-12-08T14:33:50.690+0530] {dag.py:3722} INFO - Setting next_dagrun for example_external_task_marker_child to None, run_after=None
[2025-12-08T14:33:50.692+0530] {logging_mixin.py:154} INFO - [2025-12-08T14:33:50.692+0530] {dag.py:3722} INFO - Setting next_dagrun for example_external_task_marker_parent to None, run_after=None
[2025-12-08T14:33:50.701+0530] {processor.py:179} INFO - Processing /Users/ramesharra/airflow310/lib/python3.10/site-packages/airflow/example_dags/example_external_task_marker_dag.py took 0.147 seconds
[2025-12-08T14:36:00.483+0530] {processor.py:157} INFO - Started process (PID=13080) to work on /Users/ramesharra/airflow310/lib/python3.10/site-packages/airflow/example_dags/example_external_task_marker_dag.py
[2025-12-08T14:36:00.484+0530] {processor.py:829} INFO - Processing file /Users/ramesharra/airflow310/lib/python3.10/site-packages/airflow/example_dags/example_external_task_marker_dag.py for tasks to queue
[2025-12-08T14:36:00.486+0530] {logging_mixin.py:154} INFO - [2025-12-08T14:36:00.486+0530] {dagbag.py:536} INFO - Filling up the DagBag from /Users/ramesharra/airflow310/lib/python3.10/site-packages/airflow/example_dags/example_external_task_marker_dag.py
[2025-12-08T14:36:00.520+0530] {processor.py:839} INFO - DAG(s) dict_keys(['example_external_task_marker_child', 'example_external_task_marker_parent']) retrieved from /Users/ramesharra/airflow310/lib/python3.10/site-packages/airflow/example_dags/example_external_task_marker_dag.py
[2025-12-08T14:36:00.657+0530] {logging_mixin.py:154} INFO - [2025-12-08T14:36:00.657+0530] {dag.py:2941} INFO - Sync 2 DAGs
[2025-12-08T14:36:00.668+0530] {logging_mixin.py:154} INFO - [2025-12-08T14:36:00.668+0530] {dag.py:3722} INFO - Setting next_dagrun for example_external_task_marker_child to None, run_after=None
[2025-12-08T14:36:00.670+0530] {logging_mixin.py:154} INFO - [2025-12-08T14:36:00.670+0530] {dag.py:3722} INFO - Setting next_dagrun for example_external_task_marker_parent to None, run_after=None
[2025-12-08T14:36:00.679+0530] {processor.py:179} INFO - Processing /Users/ramesharra/airflow310/lib/python3.10/site-packages/airflow/example_dags/example_external_task_marker_dag.py took 0.197 seconds
[2025-12-08T14:38:11.568+0530] {processor.py:157} INFO - Started process (PID=13220) to work on /Users/ramesharra/airflow310/lib/python3.10/site-packages/airflow/example_dags/example_external_task_marker_dag.py
[2025-12-08T14:38:11.569+0530] {processor.py:829} INFO - Processing file /Users/ramesharra/airflow310/lib/python3.10/site-packages/airflow/example_dags/example_external_task_marker_dag.py for tasks to queue
[2025-12-08T14:38:11.571+0530] {logging_mixin.py:154} INFO - [2025-12-08T14:38:11.571+0530] {dagbag.py:536} INFO - Filling up the DagBag from /Users/ramesharra/airflow310/lib/python3.10/site-packages/airflow/example_dags/example_external_task_marker_dag.py
[2025-12-08T14:38:11.590+0530] {processor.py:839} INFO - DAG(s) dict_keys(['example_external_task_marker_child', 'example_external_task_marker_parent']) retrieved from /Users/ramesharra/airflow310/lib/python3.10/site-packages/airflow/example_dags/example_external_task_marker_dag.py
[2025-12-08T14:38:11.702+0530] {logging_mixin.py:154} INFO - [2025-12-08T14:38:11.702+0530] {dag.py:2941} INFO - Sync 2 DAGs
[2025-12-08T14:38:11.709+0530] {logging_mixin.py:154} INFO - [2025-12-08T14:38:11.709+0530] {dag.py:3722} INFO - Setting next_dagrun for example_external_task_marker_child to None, run_after=None
[2025-12-08T14:38:11.711+0530] {logging_mixin.py:154} INFO - [2025-12-08T14:38:11.711+0530] {dag.py:3722} INFO - Setting next_dagrun for example_external_task_marker_parent to None, run_after=None
[2025-12-08T14:38:11.721+0530] {processor.py:179} INFO - Processing /Users/ramesharra/airflow310/lib/python3.10/site-packages/airflow/example_dags/example_external_task_marker_dag.py took 0.154 seconds
[2025-12-08T14:40:25.701+0530] {processor.py:157} INFO - Started process (PID=13392) to work on /Users/ramesharra/airflow310/lib/python3.10/site-packages/airflow/example_dags/example_external_task_marker_dag.py
[2025-12-08T14:40:25.702+0530] {processor.py:829} INFO - Processing file /Users/ramesharra/airflow310/lib/python3.10/site-packages/airflow/example_dags/example_external_task_marker_dag.py for tasks to queue
[2025-12-08T14:40:25.703+0530] {logging_mixin.py:154} INFO - [2025-12-08T14:40:25.703+0530] {dagbag.py:536} INFO - Filling up the DagBag from /Users/ramesharra/airflow310/lib/python3.10/site-packages/airflow/example_dags/example_external_task_marker_dag.py
[2025-12-08T14:40:25.721+0530] {processor.py:839} INFO - DAG(s) dict_keys(['example_external_task_marker_child', 'example_external_task_marker_parent']) retrieved from /Users/ramesharra/airflow310/lib/python3.10/site-packages/airflow/example_dags/example_external_task_marker_dag.py
[2025-12-08T14:40:25.832+0530] {logging_mixin.py:154} INFO - [2025-12-08T14:40:25.832+0530] {dag.py:2941} INFO - Sync 2 DAGs
[2025-12-08T14:40:25.838+0530] {logging_mixin.py:154} INFO - [2025-12-08T14:40:25.838+0530] {dag.py:3722} INFO - Setting next_dagrun for example_external_task_marker_child to None, run_after=None
[2025-12-08T14:40:25.840+0530] {logging_mixin.py:154} INFO - [2025-12-08T14:40:25.840+0530] {dag.py:3722} INFO - Setting next_dagrun for example_external_task_marker_parent to None, run_after=None
[2025-12-08T14:40:25.849+0530] {processor.py:179} INFO - Processing /Users/ramesharra/airflow310/lib/python3.10/site-packages/airflow/example_dags/example_external_task_marker_dag.py took 0.149 seconds
[2025-12-08T14:42:38.615+0530] {processor.py:157} INFO - Started process (PID=13538) to work on /Users/ramesharra/airflow310/lib/python3.10/site-packages/airflow/example_dags/example_external_task_marker_dag.py
[2025-12-08T14:42:38.616+0530] {processor.py:829} INFO - Processing file /Users/ramesharra/airflow310/lib/python3.10/site-packages/airflow/example_dags/example_external_task_marker_dag.py for tasks to queue
[2025-12-08T14:42:38.617+0530] {logging_mixin.py:154} INFO - [2025-12-08T14:42:38.617+0530] {dagbag.py:536} INFO - Filling up the DagBag from /Users/ramesharra/airflow310/lib/python3.10/site-packages/airflow/example_dags/example_external_task_marker_dag.py
[2025-12-08T14:42:38.637+0530] {processor.py:839} INFO - DAG(s) dict_keys(['example_external_task_marker_parent', 'example_external_task_marker_child']) retrieved from /Users/ramesharra/airflow310/lib/python3.10/site-packages/airflow/example_dags/example_external_task_marker_dag.py
[2025-12-08T14:42:38.742+0530] {logging_mixin.py:154} INFO - [2025-12-08T14:42:38.742+0530] {dag.py:2941} INFO - Sync 2 DAGs
[2025-12-08T14:42:38.749+0530] {logging_mixin.py:154} INFO - [2025-12-08T14:42:38.749+0530] {dag.py:3722} INFO - Setting next_dagrun for example_external_task_marker_child to None, run_after=None
[2025-12-08T14:42:38.751+0530] {logging_mixin.py:154} INFO - [2025-12-08T14:42:38.750+0530] {dag.py:3722} INFO - Setting next_dagrun for example_external_task_marker_parent to None, run_after=None
[2025-12-08T14:42:38.760+0530] {processor.py:179} INFO - Processing /Users/ramesharra/airflow310/lib/python3.10/site-packages/airflow/example_dags/example_external_task_marker_dag.py took 0.146 seconds
[2025-12-08T14:44:44.823+0530] {processor.py:157} INFO - Started process (PID=13674) to work on /Users/ramesharra/airflow310/lib/python3.10/site-packages/airflow/example_dags/example_external_task_marker_dag.py
[2025-12-08T14:44:44.824+0530] {processor.py:829} INFO - Processing file /Users/ramesharra/airflow310/lib/python3.10/site-packages/airflow/example_dags/example_external_task_marker_dag.py for tasks to queue
[2025-12-08T14:44:44.825+0530] {logging_mixin.py:154} INFO - [2025-12-08T14:44:44.825+0530] {dagbag.py:536} INFO - Filling up the DagBag from /Users/ramesharra/airflow310/lib/python3.10/site-packages/airflow/example_dags/example_external_task_marker_dag.py
[2025-12-08T14:44:44.844+0530] {processor.py:839} INFO - DAG(s) dict_keys(['example_external_task_marker_child', 'example_external_task_marker_parent']) retrieved from /Users/ramesharra/airflow310/lib/python3.10/site-packages/airflow/example_dags/example_external_task_marker_dag.py
[2025-12-08T14:44:44.947+0530] {logging_mixin.py:154} INFO - [2025-12-08T14:44:44.947+0530] {dag.py:2941} INFO - Sync 2 DAGs
[2025-12-08T14:44:44.953+0530] {logging_mixin.py:154} INFO - [2025-12-08T14:44:44.953+0530] {dag.py:3722} INFO - Setting next_dagrun for example_external_task_marker_child to None, run_after=None
[2025-12-08T14:44:44.956+0530] {logging_mixin.py:154} INFO - [2025-12-08T14:44:44.955+0530] {dag.py:3722} INFO - Setting next_dagrun for example_external_task_marker_parent to None, run_after=None
[2025-12-08T14:44:44.965+0530] {processor.py:179} INFO - Processing /Users/ramesharra/airflow310/lib/python3.10/site-packages/airflow/example_dags/example_external_task_marker_dag.py took 0.143 seconds
[2025-12-08T14:46:52.595+0530] {processor.py:157} INFO - Started process (PID=13822) to work on /Users/ramesharra/airflow310/lib/python3.10/site-packages/airflow/example_dags/example_external_task_marker_dag.py
[2025-12-08T14:46:52.596+0530] {processor.py:829} INFO - Processing file /Users/ramesharra/airflow310/lib/python3.10/site-packages/airflow/example_dags/example_external_task_marker_dag.py for tasks to queue
[2025-12-08T14:46:52.597+0530] {logging_mixin.py:154} INFO - [2025-12-08T14:46:52.597+0530] {dagbag.py:536} INFO - Filling up the DagBag from /Users/ramesharra/airflow310/lib/python3.10/site-packages/airflow/example_dags/example_external_task_marker_dag.py
[2025-12-08T14:46:52.616+0530] {processor.py:839} INFO - DAG(s) dict_keys(['example_external_task_marker_parent', 'example_external_task_marker_child']) retrieved from /Users/ramesharra/airflow310/lib/python3.10/site-packages/airflow/example_dags/example_external_task_marker_dag.py
[2025-12-08T14:46:52.723+0530] {logging_mixin.py:154} INFO - [2025-12-08T14:46:52.722+0530] {dag.py:2941} INFO - Sync 2 DAGs
[2025-12-08T14:46:52.729+0530] {logging_mixin.py:154} INFO - [2025-12-08T14:46:52.729+0530] {dag.py:3722} INFO - Setting next_dagrun for example_external_task_marker_child to None, run_after=None
[2025-12-08T14:46:52.731+0530] {logging_mixin.py:154} INFO - [2025-12-08T14:46:52.731+0530] {dag.py:3722} INFO - Setting next_dagrun for example_external_task_marker_parent to None, run_after=None
[2025-12-08T14:46:52.741+0530] {processor.py:179} INFO - Processing /Users/ramesharra/airflow310/lib/python3.10/site-packages/airflow/example_dags/example_external_task_marker_dag.py took 0.147 seconds
[2025-12-08T14:49:08.184+0530] {processor.py:157} INFO - Started process (PID=13982) to work on /Users/ramesharra/airflow310/lib/python3.10/site-packages/airflow/example_dags/example_external_task_marker_dag.py
[2025-12-08T14:49:08.185+0530] {processor.py:829} INFO - Processing file /Users/ramesharra/airflow310/lib/python3.10/site-packages/airflow/example_dags/example_external_task_marker_dag.py for tasks to queue
[2025-12-08T14:49:08.186+0530] {logging_mixin.py:154} INFO - [2025-12-08T14:49:08.186+0530] {dagbag.py:536} INFO - Filling up the DagBag from /Users/ramesharra/airflow310/lib/python3.10/site-packages/airflow/example_dags/example_external_task_marker_dag.py
[2025-12-08T14:49:08.205+0530] {processor.py:839} INFO - DAG(s) dict_keys(['example_external_task_marker_child', 'example_external_task_marker_parent']) retrieved from /Users/ramesharra/airflow310/lib/python3.10/site-packages/airflow/example_dags/example_external_task_marker_dag.py
[2025-12-08T14:49:08.324+0530] {logging_mixin.py:154} INFO - [2025-12-08T14:49:08.323+0530] {dag.py:2941} INFO - Sync 2 DAGs
[2025-12-08T14:49:08.332+0530] {logging_mixin.py:154} INFO - [2025-12-08T14:49:08.331+0530] {dag.py:3722} INFO - Setting next_dagrun for example_external_task_marker_child to None, run_after=None
[2025-12-08T14:49:08.333+0530] {logging_mixin.py:154} INFO - [2025-12-08T14:49:08.333+0530] {dag.py:3722} INFO - Setting next_dagrun for example_external_task_marker_parent to None, run_after=None
[2025-12-08T14:49:08.346+0530] {processor.py:179} INFO - Processing /Users/ramesharra/airflow310/lib/python3.10/site-packages/airflow/example_dags/example_external_task_marker_dag.py took 0.162 seconds
