[2025-12-08T14:16:34.983+0530] {processor.py:157} INFO - Started process (PID=11643) to work on /Users/ramesharra/airflow310/lib/python3.10/site-packages/airflow/example_dags/example_bash_operator.py
[2025-12-08T14:16:34.983+0530] {processor.py:829} INFO - Processing file /Users/ramesharra/airflow310/lib/python3.10/site-packages/airflow/example_dags/example_bash_operator.py for tasks to queue
[2025-12-08T14:16:34.984+0530] {logging_mixin.py:154} INFO - [2025-12-08T14:16:34.984+0530] {dagbag.py:536} INFO - Filling up the DagBag from /Users/ramesharra/airflow310/lib/python3.10/site-packages/airflow/example_dags/example_bash_operator.py
[2025-12-08T14:16:35.031+0530] {processor.py:839} INFO - DAG(s) dict_keys(['example_bash_operator']) retrieved from /Users/ramesharra/airflow310/lib/python3.10/site-packages/airflow/example_dags/example_bash_operator.py
[2025-12-08T14:16:35.444+0530] {logging_mixin.py:154} INFO - [2025-12-08T14:16:35.443+0530] {manager.py:499} INFO - Created Permission View: %s
[2025-12-08T14:16:35.454+0530] {logging_mixin.py:154} INFO - [2025-12-08T14:16:35.454+0530] {manager.py:499} INFO - Created Permission View: %s
[2025-12-08T14:16:35.463+0530] {logging_mixin.py:154} INFO - [2025-12-08T14:16:35.463+0530] {manager.py:499} INFO - Created Permission View: %s
[2025-12-08T14:16:35.464+0530] {logging_mixin.py:154} INFO - [2025-12-08T14:16:35.464+0530] {dag.py:2941} INFO - Sync 1 DAGs
[2025-12-08T14:16:35.481+0530] {logging_mixin.py:154} INFO - [2025-12-08T14:16:35.480+0530] {dag.py:2963} INFO - Creating ORM DAG for example_bash_operator
[2025-12-08T14:16:35.487+0530] {logging_mixin.py:154} INFO - [2025-12-08T14:16:35.487+0530] {dag.py:3722} INFO - Setting next_dagrun for example_bash_operator to 2025-12-07T00:00:00+00:00, run_after=2025-12-08T00:00:00+00:00
[2025-12-08T14:16:35.500+0530] {processor.py:179} INFO - Processing /Users/ramesharra/airflow310/lib/python3.10/site-packages/airflow/example_dags/example_bash_operator.py took 0.518 seconds
[2025-12-08T14:21:18.585+0530] {processor.py:157} INFO - Started process (PID=11912) to work on /Users/ramesharra/airflow310/lib/python3.10/site-packages/airflow/example_dags/example_bash_operator.py
[2025-12-08T14:21:18.586+0530] {processor.py:829} INFO - Processing file /Users/ramesharra/airflow310/lib/python3.10/site-packages/airflow/example_dags/example_bash_operator.py for tasks to queue
[2025-12-08T14:21:18.588+0530] {logging_mixin.py:154} INFO - [2025-12-08T14:21:18.588+0530] {dagbag.py:536} INFO - Filling up the DagBag from /Users/ramesharra/airflow310/lib/python3.10/site-packages/airflow/example_dags/example_bash_operator.py
[2025-12-08T14:21:18.640+0530] {processor.py:839} INFO - DAG(s) dict_keys(['example_bash_operator']) retrieved from /Users/ramesharra/airflow310/lib/python3.10/site-packages/airflow/example_dags/example_bash_operator.py
[2025-12-08T14:21:18.716+0530] {logging_mixin.py:154} INFO - [2025-12-08T14:21:18.716+0530] {dag.py:2941} INFO - Sync 1 DAGs
[2025-12-08T14:21:18.726+0530] {logging_mixin.py:154} INFO - [2025-12-08T14:21:18.726+0530] {dag.py:3722} INFO - Setting next_dagrun for example_bash_operator to 2025-12-07T00:00:00+00:00, run_after=2025-12-08T00:00:00+00:00
[2025-12-08T14:21:18.737+0530] {processor.py:179} INFO - Processing /Users/ramesharra/airflow310/lib/python3.10/site-packages/airflow/example_dags/example_bash_operator.py took 0.152 seconds
[2025-12-08T14:23:26.615+0530] {processor.py:157} INFO - Started process (PID=12222) to work on /Users/ramesharra/airflow310/lib/python3.10/site-packages/airflow/example_dags/example_bash_operator.py
[2025-12-08T14:23:26.616+0530] {processor.py:829} INFO - Processing file /Users/ramesharra/airflow310/lib/python3.10/site-packages/airflow/example_dags/example_bash_operator.py for tasks to queue
[2025-12-08T14:23:26.617+0530] {logging_mixin.py:154} INFO - [2025-12-08T14:23:26.617+0530] {dagbag.py:536} INFO - Filling up the DagBag from /Users/ramesharra/airflow310/lib/python3.10/site-packages/airflow/example_dags/example_bash_operator.py
[2025-12-08T14:23:26.659+0530] {processor.py:839} INFO - DAG(s) dict_keys(['example_bash_operator']) retrieved from /Users/ramesharra/airflow310/lib/python3.10/site-packages/airflow/example_dags/example_bash_operator.py
[2025-12-08T14:23:26.738+0530] {logging_mixin.py:154} INFO - [2025-12-08T14:23:26.738+0530] {dag.py:2941} INFO - Sync 1 DAGs
[2025-12-08T14:23:26.748+0530] {logging_mixin.py:154} INFO - [2025-12-08T14:23:26.748+0530] {dag.py:3722} INFO - Setting next_dagrun for example_bash_operator to 2025-12-07T00:00:00+00:00, run_after=2025-12-08T00:00:00+00:00
[2025-12-08T14:23:26.759+0530] {processor.py:179} INFO - Processing /Users/ramesharra/airflow310/lib/python3.10/site-packages/airflow/example_dags/example_bash_operator.py took 0.145 seconds
[2025-12-08T14:27:15.014+0530] {processor.py:157} INFO - Started process (PID=12498) to work on /Users/ramesharra/airflow310/lib/python3.10/site-packages/airflow/example_dags/example_bash_operator.py
[2025-12-08T14:27:15.016+0530] {processor.py:829} INFO - Processing file /Users/ramesharra/airflow310/lib/python3.10/site-packages/airflow/example_dags/example_bash_operator.py for tasks to queue
[2025-12-08T14:27:15.017+0530] {logging_mixin.py:154} INFO - [2025-12-08T14:27:15.017+0530] {dagbag.py:536} INFO - Filling up the DagBag from /Users/ramesharra/airflow310/lib/python3.10/site-packages/airflow/example_dags/example_bash_operator.py
[2025-12-08T14:27:15.059+0530] {processor.py:839} INFO - DAG(s) dict_keys(['example_bash_operator']) retrieved from /Users/ramesharra/airflow310/lib/python3.10/site-packages/airflow/example_dags/example_bash_operator.py
[2025-12-08T14:27:15.141+0530] {logging_mixin.py:154} INFO - [2025-12-08T14:27:15.141+0530] {dag.py:2941} INFO - Sync 1 DAGs
[2025-12-08T14:27:15.152+0530] {logging_mixin.py:154} INFO - [2025-12-08T14:27:15.151+0530] {dag.py:3722} INFO - Setting next_dagrun for example_bash_operator to 2025-12-07T00:00:00+00:00, run_after=2025-12-08T00:00:00+00:00
[2025-12-08T14:27:15.164+0530] {processor.py:179} INFO - Processing /Users/ramesharra/airflow310/lib/python3.10/site-packages/airflow/example_dags/example_bash_operator.py took 0.150 seconds
[2025-12-08T14:30:05.830+0530] {processor.py:157} INFO - Started process (PID=12678) to work on /Users/ramesharra/airflow310/lib/python3.10/site-packages/airflow/example_dags/example_bash_operator.py
[2025-12-08T14:30:05.831+0530] {processor.py:829} INFO - Processing file /Users/ramesharra/airflow310/lib/python3.10/site-packages/airflow/example_dags/example_bash_operator.py for tasks to queue
[2025-12-08T14:30:05.832+0530] {logging_mixin.py:154} INFO - [2025-12-08T14:30:05.832+0530] {dagbag.py:536} INFO - Filling up the DagBag from /Users/ramesharra/airflow310/lib/python3.10/site-packages/airflow/example_dags/example_bash_operator.py
[2025-12-08T14:30:05.874+0530] {processor.py:839} INFO - DAG(s) dict_keys(['example_bash_operator']) retrieved from /Users/ramesharra/airflow310/lib/python3.10/site-packages/airflow/example_dags/example_bash_operator.py
[2025-12-08T14:30:05.955+0530] {logging_mixin.py:154} INFO - [2025-12-08T14:30:05.955+0530] {dag.py:2941} INFO - Sync 1 DAGs
[2025-12-08T14:30:05.966+0530] {logging_mixin.py:154} INFO - [2025-12-08T14:30:05.966+0530] {dag.py:3722} INFO - Setting next_dagrun for example_bash_operator to 2025-12-07T00:00:00+00:00, run_after=2025-12-08T00:00:00+00:00
[2025-12-08T14:30:05.976+0530] {processor.py:179} INFO - Processing /Users/ramesharra/airflow310/lib/python3.10/site-packages/airflow/example_dags/example_bash_operator.py took 0.146 seconds
[2025-12-08T14:32:12.449+0530] {processor.py:157} INFO - Started process (PID=12831) to work on /Users/ramesharra/airflow310/lib/python3.10/site-packages/airflow/example_dags/example_bash_operator.py
[2025-12-08T14:32:12.450+0530] {processor.py:829} INFO - Processing file /Users/ramesharra/airflow310/lib/python3.10/site-packages/airflow/example_dags/example_bash_operator.py for tasks to queue
[2025-12-08T14:32:12.451+0530] {logging_mixin.py:154} INFO - [2025-12-08T14:32:12.451+0530] {dagbag.py:536} INFO - Filling up the DagBag from /Users/ramesharra/airflow310/lib/python3.10/site-packages/airflow/example_dags/example_bash_operator.py
[2025-12-08T14:32:12.495+0530] {processor.py:839} INFO - DAG(s) dict_keys(['example_bash_operator']) retrieved from /Users/ramesharra/airflow310/lib/python3.10/site-packages/airflow/example_dags/example_bash_operator.py
[2025-12-08T14:32:12.572+0530] {logging_mixin.py:154} INFO - [2025-12-08T14:32:12.572+0530] {dag.py:2941} INFO - Sync 1 DAGs
[2025-12-08T14:32:12.583+0530] {logging_mixin.py:154} INFO - [2025-12-08T14:32:12.583+0530] {dag.py:3722} INFO - Setting next_dagrun for example_bash_operator to 2025-12-07T00:00:00+00:00, run_after=2025-12-08T00:00:00+00:00
[2025-12-08T14:32:12.595+0530] {processor.py:179} INFO - Processing /Users/ramesharra/airflow310/lib/python3.10/site-packages/airflow/example_dags/example_bash_operator.py took 0.147 seconds
[2025-12-08T14:34:14.818+0530] {processor.py:157} INFO - Started process (PID=12964) to work on /Users/ramesharra/airflow310/lib/python3.10/site-packages/airflow/example_dags/example_bash_operator.py
[2025-12-08T14:34:14.818+0530] {processor.py:829} INFO - Processing file /Users/ramesharra/airflow310/lib/python3.10/site-packages/airflow/example_dags/example_bash_operator.py for tasks to queue
[2025-12-08T14:34:14.820+0530] {logging_mixin.py:154} INFO - [2025-12-08T14:34:14.819+0530] {dagbag.py:536} INFO - Filling up the DagBag from /Users/ramesharra/airflow310/lib/python3.10/site-packages/airflow/example_dags/example_bash_operator.py
[2025-12-08T14:34:14.863+0530] {processor.py:839} INFO - DAG(s) dict_keys(['example_bash_operator']) retrieved from /Users/ramesharra/airflow310/lib/python3.10/site-packages/airflow/example_dags/example_bash_operator.py
[2025-12-08T14:34:14.942+0530] {logging_mixin.py:154} INFO - [2025-12-08T14:34:14.942+0530] {dag.py:2941} INFO - Sync 1 DAGs
[2025-12-08T14:34:14.953+0530] {logging_mixin.py:154} INFO - [2025-12-08T14:34:14.953+0530] {dag.py:3722} INFO - Setting next_dagrun for example_bash_operator to 2025-12-07T00:00:00+00:00, run_after=2025-12-08T00:00:00+00:00
[2025-12-08T14:34:14.964+0530] {processor.py:179} INFO - Processing /Users/ramesharra/airflow310/lib/python3.10/site-packages/airflow/example_dags/example_bash_operator.py took 0.147 seconds
[2025-12-08T14:36:24.618+0530] {processor.py:157} INFO - Started process (PID=13103) to work on /Users/ramesharra/airflow310/lib/python3.10/site-packages/airflow/example_dags/example_bash_operator.py
[2025-12-08T14:36:24.619+0530] {processor.py:829} INFO - Processing file /Users/ramesharra/airflow310/lib/python3.10/site-packages/airflow/example_dags/example_bash_operator.py for tasks to queue
[2025-12-08T14:36:24.620+0530] {logging_mixin.py:154} INFO - [2025-12-08T14:36:24.620+0530] {dagbag.py:536} INFO - Filling up the DagBag from /Users/ramesharra/airflow310/lib/python3.10/site-packages/airflow/example_dags/example_bash_operator.py
[2025-12-08T14:36:24.664+0530] {processor.py:839} INFO - DAG(s) dict_keys(['example_bash_operator']) retrieved from /Users/ramesharra/airflow310/lib/python3.10/site-packages/airflow/example_dags/example_bash_operator.py
[2025-12-08T14:36:24.746+0530] {logging_mixin.py:154} INFO - [2025-12-08T14:36:24.746+0530] {dag.py:2941} INFO - Sync 1 DAGs
[2025-12-08T14:36:24.757+0530] {logging_mixin.py:154} INFO - [2025-12-08T14:36:24.757+0530] {dag.py:3722} INFO - Setting next_dagrun for example_bash_operator to 2025-12-07T00:00:00+00:00, run_after=2025-12-08T00:00:00+00:00
[2025-12-08T14:36:24.767+0530] {processor.py:179} INFO - Processing /Users/ramesharra/airflow310/lib/python3.10/site-packages/airflow/example_dags/example_bash_operator.py took 0.150 seconds
[2025-12-08T14:38:37.524+0530] {processor.py:157} INFO - Started process (PID=13248) to work on /Users/ramesharra/airflow310/lib/python3.10/site-packages/airflow/example_dags/example_bash_operator.py
[2025-12-08T14:38:37.525+0530] {processor.py:829} INFO - Processing file /Users/ramesharra/airflow310/lib/python3.10/site-packages/airflow/example_dags/example_bash_operator.py for tasks to queue
[2025-12-08T14:38:37.526+0530] {logging_mixin.py:154} INFO - [2025-12-08T14:38:37.526+0530] {dagbag.py:536} INFO - Filling up the DagBag from /Users/ramesharra/airflow310/lib/python3.10/site-packages/airflow/example_dags/example_bash_operator.py
[2025-12-08T14:38:37.569+0530] {processor.py:839} INFO - DAG(s) dict_keys(['example_bash_operator']) retrieved from /Users/ramesharra/airflow310/lib/python3.10/site-packages/airflow/example_dags/example_bash_operator.py
[2025-12-08T14:38:37.651+0530] {logging_mixin.py:154} INFO - [2025-12-08T14:38:37.651+0530] {dag.py:2941} INFO - Sync 1 DAGs
[2025-12-08T14:38:37.662+0530] {logging_mixin.py:154} INFO - [2025-12-08T14:38:37.662+0530] {dag.py:3722} INFO - Setting next_dagrun for example_bash_operator to 2025-12-07T00:00:00+00:00, run_after=2025-12-08T00:00:00+00:00
[2025-12-08T14:38:37.672+0530] {processor.py:179} INFO - Processing /Users/ramesharra/airflow310/lib/python3.10/site-packages/airflow/example_dags/example_bash_operator.py took 0.149 seconds
[2025-12-08T14:40:49.307+0530] {processor.py:157} INFO - Started process (PID=13411) to work on /Users/ramesharra/airflow310/lib/python3.10/site-packages/airflow/example_dags/example_bash_operator.py
[2025-12-08T14:40:49.308+0530] {processor.py:829} INFO - Processing file /Users/ramesharra/airflow310/lib/python3.10/site-packages/airflow/example_dags/example_bash_operator.py for tasks to queue
[2025-12-08T14:40:49.309+0530] {logging_mixin.py:154} INFO - [2025-12-08T14:40:49.309+0530] {dagbag.py:536} INFO - Filling up the DagBag from /Users/ramesharra/airflow310/lib/python3.10/site-packages/airflow/example_dags/example_bash_operator.py
[2025-12-08T14:40:49.351+0530] {processor.py:839} INFO - DAG(s) dict_keys(['example_bash_operator']) retrieved from /Users/ramesharra/airflow310/lib/python3.10/site-packages/airflow/example_dags/example_bash_operator.py
[2025-12-08T14:40:49.433+0530] {logging_mixin.py:154} INFO - [2025-12-08T14:40:49.433+0530] {dag.py:2941} INFO - Sync 1 DAGs
[2025-12-08T14:40:49.445+0530] {logging_mixin.py:154} INFO - [2025-12-08T14:40:49.444+0530] {dag.py:3722} INFO - Setting next_dagrun for example_bash_operator to 2025-12-07T00:00:00+00:00, run_after=2025-12-08T00:00:00+00:00
[2025-12-08T14:40:49.458+0530] {processor.py:179} INFO - Processing /Users/ramesharra/airflow310/lib/python3.10/site-packages/airflow/example_dags/example_bash_operator.py took 0.151 seconds
[2025-12-08T14:43:02.231+0530] {processor.py:157} INFO - Started process (PID=13568) to work on /Users/ramesharra/airflow310/lib/python3.10/site-packages/airflow/example_dags/example_bash_operator.py
[2025-12-08T14:43:02.233+0530] {processor.py:829} INFO - Processing file /Users/ramesharra/airflow310/lib/python3.10/site-packages/airflow/example_dags/example_bash_operator.py for tasks to queue
[2025-12-08T14:43:02.234+0530] {logging_mixin.py:154} INFO - [2025-12-08T14:43:02.234+0530] {dagbag.py:536} INFO - Filling up the DagBag from /Users/ramesharra/airflow310/lib/python3.10/site-packages/airflow/example_dags/example_bash_operator.py
[2025-12-08T14:43:02.279+0530] {processor.py:839} INFO - DAG(s) dict_keys(['example_bash_operator']) retrieved from /Users/ramesharra/airflow310/lib/python3.10/site-packages/airflow/example_dags/example_bash_operator.py
[2025-12-08T14:43:02.367+0530] {logging_mixin.py:154} INFO - [2025-12-08T14:43:02.366+0530] {dag.py:2941} INFO - Sync 1 DAGs
[2025-12-08T14:43:02.378+0530] {logging_mixin.py:154} INFO - [2025-12-08T14:43:02.377+0530] {dag.py:3722} INFO - Setting next_dagrun for example_bash_operator to 2025-12-07T00:00:00+00:00, run_after=2025-12-08T00:00:00+00:00
[2025-12-08T14:43:02.389+0530] {processor.py:179} INFO - Processing /Users/ramesharra/airflow310/lib/python3.10/site-packages/airflow/example_dags/example_bash_operator.py took 0.158 seconds
[2025-12-08T14:45:09.139+0530] {processor.py:157} INFO - Started process (PID=13696) to work on /Users/ramesharra/airflow310/lib/python3.10/site-packages/airflow/example_dags/example_bash_operator.py
[2025-12-08T14:45:09.139+0530] {processor.py:829} INFO - Processing file /Users/ramesharra/airflow310/lib/python3.10/site-packages/airflow/example_dags/example_bash_operator.py for tasks to queue
[2025-12-08T14:45:09.141+0530] {logging_mixin.py:154} INFO - [2025-12-08T14:45:09.141+0530] {dagbag.py:536} INFO - Filling up the DagBag from /Users/ramesharra/airflow310/lib/python3.10/site-packages/airflow/example_dags/example_bash_operator.py
[2025-12-08T14:45:09.184+0530] {processor.py:839} INFO - DAG(s) dict_keys(['example_bash_operator']) retrieved from /Users/ramesharra/airflow310/lib/python3.10/site-packages/airflow/example_dags/example_bash_operator.py
[2025-12-08T14:45:09.266+0530] {logging_mixin.py:154} INFO - [2025-12-08T14:45:09.265+0530] {dag.py:2941} INFO - Sync 1 DAGs
[2025-12-08T14:45:09.276+0530] {logging_mixin.py:154} INFO - [2025-12-08T14:45:09.276+0530] {dag.py:3722} INFO - Setting next_dagrun for example_bash_operator to 2025-12-07T00:00:00+00:00, run_after=2025-12-08T00:00:00+00:00
[2025-12-08T14:45:09.288+0530] {processor.py:179} INFO - Processing /Users/ramesharra/airflow310/lib/python3.10/site-packages/airflow/example_dags/example_bash_operator.py took 0.150 seconds
[2025-12-08T14:47:19.202+0530] {processor.py:157} INFO - Started process (PID=13852) to work on /Users/ramesharra/airflow310/lib/python3.10/site-packages/airflow/example_dags/example_bash_operator.py
[2025-12-08T14:47:19.203+0530] {processor.py:829} INFO - Processing file /Users/ramesharra/airflow310/lib/python3.10/site-packages/airflow/example_dags/example_bash_operator.py for tasks to queue
[2025-12-08T14:47:19.205+0530] {logging_mixin.py:154} INFO - [2025-12-08T14:47:19.205+0530] {dagbag.py:536} INFO - Filling up the DagBag from /Users/ramesharra/airflow310/lib/python3.10/site-packages/airflow/example_dags/example_bash_operator.py
[2025-12-08T14:47:19.256+0530] {processor.py:839} INFO - DAG(s) dict_keys(['example_bash_operator']) retrieved from /Users/ramesharra/airflow310/lib/python3.10/site-packages/airflow/example_dags/example_bash_operator.py
[2025-12-08T14:47:19.349+0530] {logging_mixin.py:154} INFO - [2025-12-08T14:47:19.349+0530] {dag.py:2941} INFO - Sync 1 DAGs
[2025-12-08T14:47:19.361+0530] {logging_mixin.py:154} INFO - [2025-12-08T14:47:19.361+0530] {dag.py:3722} INFO - Setting next_dagrun for example_bash_operator to 2025-12-07T00:00:00+00:00, run_after=2025-12-08T00:00:00+00:00
[2025-12-08T14:47:19.373+0530] {processor.py:179} INFO - Processing /Users/ramesharra/airflow310/lib/python3.10/site-packages/airflow/example_dags/example_bash_operator.py took 0.172 seconds
[2025-12-08T14:49:32.529+0530] {processor.py:157} INFO - Started process (PID=14006) to work on /Users/ramesharra/airflow310/lib/python3.10/site-packages/airflow/example_dags/example_bash_operator.py
[2025-12-08T14:49:32.530+0530] {processor.py:829} INFO - Processing file /Users/ramesharra/airflow310/lib/python3.10/site-packages/airflow/example_dags/example_bash_operator.py for tasks to queue
[2025-12-08T14:49:32.531+0530] {logging_mixin.py:154} INFO - [2025-12-08T14:49:32.531+0530] {dagbag.py:536} INFO - Filling up the DagBag from /Users/ramesharra/airflow310/lib/python3.10/site-packages/airflow/example_dags/example_bash_operator.py
[2025-12-08T14:49:32.576+0530] {processor.py:839} INFO - DAG(s) dict_keys(['example_bash_operator']) retrieved from /Users/ramesharra/airflow310/lib/python3.10/site-packages/airflow/example_dags/example_bash_operator.py
[2025-12-08T14:49:32.658+0530] {logging_mixin.py:154} INFO - [2025-12-08T14:49:32.657+0530] {dag.py:2941} INFO - Sync 1 DAGs
[2025-12-08T14:49:32.668+0530] {logging_mixin.py:154} INFO - [2025-12-08T14:49:32.668+0530] {dag.py:3722} INFO - Setting next_dagrun for example_bash_operator to 2025-12-07T00:00:00+00:00, run_after=2025-12-08T00:00:00+00:00
[2025-12-08T14:49:32.679+0530] {processor.py:179} INFO - Processing /Users/ramesharra/airflow310/lib/python3.10/site-packages/airflow/example_dags/example_bash_operator.py took 0.151 seconds
