[2025-12-08T14:15:24.025+0530] {processor.py:157} INFO - Started process (PID=11552) to work on /Users/ramesharra/airflow310/lib/python3.10/site-packages/airflow/example_dags/example_time_delta_sensor_async.py
[2025-12-08T14:15:24.026+0530] {processor.py:829} INFO - Processing file /Users/ramesharra/airflow310/lib/python3.10/site-packages/airflow/example_dags/example_time_delta_sensor_async.py for tasks to queue
[2025-12-08T14:15:24.027+0530] {logging_mixin.py:154} INFO - [2025-12-08T14:15:24.027+0530] {dagbag.py:536} INFO - Filling up the DagBag from /Users/ramesharra/airflow310/lib/python3.10/site-packages/airflow/example_dags/example_time_delta_sensor_async.py
[2025-12-08T14:15:24.039+0530] {processor.py:839} INFO - DAG(s) dict_keys(['example_time_delta_sensor_async']) retrieved from /Users/ramesharra/airflow310/lib/python3.10/site-packages/airflow/example_dags/example_time_delta_sensor_async.py
[2025-12-08T14:15:24.353+0530] {logging_mixin.py:154} INFO - [2025-12-08T14:15:24.353+0530] {manager.py:499} INFO - Created Permission View: %s
[2025-12-08T14:15:24.358+0530] {logging_mixin.py:154} INFO - [2025-12-08T14:15:24.357+0530] {manager.py:499} INFO - Created Permission View: %s
[2025-12-08T14:15:24.360+0530] {logging_mixin.py:154} INFO - [2025-12-08T14:15:24.360+0530] {manager.py:499} INFO - Created Permission View: %s
[2025-12-08T14:15:24.360+0530] {logging_mixin.py:154} INFO - [2025-12-08T14:15:24.360+0530] {dag.py:2941} INFO - Sync 1 DAGs
[2025-12-08T14:15:24.366+0530] {logging_mixin.py:154} INFO - [2025-12-08T14:15:24.366+0530] {dag.py:2963} INFO - Creating ORM DAG for example_time_delta_sensor_async
[2025-12-08T14:15:24.366+0530] {logging_mixin.py:154} INFO - [2025-12-08T14:15:24.366+0530] {dag.py:3722} INFO - Setting next_dagrun for example_time_delta_sensor_async to None, run_after=None
[2025-12-08T14:15:24.378+0530] {processor.py:179} INFO - Processing /Users/ramesharra/airflow310/lib/python3.10/site-packages/airflow/example_dags/example_time_delta_sensor_async.py took 0.353 seconds
[2025-12-08T14:17:02.028+0530] {processor.py:157} INFO - Started process (PID=11677) to work on /Users/ramesharra/airflow310/lib/python3.10/site-packages/airflow/example_dags/example_time_delta_sensor_async.py
[2025-12-08T14:17:02.029+0530] {processor.py:829} INFO - Processing file /Users/ramesharra/airflow310/lib/python3.10/site-packages/airflow/example_dags/example_time_delta_sensor_async.py for tasks to queue
[2025-12-08T14:17:02.031+0530] {logging_mixin.py:154} INFO - [2025-12-08T14:17:02.031+0530] {dagbag.py:536} INFO - Filling up the DagBag from /Users/ramesharra/airflow310/lib/python3.10/site-packages/airflow/example_dags/example_time_delta_sensor_async.py
[2025-12-08T14:17:02.046+0530] {processor.py:839} INFO - DAG(s) dict_keys(['example_time_delta_sensor_async']) retrieved from /Users/ramesharra/airflow310/lib/python3.10/site-packages/airflow/example_dags/example_time_delta_sensor_async.py
[2025-12-08T14:17:02.147+0530] {logging_mixin.py:154} INFO - [2025-12-08T14:17:02.147+0530] {dag.py:2941} INFO - Sync 1 DAGs
[2025-12-08T14:17:02.152+0530] {logging_mixin.py:154} INFO - [2025-12-08T14:17:02.152+0530] {dag.py:3722} INFO - Setting next_dagrun for example_time_delta_sensor_async to None, run_after=None
[2025-12-08T14:17:02.161+0530] {processor.py:179} INFO - Processing /Users/ramesharra/airflow310/lib/python3.10/site-packages/airflow/example_dags/example_time_delta_sensor_async.py took 0.133 seconds
[2025-12-08T14:18:09.390+0530] {processor.py:157} INFO - Started process (PID=11754) to work on /Users/ramesharra/airflow310/lib/python3.10/site-packages/airflow/example_dags/example_time_delta_sensor_async.py
[2025-12-08T14:18:09.390+0530] {processor.py:829} INFO - Processing file /Users/ramesharra/airflow310/lib/python3.10/site-packages/airflow/example_dags/example_time_delta_sensor_async.py for tasks to queue
[2025-12-08T14:18:09.392+0530] {logging_mixin.py:154} INFO - [2025-12-08T14:18:09.392+0530] {dagbag.py:536} INFO - Filling up the DagBag from /Users/ramesharra/airflow310/lib/python3.10/site-packages/airflow/example_dags/example_time_delta_sensor_async.py
[2025-12-08T14:18:09.409+0530] {processor.py:839} INFO - DAG(s) dict_keys(['example_time_delta_sensor_async']) retrieved from /Users/ramesharra/airflow310/lib/python3.10/site-packages/airflow/example_dags/example_time_delta_sensor_async.py
[2025-12-08T14:18:09.509+0530] {logging_mixin.py:154} INFO - [2025-12-08T14:18:09.509+0530] {dag.py:2941} INFO - Sync 1 DAGs
[2025-12-08T14:18:09.514+0530] {logging_mixin.py:154} INFO - [2025-12-08T14:18:09.514+0530] {dag.py:3722} INFO - Setting next_dagrun for example_time_delta_sensor_async to None, run_after=None
[2025-12-08T14:18:09.524+0530] {processor.py:179} INFO - Processing /Users/ramesharra/airflow310/lib/python3.10/site-packages/airflow/example_dags/example_time_delta_sensor_async.py took 0.135 seconds
[2025-12-08T14:20:18.490+0530] {processor.py:157} INFO - Started process (PID=11849) to work on /Users/ramesharra/airflow310/lib/python3.10/site-packages/airflow/example_dags/example_time_delta_sensor_async.py
[2025-12-08T14:20:18.493+0530] {processor.py:829} INFO - Processing file /Users/ramesharra/airflow310/lib/python3.10/site-packages/airflow/example_dags/example_time_delta_sensor_async.py for tasks to queue
[2025-12-08T14:20:18.495+0530] {logging_mixin.py:154} INFO - [2025-12-08T14:20:18.495+0530] {dagbag.py:536} INFO - Filling up the DagBag from /Users/ramesharra/airflow310/lib/python3.10/site-packages/airflow/example_dags/example_time_delta_sensor_async.py
[2025-12-08T14:20:18.506+0530] {processor.py:839} INFO - DAG(s) dict_keys(['example_time_delta_sensor_async']) retrieved from /Users/ramesharra/airflow310/lib/python3.10/site-packages/airflow/example_dags/example_time_delta_sensor_async.py
[2025-12-08T14:20:18.583+0530] {logging_mixin.py:154} INFO - [2025-12-08T14:20:18.583+0530] {dag.py:2941} INFO - Sync 1 DAGs
[2025-12-08T14:20:18.588+0530] {logging_mixin.py:154} INFO - [2025-12-08T14:20:18.588+0530] {dag.py:3722} INFO - Setting next_dagrun for example_time_delta_sensor_async to None, run_after=None
[2025-12-08T14:20:18.596+0530] {processor.py:179} INFO - Processing /Users/ramesharra/airflow310/lib/python3.10/site-packages/airflow/example_dags/example_time_delta_sensor_async.py took 0.106 seconds
[2025-12-08T14:21:44.518+0530] {processor.py:157} INFO - Started process (PID=11936) to work on /Users/ramesharra/airflow310/lib/python3.10/site-packages/airflow/example_dags/example_time_delta_sensor_async.py
[2025-12-08T14:21:44.519+0530] {processor.py:829} INFO - Processing file /Users/ramesharra/airflow310/lib/python3.10/site-packages/airflow/example_dags/example_time_delta_sensor_async.py for tasks to queue
[2025-12-08T14:21:44.521+0530] {logging_mixin.py:154} INFO - [2025-12-08T14:21:44.520+0530] {dagbag.py:536} INFO - Filling up the DagBag from /Users/ramesharra/airflow310/lib/python3.10/site-packages/airflow/example_dags/example_time_delta_sensor_async.py
[2025-12-08T14:21:44.535+0530] {processor.py:839} INFO - DAG(s) dict_keys(['example_time_delta_sensor_async']) retrieved from /Users/ramesharra/airflow310/lib/python3.10/site-packages/airflow/example_dags/example_time_delta_sensor_async.py
[2025-12-08T14:21:44.636+0530] {logging_mixin.py:154} INFO - [2025-12-08T14:21:44.635+0530] {dag.py:2941} INFO - Sync 1 DAGs
[2025-12-08T14:21:44.641+0530] {logging_mixin.py:154} INFO - [2025-12-08T14:21:44.641+0530] {dag.py:3722} INFO - Setting next_dagrun for example_time_delta_sensor_async to None, run_after=None
[2025-12-08T14:21:44.652+0530] {processor.py:179} INFO - Processing /Users/ramesharra/airflow310/lib/python3.10/site-packages/airflow/example_dags/example_time_delta_sensor_async.py took 0.134 seconds
[2025-12-08T14:22:47.607+0530] {processor.py:157} INFO - Started process (PID=12023) to work on /Users/ramesharra/airflow310/lib/python3.10/site-packages/airflow/example_dags/example_time_delta_sensor_async.py
[2025-12-08T14:22:47.609+0530] {processor.py:829} INFO - Processing file /Users/ramesharra/airflow310/lib/python3.10/site-packages/airflow/example_dags/example_time_delta_sensor_async.py for tasks to queue
[2025-12-08T14:22:47.610+0530] {logging_mixin.py:154} INFO - [2025-12-08T14:22:47.610+0530] {dagbag.py:536} INFO - Filling up the DagBag from /Users/ramesharra/airflow310/lib/python3.10/site-packages/airflow/example_dags/example_time_delta_sensor_async.py
[2025-12-08T14:22:47.626+0530] {processor.py:839} INFO - DAG(s) dict_keys(['example_time_delta_sensor_async']) retrieved from /Users/ramesharra/airflow310/lib/python3.10/site-packages/airflow/example_dags/example_time_delta_sensor_async.py
[2025-12-08T14:22:47.727+0530] {logging_mixin.py:154} INFO - [2025-12-08T14:22:47.727+0530] {dag.py:2941} INFO - Sync 1 DAGs
[2025-12-08T14:22:47.733+0530] {logging_mixin.py:154} INFO - [2025-12-08T14:22:47.733+0530] {dag.py:3722} INFO - Setting next_dagrun for example_time_delta_sensor_async to None, run_after=None
[2025-12-08T14:22:47.744+0530] {processor.py:179} INFO - Processing /Users/ramesharra/airflow310/lib/python3.10/site-packages/airflow/example_dags/example_time_delta_sensor_async.py took 0.137 seconds
[2025-12-08T14:23:52.624+0530] {processor.py:157} INFO - Started process (PID=12245) to work on /Users/ramesharra/airflow310/lib/python3.10/site-packages/airflow/example_dags/example_time_delta_sensor_async.py
[2025-12-08T14:23:52.625+0530] {processor.py:829} INFO - Processing file /Users/ramesharra/airflow310/lib/python3.10/site-packages/airflow/example_dags/example_time_delta_sensor_async.py for tasks to queue
[2025-12-08T14:23:52.627+0530] {logging_mixin.py:154} INFO - [2025-12-08T14:23:52.626+0530] {dagbag.py:536} INFO - Filling up the DagBag from /Users/ramesharra/airflow310/lib/python3.10/site-packages/airflow/example_dags/example_time_delta_sensor_async.py
[2025-12-08T14:23:52.641+0530] {processor.py:839} INFO - DAG(s) dict_keys(['example_time_delta_sensor_async']) retrieved from /Users/ramesharra/airflow310/lib/python3.10/site-packages/airflow/example_dags/example_time_delta_sensor_async.py
[2025-12-08T14:23:52.742+0530] {logging_mixin.py:154} INFO - [2025-12-08T14:23:52.742+0530] {dag.py:2941} INFO - Sync 1 DAGs
[2025-12-08T14:23:52.748+0530] {logging_mixin.py:154} INFO - [2025-12-08T14:23:52.748+0530] {dag.py:3722} INFO - Setting next_dagrun for example_time_delta_sensor_async to None, run_after=None
[2025-12-08T14:23:52.759+0530] {processor.py:179} INFO - Processing /Users/ramesharra/airflow310/lib/python3.10/site-packages/airflow/example_dags/example_time_delta_sensor_async.py took 0.136 seconds
[2025-12-08T14:24:54.129+0530] {processor.py:157} INFO - Started process (PID=12318) to work on /Users/ramesharra/airflow310/lib/python3.10/site-packages/airflow/example_dags/example_time_delta_sensor_async.py
[2025-12-08T14:24:54.129+0530] {processor.py:829} INFO - Processing file /Users/ramesharra/airflow310/lib/python3.10/site-packages/airflow/example_dags/example_time_delta_sensor_async.py for tasks to queue
[2025-12-08T14:24:54.131+0530] {logging_mixin.py:154} INFO - [2025-12-08T14:24:54.131+0530] {dagbag.py:536} INFO - Filling up the DagBag from /Users/ramesharra/airflow310/lib/python3.10/site-packages/airflow/example_dags/example_time_delta_sensor_async.py
[2025-12-08T14:24:54.147+0530] {processor.py:839} INFO - DAG(s) dict_keys(['example_time_delta_sensor_async']) retrieved from /Users/ramesharra/airflow310/lib/python3.10/site-packages/airflow/example_dags/example_time_delta_sensor_async.py
[2025-12-08T14:24:54.258+0530] {logging_mixin.py:154} INFO - [2025-12-08T14:24:54.258+0530] {dag.py:2941} INFO - Sync 1 DAGs
[2025-12-08T14:24:54.264+0530] {logging_mixin.py:154} INFO - [2025-12-08T14:24:54.264+0530] {dag.py:3722} INFO - Setting next_dagrun for example_time_delta_sensor_async to None, run_after=None
[2025-12-08T14:24:54.276+0530] {processor.py:179} INFO - Processing /Users/ramesharra/airflow310/lib/python3.10/site-packages/airflow/example_dags/example_time_delta_sensor_async.py took 0.147 seconds
[2025-12-08T14:26:07.556+0530] {processor.py:157} INFO - Started process (PID=12423) to work on /Users/ramesharra/airflow310/lib/python3.10/site-packages/airflow/example_dags/example_time_delta_sensor_async.py
[2025-12-08T14:26:07.556+0530] {processor.py:829} INFO - Processing file /Users/ramesharra/airflow310/lib/python3.10/site-packages/airflow/example_dags/example_time_delta_sensor_async.py for tasks to queue
[2025-12-08T14:26:07.558+0530] {logging_mixin.py:154} INFO - [2025-12-08T14:26:07.558+0530] {dagbag.py:536} INFO - Filling up the DagBag from /Users/ramesharra/airflow310/lib/python3.10/site-packages/airflow/example_dags/example_time_delta_sensor_async.py
[2025-12-08T14:26:07.572+0530] {processor.py:839} INFO - DAG(s) dict_keys(['example_time_delta_sensor_async']) retrieved from /Users/ramesharra/airflow310/lib/python3.10/site-packages/airflow/example_dags/example_time_delta_sensor_async.py
[2025-12-08T14:26:07.679+0530] {logging_mixin.py:154} INFO - [2025-12-08T14:26:07.678+0530] {dag.py:2941} INFO - Sync 1 DAGs
[2025-12-08T14:26:07.685+0530] {logging_mixin.py:154} INFO - [2025-12-08T14:26:07.685+0530] {dag.py:3722} INFO - Setting next_dagrun for example_time_delta_sensor_async to None, run_after=None
[2025-12-08T14:26:07.697+0530] {processor.py:179} INFO - Processing /Users/ramesharra/airflow310/lib/python3.10/site-packages/airflow/example_dags/example_time_delta_sensor_async.py took 0.142 seconds
[2025-12-08T14:27:42.894+0530] {processor.py:157} INFO - Started process (PID=12527) to work on /Users/ramesharra/airflow310/lib/python3.10/site-packages/airflow/example_dags/example_time_delta_sensor_async.py
[2025-12-08T14:27:42.895+0530] {processor.py:829} INFO - Processing file /Users/ramesharra/airflow310/lib/python3.10/site-packages/airflow/example_dags/example_time_delta_sensor_async.py for tasks to queue
[2025-12-08T14:27:42.896+0530] {logging_mixin.py:154} INFO - [2025-12-08T14:27:42.896+0530] {dagbag.py:536} INFO - Filling up the DagBag from /Users/ramesharra/airflow310/lib/python3.10/site-packages/airflow/example_dags/example_time_delta_sensor_async.py
[2025-12-08T14:27:42.911+0530] {processor.py:839} INFO - DAG(s) dict_keys(['example_time_delta_sensor_async']) retrieved from /Users/ramesharra/airflow310/lib/python3.10/site-packages/airflow/example_dags/example_time_delta_sensor_async.py
[2025-12-08T14:27:43.015+0530] {logging_mixin.py:154} INFO - [2025-12-08T14:27:43.015+0530] {dag.py:2941} INFO - Sync 1 DAGs
[2025-12-08T14:27:43.021+0530] {logging_mixin.py:154} INFO - [2025-12-08T14:27:43.020+0530] {dag.py:3722} INFO - Setting next_dagrun for example_time_delta_sensor_async to None, run_after=None
[2025-12-08T14:27:43.031+0530] {processor.py:179} INFO - Processing /Users/ramesharra/airflow310/lib/python3.10/site-packages/airflow/example_dags/example_time_delta_sensor_async.py took 0.137 seconds
[2025-12-08T14:29:03.351+0530] {processor.py:157} INFO - Started process (PID=12616) to work on /Users/ramesharra/airflow310/lib/python3.10/site-packages/airflow/example_dags/example_time_delta_sensor_async.py
[2025-12-08T14:29:03.352+0530] {processor.py:829} INFO - Processing file /Users/ramesharra/airflow310/lib/python3.10/site-packages/airflow/example_dags/example_time_delta_sensor_async.py for tasks to queue
[2025-12-08T14:29:03.353+0530] {logging_mixin.py:154} INFO - [2025-12-08T14:29:03.353+0530] {dagbag.py:536} INFO - Filling up the DagBag from /Users/ramesharra/airflow310/lib/python3.10/site-packages/airflow/example_dags/example_time_delta_sensor_async.py
[2025-12-08T14:29:03.367+0530] {processor.py:839} INFO - DAG(s) dict_keys(['example_time_delta_sensor_async']) retrieved from /Users/ramesharra/airflow310/lib/python3.10/site-packages/airflow/example_dags/example_time_delta_sensor_async.py
[2025-12-08T14:29:03.470+0530] {logging_mixin.py:154} INFO - [2025-12-08T14:29:03.470+0530] {dag.py:2941} INFO - Sync 1 DAGs
[2025-12-08T14:29:03.476+0530] {logging_mixin.py:154} INFO - [2025-12-08T14:29:03.476+0530] {dag.py:3722} INFO - Setting next_dagrun for example_time_delta_sensor_async to None, run_after=None
[2025-12-08T14:29:03.486+0530] {processor.py:179} INFO - Processing /Users/ramesharra/airflow310/lib/python3.10/site-packages/airflow/example_dags/example_time_delta_sensor_async.py took 0.136 seconds
[2025-12-08T14:30:33.971+0530] {processor.py:157} INFO - Started process (PID=12715) to work on /Users/ramesharra/airflow310/lib/python3.10/site-packages/airflow/example_dags/example_time_delta_sensor_async.py
[2025-12-08T14:30:33.971+0530] {processor.py:829} INFO - Processing file /Users/ramesharra/airflow310/lib/python3.10/site-packages/airflow/example_dags/example_time_delta_sensor_async.py for tasks to queue
[2025-12-08T14:30:33.973+0530] {logging_mixin.py:154} INFO - [2025-12-08T14:30:33.973+0530] {dagbag.py:536} INFO - Filling up the DagBag from /Users/ramesharra/airflow310/lib/python3.10/site-packages/airflow/example_dags/example_time_delta_sensor_async.py
[2025-12-08T14:30:33.989+0530] {processor.py:839} INFO - DAG(s) dict_keys(['example_time_delta_sensor_async']) retrieved from /Users/ramesharra/airflow310/lib/python3.10/site-packages/airflow/example_dags/example_time_delta_sensor_async.py
[2025-12-08T14:30:34.098+0530] {logging_mixin.py:154} INFO - [2025-12-08T14:30:34.098+0530] {dag.py:2941} INFO - Sync 1 DAGs
[2025-12-08T14:30:34.105+0530] {logging_mixin.py:154} INFO - [2025-12-08T14:30:34.104+0530] {dag.py:3722} INFO - Setting next_dagrun for example_time_delta_sensor_async to None, run_after=None
[2025-12-08T14:30:34.116+0530] {processor.py:179} INFO - Processing /Users/ramesharra/airflow310/lib/python3.10/site-packages/airflow/example_dags/example_time_delta_sensor_async.py took 0.146 seconds
[2025-12-08T14:31:36.249+0530] {processor.py:157} INFO - Started process (PID=12770) to work on /Users/ramesharra/airflow310/lib/python3.10/site-packages/airflow/example_dags/example_time_delta_sensor_async.py
[2025-12-08T14:31:36.250+0530] {processor.py:829} INFO - Processing file /Users/ramesharra/airflow310/lib/python3.10/site-packages/airflow/example_dags/example_time_delta_sensor_async.py for tasks to queue
[2025-12-08T14:31:36.251+0530] {logging_mixin.py:154} INFO - [2025-12-08T14:31:36.251+0530] {dagbag.py:536} INFO - Filling up the DagBag from /Users/ramesharra/airflow310/lib/python3.10/site-packages/airflow/example_dags/example_time_delta_sensor_async.py
[2025-12-08T14:31:36.268+0530] {processor.py:839} INFO - DAG(s) dict_keys(['example_time_delta_sensor_async']) retrieved from /Users/ramesharra/airflow310/lib/python3.10/site-packages/airflow/example_dags/example_time_delta_sensor_async.py
[2025-12-08T14:31:36.400+0530] {logging_mixin.py:154} INFO - [2025-12-08T14:31:36.400+0530] {dag.py:2941} INFO - Sync 1 DAGs
[2025-12-08T14:31:36.407+0530] {logging_mixin.py:154} INFO - [2025-12-08T14:31:36.407+0530] {dag.py:3722} INFO - Setting next_dagrun for example_time_delta_sensor_async to None, run_after=None
[2025-12-08T14:31:36.419+0530] {processor.py:179} INFO - Processing /Users/ramesharra/airflow310/lib/python3.10/site-packages/airflow/example_dags/example_time_delta_sensor_async.py took 0.170 seconds
[2025-12-08T14:32:38.665+0530] {processor.py:157} INFO - Started process (PID=12855) to work on /Users/ramesharra/airflow310/lib/python3.10/site-packages/airflow/example_dags/example_time_delta_sensor_async.py
[2025-12-08T14:32:38.666+0530] {processor.py:829} INFO - Processing file /Users/ramesharra/airflow310/lib/python3.10/site-packages/airflow/example_dags/example_time_delta_sensor_async.py for tasks to queue
[2025-12-08T14:32:38.668+0530] {logging_mixin.py:154} INFO - [2025-12-08T14:32:38.668+0530] {dagbag.py:536} INFO - Filling up the DagBag from /Users/ramesharra/airflow310/lib/python3.10/site-packages/airflow/example_dags/example_time_delta_sensor_async.py
[2025-12-08T14:32:38.684+0530] {processor.py:839} INFO - DAG(s) dict_keys(['example_time_delta_sensor_async']) retrieved from /Users/ramesharra/airflow310/lib/python3.10/site-packages/airflow/example_dags/example_time_delta_sensor_async.py
[2025-12-08T14:32:38.782+0530] {logging_mixin.py:154} INFO - [2025-12-08T14:32:38.782+0530] {dag.py:2941} INFO - Sync 1 DAGs
[2025-12-08T14:32:38.788+0530] {logging_mixin.py:154} INFO - [2025-12-08T14:32:38.788+0530] {dag.py:3722} INFO - Setting next_dagrun for example_time_delta_sensor_async to None, run_after=None
[2025-12-08T14:32:38.799+0530] {processor.py:179} INFO - Processing /Users/ramesharra/airflow310/lib/python3.10/site-packages/airflow/example_dags/example_time_delta_sensor_async.py took 0.134 seconds
[2025-12-08T14:33:39.754+0530] {processor.py:157} INFO - Started process (PID=12923) to work on /Users/ramesharra/airflow310/lib/python3.10/site-packages/airflow/example_dags/example_time_delta_sensor_async.py
[2025-12-08T14:33:39.755+0530] {processor.py:829} INFO - Processing file /Users/ramesharra/airflow310/lib/python3.10/site-packages/airflow/example_dags/example_time_delta_sensor_async.py for tasks to queue
[2025-12-08T14:33:39.757+0530] {logging_mixin.py:154} INFO - [2025-12-08T14:33:39.757+0530] {dagbag.py:536} INFO - Filling up the DagBag from /Users/ramesharra/airflow310/lib/python3.10/site-packages/airflow/example_dags/example_time_delta_sensor_async.py
[2025-12-08T14:33:39.773+0530] {processor.py:839} INFO - DAG(s) dict_keys(['example_time_delta_sensor_async']) retrieved from /Users/ramesharra/airflow310/lib/python3.10/site-packages/airflow/example_dags/example_time_delta_sensor_async.py
[2025-12-08T14:33:39.875+0530] {logging_mixin.py:154} INFO - [2025-12-08T14:33:39.875+0530] {dag.py:2941} INFO - Sync 1 DAGs
[2025-12-08T14:33:39.881+0530] {logging_mixin.py:154} INFO - [2025-12-08T14:33:39.881+0530] {dag.py:3722} INFO - Setting next_dagrun for example_time_delta_sensor_async to None, run_after=None
[2025-12-08T14:33:39.892+0530] {processor.py:179} INFO - Processing /Users/ramesharra/airflow310/lib/python3.10/site-packages/airflow/example_dags/example_time_delta_sensor_async.py took 0.138 seconds
[2025-12-08T14:34:42.095+0530] {processor.py:157} INFO - Started process (PID=12995) to work on /Users/ramesharra/airflow310/lib/python3.10/site-packages/airflow/example_dags/example_time_delta_sensor_async.py
[2025-12-08T14:34:42.096+0530] {processor.py:829} INFO - Processing file /Users/ramesharra/airflow310/lib/python3.10/site-packages/airflow/example_dags/example_time_delta_sensor_async.py for tasks to queue
[2025-12-08T14:34:42.097+0530] {logging_mixin.py:154} INFO - [2025-12-08T14:34:42.097+0530] {dagbag.py:536} INFO - Filling up the DagBag from /Users/ramesharra/airflow310/lib/python3.10/site-packages/airflow/example_dags/example_time_delta_sensor_async.py
[2025-12-08T14:34:42.114+0530] {processor.py:839} INFO - DAG(s) dict_keys(['example_time_delta_sensor_async']) retrieved from /Users/ramesharra/airflow310/lib/python3.10/site-packages/airflow/example_dags/example_time_delta_sensor_async.py
[2025-12-08T14:34:42.297+0530] {logging_mixin.py:154} INFO - [2025-12-08T14:34:42.296+0530] {dag.py:2941} INFO - Sync 1 DAGs
[2025-12-08T14:34:42.306+0530] {logging_mixin.py:154} INFO - [2025-12-08T14:34:42.306+0530] {dag.py:3722} INFO - Setting next_dagrun for example_time_delta_sensor_async to None, run_after=None
[2025-12-08T14:34:42.322+0530] {processor.py:179} INFO - Processing /Users/ramesharra/airflow310/lib/python3.10/site-packages/airflow/example_dags/example_time_delta_sensor_async.py took 0.229 seconds
[2025-12-08T14:35:46.925+0530] {processor.py:157} INFO - Started process (PID=13069) to work on /Users/ramesharra/airflow310/lib/python3.10/site-packages/airflow/example_dags/example_time_delta_sensor_async.py
[2025-12-08T14:35:46.926+0530] {processor.py:829} INFO - Processing file /Users/ramesharra/airflow310/lib/python3.10/site-packages/airflow/example_dags/example_time_delta_sensor_async.py for tasks to queue
[2025-12-08T14:35:46.928+0530] {logging_mixin.py:154} INFO - [2025-12-08T14:35:46.927+0530] {dagbag.py:536} INFO - Filling up the DagBag from /Users/ramesharra/airflow310/lib/python3.10/site-packages/airflow/example_dags/example_time_delta_sensor_async.py
[2025-12-08T14:35:46.952+0530] {processor.py:839} INFO - DAG(s) dict_keys(['example_time_delta_sensor_async']) retrieved from /Users/ramesharra/airflow310/lib/python3.10/site-packages/airflow/example_dags/example_time_delta_sensor_async.py
[2025-12-08T14:35:47.109+0530] {logging_mixin.py:154} INFO - [2025-12-08T14:35:47.108+0530] {dag.py:2941} INFO - Sync 1 DAGs
[2025-12-08T14:35:47.117+0530] {logging_mixin.py:154} INFO - [2025-12-08T14:35:47.117+0530] {dag.py:3722} INFO - Setting next_dagrun for example_time_delta_sensor_async to None, run_after=None
[2025-12-08T14:35:47.133+0530] {processor.py:179} INFO - Processing /Users/ramesharra/airflow310/lib/python3.10/site-packages/airflow/example_dags/example_time_delta_sensor_async.py took 0.208 seconds
[2025-12-08T14:36:51.827+0530] {processor.py:157} INFO - Started process (PID=13138) to work on /Users/ramesharra/airflow310/lib/python3.10/site-packages/airflow/example_dags/example_time_delta_sensor_async.py
[2025-12-08T14:36:51.828+0530] {processor.py:829} INFO - Processing file /Users/ramesharra/airflow310/lib/python3.10/site-packages/airflow/example_dags/example_time_delta_sensor_async.py for tasks to queue
[2025-12-08T14:36:51.829+0530] {logging_mixin.py:154} INFO - [2025-12-08T14:36:51.829+0530] {dagbag.py:536} INFO - Filling up the DagBag from /Users/ramesharra/airflow310/lib/python3.10/site-packages/airflow/example_dags/example_time_delta_sensor_async.py
[2025-12-08T14:36:51.845+0530] {processor.py:839} INFO - DAG(s) dict_keys(['example_time_delta_sensor_async']) retrieved from /Users/ramesharra/airflow310/lib/python3.10/site-packages/airflow/example_dags/example_time_delta_sensor_async.py
[2025-12-08T14:36:51.957+0530] {logging_mixin.py:154} INFO - [2025-12-08T14:36:51.957+0530] {dag.py:2941} INFO - Sync 1 DAGs
[2025-12-08T14:36:51.963+0530] {logging_mixin.py:154} INFO - [2025-12-08T14:36:51.963+0530] {dag.py:3722} INFO - Setting next_dagrun for example_time_delta_sensor_async to None, run_after=None
[2025-12-08T14:36:51.975+0530] {processor.py:179} INFO - Processing /Users/ramesharra/airflow310/lib/python3.10/site-packages/airflow/example_dags/example_time_delta_sensor_async.py took 0.149 seconds
[2025-12-08T14:37:58.618+0530] {processor.py:157} INFO - Started process (PID=13209) to work on /Users/ramesharra/airflow310/lib/python3.10/site-packages/airflow/example_dags/example_time_delta_sensor_async.py
[2025-12-08T14:37:58.618+0530] {processor.py:829} INFO - Processing file /Users/ramesharra/airflow310/lib/python3.10/site-packages/airflow/example_dags/example_time_delta_sensor_async.py for tasks to queue
[2025-12-08T14:37:58.620+0530] {logging_mixin.py:154} INFO - [2025-12-08T14:37:58.620+0530] {dagbag.py:536} INFO - Filling up the DagBag from /Users/ramesharra/airflow310/lib/python3.10/site-packages/airflow/example_dags/example_time_delta_sensor_async.py
[2025-12-08T14:37:58.636+0530] {processor.py:839} INFO - DAG(s) dict_keys(['example_time_delta_sensor_async']) retrieved from /Users/ramesharra/airflow310/lib/python3.10/site-packages/airflow/example_dags/example_time_delta_sensor_async.py
[2025-12-08T14:37:58.755+0530] {logging_mixin.py:154} INFO - [2025-12-08T14:37:58.755+0530] {dag.py:2941} INFO - Sync 1 DAGs
[2025-12-08T14:37:58.769+0530] {logging_mixin.py:154} INFO - [2025-12-08T14:37:58.769+0530] {dag.py:3722} INFO - Setting next_dagrun for example_time_delta_sensor_async to None, run_after=None
[2025-12-08T14:37:58.781+0530] {processor.py:179} INFO - Processing /Users/ramesharra/airflow310/lib/python3.10/site-packages/airflow/example_dags/example_time_delta_sensor_async.py took 0.164 seconds
[2025-12-08T14:39:06.242+0530] {processor.py:157} INFO - Started process (PID=13297) to work on /Users/ramesharra/airflow310/lib/python3.10/site-packages/airflow/example_dags/example_time_delta_sensor_async.py
[2025-12-08T14:39:06.243+0530] {processor.py:829} INFO - Processing file /Users/ramesharra/airflow310/lib/python3.10/site-packages/airflow/example_dags/example_time_delta_sensor_async.py for tasks to queue
[2025-12-08T14:39:06.244+0530] {logging_mixin.py:154} INFO - [2025-12-08T14:39:06.244+0530] {dagbag.py:536} INFO - Filling up the DagBag from /Users/ramesharra/airflow310/lib/python3.10/site-packages/airflow/example_dags/example_time_delta_sensor_async.py
[2025-12-08T14:39:06.261+0530] {processor.py:839} INFO - DAG(s) dict_keys(['example_time_delta_sensor_async']) retrieved from /Users/ramesharra/airflow310/lib/python3.10/site-packages/airflow/example_dags/example_time_delta_sensor_async.py
[2025-12-08T14:39:06.368+0530] {logging_mixin.py:154} INFO - [2025-12-08T14:39:06.368+0530] {dag.py:2941} INFO - Sync 1 DAGs
[2025-12-08T14:39:06.374+0530] {logging_mixin.py:154} INFO - [2025-12-08T14:39:06.374+0530] {dag.py:3722} INFO - Setting next_dagrun for example_time_delta_sensor_async to None, run_after=None
[2025-12-08T14:39:06.385+0530] {processor.py:179} INFO - Processing /Users/ramesharra/airflow310/lib/python3.10/site-packages/airflow/example_dags/example_time_delta_sensor_async.py took 0.143 seconds
[2025-12-08T14:40:12.392+0530] {processor.py:157} INFO - Started process (PID=13368) to work on /Users/ramesharra/airflow310/lib/python3.10/site-packages/airflow/example_dags/example_time_delta_sensor_async.py
[2025-12-08T14:40:12.393+0530] {processor.py:829} INFO - Processing file /Users/ramesharra/airflow310/lib/python3.10/site-packages/airflow/example_dags/example_time_delta_sensor_async.py for tasks to queue
[2025-12-08T14:40:12.394+0530] {logging_mixin.py:154} INFO - [2025-12-08T14:40:12.394+0530] {dagbag.py:536} INFO - Filling up the DagBag from /Users/ramesharra/airflow310/lib/python3.10/site-packages/airflow/example_dags/example_time_delta_sensor_async.py
[2025-12-08T14:40:12.411+0530] {processor.py:839} INFO - DAG(s) dict_keys(['example_time_delta_sensor_async']) retrieved from /Users/ramesharra/airflow310/lib/python3.10/site-packages/airflow/example_dags/example_time_delta_sensor_async.py
[2025-12-08T14:40:12.518+0530] {logging_mixin.py:154} INFO - [2025-12-08T14:40:12.518+0530] {dag.py:2941} INFO - Sync 1 DAGs
[2025-12-08T14:40:12.524+0530] {logging_mixin.py:154} INFO - [2025-12-08T14:40:12.524+0530] {dag.py:3722} INFO - Setting next_dagrun for example_time_delta_sensor_async to None, run_after=None
[2025-12-08T14:40:12.535+0530] {processor.py:179} INFO - Processing /Users/ramesharra/airflow310/lib/python3.10/site-packages/airflow/example_dags/example_time_delta_sensor_async.py took 0.143 seconds
[2025-12-08T14:41:17.906+0530] {processor.py:157} INFO - Started process (PID=13447) to work on /Users/ramesharra/airflow310/lib/python3.10/site-packages/airflow/example_dags/example_time_delta_sensor_async.py
[2025-12-08T14:41:17.907+0530] {processor.py:829} INFO - Processing file /Users/ramesharra/airflow310/lib/python3.10/site-packages/airflow/example_dags/example_time_delta_sensor_async.py for tasks to queue
[2025-12-08T14:41:17.908+0530] {logging_mixin.py:154} INFO - [2025-12-08T14:41:17.908+0530] {dagbag.py:536} INFO - Filling up the DagBag from /Users/ramesharra/airflow310/lib/python3.10/site-packages/airflow/example_dags/example_time_delta_sensor_async.py
[2025-12-08T14:41:17.927+0530] {processor.py:839} INFO - DAG(s) dict_keys(['example_time_delta_sensor_async']) retrieved from /Users/ramesharra/airflow310/lib/python3.10/site-packages/airflow/example_dags/example_time_delta_sensor_async.py
[2025-12-08T14:41:18.037+0530] {logging_mixin.py:154} INFO - [2025-12-08T14:41:18.037+0530] {dag.py:2941} INFO - Sync 1 DAGs
[2025-12-08T14:41:18.043+0530] {logging_mixin.py:154} INFO - [2025-12-08T14:41:18.043+0530] {dag.py:3722} INFO - Setting next_dagrun for example_time_delta_sensor_async to None, run_after=None
[2025-12-08T14:41:18.054+0530] {processor.py:179} INFO - Processing /Users/ramesharra/airflow310/lib/python3.10/site-packages/airflow/example_dags/example_time_delta_sensor_async.py took 0.149 seconds
[2025-12-08T14:42:24.301+0530] {processor.py:157} INFO - Started process (PID=13527) to work on /Users/ramesharra/airflow310/lib/python3.10/site-packages/airflow/example_dags/example_time_delta_sensor_async.py
[2025-12-08T14:42:24.302+0530] {processor.py:829} INFO - Processing file /Users/ramesharra/airflow310/lib/python3.10/site-packages/airflow/example_dags/example_time_delta_sensor_async.py for tasks to queue
[2025-12-08T14:42:24.303+0530] {logging_mixin.py:154} INFO - [2025-12-08T14:42:24.303+0530] {dagbag.py:536} INFO - Filling up the DagBag from /Users/ramesharra/airflow310/lib/python3.10/site-packages/airflow/example_dags/example_time_delta_sensor_async.py
[2025-12-08T14:42:24.320+0530] {processor.py:839} INFO - DAG(s) dict_keys(['example_time_delta_sensor_async']) retrieved from /Users/ramesharra/airflow310/lib/python3.10/site-packages/airflow/example_dags/example_time_delta_sensor_async.py
[2025-12-08T14:42:24.426+0530] {logging_mixin.py:154} INFO - [2025-12-08T14:42:24.426+0530] {dag.py:2941} INFO - Sync 1 DAGs
[2025-12-08T14:42:24.432+0530] {logging_mixin.py:154} INFO - [2025-12-08T14:42:24.432+0530] {dag.py:3722} INFO - Setting next_dagrun for example_time_delta_sensor_async to None, run_after=None
[2025-12-08T14:42:24.442+0530] {processor.py:179} INFO - Processing /Users/ramesharra/airflow310/lib/python3.10/site-packages/airflow/example_dags/example_time_delta_sensor_async.py took 0.142 seconds
[2025-12-08T14:43:28.365+0530] {processor.py:157} INFO - Started process (PID=13593) to work on /Users/ramesharra/airflow310/lib/python3.10/site-packages/airflow/example_dags/example_time_delta_sensor_async.py
[2025-12-08T14:43:28.367+0530] {processor.py:829} INFO - Processing file /Users/ramesharra/airflow310/lib/python3.10/site-packages/airflow/example_dags/example_time_delta_sensor_async.py for tasks to queue
[2025-12-08T14:43:28.368+0530] {logging_mixin.py:154} INFO - [2025-12-08T14:43:28.368+0530] {dagbag.py:536} INFO - Filling up the DagBag from /Users/ramesharra/airflow310/lib/python3.10/site-packages/airflow/example_dags/example_time_delta_sensor_async.py
[2025-12-08T14:43:28.385+0530] {processor.py:839} INFO - DAG(s) dict_keys(['example_time_delta_sensor_async']) retrieved from /Users/ramesharra/airflow310/lib/python3.10/site-packages/airflow/example_dags/example_time_delta_sensor_async.py
[2025-12-08T14:43:28.493+0530] {logging_mixin.py:154} INFO - [2025-12-08T14:43:28.493+0530] {dag.py:2941} INFO - Sync 1 DAGs
[2025-12-08T14:43:28.499+0530] {logging_mixin.py:154} INFO - [2025-12-08T14:43:28.499+0530] {dag.py:3722} INFO - Setting next_dagrun for example_time_delta_sensor_async to None, run_after=None
[2025-12-08T14:43:28.509+0530] {processor.py:179} INFO - Processing /Users/ramesharra/airflow310/lib/python3.10/site-packages/airflow/example_dags/example_time_delta_sensor_async.py took 0.144 seconds
[2025-12-08T14:44:33.517+0530] {processor.py:157} INFO - Started process (PID=13664) to work on /Users/ramesharra/airflow310/lib/python3.10/site-packages/airflow/example_dags/example_time_delta_sensor_async.py
[2025-12-08T14:44:33.518+0530] {processor.py:829} INFO - Processing file /Users/ramesharra/airflow310/lib/python3.10/site-packages/airflow/example_dags/example_time_delta_sensor_async.py for tasks to queue
[2025-12-08T14:44:33.519+0530] {logging_mixin.py:154} INFO - [2025-12-08T14:44:33.519+0530] {dagbag.py:536} INFO - Filling up the DagBag from /Users/ramesharra/airflow310/lib/python3.10/site-packages/airflow/example_dags/example_time_delta_sensor_async.py
[2025-12-08T14:44:33.533+0530] {processor.py:839} INFO - DAG(s) dict_keys(['example_time_delta_sensor_async']) retrieved from /Users/ramesharra/airflow310/lib/python3.10/site-packages/airflow/example_dags/example_time_delta_sensor_async.py
[2025-12-08T14:44:33.637+0530] {logging_mixin.py:154} INFO - [2025-12-08T14:44:33.637+0530] {dag.py:2941} INFO - Sync 1 DAGs
[2025-12-08T14:44:33.643+0530] {logging_mixin.py:154} INFO - [2025-12-08T14:44:33.643+0530] {dag.py:3722} INFO - Setting next_dagrun for example_time_delta_sensor_async to None, run_after=None
[2025-12-08T14:44:33.654+0530] {processor.py:179} INFO - Processing /Users/ramesharra/airflow310/lib/python3.10/site-packages/airflow/example_dags/example_time_delta_sensor_async.py took 0.138 seconds
[2025-12-08T14:45:37.489+0530] {processor.py:157} INFO - Started process (PID=13734) to work on /Users/ramesharra/airflow310/lib/python3.10/site-packages/airflow/example_dags/example_time_delta_sensor_async.py
[2025-12-08T14:45:37.489+0530] {processor.py:829} INFO - Processing file /Users/ramesharra/airflow310/lib/python3.10/site-packages/airflow/example_dags/example_time_delta_sensor_async.py for tasks to queue
[2025-12-08T14:45:37.491+0530] {logging_mixin.py:154} INFO - [2025-12-08T14:45:37.491+0530] {dagbag.py:536} INFO - Filling up the DagBag from /Users/ramesharra/airflow310/lib/python3.10/site-packages/airflow/example_dags/example_time_delta_sensor_async.py
[2025-12-08T14:45:37.506+0530] {processor.py:839} INFO - DAG(s) dict_keys(['example_time_delta_sensor_async']) retrieved from /Users/ramesharra/airflow310/lib/python3.10/site-packages/airflow/example_dags/example_time_delta_sensor_async.py
[2025-12-08T14:45:37.614+0530] {logging_mixin.py:154} INFO - [2025-12-08T14:45:37.614+0530] {dag.py:2941} INFO - Sync 1 DAGs
[2025-12-08T14:45:37.621+0530] {logging_mixin.py:154} INFO - [2025-12-08T14:45:37.621+0530] {dag.py:3722} INFO - Setting next_dagrun for example_time_delta_sensor_async to None, run_after=None
[2025-12-08T14:45:37.634+0530] {processor.py:179} INFO - Processing /Users/ramesharra/airflow310/lib/python3.10/site-packages/airflow/example_dags/example_time_delta_sensor_async.py took 0.146 seconds
[2025-12-08T14:46:40.340+0530] {processor.py:157} INFO - Started process (PID=13801) to work on /Users/ramesharra/airflow310/lib/python3.10/site-packages/airflow/example_dags/example_time_delta_sensor_async.py
[2025-12-08T14:46:40.341+0530] {processor.py:829} INFO - Processing file /Users/ramesharra/airflow310/lib/python3.10/site-packages/airflow/example_dags/example_time_delta_sensor_async.py for tasks to queue
[2025-12-08T14:46:40.343+0530] {logging_mixin.py:154} INFO - [2025-12-08T14:46:40.343+0530] {dagbag.py:536} INFO - Filling up the DagBag from /Users/ramesharra/airflow310/lib/python3.10/site-packages/airflow/example_dags/example_time_delta_sensor_async.py
[2025-12-08T14:46:40.362+0530] {processor.py:839} INFO - DAG(s) dict_keys(['example_time_delta_sensor_async']) retrieved from /Users/ramesharra/airflow310/lib/python3.10/site-packages/airflow/example_dags/example_time_delta_sensor_async.py
[2025-12-08T14:46:40.476+0530] {logging_mixin.py:154} INFO - [2025-12-08T14:46:40.476+0530] {dag.py:2941} INFO - Sync 1 DAGs
[2025-12-08T14:46:40.482+0530] {logging_mixin.py:154} INFO - [2025-12-08T14:46:40.482+0530] {dag.py:3722} INFO - Setting next_dagrun for example_time_delta_sensor_async to None, run_after=None
[2025-12-08T14:46:40.494+0530] {processor.py:179} INFO - Processing /Users/ramesharra/airflow310/lib/python3.10/site-packages/airflow/example_dags/example_time_delta_sensor_async.py took 0.154 seconds
[2025-12-08T14:47:47.970+0530] {processor.py:157} INFO - Started process (PID=13887) to work on /Users/ramesharra/airflow310/lib/python3.10/site-packages/airflow/example_dags/example_time_delta_sensor_async.py
[2025-12-08T14:47:47.970+0530] {processor.py:829} INFO - Processing file /Users/ramesharra/airflow310/lib/python3.10/site-packages/airflow/example_dags/example_time_delta_sensor_async.py for tasks to queue
[2025-12-08T14:47:47.972+0530] {logging_mixin.py:154} INFO - [2025-12-08T14:47:47.972+0530] {dagbag.py:536} INFO - Filling up the DagBag from /Users/ramesharra/airflow310/lib/python3.10/site-packages/airflow/example_dags/example_time_delta_sensor_async.py
[2025-12-08T14:47:47.987+0530] {processor.py:839} INFO - DAG(s) dict_keys(['example_time_delta_sensor_async']) retrieved from /Users/ramesharra/airflow310/lib/python3.10/site-packages/airflow/example_dags/example_time_delta_sensor_async.py
[2025-12-08T14:47:48.092+0530] {logging_mixin.py:154} INFO - [2025-12-08T14:47:48.092+0530] {dag.py:2941} INFO - Sync 1 DAGs
[2025-12-08T14:47:48.098+0530] {logging_mixin.py:154} INFO - [2025-12-08T14:47:48.098+0530] {dag.py:3722} INFO - Setting next_dagrun for example_time_delta_sensor_async to None, run_after=None
[2025-12-08T14:47:48.110+0530] {processor.py:179} INFO - Processing /Users/ramesharra/airflow310/lib/python3.10/site-packages/airflow/example_dags/example_time_delta_sensor_async.py took 0.141 seconds
[2025-12-08T14:48:55.933+0530] {processor.py:157} INFO - Started process (PID=13970) to work on /Users/ramesharra/airflow310/lib/python3.10/site-packages/airflow/example_dags/example_time_delta_sensor_async.py
[2025-12-08T14:48:55.934+0530] {processor.py:829} INFO - Processing file /Users/ramesharra/airflow310/lib/python3.10/site-packages/airflow/example_dags/example_time_delta_sensor_async.py for tasks to queue
[2025-12-08T14:48:55.936+0530] {logging_mixin.py:154} INFO - [2025-12-08T14:48:55.936+0530] {dagbag.py:536} INFO - Filling up the DagBag from /Users/ramesharra/airflow310/lib/python3.10/site-packages/airflow/example_dags/example_time_delta_sensor_async.py
[2025-12-08T14:48:55.958+0530] {processor.py:839} INFO - DAG(s) dict_keys(['example_time_delta_sensor_async']) retrieved from /Users/ramesharra/airflow310/lib/python3.10/site-packages/airflow/example_dags/example_time_delta_sensor_async.py
[2025-12-08T14:48:56.089+0530] {logging_mixin.py:154} INFO - [2025-12-08T14:48:56.089+0530] {dag.py:2941} INFO - Sync 1 DAGs
[2025-12-08T14:48:56.095+0530] {logging_mixin.py:154} INFO - [2025-12-08T14:48:56.095+0530] {dag.py:3722} INFO - Setting next_dagrun for example_time_delta_sensor_async to None, run_after=None
[2025-12-08T14:48:56.110+0530] {processor.py:179} INFO - Processing /Users/ramesharra/airflow310/lib/python3.10/site-packages/airflow/example_dags/example_time_delta_sensor_async.py took 0.177 seconds
[2025-12-08T14:50:03.211+0530] {processor.py:157} INFO - Started process (PID=14037) to work on /Users/ramesharra/airflow310/lib/python3.10/site-packages/airflow/example_dags/example_time_delta_sensor_async.py
[2025-12-08T14:50:03.213+0530] {processor.py:829} INFO - Processing file /Users/ramesharra/airflow310/lib/python3.10/site-packages/airflow/example_dags/example_time_delta_sensor_async.py for tasks to queue
[2025-12-08T14:50:03.215+0530] {logging_mixin.py:154} INFO - [2025-12-08T14:50:03.215+0530] {dagbag.py:536} INFO - Filling up the DagBag from /Users/ramesharra/airflow310/lib/python3.10/site-packages/airflow/example_dags/example_time_delta_sensor_async.py
[2025-12-08T14:50:03.252+0530] {processor.py:839} INFO - DAG(s) dict_keys(['example_time_delta_sensor_async']) retrieved from /Users/ramesharra/airflow310/lib/python3.10/site-packages/airflow/example_dags/example_time_delta_sensor_async.py
[2025-12-08T14:50:03.379+0530] {logging_mixin.py:154} INFO - [2025-12-08T14:50:03.378+0530] {dag.py:2941} INFO - Sync 1 DAGs
[2025-12-08T14:50:03.385+0530] {logging_mixin.py:154} INFO - [2025-12-08T14:50:03.385+0530] {dag.py:3722} INFO - Setting next_dagrun for example_time_delta_sensor_async to None, run_after=None
[2025-12-08T14:50:03.397+0530] {processor.py:179} INFO - Processing /Users/ramesharra/airflow310/lib/python3.10/site-packages/airflow/example_dags/example_time_delta_sensor_async.py took 0.186 seconds
[2025-12-08T14:51:08.822+0530] {processor.py:157} INFO - Started process (PID=14116) to work on /Users/ramesharra/airflow310/lib/python3.10/site-packages/airflow/example_dags/example_time_delta_sensor_async.py
[2025-12-08T14:51:08.823+0530] {processor.py:829} INFO - Processing file /Users/ramesharra/airflow310/lib/python3.10/site-packages/airflow/example_dags/example_time_delta_sensor_async.py for tasks to queue
[2025-12-08T14:51:08.825+0530] {logging_mixin.py:154} INFO - [2025-12-08T14:51:08.825+0530] {dagbag.py:536} INFO - Filling up the DagBag from /Users/ramesharra/airflow310/lib/python3.10/site-packages/airflow/example_dags/example_time_delta_sensor_async.py
[2025-12-08T14:51:08.842+0530] {processor.py:839} INFO - DAG(s) dict_keys(['example_time_delta_sensor_async']) retrieved from /Users/ramesharra/airflow310/lib/python3.10/site-packages/airflow/example_dags/example_time_delta_sensor_async.py
[2025-12-08T14:51:08.954+0530] {logging_mixin.py:154} INFO - [2025-12-08T14:51:08.954+0530] {dag.py:2941} INFO - Sync 1 DAGs
[2025-12-08T14:51:08.960+0530] {logging_mixin.py:154} INFO - [2025-12-08T14:51:08.960+0530] {dag.py:3722} INFO - Setting next_dagrun for example_time_delta_sensor_async to None, run_after=None
[2025-12-08T14:51:08.971+0530] {processor.py:179} INFO - Processing /Users/ramesharra/airflow310/lib/python3.10/site-packages/airflow/example_dags/example_time_delta_sensor_async.py took 0.150 seconds
