[2025-12-08T14:16:09.336+0530] {processor.py:157} INFO - Started process (PID=11608) to work on /Users/ramesharra/airflow310/lib/python3.10/site-packages/airflow/example_dags/example_dynamic_task_mapping_with_no_taskflow_operators.py
[2025-12-08T14:16:09.336+0530] {processor.py:829} INFO - Processing file /Users/ramesharra/airflow310/lib/python3.10/site-packages/airflow/example_dags/example_dynamic_task_mapping_with_no_taskflow_operators.py for tasks to queue
[2025-12-08T14:16:09.337+0530] {logging_mixin.py:154} INFO - [2025-12-08T14:16:09.337+0530] {dagbag.py:536} INFO - Filling up the DagBag from /Users/ramesharra/airflow310/lib/python3.10/site-packages/airflow/example_dags/example_dynamic_task_mapping_with_no_taskflow_operators.py
[2025-12-08T14:16:09.351+0530] {processor.py:839} INFO - DAG(s) dict_keys(['example_dynamic_task_mapping_with_no_taskflow_operators']) retrieved from /Users/ramesharra/airflow310/lib/python3.10/site-packages/airflow/example_dags/example_dynamic_task_mapping_with_no_taskflow_operators.py
[2025-12-08T14:16:09.643+0530] {logging_mixin.py:154} INFO - [2025-12-08T14:16:09.643+0530] {manager.py:499} INFO - Created Permission View: %s
[2025-12-08T14:16:09.647+0530] {logging_mixin.py:154} INFO - [2025-12-08T14:16:09.647+0530] {manager.py:499} INFO - Created Permission View: %s
[2025-12-08T14:16:09.650+0530] {logging_mixin.py:154} INFO - [2025-12-08T14:16:09.650+0530] {manager.py:499} INFO - Created Permission View: %s
[2025-12-08T14:16:09.650+0530] {logging_mixin.py:154} INFO - [2025-12-08T14:16:09.650+0530] {dag.py:2941} INFO - Sync 1 DAGs
[2025-12-08T14:16:09.656+0530] {logging_mixin.py:154} INFO - [2025-12-08T14:16:09.656+0530] {dag.py:2963} INFO - Creating ORM DAG for example_dynamic_task_mapping_with_no_taskflow_operators
[2025-12-08T14:16:09.660+0530] {logging_mixin.py:154} INFO - [2025-12-08T14:16:09.660+0530] {dag.py:3722} INFO - Setting next_dagrun for example_dynamic_task_mapping_with_no_taskflow_operators to 2025-12-07T08:46:09.660056+00:00, run_after=2025-12-08T08:46:09.660056+00:00
[2025-12-08T14:16:09.668+0530] {processor.py:179} INFO - Processing /Users/ramesharra/airflow310/lib/python3.10/site-packages/airflow/example_dags/example_dynamic_task_mapping_with_no_taskflow_operators.py took 0.333 seconds
[2025-12-08T14:20:56.819+0530] {processor.py:157} INFO - Started process (PID=11893) to work on /Users/ramesharra/airflow310/lib/python3.10/site-packages/airflow/example_dags/example_dynamic_task_mapping_with_no_taskflow_operators.py
[2025-12-08T14:20:56.820+0530] {processor.py:829} INFO - Processing file /Users/ramesharra/airflow310/lib/python3.10/site-packages/airflow/example_dags/example_dynamic_task_mapping_with_no_taskflow_operators.py for tasks to queue
[2025-12-08T14:20:56.821+0530] {logging_mixin.py:154} INFO - [2025-12-08T14:20:56.821+0530] {dagbag.py:536} INFO - Filling up the DagBag from /Users/ramesharra/airflow310/lib/python3.10/site-packages/airflow/example_dags/example_dynamic_task_mapping_with_no_taskflow_operators.py
[2025-12-08T14:20:56.831+0530] {processor.py:839} INFO - DAG(s) dict_keys(['example_dynamic_task_mapping_with_no_taskflow_operators']) retrieved from /Users/ramesharra/airflow310/lib/python3.10/site-packages/airflow/example_dags/example_dynamic_task_mapping_with_no_taskflow_operators.py
[2025-12-08T14:20:56.896+0530] {logging_mixin.py:154} INFO - [2025-12-08T14:20:56.896+0530] {dag.py:2941} INFO - Sync 1 DAGs
[2025-12-08T14:20:56.902+0530] {logging_mixin.py:154} INFO - [2025-12-08T14:20:56.902+0530] {dag.py:3722} INFO - Setting next_dagrun for example_dynamic_task_mapping_with_no_taskflow_operators to 2025-12-07T08:50:56.902392+00:00, run_after=2025-12-08T08:50:56.902392+00:00
[2025-12-08T14:20:56.908+0530] {processor.py:179} INFO - Processing /Users/ramesharra/airflow310/lib/python3.10/site-packages/airflow/example_dags/example_dynamic_task_mapping_with_no_taskflow_operators.py took 0.089 seconds
[2025-12-08T14:23:02.219+0530] {processor.py:157} INFO - Started process (PID=12197) to work on /Users/ramesharra/airflow310/lib/python3.10/site-packages/airflow/example_dags/example_dynamic_task_mapping_with_no_taskflow_operators.py
[2025-12-08T14:23:02.219+0530] {processor.py:829} INFO - Processing file /Users/ramesharra/airflow310/lib/python3.10/site-packages/airflow/example_dags/example_dynamic_task_mapping_with_no_taskflow_operators.py for tasks to queue
[2025-12-08T14:23:02.221+0530] {logging_mixin.py:154} INFO - [2025-12-08T14:23:02.221+0530] {dagbag.py:536} INFO - Filling up the DagBag from /Users/ramesharra/airflow310/lib/python3.10/site-packages/airflow/example_dags/example_dynamic_task_mapping_with_no_taskflow_operators.py
[2025-12-08T14:23:02.237+0530] {processor.py:839} INFO - DAG(s) dict_keys(['example_dynamic_task_mapping_with_no_taskflow_operators']) retrieved from /Users/ramesharra/airflow310/lib/python3.10/site-packages/airflow/example_dags/example_dynamic_task_mapping_with_no_taskflow_operators.py
[2025-12-08T14:23:02.344+0530] {logging_mixin.py:154} INFO - [2025-12-08T14:23:02.344+0530] {dag.py:2941} INFO - Sync 1 DAGs
[2025-12-08T14:23:02.354+0530] {logging_mixin.py:154} INFO - [2025-12-08T14:23:02.354+0530] {dag.py:3722} INFO - Setting next_dagrun for example_dynamic_task_mapping_with_no_taskflow_operators to 2025-12-07T08:53:02.354312+00:00, run_after=2025-12-08T08:53:02.354312+00:00
[2025-12-08T14:23:02.365+0530] {processor.py:179} INFO - Processing /Users/ramesharra/airflow310/lib/python3.10/site-packages/airflow/example_dags/example_dynamic_task_mapping_with_no_taskflow_operators.py took 0.147 seconds
[2025-12-08T14:25:10.490+0530] {processor.py:157} INFO - Started process (PID=12352) to work on /Users/ramesharra/airflow310/lib/python3.10/site-packages/airflow/example_dags/example_dynamic_task_mapping_with_no_taskflow_operators.py
[2025-12-08T14:25:10.490+0530] {processor.py:829} INFO - Processing file /Users/ramesharra/airflow310/lib/python3.10/site-packages/airflow/example_dags/example_dynamic_task_mapping_with_no_taskflow_operators.py for tasks to queue
[2025-12-08T14:25:10.492+0530] {logging_mixin.py:154} INFO - [2025-12-08T14:25:10.491+0530] {dagbag.py:536} INFO - Filling up the DagBag from /Users/ramesharra/airflow310/lib/python3.10/site-packages/airflow/example_dags/example_dynamic_task_mapping_with_no_taskflow_operators.py
[2025-12-08T14:25:10.508+0530] {processor.py:839} INFO - DAG(s) dict_keys(['example_dynamic_task_mapping_with_no_taskflow_operators']) retrieved from /Users/ramesharra/airflow310/lib/python3.10/site-packages/airflow/example_dags/example_dynamic_task_mapping_with_no_taskflow_operators.py
[2025-12-08T14:25:10.636+0530] {logging_mixin.py:154} INFO - [2025-12-08T14:25:10.635+0530] {dag.py:2941} INFO - Sync 1 DAGs
[2025-12-08T14:25:10.648+0530] {logging_mixin.py:154} INFO - [2025-12-08T14:25:10.647+0530] {dag.py:3722} INFO - Setting next_dagrun for example_dynamic_task_mapping_with_no_taskflow_operators to 2025-12-07T08:55:10.647879+00:00, run_after=2025-12-08T08:55:10.647879+00:00
[2025-12-08T14:25:10.660+0530] {processor.py:179} INFO - Processing /Users/ramesharra/airflow310/lib/python3.10/site-packages/airflow/example_dags/example_dynamic_task_mapping_with_no_taskflow_operators.py took 0.171 seconds
[2025-12-08T14:26:54.584+0530] {processor.py:157} INFO - Started process (PID=12478) to work on /Users/ramesharra/airflow310/lib/python3.10/site-packages/airflow/example_dags/example_dynamic_task_mapping_with_no_taskflow_operators.py
[2025-12-08T14:26:54.585+0530] {processor.py:829} INFO - Processing file /Users/ramesharra/airflow310/lib/python3.10/site-packages/airflow/example_dags/example_dynamic_task_mapping_with_no_taskflow_operators.py for tasks to queue
[2025-12-08T14:26:54.587+0530] {logging_mixin.py:154} INFO - [2025-12-08T14:26:54.587+0530] {dagbag.py:536} INFO - Filling up the DagBag from /Users/ramesharra/airflow310/lib/python3.10/site-packages/airflow/example_dags/example_dynamic_task_mapping_with_no_taskflow_operators.py
[2025-12-08T14:26:54.605+0530] {processor.py:839} INFO - DAG(s) dict_keys(['example_dynamic_task_mapping_with_no_taskflow_operators']) retrieved from /Users/ramesharra/airflow310/lib/python3.10/site-packages/airflow/example_dags/example_dynamic_task_mapping_with_no_taskflow_operators.py
[2025-12-08T14:26:54.704+0530] {logging_mixin.py:154} INFO - [2025-12-08T14:26:54.704+0530] {dag.py:2941} INFO - Sync 1 DAGs
[2025-12-08T14:26:54.714+0530] {logging_mixin.py:154} INFO - [2025-12-08T14:26:54.714+0530] {dag.py:3722} INFO - Setting next_dagrun for example_dynamic_task_mapping_with_no_taskflow_operators to 2025-12-07T08:56:54.714213+00:00, run_after=2025-12-08T08:56:54.714213+00:00
[2025-12-08T14:26:54.724+0530] {processor.py:179} INFO - Processing /Users/ramesharra/airflow310/lib/python3.10/site-packages/airflow/example_dags/example_dynamic_task_mapping_with_no_taskflow_operators.py took 0.141 seconds
[2025-12-08T14:29:45.308+0530] {processor.py:157} INFO - Started process (PID=12651) to work on /Users/ramesharra/airflow310/lib/python3.10/site-packages/airflow/example_dags/example_dynamic_task_mapping_with_no_taskflow_operators.py
[2025-12-08T14:29:45.309+0530] {processor.py:829} INFO - Processing file /Users/ramesharra/airflow310/lib/python3.10/site-packages/airflow/example_dags/example_dynamic_task_mapping_with_no_taskflow_operators.py for tasks to queue
[2025-12-08T14:29:45.310+0530] {logging_mixin.py:154} INFO - [2025-12-08T14:29:45.310+0530] {dagbag.py:536} INFO - Filling up the DagBag from /Users/ramesharra/airflow310/lib/python3.10/site-packages/airflow/example_dags/example_dynamic_task_mapping_with_no_taskflow_operators.py
[2025-12-08T14:29:45.326+0530] {processor.py:839} INFO - DAG(s) dict_keys(['example_dynamic_task_mapping_with_no_taskflow_operators']) retrieved from /Users/ramesharra/airflow310/lib/python3.10/site-packages/airflow/example_dags/example_dynamic_task_mapping_with_no_taskflow_operators.py
[2025-12-08T14:29:45.424+0530] {logging_mixin.py:154} INFO - [2025-12-08T14:29:45.423+0530] {dag.py:2941} INFO - Sync 1 DAGs
[2025-12-08T14:29:45.433+0530] {logging_mixin.py:154} INFO - [2025-12-08T14:29:45.433+0530] {dag.py:3722} INFO - Setting next_dagrun for example_dynamic_task_mapping_with_no_taskflow_operators to 2025-12-07T08:59:45.433141+00:00, run_after=2025-12-08T08:59:45.433141+00:00
[2025-12-08T14:29:45.442+0530] {processor.py:179} INFO - Processing /Users/ramesharra/airflow310/lib/python3.10/site-packages/airflow/example_dags/example_dynamic_task_mapping_with_no_taskflow_operators.py took 0.134 seconds
[2025-12-08T14:31:50.109+0530] {processor.py:157} INFO - Started process (PID=12793) to work on /Users/ramesharra/airflow310/lib/python3.10/site-packages/airflow/example_dags/example_dynamic_task_mapping_with_no_taskflow_operators.py
[2025-12-08T14:31:50.111+0530] {processor.py:829} INFO - Processing file /Users/ramesharra/airflow310/lib/python3.10/site-packages/airflow/example_dags/example_dynamic_task_mapping_with_no_taskflow_operators.py for tasks to queue
[2025-12-08T14:31:50.112+0530] {logging_mixin.py:154} INFO - [2025-12-08T14:31:50.112+0530] {dagbag.py:536} INFO - Filling up the DagBag from /Users/ramesharra/airflow310/lib/python3.10/site-packages/airflow/example_dags/example_dynamic_task_mapping_with_no_taskflow_operators.py
[2025-12-08T14:31:50.132+0530] {processor.py:839} INFO - DAG(s) dict_keys(['example_dynamic_task_mapping_with_no_taskflow_operators']) retrieved from /Users/ramesharra/airflow310/lib/python3.10/site-packages/airflow/example_dags/example_dynamic_task_mapping_with_no_taskflow_operators.py
[2025-12-08T14:31:50.233+0530] {logging_mixin.py:154} INFO - [2025-12-08T14:31:50.232+0530] {dag.py:2941} INFO - Sync 1 DAGs
[2025-12-08T14:31:50.243+0530] {logging_mixin.py:154} INFO - [2025-12-08T14:31:50.243+0530] {dag.py:3722} INFO - Setting next_dagrun for example_dynamic_task_mapping_with_no_taskflow_operators to 2025-12-07T09:01:50.243155+00:00, run_after=2025-12-08T09:01:50.243155+00:00
[2025-12-08T14:31:50.253+0530] {processor.py:179} INFO - Processing /Users/ramesharra/airflow310/lib/python3.10/site-packages/airflow/example_dags/example_dynamic_task_mapping_with_no_taskflow_operators.py took 0.144 seconds
[2025-12-08T14:33:52.594+0530] {processor.py:157} INFO - Started process (PID=12933) to work on /Users/ramesharra/airflow310/lib/python3.10/site-packages/airflow/example_dags/example_dynamic_task_mapping_with_no_taskflow_operators.py
[2025-12-08T14:33:52.595+0530] {processor.py:829} INFO - Processing file /Users/ramesharra/airflow310/lib/python3.10/site-packages/airflow/example_dags/example_dynamic_task_mapping_with_no_taskflow_operators.py for tasks to queue
[2025-12-08T14:33:52.596+0530] {logging_mixin.py:154} INFO - [2025-12-08T14:33:52.596+0530] {dagbag.py:536} INFO - Filling up the DagBag from /Users/ramesharra/airflow310/lib/python3.10/site-packages/airflow/example_dags/example_dynamic_task_mapping_with_no_taskflow_operators.py
[2025-12-08T14:33:52.611+0530] {processor.py:839} INFO - DAG(s) dict_keys(['example_dynamic_task_mapping_with_no_taskflow_operators']) retrieved from /Users/ramesharra/airflow310/lib/python3.10/site-packages/airflow/example_dags/example_dynamic_task_mapping_with_no_taskflow_operators.py
[2025-12-08T14:33:52.707+0530] {logging_mixin.py:154} INFO - [2025-12-08T14:33:52.706+0530] {dag.py:2941} INFO - Sync 1 DAGs
[2025-12-08T14:33:52.716+0530] {logging_mixin.py:154} INFO - [2025-12-08T14:33:52.716+0530] {dag.py:3722} INFO - Setting next_dagrun for example_dynamic_task_mapping_with_no_taskflow_operators to 2025-12-07T09:03:52.716442+00:00, run_after=2025-12-08T09:03:52.716442+00:00
[2025-12-08T14:33:52.726+0530] {processor.py:179} INFO - Processing /Users/ramesharra/airflow310/lib/python3.10/site-packages/airflow/example_dags/example_dynamic_task_mapping_with_no_taskflow_operators.py took 0.132 seconds
[2025-12-08T14:36:02.109+0530] {processor.py:157} INFO - Started process (PID=13083) to work on /Users/ramesharra/airflow310/lib/python3.10/site-packages/airflow/example_dags/example_dynamic_task_mapping_with_no_taskflow_operators.py
[2025-12-08T14:36:02.110+0530] {processor.py:829} INFO - Processing file /Users/ramesharra/airflow310/lib/python3.10/site-packages/airflow/example_dags/example_dynamic_task_mapping_with_no_taskflow_operators.py for tasks to queue
[2025-12-08T14:36:02.112+0530] {logging_mixin.py:154} INFO - [2025-12-08T14:36:02.111+0530] {dagbag.py:536} INFO - Filling up the DagBag from /Users/ramesharra/airflow310/lib/python3.10/site-packages/airflow/example_dags/example_dynamic_task_mapping_with_no_taskflow_operators.py
[2025-12-08T14:36:02.126+0530] {processor.py:839} INFO - DAG(s) dict_keys(['example_dynamic_task_mapping_with_no_taskflow_operators']) retrieved from /Users/ramesharra/airflow310/lib/python3.10/site-packages/airflow/example_dags/example_dynamic_task_mapping_with_no_taskflow_operators.py
[2025-12-08T14:36:02.225+0530] {logging_mixin.py:154} INFO - [2025-12-08T14:36:02.225+0530] {dag.py:2941} INFO - Sync 1 DAGs
[2025-12-08T14:36:02.236+0530] {logging_mixin.py:154} INFO - [2025-12-08T14:36:02.236+0530] {dag.py:3722} INFO - Setting next_dagrun for example_dynamic_task_mapping_with_no_taskflow_operators to 2025-12-07T09:06:02.236389+00:00, run_after=2025-12-08T09:06:02.236389+00:00
[2025-12-08T14:36:02.246+0530] {processor.py:179} INFO - Processing /Users/ramesharra/airflow310/lib/python3.10/site-packages/airflow/example_dags/example_dynamic_task_mapping_with_no_taskflow_operators.py took 0.138 seconds
[2025-12-08T14:38:13.964+0530] {processor.py:157} INFO - Started process (PID=13224) to work on /Users/ramesharra/airflow310/lib/python3.10/site-packages/airflow/example_dags/example_dynamic_task_mapping_with_no_taskflow_operators.py
[2025-12-08T14:38:13.965+0530] {processor.py:829} INFO - Processing file /Users/ramesharra/airflow310/lib/python3.10/site-packages/airflow/example_dags/example_dynamic_task_mapping_with_no_taskflow_operators.py for tasks to queue
[2025-12-08T14:38:13.967+0530] {logging_mixin.py:154} INFO - [2025-12-08T14:38:13.966+0530] {dagbag.py:536} INFO - Filling up the DagBag from /Users/ramesharra/airflow310/lib/python3.10/site-packages/airflow/example_dags/example_dynamic_task_mapping_with_no_taskflow_operators.py
[2025-12-08T14:38:13.990+0530] {processor.py:839} INFO - DAG(s) dict_keys(['example_dynamic_task_mapping_with_no_taskflow_operators']) retrieved from /Users/ramesharra/airflow310/lib/python3.10/site-packages/airflow/example_dags/example_dynamic_task_mapping_with_no_taskflow_operators.py
[2025-12-08T14:38:14.160+0530] {logging_mixin.py:154} INFO - [2025-12-08T14:38:14.159+0530] {dag.py:2941} INFO - Sync 1 DAGs
[2025-12-08T14:38:14.176+0530] {logging_mixin.py:154} INFO - [2025-12-08T14:38:14.176+0530] {dag.py:3722} INFO - Setting next_dagrun for example_dynamic_task_mapping_with_no_taskflow_operators to 2025-12-07T09:08:14.176555+00:00, run_after=2025-12-08T09:08:14.176555+00:00
[2025-12-08T14:38:14.188+0530] {processor.py:179} INFO - Processing /Users/ramesharra/airflow310/lib/python3.10/site-packages/airflow/example_dags/example_dynamic_task_mapping_with_no_taskflow_operators.py took 0.225 seconds
[2025-12-08T14:40:27.854+0530] {processor.py:157} INFO - Started process (PID=13393) to work on /Users/ramesharra/airflow310/lib/python3.10/site-packages/airflow/example_dags/example_dynamic_task_mapping_with_no_taskflow_operators.py
[2025-12-08T14:40:27.855+0530] {processor.py:829} INFO - Processing file /Users/ramesharra/airflow310/lib/python3.10/site-packages/airflow/example_dags/example_dynamic_task_mapping_with_no_taskflow_operators.py for tasks to queue
[2025-12-08T14:40:27.856+0530] {logging_mixin.py:154} INFO - [2025-12-08T14:40:27.856+0530] {dagbag.py:536} INFO - Filling up the DagBag from /Users/ramesharra/airflow310/lib/python3.10/site-packages/airflow/example_dags/example_dynamic_task_mapping_with_no_taskflow_operators.py
[2025-12-08T14:40:27.871+0530] {processor.py:839} INFO - DAG(s) dict_keys(['example_dynamic_task_mapping_with_no_taskflow_operators']) retrieved from /Users/ramesharra/airflow310/lib/python3.10/site-packages/airflow/example_dags/example_dynamic_task_mapping_with_no_taskflow_operators.py
[2025-12-08T14:40:27.970+0530] {logging_mixin.py:154} INFO - [2025-12-08T14:40:27.970+0530] {dag.py:2941} INFO - Sync 1 DAGs
[2025-12-08T14:40:27.981+0530] {logging_mixin.py:154} INFO - [2025-12-08T14:40:27.980+0530] {dag.py:3722} INFO - Setting next_dagrun for example_dynamic_task_mapping_with_no_taskflow_operators to 2025-12-07T09:10:27.980848+00:00, run_after=2025-12-08T09:10:27.980848+00:00
[2025-12-08T14:40:27.991+0530] {processor.py:179} INFO - Processing /Users/ramesharra/airflow310/lib/python3.10/site-packages/airflow/example_dags/example_dynamic_task_mapping_with_no_taskflow_operators.py took 0.138 seconds
[2025-12-08T14:42:40.349+0530] {processor.py:157} INFO - Started process (PID=13539) to work on /Users/ramesharra/airflow310/lib/python3.10/site-packages/airflow/example_dags/example_dynamic_task_mapping_with_no_taskflow_operators.py
[2025-12-08T14:42:40.350+0530] {processor.py:829} INFO - Processing file /Users/ramesharra/airflow310/lib/python3.10/site-packages/airflow/example_dags/example_dynamic_task_mapping_with_no_taskflow_operators.py for tasks to queue
[2025-12-08T14:42:40.351+0530] {logging_mixin.py:154} INFO - [2025-12-08T14:42:40.351+0530] {dagbag.py:536} INFO - Filling up the DagBag from /Users/ramesharra/airflow310/lib/python3.10/site-packages/airflow/example_dags/example_dynamic_task_mapping_with_no_taskflow_operators.py
[2025-12-08T14:42:40.368+0530] {processor.py:839} INFO - DAG(s) dict_keys(['example_dynamic_task_mapping_with_no_taskflow_operators']) retrieved from /Users/ramesharra/airflow310/lib/python3.10/site-packages/airflow/example_dags/example_dynamic_task_mapping_with_no_taskflow_operators.py
[2025-12-08T14:42:40.475+0530] {logging_mixin.py:154} INFO - [2025-12-08T14:42:40.475+0530] {dag.py:2941} INFO - Sync 1 DAGs
[2025-12-08T14:42:40.486+0530] {logging_mixin.py:154} INFO - [2025-12-08T14:42:40.486+0530] {dag.py:3722} INFO - Setting next_dagrun for example_dynamic_task_mapping_with_no_taskflow_operators to 2025-12-07T09:12:40.485862+00:00, run_after=2025-12-08T09:12:40.485862+00:00
[2025-12-08T14:42:40.497+0530] {processor.py:179} INFO - Processing /Users/ramesharra/airflow310/lib/python3.10/site-packages/airflow/example_dags/example_dynamic_task_mapping_with_no_taskflow_operators.py took 0.148 seconds
[2025-12-08T14:44:46.925+0530] {processor.py:157} INFO - Started process (PID=13675) to work on /Users/ramesharra/airflow310/lib/python3.10/site-packages/airflow/example_dags/example_dynamic_task_mapping_with_no_taskflow_operators.py
[2025-12-08T14:44:46.926+0530] {processor.py:829} INFO - Processing file /Users/ramesharra/airflow310/lib/python3.10/site-packages/airflow/example_dags/example_dynamic_task_mapping_with_no_taskflow_operators.py for tasks to queue
[2025-12-08T14:44:46.927+0530] {logging_mixin.py:154} INFO - [2025-12-08T14:44:46.927+0530] {dagbag.py:536} INFO - Filling up the DagBag from /Users/ramesharra/airflow310/lib/python3.10/site-packages/airflow/example_dags/example_dynamic_task_mapping_with_no_taskflow_operators.py
[2025-12-08T14:44:46.944+0530] {processor.py:839} INFO - DAG(s) dict_keys(['example_dynamic_task_mapping_with_no_taskflow_operators']) retrieved from /Users/ramesharra/airflow310/lib/python3.10/site-packages/airflow/example_dags/example_dynamic_task_mapping_with_no_taskflow_operators.py
[2025-12-08T14:44:47.044+0530] {logging_mixin.py:154} INFO - [2025-12-08T14:44:47.044+0530] {dag.py:2941} INFO - Sync 1 DAGs
[2025-12-08T14:44:47.055+0530] {logging_mixin.py:154} INFO - [2025-12-08T14:44:47.055+0530] {dag.py:3722} INFO - Setting next_dagrun for example_dynamic_task_mapping_with_no_taskflow_operators to 2025-12-07T09:14:47.055023+00:00, run_after=2025-12-08T09:14:47.055023+00:00
[2025-12-08T14:44:47.065+0530] {processor.py:179} INFO - Processing /Users/ramesharra/airflow310/lib/python3.10/site-packages/airflow/example_dags/example_dynamic_task_mapping_with_no_taskflow_operators.py took 0.140 seconds
[2025-12-08T14:46:54.406+0530] {processor.py:157} INFO - Started process (PID=13828) to work on /Users/ramesharra/airflow310/lib/python3.10/site-packages/airflow/example_dags/example_dynamic_task_mapping_with_no_taskflow_operators.py
[2025-12-08T14:46:54.408+0530] {processor.py:829} INFO - Processing file /Users/ramesharra/airflow310/lib/python3.10/site-packages/airflow/example_dags/example_dynamic_task_mapping_with_no_taskflow_operators.py for tasks to queue
[2025-12-08T14:46:54.409+0530] {logging_mixin.py:154} INFO - [2025-12-08T14:46:54.409+0530] {dagbag.py:536} INFO - Filling up the DagBag from /Users/ramesharra/airflow310/lib/python3.10/site-packages/airflow/example_dags/example_dynamic_task_mapping_with_no_taskflow_operators.py
[2025-12-08T14:46:54.424+0530] {processor.py:839} INFO - DAG(s) dict_keys(['example_dynamic_task_mapping_with_no_taskflow_operators']) retrieved from /Users/ramesharra/airflow310/lib/python3.10/site-packages/airflow/example_dags/example_dynamic_task_mapping_with_no_taskflow_operators.py
[2025-12-08T14:46:54.529+0530] {logging_mixin.py:154} INFO - [2025-12-08T14:46:54.529+0530] {dag.py:2941} INFO - Sync 1 DAGs
[2025-12-08T14:46:54.539+0530] {logging_mixin.py:154} INFO - [2025-12-08T14:46:54.539+0530] {dag.py:3722} INFO - Setting next_dagrun for example_dynamic_task_mapping_with_no_taskflow_operators to 2025-12-07T09:16:54.539723+00:00, run_after=2025-12-08T09:16:54.539723+00:00
[2025-12-08T14:46:54.551+0530] {processor.py:179} INFO - Processing /Users/ramesharra/airflow310/lib/python3.10/site-packages/airflow/example_dags/example_dynamic_task_mapping_with_no_taskflow_operators.py took 0.145 seconds
[2025-12-08T14:49:10.380+0530] {processor.py:157} INFO - Started process (PID=13984) to work on /Users/ramesharra/airflow310/lib/python3.10/site-packages/airflow/example_dags/example_dynamic_task_mapping_with_no_taskflow_operators.py
[2025-12-08T14:49:10.381+0530] {processor.py:829} INFO - Processing file /Users/ramesharra/airflow310/lib/python3.10/site-packages/airflow/example_dags/example_dynamic_task_mapping_with_no_taskflow_operators.py for tasks to queue
[2025-12-08T14:49:10.382+0530] {logging_mixin.py:154} INFO - [2025-12-08T14:49:10.382+0530] {dagbag.py:536} INFO - Filling up the DagBag from /Users/ramesharra/airflow310/lib/python3.10/site-packages/airflow/example_dags/example_dynamic_task_mapping_with_no_taskflow_operators.py
[2025-12-08T14:49:10.401+0530] {processor.py:839} INFO - DAG(s) dict_keys(['example_dynamic_task_mapping_with_no_taskflow_operators']) retrieved from /Users/ramesharra/airflow310/lib/python3.10/site-packages/airflow/example_dags/example_dynamic_task_mapping_with_no_taskflow_operators.py
[2025-12-08T14:49:10.530+0530] {logging_mixin.py:154} INFO - [2025-12-08T14:49:10.530+0530] {dag.py:2941} INFO - Sync 1 DAGs
[2025-12-08T14:49:10.542+0530] {logging_mixin.py:154} INFO - [2025-12-08T14:49:10.542+0530] {dag.py:3722} INFO - Setting next_dagrun for example_dynamic_task_mapping_with_no_taskflow_operators to 2025-12-07T09:19:10.542095+00:00, run_after=2025-12-08T09:19:10.542095+00:00
[2025-12-08T14:49:10.552+0530] {processor.py:179} INFO - Processing /Users/ramesharra/airflow310/lib/python3.10/site-packages/airflow/example_dags/example_dynamic_task_mapping_with_no_taskflow_operators.py took 0.172 seconds
