[2025-12-08T14:15:36.571+0530] {processor.py:157} INFO - Started process (PID=11567) to work on /Users/ramesharra/airflow310/lib/python3.10/site-packages/airflow/example_dags/example_short_circuit_operator.py
[2025-12-08T14:15:36.571+0530] {processor.py:829} INFO - Processing file /Users/ramesharra/airflow310/lib/python3.10/site-packages/airflow/example_dags/example_short_circuit_operator.py for tasks to queue
[2025-12-08T14:15:36.573+0530] {logging_mixin.py:154} INFO - [2025-12-08T14:15:36.572+0530] {dagbag.py:536} INFO - Filling up the DagBag from /Users/ramesharra/airflow310/lib/python3.10/site-packages/airflow/example_dags/example_short_circuit_operator.py
[2025-12-08T14:15:36.590+0530] {processor.py:839} INFO - DAG(s) dict_keys(['example_short_circuit_operator']) retrieved from /Users/ramesharra/airflow310/lib/python3.10/site-packages/airflow/example_dags/example_short_circuit_operator.py
[2025-12-08T14:15:36.919+0530] {logging_mixin.py:154} INFO - [2025-12-08T14:15:36.919+0530] {manager.py:499} INFO - Created Permission View: %s
[2025-12-08T14:15:36.923+0530] {logging_mixin.py:154} INFO - [2025-12-08T14:15:36.923+0530] {manager.py:499} INFO - Created Permission View: %s
[2025-12-08T14:15:36.926+0530] {logging_mixin.py:154} INFO - [2025-12-08T14:15:36.926+0530] {manager.py:499} INFO - Created Permission View: %s
[2025-12-08T14:15:36.926+0530] {logging_mixin.py:154} INFO - [2025-12-08T14:15:36.926+0530] {dag.py:2941} INFO - Sync 1 DAGs
[2025-12-08T14:15:36.931+0530] {logging_mixin.py:154} INFO - [2025-12-08T14:15:36.930+0530] {dag.py:2963} INFO - Creating ORM DAG for example_short_circuit_operator
[2025-12-08T14:15:36.934+0530] {logging_mixin.py:154} INFO - [2025-12-08T14:15:36.934+0530] {dag.py:3722} INFO - Setting next_dagrun for example_short_circuit_operator to 2025-12-07T08:45:36.934680+00:00, run_after=2025-12-08T08:45:36.934680+00:00
[2025-12-08T14:15:36.942+0530] {processor.py:179} INFO - Processing /Users/ramesharra/airflow310/lib/python3.10/site-packages/airflow/example_dags/example_short_circuit_operator.py took 0.371 seconds
[2025-12-08T14:17:15.977+0530] {processor.py:157} INFO - Started process (PID=11688) to work on /Users/ramesharra/airflow310/lib/python3.10/site-packages/airflow/example_dags/example_short_circuit_operator.py
[2025-12-08T14:17:15.978+0530] {processor.py:829} INFO - Processing file /Users/ramesharra/airflow310/lib/python3.10/site-packages/airflow/example_dags/example_short_circuit_operator.py for tasks to queue
[2025-12-08T14:17:15.981+0530] {logging_mixin.py:154} INFO - [2025-12-08T14:17:15.981+0530] {dagbag.py:536} INFO - Filling up the DagBag from /Users/ramesharra/airflow310/lib/python3.10/site-packages/airflow/example_dags/example_short_circuit_operator.py
[2025-12-08T14:17:16.022+0530] {processor.py:839} INFO - DAG(s) dict_keys(['example_short_circuit_operator']) retrieved from /Users/ramesharra/airflow310/lib/python3.10/site-packages/airflow/example_dags/example_short_circuit_operator.py
[2025-12-08T14:17:16.160+0530] {logging_mixin.py:154} INFO - [2025-12-08T14:17:16.160+0530] {dag.py:2941} INFO - Sync 1 DAGs
[2025-12-08T14:17:16.175+0530] {logging_mixin.py:154} INFO - [2025-12-08T14:17:16.175+0530] {dag.py:3722} INFO - Setting next_dagrun for example_short_circuit_operator to 2025-12-07T08:47:16.175362+00:00, run_after=2025-12-08T08:47:16.175362+00:00
[2025-12-08T14:17:16.197+0530] {processor.py:179} INFO - Processing /Users/ramesharra/airflow310/lib/python3.10/site-packages/airflow/example_dags/example_short_circuit_operator.py took 0.220 seconds
[2025-12-08T14:20:29.608+0530] {processor.py:157} INFO - Started process (PID=11858) to work on /Users/ramesharra/airflow310/lib/python3.10/site-packages/airflow/example_dags/example_short_circuit_operator.py
[2025-12-08T14:20:29.608+0530] {processor.py:829} INFO - Processing file /Users/ramesharra/airflow310/lib/python3.10/site-packages/airflow/example_dags/example_short_circuit_operator.py for tasks to queue
[2025-12-08T14:20:29.609+0530] {logging_mixin.py:154} INFO - [2025-12-08T14:20:29.609+0530] {dagbag.py:536} INFO - Filling up the DagBag from /Users/ramesharra/airflow310/lib/python3.10/site-packages/airflow/example_dags/example_short_circuit_operator.py
[2025-12-08T14:20:29.630+0530] {processor.py:839} INFO - DAG(s) dict_keys(['example_short_circuit_operator']) retrieved from /Users/ramesharra/airflow310/lib/python3.10/site-packages/airflow/example_dags/example_short_circuit_operator.py
[2025-12-08T14:20:29.716+0530] {logging_mixin.py:154} INFO - [2025-12-08T14:20:29.715+0530] {dag.py:2941} INFO - Sync 1 DAGs
[2025-12-08T14:20:29.723+0530] {logging_mixin.py:154} INFO - [2025-12-08T14:20:29.723+0530] {dag.py:3722} INFO - Setting next_dagrun for example_short_circuit_operator to 2025-12-07T08:50:29.723709+00:00, run_after=2025-12-08T08:50:29.723709+00:00
[2025-12-08T14:20:29.732+0530] {processor.py:179} INFO - Processing /Users/ramesharra/airflow310/lib/python3.10/site-packages/airflow/example_dags/example_short_circuit_operator.py took 0.125 seconds
[2025-12-08T14:21:56.799+0530] {processor.py:157} INFO - Started process (PID=11960) to work on /Users/ramesharra/airflow310/lib/python3.10/site-packages/airflow/example_dags/example_short_circuit_operator.py
[2025-12-08T14:21:56.799+0530] {processor.py:829} INFO - Processing file /Users/ramesharra/airflow310/lib/python3.10/site-packages/airflow/example_dags/example_short_circuit_operator.py for tasks to queue
[2025-12-08T14:21:56.801+0530] {logging_mixin.py:154} INFO - [2025-12-08T14:21:56.801+0530] {dagbag.py:536} INFO - Filling up the DagBag from /Users/ramesharra/airflow310/lib/python3.10/site-packages/airflow/example_dags/example_short_circuit_operator.py
[2025-12-08T14:21:56.824+0530] {processor.py:839} INFO - DAG(s) dict_keys(['example_short_circuit_operator']) retrieved from /Users/ramesharra/airflow310/lib/python3.10/site-packages/airflow/example_dags/example_short_circuit_operator.py
[2025-12-08T14:21:56.921+0530] {logging_mixin.py:154} INFO - [2025-12-08T14:21:56.921+0530] {dag.py:2941} INFO - Sync 1 DAGs
[2025-12-08T14:21:56.930+0530] {logging_mixin.py:154} INFO - [2025-12-08T14:21:56.929+0530] {dag.py:3722} INFO - Setting next_dagrun for example_short_circuit_operator to 2025-12-07T08:51:56.929787+00:00, run_after=2025-12-08T08:51:56.929787+00:00
[2025-12-08T14:21:56.940+0530] {processor.py:179} INFO - Processing /Users/ramesharra/airflow310/lib/python3.10/site-packages/airflow/example_dags/example_short_circuit_operator.py took 0.142 seconds
[2025-12-08T14:24:03.007+0530] {processor.py:157} INFO - Started process (PID=12259) to work on /Users/ramesharra/airflow310/lib/python3.10/site-packages/airflow/example_dags/example_short_circuit_operator.py
[2025-12-08T14:24:03.008+0530] {processor.py:829} INFO - Processing file /Users/ramesharra/airflow310/lib/python3.10/site-packages/airflow/example_dags/example_short_circuit_operator.py for tasks to queue
[2025-12-08T14:24:03.010+0530] {logging_mixin.py:154} INFO - [2025-12-08T14:24:03.010+0530] {dagbag.py:536} INFO - Filling up the DagBag from /Users/ramesharra/airflow310/lib/python3.10/site-packages/airflow/example_dags/example_short_circuit_operator.py
[2025-12-08T14:24:03.034+0530] {processor.py:839} INFO - DAG(s) dict_keys(['example_short_circuit_operator']) retrieved from /Users/ramesharra/airflow310/lib/python3.10/site-packages/airflow/example_dags/example_short_circuit_operator.py
[2025-12-08T14:24:03.139+0530] {logging_mixin.py:154} INFO - [2025-12-08T14:24:03.139+0530] {dag.py:2941} INFO - Sync 1 DAGs
[2025-12-08T14:24:03.148+0530] {logging_mixin.py:154} INFO - [2025-12-08T14:24:03.148+0530] {dag.py:3722} INFO - Setting next_dagrun for example_short_circuit_operator to 2025-12-07T08:54:03.148423+00:00, run_after=2025-12-08T08:54:03.148423+00:00
[2025-12-08T14:24:03.159+0530] {processor.py:179} INFO - Processing /Users/ramesharra/airflow310/lib/python3.10/site-packages/airflow/example_dags/example_short_circuit_operator.py took 0.153 seconds
[2025-12-08T14:26:19.870+0530] {processor.py:157} INFO - Started process (PID=12437) to work on /Users/ramesharra/airflow310/lib/python3.10/site-packages/airflow/example_dags/example_short_circuit_operator.py
[2025-12-08T14:26:19.871+0530] {processor.py:829} INFO - Processing file /Users/ramesharra/airflow310/lib/python3.10/site-packages/airflow/example_dags/example_short_circuit_operator.py for tasks to queue
[2025-12-08T14:26:19.872+0530] {logging_mixin.py:154} INFO - [2025-12-08T14:26:19.872+0530] {dagbag.py:536} INFO - Filling up the DagBag from /Users/ramesharra/airflow310/lib/python3.10/site-packages/airflow/example_dags/example_short_circuit_operator.py
[2025-12-08T14:26:19.895+0530] {processor.py:839} INFO - DAG(s) dict_keys(['example_short_circuit_operator']) retrieved from /Users/ramesharra/airflow310/lib/python3.10/site-packages/airflow/example_dags/example_short_circuit_operator.py
[2025-12-08T14:26:20.001+0530] {logging_mixin.py:154} INFO - [2025-12-08T14:26:20.001+0530] {dag.py:2941} INFO - Sync 1 DAGs
[2025-12-08T14:26:20.011+0530] {logging_mixin.py:154} INFO - [2025-12-08T14:26:20.011+0530] {dag.py:3722} INFO - Setting next_dagrun for example_short_circuit_operator to 2025-12-07T08:56:20.011446+00:00, run_after=2025-12-08T08:56:20.011446+00:00
[2025-12-08T14:26:20.023+0530] {processor.py:179} INFO - Processing /Users/ramesharra/airflow310/lib/python3.10/site-packages/airflow/example_dags/example_short_circuit_operator.py took 0.153 seconds
[2025-12-08T14:27:55.144+0530] {processor.py:157} INFO - Started process (PID=12536) to work on /Users/ramesharra/airflow310/lib/python3.10/site-packages/airflow/example_dags/example_short_circuit_operator.py
[2025-12-08T14:27:55.145+0530] {processor.py:829} INFO - Processing file /Users/ramesharra/airflow310/lib/python3.10/site-packages/airflow/example_dags/example_short_circuit_operator.py for tasks to queue
[2025-12-08T14:27:55.146+0530] {logging_mixin.py:154} INFO - [2025-12-08T14:27:55.146+0530] {dagbag.py:536} INFO - Filling up the DagBag from /Users/ramesharra/airflow310/lib/python3.10/site-packages/airflow/example_dags/example_short_circuit_operator.py
[2025-12-08T14:27:55.170+0530] {processor.py:839} INFO - DAG(s) dict_keys(['example_short_circuit_operator']) retrieved from /Users/ramesharra/airflow310/lib/python3.10/site-packages/airflow/example_dags/example_short_circuit_operator.py
[2025-12-08T14:27:55.275+0530] {logging_mixin.py:154} INFO - [2025-12-08T14:27:55.275+0530] {dag.py:2941} INFO - Sync 1 DAGs
[2025-12-08T14:27:55.284+0530] {logging_mixin.py:154} INFO - [2025-12-08T14:27:55.284+0530] {dag.py:3722} INFO - Setting next_dagrun for example_short_circuit_operator to 2025-12-07T08:57:55.284723+00:00, run_after=2025-12-08T08:57:55.284723+00:00
[2025-12-08T14:27:55.295+0530] {processor.py:179} INFO - Processing /Users/ramesharra/airflow310/lib/python3.10/site-packages/airflow/example_dags/example_short_circuit_operator.py took 0.152 seconds
[2025-12-08T14:29:15.445+0530] {processor.py:157} INFO - Started process (PID=12625) to work on /Users/ramesharra/airflow310/lib/python3.10/site-packages/airflow/example_dags/example_short_circuit_operator.py
[2025-12-08T14:29:15.446+0530] {processor.py:829} INFO - Processing file /Users/ramesharra/airflow310/lib/python3.10/site-packages/airflow/example_dags/example_short_circuit_operator.py for tasks to queue
[2025-12-08T14:29:15.447+0530] {logging_mixin.py:154} INFO - [2025-12-08T14:29:15.447+0530] {dagbag.py:536} INFO - Filling up the DagBag from /Users/ramesharra/airflow310/lib/python3.10/site-packages/airflow/example_dags/example_short_circuit_operator.py
[2025-12-08T14:29:15.471+0530] {processor.py:839} INFO - DAG(s) dict_keys(['example_short_circuit_operator']) retrieved from /Users/ramesharra/airflow310/lib/python3.10/site-packages/airflow/example_dags/example_short_circuit_operator.py
[2025-12-08T14:29:15.575+0530] {logging_mixin.py:154} INFO - [2025-12-08T14:29:15.574+0530] {dag.py:2941} INFO - Sync 1 DAGs
[2025-12-08T14:29:15.584+0530] {logging_mixin.py:154} INFO - [2025-12-08T14:29:15.584+0530] {dag.py:3722} INFO - Setting next_dagrun for example_short_circuit_operator to 2025-12-07T08:59:15.584455+00:00, run_after=2025-12-08T08:59:15.584455+00:00
[2025-12-08T14:29:15.594+0530] {processor.py:179} INFO - Processing /Users/ramesharra/airflow310/lib/python3.10/site-packages/airflow/example_dags/example_short_circuit_operator.py took 0.149 seconds
[2025-12-08T14:30:45.107+0530] {processor.py:157} INFO - Started process (PID=12725) to work on /Users/ramesharra/airflow310/lib/python3.10/site-packages/airflow/example_dags/example_short_circuit_operator.py
[2025-12-08T14:30:45.109+0530] {processor.py:829} INFO - Processing file /Users/ramesharra/airflow310/lib/python3.10/site-packages/airflow/example_dags/example_short_circuit_operator.py for tasks to queue
[2025-12-08T14:30:45.110+0530] {logging_mixin.py:154} INFO - [2025-12-08T14:30:45.110+0530] {dagbag.py:536} INFO - Filling up the DagBag from /Users/ramesharra/airflow310/lib/python3.10/site-packages/airflow/example_dags/example_short_circuit_operator.py
[2025-12-08T14:30:45.135+0530] {processor.py:839} INFO - DAG(s) dict_keys(['example_short_circuit_operator']) retrieved from /Users/ramesharra/airflow310/lib/python3.10/site-packages/airflow/example_dags/example_short_circuit_operator.py
[2025-12-08T14:30:45.241+0530] {logging_mixin.py:154} INFO - [2025-12-08T14:30:45.241+0530] {dag.py:2941} INFO - Sync 1 DAGs
[2025-12-08T14:30:45.251+0530] {logging_mixin.py:154} INFO - [2025-12-08T14:30:45.251+0530] {dag.py:3722} INFO - Setting next_dagrun for example_short_circuit_operator to 2025-12-07T09:00:45.251118+00:00, run_after=2025-12-08T09:00:45.251118+00:00
[2025-12-08T14:30:45.262+0530] {processor.py:179} INFO - Processing /Users/ramesharra/airflow310/lib/python3.10/site-packages/airflow/example_dags/example_short_circuit_operator.py took 0.155 seconds
[2025-12-08T14:32:50.843+0530] {processor.py:157} INFO - Started process (PID=12864) to work on /Users/ramesharra/airflow310/lib/python3.10/site-packages/airflow/example_dags/example_short_circuit_operator.py
[2025-12-08T14:32:50.844+0530] {processor.py:829} INFO - Processing file /Users/ramesharra/airflow310/lib/python3.10/site-packages/airflow/example_dags/example_short_circuit_operator.py for tasks to queue
[2025-12-08T14:32:50.845+0530] {logging_mixin.py:154} INFO - [2025-12-08T14:32:50.845+0530] {dagbag.py:536} INFO - Filling up the DagBag from /Users/ramesharra/airflow310/lib/python3.10/site-packages/airflow/example_dags/example_short_circuit_operator.py
[2025-12-08T14:32:50.868+0530] {processor.py:839} INFO - DAG(s) dict_keys(['example_short_circuit_operator']) retrieved from /Users/ramesharra/airflow310/lib/python3.10/site-packages/airflow/example_dags/example_short_circuit_operator.py
[2025-12-08T14:32:50.971+0530] {logging_mixin.py:154} INFO - [2025-12-08T14:32:50.971+0530] {dag.py:2941} INFO - Sync 1 DAGs
[2025-12-08T14:32:50.981+0530] {logging_mixin.py:154} INFO - [2025-12-08T14:32:50.981+0530] {dag.py:3722} INFO - Setting next_dagrun for example_short_circuit_operator to 2025-12-07T09:02:50.981322+00:00, run_after=2025-12-08T09:02:50.981322+00:00
[2025-12-08T14:32:50.992+0530] {processor.py:179} INFO - Processing /Users/ramesharra/airflow310/lib/python3.10/site-packages/airflow/example_dags/example_short_circuit_operator.py took 0.150 seconds
[2025-12-08T14:34:52.526+0530] {processor.py:157} INFO - Started process (PID=13004) to work on /Users/ramesharra/airflow310/lib/python3.10/site-packages/airflow/example_dags/example_short_circuit_operator.py
[2025-12-08T14:34:52.528+0530] {processor.py:829} INFO - Processing file /Users/ramesharra/airflow310/lib/python3.10/site-packages/airflow/example_dags/example_short_circuit_operator.py for tasks to queue
[2025-12-08T14:34:52.529+0530] {logging_mixin.py:154} INFO - [2025-12-08T14:34:52.529+0530] {dagbag.py:536} INFO - Filling up the DagBag from /Users/ramesharra/airflow310/lib/python3.10/site-packages/airflow/example_dags/example_short_circuit_operator.py
[2025-12-08T14:34:52.553+0530] {processor.py:839} INFO - DAG(s) dict_keys(['example_short_circuit_operator']) retrieved from /Users/ramesharra/airflow310/lib/python3.10/site-packages/airflow/example_dags/example_short_circuit_operator.py
[2025-12-08T14:34:52.658+0530] {logging_mixin.py:154} INFO - [2025-12-08T14:34:52.658+0530] {dag.py:2941} INFO - Sync 1 DAGs
[2025-12-08T14:34:52.668+0530] {logging_mixin.py:154} INFO - [2025-12-08T14:34:52.668+0530] {dag.py:3722} INFO - Setting next_dagrun for example_short_circuit_operator to 2025-12-07T09:04:52.668442+00:00, run_after=2025-12-08T09:04:52.668442+00:00
[2025-12-08T14:34:52.680+0530] {processor.py:179} INFO - Processing /Users/ramesharra/airflow310/lib/python3.10/site-packages/airflow/example_dags/example_short_circuit_operator.py took 0.154 seconds
[2025-12-08T14:37:03.981+0530] {processor.py:157} INFO - Started process (PID=13152) to work on /Users/ramesharra/airflow310/lib/python3.10/site-packages/airflow/example_dags/example_short_circuit_operator.py
[2025-12-08T14:37:03.982+0530] {processor.py:829} INFO - Processing file /Users/ramesharra/airflow310/lib/python3.10/site-packages/airflow/example_dags/example_short_circuit_operator.py for tasks to queue
[2025-12-08T14:37:03.984+0530] {logging_mixin.py:154} INFO - [2025-12-08T14:37:03.983+0530] {dagbag.py:536} INFO - Filling up the DagBag from /Users/ramesharra/airflow310/lib/python3.10/site-packages/airflow/example_dags/example_short_circuit_operator.py
[2025-12-08T14:37:04.007+0530] {processor.py:839} INFO - DAG(s) dict_keys(['example_short_circuit_operator']) retrieved from /Users/ramesharra/airflow310/lib/python3.10/site-packages/airflow/example_dags/example_short_circuit_operator.py
[2025-12-08T14:37:04.106+0530] {logging_mixin.py:154} INFO - [2025-12-08T14:37:04.106+0530] {dag.py:2941} INFO - Sync 1 DAGs
[2025-12-08T14:37:04.115+0530] {logging_mixin.py:154} INFO - [2025-12-08T14:37:04.115+0530] {dag.py:3722} INFO - Setting next_dagrun for example_short_circuit_operator to 2025-12-07T09:07:04.114945+00:00, run_after=2025-12-08T09:07:04.114945+00:00
[2025-12-08T14:37:04.125+0530] {processor.py:179} INFO - Processing /Users/ramesharra/airflow310/lib/python3.10/site-packages/airflow/example_dags/example_short_circuit_operator.py took 0.145 seconds
[2025-12-08T14:39:18.386+0530] {processor.py:157} INFO - Started process (PID=13309) to work on /Users/ramesharra/airflow310/lib/python3.10/site-packages/airflow/example_dags/example_short_circuit_operator.py
[2025-12-08T14:39:18.387+0530] {processor.py:829} INFO - Processing file /Users/ramesharra/airflow310/lib/python3.10/site-packages/airflow/example_dags/example_short_circuit_operator.py for tasks to queue
[2025-12-08T14:39:18.388+0530] {logging_mixin.py:154} INFO - [2025-12-08T14:39:18.388+0530] {dagbag.py:536} INFO - Filling up the DagBag from /Users/ramesharra/airflow310/lib/python3.10/site-packages/airflow/example_dags/example_short_circuit_operator.py
[2025-12-08T14:39:18.413+0530] {processor.py:839} INFO - DAG(s) dict_keys(['example_short_circuit_operator']) retrieved from /Users/ramesharra/airflow310/lib/python3.10/site-packages/airflow/example_dags/example_short_circuit_operator.py
[2025-12-08T14:39:18.529+0530] {logging_mixin.py:154} INFO - [2025-12-08T14:39:18.528+0530] {dag.py:2941} INFO - Sync 1 DAGs
[2025-12-08T14:39:18.538+0530] {logging_mixin.py:154} INFO - [2025-12-08T14:39:18.538+0530] {dag.py:3722} INFO - Setting next_dagrun for example_short_circuit_operator to 2025-12-07T09:09:18.538483+00:00, run_after=2025-12-08T09:09:18.538483+00:00
[2025-12-08T14:39:18.549+0530] {processor.py:179} INFO - Processing /Users/ramesharra/airflow310/lib/python3.10/site-packages/airflow/example_dags/example_short_circuit_operator.py took 0.164 seconds
[2025-12-08T14:41:29.710+0530] {processor.py:157} INFO - Started process (PID=13457) to work on /Users/ramesharra/airflow310/lib/python3.10/site-packages/airflow/example_dags/example_short_circuit_operator.py
[2025-12-08T14:41:29.712+0530] {processor.py:829} INFO - Processing file /Users/ramesharra/airflow310/lib/python3.10/site-packages/airflow/example_dags/example_short_circuit_operator.py for tasks to queue
[2025-12-08T14:41:29.713+0530] {logging_mixin.py:154} INFO - [2025-12-08T14:41:29.713+0530] {dagbag.py:536} INFO - Filling up the DagBag from /Users/ramesharra/airflow310/lib/python3.10/site-packages/airflow/example_dags/example_short_circuit_operator.py
[2025-12-08T14:41:29.753+0530] {processor.py:839} INFO - DAG(s) dict_keys(['example_short_circuit_operator']) retrieved from /Users/ramesharra/airflow310/lib/python3.10/site-packages/airflow/example_dags/example_short_circuit_operator.py
[2025-12-08T14:41:29.863+0530] {logging_mixin.py:154} INFO - [2025-12-08T14:41:29.863+0530] {dag.py:2941} INFO - Sync 1 DAGs
[2025-12-08T14:41:29.873+0530] {logging_mixin.py:154} INFO - [2025-12-08T14:41:29.873+0530] {dag.py:3722} INFO - Setting next_dagrun for example_short_circuit_operator to 2025-12-07T09:11:29.873535+00:00, run_after=2025-12-08T09:11:29.873535+00:00
[2025-12-08T14:41:29.885+0530] {processor.py:179} INFO - Processing /Users/ramesharra/airflow310/lib/python3.10/site-packages/airflow/example_dags/example_short_circuit_operator.py took 0.176 seconds
[2025-12-08T14:43:38.632+0530] {processor.py:157} INFO - Started process (PID=13605) to work on /Users/ramesharra/airflow310/lib/python3.10/site-packages/airflow/example_dags/example_short_circuit_operator.py
[2025-12-08T14:43:38.632+0530] {processor.py:829} INFO - Processing file /Users/ramesharra/airflow310/lib/python3.10/site-packages/airflow/example_dags/example_short_circuit_operator.py for tasks to queue
[2025-12-08T14:43:38.634+0530] {logging_mixin.py:154} INFO - [2025-12-08T14:43:38.634+0530] {dagbag.py:536} INFO - Filling up the DagBag from /Users/ramesharra/airflow310/lib/python3.10/site-packages/airflow/example_dags/example_short_circuit_operator.py
[2025-12-08T14:43:38.657+0530] {processor.py:839} INFO - DAG(s) dict_keys(['example_short_circuit_operator']) retrieved from /Users/ramesharra/airflow310/lib/python3.10/site-packages/airflow/example_dags/example_short_circuit_operator.py
[2025-12-08T14:43:38.759+0530] {logging_mixin.py:154} INFO - [2025-12-08T14:43:38.759+0530] {dag.py:2941} INFO - Sync 1 DAGs
[2025-12-08T14:43:38.769+0530] {logging_mixin.py:154} INFO - [2025-12-08T14:43:38.768+0530] {dag.py:3722} INFO - Setting next_dagrun for example_short_circuit_operator to 2025-12-07T09:13:38.768838+00:00, run_after=2025-12-08T09:13:38.768838+00:00
[2025-12-08T14:43:38.779+0530] {processor.py:179} INFO - Processing /Users/ramesharra/airflow310/lib/python3.10/site-packages/airflow/example_dags/example_short_circuit_operator.py took 0.148 seconds
[2025-12-08T14:45:47.309+0530] {processor.py:157} INFO - Started process (PID=13742) to work on /Users/ramesharra/airflow310/lib/python3.10/site-packages/airflow/example_dags/example_short_circuit_operator.py
[2025-12-08T14:45:47.310+0530] {processor.py:829} INFO - Processing file /Users/ramesharra/airflow310/lib/python3.10/site-packages/airflow/example_dags/example_short_circuit_operator.py for tasks to queue
[2025-12-08T14:45:47.312+0530] {logging_mixin.py:154} INFO - [2025-12-08T14:45:47.311+0530] {dagbag.py:536} INFO - Filling up the DagBag from /Users/ramesharra/airflow310/lib/python3.10/site-packages/airflow/example_dags/example_short_circuit_operator.py
[2025-12-08T14:45:47.338+0530] {processor.py:839} INFO - DAG(s) dict_keys(['example_short_circuit_operator']) retrieved from /Users/ramesharra/airflow310/lib/python3.10/site-packages/airflow/example_dags/example_short_circuit_operator.py
[2025-12-08T14:45:47.444+0530] {logging_mixin.py:154} INFO - [2025-12-08T14:45:47.444+0530] {dag.py:2941} INFO - Sync 1 DAGs
[2025-12-08T14:45:47.455+0530] {logging_mixin.py:154} INFO - [2025-12-08T14:45:47.455+0530] {dag.py:3722} INFO - Setting next_dagrun for example_short_circuit_operator to 2025-12-07T09:15:47.454933+00:00, run_after=2025-12-08T09:15:47.454933+00:00
[2025-12-08T14:45:47.466+0530] {processor.py:179} INFO - Processing /Users/ramesharra/airflow310/lib/python3.10/site-packages/airflow/example_dags/example_short_circuit_operator.py took 0.157 seconds
[2025-12-08T14:48:00.248+0530] {processor.py:157} INFO - Started process (PID=13899) to work on /Users/ramesharra/airflow310/lib/python3.10/site-packages/airflow/example_dags/example_short_circuit_operator.py
[2025-12-08T14:48:00.249+0530] {processor.py:829} INFO - Processing file /Users/ramesharra/airflow310/lib/python3.10/site-packages/airflow/example_dags/example_short_circuit_operator.py for tasks to queue
[2025-12-08T14:48:00.250+0530] {logging_mixin.py:154} INFO - [2025-12-08T14:48:00.250+0530] {dagbag.py:536} INFO - Filling up the DagBag from /Users/ramesharra/airflow310/lib/python3.10/site-packages/airflow/example_dags/example_short_circuit_operator.py
[2025-12-08T14:48:00.273+0530] {processor.py:839} INFO - DAG(s) dict_keys(['example_short_circuit_operator']) retrieved from /Users/ramesharra/airflow310/lib/python3.10/site-packages/airflow/example_dags/example_short_circuit_operator.py
[2025-12-08T14:48:00.372+0530] {logging_mixin.py:154} INFO - [2025-12-08T14:48:00.372+0530] {dag.py:2941} INFO - Sync 1 DAGs
[2025-12-08T14:48:00.381+0530] {logging_mixin.py:154} INFO - [2025-12-08T14:48:00.381+0530] {dag.py:3722} INFO - Setting next_dagrun for example_short_circuit_operator to 2025-12-07T09:18:00.381670+00:00, run_after=2025-12-08T09:18:00.381670+00:00
[2025-12-08T14:48:00.393+0530] {processor.py:179} INFO - Processing /Users/ramesharra/airflow310/lib/python3.10/site-packages/airflow/example_dags/example_short_circuit_operator.py took 0.146 seconds
[2025-12-08T14:50:12.374+0530] {processor.py:157} INFO - Started process (PID=14053) to work on /Users/ramesharra/airflow310/lib/python3.10/site-packages/airflow/example_dags/example_short_circuit_operator.py
[2025-12-08T14:50:12.374+0530] {processor.py:829} INFO - Processing file /Users/ramesharra/airflow310/lib/python3.10/site-packages/airflow/example_dags/example_short_circuit_operator.py for tasks to queue
[2025-12-08T14:50:12.376+0530] {logging_mixin.py:154} INFO - [2025-12-08T14:50:12.376+0530] {dagbag.py:536} INFO - Filling up the DagBag from /Users/ramesharra/airflow310/lib/python3.10/site-packages/airflow/example_dags/example_short_circuit_operator.py
[2025-12-08T14:50:12.418+0530] {processor.py:839} INFO - DAG(s) dict_keys(['example_short_circuit_operator']) retrieved from /Users/ramesharra/airflow310/lib/python3.10/site-packages/airflow/example_dags/example_short_circuit_operator.py
[2025-12-08T14:50:12.573+0530] {logging_mixin.py:154} INFO - [2025-12-08T14:50:12.572+0530] {dag.py:2941} INFO - Sync 1 DAGs
[2025-12-08T14:50:12.593+0530] {logging_mixin.py:154} INFO - [2025-12-08T14:50:12.593+0530] {dag.py:3722} INFO - Setting next_dagrun for example_short_circuit_operator to 2025-12-07T09:20:12.592921+00:00, run_after=2025-12-08T09:20:12.592921+00:00
[2025-12-08T14:50:12.612+0530] {processor.py:179} INFO - Processing /Users/ramesharra/airflow310/lib/python3.10/site-packages/airflow/example_dags/example_short_circuit_operator.py took 0.239 seconds
