[2025-12-08T14:15:41.312+0530] {processor.py:157} INFO - Started process (PID=11569) to work on /Users/ramesharra/airflow310/lib/python3.10/site-packages/airflow/example_dags/example_setup_teardown_taskflow.py
[2025-12-08T14:15:41.313+0530] {processor.py:829} INFO - Processing file /Users/ramesharra/airflow310/lib/python3.10/site-packages/airflow/example_dags/example_setup_teardown_taskflow.py for tasks to queue
[2025-12-08T14:15:41.314+0530] {logging_mixin.py:154} INFO - [2025-12-08T14:15:41.314+0530] {dagbag.py:536} INFO - Filling up the DagBag from /Users/ramesharra/airflow310/lib/python3.10/site-packages/airflow/example_dags/example_setup_teardown_taskflow.py
[2025-12-08T14:15:41.342+0530] {processor.py:839} INFO - DAG(s) dict_keys(['example_setup_teardown_taskflow']) retrieved from /Users/ramesharra/airflow310/lib/python3.10/site-packages/airflow/example_dags/example_setup_teardown_taskflow.py
[2025-12-08T14:15:41.675+0530] {logging_mixin.py:154} INFO - [2025-12-08T14:15:41.675+0530] {manager.py:499} INFO - Created Permission View: %s
[2025-12-08T14:15:41.684+0530] {logging_mixin.py:154} INFO - [2025-12-08T14:15:41.683+0530] {manager.py:499} INFO - Created Permission View: %s
[2025-12-08T14:15:41.688+0530] {logging_mixin.py:154} INFO - [2025-12-08T14:15:41.688+0530] {manager.py:499} INFO - Created Permission View: %s
[2025-12-08T14:15:41.688+0530] {logging_mixin.py:154} INFO - [2025-12-08T14:15:41.688+0530] {dag.py:2941} INFO - Sync 1 DAGs
[2025-12-08T14:15:41.700+0530] {logging_mixin.py:154} INFO - [2025-12-08T14:15:41.700+0530] {dag.py:2963} INFO - Creating ORM DAG for example_setup_teardown_taskflow
[2025-12-08T14:15:41.708+0530] {logging_mixin.py:154} INFO - [2025-12-08T14:15:41.707+0530] {dag.py:3722} INFO - Setting next_dagrun for example_setup_teardown_taskflow to 2025-12-07T08:45:41.707750+00:00, run_after=2025-12-08T08:45:41.707750+00:00
[2025-12-08T14:15:41.723+0530] {processor.py:179} INFO - Processing /Users/ramesharra/airflow310/lib/python3.10/site-packages/airflow/example_dags/example_setup_teardown_taskflow.py took 0.411 seconds
[2025-12-08T14:17:19.663+0530] {processor.py:157} INFO - Started process (PID=11699) to work on /Users/ramesharra/airflow310/lib/python3.10/site-packages/airflow/example_dags/example_setup_teardown_taskflow.py
[2025-12-08T14:17:19.664+0530] {processor.py:829} INFO - Processing file /Users/ramesharra/airflow310/lib/python3.10/site-packages/airflow/example_dags/example_setup_teardown_taskflow.py for tasks to queue
[2025-12-08T14:17:19.665+0530] {logging_mixin.py:154} INFO - [2025-12-08T14:17:19.665+0530] {dagbag.py:536} INFO - Filling up the DagBag from /Users/ramesharra/airflow310/lib/python3.10/site-packages/airflow/example_dags/example_setup_teardown_taskflow.py
[2025-12-08T14:17:19.696+0530] {processor.py:839} INFO - DAG(s) dict_keys(['example_setup_teardown_taskflow']) retrieved from /Users/ramesharra/airflow310/lib/python3.10/site-packages/airflow/example_dags/example_setup_teardown_taskflow.py
[2025-12-08T14:17:19.784+0530] {logging_mixin.py:154} INFO - [2025-12-08T14:17:19.783+0530] {dag.py:2941} INFO - Sync 1 DAGs
[2025-12-08T14:17:19.792+0530] {logging_mixin.py:154} INFO - [2025-12-08T14:17:19.792+0530] {dag.py:3722} INFO - Setting next_dagrun for example_setup_teardown_taskflow to 2025-12-07T08:47:19.792562+00:00, run_after=2025-12-08T08:47:19.792562+00:00
[2025-12-08T14:17:19.803+0530] {processor.py:179} INFO - Processing /Users/ramesharra/airflow310/lib/python3.10/site-packages/airflow/example_dags/example_setup_teardown_taskflow.py took 0.140 seconds
[2025-12-08T14:20:32.882+0530] {processor.py:157} INFO - Started process (PID=11865) to work on /Users/ramesharra/airflow310/lib/python3.10/site-packages/airflow/example_dags/example_setup_teardown_taskflow.py
[2025-12-08T14:20:32.882+0530] {processor.py:829} INFO - Processing file /Users/ramesharra/airflow310/lib/python3.10/site-packages/airflow/example_dags/example_setup_teardown_taskflow.py for tasks to queue
[2025-12-08T14:20:32.883+0530] {logging_mixin.py:154} INFO - [2025-12-08T14:20:32.883+0530] {dagbag.py:536} INFO - Filling up the DagBag from /Users/ramesharra/airflow310/lib/python3.10/site-packages/airflow/example_dags/example_setup_teardown_taskflow.py
[2025-12-08T14:20:32.919+0530] {processor.py:839} INFO - DAG(s) dict_keys(['example_setup_teardown_taskflow']) retrieved from /Users/ramesharra/airflow310/lib/python3.10/site-packages/airflow/example_dags/example_setup_teardown_taskflow.py
[2025-12-08T14:20:33.022+0530] {logging_mixin.py:154} INFO - [2025-12-08T14:20:33.022+0530] {dag.py:2941} INFO - Sync 1 DAGs
[2025-12-08T14:20:33.032+0530] {logging_mixin.py:154} INFO - [2025-12-08T14:20:33.032+0530] {dag.py:3722} INFO - Setting next_dagrun for example_setup_teardown_taskflow to 2025-12-07T08:50:33.031938+00:00, run_after=2025-12-08T08:50:33.031938+00:00
[2025-12-08T14:20:33.043+0530] {processor.py:179} INFO - Processing /Users/ramesharra/airflow310/lib/python3.10/site-packages/airflow/example_dags/example_setup_teardown_taskflow.py took 0.162 seconds
[2025-12-08T14:22:00.803+0530] {processor.py:157} INFO - Started process (PID=11964) to work on /Users/ramesharra/airflow310/lib/python3.10/site-packages/airflow/example_dags/example_setup_teardown_taskflow.py
[2025-12-08T14:22:00.803+0530] {processor.py:829} INFO - Processing file /Users/ramesharra/airflow310/lib/python3.10/site-packages/airflow/example_dags/example_setup_teardown_taskflow.py for tasks to queue
[2025-12-08T14:22:00.805+0530] {logging_mixin.py:154} INFO - [2025-12-08T14:22:00.805+0530] {dagbag.py:536} INFO - Filling up the DagBag from /Users/ramesharra/airflow310/lib/python3.10/site-packages/airflow/example_dags/example_setup_teardown_taskflow.py
[2025-12-08T14:22:00.838+0530] {processor.py:839} INFO - DAG(s) dict_keys(['example_setup_teardown_taskflow']) retrieved from /Users/ramesharra/airflow310/lib/python3.10/site-packages/airflow/example_dags/example_setup_teardown_taskflow.py
[2025-12-08T14:22:00.933+0530] {logging_mixin.py:154} INFO - [2025-12-08T14:22:00.933+0530] {dag.py:2941} INFO - Sync 1 DAGs
[2025-12-08T14:22:00.942+0530] {logging_mixin.py:154} INFO - [2025-12-08T14:22:00.942+0530] {dag.py:3722} INFO - Setting next_dagrun for example_setup_teardown_taskflow to 2025-12-07T08:52:00.942137+00:00, run_after=2025-12-08T08:52:00.942137+00:00
[2025-12-08T14:22:00.954+0530] {processor.py:179} INFO - Processing /Users/ramesharra/airflow310/lib/python3.10/site-packages/airflow/example_dags/example_setup_teardown_taskflow.py took 0.152 seconds
[2025-12-08T14:24:06.932+0530] {processor.py:157} INFO - Started process (PID=12261) to work on /Users/ramesharra/airflow310/lib/python3.10/site-packages/airflow/example_dags/example_setup_teardown_taskflow.py
[2025-12-08T14:24:06.932+0530] {processor.py:829} INFO - Processing file /Users/ramesharra/airflow310/lib/python3.10/site-packages/airflow/example_dags/example_setup_teardown_taskflow.py for tasks to queue
[2025-12-08T14:24:06.934+0530] {logging_mixin.py:154} INFO - [2025-12-08T14:24:06.934+0530] {dagbag.py:536} INFO - Filling up the DagBag from /Users/ramesharra/airflow310/lib/python3.10/site-packages/airflow/example_dags/example_setup_teardown_taskflow.py
[2025-12-08T14:24:06.965+0530] {processor.py:839} INFO - DAG(s) dict_keys(['example_setup_teardown_taskflow']) retrieved from /Users/ramesharra/airflow310/lib/python3.10/site-packages/airflow/example_dags/example_setup_teardown_taskflow.py
[2025-12-08T14:24:07.058+0530] {logging_mixin.py:154} INFO - [2025-12-08T14:24:07.058+0530] {dag.py:2941} INFO - Sync 1 DAGs
[2025-12-08T14:24:07.067+0530] {logging_mixin.py:154} INFO - [2025-12-08T14:24:07.067+0530] {dag.py:3722} INFO - Setting next_dagrun for example_setup_teardown_taskflow to 2025-12-07T08:54:07.067191+00:00, run_after=2025-12-08T08:54:07.067191+00:00
[2025-12-08T14:24:07.078+0530] {processor.py:179} INFO - Processing /Users/ramesharra/airflow310/lib/python3.10/site-packages/airflow/example_dags/example_setup_teardown_taskflow.py took 0.147 seconds
[2025-12-08T14:26:25.290+0530] {processor.py:157} INFO - Started process (PID=12443) to work on /Users/ramesharra/airflow310/lib/python3.10/site-packages/airflow/example_dags/example_setup_teardown_taskflow.py
[2025-12-08T14:26:25.291+0530] {processor.py:829} INFO - Processing file /Users/ramesharra/airflow310/lib/python3.10/site-packages/airflow/example_dags/example_setup_teardown_taskflow.py for tasks to queue
[2025-12-08T14:26:25.292+0530] {logging_mixin.py:154} INFO - [2025-12-08T14:26:25.292+0530] {dagbag.py:536} INFO - Filling up the DagBag from /Users/ramesharra/airflow310/lib/python3.10/site-packages/airflow/example_dags/example_setup_teardown_taskflow.py
[2025-12-08T14:26:25.333+0530] {processor.py:839} INFO - DAG(s) dict_keys(['example_setup_teardown_taskflow']) retrieved from /Users/ramesharra/airflow310/lib/python3.10/site-packages/airflow/example_dags/example_setup_teardown_taskflow.py
[2025-12-08T14:26:25.443+0530] {logging_mixin.py:154} INFO - [2025-12-08T14:26:25.443+0530] {dag.py:2941} INFO - Sync 1 DAGs
[2025-12-08T14:26:25.454+0530] {logging_mixin.py:154} INFO - [2025-12-08T14:26:25.454+0530] {dag.py:3722} INFO - Setting next_dagrun for example_setup_teardown_taskflow to 2025-12-07T08:56:25.453956+00:00, run_after=2025-12-08T08:56:25.453956+00:00
[2025-12-08T14:26:25.467+0530] {processor.py:179} INFO - Processing /Users/ramesharra/airflow310/lib/python3.10/site-packages/airflow/example_dags/example_setup_teardown_taskflow.py took 0.177 seconds
[2025-12-08T14:27:59.527+0530] {processor.py:157} INFO - Started process (PID=12541) to work on /Users/ramesharra/airflow310/lib/python3.10/site-packages/airflow/example_dags/example_setup_teardown_taskflow.py
[2025-12-08T14:27:59.527+0530] {processor.py:829} INFO - Processing file /Users/ramesharra/airflow310/lib/python3.10/site-packages/airflow/example_dags/example_setup_teardown_taskflow.py for tasks to queue
[2025-12-08T14:27:59.529+0530] {logging_mixin.py:154} INFO - [2025-12-08T14:27:59.529+0530] {dagbag.py:536} INFO - Filling up the DagBag from /Users/ramesharra/airflow310/lib/python3.10/site-packages/airflow/example_dags/example_setup_teardown_taskflow.py
[2025-12-08T14:27:59.571+0530] {processor.py:839} INFO - DAG(s) dict_keys(['example_setup_teardown_taskflow']) retrieved from /Users/ramesharra/airflow310/lib/python3.10/site-packages/airflow/example_dags/example_setup_teardown_taskflow.py
[2025-12-08T14:27:59.698+0530] {logging_mixin.py:154} INFO - [2025-12-08T14:27:59.698+0530] {dag.py:2941} INFO - Sync 1 DAGs
[2025-12-08T14:27:59.712+0530] {logging_mixin.py:154} INFO - [2025-12-08T14:27:59.712+0530] {dag.py:3722} INFO - Setting next_dagrun for example_setup_teardown_taskflow to 2025-12-07T08:57:59.711997+00:00, run_after=2025-12-08T08:57:59.711997+00:00
[2025-12-08T14:27:59.731+0530] {processor.py:179} INFO - Processing /Users/ramesharra/airflow310/lib/python3.10/site-packages/airflow/example_dags/example_setup_teardown_taskflow.py took 0.205 seconds
[2025-12-08T14:29:19.455+0530] {processor.py:157} INFO - Started process (PID=12630) to work on /Users/ramesharra/airflow310/lib/python3.10/site-packages/airflow/example_dags/example_setup_teardown_taskflow.py
[2025-12-08T14:29:19.456+0530] {processor.py:829} INFO - Processing file /Users/ramesharra/airflow310/lib/python3.10/site-packages/airflow/example_dags/example_setup_teardown_taskflow.py for tasks to queue
[2025-12-08T14:29:19.457+0530] {logging_mixin.py:154} INFO - [2025-12-08T14:29:19.457+0530] {dagbag.py:536} INFO - Filling up the DagBag from /Users/ramesharra/airflow310/lib/python3.10/site-packages/airflow/example_dags/example_setup_teardown_taskflow.py
[2025-12-08T14:29:19.490+0530] {processor.py:839} INFO - DAG(s) dict_keys(['example_setup_teardown_taskflow']) retrieved from /Users/ramesharra/airflow310/lib/python3.10/site-packages/airflow/example_dags/example_setup_teardown_taskflow.py
[2025-12-08T14:29:19.585+0530] {logging_mixin.py:154} INFO - [2025-12-08T14:29:19.585+0530] {dag.py:2941} INFO - Sync 1 DAGs
[2025-12-08T14:29:19.594+0530] {logging_mixin.py:154} INFO - [2025-12-08T14:29:19.594+0530] {dag.py:3722} INFO - Setting next_dagrun for example_setup_teardown_taskflow to 2025-12-07T08:59:19.594749+00:00, run_after=2025-12-08T08:59:19.594749+00:00
[2025-12-08T14:29:19.606+0530] {processor.py:179} INFO - Processing /Users/ramesharra/airflow310/lib/python3.10/site-packages/airflow/example_dags/example_setup_teardown_taskflow.py took 0.152 seconds
[2025-12-08T14:30:49.357+0530] {processor.py:157} INFO - Started process (PID=12730) to work on /Users/ramesharra/airflow310/lib/python3.10/site-packages/airflow/example_dags/example_setup_teardown_taskflow.py
[2025-12-08T14:30:49.359+0530] {processor.py:829} INFO - Processing file /Users/ramesharra/airflow310/lib/python3.10/site-packages/airflow/example_dags/example_setup_teardown_taskflow.py for tasks to queue
[2025-12-08T14:30:49.360+0530] {logging_mixin.py:154} INFO - [2025-12-08T14:30:49.360+0530] {dagbag.py:536} INFO - Filling up the DagBag from /Users/ramesharra/airflow310/lib/python3.10/site-packages/airflow/example_dags/example_setup_teardown_taskflow.py
[2025-12-08T14:30:49.397+0530] {processor.py:839} INFO - DAG(s) dict_keys(['example_setup_teardown_taskflow']) retrieved from /Users/ramesharra/airflow310/lib/python3.10/site-packages/airflow/example_dags/example_setup_teardown_taskflow.py
[2025-12-08T14:30:49.494+0530] {logging_mixin.py:154} INFO - [2025-12-08T14:30:49.493+0530] {dag.py:2941} INFO - Sync 1 DAGs
[2025-12-08T14:30:49.503+0530] {logging_mixin.py:154} INFO - [2025-12-08T14:30:49.503+0530] {dag.py:3722} INFO - Setting next_dagrun for example_setup_teardown_taskflow to 2025-12-07T09:00:49.503137+00:00, run_after=2025-12-08T09:00:49.503137+00:00
[2025-12-08T14:30:49.514+0530] {processor.py:179} INFO - Processing /Users/ramesharra/airflow310/lib/python3.10/site-packages/airflow/example_dags/example_setup_teardown_taskflow.py took 0.157 seconds
[2025-12-08T14:32:55.143+0530] {processor.py:157} INFO - Started process (PID=12866) to work on /Users/ramesharra/airflow310/lib/python3.10/site-packages/airflow/example_dags/example_setup_teardown_taskflow.py
[2025-12-08T14:32:55.145+0530] {processor.py:829} INFO - Processing file /Users/ramesharra/airflow310/lib/python3.10/site-packages/airflow/example_dags/example_setup_teardown_taskflow.py for tasks to queue
[2025-12-08T14:32:55.146+0530] {logging_mixin.py:154} INFO - [2025-12-08T14:32:55.146+0530] {dagbag.py:536} INFO - Filling up the DagBag from /Users/ramesharra/airflow310/lib/python3.10/site-packages/airflow/example_dags/example_setup_teardown_taskflow.py
[2025-12-08T14:32:55.183+0530] {processor.py:839} INFO - DAG(s) dict_keys(['example_setup_teardown_taskflow']) retrieved from /Users/ramesharra/airflow310/lib/python3.10/site-packages/airflow/example_dags/example_setup_teardown_taskflow.py
[2025-12-08T14:32:55.284+0530] {logging_mixin.py:154} INFO - [2025-12-08T14:32:55.284+0530] {dag.py:2941} INFO - Sync 1 DAGs
[2025-12-08T14:32:55.293+0530] {logging_mixin.py:154} INFO - [2025-12-08T14:32:55.293+0530] {dag.py:3722} INFO - Setting next_dagrun for example_setup_teardown_taskflow to 2025-12-07T09:02:55.293759+00:00, run_after=2025-12-08T09:02:55.293759+00:00
[2025-12-08T14:32:55.305+0530] {processor.py:179} INFO - Processing /Users/ramesharra/airflow310/lib/python3.10/site-packages/airflow/example_dags/example_setup_teardown_taskflow.py took 0.163 seconds
[2025-12-08T14:34:56.807+0530] {processor.py:157} INFO - Started process (PID=13006) to work on /Users/ramesharra/airflow310/lib/python3.10/site-packages/airflow/example_dags/example_setup_teardown_taskflow.py
[2025-12-08T14:34:56.808+0530] {processor.py:829} INFO - Processing file /Users/ramesharra/airflow310/lib/python3.10/site-packages/airflow/example_dags/example_setup_teardown_taskflow.py for tasks to queue
[2025-12-08T14:34:56.809+0530] {logging_mixin.py:154} INFO - [2025-12-08T14:34:56.809+0530] {dagbag.py:536} INFO - Filling up the DagBag from /Users/ramesharra/airflow310/lib/python3.10/site-packages/airflow/example_dags/example_setup_teardown_taskflow.py
[2025-12-08T14:34:56.844+0530] {processor.py:839} INFO - DAG(s) dict_keys(['example_setup_teardown_taskflow']) retrieved from /Users/ramesharra/airflow310/lib/python3.10/site-packages/airflow/example_dags/example_setup_teardown_taskflow.py
[2025-12-08T14:34:56.942+0530] {logging_mixin.py:154} INFO - [2025-12-08T14:34:56.942+0530] {dag.py:2941} INFO - Sync 1 DAGs
[2025-12-08T14:34:56.952+0530] {logging_mixin.py:154} INFO - [2025-12-08T14:34:56.952+0530] {dag.py:3722} INFO - Setting next_dagrun for example_setup_teardown_taskflow to 2025-12-07T09:04:56.951899+00:00, run_after=2025-12-08T09:04:56.951899+00:00
[2025-12-08T14:34:56.964+0530] {processor.py:179} INFO - Processing /Users/ramesharra/airflow310/lib/python3.10/site-packages/airflow/example_dags/example_setup_teardown_taskflow.py took 0.157 seconds
[2025-12-08T14:37:08.111+0530] {processor.py:157} INFO - Started process (PID=13155) to work on /Users/ramesharra/airflow310/lib/python3.10/site-packages/airflow/example_dags/example_setup_teardown_taskflow.py
[2025-12-08T14:37:08.113+0530] {processor.py:829} INFO - Processing file /Users/ramesharra/airflow310/lib/python3.10/site-packages/airflow/example_dags/example_setup_teardown_taskflow.py for tasks to queue
[2025-12-08T14:37:08.116+0530] {logging_mixin.py:154} INFO - [2025-12-08T14:37:08.116+0530] {dagbag.py:536} INFO - Filling up the DagBag from /Users/ramesharra/airflow310/lib/python3.10/site-packages/airflow/example_dags/example_setup_teardown_taskflow.py
[2025-12-08T14:37:08.151+0530] {processor.py:839} INFO - DAG(s) dict_keys(['example_setup_teardown_taskflow']) retrieved from /Users/ramesharra/airflow310/lib/python3.10/site-packages/airflow/example_dags/example_setup_teardown_taskflow.py
[2025-12-08T14:37:08.254+0530] {logging_mixin.py:154} INFO - [2025-12-08T14:37:08.253+0530] {dag.py:2941} INFO - Sync 1 DAGs
[2025-12-08T14:37:08.263+0530] {logging_mixin.py:154} INFO - [2025-12-08T14:37:08.263+0530] {dag.py:3722} INFO - Setting next_dagrun for example_setup_teardown_taskflow to 2025-12-07T09:07:08.263381+00:00, run_after=2025-12-08T09:07:08.263381+00:00
[2025-12-08T14:37:08.275+0530] {processor.py:179} INFO - Processing /Users/ramesharra/airflow310/lib/python3.10/site-packages/airflow/example_dags/example_setup_teardown_taskflow.py took 0.164 seconds
[2025-12-08T14:39:22.297+0530] {processor.py:157} INFO - Started process (PID=13312) to work on /Users/ramesharra/airflow310/lib/python3.10/site-packages/airflow/example_dags/example_setup_teardown_taskflow.py
[2025-12-08T14:39:22.298+0530] {processor.py:829} INFO - Processing file /Users/ramesharra/airflow310/lib/python3.10/site-packages/airflow/example_dags/example_setup_teardown_taskflow.py for tasks to queue
[2025-12-08T14:39:22.299+0530] {logging_mixin.py:154} INFO - [2025-12-08T14:39:22.299+0530] {dagbag.py:536} INFO - Filling up the DagBag from /Users/ramesharra/airflow310/lib/python3.10/site-packages/airflow/example_dags/example_setup_teardown_taskflow.py
[2025-12-08T14:39:22.332+0530] {processor.py:839} INFO - DAG(s) dict_keys(['example_setup_teardown_taskflow']) retrieved from /Users/ramesharra/airflow310/lib/python3.10/site-packages/airflow/example_dags/example_setup_teardown_taskflow.py
[2025-12-08T14:39:22.430+0530] {logging_mixin.py:154} INFO - [2025-12-08T14:39:22.430+0530] {dag.py:2941} INFO - Sync 1 DAGs
[2025-12-08T14:39:22.440+0530] {logging_mixin.py:154} INFO - [2025-12-08T14:39:22.440+0530] {dag.py:3722} INFO - Setting next_dagrun for example_setup_teardown_taskflow to 2025-12-07T09:09:22.439936+00:00, run_after=2025-12-08T09:09:22.439936+00:00
[2025-12-08T14:39:22.452+0530] {processor.py:179} INFO - Processing /Users/ramesharra/airflow310/lib/python3.10/site-packages/airflow/example_dags/example_setup_teardown_taskflow.py took 0.155 seconds
[2025-12-08T14:41:33.508+0530] {processor.py:157} INFO - Started process (PID=13464) to work on /Users/ramesharra/airflow310/lib/python3.10/site-packages/airflow/example_dags/example_setup_teardown_taskflow.py
[2025-12-08T14:41:33.509+0530] {processor.py:829} INFO - Processing file /Users/ramesharra/airflow310/lib/python3.10/site-packages/airflow/example_dags/example_setup_teardown_taskflow.py for tasks to queue
[2025-12-08T14:41:33.510+0530] {logging_mixin.py:154} INFO - [2025-12-08T14:41:33.510+0530] {dagbag.py:536} INFO - Filling up the DagBag from /Users/ramesharra/airflow310/lib/python3.10/site-packages/airflow/example_dags/example_setup_teardown_taskflow.py
[2025-12-08T14:41:33.551+0530] {processor.py:839} INFO - DAG(s) dict_keys(['example_setup_teardown_taskflow']) retrieved from /Users/ramesharra/airflow310/lib/python3.10/site-packages/airflow/example_dags/example_setup_teardown_taskflow.py
[2025-12-08T14:41:33.666+0530] {logging_mixin.py:154} INFO - [2025-12-08T14:41:33.666+0530] {dag.py:2941} INFO - Sync 1 DAGs
[2025-12-08T14:41:33.676+0530] {logging_mixin.py:154} INFO - [2025-12-08T14:41:33.676+0530] {dag.py:3722} INFO - Setting next_dagrun for example_setup_teardown_taskflow to 2025-12-07T09:11:33.676143+00:00, run_after=2025-12-08T09:11:33.676143+00:00
[2025-12-08T14:41:33.690+0530] {processor.py:179} INFO - Processing /Users/ramesharra/airflow310/lib/python3.10/site-packages/airflow/example_dags/example_setup_teardown_taskflow.py took 0.182 seconds
[2025-12-08T14:43:42.944+0530] {processor.py:157} INFO - Started process (PID=13610) to work on /Users/ramesharra/airflow310/lib/python3.10/site-packages/airflow/example_dags/example_setup_teardown_taskflow.py
[2025-12-08T14:43:42.945+0530] {processor.py:829} INFO - Processing file /Users/ramesharra/airflow310/lib/python3.10/site-packages/airflow/example_dags/example_setup_teardown_taskflow.py for tasks to queue
[2025-12-08T14:43:42.946+0530] {logging_mixin.py:154} INFO - [2025-12-08T14:43:42.946+0530] {dagbag.py:536} INFO - Filling up the DagBag from /Users/ramesharra/airflow310/lib/python3.10/site-packages/airflow/example_dags/example_setup_teardown_taskflow.py
[2025-12-08T14:43:42.982+0530] {processor.py:839} INFO - DAG(s) dict_keys(['example_setup_teardown_taskflow']) retrieved from /Users/ramesharra/airflow310/lib/python3.10/site-packages/airflow/example_dags/example_setup_teardown_taskflow.py
[2025-12-08T14:43:43.082+0530] {logging_mixin.py:154} INFO - [2025-12-08T14:43:43.082+0530] {dag.py:2941} INFO - Sync 1 DAGs
[2025-12-08T14:43:43.092+0530] {logging_mixin.py:154} INFO - [2025-12-08T14:43:43.092+0530] {dag.py:3722} INFO - Setting next_dagrun for example_setup_teardown_taskflow to 2025-12-07T09:13:43.092228+00:00, run_after=2025-12-08T09:13:43.092228+00:00
[2025-12-08T14:43:43.104+0530] {processor.py:179} INFO - Processing /Users/ramesharra/airflow310/lib/python3.10/site-packages/airflow/example_dags/example_setup_teardown_taskflow.py took 0.161 seconds
[2025-12-08T14:45:51.397+0530] {processor.py:157} INFO - Started process (PID=13744) to work on /Users/ramesharra/airflow310/lib/python3.10/site-packages/airflow/example_dags/example_setup_teardown_taskflow.py
[2025-12-08T14:45:51.398+0530] {processor.py:829} INFO - Processing file /Users/ramesharra/airflow310/lib/python3.10/site-packages/airflow/example_dags/example_setup_teardown_taskflow.py for tasks to queue
[2025-12-08T14:45:51.399+0530] {logging_mixin.py:154} INFO - [2025-12-08T14:45:51.399+0530] {dagbag.py:536} INFO - Filling up the DagBag from /Users/ramesharra/airflow310/lib/python3.10/site-packages/airflow/example_dags/example_setup_teardown_taskflow.py
[2025-12-08T14:45:51.434+0530] {processor.py:839} INFO - DAG(s) dict_keys(['example_setup_teardown_taskflow']) retrieved from /Users/ramesharra/airflow310/lib/python3.10/site-packages/airflow/example_dags/example_setup_teardown_taskflow.py
[2025-12-08T14:45:51.532+0530] {logging_mixin.py:154} INFO - [2025-12-08T14:45:51.532+0530] {dag.py:2941} INFO - Sync 1 DAGs
[2025-12-08T14:45:51.542+0530] {logging_mixin.py:154} INFO - [2025-12-08T14:45:51.541+0530] {dag.py:3722} INFO - Setting next_dagrun for example_setup_teardown_taskflow to 2025-12-07T09:15:51.541794+00:00, run_after=2025-12-08T09:15:51.541794+00:00
[2025-12-08T14:45:51.553+0530] {processor.py:179} INFO - Processing /Users/ramesharra/airflow310/lib/python3.10/site-packages/airflow/example_dags/example_setup_teardown_taskflow.py took 0.156 seconds
[2025-12-08T14:48:04.298+0530] {processor.py:157} INFO - Started process (PID=13906) to work on /Users/ramesharra/airflow310/lib/python3.10/site-packages/airflow/example_dags/example_setup_teardown_taskflow.py
[2025-12-08T14:48:04.299+0530] {processor.py:829} INFO - Processing file /Users/ramesharra/airflow310/lib/python3.10/site-packages/airflow/example_dags/example_setup_teardown_taskflow.py for tasks to queue
[2025-12-08T14:48:04.301+0530] {logging_mixin.py:154} INFO - [2025-12-08T14:48:04.301+0530] {dagbag.py:536} INFO - Filling up the DagBag from /Users/ramesharra/airflow310/lib/python3.10/site-packages/airflow/example_dags/example_setup_teardown_taskflow.py
[2025-12-08T14:48:04.337+0530] {processor.py:839} INFO - DAG(s) dict_keys(['example_setup_teardown_taskflow']) retrieved from /Users/ramesharra/airflow310/lib/python3.10/site-packages/airflow/example_dags/example_setup_teardown_taskflow.py
[2025-12-08T14:48:04.526+0530] {logging_mixin.py:154} INFO - [2025-12-08T14:48:04.525+0530] {dag.py:2941} INFO - Sync 1 DAGs
[2025-12-08T14:48:04.539+0530] {logging_mixin.py:154} INFO - [2025-12-08T14:48:04.539+0530] {dag.py:3722} INFO - Setting next_dagrun for example_setup_teardown_taskflow to 2025-12-07T09:18:04.539646+00:00, run_after=2025-12-08T09:18:04.539646+00:00
[2025-12-08T14:48:04.557+0530] {processor.py:179} INFO - Processing /Users/ramesharra/airflow310/lib/python3.10/site-packages/airflow/example_dags/example_setup_teardown_taskflow.py took 0.260 seconds
[2025-12-08T14:50:17.130+0530] {processor.py:157} INFO - Started process (PID=14058) to work on /Users/ramesharra/airflow310/lib/python3.10/site-packages/airflow/example_dags/example_setup_teardown_taskflow.py
[2025-12-08T14:50:17.131+0530] {processor.py:829} INFO - Processing file /Users/ramesharra/airflow310/lib/python3.10/site-packages/airflow/example_dags/example_setup_teardown_taskflow.py for tasks to queue
[2025-12-08T14:50:17.132+0530] {logging_mixin.py:154} INFO - [2025-12-08T14:50:17.132+0530] {dagbag.py:536} INFO - Filling up the DagBag from /Users/ramesharra/airflow310/lib/python3.10/site-packages/airflow/example_dags/example_setup_teardown_taskflow.py
[2025-12-08T14:50:17.176+0530] {processor.py:839} INFO - DAG(s) dict_keys(['example_setup_teardown_taskflow']) retrieved from /Users/ramesharra/airflow310/lib/python3.10/site-packages/airflow/example_dags/example_setup_teardown_taskflow.py
[2025-12-08T14:50:17.281+0530] {logging_mixin.py:154} INFO - [2025-12-08T14:50:17.281+0530] {dag.py:2941} INFO - Sync 1 DAGs
[2025-12-08T14:50:17.291+0530] {logging_mixin.py:154} INFO - [2025-12-08T14:50:17.291+0530] {dag.py:3722} INFO - Setting next_dagrun for example_setup_teardown_taskflow to 2025-12-07T09:20:17.291080+00:00, run_after=2025-12-08T09:20:17.291080+00:00
[2025-12-08T14:50:17.304+0530] {processor.py:179} INFO - Processing /Users/ramesharra/airflow310/lib/python3.10/site-packages/airflow/example_dags/example_setup_teardown_taskflow.py took 0.174 seconds
