[2025-12-08T14:16:13.411+0530] {processor.py:157} INFO - Started process (PID=11612) to work on /Users/ramesharra/airflow310/lib/python3.10/site-packages/airflow/example_dags/example_datasets.py
[2025-12-08T14:16:13.411+0530] {processor.py:829} INFO - Processing file /Users/ramesharra/airflow310/lib/python3.10/site-packages/airflow/example_dags/example_datasets.py for tasks to queue
[2025-12-08T14:16:13.413+0530] {logging_mixin.py:154} INFO - [2025-12-08T14:16:13.413+0530] {dagbag.py:536} INFO - Filling up the DagBag from /Users/ramesharra/airflow310/lib/python3.10/site-packages/airflow/example_dags/example_datasets.py
[2025-12-08T14:16:13.432+0530] {processor.py:839} INFO - DAG(s) dict_keys(['dataset_consumes_1', 'dataset_produces_2', 'dataset_consumes_1_never_scheduled', 'dataset_produces_1', 'dataset_consumes_unknown_never_scheduled', 'dataset_consumes_1_and_2']) retrieved from /Users/ramesharra/airflow310/lib/python3.10/site-packages/airflow/example_dags/example_datasets.py
[2025-12-08T14:16:13.825+0530] {logging_mixin.py:154} INFO - [2025-12-08T14:16:13.825+0530] {manager.py:499} INFO - Created Permission View: %s
[2025-12-08T14:16:13.829+0530] {logging_mixin.py:154} INFO - [2025-12-08T14:16:13.829+0530] {manager.py:499} INFO - Created Permission View: %s
[2025-12-08T14:16:13.832+0530] {logging_mixin.py:154} INFO - [2025-12-08T14:16:13.832+0530] {manager.py:499} INFO - Created Permission View: %s
[2025-12-08T14:16:13.839+0530] {logging_mixin.py:154} INFO - [2025-12-08T14:16:13.839+0530] {manager.py:499} INFO - Created Permission View: %s
[2025-12-08T14:16:13.842+0530] {logging_mixin.py:154} INFO - [2025-12-08T14:16:13.842+0530] {manager.py:499} INFO - Created Permission View: %s
[2025-12-08T14:16:13.845+0530] {logging_mixin.py:154} INFO - [2025-12-08T14:16:13.845+0530] {manager.py:499} INFO - Created Permission View: %s
[2025-12-08T14:16:13.851+0530] {logging_mixin.py:154} INFO - [2025-12-08T14:16:13.851+0530] {manager.py:499} INFO - Created Permission View: %s
[2025-12-08T14:16:13.855+0530] {logging_mixin.py:154} INFO - [2025-12-08T14:16:13.855+0530] {manager.py:499} INFO - Created Permission View: %s
[2025-12-08T14:16:13.858+0530] {logging_mixin.py:154} INFO - [2025-12-08T14:16:13.858+0530] {manager.py:499} INFO - Created Permission View: %s
[2025-12-08T14:16:13.864+0530] {logging_mixin.py:154} INFO - [2025-12-08T14:16:13.864+0530] {manager.py:499} INFO - Created Permission View: %s
[2025-12-08T14:16:13.867+0530] {logging_mixin.py:154} INFO - [2025-12-08T14:16:13.867+0530] {manager.py:499} INFO - Created Permission View: %s
[2025-12-08T14:16:13.870+0530] {logging_mixin.py:154} INFO - [2025-12-08T14:16:13.870+0530] {manager.py:499} INFO - Created Permission View: %s
[2025-12-08T14:16:13.876+0530] {logging_mixin.py:154} INFO - [2025-12-08T14:16:13.876+0530] {manager.py:499} INFO - Created Permission View: %s
[2025-12-08T14:16:13.880+0530] {logging_mixin.py:154} INFO - [2025-12-08T14:16:13.879+0530] {manager.py:499} INFO - Created Permission View: %s
[2025-12-08T14:16:13.882+0530] {logging_mixin.py:154} INFO - [2025-12-08T14:16:13.882+0530] {manager.py:499} INFO - Created Permission View: %s
[2025-12-08T14:16:13.889+0530] {logging_mixin.py:154} INFO - [2025-12-08T14:16:13.889+0530] {manager.py:499} INFO - Created Permission View: %s
[2025-12-08T14:16:13.892+0530] {logging_mixin.py:154} INFO - [2025-12-08T14:16:13.892+0530] {manager.py:499} INFO - Created Permission View: %s
[2025-12-08T14:16:13.895+0530] {logging_mixin.py:154} INFO - [2025-12-08T14:16:13.895+0530] {manager.py:499} INFO - Created Permission View: %s
[2025-12-08T14:16:13.895+0530] {logging_mixin.py:154} INFO - [2025-12-08T14:16:13.895+0530] {dag.py:2941} INFO - Sync 6 DAGs
[2025-12-08T14:16:13.900+0530] {logging_mixin.py:154} INFO - [2025-12-08T14:16:13.900+0530] {dag.py:2963} INFO - Creating ORM DAG for dataset_produces_1
[2025-12-08T14:16:13.900+0530] {logging_mixin.py:154} INFO - [2025-12-08T14:16:13.900+0530] {dag.py:2963} INFO - Creating ORM DAG for dataset_produces_2
[2025-12-08T14:16:13.900+0530] {logging_mixin.py:154} INFO - [2025-12-08T14:16:13.900+0530] {dag.py:2963} INFO - Creating ORM DAG for dataset_consumes_unknown_never_scheduled
[2025-12-08T14:16:13.901+0530] {logging_mixin.py:154} INFO - [2025-12-08T14:16:13.900+0530] {dag.py:2963} INFO - Creating ORM DAG for dataset_consumes_1_never_scheduled
[2025-12-08T14:16:13.901+0530] {logging_mixin.py:154} INFO - [2025-12-08T14:16:13.901+0530] {dag.py:2963} INFO - Creating ORM DAG for dataset_consumes_1
[2025-12-08T14:16:13.901+0530] {logging_mixin.py:154} INFO - [2025-12-08T14:16:13.901+0530] {dag.py:2963} INFO - Creating ORM DAG for dataset_consumes_1_and_2
[2025-12-08T14:16:13.905+0530] {logging_mixin.py:154} INFO - [2025-12-08T14:16:13.904+0530] {dag.py:3722} INFO - Setting next_dagrun for dataset_consumes_1 to None, run_after=None
[2025-12-08T14:16:13.905+0530] {logging_mixin.py:154} INFO - [2025-12-08T14:16:13.905+0530] {dag.py:3722} INFO - Setting next_dagrun for dataset_consumes_1_and_2 to None, run_after=None
[2025-12-08T14:16:13.905+0530] {logging_mixin.py:154} INFO - [2025-12-08T14:16:13.905+0530] {dag.py:3722} INFO - Setting next_dagrun for dataset_consumes_1_never_scheduled to None, run_after=None
[2025-12-08T14:16:13.905+0530] {logging_mixin.py:154} INFO - [2025-12-08T14:16:13.905+0530] {dag.py:3722} INFO - Setting next_dagrun for dataset_consumes_unknown_never_scheduled to None, run_after=None
[2025-12-08T14:16:13.906+0530] {logging_mixin.py:154} INFO - [2025-12-08T14:16:13.906+0530] {dag.py:3722} INFO - Setting next_dagrun for dataset_produces_1 to 2025-12-07T00:00:00+00:00, run_after=2025-12-08T00:00:00+00:00
[2025-12-08T14:16:13.906+0530] {logging_mixin.py:154} INFO - [2025-12-08T14:16:13.906+0530] {dag.py:3722} INFO - Setting next_dagrun for dataset_produces_2 to None, run_after=None
[2025-12-08T14:16:13.921+0530] {processor.py:179} INFO - Processing /Users/ramesharra/airflow310/lib/python3.10/site-packages/airflow/example_dags/example_datasets.py took 0.511 seconds
[2025-12-08T14:21:00.434+0530] {processor.py:157} INFO - Started process (PID=11897) to work on /Users/ramesharra/airflow310/lib/python3.10/site-packages/airflow/example_dags/example_datasets.py
[2025-12-08T14:21:00.435+0530] {processor.py:829} INFO - Processing file /Users/ramesharra/airflow310/lib/python3.10/site-packages/airflow/example_dags/example_datasets.py for tasks to queue
[2025-12-08T14:21:00.437+0530] {logging_mixin.py:154} INFO - [2025-12-08T14:21:00.437+0530] {dagbag.py:536} INFO - Filling up the DagBag from /Users/ramesharra/airflow310/lib/python3.10/site-packages/airflow/example_dags/example_datasets.py
[2025-12-08T14:21:00.453+0530] {processor.py:839} INFO - DAG(s) dict_keys(['dataset_produces_1', 'dataset_consumes_1_and_2', 'dataset_consumes_1', 'dataset_consumes_unknown_never_scheduled', 'dataset_consumes_1_never_scheduled', 'dataset_produces_2']) retrieved from /Users/ramesharra/airflow310/lib/python3.10/site-packages/airflow/example_dags/example_datasets.py
[2025-12-08T14:21:00.556+0530] {logging_mixin.py:154} INFO - [2025-12-08T14:21:00.556+0530] {dag.py:2941} INFO - Sync 6 DAGs
[2025-12-08T14:21:00.564+0530] {logging_mixin.py:154} INFO - [2025-12-08T14:21:00.563+0530] {dag.py:3722} INFO - Setting next_dagrun for dataset_consumes_1 to None, run_after=None
[2025-12-08T14:21:00.565+0530] {logging_mixin.py:154} INFO - [2025-12-08T14:21:00.565+0530] {dag.py:3722} INFO - Setting next_dagrun for dataset_consumes_1_and_2 to None, run_after=None
[2025-12-08T14:21:00.565+0530] {logging_mixin.py:154} INFO - [2025-12-08T14:21:00.565+0530] {dag.py:3722} INFO - Setting next_dagrun for dataset_consumes_1_never_scheduled to None, run_after=None
[2025-12-08T14:21:00.565+0530] {logging_mixin.py:154} INFO - [2025-12-08T14:21:00.565+0530] {dag.py:3722} INFO - Setting next_dagrun for dataset_consumes_unknown_never_scheduled to None, run_after=None
[2025-12-08T14:21:00.566+0530] {logging_mixin.py:154} INFO - [2025-12-08T14:21:00.566+0530] {dag.py:3722} INFO - Setting next_dagrun for dataset_produces_1 to 2025-12-07T00:00:00+00:00, run_after=2025-12-08T00:00:00+00:00
[2025-12-08T14:21:00.567+0530] {logging_mixin.py:154} INFO - [2025-12-08T14:21:00.567+0530] {dag.py:3722} INFO - Setting next_dagrun for dataset_produces_2 to None, run_after=None
[2025-12-08T14:21:00.580+0530] {processor.py:179} INFO - Processing /Users/ramesharra/airflow310/lib/python3.10/site-packages/airflow/example_dags/example_datasets.py took 0.146 seconds
[2025-12-08T14:23:06.796+0530] {processor.py:157} INFO - Started process (PID=12203) to work on /Users/ramesharra/airflow310/lib/python3.10/site-packages/airflow/example_dags/example_datasets.py
[2025-12-08T14:23:06.797+0530] {processor.py:829} INFO - Processing file /Users/ramesharra/airflow310/lib/python3.10/site-packages/airflow/example_dags/example_datasets.py for tasks to queue
[2025-12-08T14:23:06.799+0530] {logging_mixin.py:154} INFO - [2025-12-08T14:23:06.799+0530] {dagbag.py:536} INFO - Filling up the DagBag from /Users/ramesharra/airflow310/lib/python3.10/site-packages/airflow/example_dags/example_datasets.py
[2025-12-08T14:23:06.816+0530] {processor.py:839} INFO - DAG(s) dict_keys(['dataset_produces_1', 'dataset_consumes_1_and_2', 'dataset_produces_2', 'dataset_consumes_1', 'dataset_consumes_unknown_never_scheduled', 'dataset_consumes_1_never_scheduled']) retrieved from /Users/ramesharra/airflow310/lib/python3.10/site-packages/airflow/example_dags/example_datasets.py
[2025-12-08T14:23:06.919+0530] {logging_mixin.py:154} INFO - [2025-12-08T14:23:06.919+0530] {dag.py:2941} INFO - Sync 6 DAGs
[2025-12-08T14:23:06.929+0530] {logging_mixin.py:154} INFO - [2025-12-08T14:23:06.929+0530] {dag.py:3722} INFO - Setting next_dagrun for dataset_consumes_1 to None, run_after=None
[2025-12-08T14:23:06.930+0530] {logging_mixin.py:154} INFO - [2025-12-08T14:23:06.930+0530] {dag.py:3722} INFO - Setting next_dagrun for dataset_consumes_1_and_2 to None, run_after=None
[2025-12-08T14:23:06.931+0530] {logging_mixin.py:154} INFO - [2025-12-08T14:23:06.931+0530] {dag.py:3722} INFO - Setting next_dagrun for dataset_consumes_1_never_scheduled to None, run_after=None
[2025-12-08T14:23:06.931+0530] {logging_mixin.py:154} INFO - [2025-12-08T14:23:06.931+0530] {dag.py:3722} INFO - Setting next_dagrun for dataset_consumes_unknown_never_scheduled to None, run_after=None
[2025-12-08T14:23:06.933+0530] {logging_mixin.py:154} INFO - [2025-12-08T14:23:06.933+0530] {dag.py:3722} INFO - Setting next_dagrun for dataset_produces_1 to 2025-12-07T00:00:00+00:00, run_after=2025-12-08T00:00:00+00:00
[2025-12-08T14:23:06.933+0530] {logging_mixin.py:154} INFO - [2025-12-08T14:23:06.933+0530] {dag.py:3722} INFO - Setting next_dagrun for dataset_produces_2 to None, run_after=None
[2025-12-08T14:23:06.949+0530] {processor.py:179} INFO - Processing /Users/ramesharra/airflow310/lib/python3.10/site-packages/airflow/example_dags/example_datasets.py took 0.153 seconds
[2025-12-08T14:25:14.099+0530] {processor.py:157} INFO - Started process (PID=12357) to work on /Users/ramesharra/airflow310/lib/python3.10/site-packages/airflow/example_dags/example_datasets.py
[2025-12-08T14:25:14.100+0530] {processor.py:829} INFO - Processing file /Users/ramesharra/airflow310/lib/python3.10/site-packages/airflow/example_dags/example_datasets.py for tasks to queue
[2025-12-08T14:25:14.101+0530] {logging_mixin.py:154} INFO - [2025-12-08T14:25:14.101+0530] {dagbag.py:536} INFO - Filling up the DagBag from /Users/ramesharra/airflow310/lib/python3.10/site-packages/airflow/example_dags/example_datasets.py
[2025-12-08T14:25:14.120+0530] {processor.py:839} INFO - DAG(s) dict_keys(['dataset_produces_1', 'dataset_produces_2', 'dataset_consumes_1_never_scheduled', 'dataset_consumes_1_and_2', 'dataset_consumes_unknown_never_scheduled', 'dataset_consumes_1']) retrieved from /Users/ramesharra/airflow310/lib/python3.10/site-packages/airflow/example_dags/example_datasets.py
[2025-12-08T14:25:14.231+0530] {logging_mixin.py:154} INFO - [2025-12-08T14:25:14.231+0530] {dag.py:2941} INFO - Sync 6 DAGs
[2025-12-08T14:25:14.241+0530] {logging_mixin.py:154} INFO - [2025-12-08T14:25:14.240+0530] {dag.py:3722} INFO - Setting next_dagrun for dataset_consumes_1 to None, run_after=None
[2025-12-08T14:25:14.242+0530] {logging_mixin.py:154} INFO - [2025-12-08T14:25:14.242+0530] {dag.py:3722} INFO - Setting next_dagrun for dataset_consumes_1_and_2 to None, run_after=None
[2025-12-08T14:25:14.243+0530] {logging_mixin.py:154} INFO - [2025-12-08T14:25:14.243+0530] {dag.py:3722} INFO - Setting next_dagrun for dataset_consumes_1_never_scheduled to None, run_after=None
[2025-12-08T14:25:14.243+0530] {logging_mixin.py:154} INFO - [2025-12-08T14:25:14.243+0530] {dag.py:3722} INFO - Setting next_dagrun for dataset_consumes_unknown_never_scheduled to None, run_after=None
[2025-12-08T14:25:14.244+0530] {logging_mixin.py:154} INFO - [2025-12-08T14:25:14.244+0530] {dag.py:3722} INFO - Setting next_dagrun for dataset_produces_1 to 2025-12-07T00:00:00+00:00, run_after=2025-12-08T00:00:00+00:00
[2025-12-08T14:25:14.245+0530] {logging_mixin.py:154} INFO - [2025-12-08T14:25:14.245+0530] {dag.py:3722} INFO - Setting next_dagrun for dataset_produces_2 to None, run_after=None
[2025-12-08T14:25:14.261+0530] {processor.py:179} INFO - Processing /Users/ramesharra/airflow310/lib/python3.10/site-packages/airflow/example_dags/example_datasets.py took 0.162 seconds
[2025-12-08T14:26:57.621+0530] {processor.py:157} INFO - Started process (PID=12484) to work on /Users/ramesharra/airflow310/lib/python3.10/site-packages/airflow/example_dags/example_datasets.py
[2025-12-08T14:26:57.622+0530] {processor.py:829} INFO - Processing file /Users/ramesharra/airflow310/lib/python3.10/site-packages/airflow/example_dags/example_datasets.py for tasks to queue
[2025-12-08T14:26:57.624+0530] {logging_mixin.py:154} INFO - [2025-12-08T14:26:57.624+0530] {dagbag.py:536} INFO - Filling up the DagBag from /Users/ramesharra/airflow310/lib/python3.10/site-packages/airflow/example_dags/example_datasets.py
[2025-12-08T14:26:57.644+0530] {processor.py:839} INFO - DAG(s) dict_keys(['dataset_consumes_1_and_2', 'dataset_produces_1', 'dataset_consumes_1_never_scheduled', 'dataset_consumes_unknown_never_scheduled', 'dataset_produces_2', 'dataset_consumes_1']) retrieved from /Users/ramesharra/airflow310/lib/python3.10/site-packages/airflow/example_dags/example_datasets.py
[2025-12-08T14:26:57.763+0530] {logging_mixin.py:154} INFO - [2025-12-08T14:26:57.763+0530] {dag.py:2941} INFO - Sync 6 DAGs
[2025-12-08T14:26:57.773+0530] {logging_mixin.py:154} INFO - [2025-12-08T14:26:57.773+0530] {dag.py:3722} INFO - Setting next_dagrun for dataset_consumes_1 to None, run_after=None
[2025-12-08T14:26:57.775+0530] {logging_mixin.py:154} INFO - [2025-12-08T14:26:57.775+0530] {dag.py:3722} INFO - Setting next_dagrun for dataset_consumes_1_and_2 to None, run_after=None
[2025-12-08T14:26:57.776+0530] {logging_mixin.py:154} INFO - [2025-12-08T14:26:57.776+0530] {dag.py:3722} INFO - Setting next_dagrun for dataset_consumes_1_never_scheduled to None, run_after=None
[2025-12-08T14:26:57.776+0530] {logging_mixin.py:154} INFO - [2025-12-08T14:26:57.776+0530] {dag.py:3722} INFO - Setting next_dagrun for dataset_consumes_unknown_never_scheduled to None, run_after=None
[2025-12-08T14:26:57.777+0530] {logging_mixin.py:154} INFO - [2025-12-08T14:26:57.777+0530] {dag.py:3722} INFO - Setting next_dagrun for dataset_produces_1 to 2025-12-07T00:00:00+00:00, run_after=2025-12-08T00:00:00+00:00
[2025-12-08T14:26:57.778+0530] {logging_mixin.py:154} INFO - [2025-12-08T14:26:57.778+0530] {dag.py:3722} INFO - Setting next_dagrun for dataset_produces_2 to None, run_after=None
[2025-12-08T14:26:57.794+0530] {processor.py:179} INFO - Processing /Users/ramesharra/airflow310/lib/python3.10/site-packages/airflow/example_dags/example_datasets.py took 0.174 seconds
[2025-12-08T14:29:49.272+0530] {processor.py:157} INFO - Started process (PID=12659) to work on /Users/ramesharra/airflow310/lib/python3.10/site-packages/airflow/example_dags/example_datasets.py
[2025-12-08T14:29:49.273+0530] {processor.py:829} INFO - Processing file /Users/ramesharra/airflow310/lib/python3.10/site-packages/airflow/example_dags/example_datasets.py for tasks to queue
[2025-12-08T14:29:49.274+0530] {logging_mixin.py:154} INFO - [2025-12-08T14:29:49.274+0530] {dagbag.py:536} INFO - Filling up the DagBag from /Users/ramesharra/airflow310/lib/python3.10/site-packages/airflow/example_dags/example_datasets.py
[2025-12-08T14:29:49.293+0530] {processor.py:839} INFO - DAG(s) dict_keys(['dataset_produces_2', 'dataset_consumes_unknown_never_scheduled', 'dataset_produces_1', 'dataset_consumes_1', 'dataset_consumes_1_never_scheduled', 'dataset_consumes_1_and_2']) retrieved from /Users/ramesharra/airflow310/lib/python3.10/site-packages/airflow/example_dags/example_datasets.py
[2025-12-08T14:29:49.394+0530] {logging_mixin.py:154} INFO - [2025-12-08T14:29:49.394+0530] {dag.py:2941} INFO - Sync 6 DAGs
[2025-12-08T14:29:49.403+0530] {logging_mixin.py:154} INFO - [2025-12-08T14:29:49.403+0530] {dag.py:3722} INFO - Setting next_dagrun for dataset_consumes_1 to None, run_after=None
[2025-12-08T14:29:49.405+0530] {logging_mixin.py:154} INFO - [2025-12-08T14:29:49.405+0530] {dag.py:3722} INFO - Setting next_dagrun for dataset_consumes_1_and_2 to None, run_after=None
[2025-12-08T14:29:49.406+0530] {logging_mixin.py:154} INFO - [2025-12-08T14:29:49.406+0530] {dag.py:3722} INFO - Setting next_dagrun for dataset_consumes_1_never_scheduled to None, run_after=None
[2025-12-08T14:29:49.406+0530] {logging_mixin.py:154} INFO - [2025-12-08T14:29:49.406+0530] {dag.py:3722} INFO - Setting next_dagrun for dataset_consumes_unknown_never_scheduled to None, run_after=None
[2025-12-08T14:29:49.407+0530] {logging_mixin.py:154} INFO - [2025-12-08T14:29:49.407+0530] {dag.py:3722} INFO - Setting next_dagrun for dataset_produces_1 to 2025-12-07T00:00:00+00:00, run_after=2025-12-08T00:00:00+00:00
[2025-12-08T14:29:49.408+0530] {logging_mixin.py:154} INFO - [2025-12-08T14:29:49.408+0530] {dag.py:3722} INFO - Setting next_dagrun for dataset_produces_2 to None, run_after=None
[2025-12-08T14:29:49.425+0530] {processor.py:179} INFO - Processing /Users/ramesharra/airflow310/lib/python3.10/site-packages/airflow/example_dags/example_datasets.py took 0.153 seconds
[2025-12-08T14:31:54.521+0530] {processor.py:157} INFO - Started process (PID=12797) to work on /Users/ramesharra/airflow310/lib/python3.10/site-packages/airflow/example_dags/example_datasets.py
[2025-12-08T14:31:54.522+0530] {processor.py:829} INFO - Processing file /Users/ramesharra/airflow310/lib/python3.10/site-packages/airflow/example_dags/example_datasets.py for tasks to queue
[2025-12-08T14:31:54.524+0530] {logging_mixin.py:154} INFO - [2025-12-08T14:31:54.524+0530] {dagbag.py:536} INFO - Filling up the DagBag from /Users/ramesharra/airflow310/lib/python3.10/site-packages/airflow/example_dags/example_datasets.py
[2025-12-08T14:31:54.545+0530] {processor.py:839} INFO - DAG(s) dict_keys(['dataset_produces_1', 'dataset_consumes_1_never_scheduled', 'dataset_consumes_1', 'dataset_consumes_1_and_2', 'dataset_consumes_unknown_never_scheduled', 'dataset_produces_2']) retrieved from /Users/ramesharra/airflow310/lib/python3.10/site-packages/airflow/example_dags/example_datasets.py
[2025-12-08T14:31:54.656+0530] {logging_mixin.py:154} INFO - [2025-12-08T14:31:54.655+0530] {dag.py:2941} INFO - Sync 6 DAGs
[2025-12-08T14:31:54.666+0530] {logging_mixin.py:154} INFO - [2025-12-08T14:31:54.665+0530] {dag.py:3722} INFO - Setting next_dagrun for dataset_consumes_1 to None, run_after=None
[2025-12-08T14:31:54.668+0530] {logging_mixin.py:154} INFO - [2025-12-08T14:31:54.668+0530] {dag.py:3722} INFO - Setting next_dagrun for dataset_consumes_1_and_2 to None, run_after=None
[2025-12-08T14:31:54.669+0530] {logging_mixin.py:154} INFO - [2025-12-08T14:31:54.669+0530] {dag.py:3722} INFO - Setting next_dagrun for dataset_consumes_1_never_scheduled to None, run_after=None
[2025-12-08T14:31:54.669+0530] {logging_mixin.py:154} INFO - [2025-12-08T14:31:54.669+0530] {dag.py:3722} INFO - Setting next_dagrun for dataset_consumes_unknown_never_scheduled to None, run_after=None
[2025-12-08T14:31:54.671+0530] {logging_mixin.py:154} INFO - [2025-12-08T14:31:54.671+0530] {dag.py:3722} INFO - Setting next_dagrun for dataset_produces_1 to 2025-12-07T00:00:00+00:00, run_after=2025-12-08T00:00:00+00:00
[2025-12-08T14:31:54.671+0530] {logging_mixin.py:154} INFO - [2025-12-08T14:31:54.671+0530] {dag.py:3722} INFO - Setting next_dagrun for dataset_produces_2 to None, run_after=None
[2025-12-08T14:31:54.688+0530] {processor.py:179} INFO - Processing /Users/ramesharra/airflow310/lib/python3.10/site-packages/airflow/example_dags/example_datasets.py took 0.168 seconds
[2025-12-08T14:33:56.720+0530] {processor.py:157} INFO - Started process (PID=12936) to work on /Users/ramesharra/airflow310/lib/python3.10/site-packages/airflow/example_dags/example_datasets.py
[2025-12-08T14:33:56.721+0530] {processor.py:829} INFO - Processing file /Users/ramesharra/airflow310/lib/python3.10/site-packages/airflow/example_dags/example_datasets.py for tasks to queue
[2025-12-08T14:33:56.722+0530] {logging_mixin.py:154} INFO - [2025-12-08T14:33:56.722+0530] {dagbag.py:536} INFO - Filling up the DagBag from /Users/ramesharra/airflow310/lib/python3.10/site-packages/airflow/example_dags/example_datasets.py
[2025-12-08T14:33:56.741+0530] {processor.py:839} INFO - DAG(s) dict_keys(['dataset_consumes_1', 'dataset_consumes_1_never_scheduled', 'dataset_consumes_1_and_2', 'dataset_consumes_unknown_never_scheduled', 'dataset_produces_1', 'dataset_produces_2']) retrieved from /Users/ramesharra/airflow310/lib/python3.10/site-packages/airflow/example_dags/example_datasets.py
[2025-12-08T14:33:56.854+0530] {logging_mixin.py:154} INFO - [2025-12-08T14:33:56.854+0530] {dag.py:2941} INFO - Sync 6 DAGs
[2025-12-08T14:33:56.864+0530] {logging_mixin.py:154} INFO - [2025-12-08T14:33:56.864+0530] {dag.py:3722} INFO - Setting next_dagrun for dataset_consumes_1 to None, run_after=None
[2025-12-08T14:33:56.865+0530] {logging_mixin.py:154} INFO - [2025-12-08T14:33:56.865+0530] {dag.py:3722} INFO - Setting next_dagrun for dataset_consumes_1_and_2 to None, run_after=None
[2025-12-08T14:33:56.866+0530] {logging_mixin.py:154} INFO - [2025-12-08T14:33:56.866+0530] {dag.py:3722} INFO - Setting next_dagrun for dataset_consumes_1_never_scheduled to None, run_after=None
[2025-12-08T14:33:56.866+0530] {logging_mixin.py:154} INFO - [2025-12-08T14:33:56.866+0530] {dag.py:3722} INFO - Setting next_dagrun for dataset_consumes_unknown_never_scheduled to None, run_after=None
[2025-12-08T14:33:56.867+0530] {logging_mixin.py:154} INFO - [2025-12-08T14:33:56.867+0530] {dag.py:3722} INFO - Setting next_dagrun for dataset_produces_1 to 2025-12-07T00:00:00+00:00, run_after=2025-12-08T00:00:00+00:00
[2025-12-08T14:33:56.868+0530] {logging_mixin.py:154} INFO - [2025-12-08T14:33:56.868+0530] {dag.py:3722} INFO - Setting next_dagrun for dataset_produces_2 to None, run_after=None
[2025-12-08T14:33:56.883+0530] {processor.py:179} INFO - Processing /Users/ramesharra/airflow310/lib/python3.10/site-packages/airflow/example_dags/example_datasets.py took 0.164 seconds
[2025-12-08T14:36:05.766+0530] {processor.py:157} INFO - Started process (PID=13088) to work on /Users/ramesharra/airflow310/lib/python3.10/site-packages/airflow/example_dags/example_datasets.py
[2025-12-08T14:36:05.766+0530] {processor.py:829} INFO - Processing file /Users/ramesharra/airflow310/lib/python3.10/site-packages/airflow/example_dags/example_datasets.py for tasks to queue
[2025-12-08T14:36:05.769+0530] {logging_mixin.py:154} INFO - [2025-12-08T14:36:05.769+0530] {dagbag.py:536} INFO - Filling up the DagBag from /Users/ramesharra/airflow310/lib/python3.10/site-packages/airflow/example_dags/example_datasets.py
[2025-12-08T14:36:05.795+0530] {processor.py:839} INFO - DAG(s) dict_keys(['dataset_consumes_1', 'dataset_consumes_1_and_2', 'dataset_produces_2', 'dataset_consumes_unknown_never_scheduled', 'dataset_produces_1', 'dataset_consumes_1_never_scheduled']) retrieved from /Users/ramesharra/airflow310/lib/python3.10/site-packages/airflow/example_dags/example_datasets.py
[2025-12-08T14:36:05.910+0530] {logging_mixin.py:154} INFO - [2025-12-08T14:36:05.910+0530] {dag.py:2941} INFO - Sync 6 DAGs
[2025-12-08T14:36:05.922+0530] {logging_mixin.py:154} INFO - [2025-12-08T14:36:05.921+0530] {dag.py:3722} INFO - Setting next_dagrun for dataset_consumes_1 to None, run_after=None
[2025-12-08T14:36:05.924+0530] {logging_mixin.py:154} INFO - [2025-12-08T14:36:05.924+0530] {dag.py:3722} INFO - Setting next_dagrun for dataset_consumes_1_and_2 to None, run_after=None
[2025-12-08T14:36:05.924+0530] {logging_mixin.py:154} INFO - [2025-12-08T14:36:05.924+0530] {dag.py:3722} INFO - Setting next_dagrun for dataset_consumes_1_never_scheduled to None, run_after=None
[2025-12-08T14:36:05.925+0530] {logging_mixin.py:154} INFO - [2025-12-08T14:36:05.925+0530] {dag.py:3722} INFO - Setting next_dagrun for dataset_consumes_unknown_never_scheduled to None, run_after=None
[2025-12-08T14:36:05.926+0530] {logging_mixin.py:154} INFO - [2025-12-08T14:36:05.926+0530] {dag.py:3722} INFO - Setting next_dagrun for dataset_produces_1 to 2025-12-07T00:00:00+00:00, run_after=2025-12-08T00:00:00+00:00
[2025-12-08T14:36:05.927+0530] {logging_mixin.py:154} INFO - [2025-12-08T14:36:05.927+0530] {dag.py:3722} INFO - Setting next_dagrun for dataset_produces_2 to None, run_after=None
[2025-12-08T14:36:05.952+0530] {processor.py:179} INFO - Processing /Users/ramesharra/airflow310/lib/python3.10/site-packages/airflow/example_dags/example_datasets.py took 0.187 seconds
[2025-12-08T14:38:18.121+0530] {processor.py:157} INFO - Started process (PID=13227) to work on /Users/ramesharra/airflow310/lib/python3.10/site-packages/airflow/example_dags/example_datasets.py
[2025-12-08T14:38:18.121+0530] {processor.py:829} INFO - Processing file /Users/ramesharra/airflow310/lib/python3.10/site-packages/airflow/example_dags/example_datasets.py for tasks to queue
[2025-12-08T14:38:18.124+0530] {logging_mixin.py:154} INFO - [2025-12-08T14:38:18.124+0530] {dagbag.py:536} INFO - Filling up the DagBag from /Users/ramesharra/airflow310/lib/python3.10/site-packages/airflow/example_dags/example_datasets.py
[2025-12-08T14:38:18.152+0530] {processor.py:839} INFO - DAG(s) dict_keys(['dataset_consumes_1', 'dataset_produces_1', 'dataset_consumes_1_never_scheduled', 'dataset_produces_2', 'dataset_consumes_1_and_2', 'dataset_consumes_unknown_never_scheduled']) retrieved from /Users/ramesharra/airflow310/lib/python3.10/site-packages/airflow/example_dags/example_datasets.py
[2025-12-08T14:38:18.272+0530] {logging_mixin.py:154} INFO - [2025-12-08T14:38:18.272+0530] {dag.py:2941} INFO - Sync 6 DAGs
[2025-12-08T14:38:18.282+0530] {logging_mixin.py:154} INFO - [2025-12-08T14:38:18.282+0530] {dag.py:3722} INFO - Setting next_dagrun for dataset_consumes_1 to None, run_after=None
[2025-12-08T14:38:18.284+0530] {logging_mixin.py:154} INFO - [2025-12-08T14:38:18.284+0530] {dag.py:3722} INFO - Setting next_dagrun for dataset_consumes_1_and_2 to None, run_after=None
[2025-12-08T14:38:18.285+0530] {logging_mixin.py:154} INFO - [2025-12-08T14:38:18.284+0530] {dag.py:3722} INFO - Setting next_dagrun for dataset_consumes_1_never_scheduled to None, run_after=None
[2025-12-08T14:38:18.285+0530] {logging_mixin.py:154} INFO - [2025-12-08T14:38:18.285+0530] {dag.py:3722} INFO - Setting next_dagrun for dataset_consumes_unknown_never_scheduled to None, run_after=None
[2025-12-08T14:38:18.286+0530] {logging_mixin.py:154} INFO - [2025-12-08T14:38:18.286+0530] {dag.py:3722} INFO - Setting next_dagrun for dataset_produces_1 to 2025-12-07T00:00:00+00:00, run_after=2025-12-08T00:00:00+00:00
[2025-12-08T14:38:18.287+0530] {logging_mixin.py:154} INFO - [2025-12-08T14:38:18.287+0530] {dag.py:3722} INFO - Setting next_dagrun for dataset_produces_2 to None, run_after=None
[2025-12-08T14:38:18.304+0530] {processor.py:179} INFO - Processing /Users/ramesharra/airflow310/lib/python3.10/site-packages/airflow/example_dags/example_datasets.py took 0.183 seconds
[2025-12-08T14:40:31.143+0530] {processor.py:157} INFO - Started process (PID=13395) to work on /Users/ramesharra/airflow310/lib/python3.10/site-packages/airflow/example_dags/example_datasets.py
[2025-12-08T14:40:31.143+0530] {processor.py:829} INFO - Processing file /Users/ramesharra/airflow310/lib/python3.10/site-packages/airflow/example_dags/example_datasets.py for tasks to queue
[2025-12-08T14:40:31.144+0530] {logging_mixin.py:154} INFO - [2025-12-08T14:40:31.144+0530] {dagbag.py:536} INFO - Filling up the DagBag from /Users/ramesharra/airflow310/lib/python3.10/site-packages/airflow/example_dags/example_datasets.py
[2025-12-08T14:40:31.163+0530] {processor.py:839} INFO - DAG(s) dict_keys(['dataset_consumes_1_never_scheduled', 'dataset_consumes_1_and_2', 'dataset_consumes_1', 'dataset_produces_2', 'dataset_consumes_unknown_never_scheduled', 'dataset_produces_1']) retrieved from /Users/ramesharra/airflow310/lib/python3.10/site-packages/airflow/example_dags/example_datasets.py
[2025-12-08T14:40:31.270+0530] {logging_mixin.py:154} INFO - [2025-12-08T14:40:31.270+0530] {dag.py:2941} INFO - Sync 6 DAGs
[2025-12-08T14:40:31.281+0530] {logging_mixin.py:154} INFO - [2025-12-08T14:40:31.281+0530] {dag.py:3722} INFO - Setting next_dagrun for dataset_consumes_1 to None, run_after=None
[2025-12-08T14:40:31.283+0530] {logging_mixin.py:154} INFO - [2025-12-08T14:40:31.283+0530] {dag.py:3722} INFO - Setting next_dagrun for dataset_consumes_1_and_2 to None, run_after=None
[2025-12-08T14:40:31.284+0530] {logging_mixin.py:154} INFO - [2025-12-08T14:40:31.284+0530] {dag.py:3722} INFO - Setting next_dagrun for dataset_consumes_1_never_scheduled to None, run_after=None
[2025-12-08T14:40:31.284+0530] {logging_mixin.py:154} INFO - [2025-12-08T14:40:31.284+0530] {dag.py:3722} INFO - Setting next_dagrun for dataset_consumes_unknown_never_scheduled to None, run_after=None
[2025-12-08T14:40:31.285+0530] {logging_mixin.py:154} INFO - [2025-12-08T14:40:31.285+0530] {dag.py:3722} INFO - Setting next_dagrun for dataset_produces_1 to 2025-12-07T00:00:00+00:00, run_after=2025-12-08T00:00:00+00:00
[2025-12-08T14:40:31.286+0530] {logging_mixin.py:154} INFO - [2025-12-08T14:40:31.286+0530] {dag.py:3722} INFO - Setting next_dagrun for dataset_produces_2 to None, run_after=None
[2025-12-08T14:40:31.301+0530] {processor.py:179} INFO - Processing /Users/ramesharra/airflow310/lib/python3.10/site-packages/airflow/example_dags/example_datasets.py took 0.159 seconds
[2025-12-08T14:42:43.821+0530] {processor.py:157} INFO - Started process (PID=13544) to work on /Users/ramesharra/airflow310/lib/python3.10/site-packages/airflow/example_dags/example_datasets.py
[2025-12-08T14:42:43.822+0530] {processor.py:829} INFO - Processing file /Users/ramesharra/airflow310/lib/python3.10/site-packages/airflow/example_dags/example_datasets.py for tasks to queue
[2025-12-08T14:42:43.824+0530] {logging_mixin.py:154} INFO - [2025-12-08T14:42:43.824+0530] {dagbag.py:536} INFO - Filling up the DagBag from /Users/ramesharra/airflow310/lib/python3.10/site-packages/airflow/example_dags/example_datasets.py
[2025-12-08T14:42:43.844+0530] {processor.py:839} INFO - DAG(s) dict_keys(['dataset_consumes_1_and_2', 'dataset_consumes_unknown_never_scheduled', 'dataset_consumes_1', 'dataset_produces_1', 'dataset_produces_2', 'dataset_consumes_1_never_scheduled']) retrieved from /Users/ramesharra/airflow310/lib/python3.10/site-packages/airflow/example_dags/example_datasets.py
[2025-12-08T14:42:43.956+0530] {logging_mixin.py:154} INFO - [2025-12-08T14:42:43.956+0530] {dag.py:2941} INFO - Sync 6 DAGs
[2025-12-08T14:42:43.967+0530] {logging_mixin.py:154} INFO - [2025-12-08T14:42:43.966+0530] {dag.py:3722} INFO - Setting next_dagrun for dataset_consumes_1 to None, run_after=None
[2025-12-08T14:42:43.968+0530] {logging_mixin.py:154} INFO - [2025-12-08T14:42:43.968+0530] {dag.py:3722} INFO - Setting next_dagrun for dataset_consumes_1_and_2 to None, run_after=None
[2025-12-08T14:42:43.969+0530] {logging_mixin.py:154} INFO - [2025-12-08T14:42:43.969+0530] {dag.py:3722} INFO - Setting next_dagrun for dataset_consumes_1_never_scheduled to None, run_after=None
[2025-12-08T14:42:43.969+0530] {logging_mixin.py:154} INFO - [2025-12-08T14:42:43.969+0530] {dag.py:3722} INFO - Setting next_dagrun for dataset_consumes_unknown_never_scheduled to None, run_after=None
[2025-12-08T14:42:43.971+0530] {logging_mixin.py:154} INFO - [2025-12-08T14:42:43.971+0530] {dag.py:3722} INFO - Setting next_dagrun for dataset_produces_1 to 2025-12-07T00:00:00+00:00, run_after=2025-12-08T00:00:00+00:00
[2025-12-08T14:42:43.971+0530] {logging_mixin.py:154} INFO - [2025-12-08T14:42:43.971+0530] {dag.py:3722} INFO - Setting next_dagrun for dataset_produces_2 to None, run_after=None
[2025-12-08T14:42:43.987+0530] {processor.py:179} INFO - Processing /Users/ramesharra/airflow310/lib/python3.10/site-packages/airflow/example_dags/example_datasets.py took 0.167 seconds
[2025-12-08T14:44:50.867+0530] {processor.py:157} INFO - Started process (PID=13677) to work on /Users/ramesharra/airflow310/lib/python3.10/site-packages/airflow/example_dags/example_datasets.py
[2025-12-08T14:44:50.868+0530] {processor.py:829} INFO - Processing file /Users/ramesharra/airflow310/lib/python3.10/site-packages/airflow/example_dags/example_datasets.py for tasks to queue
[2025-12-08T14:44:50.869+0530] {logging_mixin.py:154} INFO - [2025-12-08T14:44:50.869+0530] {dagbag.py:536} INFO - Filling up the DagBag from /Users/ramesharra/airflow310/lib/python3.10/site-packages/airflow/example_dags/example_datasets.py
[2025-12-08T14:44:50.888+0530] {processor.py:839} INFO - DAG(s) dict_keys(['dataset_consumes_1_never_scheduled', 'dataset_produces_2', 'dataset_consumes_1', 'dataset_consumes_1_and_2', 'dataset_consumes_unknown_never_scheduled', 'dataset_produces_1']) retrieved from /Users/ramesharra/airflow310/lib/python3.10/site-packages/airflow/example_dags/example_datasets.py
[2025-12-08T14:44:50.996+0530] {logging_mixin.py:154} INFO - [2025-12-08T14:44:50.995+0530] {dag.py:2941} INFO - Sync 6 DAGs
[2025-12-08T14:44:51.005+0530] {logging_mixin.py:154} INFO - [2025-12-08T14:44:51.005+0530] {dag.py:3722} INFO - Setting next_dagrun for dataset_consumes_1 to None, run_after=None
[2025-12-08T14:44:51.008+0530] {logging_mixin.py:154} INFO - [2025-12-08T14:44:51.008+0530] {dag.py:3722} INFO - Setting next_dagrun for dataset_consumes_1_and_2 to None, run_after=None
[2025-12-08T14:44:51.009+0530] {logging_mixin.py:154} INFO - [2025-12-08T14:44:51.008+0530] {dag.py:3722} INFO - Setting next_dagrun for dataset_consumes_1_never_scheduled to None, run_after=None
[2025-12-08T14:44:51.009+0530] {logging_mixin.py:154} INFO - [2025-12-08T14:44:51.009+0530] {dag.py:3722} INFO - Setting next_dagrun for dataset_consumes_unknown_never_scheduled to None, run_after=None
[2025-12-08T14:44:51.010+0530] {logging_mixin.py:154} INFO - [2025-12-08T14:44:51.010+0530] {dag.py:3722} INFO - Setting next_dagrun for dataset_produces_1 to 2025-12-07T00:00:00+00:00, run_after=2025-12-08T00:00:00+00:00
[2025-12-08T14:44:51.011+0530] {logging_mixin.py:154} INFO - [2025-12-08T14:44:51.011+0530] {dag.py:3722} INFO - Setting next_dagrun for dataset_produces_2 to None, run_after=None
[2025-12-08T14:44:51.027+0530] {processor.py:179} INFO - Processing /Users/ramesharra/airflow310/lib/python3.10/site-packages/airflow/example_dags/example_datasets.py took 0.160 seconds
[2025-12-08T14:46:58.141+0530] {processor.py:157} INFO - Started process (PID=13831) to work on /Users/ramesharra/airflow310/lib/python3.10/site-packages/airflow/example_dags/example_datasets.py
[2025-12-08T14:46:58.142+0530] {processor.py:829} INFO - Processing file /Users/ramesharra/airflow310/lib/python3.10/site-packages/airflow/example_dags/example_datasets.py for tasks to queue
[2025-12-08T14:46:58.144+0530] {logging_mixin.py:154} INFO - [2025-12-08T14:46:58.144+0530] {dagbag.py:536} INFO - Filling up the DagBag from /Users/ramesharra/airflow310/lib/python3.10/site-packages/airflow/example_dags/example_datasets.py
[2025-12-08T14:46:58.163+0530] {processor.py:839} INFO - DAG(s) dict_keys(['dataset_consumes_1_never_scheduled', 'dataset_consumes_unknown_never_scheduled', 'dataset_produces_1', 'dataset_consumes_1_and_2', 'dataset_consumes_1', 'dataset_produces_2']) retrieved from /Users/ramesharra/airflow310/lib/python3.10/site-packages/airflow/example_dags/example_datasets.py
[2025-12-08T14:46:58.272+0530] {logging_mixin.py:154} INFO - [2025-12-08T14:46:58.272+0530] {dag.py:2941} INFO - Sync 6 DAGs
[2025-12-08T14:46:58.283+0530] {logging_mixin.py:154} INFO - [2025-12-08T14:46:58.283+0530] {dag.py:3722} INFO - Setting next_dagrun for dataset_consumes_1 to None, run_after=None
[2025-12-08T14:46:58.286+0530] {logging_mixin.py:154} INFO - [2025-12-08T14:46:58.285+0530] {dag.py:3722} INFO - Setting next_dagrun for dataset_consumes_1_and_2 to None, run_after=None
[2025-12-08T14:46:58.286+0530] {logging_mixin.py:154} INFO - [2025-12-08T14:46:58.286+0530] {dag.py:3722} INFO - Setting next_dagrun for dataset_consumes_1_never_scheduled to None, run_after=None
[2025-12-08T14:46:58.286+0530] {logging_mixin.py:154} INFO - [2025-12-08T14:46:58.286+0530] {dag.py:3722} INFO - Setting next_dagrun for dataset_consumes_unknown_never_scheduled to None, run_after=None
[2025-12-08T14:46:58.288+0530] {logging_mixin.py:154} INFO - [2025-12-08T14:46:58.288+0530] {dag.py:3722} INFO - Setting next_dagrun for dataset_produces_1 to 2025-12-07T00:00:00+00:00, run_after=2025-12-08T00:00:00+00:00
[2025-12-08T14:46:58.288+0530] {logging_mixin.py:154} INFO - [2025-12-08T14:46:58.288+0530] {dag.py:3722} INFO - Setting next_dagrun for dataset_produces_2 to None, run_after=None
[2025-12-08T14:46:58.305+0530] {processor.py:179} INFO - Processing /Users/ramesharra/airflow310/lib/python3.10/site-packages/airflow/example_dags/example_datasets.py took 0.164 seconds
[2025-12-08T14:49:14.305+0530] {processor.py:157} INFO - Started process (PID=13989) to work on /Users/ramesharra/airflow310/lib/python3.10/site-packages/airflow/example_dags/example_datasets.py
[2025-12-08T14:49:14.306+0530] {processor.py:829} INFO - Processing file /Users/ramesharra/airflow310/lib/python3.10/site-packages/airflow/example_dags/example_datasets.py for tasks to queue
[2025-12-08T14:49:14.307+0530] {logging_mixin.py:154} INFO - [2025-12-08T14:49:14.307+0530] {dagbag.py:536} INFO - Filling up the DagBag from /Users/ramesharra/airflow310/lib/python3.10/site-packages/airflow/example_dags/example_datasets.py
[2025-12-08T14:49:14.327+0530] {processor.py:839} INFO - DAG(s) dict_keys(['dataset_consumes_unknown_never_scheduled', 'dataset_consumes_1', 'dataset_consumes_1_and_2', 'dataset_produces_2', 'dataset_produces_1', 'dataset_consumes_1_never_scheduled']) retrieved from /Users/ramesharra/airflow310/lib/python3.10/site-packages/airflow/example_dags/example_datasets.py
[2025-12-08T14:49:14.441+0530] {logging_mixin.py:154} INFO - [2025-12-08T14:49:14.441+0530] {dag.py:2941} INFO - Sync 6 DAGs
[2025-12-08T14:49:14.452+0530] {logging_mixin.py:154} INFO - [2025-12-08T14:49:14.451+0530] {dag.py:3722} INFO - Setting next_dagrun for dataset_consumes_1 to None, run_after=None
[2025-12-08T14:49:14.453+0530] {logging_mixin.py:154} INFO - [2025-12-08T14:49:14.453+0530] {dag.py:3722} INFO - Setting next_dagrun for dataset_consumes_1_and_2 to None, run_after=None
[2025-12-08T14:49:14.454+0530] {logging_mixin.py:154} INFO - [2025-12-08T14:49:14.454+0530] {dag.py:3722} INFO - Setting next_dagrun for dataset_consumes_1_never_scheduled to None, run_after=None
[2025-12-08T14:49:14.454+0530] {logging_mixin.py:154} INFO - [2025-12-08T14:49:14.454+0530] {dag.py:3722} INFO - Setting next_dagrun for dataset_consumes_unknown_never_scheduled to None, run_after=None
[2025-12-08T14:49:14.456+0530] {logging_mixin.py:154} INFO - [2025-12-08T14:49:14.455+0530] {dag.py:3722} INFO - Setting next_dagrun for dataset_produces_1 to 2025-12-07T00:00:00+00:00, run_after=2025-12-08T00:00:00+00:00
[2025-12-08T14:49:14.456+0530] {logging_mixin.py:154} INFO - [2025-12-08T14:49:14.456+0530] {dag.py:3722} INFO - Setting next_dagrun for dataset_produces_2 to None, run_after=None
[2025-12-08T14:49:14.472+0530] {processor.py:179} INFO - Processing /Users/ramesharra/airflow310/lib/python3.10/site-packages/airflow/example_dags/example_datasets.py took 0.167 seconds
