[2025-12-08T14:16:23.917+0530] {processor.py:157} INFO - Started process (PID=11625) to work on /Users/ramesharra/airflow310/lib/python3.10/site-packages/airflow/example_dags/example_branch_operator_decorator.py
[2025-12-08T14:16:23.917+0530] {processor.py:829} INFO - Processing file /Users/ramesharra/airflow310/lib/python3.10/site-packages/airflow/example_dags/example_branch_operator_decorator.py for tasks to queue
[2025-12-08T14:16:23.918+0530] {logging_mixin.py:154} INFO - [2025-12-08T14:16:23.918+0530] {dagbag.py:536} INFO - Filling up the DagBag from /Users/ramesharra/airflow310/lib/python3.10/site-packages/airflow/example_dags/example_branch_operator_decorator.py
[2025-12-08T14:16:23.958+0530] {processor.py:839} INFO - DAG(s) dict_keys(['example_branch_python_operator_decorator']) retrieved from /Users/ramesharra/airflow310/lib/python3.10/site-packages/airflow/example_dags/example_branch_operator_decorator.py
[2025-12-08T14:16:24.453+0530] {logging_mixin.py:154} INFO - [2025-12-08T14:16:24.453+0530] {manager.py:499} INFO - Created Permission View: %s
[2025-12-08T14:16:24.459+0530] {logging_mixin.py:154} INFO - [2025-12-08T14:16:24.459+0530] {manager.py:499} INFO - Created Permission View: %s
[2025-12-08T14:16:24.463+0530] {logging_mixin.py:154} INFO - [2025-12-08T14:16:24.462+0530] {manager.py:499} INFO - Created Permission View: %s
[2025-12-08T14:16:24.463+0530] {logging_mixin.py:154} INFO - [2025-12-08T14:16:24.463+0530] {dag.py:2941} INFO - Sync 1 DAGs
[2025-12-08T14:16:24.468+0530] {logging_mixin.py:154} INFO - [2025-12-08T14:16:24.468+0530] {dag.py:2963} INFO - Creating ORM DAG for example_branch_python_operator_decorator
[2025-12-08T14:16:24.475+0530] {logging_mixin.py:154} INFO - [2025-12-08T14:16:24.475+0530] {dag.py:3722} INFO - Setting next_dagrun for example_branch_python_operator_decorator to 2025-12-07T00:00:00+00:00, run_after=2025-12-08T00:00:00+00:00
[2025-12-08T14:16:24.486+0530] {processor.py:179} INFO - Processing /Users/ramesharra/airflow310/lib/python3.10/site-packages/airflow/example_dags/example_branch_operator_decorator.py took 0.570 seconds
[2025-12-08T14:21:08.590+0530] {processor.py:157} INFO - Started process (PID=11904) to work on /Users/ramesharra/airflow310/lib/python3.10/site-packages/airflow/example_dags/example_branch_operator_decorator.py
[2025-12-08T14:21:08.591+0530] {processor.py:829} INFO - Processing file /Users/ramesharra/airflow310/lib/python3.10/site-packages/airflow/example_dags/example_branch_operator_decorator.py for tasks to queue
[2025-12-08T14:21:08.592+0530] {logging_mixin.py:154} INFO - [2025-12-08T14:21:08.592+0530] {dagbag.py:536} INFO - Filling up the DagBag from /Users/ramesharra/airflow310/lib/python3.10/site-packages/airflow/example_dags/example_branch_operator_decorator.py
[2025-12-08T14:21:08.627+0530] {processor.py:839} INFO - DAG(s) dict_keys(['example_branch_python_operator_decorator']) retrieved from /Users/ramesharra/airflow310/lib/python3.10/site-packages/airflow/example_dags/example_branch_operator_decorator.py
[2025-12-08T14:21:08.733+0530] {logging_mixin.py:154} INFO - [2025-12-08T14:21:08.733+0530] {dag.py:2941} INFO - Sync 1 DAGs
[2025-12-08T14:21:08.743+0530] {logging_mixin.py:154} INFO - [2025-12-08T14:21:08.742+0530] {dag.py:3722} INFO - Setting next_dagrun for example_branch_python_operator_decorator to 2025-12-07T00:00:00+00:00, run_after=2025-12-08T00:00:00+00:00
[2025-12-08T14:21:08.754+0530] {processor.py:179} INFO - Processing /Users/ramesharra/airflow310/lib/python3.10/site-packages/airflow/example_dags/example_branch_operator_decorator.py took 0.164 seconds
[2025-12-08T14:23:15.675+0530] {processor.py:157} INFO - Started process (PID=12213) to work on /Users/ramesharra/airflow310/lib/python3.10/site-packages/airflow/example_dags/example_branch_operator_decorator.py
[2025-12-08T14:23:15.676+0530] {processor.py:829} INFO - Processing file /Users/ramesharra/airflow310/lib/python3.10/site-packages/airflow/example_dags/example_branch_operator_decorator.py for tasks to queue
[2025-12-08T14:23:15.677+0530] {logging_mixin.py:154} INFO - [2025-12-08T14:23:15.677+0530] {dagbag.py:536} INFO - Filling up the DagBag from /Users/ramesharra/airflow310/lib/python3.10/site-packages/airflow/example_dags/example_branch_operator_decorator.py
[2025-12-08T14:23:15.713+0530] {processor.py:839} INFO - DAG(s) dict_keys(['example_branch_python_operator_decorator']) retrieved from /Users/ramesharra/airflow310/lib/python3.10/site-packages/airflow/example_dags/example_branch_operator_decorator.py
[2025-12-08T14:23:15.812+0530] {logging_mixin.py:154} INFO - [2025-12-08T14:23:15.811+0530] {dag.py:2941} INFO - Sync 1 DAGs
[2025-12-08T14:23:15.821+0530] {logging_mixin.py:154} INFO - [2025-12-08T14:23:15.821+0530] {dag.py:3722} INFO - Setting next_dagrun for example_branch_python_operator_decorator to 2025-12-07T00:00:00+00:00, run_after=2025-12-08T00:00:00+00:00
[2025-12-08T14:23:15.834+0530] {processor.py:179} INFO - Processing /Users/ramesharra/airflow310/lib/python3.10/site-packages/airflow/example_dags/example_branch_operator_decorator.py took 0.159 seconds
[2025-12-08T14:27:06.044+0530] {processor.py:157} INFO - Started process (PID=12490) to work on /Users/ramesharra/airflow310/lib/python3.10/site-packages/airflow/example_dags/example_branch_operator_decorator.py
[2025-12-08T14:27:06.045+0530] {processor.py:829} INFO - Processing file /Users/ramesharra/airflow310/lib/python3.10/site-packages/airflow/example_dags/example_branch_operator_decorator.py for tasks to queue
[2025-12-08T14:27:06.047+0530] {logging_mixin.py:154} INFO - [2025-12-08T14:27:06.047+0530] {dagbag.py:536} INFO - Filling up the DagBag from /Users/ramesharra/airflow310/lib/python3.10/site-packages/airflow/example_dags/example_branch_operator_decorator.py
[2025-12-08T14:27:06.091+0530] {processor.py:839} INFO - DAG(s) dict_keys(['example_branch_python_operator_decorator']) retrieved from /Users/ramesharra/airflow310/lib/python3.10/site-packages/airflow/example_dags/example_branch_operator_decorator.py
[2025-12-08T14:27:06.222+0530] {logging_mixin.py:154} INFO - [2025-12-08T14:27:06.222+0530] {dag.py:2941} INFO - Sync 1 DAGs
[2025-12-08T14:27:06.232+0530] {logging_mixin.py:154} INFO - [2025-12-08T14:27:06.231+0530] {dag.py:3722} INFO - Setting next_dagrun for example_branch_python_operator_decorator to 2025-12-07T00:00:00+00:00, run_after=2025-12-08T00:00:00+00:00
[2025-12-08T14:27:06.243+0530] {processor.py:179} INFO - Processing /Users/ramesharra/airflow310/lib/python3.10/site-packages/airflow/example_dags/example_branch_operator_decorator.py took 0.199 seconds
[2025-12-08T14:29:56.489+0530] {processor.py:157} INFO - Started process (PID=12667) to work on /Users/ramesharra/airflow310/lib/python3.10/site-packages/airflow/example_dags/example_branch_operator_decorator.py
[2025-12-08T14:29:56.489+0530] {processor.py:829} INFO - Processing file /Users/ramesharra/airflow310/lib/python3.10/site-packages/airflow/example_dags/example_branch_operator_decorator.py for tasks to queue
[2025-12-08T14:29:56.491+0530] {logging_mixin.py:154} INFO - [2025-12-08T14:29:56.491+0530] {dagbag.py:536} INFO - Filling up the DagBag from /Users/ramesharra/airflow310/lib/python3.10/site-packages/airflow/example_dags/example_branch_operator_decorator.py
[2025-12-08T14:29:56.523+0530] {processor.py:839} INFO - DAG(s) dict_keys(['example_branch_python_operator_decorator']) retrieved from /Users/ramesharra/airflow310/lib/python3.10/site-packages/airflow/example_dags/example_branch_operator_decorator.py
[2025-12-08T14:29:56.618+0530] {logging_mixin.py:154} INFO - [2025-12-08T14:29:56.618+0530] {dag.py:2941} INFO - Sync 1 DAGs
[2025-12-08T14:29:56.628+0530] {logging_mixin.py:154} INFO - [2025-12-08T14:29:56.628+0530] {dag.py:3722} INFO - Setting next_dagrun for example_branch_python_operator_decorator to 2025-12-07T00:00:00+00:00, run_after=2025-12-08T00:00:00+00:00
[2025-12-08T14:29:56.639+0530] {processor.py:179} INFO - Processing /Users/ramesharra/airflow310/lib/python3.10/site-packages/airflow/example_dags/example_branch_operator_decorator.py took 0.151 seconds
[2025-12-08T14:32:02.979+0530] {processor.py:157} INFO - Started process (PID=12815) to work on /Users/ramesharra/airflow310/lib/python3.10/site-packages/airflow/example_dags/example_branch_operator_decorator.py
[2025-12-08T14:32:02.980+0530] {processor.py:829} INFO - Processing file /Users/ramesharra/airflow310/lib/python3.10/site-packages/airflow/example_dags/example_branch_operator_decorator.py for tasks to queue
[2025-12-08T14:32:02.982+0530] {logging_mixin.py:154} INFO - [2025-12-08T14:32:02.981+0530] {dagbag.py:536} INFO - Filling up the DagBag from /Users/ramesharra/airflow310/lib/python3.10/site-packages/airflow/example_dags/example_branch_operator_decorator.py
[2025-12-08T14:32:03.016+0530] {processor.py:839} INFO - DAG(s) dict_keys(['example_branch_python_operator_decorator']) retrieved from /Users/ramesharra/airflow310/lib/python3.10/site-packages/airflow/example_dags/example_branch_operator_decorator.py
[2025-12-08T14:32:03.114+0530] {logging_mixin.py:154} INFO - [2025-12-08T14:32:03.114+0530] {dag.py:2941} INFO - Sync 1 DAGs
[2025-12-08T14:32:03.124+0530] {logging_mixin.py:154} INFO - [2025-12-08T14:32:03.124+0530] {dag.py:3722} INFO - Setting next_dagrun for example_branch_python_operator_decorator to 2025-12-07T00:00:00+00:00, run_after=2025-12-08T00:00:00+00:00
[2025-12-08T14:32:03.135+0530] {processor.py:179} INFO - Processing /Users/ramesharra/airflow310/lib/python3.10/site-packages/airflow/example_dags/example_branch_operator_decorator.py took 0.157 seconds
[2025-12-08T14:34:05.001+0530] {processor.py:157} INFO - Started process (PID=12948) to work on /Users/ramesharra/airflow310/lib/python3.10/site-packages/airflow/example_dags/example_branch_operator_decorator.py
[2025-12-08T14:34:05.002+0530] {processor.py:829} INFO - Processing file /Users/ramesharra/airflow310/lib/python3.10/site-packages/airflow/example_dags/example_branch_operator_decorator.py for tasks to queue
[2025-12-08T14:34:05.003+0530] {logging_mixin.py:154} INFO - [2025-12-08T14:34:05.003+0530] {dagbag.py:536} INFO - Filling up the DagBag from /Users/ramesharra/airflow310/lib/python3.10/site-packages/airflow/example_dags/example_branch_operator_decorator.py
[2025-12-08T14:34:05.037+0530] {processor.py:839} INFO - DAG(s) dict_keys(['example_branch_python_operator_decorator']) retrieved from /Users/ramesharra/airflow310/lib/python3.10/site-packages/airflow/example_dags/example_branch_operator_decorator.py
[2025-12-08T14:34:05.136+0530] {logging_mixin.py:154} INFO - [2025-12-08T14:34:05.136+0530] {dag.py:2941} INFO - Sync 1 DAGs
[2025-12-08T14:34:05.146+0530] {logging_mixin.py:154} INFO - [2025-12-08T14:34:05.146+0530] {dag.py:3722} INFO - Setting next_dagrun for example_branch_python_operator_decorator to 2025-12-07T00:00:00+00:00, run_after=2025-12-08T00:00:00+00:00
[2025-12-08T14:34:05.160+0530] {processor.py:179} INFO - Processing /Users/ramesharra/airflow310/lib/python3.10/site-packages/airflow/example_dags/example_branch_operator_decorator.py took 0.159 seconds
[2025-12-08T14:36:14.347+0530] {processor.py:157} INFO - Started process (PID=13095) to work on /Users/ramesharra/airflow310/lib/python3.10/site-packages/airflow/example_dags/example_branch_operator_decorator.py
[2025-12-08T14:36:14.348+0530] {processor.py:829} INFO - Processing file /Users/ramesharra/airflow310/lib/python3.10/site-packages/airflow/example_dags/example_branch_operator_decorator.py for tasks to queue
[2025-12-08T14:36:14.349+0530] {logging_mixin.py:154} INFO - [2025-12-08T14:36:14.349+0530] {dagbag.py:536} INFO - Filling up the DagBag from /Users/ramesharra/airflow310/lib/python3.10/site-packages/airflow/example_dags/example_branch_operator_decorator.py
[2025-12-08T14:36:14.383+0530] {processor.py:839} INFO - DAG(s) dict_keys(['example_branch_python_operator_decorator']) retrieved from /Users/ramesharra/airflow310/lib/python3.10/site-packages/airflow/example_dags/example_branch_operator_decorator.py
[2025-12-08T14:36:14.480+0530] {logging_mixin.py:154} INFO - [2025-12-08T14:36:14.480+0530] {dag.py:2941} INFO - Sync 1 DAGs
[2025-12-08T14:36:14.490+0530] {logging_mixin.py:154} INFO - [2025-12-08T14:36:14.490+0530] {dag.py:3722} INFO - Setting next_dagrun for example_branch_python_operator_decorator to 2025-12-07T00:00:00+00:00, run_after=2025-12-08T00:00:00+00:00
[2025-12-08T14:36:14.502+0530] {processor.py:179} INFO - Processing /Users/ramesharra/airflow310/lib/python3.10/site-packages/airflow/example_dags/example_branch_operator_decorator.py took 0.156 seconds
[2025-12-08T14:38:27.664+0530] {processor.py:157} INFO - Started process (PID=13234) to work on /Users/ramesharra/airflow310/lib/python3.10/site-packages/airflow/example_dags/example_branch_operator_decorator.py
[2025-12-08T14:38:27.665+0530] {processor.py:829} INFO - Processing file /Users/ramesharra/airflow310/lib/python3.10/site-packages/airflow/example_dags/example_branch_operator_decorator.py for tasks to queue
[2025-12-08T14:38:27.667+0530] {logging_mixin.py:154} INFO - [2025-12-08T14:38:27.667+0530] {dagbag.py:536} INFO - Filling up the DagBag from /Users/ramesharra/airflow310/lib/python3.10/site-packages/airflow/example_dags/example_branch_operator_decorator.py
[2025-12-08T14:38:27.702+0530] {processor.py:839} INFO - DAG(s) dict_keys(['example_branch_python_operator_decorator']) retrieved from /Users/ramesharra/airflow310/lib/python3.10/site-packages/airflow/example_dags/example_branch_operator_decorator.py
[2025-12-08T14:38:27.817+0530] {logging_mixin.py:154} INFO - [2025-12-08T14:38:27.817+0530] {dag.py:2941} INFO - Sync 1 DAGs
[2025-12-08T14:38:27.828+0530] {logging_mixin.py:154} INFO - [2025-12-08T14:38:27.828+0530] {dag.py:3722} INFO - Setting next_dagrun for example_branch_python_operator_decorator to 2025-12-07T00:00:00+00:00, run_after=2025-12-08T00:00:00+00:00
[2025-12-08T14:38:27.842+0530] {processor.py:179} INFO - Processing /Users/ramesharra/airflow310/lib/python3.10/site-packages/airflow/example_dags/example_branch_operator_decorator.py took 0.178 seconds
[2025-12-08T14:40:39.405+0530] {processor.py:157} INFO - Started process (PID=13403) to work on /Users/ramesharra/airflow310/lib/python3.10/site-packages/airflow/example_dags/example_branch_operator_decorator.py
[2025-12-08T14:40:39.406+0530] {processor.py:829} INFO - Processing file /Users/ramesharra/airflow310/lib/python3.10/site-packages/airflow/example_dags/example_branch_operator_decorator.py for tasks to queue
[2025-12-08T14:40:39.407+0530] {logging_mixin.py:154} INFO - [2025-12-08T14:40:39.407+0530] {dagbag.py:536} INFO - Filling up the DagBag from /Users/ramesharra/airflow310/lib/python3.10/site-packages/airflow/example_dags/example_branch_operator_decorator.py
[2025-12-08T14:40:39.442+0530] {processor.py:839} INFO - DAG(s) dict_keys(['example_branch_python_operator_decorator']) retrieved from /Users/ramesharra/airflow310/lib/python3.10/site-packages/airflow/example_dags/example_branch_operator_decorator.py
[2025-12-08T14:40:39.537+0530] {logging_mixin.py:154} INFO - [2025-12-08T14:40:39.537+0530] {dag.py:2941} INFO - Sync 1 DAGs
[2025-12-08T14:40:39.547+0530] {logging_mixin.py:154} INFO - [2025-12-08T14:40:39.547+0530] {dag.py:3722} INFO - Setting next_dagrun for example_branch_python_operator_decorator to 2025-12-07T00:00:00+00:00, run_after=2025-12-08T00:00:00+00:00
[2025-12-08T14:40:39.559+0530] {processor.py:179} INFO - Processing /Users/ramesharra/airflow310/lib/python3.10/site-packages/airflow/example_dags/example_branch_operator_decorator.py took 0.154 seconds
[2025-12-08T14:42:51.987+0530] {processor.py:157} INFO - Started process (PID=13556) to work on /Users/ramesharra/airflow310/lib/python3.10/site-packages/airflow/example_dags/example_branch_operator_decorator.py
[2025-12-08T14:42:51.987+0530] {processor.py:829} INFO - Processing file /Users/ramesharra/airflow310/lib/python3.10/site-packages/airflow/example_dags/example_branch_operator_decorator.py for tasks to queue
[2025-12-08T14:42:51.989+0530] {logging_mixin.py:154} INFO - [2025-12-08T14:42:51.989+0530] {dagbag.py:536} INFO - Filling up the DagBag from /Users/ramesharra/airflow310/lib/python3.10/site-packages/airflow/example_dags/example_branch_operator_decorator.py
[2025-12-08T14:42:52.026+0530] {processor.py:839} INFO - DAG(s) dict_keys(['example_branch_python_operator_decorator']) retrieved from /Users/ramesharra/airflow310/lib/python3.10/site-packages/airflow/example_dags/example_branch_operator_decorator.py
[2025-12-08T14:42:52.124+0530] {logging_mixin.py:154} INFO - [2025-12-08T14:42:52.124+0530] {dag.py:2941} INFO - Sync 1 DAGs
[2025-12-08T14:42:52.134+0530] {logging_mixin.py:154} INFO - [2025-12-08T14:42:52.134+0530] {dag.py:3722} INFO - Setting next_dagrun for example_branch_python_operator_decorator to 2025-12-07T00:00:00+00:00, run_after=2025-12-08T00:00:00+00:00
[2025-12-08T14:42:52.147+0530] {processor.py:179} INFO - Processing /Users/ramesharra/airflow310/lib/python3.10/site-packages/airflow/example_dags/example_branch_operator_decorator.py took 0.161 seconds
[2025-12-08T14:44:59.122+0530] {processor.py:157} INFO - Started process (PID=13685) to work on /Users/ramesharra/airflow310/lib/python3.10/site-packages/airflow/example_dags/example_branch_operator_decorator.py
[2025-12-08T14:44:59.123+0530] {processor.py:829} INFO - Processing file /Users/ramesharra/airflow310/lib/python3.10/site-packages/airflow/example_dags/example_branch_operator_decorator.py for tasks to queue
[2025-12-08T14:44:59.125+0530] {logging_mixin.py:154} INFO - [2025-12-08T14:44:59.124+0530] {dagbag.py:536} INFO - Filling up the DagBag from /Users/ramesharra/airflow310/lib/python3.10/site-packages/airflow/example_dags/example_branch_operator_decorator.py
[2025-12-08T14:44:59.160+0530] {processor.py:839} INFO - DAG(s) dict_keys(['example_branch_python_operator_decorator']) retrieved from /Users/ramesharra/airflow310/lib/python3.10/site-packages/airflow/example_dags/example_branch_operator_decorator.py
[2025-12-08T14:44:59.255+0530] {logging_mixin.py:154} INFO - [2025-12-08T14:44:59.255+0530] {dag.py:2941} INFO - Sync 1 DAGs
[2025-12-08T14:44:59.266+0530] {logging_mixin.py:154} INFO - [2025-12-08T14:44:59.265+0530] {dag.py:3722} INFO - Setting next_dagrun for example_branch_python_operator_decorator to 2025-12-07T00:00:00+00:00, run_after=2025-12-08T00:00:00+00:00
[2025-12-08T14:44:59.279+0530] {processor.py:179} INFO - Processing /Users/ramesharra/airflow310/lib/python3.10/site-packages/airflow/example_dags/example_branch_operator_decorator.py took 0.157 seconds
[2025-12-08T14:47:09.021+0530] {processor.py:157} INFO - Started process (PID=13840) to work on /Users/ramesharra/airflow310/lib/python3.10/site-packages/airflow/example_dags/example_branch_operator_decorator.py
[2025-12-08T14:47:09.022+0530] {processor.py:829} INFO - Processing file /Users/ramesharra/airflow310/lib/python3.10/site-packages/airflow/example_dags/example_branch_operator_decorator.py for tasks to queue
[2025-12-08T14:47:09.023+0530] {logging_mixin.py:154} INFO - [2025-12-08T14:47:09.023+0530] {dagbag.py:536} INFO - Filling up the DagBag from /Users/ramesharra/airflow310/lib/python3.10/site-packages/airflow/example_dags/example_branch_operator_decorator.py
[2025-12-08T14:47:09.073+0530] {processor.py:839} INFO - DAG(s) dict_keys(['example_branch_python_operator_decorator']) retrieved from /Users/ramesharra/airflow310/lib/python3.10/site-packages/airflow/example_dags/example_branch_operator_decorator.py
[2025-12-08T14:47:09.181+0530] {logging_mixin.py:154} INFO - [2025-12-08T14:47:09.180+0530] {dag.py:2941} INFO - Sync 1 DAGs
[2025-12-08T14:47:09.191+0530] {logging_mixin.py:154} INFO - [2025-12-08T14:47:09.191+0530] {dag.py:3722} INFO - Setting next_dagrun for example_branch_python_operator_decorator to 2025-12-07T00:00:00+00:00, run_after=2025-12-08T00:00:00+00:00
[2025-12-08T14:47:09.203+0530] {processor.py:179} INFO - Processing /Users/ramesharra/airflow310/lib/python3.10/site-packages/airflow/example_dags/example_branch_operator_decorator.py took 0.183 seconds
[2025-12-08T14:49:22.608+0530] {processor.py:157} INFO - Started process (PID=13998) to work on /Users/ramesharra/airflow310/lib/python3.10/site-packages/airflow/example_dags/example_branch_operator_decorator.py
[2025-12-08T14:49:22.608+0530] {processor.py:829} INFO - Processing file /Users/ramesharra/airflow310/lib/python3.10/site-packages/airflow/example_dags/example_branch_operator_decorator.py for tasks to queue
[2025-12-08T14:49:22.610+0530] {logging_mixin.py:154} INFO - [2025-12-08T14:49:22.610+0530] {dagbag.py:536} INFO - Filling up the DagBag from /Users/ramesharra/airflow310/lib/python3.10/site-packages/airflow/example_dags/example_branch_operator_decorator.py
[2025-12-08T14:49:22.646+0530] {processor.py:839} INFO - DAG(s) dict_keys(['example_branch_python_operator_decorator']) retrieved from /Users/ramesharra/airflow310/lib/python3.10/site-packages/airflow/example_dags/example_branch_operator_decorator.py
[2025-12-08T14:49:22.744+0530] {logging_mixin.py:154} INFO - [2025-12-08T14:49:22.743+0530] {dag.py:2941} INFO - Sync 1 DAGs
[2025-12-08T14:49:22.755+0530] {logging_mixin.py:154} INFO - [2025-12-08T14:49:22.755+0530] {dag.py:3722} INFO - Setting next_dagrun for example_branch_python_operator_decorator to 2025-12-07T00:00:00+00:00, run_after=2025-12-08T00:00:00+00:00
[2025-12-08T14:49:22.771+0530] {processor.py:179} INFO - Processing /Users/ramesharra/airflow310/lib/python3.10/site-packages/airflow/example_dags/example_branch_operator_decorator.py took 0.163 seconds
