[2025-12-08T14:15:34.895+0530] {processor.py:157} INFO - Started process (PID=11562) to work on /Users/ramesharra/airflow310/lib/python3.10/site-packages/airflow/example_dags/example_skip_dag.py
[2025-12-08T14:15:34.896+0530] {processor.py:829} INFO - Processing file /Users/ramesharra/airflow310/lib/python3.10/site-packages/airflow/example_dags/example_skip_dag.py for tasks to queue
[2025-12-08T14:15:34.898+0530] {logging_mixin.py:154} INFO - [2025-12-08T14:15:34.898+0530] {dagbag.py:536} INFO - Filling up the DagBag from /Users/ramesharra/airflow310/lib/python3.10/site-packages/airflow/example_dags/example_skip_dag.py
[2025-12-08T14:15:34.911+0530] {processor.py:839} INFO - DAG(s) dict_keys(['example_skip_dag']) retrieved from /Users/ramesharra/airflow310/lib/python3.10/site-packages/airflow/example_dags/example_skip_dag.py
[2025-12-08T14:15:35.256+0530] {logging_mixin.py:154} INFO - [2025-12-08T14:15:35.256+0530] {manager.py:499} INFO - Created Permission View: %s
[2025-12-08T14:15:35.261+0530] {logging_mixin.py:154} INFO - [2025-12-08T14:15:35.261+0530] {manager.py:499} INFO - Created Permission View: %s
[2025-12-08T14:15:35.264+0530] {logging_mixin.py:154} INFO - [2025-12-08T14:15:35.264+0530] {manager.py:499} INFO - Created Permission View: %s
[2025-12-08T14:15:35.264+0530] {logging_mixin.py:154} INFO - [2025-12-08T14:15:35.264+0530] {dag.py:2941} INFO - Sync 1 DAGs
[2025-12-08T14:15:35.270+0530] {logging_mixin.py:154} INFO - [2025-12-08T14:15:35.270+0530] {dag.py:2963} INFO - Creating ORM DAG for example_skip_dag
[2025-12-08T14:15:35.274+0530] {logging_mixin.py:154} INFO - [2025-12-08T14:15:35.274+0530] {dag.py:3722} INFO - Setting next_dagrun for example_skip_dag to 2025-12-07T08:45:35.274677+00:00, run_after=2025-12-08T08:45:35.274677+00:00
[2025-12-08T14:15:35.285+0530] {processor.py:179} INFO - Processing /Users/ramesharra/airflow310/lib/python3.10/site-packages/airflow/example_dags/example_skip_dag.py took 0.390 seconds
[2025-12-08T14:17:13.429+0530] {processor.py:157} INFO - Started process (PID=11687) to work on /Users/ramesharra/airflow310/lib/python3.10/site-packages/airflow/example_dags/example_skip_dag.py
[2025-12-08T14:17:13.431+0530] {processor.py:829} INFO - Processing file /Users/ramesharra/airflow310/lib/python3.10/site-packages/airflow/example_dags/example_skip_dag.py for tasks to queue
[2025-12-08T14:17:13.432+0530] {logging_mixin.py:154} INFO - [2025-12-08T14:17:13.432+0530] {dagbag.py:536} INFO - Filling up the DagBag from /Users/ramesharra/airflow310/lib/python3.10/site-packages/airflow/example_dags/example_skip_dag.py
[2025-12-08T14:17:13.450+0530] {processor.py:839} INFO - DAG(s) dict_keys(['example_skip_dag']) retrieved from /Users/ramesharra/airflow310/lib/python3.10/site-packages/airflow/example_dags/example_skip_dag.py
[2025-12-08T14:17:13.559+0530] {logging_mixin.py:154} INFO - [2025-12-08T14:17:13.559+0530] {dag.py:2941} INFO - Sync 1 DAGs
[2025-12-08T14:17:13.569+0530] {logging_mixin.py:154} INFO - [2025-12-08T14:17:13.569+0530] {dag.py:3722} INFO - Setting next_dagrun for example_skip_dag to 2025-12-07T08:47:13.569698+00:00, run_after=2025-12-08T08:47:13.569698+00:00
[2025-12-08T14:17:13.581+0530] {processor.py:179} INFO - Processing /Users/ramesharra/airflow310/lib/python3.10/site-packages/airflow/example_dags/example_skip_dag.py took 0.152 seconds
[2025-12-08T14:20:27.773+0530] {processor.py:157} INFO - Started process (PID=11857) to work on /Users/ramesharra/airflow310/lib/python3.10/site-packages/airflow/example_dags/example_skip_dag.py
[2025-12-08T14:20:27.774+0530] {processor.py:829} INFO - Processing file /Users/ramesharra/airflow310/lib/python3.10/site-packages/airflow/example_dags/example_skip_dag.py for tasks to queue
[2025-12-08T14:20:27.775+0530] {logging_mixin.py:154} INFO - [2025-12-08T14:20:27.775+0530] {dagbag.py:536} INFO - Filling up the DagBag from /Users/ramesharra/airflow310/lib/python3.10/site-packages/airflow/example_dags/example_skip_dag.py
[2025-12-08T14:20:27.788+0530] {processor.py:839} INFO - DAG(s) dict_keys(['example_skip_dag']) retrieved from /Users/ramesharra/airflow310/lib/python3.10/site-packages/airflow/example_dags/example_skip_dag.py
[2025-12-08T14:20:27.876+0530] {logging_mixin.py:154} INFO - [2025-12-08T14:20:27.876+0530] {dag.py:2941} INFO - Sync 1 DAGs
[2025-12-08T14:20:27.886+0530] {logging_mixin.py:154} INFO - [2025-12-08T14:20:27.886+0530] {dag.py:3722} INFO - Setting next_dagrun for example_skip_dag to 2025-12-07T08:50:27.886231+00:00, run_after=2025-12-08T08:50:27.886231+00:00
[2025-12-08T14:20:27.897+0530] {processor.py:179} INFO - Processing /Users/ramesharra/airflow310/lib/python3.10/site-packages/airflow/example_dags/example_skip_dag.py took 0.124 seconds
[2025-12-08T14:21:54.802+0530] {processor.py:157} INFO - Started process (PID=11958) to work on /Users/ramesharra/airflow310/lib/python3.10/site-packages/airflow/example_dags/example_skip_dag.py
[2025-12-08T14:21:54.803+0530] {processor.py:829} INFO - Processing file /Users/ramesharra/airflow310/lib/python3.10/site-packages/airflow/example_dags/example_skip_dag.py for tasks to queue
[2025-12-08T14:21:54.805+0530] {logging_mixin.py:154} INFO - [2025-12-08T14:21:54.804+0530] {dagbag.py:536} INFO - Filling up the DagBag from /Users/ramesharra/airflow310/lib/python3.10/site-packages/airflow/example_dags/example_skip_dag.py
[2025-12-08T14:21:54.820+0530] {processor.py:839} INFO - DAG(s) dict_keys(['example_skip_dag']) retrieved from /Users/ramesharra/airflow310/lib/python3.10/site-packages/airflow/example_dags/example_skip_dag.py
[2025-12-08T14:21:54.915+0530] {logging_mixin.py:154} INFO - [2025-12-08T14:21:54.915+0530] {dag.py:2941} INFO - Sync 1 DAGs
[2025-12-08T14:21:54.925+0530] {logging_mixin.py:154} INFO - [2025-12-08T14:21:54.925+0530] {dag.py:3722} INFO - Setting next_dagrun for example_skip_dag to 2025-12-07T08:51:54.924965+00:00, run_after=2025-12-08T08:51:54.924965+00:00
[2025-12-08T14:21:54.935+0530] {processor.py:179} INFO - Processing /Users/ramesharra/airflow310/lib/python3.10/site-packages/airflow/example_dags/example_skip_dag.py took 0.133 seconds
[2025-12-08T14:24:00.842+0530] {processor.py:157} INFO - Started process (PID=12254) to work on /Users/ramesharra/airflow310/lib/python3.10/site-packages/airflow/example_dags/example_skip_dag.py
[2025-12-08T14:24:00.843+0530] {processor.py:829} INFO - Processing file /Users/ramesharra/airflow310/lib/python3.10/site-packages/airflow/example_dags/example_skip_dag.py for tasks to queue
[2025-12-08T14:24:00.845+0530] {logging_mixin.py:154} INFO - [2025-12-08T14:24:00.845+0530] {dagbag.py:536} INFO - Filling up the DagBag from /Users/ramesharra/airflow310/lib/python3.10/site-packages/airflow/example_dags/example_skip_dag.py
[2025-12-08T14:24:00.862+0530] {processor.py:839} INFO - DAG(s) dict_keys(['example_skip_dag']) retrieved from /Users/ramesharra/airflow310/lib/python3.10/site-packages/airflow/example_dags/example_skip_dag.py
[2025-12-08T14:24:00.969+0530] {logging_mixin.py:154} INFO - [2025-12-08T14:24:00.969+0530] {dag.py:2941} INFO - Sync 1 DAGs
[2025-12-08T14:24:00.979+0530] {logging_mixin.py:154} INFO - [2025-12-08T14:24:00.979+0530] {dag.py:3722} INFO - Setting next_dagrun for example_skip_dag to 2025-12-07T08:54:00.978922+00:00, run_after=2025-12-08T08:54:00.978922+00:00
[2025-12-08T14:24:00.989+0530] {processor.py:179} INFO - Processing /Users/ramesharra/airflow310/lib/python3.10/site-packages/airflow/example_dags/example_skip_dag.py took 0.147 seconds
[2025-12-08T14:26:18.180+0530] {processor.py:157} INFO - Started process (PID=12436) to work on /Users/ramesharra/airflow310/lib/python3.10/site-packages/airflow/example_dags/example_skip_dag.py
[2025-12-08T14:26:18.181+0530] {processor.py:829} INFO - Processing file /Users/ramesharra/airflow310/lib/python3.10/site-packages/airflow/example_dags/example_skip_dag.py for tasks to queue
[2025-12-08T14:26:18.183+0530] {logging_mixin.py:154} INFO - [2025-12-08T14:26:18.182+0530] {dagbag.py:536} INFO - Filling up the DagBag from /Users/ramesharra/airflow310/lib/python3.10/site-packages/airflow/example_dags/example_skip_dag.py
[2025-12-08T14:26:18.198+0530] {processor.py:839} INFO - DAG(s) dict_keys(['example_skip_dag']) retrieved from /Users/ramesharra/airflow310/lib/python3.10/site-packages/airflow/example_dags/example_skip_dag.py
[2025-12-08T14:26:18.303+0530] {logging_mixin.py:154} INFO - [2025-12-08T14:26:18.302+0530] {dag.py:2941} INFO - Sync 1 DAGs
[2025-12-08T14:26:18.313+0530] {logging_mixin.py:154} INFO - [2025-12-08T14:26:18.313+0530] {dag.py:3722} INFO - Setting next_dagrun for example_skip_dag to 2025-12-07T08:56:18.313654+00:00, run_after=2025-12-08T08:56:18.313654+00:00
[2025-12-08T14:26:18.324+0530] {processor.py:179} INFO - Processing /Users/ramesharra/airflow310/lib/python3.10/site-packages/airflow/example_dags/example_skip_dag.py took 0.145 seconds
[2025-12-08T14:27:53.603+0530] {processor.py:157} INFO - Started process (PID=12535) to work on /Users/ramesharra/airflow310/lib/python3.10/site-packages/airflow/example_dags/example_skip_dag.py
[2025-12-08T14:27:53.603+0530] {processor.py:829} INFO - Processing file /Users/ramesharra/airflow310/lib/python3.10/site-packages/airflow/example_dags/example_skip_dag.py for tasks to queue
[2025-12-08T14:27:53.605+0530] {logging_mixin.py:154} INFO - [2025-12-08T14:27:53.605+0530] {dagbag.py:536} INFO - Filling up the DagBag from /Users/ramesharra/airflow310/lib/python3.10/site-packages/airflow/example_dags/example_skip_dag.py
[2025-12-08T14:27:53.620+0530] {processor.py:839} INFO - DAG(s) dict_keys(['example_skip_dag']) retrieved from /Users/ramesharra/airflow310/lib/python3.10/site-packages/airflow/example_dags/example_skip_dag.py
[2025-12-08T14:27:53.721+0530] {logging_mixin.py:154} INFO - [2025-12-08T14:27:53.721+0530] {dag.py:2941} INFO - Sync 1 DAGs
[2025-12-08T14:27:53.731+0530] {logging_mixin.py:154} INFO - [2025-12-08T14:27:53.730+0530] {dag.py:3722} INFO - Setting next_dagrun for example_skip_dag to 2025-12-07T08:57:53.730897+00:00, run_after=2025-12-08T08:57:53.730897+00:00
[2025-12-08T14:27:53.741+0530] {processor.py:179} INFO - Processing /Users/ramesharra/airflow310/lib/python3.10/site-packages/airflow/example_dags/example_skip_dag.py took 0.138 seconds
[2025-12-08T14:29:13.429+0530] {processor.py:157} INFO - Started process (PID=12624) to work on /Users/ramesharra/airflow310/lib/python3.10/site-packages/airflow/example_dags/example_skip_dag.py
[2025-12-08T14:29:13.430+0530] {processor.py:829} INFO - Processing file /Users/ramesharra/airflow310/lib/python3.10/site-packages/airflow/example_dags/example_skip_dag.py for tasks to queue
[2025-12-08T14:29:13.431+0530] {logging_mixin.py:154} INFO - [2025-12-08T14:29:13.431+0530] {dagbag.py:536} INFO - Filling up the DagBag from /Users/ramesharra/airflow310/lib/python3.10/site-packages/airflow/example_dags/example_skip_dag.py
[2025-12-08T14:29:13.447+0530] {processor.py:839} INFO - DAG(s) dict_keys(['example_skip_dag']) retrieved from /Users/ramesharra/airflow310/lib/python3.10/site-packages/airflow/example_dags/example_skip_dag.py
[2025-12-08T14:29:13.542+0530] {logging_mixin.py:154} INFO - [2025-12-08T14:29:13.542+0530] {dag.py:2941} INFO - Sync 1 DAGs
[2025-12-08T14:29:13.551+0530] {logging_mixin.py:154} INFO - [2025-12-08T14:29:13.551+0530] {dag.py:3722} INFO - Setting next_dagrun for example_skip_dag to 2025-12-07T08:59:13.551532+00:00, run_after=2025-12-08T08:59:13.551532+00:00
[2025-12-08T14:29:13.562+0530] {processor.py:179} INFO - Processing /Users/ramesharra/airflow310/lib/python3.10/site-packages/airflow/example_dags/example_skip_dag.py took 0.134 seconds
[2025-12-08T14:30:43.256+0530] {processor.py:157} INFO - Started process (PID=12724) to work on /Users/ramesharra/airflow310/lib/python3.10/site-packages/airflow/example_dags/example_skip_dag.py
[2025-12-08T14:30:43.257+0530] {processor.py:829} INFO - Processing file /Users/ramesharra/airflow310/lib/python3.10/site-packages/airflow/example_dags/example_skip_dag.py for tasks to queue
[2025-12-08T14:30:43.259+0530] {logging_mixin.py:154} INFO - [2025-12-08T14:30:43.259+0530] {dagbag.py:536} INFO - Filling up the DagBag from /Users/ramesharra/airflow310/lib/python3.10/site-packages/airflow/example_dags/example_skip_dag.py
[2025-12-08T14:30:43.276+0530] {processor.py:839} INFO - DAG(s) dict_keys(['example_skip_dag']) retrieved from /Users/ramesharra/airflow310/lib/python3.10/site-packages/airflow/example_dags/example_skip_dag.py
[2025-12-08T14:30:43.400+0530] {logging_mixin.py:154} INFO - [2025-12-08T14:30:43.400+0530] {dag.py:2941} INFO - Sync 1 DAGs
[2025-12-08T14:30:43.416+0530] {logging_mixin.py:154} INFO - [2025-12-08T14:30:43.416+0530] {dag.py:3722} INFO - Setting next_dagrun for example_skip_dag to 2025-12-07T09:00:43.415979+00:00, run_after=2025-12-08T09:00:43.415979+00:00
[2025-12-08T14:30:43.440+0530] {processor.py:179} INFO - Processing /Users/ramesharra/airflow310/lib/python3.10/site-packages/airflow/example_dags/example_skip_dag.py took 0.184 seconds
[2025-12-08T14:32:48.773+0530] {processor.py:157} INFO - Started process (PID=12863) to work on /Users/ramesharra/airflow310/lib/python3.10/site-packages/airflow/example_dags/example_skip_dag.py
[2025-12-08T14:32:48.774+0530] {processor.py:829} INFO - Processing file /Users/ramesharra/airflow310/lib/python3.10/site-packages/airflow/example_dags/example_skip_dag.py for tasks to queue
[2025-12-08T14:32:48.775+0530] {logging_mixin.py:154} INFO - [2025-12-08T14:32:48.775+0530] {dagbag.py:536} INFO - Filling up the DagBag from /Users/ramesharra/airflow310/lib/python3.10/site-packages/airflow/example_dags/example_skip_dag.py
[2025-12-08T14:32:48.789+0530] {processor.py:839} INFO - DAG(s) dict_keys(['example_skip_dag']) retrieved from /Users/ramesharra/airflow310/lib/python3.10/site-packages/airflow/example_dags/example_skip_dag.py
[2025-12-08T14:32:48.885+0530] {logging_mixin.py:154} INFO - [2025-12-08T14:32:48.885+0530] {dag.py:2941} INFO - Sync 1 DAGs
[2025-12-08T14:32:48.895+0530] {logging_mixin.py:154} INFO - [2025-12-08T14:32:48.895+0530] {dag.py:3722} INFO - Setting next_dagrun for example_skip_dag to 2025-12-07T09:02:48.895086+00:00, run_after=2025-12-08T09:02:48.895086+00:00
[2025-12-08T14:32:48.905+0530] {processor.py:179} INFO - Processing /Users/ramesharra/airflow310/lib/python3.10/site-packages/airflow/example_dags/example_skip_dag.py took 0.132 seconds
[2025-12-08T14:34:50.779+0530] {processor.py:157} INFO - Started process (PID=13003) to work on /Users/ramesharra/airflow310/lib/python3.10/site-packages/airflow/example_dags/example_skip_dag.py
[2025-12-08T14:34:50.780+0530] {processor.py:829} INFO - Processing file /Users/ramesharra/airflow310/lib/python3.10/site-packages/airflow/example_dags/example_skip_dag.py for tasks to queue
[2025-12-08T14:34:50.782+0530] {logging_mixin.py:154} INFO - [2025-12-08T14:34:50.781+0530] {dagbag.py:536} INFO - Filling up the DagBag from /Users/ramesharra/airflow310/lib/python3.10/site-packages/airflow/example_dags/example_skip_dag.py
[2025-12-08T14:34:50.799+0530] {processor.py:839} INFO - DAG(s) dict_keys(['example_skip_dag']) retrieved from /Users/ramesharra/airflow310/lib/python3.10/site-packages/airflow/example_dags/example_skip_dag.py
[2025-12-08T14:34:50.910+0530] {logging_mixin.py:154} INFO - [2025-12-08T14:34:50.910+0530] {dag.py:2941} INFO - Sync 1 DAGs
[2025-12-08T14:34:50.921+0530] {logging_mixin.py:154} INFO - [2025-12-08T14:34:50.921+0530] {dag.py:3722} INFO - Setting next_dagrun for example_skip_dag to 2025-12-07T09:04:50.921545+00:00, run_after=2025-12-08T09:04:50.921545+00:00
[2025-12-08T14:34:50.934+0530] {processor.py:179} INFO - Processing /Users/ramesharra/airflow310/lib/python3.10/site-packages/airflow/example_dags/example_skip_dag.py took 0.156 seconds
[2025-12-08T14:37:01.872+0530] {processor.py:157} INFO - Started process (PID=13146) to work on /Users/ramesharra/airflow310/lib/python3.10/site-packages/airflow/example_dags/example_skip_dag.py
[2025-12-08T14:37:01.872+0530] {processor.py:829} INFO - Processing file /Users/ramesharra/airflow310/lib/python3.10/site-packages/airflow/example_dags/example_skip_dag.py for tasks to queue
[2025-12-08T14:37:01.875+0530] {logging_mixin.py:154} INFO - [2025-12-08T14:37:01.875+0530] {dagbag.py:536} INFO - Filling up the DagBag from /Users/ramesharra/airflow310/lib/python3.10/site-packages/airflow/example_dags/example_skip_dag.py
[2025-12-08T14:37:01.897+0530] {processor.py:839} INFO - DAG(s) dict_keys(['example_skip_dag']) retrieved from /Users/ramesharra/airflow310/lib/python3.10/site-packages/airflow/example_dags/example_skip_dag.py
[2025-12-08T14:37:02.002+0530] {logging_mixin.py:154} INFO - [2025-12-08T14:37:02.001+0530] {dag.py:2941} INFO - Sync 1 DAGs
[2025-12-08T14:37:02.012+0530] {logging_mixin.py:154} INFO - [2025-12-08T14:37:02.012+0530] {dag.py:3722} INFO - Setting next_dagrun for example_skip_dag to 2025-12-07T09:07:02.011929+00:00, run_after=2025-12-08T09:07:02.011929+00:00
[2025-12-08T14:37:02.022+0530] {processor.py:179} INFO - Processing /Users/ramesharra/airflow310/lib/python3.10/site-packages/airflow/example_dags/example_skip_dag.py took 0.151 seconds
[2025-12-08T14:39:16.228+0530] {processor.py:157} INFO - Started process (PID=13305) to work on /Users/ramesharra/airflow310/lib/python3.10/site-packages/airflow/example_dags/example_skip_dag.py
[2025-12-08T14:39:16.229+0530] {processor.py:829} INFO - Processing file /Users/ramesharra/airflow310/lib/python3.10/site-packages/airflow/example_dags/example_skip_dag.py for tasks to queue
[2025-12-08T14:39:16.233+0530] {logging_mixin.py:154} INFO - [2025-12-08T14:39:16.233+0530] {dagbag.py:536} INFO - Filling up the DagBag from /Users/ramesharra/airflow310/lib/python3.10/site-packages/airflow/example_dags/example_skip_dag.py
[2025-12-08T14:39:16.255+0530] {processor.py:839} INFO - DAG(s) dict_keys(['example_skip_dag']) retrieved from /Users/ramesharra/airflow310/lib/python3.10/site-packages/airflow/example_dags/example_skip_dag.py
[2025-12-08T14:39:16.388+0530] {logging_mixin.py:154} INFO - [2025-12-08T14:39:16.388+0530] {dag.py:2941} INFO - Sync 1 DAGs
[2025-12-08T14:39:16.399+0530] {logging_mixin.py:154} INFO - [2025-12-08T14:39:16.399+0530] {dag.py:3722} INFO - Setting next_dagrun for example_skip_dag to 2025-12-07T09:09:16.399428+00:00, run_after=2025-12-08T09:09:16.399428+00:00
[2025-12-08T14:39:16.411+0530] {processor.py:179} INFO - Processing /Users/ramesharra/airflow310/lib/python3.10/site-packages/airflow/example_dags/example_skip_dag.py took 0.183 seconds
[2025-12-08T14:41:27.338+0530] {processor.py:157} INFO - Started process (PID=13454) to work on /Users/ramesharra/airflow310/lib/python3.10/site-packages/airflow/example_dags/example_skip_dag.py
[2025-12-08T14:41:27.338+0530] {processor.py:829} INFO - Processing file /Users/ramesharra/airflow310/lib/python3.10/site-packages/airflow/example_dags/example_skip_dag.py for tasks to queue
[2025-12-08T14:41:27.340+0530] {logging_mixin.py:154} INFO - [2025-12-08T14:41:27.340+0530] {dagbag.py:536} INFO - Filling up the DagBag from /Users/ramesharra/airflow310/lib/python3.10/site-packages/airflow/example_dags/example_skip_dag.py
[2025-12-08T14:41:27.358+0530] {processor.py:839} INFO - DAG(s) dict_keys(['example_skip_dag']) retrieved from /Users/ramesharra/airflow310/lib/python3.10/site-packages/airflow/example_dags/example_skip_dag.py
[2025-12-08T14:41:27.488+0530] {logging_mixin.py:154} INFO - [2025-12-08T14:41:27.488+0530] {dag.py:2941} INFO - Sync 1 DAGs
[2025-12-08T14:41:27.504+0530] {logging_mixin.py:154} INFO - [2025-12-08T14:41:27.504+0530] {dag.py:3722} INFO - Setting next_dagrun for example_skip_dag to 2025-12-07T09:11:27.503873+00:00, run_after=2025-12-08T09:11:27.503873+00:00
[2025-12-08T14:41:27.516+0530] {processor.py:179} INFO - Processing /Users/ramesharra/airflow310/lib/python3.10/site-packages/airflow/example_dags/example_skip_dag.py took 0.178 seconds
[2025-12-08T14:42:34.676+0530] {processor.py:157} INFO - Started process (PID=13535) to work on /Users/ramesharra/airflow310/lib/python3.10/site-packages/airflow/example_dags/example_skip_dag.py
[2025-12-08T14:42:34.677+0530] {processor.py:829} INFO - Processing file /Users/ramesharra/airflow310/lib/python3.10/site-packages/airflow/example_dags/example_skip_dag.py for tasks to queue
[2025-12-08T14:42:34.679+0530] {logging_mixin.py:154} INFO - [2025-12-08T14:42:34.679+0530] {dagbag.py:536} INFO - Filling up the DagBag from /Users/ramesharra/airflow310/lib/python3.10/site-packages/airflow/example_dags/example_skip_dag.py
[2025-12-08T14:42:34.694+0530] {processor.py:839} INFO - DAG(s) dict_keys(['example_skip_dag']) retrieved from /Users/ramesharra/airflow310/lib/python3.10/site-packages/airflow/example_dags/example_skip_dag.py
[2025-12-08T14:42:34.795+0530] {logging_mixin.py:154} INFO - [2025-12-08T14:42:34.795+0530] {dag.py:2941} INFO - Sync 1 DAGs
[2025-12-08T14:42:34.805+0530] {logging_mixin.py:154} INFO - [2025-12-08T14:42:34.805+0530] {dag.py:3722} INFO - Setting next_dagrun for example_skip_dag to 2025-12-07T09:12:34.804944+00:00, run_after=2025-12-08T09:12:34.804944+00:00
[2025-12-08T14:42:34.818+0530] {processor.py:179} INFO - Processing /Users/ramesharra/airflow310/lib/python3.10/site-packages/airflow/example_dags/example_skip_dag.py took 0.142 seconds
[2025-12-08T14:44:40.804+0530] {processor.py:157} INFO - Started process (PID=13669) to work on /Users/ramesharra/airflow310/lib/python3.10/site-packages/airflow/example_dags/example_skip_dag.py
[2025-12-08T14:44:40.805+0530] {processor.py:829} INFO - Processing file /Users/ramesharra/airflow310/lib/python3.10/site-packages/airflow/example_dags/example_skip_dag.py for tasks to queue
[2025-12-08T14:44:40.807+0530] {logging_mixin.py:154} INFO - [2025-12-08T14:44:40.807+0530] {dagbag.py:536} INFO - Filling up the DagBag from /Users/ramesharra/airflow310/lib/python3.10/site-packages/airflow/example_dags/example_skip_dag.py
[2025-12-08T14:44:40.822+0530] {processor.py:839} INFO - DAG(s) dict_keys(['example_skip_dag']) retrieved from /Users/ramesharra/airflow310/lib/python3.10/site-packages/airflow/example_dags/example_skip_dag.py
[2025-12-08T14:44:40.919+0530] {logging_mixin.py:154} INFO - [2025-12-08T14:44:40.919+0530] {dag.py:2941} INFO - Sync 1 DAGs
[2025-12-08T14:44:40.929+0530] {logging_mixin.py:154} INFO - [2025-12-08T14:44:40.929+0530] {dag.py:3722} INFO - Setting next_dagrun for example_skip_dag to 2025-12-07T09:14:40.929128+00:00, run_after=2025-12-08T09:14:40.929128+00:00
[2025-12-08T14:44:40.938+0530] {processor.py:179} INFO - Processing /Users/ramesharra/airflow310/lib/python3.10/site-packages/airflow/example_dags/example_skip_dag.py took 0.135 seconds
[2025-12-08T14:46:49.217+0530] {processor.py:157} INFO - Started process (PID=13820) to work on /Users/ramesharra/airflow310/lib/python3.10/site-packages/airflow/example_dags/example_skip_dag.py
[2025-12-08T14:46:49.218+0530] {processor.py:829} INFO - Processing file /Users/ramesharra/airflow310/lib/python3.10/site-packages/airflow/example_dags/example_skip_dag.py for tasks to queue
[2025-12-08T14:46:49.219+0530] {logging_mixin.py:154} INFO - [2025-12-08T14:46:49.219+0530] {dagbag.py:536} INFO - Filling up the DagBag from /Users/ramesharra/airflow310/lib/python3.10/site-packages/airflow/example_dags/example_skip_dag.py
[2025-12-08T14:46:49.235+0530] {processor.py:839} INFO - DAG(s) dict_keys(['example_skip_dag']) retrieved from /Users/ramesharra/airflow310/lib/python3.10/site-packages/airflow/example_dags/example_skip_dag.py
[2025-12-08T14:46:49.339+0530] {logging_mixin.py:154} INFO - [2025-12-08T14:46:49.339+0530] {dag.py:2941} INFO - Sync 1 DAGs
[2025-12-08T14:46:49.350+0530] {logging_mixin.py:154} INFO - [2025-12-08T14:46:49.350+0530] {dag.py:3722} INFO - Setting next_dagrun for example_skip_dag to 2025-12-07T09:16:49.350283+00:00, run_after=2025-12-08T09:16:49.350283+00:00
[2025-12-08T14:46:49.360+0530] {processor.py:179} INFO - Processing /Users/ramesharra/airflow310/lib/python3.10/site-packages/airflow/example_dags/example_skip_dag.py took 0.143 seconds
[2025-12-08T14:47:58.028+0530] {processor.py:157} INFO - Started process (PID=13895) to work on /Users/ramesharra/airflow310/lib/python3.10/site-packages/airflow/example_dags/example_skip_dag.py
[2025-12-08T14:47:58.028+0530] {processor.py:829} INFO - Processing file /Users/ramesharra/airflow310/lib/python3.10/site-packages/airflow/example_dags/example_skip_dag.py for tasks to queue
[2025-12-08T14:47:58.030+0530] {logging_mixin.py:154} INFO - [2025-12-08T14:47:58.030+0530] {dagbag.py:536} INFO - Filling up the DagBag from /Users/ramesharra/airflow310/lib/python3.10/site-packages/airflow/example_dags/example_skip_dag.py
[2025-12-08T14:47:58.046+0530] {processor.py:839} INFO - DAG(s) dict_keys(['example_skip_dag']) retrieved from /Users/ramesharra/airflow310/lib/python3.10/site-packages/airflow/example_dags/example_skip_dag.py
[2025-12-08T14:47:58.150+0530] {logging_mixin.py:154} INFO - [2025-12-08T14:47:58.149+0530] {dag.py:2941} INFO - Sync 1 DAGs
[2025-12-08T14:47:58.161+0530] {logging_mixin.py:154} INFO - [2025-12-08T14:47:58.161+0530] {dag.py:3722} INFO - Setting next_dagrun for example_skip_dag to 2025-12-07T09:17:58.161591+00:00, run_after=2025-12-08T09:17:58.161591+00:00
[2025-12-08T14:47:58.172+0530] {processor.py:179} INFO - Processing /Users/ramesharra/airflow310/lib/python3.10/site-packages/airflow/example_dags/example_skip_dag.py took 0.145 seconds
[2025-12-08T14:49:06.443+0530] {processor.py:157} INFO - Started process (PID=13981) to work on /Users/ramesharra/airflow310/lib/python3.10/site-packages/airflow/example_dags/example_skip_dag.py
[2025-12-08T14:49:06.445+0530] {processor.py:829} INFO - Processing file /Users/ramesharra/airflow310/lib/python3.10/site-packages/airflow/example_dags/example_skip_dag.py for tasks to queue
[2025-12-08T14:49:06.446+0530] {logging_mixin.py:154} INFO - [2025-12-08T14:49:06.446+0530] {dagbag.py:536} INFO - Filling up the DagBag from /Users/ramesharra/airflow310/lib/python3.10/site-packages/airflow/example_dags/example_skip_dag.py
[2025-12-08T14:49:06.461+0530] {processor.py:839} INFO - DAG(s) dict_keys(['example_skip_dag']) retrieved from /Users/ramesharra/airflow310/lib/python3.10/site-packages/airflow/example_dags/example_skip_dag.py
[2025-12-08T14:49:06.563+0530] {logging_mixin.py:154} INFO - [2025-12-08T14:49:06.563+0530] {dag.py:2941} INFO - Sync 1 DAGs
[2025-12-08T14:49:06.573+0530] {logging_mixin.py:154} INFO - [2025-12-08T14:49:06.573+0530] {dag.py:3722} INFO - Setting next_dagrun for example_skip_dag to 2025-12-07T09:19:06.573699+00:00, run_after=2025-12-08T09:19:06.573699+00:00
[2025-12-08T14:49:06.585+0530] {processor.py:179} INFO - Processing /Users/ramesharra/airflow310/lib/python3.10/site-packages/airflow/example_dags/example_skip_dag.py took 0.142 seconds
