[2025-12-08T14:15:21.906+0530] {processor.py:157} INFO - Started process (PID=11551) to work on /Users/ramesharra/airflow310/lib/python3.10/site-packages/airflow/example_dags/example_trigger_controller_dag.py
[2025-12-08T14:15:21.907+0530] {processor.py:829} INFO - Processing file /Users/ramesharra/airflow310/lib/python3.10/site-packages/airflow/example_dags/example_trigger_controller_dag.py for tasks to queue
[2025-12-08T14:15:21.908+0530] {logging_mixin.py:154} INFO - [2025-12-08T14:15:21.908+0530] {dagbag.py:536} INFO - Filling up the DagBag from /Users/ramesharra/airflow310/lib/python3.10/site-packages/airflow/example_dags/example_trigger_controller_dag.py
[2025-12-08T14:15:21.922+0530] {processor.py:839} INFO - DAG(s) dict_keys(['example_trigger_controller_dag']) retrieved from /Users/ramesharra/airflow310/lib/python3.10/site-packages/airflow/example_dags/example_trigger_controller_dag.py
[2025-12-08T14:15:22.207+0530] {logging_mixin.py:154} INFO - [2025-12-08T14:15:22.206+0530] {manager.py:499} INFO - Created Permission View: %s
[2025-12-08T14:15:22.211+0530] {logging_mixin.py:154} INFO - [2025-12-08T14:15:22.211+0530] {manager.py:499} INFO - Created Permission View: %s
[2025-12-08T14:15:22.213+0530] {logging_mixin.py:154} INFO - [2025-12-08T14:15:22.213+0530] {manager.py:499} INFO - Created Permission View: %s
[2025-12-08T14:15:22.214+0530] {logging_mixin.py:154} INFO - [2025-12-08T14:15:22.213+0530] {dag.py:2941} INFO - Sync 1 DAGs
[2025-12-08T14:15:22.219+0530] {logging_mixin.py:154} INFO - [2025-12-08T14:15:22.219+0530] {dag.py:2963} INFO - Creating ORM DAG for example_trigger_controller_dag
[2025-12-08T14:15:22.222+0530] {logging_mixin.py:154} INFO - [2025-12-08T14:15:22.222+0530] {dag.py:3722} INFO - Setting next_dagrun for example_trigger_controller_dag to 2021-01-01T00:00:00+00:00, run_after=2021-01-01T00:00:00+00:00
[2025-12-08T14:15:22.230+0530] {processor.py:179} INFO - Processing /Users/ramesharra/airflow310/lib/python3.10/site-packages/airflow/example_dags/example_trigger_controller_dag.py took 0.325 seconds
[2025-12-08T14:17:00.228+0530] {processor.py:157} INFO - Started process (PID=11676) to work on /Users/ramesharra/airflow310/lib/python3.10/site-packages/airflow/example_dags/example_trigger_controller_dag.py
[2025-12-08T14:17:00.228+0530] {processor.py:829} INFO - Processing file /Users/ramesharra/airflow310/lib/python3.10/site-packages/airflow/example_dags/example_trigger_controller_dag.py for tasks to queue
[2025-12-08T14:17:00.230+0530] {logging_mixin.py:154} INFO - [2025-12-08T14:17:00.229+0530] {dagbag.py:536} INFO - Filling up the DagBag from /Users/ramesharra/airflow310/lib/python3.10/site-packages/airflow/example_dags/example_trigger_controller_dag.py
[2025-12-08T14:17:00.248+0530] {processor.py:839} INFO - DAG(s) dict_keys(['example_trigger_controller_dag']) retrieved from /Users/ramesharra/airflow310/lib/python3.10/site-packages/airflow/example_dags/example_trigger_controller_dag.py
[2025-12-08T14:17:00.339+0530] {logging_mixin.py:154} INFO - [2025-12-08T14:17:00.338+0530] {dag.py:2941} INFO - Sync 1 DAGs
[2025-12-08T14:17:00.348+0530] {logging_mixin.py:154} INFO - [2025-12-08T14:17:00.348+0530] {dag.py:3722} INFO - Setting next_dagrun for example_trigger_controller_dag to 2021-01-01T00:00:00+00:00, run_after=2021-01-01T00:00:00+00:00
[2025-12-08T14:17:00.358+0530] {processor.py:179} INFO - Processing /Users/ramesharra/airflow310/lib/python3.10/site-packages/airflow/example_dags/example_trigger_controller_dag.py took 0.131 seconds
[2025-12-08T14:18:07.398+0530] {processor.py:157} INFO - Started process (PID=11753) to work on /Users/ramesharra/airflow310/lib/python3.10/site-packages/airflow/example_dags/example_trigger_controller_dag.py
[2025-12-08T14:18:07.399+0530] {processor.py:829} INFO - Processing file /Users/ramesharra/airflow310/lib/python3.10/site-packages/airflow/example_dags/example_trigger_controller_dag.py for tasks to queue
[2025-12-08T14:18:07.400+0530] {logging_mixin.py:154} INFO - [2025-12-08T14:18:07.400+0530] {dagbag.py:536} INFO - Filling up the DagBag from /Users/ramesharra/airflow310/lib/python3.10/site-packages/airflow/example_dags/example_trigger_controller_dag.py
[2025-12-08T14:18:07.416+0530] {processor.py:839} INFO - DAG(s) dict_keys(['example_trigger_controller_dag']) retrieved from /Users/ramesharra/airflow310/lib/python3.10/site-packages/airflow/example_dags/example_trigger_controller_dag.py
[2025-12-08T14:18:07.509+0530] {logging_mixin.py:154} INFO - [2025-12-08T14:18:07.509+0530] {dag.py:2941} INFO - Sync 1 DAGs
[2025-12-08T14:18:07.518+0530] {logging_mixin.py:154} INFO - [2025-12-08T14:18:07.518+0530] {dag.py:3722} INFO - Setting next_dagrun for example_trigger_controller_dag to 2021-01-01T00:00:00+00:00, run_after=2021-01-01T00:00:00+00:00
[2025-12-08T14:18:07.528+0530] {processor.py:179} INFO - Processing /Users/ramesharra/airflow310/lib/python3.10/site-packages/airflow/example_dags/example_trigger_controller_dag.py took 0.130 seconds
[2025-12-08T14:20:16.736+0530] {processor.py:157} INFO - Started process (PID=11848) to work on /Users/ramesharra/airflow310/lib/python3.10/site-packages/airflow/example_dags/example_trigger_controller_dag.py
[2025-12-08T14:20:16.737+0530] {processor.py:829} INFO - Processing file /Users/ramesharra/airflow310/lib/python3.10/site-packages/airflow/example_dags/example_trigger_controller_dag.py for tasks to queue
[2025-12-08T14:20:16.738+0530] {logging_mixin.py:154} INFO - [2025-12-08T14:20:16.738+0530] {dagbag.py:536} INFO - Filling up the DagBag from /Users/ramesharra/airflow310/lib/python3.10/site-packages/airflow/example_dags/example_trigger_controller_dag.py
[2025-12-08T14:20:16.749+0530] {processor.py:839} INFO - DAG(s) dict_keys(['example_trigger_controller_dag']) retrieved from /Users/ramesharra/airflow310/lib/python3.10/site-packages/airflow/example_dags/example_trigger_controller_dag.py
[2025-12-08T14:20:16.828+0530] {logging_mixin.py:154} INFO - [2025-12-08T14:20:16.828+0530] {dag.py:2941} INFO - Sync 1 DAGs
[2025-12-08T14:20:16.838+0530] {logging_mixin.py:154} INFO - [2025-12-08T14:20:16.837+0530] {dag.py:3722} INFO - Setting next_dagrun for example_trigger_controller_dag to 2021-01-01T00:00:00+00:00, run_after=2021-01-01T00:00:00+00:00
[2025-12-08T14:20:16.845+0530] {processor.py:179} INFO - Processing /Users/ramesharra/airflow310/lib/python3.10/site-packages/airflow/example_dags/example_trigger_controller_dag.py took 0.110 seconds
[2025-12-08T14:21:42.484+0530] {processor.py:157} INFO - Started process (PID=11935) to work on /Users/ramesharra/airflow310/lib/python3.10/site-packages/airflow/example_dags/example_trigger_controller_dag.py
[2025-12-08T14:21:42.486+0530] {processor.py:829} INFO - Processing file /Users/ramesharra/airflow310/lib/python3.10/site-packages/airflow/example_dags/example_trigger_controller_dag.py for tasks to queue
[2025-12-08T14:21:42.487+0530] {logging_mixin.py:154} INFO - [2025-12-08T14:21:42.487+0530] {dagbag.py:536} INFO - Filling up the DagBag from /Users/ramesharra/airflow310/lib/python3.10/site-packages/airflow/example_dags/example_trigger_controller_dag.py
[2025-12-08T14:21:42.504+0530] {processor.py:839} INFO - DAG(s) dict_keys(['example_trigger_controller_dag']) retrieved from /Users/ramesharra/airflow310/lib/python3.10/site-packages/airflow/example_dags/example_trigger_controller_dag.py
[2025-12-08T14:21:42.596+0530] {logging_mixin.py:154} INFO - [2025-12-08T14:21:42.596+0530] {dag.py:2941} INFO - Sync 1 DAGs
[2025-12-08T14:21:42.606+0530] {logging_mixin.py:154} INFO - [2025-12-08T14:21:42.606+0530] {dag.py:3722} INFO - Setting next_dagrun for example_trigger_controller_dag to 2021-01-01T00:00:00+00:00, run_after=2021-01-01T00:00:00+00:00
[2025-12-08T14:21:42.616+0530] {processor.py:179} INFO - Processing /Users/ramesharra/airflow310/lib/python3.10/site-packages/airflow/example_dags/example_trigger_controller_dag.py took 0.132 seconds
[2025-12-08T14:22:45.339+0530] {processor.py:157} INFO - Started process (PID=12022) to work on /Users/ramesharra/airflow310/lib/python3.10/site-packages/airflow/example_dags/example_trigger_controller_dag.py
[2025-12-08T14:22:45.340+0530] {processor.py:829} INFO - Processing file /Users/ramesharra/airflow310/lib/python3.10/site-packages/airflow/example_dags/example_trigger_controller_dag.py for tasks to queue
[2025-12-08T14:22:45.341+0530] {logging_mixin.py:154} INFO - [2025-12-08T14:22:45.341+0530] {dagbag.py:536} INFO - Filling up the DagBag from /Users/ramesharra/airflow310/lib/python3.10/site-packages/airflow/example_dags/example_trigger_controller_dag.py
[2025-12-08T14:22:45.356+0530] {processor.py:839} INFO - DAG(s) dict_keys(['example_trigger_controller_dag']) retrieved from /Users/ramesharra/airflow310/lib/python3.10/site-packages/airflow/example_dags/example_trigger_controller_dag.py
[2025-12-08T14:22:45.446+0530] {logging_mixin.py:154} INFO - [2025-12-08T14:22:45.446+0530] {dag.py:2941} INFO - Sync 1 DAGs
[2025-12-08T14:22:45.456+0530] {logging_mixin.py:154} INFO - [2025-12-08T14:22:45.455+0530] {dag.py:3722} INFO - Setting next_dagrun for example_trigger_controller_dag to 2021-01-01T00:00:00+00:00, run_after=2021-01-01T00:00:00+00:00
[2025-12-08T14:22:45.466+0530] {processor.py:179} INFO - Processing /Users/ramesharra/airflow310/lib/python3.10/site-packages/airflow/example_dags/example_trigger_controller_dag.py took 0.128 seconds
[2025-12-08T14:23:50.787+0530] {processor.py:157} INFO - Started process (PID=12241) to work on /Users/ramesharra/airflow310/lib/python3.10/site-packages/airflow/example_dags/example_trigger_controller_dag.py
[2025-12-08T14:23:50.788+0530] {processor.py:829} INFO - Processing file /Users/ramesharra/airflow310/lib/python3.10/site-packages/airflow/example_dags/example_trigger_controller_dag.py for tasks to queue
[2025-12-08T14:23:50.789+0530] {logging_mixin.py:154} INFO - [2025-12-08T14:23:50.789+0530] {dagbag.py:536} INFO - Filling up the DagBag from /Users/ramesharra/airflow310/lib/python3.10/site-packages/airflow/example_dags/example_trigger_controller_dag.py
[2025-12-08T14:23:50.806+0530] {processor.py:839} INFO - DAG(s) dict_keys(['example_trigger_controller_dag']) retrieved from /Users/ramesharra/airflow310/lib/python3.10/site-packages/airflow/example_dags/example_trigger_controller_dag.py
[2025-12-08T14:23:50.902+0530] {logging_mixin.py:154} INFO - [2025-12-08T14:23:50.902+0530] {dag.py:2941} INFO - Sync 1 DAGs
[2025-12-08T14:23:50.912+0530] {logging_mixin.py:154} INFO - [2025-12-08T14:23:50.912+0530] {dag.py:3722} INFO - Setting next_dagrun for example_trigger_controller_dag to 2021-01-01T00:00:00+00:00, run_after=2021-01-01T00:00:00+00:00
[2025-12-08T14:23:50.923+0530] {processor.py:179} INFO - Processing /Users/ramesharra/airflow310/lib/python3.10/site-packages/airflow/example_dags/example_trigger_controller_dag.py took 0.137 seconds
[2025-12-08T14:24:52.464+0530] {processor.py:157} INFO - Started process (PID=12315) to work on /Users/ramesharra/airflow310/lib/python3.10/site-packages/airflow/example_dags/example_trigger_controller_dag.py
[2025-12-08T14:24:52.465+0530] {processor.py:829} INFO - Processing file /Users/ramesharra/airflow310/lib/python3.10/site-packages/airflow/example_dags/example_trigger_controller_dag.py for tasks to queue
[2025-12-08T14:24:52.466+0530] {logging_mixin.py:154} INFO - [2025-12-08T14:24:52.466+0530] {dagbag.py:536} INFO - Filling up the DagBag from /Users/ramesharra/airflow310/lib/python3.10/site-packages/airflow/example_dags/example_trigger_controller_dag.py
[2025-12-08T14:24:52.483+0530] {processor.py:839} INFO - DAG(s) dict_keys(['example_trigger_controller_dag']) retrieved from /Users/ramesharra/airflow310/lib/python3.10/site-packages/airflow/example_dags/example_trigger_controller_dag.py
[2025-12-08T14:24:52.586+0530] {logging_mixin.py:154} INFO - [2025-12-08T14:24:52.586+0530] {dag.py:2941} INFO - Sync 1 DAGs
[2025-12-08T14:24:52.596+0530] {logging_mixin.py:154} INFO - [2025-12-08T14:24:52.596+0530] {dag.py:3722} INFO - Setting next_dagrun for example_trigger_controller_dag to 2021-01-01T00:00:00+00:00, run_after=2021-01-01T00:00:00+00:00
[2025-12-08T14:24:52.608+0530] {processor.py:179} INFO - Processing /Users/ramesharra/airflow310/lib/python3.10/site-packages/airflow/example_dags/example_trigger_controller_dag.py took 0.145 seconds
[2025-12-08T14:26:06.121+0530] {processor.py:157} INFO - Started process (PID=12421) to work on /Users/ramesharra/airflow310/lib/python3.10/site-packages/airflow/example_dags/example_trigger_controller_dag.py
[2025-12-08T14:26:06.121+0530] {processor.py:829} INFO - Processing file /Users/ramesharra/airflow310/lib/python3.10/site-packages/airflow/example_dags/example_trigger_controller_dag.py for tasks to queue
[2025-12-08T14:26:06.123+0530] {logging_mixin.py:154} INFO - [2025-12-08T14:26:06.123+0530] {dagbag.py:536} INFO - Filling up the DagBag from /Users/ramesharra/airflow310/lib/python3.10/site-packages/airflow/example_dags/example_trigger_controller_dag.py
[2025-12-08T14:26:06.141+0530] {processor.py:839} INFO - DAG(s) dict_keys(['example_trigger_controller_dag']) retrieved from /Users/ramesharra/airflow310/lib/python3.10/site-packages/airflow/example_dags/example_trigger_controller_dag.py
[2025-12-08T14:26:06.239+0530] {logging_mixin.py:154} INFO - [2025-12-08T14:26:06.239+0530] {dag.py:2941} INFO - Sync 1 DAGs
[2025-12-08T14:26:06.249+0530] {logging_mixin.py:154} INFO - [2025-12-08T14:26:06.249+0530] {dag.py:3722} INFO - Setting next_dagrun for example_trigger_controller_dag to 2021-01-01T00:00:00+00:00, run_after=2021-01-01T00:00:00+00:00
[2025-12-08T14:26:06.261+0530] {processor.py:179} INFO - Processing /Users/ramesharra/airflow310/lib/python3.10/site-packages/airflow/example_dags/example_trigger_controller_dag.py took 0.140 seconds
[2025-12-08T14:27:40.833+0530] {processor.py:157} INFO - Started process (PID=12526) to work on /Users/ramesharra/airflow310/lib/python3.10/site-packages/airflow/example_dags/example_trigger_controller_dag.py
[2025-12-08T14:27:40.835+0530] {processor.py:829} INFO - Processing file /Users/ramesharra/airflow310/lib/python3.10/site-packages/airflow/example_dags/example_trigger_controller_dag.py for tasks to queue
[2025-12-08T14:27:40.836+0530] {logging_mixin.py:154} INFO - [2025-12-08T14:27:40.836+0530] {dagbag.py:536} INFO - Filling up the DagBag from /Users/ramesharra/airflow310/lib/python3.10/site-packages/airflow/example_dags/example_trigger_controller_dag.py
[2025-12-08T14:27:40.856+0530] {processor.py:839} INFO - DAG(s) dict_keys(['example_trigger_controller_dag']) retrieved from /Users/ramesharra/airflow310/lib/python3.10/site-packages/airflow/example_dags/example_trigger_controller_dag.py
[2025-12-08T14:27:40.952+0530] {logging_mixin.py:154} INFO - [2025-12-08T14:27:40.952+0530] {dag.py:2941} INFO - Sync 1 DAGs
[2025-12-08T14:27:40.962+0530] {logging_mixin.py:154} INFO - [2025-12-08T14:27:40.962+0530] {dag.py:3722} INFO - Setting next_dagrun for example_trigger_controller_dag to 2021-01-01T00:00:00+00:00, run_after=2021-01-01T00:00:00+00:00
[2025-12-08T14:27:40.973+0530] {processor.py:179} INFO - Processing /Users/ramesharra/airflow310/lib/python3.10/site-packages/airflow/example_dags/example_trigger_controller_dag.py took 0.140 seconds
[2025-12-08T14:29:01.343+0530] {processor.py:157} INFO - Started process (PID=12615) to work on /Users/ramesharra/airflow310/lib/python3.10/site-packages/airflow/example_dags/example_trigger_controller_dag.py
[2025-12-08T14:29:01.344+0530] {processor.py:829} INFO - Processing file /Users/ramesharra/airflow310/lib/python3.10/site-packages/airflow/example_dags/example_trigger_controller_dag.py for tasks to queue
[2025-12-08T14:29:01.345+0530] {logging_mixin.py:154} INFO - [2025-12-08T14:29:01.345+0530] {dagbag.py:536} INFO - Filling up the DagBag from /Users/ramesharra/airflow310/lib/python3.10/site-packages/airflow/example_dags/example_trigger_controller_dag.py
[2025-12-08T14:29:01.362+0530] {processor.py:839} INFO - DAG(s) dict_keys(['example_trigger_controller_dag']) retrieved from /Users/ramesharra/airflow310/lib/python3.10/site-packages/airflow/example_dags/example_trigger_controller_dag.py
[2025-12-08T14:29:01.460+0530] {logging_mixin.py:154} INFO - [2025-12-08T14:29:01.460+0530] {dag.py:2941} INFO - Sync 1 DAGs
[2025-12-08T14:29:01.471+0530] {logging_mixin.py:154} INFO - [2025-12-08T14:29:01.470+0530] {dag.py:3722} INFO - Setting next_dagrun for example_trigger_controller_dag to 2021-01-01T00:00:00+00:00, run_after=2021-01-01T00:00:00+00:00
[2025-12-08T14:29:01.480+0530] {processor.py:179} INFO - Processing /Users/ramesharra/airflow310/lib/python3.10/site-packages/airflow/example_dags/example_trigger_controller_dag.py took 0.138 seconds
[2025-12-08T14:30:31.346+0530] {processor.py:157} INFO - Started process (PID=12708) to work on /Users/ramesharra/airflow310/lib/python3.10/site-packages/airflow/example_dags/example_trigger_controller_dag.py
[2025-12-08T14:30:31.346+0530] {processor.py:829} INFO - Processing file /Users/ramesharra/airflow310/lib/python3.10/site-packages/airflow/example_dags/example_trigger_controller_dag.py for tasks to queue
[2025-12-08T14:30:31.348+0530] {logging_mixin.py:154} INFO - [2025-12-08T14:30:31.347+0530] {dagbag.py:536} INFO - Filling up the DagBag from /Users/ramesharra/airflow310/lib/python3.10/site-packages/airflow/example_dags/example_trigger_controller_dag.py
[2025-12-08T14:30:31.363+0530] {processor.py:839} INFO - DAG(s) dict_keys(['example_trigger_controller_dag']) retrieved from /Users/ramesharra/airflow310/lib/python3.10/site-packages/airflow/example_dags/example_trigger_controller_dag.py
[2025-12-08T14:30:31.456+0530] {logging_mixin.py:154} INFO - [2025-12-08T14:30:31.456+0530] {dag.py:2941} INFO - Sync 1 DAGs
[2025-12-08T14:30:31.466+0530] {logging_mixin.py:154} INFO - [2025-12-08T14:30:31.466+0530] {dag.py:3722} INFO - Setting next_dagrun for example_trigger_controller_dag to 2021-01-01T00:00:00+00:00, run_after=2021-01-01T00:00:00+00:00
[2025-12-08T14:30:31.476+0530] {processor.py:179} INFO - Processing /Users/ramesharra/airflow310/lib/python3.10/site-packages/airflow/example_dags/example_trigger_controller_dag.py took 0.131 seconds
[2025-12-08T14:31:33.953+0530] {processor.py:157} INFO - Started process (PID=12766) to work on /Users/ramesharra/airflow310/lib/python3.10/site-packages/airflow/example_dags/example_trigger_controller_dag.py
[2025-12-08T14:31:33.954+0530] {processor.py:829} INFO - Processing file /Users/ramesharra/airflow310/lib/python3.10/site-packages/airflow/example_dags/example_trigger_controller_dag.py for tasks to queue
[2025-12-08T14:31:33.955+0530] {logging_mixin.py:154} INFO - [2025-12-08T14:31:33.955+0530] {dagbag.py:536} INFO - Filling up the DagBag from /Users/ramesharra/airflow310/lib/python3.10/site-packages/airflow/example_dags/example_trigger_controller_dag.py
[2025-12-08T14:31:33.977+0530] {processor.py:839} INFO - DAG(s) dict_keys(['example_trigger_controller_dag']) retrieved from /Users/ramesharra/airflow310/lib/python3.10/site-packages/airflow/example_dags/example_trigger_controller_dag.py
[2025-12-08T14:31:34.088+0530] {logging_mixin.py:154} INFO - [2025-12-08T14:31:34.088+0530] {dag.py:2941} INFO - Sync 1 DAGs
[2025-12-08T14:31:34.102+0530] {logging_mixin.py:154} INFO - [2025-12-08T14:31:34.102+0530] {dag.py:3722} INFO - Setting next_dagrun for example_trigger_controller_dag to 2021-01-01T00:00:00+00:00, run_after=2021-01-01T00:00:00+00:00
[2025-12-08T14:31:34.113+0530] {processor.py:179} INFO - Processing /Users/ramesharra/airflow310/lib/python3.10/site-packages/airflow/example_dags/example_trigger_controller_dag.py took 0.160 seconds
[2025-12-08T14:32:36.630+0530] {processor.py:157} INFO - Started process (PID=12851) to work on /Users/ramesharra/airflow310/lib/python3.10/site-packages/airflow/example_dags/example_trigger_controller_dag.py
[2025-12-08T14:32:36.631+0530] {processor.py:829} INFO - Processing file /Users/ramesharra/airflow310/lib/python3.10/site-packages/airflow/example_dags/example_trigger_controller_dag.py for tasks to queue
[2025-12-08T14:32:36.632+0530] {logging_mixin.py:154} INFO - [2025-12-08T14:32:36.632+0530] {dagbag.py:536} INFO - Filling up the DagBag from /Users/ramesharra/airflow310/lib/python3.10/site-packages/airflow/example_dags/example_trigger_controller_dag.py
[2025-12-08T14:32:36.649+0530] {processor.py:839} INFO - DAG(s) dict_keys(['example_trigger_controller_dag']) retrieved from /Users/ramesharra/airflow310/lib/python3.10/site-packages/airflow/example_dags/example_trigger_controller_dag.py
[2025-12-08T14:32:36.750+0530] {logging_mixin.py:154} INFO - [2025-12-08T14:32:36.750+0530] {dag.py:2941} INFO - Sync 1 DAGs
[2025-12-08T14:32:36.761+0530] {logging_mixin.py:154} INFO - [2025-12-08T14:32:36.760+0530] {dag.py:3722} INFO - Setting next_dagrun for example_trigger_controller_dag to 2021-01-01T00:00:00+00:00, run_after=2021-01-01T00:00:00+00:00
[2025-12-08T14:32:36.771+0530] {processor.py:179} INFO - Processing /Users/ramesharra/airflow310/lib/python3.10/site-packages/airflow/example_dags/example_trigger_controller_dag.py took 0.142 seconds
[2025-12-08T14:33:37.732+0530] {processor.py:157} INFO - Started process (PID=12922) to work on /Users/ramesharra/airflow310/lib/python3.10/site-packages/airflow/example_dags/example_trigger_controller_dag.py
[2025-12-08T14:33:37.733+0530] {processor.py:829} INFO - Processing file /Users/ramesharra/airflow310/lib/python3.10/site-packages/airflow/example_dags/example_trigger_controller_dag.py for tasks to queue
[2025-12-08T14:33:37.734+0530] {logging_mixin.py:154} INFO - [2025-12-08T14:33:37.734+0530] {dagbag.py:536} INFO - Filling up the DagBag from /Users/ramesharra/airflow310/lib/python3.10/site-packages/airflow/example_dags/example_trigger_controller_dag.py
[2025-12-08T14:33:37.751+0530] {processor.py:839} INFO - DAG(s) dict_keys(['example_trigger_controller_dag']) retrieved from /Users/ramesharra/airflow310/lib/python3.10/site-packages/airflow/example_dags/example_trigger_controller_dag.py
[2025-12-08T14:33:37.847+0530] {logging_mixin.py:154} INFO - [2025-12-08T14:33:37.847+0530] {dag.py:2941} INFO - Sync 1 DAGs
[2025-12-08T14:33:37.858+0530] {logging_mixin.py:154} INFO - [2025-12-08T14:33:37.857+0530] {dag.py:3722} INFO - Setting next_dagrun for example_trigger_controller_dag to 2021-01-01T00:00:00+00:00, run_after=2021-01-01T00:00:00+00:00
[2025-12-08T14:33:37.869+0530] {processor.py:179} INFO - Processing /Users/ramesharra/airflow310/lib/python3.10/site-packages/airflow/example_dags/example_trigger_controller_dag.py took 0.138 seconds
[2025-12-08T14:34:40.842+0530] {processor.py:157} INFO - Started process (PID=12994) to work on /Users/ramesharra/airflow310/lib/python3.10/site-packages/airflow/example_dags/example_trigger_controller_dag.py
[2025-12-08T14:34:40.843+0530] {processor.py:829} INFO - Processing file /Users/ramesharra/airflow310/lib/python3.10/site-packages/airflow/example_dags/example_trigger_controller_dag.py for tasks to queue
[2025-12-08T14:34:40.844+0530] {logging_mixin.py:154} INFO - [2025-12-08T14:34:40.844+0530] {dagbag.py:536} INFO - Filling up the DagBag from /Users/ramesharra/airflow310/lib/python3.10/site-packages/airflow/example_dags/example_trigger_controller_dag.py
[2025-12-08T14:34:40.861+0530] {processor.py:839} INFO - DAG(s) dict_keys(['example_trigger_controller_dag']) retrieved from /Users/ramesharra/airflow310/lib/python3.10/site-packages/airflow/example_dags/example_trigger_controller_dag.py
[2025-12-08T14:34:40.958+0530] {logging_mixin.py:154} INFO - [2025-12-08T14:34:40.958+0530] {dag.py:2941} INFO - Sync 1 DAGs
[2025-12-08T14:34:40.968+0530] {logging_mixin.py:154} INFO - [2025-12-08T14:34:40.968+0530] {dag.py:3722} INFO - Setting next_dagrun for example_trigger_controller_dag to 2021-01-01T00:00:00+00:00, run_after=2021-01-01T00:00:00+00:00
[2025-12-08T14:34:40.978+0530] {processor.py:179} INFO - Processing /Users/ramesharra/airflow310/lib/python3.10/site-packages/airflow/example_dags/example_trigger_controller_dag.py took 0.137 seconds
[2025-12-08T14:35:44.452+0530] {processor.py:157} INFO - Started process (PID=13067) to work on /Users/ramesharra/airflow310/lib/python3.10/site-packages/airflow/example_dags/example_trigger_controller_dag.py
[2025-12-08T14:35:44.453+0530] {processor.py:829} INFO - Processing file /Users/ramesharra/airflow310/lib/python3.10/site-packages/airflow/example_dags/example_trigger_controller_dag.py for tasks to queue
[2025-12-08T14:35:44.454+0530] {logging_mixin.py:154} INFO - [2025-12-08T14:35:44.454+0530] {dagbag.py:536} INFO - Filling up the DagBag from /Users/ramesharra/airflow310/lib/python3.10/site-packages/airflow/example_dags/example_trigger_controller_dag.py
[2025-12-08T14:35:44.473+0530] {processor.py:839} INFO - DAG(s) dict_keys(['example_trigger_controller_dag']) retrieved from /Users/ramesharra/airflow310/lib/python3.10/site-packages/airflow/example_dags/example_trigger_controller_dag.py
[2025-12-08T14:35:44.580+0530] {logging_mixin.py:154} INFO - [2025-12-08T14:35:44.580+0530] {dag.py:2941} INFO - Sync 1 DAGs
[2025-12-08T14:35:44.590+0530] {logging_mixin.py:154} INFO - [2025-12-08T14:35:44.590+0530] {dag.py:3722} INFO - Setting next_dagrun for example_trigger_controller_dag to 2021-01-01T00:00:00+00:00, run_after=2021-01-01T00:00:00+00:00
[2025-12-08T14:35:44.601+0530] {processor.py:179} INFO - Processing /Users/ramesharra/airflow310/lib/python3.10/site-packages/airflow/example_dags/example_trigger_controller_dag.py took 0.150 seconds
[2025-12-08T14:36:49.724+0530] {processor.py:157} INFO - Started process (PID=13137) to work on /Users/ramesharra/airflow310/lib/python3.10/site-packages/airflow/example_dags/example_trigger_controller_dag.py
[2025-12-08T14:36:49.725+0530] {processor.py:829} INFO - Processing file /Users/ramesharra/airflow310/lib/python3.10/site-packages/airflow/example_dags/example_trigger_controller_dag.py for tasks to queue
[2025-12-08T14:36:49.726+0530] {logging_mixin.py:154} INFO - [2025-12-08T14:36:49.726+0530] {dagbag.py:536} INFO - Filling up the DagBag from /Users/ramesharra/airflow310/lib/python3.10/site-packages/airflow/example_dags/example_trigger_controller_dag.py
[2025-12-08T14:36:49.743+0530] {processor.py:839} INFO - DAG(s) dict_keys(['example_trigger_controller_dag']) retrieved from /Users/ramesharra/airflow310/lib/python3.10/site-packages/airflow/example_dags/example_trigger_controller_dag.py
[2025-12-08T14:36:49.840+0530] {logging_mixin.py:154} INFO - [2025-12-08T14:36:49.839+0530] {dag.py:2941} INFO - Sync 1 DAGs
[2025-12-08T14:36:49.850+0530] {logging_mixin.py:154} INFO - [2025-12-08T14:36:49.850+0530] {dag.py:3722} INFO - Setting next_dagrun for example_trigger_controller_dag to 2021-01-01T00:00:00+00:00, run_after=2021-01-01T00:00:00+00:00
[2025-12-08T14:36:49.860+0530] {processor.py:179} INFO - Processing /Users/ramesharra/airflow310/lib/python3.10/site-packages/airflow/example_dags/example_trigger_controller_dag.py took 0.137 seconds
[2025-12-08T14:37:56.356+0530] {processor.py:157} INFO - Started process (PID=13208) to work on /Users/ramesharra/airflow310/lib/python3.10/site-packages/airflow/example_dags/example_trigger_controller_dag.py
[2025-12-08T14:37:56.357+0530] {processor.py:829} INFO - Processing file /Users/ramesharra/airflow310/lib/python3.10/site-packages/airflow/example_dags/example_trigger_controller_dag.py for tasks to queue
[2025-12-08T14:37:56.359+0530] {logging_mixin.py:154} INFO - [2025-12-08T14:37:56.359+0530] {dagbag.py:536} INFO - Filling up the DagBag from /Users/ramesharra/airflow310/lib/python3.10/site-packages/airflow/example_dags/example_trigger_controller_dag.py
[2025-12-08T14:37:56.377+0530] {processor.py:839} INFO - DAG(s) dict_keys(['example_trigger_controller_dag']) retrieved from /Users/ramesharra/airflow310/lib/python3.10/site-packages/airflow/example_dags/example_trigger_controller_dag.py
[2025-12-08T14:37:56.488+0530] {logging_mixin.py:154} INFO - [2025-12-08T14:37:56.488+0530] {dag.py:2941} INFO - Sync 1 DAGs
[2025-12-08T14:37:56.499+0530] {logging_mixin.py:154} INFO - [2025-12-08T14:37:56.499+0530] {dag.py:3722} INFO - Setting next_dagrun for example_trigger_controller_dag to 2021-01-01T00:00:00+00:00, run_after=2021-01-01T00:00:00+00:00
[2025-12-08T14:37:56.511+0530] {processor.py:179} INFO - Processing /Users/ramesharra/airflow310/lib/python3.10/site-packages/airflow/example_dags/example_trigger_controller_dag.py took 0.156 seconds
[2025-12-08T14:39:04.084+0530] {processor.py:157} INFO - Started process (PID=13296) to work on /Users/ramesharra/airflow310/lib/python3.10/site-packages/airflow/example_dags/example_trigger_controller_dag.py
[2025-12-08T14:39:04.086+0530] {processor.py:829} INFO - Processing file /Users/ramesharra/airflow310/lib/python3.10/site-packages/airflow/example_dags/example_trigger_controller_dag.py for tasks to queue
[2025-12-08T14:39:04.087+0530] {logging_mixin.py:154} INFO - [2025-12-08T14:39:04.087+0530] {dagbag.py:536} INFO - Filling up the DagBag from /Users/ramesharra/airflow310/lib/python3.10/site-packages/airflow/example_dags/example_trigger_controller_dag.py
[2025-12-08T14:39:04.104+0530] {processor.py:839} INFO - DAG(s) dict_keys(['example_trigger_controller_dag']) retrieved from /Users/ramesharra/airflow310/lib/python3.10/site-packages/airflow/example_dags/example_trigger_controller_dag.py
[2025-12-08T14:39:04.200+0530] {logging_mixin.py:154} INFO - [2025-12-08T14:39:04.200+0530] {dag.py:2941} INFO - Sync 1 DAGs
[2025-12-08T14:39:04.210+0530] {logging_mixin.py:154} INFO - [2025-12-08T14:39:04.210+0530] {dag.py:3722} INFO - Setting next_dagrun for example_trigger_controller_dag to 2021-01-01T00:00:00+00:00, run_after=2021-01-01T00:00:00+00:00
[2025-12-08T14:39:04.220+0530] {processor.py:179} INFO - Processing /Users/ramesharra/airflow310/lib/python3.10/site-packages/airflow/example_dags/example_trigger_controller_dag.py took 0.136 seconds
[2025-12-08T14:40:10.240+0530] {processor.py:157} INFO - Started process (PID=13367) to work on /Users/ramesharra/airflow310/lib/python3.10/site-packages/airflow/example_dags/example_trigger_controller_dag.py
[2025-12-08T14:40:10.241+0530] {processor.py:829} INFO - Processing file /Users/ramesharra/airflow310/lib/python3.10/site-packages/airflow/example_dags/example_trigger_controller_dag.py for tasks to queue
[2025-12-08T14:40:10.242+0530] {logging_mixin.py:154} INFO - [2025-12-08T14:40:10.242+0530] {dagbag.py:536} INFO - Filling up the DagBag from /Users/ramesharra/airflow310/lib/python3.10/site-packages/airflow/example_dags/example_trigger_controller_dag.py
[2025-12-08T14:40:10.260+0530] {processor.py:839} INFO - DAG(s) dict_keys(['example_trigger_controller_dag']) retrieved from /Users/ramesharra/airflow310/lib/python3.10/site-packages/airflow/example_dags/example_trigger_controller_dag.py
[2025-12-08T14:40:10.363+0530] {logging_mixin.py:154} INFO - [2025-12-08T14:40:10.363+0530] {dag.py:2941} INFO - Sync 1 DAGs
[2025-12-08T14:40:10.375+0530] {logging_mixin.py:154} INFO - [2025-12-08T14:40:10.375+0530] {dag.py:3722} INFO - Setting next_dagrun for example_trigger_controller_dag to 2021-01-01T00:00:00+00:00, run_after=2021-01-01T00:00:00+00:00
[2025-12-08T14:40:10.386+0530] {processor.py:179} INFO - Processing /Users/ramesharra/airflow310/lib/python3.10/site-packages/airflow/example_dags/example_trigger_controller_dag.py took 0.146 seconds
[2025-12-08T14:41:15.671+0530] {processor.py:157} INFO - Started process (PID=13446) to work on /Users/ramesharra/airflow310/lib/python3.10/site-packages/airflow/example_dags/example_trigger_controller_dag.py
[2025-12-08T14:41:15.671+0530] {processor.py:829} INFO - Processing file /Users/ramesharra/airflow310/lib/python3.10/site-packages/airflow/example_dags/example_trigger_controller_dag.py for tasks to queue
[2025-12-08T14:41:15.673+0530] {logging_mixin.py:154} INFO - [2025-12-08T14:41:15.673+0530] {dagbag.py:536} INFO - Filling up the DagBag from /Users/ramesharra/airflow310/lib/python3.10/site-packages/airflow/example_dags/example_trigger_controller_dag.py
[2025-12-08T14:41:15.690+0530] {processor.py:839} INFO - DAG(s) dict_keys(['example_trigger_controller_dag']) retrieved from /Users/ramesharra/airflow310/lib/python3.10/site-packages/airflow/example_dags/example_trigger_controller_dag.py
[2025-12-08T14:41:15.802+0530] {logging_mixin.py:154} INFO - [2025-12-08T14:41:15.802+0530] {dag.py:2941} INFO - Sync 1 DAGs
[2025-12-08T14:41:15.812+0530] {logging_mixin.py:154} INFO - [2025-12-08T14:41:15.812+0530] {dag.py:3722} INFO - Setting next_dagrun for example_trigger_controller_dag to 2021-01-01T00:00:00+00:00, run_after=2021-01-01T00:00:00+00:00
[2025-12-08T14:41:15.824+0530] {processor.py:179} INFO - Processing /Users/ramesharra/airflow310/lib/python3.10/site-packages/airflow/example_dags/example_trigger_controller_dag.py took 0.154 seconds
[2025-12-08T14:42:22.595+0530] {processor.py:157} INFO - Started process (PID=13523) to work on /Users/ramesharra/airflow310/lib/python3.10/site-packages/airflow/example_dags/example_trigger_controller_dag.py
[2025-12-08T14:42:22.596+0530] {processor.py:829} INFO - Processing file /Users/ramesharra/airflow310/lib/python3.10/site-packages/airflow/example_dags/example_trigger_controller_dag.py for tasks to queue
[2025-12-08T14:42:22.597+0530] {logging_mixin.py:154} INFO - [2025-12-08T14:42:22.597+0530] {dagbag.py:536} INFO - Filling up the DagBag from /Users/ramesharra/airflow310/lib/python3.10/site-packages/airflow/example_dags/example_trigger_controller_dag.py
[2025-12-08T14:42:22.616+0530] {processor.py:839} INFO - DAG(s) dict_keys(['example_trigger_controller_dag']) retrieved from /Users/ramesharra/airflow310/lib/python3.10/site-packages/airflow/example_dags/example_trigger_controller_dag.py
[2025-12-08T14:42:22.716+0530] {logging_mixin.py:154} INFO - [2025-12-08T14:42:22.716+0530] {dag.py:2941} INFO - Sync 1 DAGs
[2025-12-08T14:42:22.726+0530] {logging_mixin.py:154} INFO - [2025-12-08T14:42:22.726+0530] {dag.py:3722} INFO - Setting next_dagrun for example_trigger_controller_dag to 2021-01-01T00:00:00+00:00, run_after=2021-01-01T00:00:00+00:00
[2025-12-08T14:42:22.737+0530] {processor.py:179} INFO - Processing /Users/ramesharra/airflow310/lib/python3.10/site-packages/airflow/example_dags/example_trigger_controller_dag.py took 0.143 seconds
[2025-12-08T14:43:26.410+0530] {processor.py:157} INFO - Started process (PID=13592) to work on /Users/ramesharra/airflow310/lib/python3.10/site-packages/airflow/example_dags/example_trigger_controller_dag.py
[2025-12-08T14:43:26.410+0530] {processor.py:829} INFO - Processing file /Users/ramesharra/airflow310/lib/python3.10/site-packages/airflow/example_dags/example_trigger_controller_dag.py for tasks to queue
[2025-12-08T14:43:26.412+0530] {logging_mixin.py:154} INFO - [2025-12-08T14:43:26.411+0530] {dagbag.py:536} INFO - Filling up the DagBag from /Users/ramesharra/airflow310/lib/python3.10/site-packages/airflow/example_dags/example_trigger_controller_dag.py
[2025-12-08T14:43:26.429+0530] {processor.py:839} INFO - DAG(s) dict_keys(['example_trigger_controller_dag']) retrieved from /Users/ramesharra/airflow310/lib/python3.10/site-packages/airflow/example_dags/example_trigger_controller_dag.py
[2025-12-08T14:43:26.526+0530] {logging_mixin.py:154} INFO - [2025-12-08T14:43:26.526+0530] {dag.py:2941} INFO - Sync 1 DAGs
[2025-12-08T14:43:26.536+0530] {logging_mixin.py:154} INFO - [2025-12-08T14:43:26.536+0530] {dag.py:3722} INFO - Setting next_dagrun for example_trigger_controller_dag to 2021-01-01T00:00:00+00:00, run_after=2021-01-01T00:00:00+00:00
[2025-12-08T14:43:26.547+0530] {processor.py:179} INFO - Processing /Users/ramesharra/airflow310/lib/python3.10/site-packages/airflow/example_dags/example_trigger_controller_dag.py took 0.138 seconds
[2025-12-08T14:44:31.408+0530] {processor.py:157} INFO - Started process (PID=13660) to work on /Users/ramesharra/airflow310/lib/python3.10/site-packages/airflow/example_dags/example_trigger_controller_dag.py
[2025-12-08T14:44:31.409+0530] {processor.py:829} INFO - Processing file /Users/ramesharra/airflow310/lib/python3.10/site-packages/airflow/example_dags/example_trigger_controller_dag.py for tasks to queue
[2025-12-08T14:44:31.410+0530] {logging_mixin.py:154} INFO - [2025-12-08T14:44:31.410+0530] {dagbag.py:536} INFO - Filling up the DagBag from /Users/ramesharra/airflow310/lib/python3.10/site-packages/airflow/example_dags/example_trigger_controller_dag.py
[2025-12-08T14:44:31.427+0530] {processor.py:839} INFO - DAG(s) dict_keys(['example_trigger_controller_dag']) retrieved from /Users/ramesharra/airflow310/lib/python3.10/site-packages/airflow/example_dags/example_trigger_controller_dag.py
[2025-12-08T14:44:31.522+0530] {logging_mixin.py:154} INFO - [2025-12-08T14:44:31.522+0530] {dag.py:2941} INFO - Sync 1 DAGs
[2025-12-08T14:44:31.533+0530] {logging_mixin.py:154} INFO - [2025-12-08T14:44:31.533+0530] {dag.py:3722} INFO - Setting next_dagrun for example_trigger_controller_dag to 2021-01-01T00:00:00+00:00, run_after=2021-01-01T00:00:00+00:00
[2025-12-08T14:44:31.546+0530] {processor.py:179} INFO - Processing /Users/ramesharra/airflow310/lib/python3.10/site-packages/airflow/example_dags/example_trigger_controller_dag.py took 0.138 seconds
[2025-12-08T14:45:35.351+0530] {processor.py:157} INFO - Started process (PID=13732) to work on /Users/ramesharra/airflow310/lib/python3.10/site-packages/airflow/example_dags/example_trigger_controller_dag.py
[2025-12-08T14:45:35.351+0530] {processor.py:829} INFO - Processing file /Users/ramesharra/airflow310/lib/python3.10/site-packages/airflow/example_dags/example_trigger_controller_dag.py for tasks to queue
[2025-12-08T14:45:35.353+0530] {logging_mixin.py:154} INFO - [2025-12-08T14:45:35.353+0530] {dagbag.py:536} INFO - Filling up the DagBag from /Users/ramesharra/airflow310/lib/python3.10/site-packages/airflow/example_dags/example_trigger_controller_dag.py
[2025-12-08T14:45:35.370+0530] {processor.py:839} INFO - DAG(s) dict_keys(['example_trigger_controller_dag']) retrieved from /Users/ramesharra/airflow310/lib/python3.10/site-packages/airflow/example_dags/example_trigger_controller_dag.py
[2025-12-08T14:45:35.470+0530] {logging_mixin.py:154} INFO - [2025-12-08T14:45:35.470+0530] {dag.py:2941} INFO - Sync 1 DAGs
[2025-12-08T14:45:35.480+0530] {logging_mixin.py:154} INFO - [2025-12-08T14:45:35.480+0530] {dag.py:3722} INFO - Setting next_dagrun for example_trigger_controller_dag to 2021-01-01T00:00:00+00:00, run_after=2021-01-01T00:00:00+00:00
[2025-12-08T14:45:35.491+0530] {processor.py:179} INFO - Processing /Users/ramesharra/airflow310/lib/python3.10/site-packages/airflow/example_dags/example_trigger_controller_dag.py took 0.141 seconds
[2025-12-08T14:46:38.073+0530] {processor.py:157} INFO - Started process (PID=13800) to work on /Users/ramesharra/airflow310/lib/python3.10/site-packages/airflow/example_dags/example_trigger_controller_dag.py
[2025-12-08T14:46:38.075+0530] {processor.py:829} INFO - Processing file /Users/ramesharra/airflow310/lib/python3.10/site-packages/airflow/example_dags/example_trigger_controller_dag.py for tasks to queue
[2025-12-08T14:46:38.076+0530] {logging_mixin.py:154} INFO - [2025-12-08T14:46:38.076+0530] {dagbag.py:536} INFO - Filling up the DagBag from /Users/ramesharra/airflow310/lib/python3.10/site-packages/airflow/example_dags/example_trigger_controller_dag.py
[2025-12-08T14:46:38.094+0530] {processor.py:839} INFO - DAG(s) dict_keys(['example_trigger_controller_dag']) retrieved from /Users/ramesharra/airflow310/lib/python3.10/site-packages/airflow/example_dags/example_trigger_controller_dag.py
[2025-12-08T14:46:38.197+0530] {logging_mixin.py:154} INFO - [2025-12-08T14:46:38.196+0530] {dag.py:2941} INFO - Sync 1 DAGs
[2025-12-08T14:46:38.207+0530] {logging_mixin.py:154} INFO - [2025-12-08T14:46:38.207+0530] {dag.py:3722} INFO - Setting next_dagrun for example_trigger_controller_dag to 2021-01-01T00:00:00+00:00, run_after=2021-01-01T00:00:00+00:00
[2025-12-08T14:46:38.218+0530] {processor.py:179} INFO - Processing /Users/ramesharra/airflow310/lib/python3.10/site-packages/airflow/example_dags/example_trigger_controller_dag.py took 0.146 seconds
[2025-12-08T14:47:45.860+0530] {processor.py:157} INFO - Started process (PID=13886) to work on /Users/ramesharra/airflow310/lib/python3.10/site-packages/airflow/example_dags/example_trigger_controller_dag.py
[2025-12-08T14:47:45.861+0530] {processor.py:829} INFO - Processing file /Users/ramesharra/airflow310/lib/python3.10/site-packages/airflow/example_dags/example_trigger_controller_dag.py for tasks to queue
[2025-12-08T14:47:45.862+0530] {logging_mixin.py:154} INFO - [2025-12-08T14:47:45.862+0530] {dagbag.py:536} INFO - Filling up the DagBag from /Users/ramesharra/airflow310/lib/python3.10/site-packages/airflow/example_dags/example_trigger_controller_dag.py
[2025-12-08T14:47:45.879+0530] {processor.py:839} INFO - DAG(s) dict_keys(['example_trigger_controller_dag']) retrieved from /Users/ramesharra/airflow310/lib/python3.10/site-packages/airflow/example_dags/example_trigger_controller_dag.py
[2025-12-08T14:47:45.983+0530] {logging_mixin.py:154} INFO - [2025-12-08T14:47:45.983+0530] {dag.py:2941} INFO - Sync 1 DAGs
[2025-12-08T14:47:45.994+0530] {logging_mixin.py:154} INFO - [2025-12-08T14:47:45.994+0530] {dag.py:3722} INFO - Setting next_dagrun for example_trigger_controller_dag to 2021-01-01T00:00:00+00:00, run_after=2021-01-01T00:00:00+00:00
[2025-12-08T14:47:46.005+0530] {processor.py:179} INFO - Processing /Users/ramesharra/airflow310/lib/python3.10/site-packages/airflow/example_dags/example_trigger_controller_dag.py took 0.145 seconds
[2025-12-08T14:48:53.459+0530] {processor.py:157} INFO - Started process (PID=13969) to work on /Users/ramesharra/airflow310/lib/python3.10/site-packages/airflow/example_dags/example_trigger_controller_dag.py
[2025-12-08T14:48:53.460+0530] {processor.py:829} INFO - Processing file /Users/ramesharra/airflow310/lib/python3.10/site-packages/airflow/example_dags/example_trigger_controller_dag.py for tasks to queue
[2025-12-08T14:48:53.462+0530] {logging_mixin.py:154} INFO - [2025-12-08T14:48:53.462+0530] {dagbag.py:536} INFO - Filling up the DagBag from /Users/ramesharra/airflow310/lib/python3.10/site-packages/airflow/example_dags/example_trigger_controller_dag.py
[2025-12-08T14:48:53.480+0530] {processor.py:839} INFO - DAG(s) dict_keys(['example_trigger_controller_dag']) retrieved from /Users/ramesharra/airflow310/lib/python3.10/site-packages/airflow/example_dags/example_trigger_controller_dag.py
[2025-12-08T14:48:53.579+0530] {logging_mixin.py:154} INFO - [2025-12-08T14:48:53.579+0530] {dag.py:2941} INFO - Sync 1 DAGs
[2025-12-08T14:48:53.589+0530] {logging_mixin.py:154} INFO - [2025-12-08T14:48:53.589+0530] {dag.py:3722} INFO - Setting next_dagrun for example_trigger_controller_dag to 2021-01-01T00:00:00+00:00, run_after=2021-01-01T00:00:00+00:00
[2025-12-08T14:48:53.599+0530] {processor.py:179} INFO - Processing /Users/ramesharra/airflow310/lib/python3.10/site-packages/airflow/example_dags/example_trigger_controller_dag.py took 0.141 seconds
[2025-12-08T14:50:00.868+0530] {processor.py:157} INFO - Started process (PID=14036) to work on /Users/ramesharra/airflow310/lib/python3.10/site-packages/airflow/example_dags/example_trigger_controller_dag.py
[2025-12-08T14:50:00.870+0530] {processor.py:829} INFO - Processing file /Users/ramesharra/airflow310/lib/python3.10/site-packages/airflow/example_dags/example_trigger_controller_dag.py for tasks to queue
[2025-12-08T14:50:00.871+0530] {logging_mixin.py:154} INFO - [2025-12-08T14:50:00.871+0530] {dagbag.py:536} INFO - Filling up the DagBag from /Users/ramesharra/airflow310/lib/python3.10/site-packages/airflow/example_dags/example_trigger_controller_dag.py
[2025-12-08T14:50:00.888+0530] {processor.py:839} INFO - DAG(s) dict_keys(['example_trigger_controller_dag']) retrieved from /Users/ramesharra/airflow310/lib/python3.10/site-packages/airflow/example_dags/example_trigger_controller_dag.py
[2025-12-08T14:50:00.998+0530] {logging_mixin.py:154} INFO - [2025-12-08T14:50:00.997+0530] {dag.py:2941} INFO - Sync 1 DAGs
[2025-12-08T14:50:01.010+0530] {logging_mixin.py:154} INFO - [2025-12-08T14:50:01.010+0530] {dag.py:3722} INFO - Setting next_dagrun for example_trigger_controller_dag to 2021-01-01T00:00:00+00:00, run_after=2021-01-01T00:00:00+00:00
[2025-12-08T14:50:01.021+0530] {processor.py:179} INFO - Processing /Users/ramesharra/airflow310/lib/python3.10/site-packages/airflow/example_dags/example_trigger_controller_dag.py took 0.154 seconds
[2025-12-08T14:51:06.844+0530] {processor.py:157} INFO - Started process (PID=14112) to work on /Users/ramesharra/airflow310/lib/python3.10/site-packages/airflow/example_dags/example_trigger_controller_dag.py
[2025-12-08T14:51:06.845+0530] {processor.py:829} INFO - Processing file /Users/ramesharra/airflow310/lib/python3.10/site-packages/airflow/example_dags/example_trigger_controller_dag.py for tasks to queue
[2025-12-08T14:51:06.846+0530] {logging_mixin.py:154} INFO - [2025-12-08T14:51:06.846+0530] {dagbag.py:536} INFO - Filling up the DagBag from /Users/ramesharra/airflow310/lib/python3.10/site-packages/airflow/example_dags/example_trigger_controller_dag.py
[2025-12-08T14:51:06.863+0530] {processor.py:839} INFO - DAG(s) dict_keys(['example_trigger_controller_dag']) retrieved from /Users/ramesharra/airflow310/lib/python3.10/site-packages/airflow/example_dags/example_trigger_controller_dag.py
[2025-12-08T14:51:06.961+0530] {logging_mixin.py:154} INFO - [2025-12-08T14:51:06.961+0530] {dag.py:2941} INFO - Sync 1 DAGs
[2025-12-08T14:51:06.972+0530] {logging_mixin.py:154} INFO - [2025-12-08T14:51:06.972+0530] {dag.py:3722} INFO - Setting next_dagrun for example_trigger_controller_dag to 2021-01-01T00:00:00+00:00, run_after=2021-01-01T00:00:00+00:00
[2025-12-08T14:51:06.983+0530] {processor.py:179} INFO - Processing /Users/ramesharra/airflow310/lib/python3.10/site-packages/airflow/example_dags/example_trigger_controller_dag.py took 0.139 seconds
