[2025-12-08T14:16:28.718+0530] {processor.py:157} INFO - Started process (PID=11640) to work on /Users/ramesharra/airflow310/lib/python3.10/site-packages/airflow/example_dags/example_branch_labels.py
[2025-12-08T14:16:28.719+0530] {processor.py:829} INFO - Processing file /Users/ramesharra/airflow310/lib/python3.10/site-packages/airflow/example_dags/example_branch_labels.py for tasks to queue
[2025-12-08T14:16:28.720+0530] {logging_mixin.py:154} INFO - [2025-12-08T14:16:28.720+0530] {dagbag.py:536} INFO - Filling up the DagBag from /Users/ramesharra/airflow310/lib/python3.10/site-packages/airflow/example_dags/example_branch_labels.py
[2025-12-08T14:16:28.734+0530] {processor.py:839} INFO - DAG(s) dict_keys(['example_branch_labels']) retrieved from /Users/ramesharra/airflow310/lib/python3.10/site-packages/airflow/example_dags/example_branch_labels.py
[2025-12-08T14:16:29.040+0530] {logging_mixin.py:154} INFO - [2025-12-08T14:16:29.040+0530] {manager.py:499} INFO - Created Permission View: %s
[2025-12-08T14:16:29.044+0530] {logging_mixin.py:154} INFO - [2025-12-08T14:16:29.044+0530] {manager.py:499} INFO - Created Permission View: %s
[2025-12-08T14:16:29.047+0530] {logging_mixin.py:154} INFO - [2025-12-08T14:16:29.047+0530] {manager.py:499} INFO - Created Permission View: %s
[2025-12-08T14:16:29.048+0530] {logging_mixin.py:154} INFO - [2025-12-08T14:16:29.047+0530] {dag.py:2941} INFO - Sync 1 DAGs
[2025-12-08T14:16:29.053+0530] {logging_mixin.py:154} INFO - [2025-12-08T14:16:29.053+0530] {dag.py:2963} INFO - Creating ORM DAG for example_branch_labels
[2025-12-08T14:16:29.058+0530] {logging_mixin.py:154} INFO - [2025-12-08T14:16:29.058+0530] {dag.py:3722} INFO - Setting next_dagrun for example_branch_labels to 2025-12-07T00:00:00+00:00, run_after=2025-12-08T00:00:00+00:00
[2025-12-08T14:16:29.066+0530] {processor.py:179} INFO - Processing /Users/ramesharra/airflow310/lib/python3.10/site-packages/airflow/example_dags/example_branch_labels.py took 0.348 seconds
[2025-12-08T14:21:13.181+0530] {processor.py:157} INFO - Started process (PID=11909) to work on /Users/ramesharra/airflow310/lib/python3.10/site-packages/airflow/example_dags/example_branch_labels.py
[2025-12-08T14:21:13.182+0530] {processor.py:829} INFO - Processing file /Users/ramesharra/airflow310/lib/python3.10/site-packages/airflow/example_dags/example_branch_labels.py for tasks to queue
[2025-12-08T14:21:13.183+0530] {logging_mixin.py:154} INFO - [2025-12-08T14:21:13.183+0530] {dagbag.py:536} INFO - Filling up the DagBag from /Users/ramesharra/airflow310/lib/python3.10/site-packages/airflow/example_dags/example_branch_labels.py
[2025-12-08T14:21:13.204+0530] {processor.py:839} INFO - DAG(s) dict_keys(['example_branch_labels']) retrieved from /Users/ramesharra/airflow310/lib/python3.10/site-packages/airflow/example_dags/example_branch_labels.py
[2025-12-08T14:21:13.309+0530] {logging_mixin.py:154} INFO - [2025-12-08T14:21:13.309+0530] {dag.py:2941} INFO - Sync 1 DAGs
[2025-12-08T14:21:13.320+0530] {logging_mixin.py:154} INFO - [2025-12-08T14:21:13.320+0530] {dag.py:3722} INFO - Setting next_dagrun for example_branch_labels to 2025-12-07T00:00:00+00:00, run_after=2025-12-08T00:00:00+00:00
[2025-12-08T14:21:13.329+0530] {processor.py:179} INFO - Processing /Users/ramesharra/airflow310/lib/python3.10/site-packages/airflow/example_dags/example_branch_labels.py took 0.149 seconds
[2025-12-08T14:23:19.997+0530] {processor.py:157} INFO - Started process (PID=12215) to work on /Users/ramesharra/airflow310/lib/python3.10/site-packages/airflow/example_dags/example_branch_labels.py
[2025-12-08T14:23:19.998+0530] {processor.py:829} INFO - Processing file /Users/ramesharra/airflow310/lib/python3.10/site-packages/airflow/example_dags/example_branch_labels.py for tasks to queue
[2025-12-08T14:23:20.003+0530] {logging_mixin.py:154} INFO - [2025-12-08T14:23:20.003+0530] {dagbag.py:536} INFO - Filling up the DagBag from /Users/ramesharra/airflow310/lib/python3.10/site-packages/airflow/example_dags/example_branch_labels.py
[2025-12-08T14:23:20.031+0530] {processor.py:839} INFO - DAG(s) dict_keys(['example_branch_labels']) retrieved from /Users/ramesharra/airflow310/lib/python3.10/site-packages/airflow/example_dags/example_branch_labels.py
[2025-12-08T14:23:20.152+0530] {logging_mixin.py:154} INFO - [2025-12-08T14:23:20.152+0530] {dag.py:2941} INFO - Sync 1 DAGs
[2025-12-08T14:23:20.163+0530] {logging_mixin.py:154} INFO - [2025-12-08T14:23:20.162+0530] {dag.py:3722} INFO - Setting next_dagrun for example_branch_labels to 2025-12-07T00:00:00+00:00, run_after=2025-12-08T00:00:00+00:00
[2025-12-08T14:23:20.175+0530] {processor.py:179} INFO - Processing /Users/ramesharra/airflow310/lib/python3.10/site-packages/airflow/example_dags/example_branch_labels.py took 0.179 seconds
[2025-12-08T14:27:10.231+0530] {processor.py:157} INFO - Started process (PID=12495) to work on /Users/ramesharra/airflow310/lib/python3.10/site-packages/airflow/example_dags/example_branch_labels.py
[2025-12-08T14:27:10.231+0530] {processor.py:829} INFO - Processing file /Users/ramesharra/airflow310/lib/python3.10/site-packages/airflow/example_dags/example_branch_labels.py for tasks to queue
[2025-12-08T14:27:10.232+0530] {logging_mixin.py:154} INFO - [2025-12-08T14:27:10.232+0530] {dagbag.py:536} INFO - Filling up the DagBag from /Users/ramesharra/airflow310/lib/python3.10/site-packages/airflow/example_dags/example_branch_labels.py
[2025-12-08T14:27:10.248+0530] {processor.py:839} INFO - DAG(s) dict_keys(['example_branch_labels']) retrieved from /Users/ramesharra/airflow310/lib/python3.10/site-packages/airflow/example_dags/example_branch_labels.py
[2025-12-08T14:27:10.344+0530] {logging_mixin.py:154} INFO - [2025-12-08T14:27:10.344+0530] {dag.py:2941} INFO - Sync 1 DAGs
[2025-12-08T14:27:10.354+0530] {logging_mixin.py:154} INFO - [2025-12-08T14:27:10.354+0530] {dag.py:3722} INFO - Setting next_dagrun for example_branch_labels to 2025-12-07T00:00:00+00:00, run_after=2025-12-08T00:00:00+00:00
[2025-12-08T14:27:10.365+0530] {processor.py:179} INFO - Processing /Users/ramesharra/airflow310/lib/python3.10/site-packages/airflow/example_dags/example_branch_labels.py took 0.135 seconds
[2025-12-08T14:30:00.612+0530] {processor.py:157} INFO - Started process (PID=12672) to work on /Users/ramesharra/airflow310/lib/python3.10/site-packages/airflow/example_dags/example_branch_labels.py
[2025-12-08T14:30:00.613+0530] {processor.py:829} INFO - Processing file /Users/ramesharra/airflow310/lib/python3.10/site-packages/airflow/example_dags/example_branch_labels.py for tasks to queue
[2025-12-08T14:30:00.615+0530] {logging_mixin.py:154} INFO - [2025-12-08T14:30:00.615+0530] {dagbag.py:536} INFO - Filling up the DagBag from /Users/ramesharra/airflow310/lib/python3.10/site-packages/airflow/example_dags/example_branch_labels.py
[2025-12-08T14:30:00.630+0530] {processor.py:839} INFO - DAG(s) dict_keys(['example_branch_labels']) retrieved from /Users/ramesharra/airflow310/lib/python3.10/site-packages/airflow/example_dags/example_branch_labels.py
[2025-12-08T14:30:00.729+0530] {logging_mixin.py:154} INFO - [2025-12-08T14:30:00.729+0530] {dag.py:2941} INFO - Sync 1 DAGs
[2025-12-08T14:30:00.740+0530] {logging_mixin.py:154} INFO - [2025-12-08T14:30:00.740+0530] {dag.py:3722} INFO - Setting next_dagrun for example_branch_labels to 2025-12-07T00:00:00+00:00, run_after=2025-12-08T00:00:00+00:00
[2025-12-08T14:30:00.751+0530] {processor.py:179} INFO - Processing /Users/ramesharra/airflow310/lib/python3.10/site-packages/airflow/example_dags/example_branch_labels.py took 0.139 seconds
[2025-12-08T14:32:07.185+0530] {processor.py:157} INFO - Started process (PID=12820) to work on /Users/ramesharra/airflow310/lib/python3.10/site-packages/airflow/example_dags/example_branch_labels.py
[2025-12-08T14:32:07.185+0530] {processor.py:829} INFO - Processing file /Users/ramesharra/airflow310/lib/python3.10/site-packages/airflow/example_dags/example_branch_labels.py for tasks to queue
[2025-12-08T14:32:07.187+0530] {logging_mixin.py:154} INFO - [2025-12-08T14:32:07.187+0530] {dagbag.py:536} INFO - Filling up the DagBag from /Users/ramesharra/airflow310/lib/python3.10/site-packages/airflow/example_dags/example_branch_labels.py
[2025-12-08T14:32:07.203+0530] {processor.py:839} INFO - DAG(s) dict_keys(['example_branch_labels']) retrieved from /Users/ramesharra/airflow310/lib/python3.10/site-packages/airflow/example_dags/example_branch_labels.py
[2025-12-08T14:32:07.310+0530] {logging_mixin.py:154} INFO - [2025-12-08T14:32:07.310+0530] {dag.py:2941} INFO - Sync 1 DAGs
[2025-12-08T14:32:07.321+0530] {logging_mixin.py:154} INFO - [2025-12-08T14:32:07.321+0530] {dag.py:3722} INFO - Setting next_dagrun for example_branch_labels to 2025-12-07T00:00:00+00:00, run_after=2025-12-08T00:00:00+00:00
[2025-12-08T14:32:07.332+0530] {processor.py:179} INFO - Processing /Users/ramesharra/airflow310/lib/python3.10/site-packages/airflow/example_dags/example_branch_labels.py took 0.148 seconds
[2025-12-08T14:34:08.647+0530] {processor.py:157} INFO - Started process (PID=12958) to work on /Users/ramesharra/airflow310/lib/python3.10/site-packages/airflow/example_dags/example_branch_labels.py
[2025-12-08T14:34:08.648+0530] {processor.py:829} INFO - Processing file /Users/ramesharra/airflow310/lib/python3.10/site-packages/airflow/example_dags/example_branch_labels.py for tasks to queue
[2025-12-08T14:34:08.649+0530] {logging_mixin.py:154} INFO - [2025-12-08T14:34:08.649+0530] {dagbag.py:536} INFO - Filling up the DagBag from /Users/ramesharra/airflow310/lib/python3.10/site-packages/airflow/example_dags/example_branch_labels.py
[2025-12-08T14:34:08.665+0530] {processor.py:839} INFO - DAG(s) dict_keys(['example_branch_labels']) retrieved from /Users/ramesharra/airflow310/lib/python3.10/site-packages/airflow/example_dags/example_branch_labels.py
[2025-12-08T14:34:08.793+0530] {logging_mixin.py:154} INFO - [2025-12-08T14:34:08.792+0530] {dag.py:2941} INFO - Sync 1 DAGs
[2025-12-08T14:34:08.815+0530] {logging_mixin.py:154} INFO - [2025-12-08T14:34:08.814+0530] {dag.py:3722} INFO - Setting next_dagrun for example_branch_labels to 2025-12-07T00:00:00+00:00, run_after=2025-12-08T00:00:00+00:00
[2025-12-08T14:34:08.839+0530] {processor.py:179} INFO - Processing /Users/ramesharra/airflow310/lib/python3.10/site-packages/airflow/example_dags/example_branch_labels.py took 0.192 seconds
[2025-12-08T14:36:18.460+0530] {processor.py:157} INFO - Started process (PID=13097) to work on /Users/ramesharra/airflow310/lib/python3.10/site-packages/airflow/example_dags/example_branch_labels.py
[2025-12-08T14:36:18.461+0530] {processor.py:829} INFO - Processing file /Users/ramesharra/airflow310/lib/python3.10/site-packages/airflow/example_dags/example_branch_labels.py for tasks to queue
[2025-12-08T14:36:18.463+0530] {logging_mixin.py:154} INFO - [2025-12-08T14:36:18.462+0530] {dagbag.py:536} INFO - Filling up the DagBag from /Users/ramesharra/airflow310/lib/python3.10/site-packages/airflow/example_dags/example_branch_labels.py
[2025-12-08T14:36:18.478+0530] {processor.py:839} INFO - DAG(s) dict_keys(['example_branch_labels']) retrieved from /Users/ramesharra/airflow310/lib/python3.10/site-packages/airflow/example_dags/example_branch_labels.py
[2025-12-08T14:36:18.581+0530] {logging_mixin.py:154} INFO - [2025-12-08T14:36:18.581+0530] {dag.py:2941} INFO - Sync 1 DAGs
[2025-12-08T14:36:18.592+0530] {logging_mixin.py:154} INFO - [2025-12-08T14:36:18.592+0530] {dag.py:3722} INFO - Setting next_dagrun for example_branch_labels to 2025-12-07T00:00:00+00:00, run_after=2025-12-08T00:00:00+00:00
[2025-12-08T14:36:18.603+0530] {processor.py:179} INFO - Processing /Users/ramesharra/airflow310/lib/python3.10/site-packages/airflow/example_dags/example_branch_labels.py took 0.143 seconds
[2025-12-08T14:38:32.085+0530] {processor.py:157} INFO - Started process (PID=13237) to work on /Users/ramesharra/airflow310/lib/python3.10/site-packages/airflow/example_dags/example_branch_labels.py
[2025-12-08T14:38:32.085+0530] {processor.py:829} INFO - Processing file /Users/ramesharra/airflow310/lib/python3.10/site-packages/airflow/example_dags/example_branch_labels.py for tasks to queue
[2025-12-08T14:38:32.087+0530] {logging_mixin.py:154} INFO - [2025-12-08T14:38:32.087+0530] {dagbag.py:536} INFO - Filling up the DagBag from /Users/ramesharra/airflow310/lib/python3.10/site-packages/airflow/example_dags/example_branch_labels.py
[2025-12-08T14:38:32.104+0530] {processor.py:839} INFO - DAG(s) dict_keys(['example_branch_labels']) retrieved from /Users/ramesharra/airflow310/lib/python3.10/site-packages/airflow/example_dags/example_branch_labels.py
[2025-12-08T14:38:32.209+0530] {logging_mixin.py:154} INFO - [2025-12-08T14:38:32.209+0530] {dag.py:2941} INFO - Sync 1 DAGs
[2025-12-08T14:38:32.221+0530] {logging_mixin.py:154} INFO - [2025-12-08T14:38:32.221+0530] {dag.py:3722} INFO - Setting next_dagrun for example_branch_labels to 2025-12-07T00:00:00+00:00, run_after=2025-12-08T00:00:00+00:00
[2025-12-08T14:38:32.232+0530] {processor.py:179} INFO - Processing /Users/ramesharra/airflow310/lib/python3.10/site-packages/airflow/example_dags/example_branch_labels.py took 0.148 seconds
[2025-12-08T14:40:43.385+0530] {processor.py:157} INFO - Started process (PID=13408) to work on /Users/ramesharra/airflow310/lib/python3.10/site-packages/airflow/example_dags/example_branch_labels.py
[2025-12-08T14:40:43.386+0530] {processor.py:829} INFO - Processing file /Users/ramesharra/airflow310/lib/python3.10/site-packages/airflow/example_dags/example_branch_labels.py for tasks to queue
[2025-12-08T14:40:43.387+0530] {logging_mixin.py:154} INFO - [2025-12-08T14:40:43.387+0530] {dagbag.py:536} INFO - Filling up the DagBag from /Users/ramesharra/airflow310/lib/python3.10/site-packages/airflow/example_dags/example_branch_labels.py
[2025-12-08T14:40:43.404+0530] {processor.py:839} INFO - DAG(s) dict_keys(['example_branch_labels']) retrieved from /Users/ramesharra/airflow310/lib/python3.10/site-packages/airflow/example_dags/example_branch_labels.py
[2025-12-08T14:40:43.509+0530] {logging_mixin.py:154} INFO - [2025-12-08T14:40:43.509+0530] {dag.py:2941} INFO - Sync 1 DAGs
[2025-12-08T14:40:43.520+0530] {logging_mixin.py:154} INFO - [2025-12-08T14:40:43.520+0530] {dag.py:3722} INFO - Setting next_dagrun for example_branch_labels to 2025-12-07T00:00:00+00:00, run_after=2025-12-08T00:00:00+00:00
[2025-12-08T14:40:43.532+0530] {processor.py:179} INFO - Processing /Users/ramesharra/airflow310/lib/python3.10/site-packages/airflow/example_dags/example_branch_labels.py took 0.147 seconds
[2025-12-08T14:42:56.092+0530] {processor.py:157} INFO - Started process (PID=13561) to work on /Users/ramesharra/airflow310/lib/python3.10/site-packages/airflow/example_dags/example_branch_labels.py
[2025-12-08T14:42:56.093+0530] {processor.py:829} INFO - Processing file /Users/ramesharra/airflow310/lib/python3.10/site-packages/airflow/example_dags/example_branch_labels.py for tasks to queue
[2025-12-08T14:42:56.095+0530] {logging_mixin.py:154} INFO - [2025-12-08T14:42:56.094+0530] {dagbag.py:536} INFO - Filling up the DagBag from /Users/ramesharra/airflow310/lib/python3.10/site-packages/airflow/example_dags/example_branch_labels.py
[2025-12-08T14:42:56.111+0530] {processor.py:839} INFO - DAG(s) dict_keys(['example_branch_labels']) retrieved from /Users/ramesharra/airflow310/lib/python3.10/site-packages/airflow/example_dags/example_branch_labels.py
[2025-12-08T14:42:56.215+0530] {logging_mixin.py:154} INFO - [2025-12-08T14:42:56.215+0530] {dag.py:2941} INFO - Sync 1 DAGs
[2025-12-08T14:42:56.227+0530] {logging_mixin.py:154} INFO - [2025-12-08T14:42:56.226+0530] {dag.py:3722} INFO - Setting next_dagrun for example_branch_labels to 2025-12-07T00:00:00+00:00, run_after=2025-12-08T00:00:00+00:00
[2025-12-08T14:42:56.238+0530] {processor.py:179} INFO - Processing /Users/ramesharra/airflow310/lib/python3.10/site-packages/airflow/example_dags/example_branch_labels.py took 0.146 seconds
[2025-12-08T14:45:03.026+0530] {processor.py:157} INFO - Started process (PID=13691) to work on /Users/ramesharra/airflow310/lib/python3.10/site-packages/airflow/example_dags/example_branch_labels.py
[2025-12-08T14:45:03.026+0530] {processor.py:829} INFO - Processing file /Users/ramesharra/airflow310/lib/python3.10/site-packages/airflow/example_dags/example_branch_labels.py for tasks to queue
[2025-12-08T14:45:03.028+0530] {logging_mixin.py:154} INFO - [2025-12-08T14:45:03.028+0530] {dagbag.py:536} INFO - Filling up the DagBag from /Users/ramesharra/airflow310/lib/python3.10/site-packages/airflow/example_dags/example_branch_labels.py
[2025-12-08T14:45:03.045+0530] {processor.py:839} INFO - DAG(s) dict_keys(['example_branch_labels']) retrieved from /Users/ramesharra/airflow310/lib/python3.10/site-packages/airflow/example_dags/example_branch_labels.py
[2025-12-08T14:45:03.148+0530] {logging_mixin.py:154} INFO - [2025-12-08T14:45:03.148+0530] {dag.py:2941} INFO - Sync 1 DAGs
[2025-12-08T14:45:03.159+0530] {logging_mixin.py:154} INFO - [2025-12-08T14:45:03.159+0530] {dag.py:3722} INFO - Setting next_dagrun for example_branch_labels to 2025-12-07T00:00:00+00:00, run_after=2025-12-08T00:00:00+00:00
[2025-12-08T14:45:03.170+0530] {processor.py:179} INFO - Processing /Users/ramesharra/airflow310/lib/python3.10/site-packages/airflow/example_dags/example_branch_labels.py took 0.145 seconds
[2025-12-08T14:47:12.977+0530] {processor.py:157} INFO - Started process (PID=13845) to work on /Users/ramesharra/airflow310/lib/python3.10/site-packages/airflow/example_dags/example_branch_labels.py
[2025-12-08T14:47:12.977+0530] {processor.py:829} INFO - Processing file /Users/ramesharra/airflow310/lib/python3.10/site-packages/airflow/example_dags/example_branch_labels.py for tasks to queue
[2025-12-08T14:47:12.979+0530] {logging_mixin.py:154} INFO - [2025-12-08T14:47:12.979+0530] {dagbag.py:536} INFO - Filling up the DagBag from /Users/ramesharra/airflow310/lib/python3.10/site-packages/airflow/example_dags/example_branch_labels.py
[2025-12-08T14:47:13.002+0530] {processor.py:839} INFO - DAG(s) dict_keys(['example_branch_labels']) retrieved from /Users/ramesharra/airflow310/lib/python3.10/site-packages/airflow/example_dags/example_branch_labels.py
[2025-12-08T14:47:13.118+0530] {logging_mixin.py:154} INFO - [2025-12-08T14:47:13.117+0530] {dag.py:2941} INFO - Sync 1 DAGs
[2025-12-08T14:47:13.128+0530] {logging_mixin.py:154} INFO - [2025-12-08T14:47:13.128+0530] {dag.py:3722} INFO - Setting next_dagrun for example_branch_labels to 2025-12-07T00:00:00+00:00, run_after=2025-12-08T00:00:00+00:00
[2025-12-08T14:47:13.140+0530] {processor.py:179} INFO - Processing /Users/ramesharra/airflow310/lib/python3.10/site-packages/airflow/example_dags/example_branch_labels.py took 0.164 seconds
[2025-12-08T14:49:26.398+0530] {processor.py:157} INFO - Started process (PID=14003) to work on /Users/ramesharra/airflow310/lib/python3.10/site-packages/airflow/example_dags/example_branch_labels.py
[2025-12-08T14:49:26.398+0530] {processor.py:829} INFO - Processing file /Users/ramesharra/airflow310/lib/python3.10/site-packages/airflow/example_dags/example_branch_labels.py for tasks to queue
[2025-12-08T14:49:26.400+0530] {logging_mixin.py:154} INFO - [2025-12-08T14:49:26.400+0530] {dagbag.py:536} INFO - Filling up the DagBag from /Users/ramesharra/airflow310/lib/python3.10/site-packages/airflow/example_dags/example_branch_labels.py
[2025-12-08T14:49:26.418+0530] {processor.py:839} INFO - DAG(s) dict_keys(['example_branch_labels']) retrieved from /Users/ramesharra/airflow310/lib/python3.10/site-packages/airflow/example_dags/example_branch_labels.py
[2025-12-08T14:49:26.523+0530] {logging_mixin.py:154} INFO - [2025-12-08T14:49:26.523+0530] {dag.py:2941} INFO - Sync 1 DAGs
[2025-12-08T14:49:26.534+0530] {logging_mixin.py:154} INFO - [2025-12-08T14:49:26.534+0530] {dag.py:3722} INFO - Setting next_dagrun for example_branch_labels to 2025-12-07T00:00:00+00:00, run_after=2025-12-08T00:00:00+00:00
[2025-12-08T14:49:26.545+0530] {processor.py:179} INFO - Processing /Users/ramesharra/airflow310/lib/python3.10/site-packages/airflow/example_dags/example_branch_labels.py took 0.148 seconds
