[2025-12-08T14:16:33.336+0530] {processor.py:157} INFO - Started process (PID=11642) to work on /Users/ramesharra/airflow310/lib/python3.10/site-packages/airflow/example_dags/example_branch_datetime_operator.py
[2025-12-08T14:16:33.337+0530] {processor.py:829} INFO - Processing file /Users/ramesharra/airflow310/lib/python3.10/site-packages/airflow/example_dags/example_branch_datetime_operator.py for tasks to queue
[2025-12-08T14:16:33.338+0530] {logging_mixin.py:154} INFO - [2025-12-08T14:16:33.338+0530] {dagbag.py:536} INFO - Filling up the DagBag from /Users/ramesharra/airflow310/lib/python3.10/site-packages/airflow/example_dags/example_branch_datetime_operator.py
[2025-12-08T14:16:33.374+0530] {processor.py:839} INFO - DAG(s) dict_keys(['example_branch_datetime_operator_3', 'example_branch_datetime_operator_2', 'example_branch_datetime_operator']) retrieved from /Users/ramesharra/airflow310/lib/python3.10/site-packages/airflow/example_dags/example_branch_datetime_operator.py
[2025-12-08T14:16:33.733+0530] {logging_mixin.py:154} INFO - [2025-12-08T14:16:33.733+0530] {manager.py:499} INFO - Created Permission View: %s
[2025-12-08T14:16:33.738+0530] {logging_mixin.py:154} INFO - [2025-12-08T14:16:33.738+0530] {manager.py:499} INFO - Created Permission View: %s
[2025-12-08T14:16:33.742+0530] {logging_mixin.py:154} INFO - [2025-12-08T14:16:33.741+0530] {manager.py:499} INFO - Created Permission View: %s
[2025-12-08T14:16:33.750+0530] {logging_mixin.py:154} INFO - [2025-12-08T14:16:33.750+0530] {manager.py:499} INFO - Created Permission View: %s
[2025-12-08T14:16:33.753+0530] {logging_mixin.py:154} INFO - [2025-12-08T14:16:33.753+0530] {manager.py:499} INFO - Created Permission View: %s
[2025-12-08T14:16:33.756+0530] {logging_mixin.py:154} INFO - [2025-12-08T14:16:33.756+0530] {manager.py:499} INFO - Created Permission View: %s
[2025-12-08T14:16:33.764+0530] {logging_mixin.py:154} INFO - [2025-12-08T14:16:33.763+0530] {manager.py:499} INFO - Created Permission View: %s
[2025-12-08T14:16:33.767+0530] {logging_mixin.py:154} INFO - [2025-12-08T14:16:33.766+0530] {manager.py:499} INFO - Created Permission View: %s
[2025-12-08T14:16:33.769+0530] {logging_mixin.py:154} INFO - [2025-12-08T14:16:33.769+0530] {manager.py:499} INFO - Created Permission View: %s
[2025-12-08T14:16:33.770+0530] {logging_mixin.py:154} INFO - [2025-12-08T14:16:33.769+0530] {dag.py:2941} INFO - Sync 3 DAGs
[2025-12-08T14:16:33.776+0530] {logging_mixin.py:154} INFO - [2025-12-08T14:16:33.775+0530] {dag.py:2963} INFO - Creating ORM DAG for example_branch_datetime_operator
[2025-12-08T14:16:33.776+0530] {logging_mixin.py:154} INFO - [2025-12-08T14:16:33.776+0530] {dag.py:2963} INFO - Creating ORM DAG for example_branch_datetime_operator_2
[2025-12-08T14:16:33.776+0530] {logging_mixin.py:154} INFO - [2025-12-08T14:16:33.776+0530] {dag.py:2963} INFO - Creating ORM DAG for example_branch_datetime_operator_3
[2025-12-08T14:16:33.782+0530] {logging_mixin.py:154} INFO - [2025-12-08T14:16:33.782+0530] {dag.py:3722} INFO - Setting next_dagrun for example_branch_datetime_operator to 2025-12-07T00:00:00+00:00, run_after=2025-12-08T00:00:00+00:00
[2025-12-08T14:16:33.783+0530] {logging_mixin.py:154} INFO - [2025-12-08T14:16:33.783+0530] {dag.py:3722} INFO - Setting next_dagrun for example_branch_datetime_operator_2 to 2025-12-07T00:00:00+00:00, run_after=2025-12-08T00:00:00+00:00
[2025-12-08T14:16:33.783+0530] {logging_mixin.py:154} INFO - [2025-12-08T14:16:33.783+0530] {dag.py:3722} INFO - Setting next_dagrun for example_branch_datetime_operator_3 to 2025-12-07T00:00:00+00:00, run_after=2025-12-08T00:00:00+00:00
[2025-12-08T14:16:33.794+0530] {processor.py:179} INFO - Processing /Users/ramesharra/airflow310/lib/python3.10/site-packages/airflow/example_dags/example_branch_datetime_operator.py took 0.459 seconds
[2025-12-08T14:21:16.484+0530] {processor.py:157} INFO - Started process (PID=11911) to work on /Users/ramesharra/airflow310/lib/python3.10/site-packages/airflow/example_dags/example_branch_datetime_operator.py
[2025-12-08T14:21:16.484+0530] {processor.py:829} INFO - Processing file /Users/ramesharra/airflow310/lib/python3.10/site-packages/airflow/example_dags/example_branch_datetime_operator.py for tasks to queue
[2025-12-08T14:21:16.486+0530] {logging_mixin.py:154} INFO - [2025-12-08T14:21:16.485+0530] {dagbag.py:536} INFO - Filling up the DagBag from /Users/ramesharra/airflow310/lib/python3.10/site-packages/airflow/example_dags/example_branch_datetime_operator.py
[2025-12-08T14:21:16.505+0530] {processor.py:839} INFO - DAG(s) dict_keys(['example_branch_datetime_operator_2', 'example_branch_datetime_operator_3', 'example_branch_datetime_operator']) retrieved from /Users/ramesharra/airflow310/lib/python3.10/site-packages/airflow/example_dags/example_branch_datetime_operator.py
[2025-12-08T14:21:16.613+0530] {logging_mixin.py:154} INFO - [2025-12-08T14:21:16.612+0530] {dag.py:2941} INFO - Sync 3 DAGs
[2025-12-08T14:21:16.623+0530] {logging_mixin.py:154} INFO - [2025-12-08T14:21:16.623+0530] {dag.py:3722} INFO - Setting next_dagrun for example_branch_datetime_operator to 2025-12-07T00:00:00+00:00, run_after=2025-12-08T00:00:00+00:00
[2025-12-08T14:21:16.625+0530] {logging_mixin.py:154} INFO - [2025-12-08T14:21:16.625+0530] {dag.py:3722} INFO - Setting next_dagrun for example_branch_datetime_operator_2 to 2025-12-07T00:00:00+00:00, run_after=2025-12-08T00:00:00+00:00
[2025-12-08T14:21:16.626+0530] {logging_mixin.py:154} INFO - [2025-12-08T14:21:16.626+0530] {dag.py:3722} INFO - Setting next_dagrun for example_branch_datetime_operator_3 to 2025-12-07T00:00:00+00:00, run_after=2025-12-08T00:00:00+00:00
[2025-12-08T14:21:16.636+0530] {processor.py:179} INFO - Processing /Users/ramesharra/airflow310/lib/python3.10/site-packages/airflow/example_dags/example_branch_datetime_operator.py took 0.153 seconds
[2025-12-08T14:23:24.584+0530] {processor.py:157} INFO - Started process (PID=12221) to work on /Users/ramesharra/airflow310/lib/python3.10/site-packages/airflow/example_dags/example_branch_datetime_operator.py
[2025-12-08T14:23:24.584+0530] {processor.py:829} INFO - Processing file /Users/ramesharra/airflow310/lib/python3.10/site-packages/airflow/example_dags/example_branch_datetime_operator.py for tasks to queue
[2025-12-08T14:23:24.586+0530] {logging_mixin.py:154} INFO - [2025-12-08T14:23:24.586+0530] {dagbag.py:536} INFO - Filling up the DagBag from /Users/ramesharra/airflow310/lib/python3.10/site-packages/airflow/example_dags/example_branch_datetime_operator.py
[2025-12-08T14:23:24.605+0530] {processor.py:839} INFO - DAG(s) dict_keys(['example_branch_datetime_operator_2', 'example_branch_datetime_operator_3', 'example_branch_datetime_operator']) retrieved from /Users/ramesharra/airflow310/lib/python3.10/site-packages/airflow/example_dags/example_branch_datetime_operator.py
[2025-12-08T14:23:24.709+0530] {logging_mixin.py:154} INFO - [2025-12-08T14:23:24.708+0530] {dag.py:2941} INFO - Sync 3 DAGs
[2025-12-08T14:23:24.720+0530] {logging_mixin.py:154} INFO - [2025-12-08T14:23:24.719+0530] {dag.py:3722} INFO - Setting next_dagrun for example_branch_datetime_operator to 2025-12-07T00:00:00+00:00, run_after=2025-12-08T00:00:00+00:00
[2025-12-08T14:23:24.722+0530] {logging_mixin.py:154} INFO - [2025-12-08T14:23:24.722+0530] {dag.py:3722} INFO - Setting next_dagrun for example_branch_datetime_operator_2 to 2025-12-07T00:00:00+00:00, run_after=2025-12-08T00:00:00+00:00
[2025-12-08T14:23:24.723+0530] {logging_mixin.py:154} INFO - [2025-12-08T14:23:24.723+0530] {dag.py:3722} INFO - Setting next_dagrun for example_branch_datetime_operator_3 to 2025-12-07T00:00:00+00:00, run_after=2025-12-08T00:00:00+00:00
[2025-12-08T14:23:24.734+0530] {processor.py:179} INFO - Processing /Users/ramesharra/airflow310/lib/python3.10/site-packages/airflow/example_dags/example_branch_datetime_operator.py took 0.151 seconds
[2025-12-08T14:27:13.807+0530] {processor.py:157} INFO - Started process (PID=12497) to work on /Users/ramesharra/airflow310/lib/python3.10/site-packages/airflow/example_dags/example_branch_datetime_operator.py
[2025-12-08T14:27:13.808+0530] {processor.py:829} INFO - Processing file /Users/ramesharra/airflow310/lib/python3.10/site-packages/airflow/example_dags/example_branch_datetime_operator.py for tasks to queue
[2025-12-08T14:27:13.809+0530] {logging_mixin.py:154} INFO - [2025-12-08T14:27:13.809+0530] {dagbag.py:536} INFO - Filling up the DagBag from /Users/ramesharra/airflow310/lib/python3.10/site-packages/airflow/example_dags/example_branch_datetime_operator.py
[2025-12-08T14:27:13.828+0530] {processor.py:839} INFO - DAG(s) dict_keys(['example_branch_datetime_operator_2', 'example_branch_datetime_operator', 'example_branch_datetime_operator_3']) retrieved from /Users/ramesharra/airflow310/lib/python3.10/site-packages/airflow/example_dags/example_branch_datetime_operator.py
[2025-12-08T14:27:13.931+0530] {logging_mixin.py:154} INFO - [2025-12-08T14:27:13.931+0530] {dag.py:2941} INFO - Sync 3 DAGs
[2025-12-08T14:27:13.942+0530] {logging_mixin.py:154} INFO - [2025-12-08T14:27:13.942+0530] {dag.py:3722} INFO - Setting next_dagrun for example_branch_datetime_operator to 2025-12-07T00:00:00+00:00, run_after=2025-12-08T00:00:00+00:00
[2025-12-08T14:27:13.945+0530] {logging_mixin.py:154} INFO - [2025-12-08T14:27:13.945+0530] {dag.py:3722} INFO - Setting next_dagrun for example_branch_datetime_operator_2 to 2025-12-07T00:00:00+00:00, run_after=2025-12-08T00:00:00+00:00
[2025-12-08T14:27:13.946+0530] {logging_mixin.py:154} INFO - [2025-12-08T14:27:13.946+0530] {dag.py:3722} INFO - Setting next_dagrun for example_branch_datetime_operator_3 to 2025-12-07T00:00:00+00:00, run_after=2025-12-08T00:00:00+00:00
[2025-12-08T14:27:13.956+0530] {processor.py:179} INFO - Processing /Users/ramesharra/airflow310/lib/python3.10/site-packages/airflow/example_dags/example_branch_datetime_operator.py took 0.150 seconds
[2025-12-08T14:30:03.847+0530] {processor.py:157} INFO - Started process (PID=12676) to work on /Users/ramesharra/airflow310/lib/python3.10/site-packages/airflow/example_dags/example_branch_datetime_operator.py
[2025-12-08T14:30:03.848+0530] {processor.py:829} INFO - Processing file /Users/ramesharra/airflow310/lib/python3.10/site-packages/airflow/example_dags/example_branch_datetime_operator.py for tasks to queue
[2025-12-08T14:30:03.849+0530] {logging_mixin.py:154} INFO - [2025-12-08T14:30:03.849+0530] {dagbag.py:536} INFO - Filling up the DagBag from /Users/ramesharra/airflow310/lib/python3.10/site-packages/airflow/example_dags/example_branch_datetime_operator.py
[2025-12-08T14:30:03.866+0530] {processor.py:839} INFO - DAG(s) dict_keys(['example_branch_datetime_operator_3', 'example_branch_datetime_operator', 'example_branch_datetime_operator_2']) retrieved from /Users/ramesharra/airflow310/lib/python3.10/site-packages/airflow/example_dags/example_branch_datetime_operator.py
[2025-12-08T14:30:03.966+0530] {logging_mixin.py:154} INFO - [2025-12-08T14:30:03.966+0530] {dag.py:2941} INFO - Sync 3 DAGs
[2025-12-08T14:30:03.977+0530] {logging_mixin.py:154} INFO - [2025-12-08T14:30:03.977+0530] {dag.py:3722} INFO - Setting next_dagrun for example_branch_datetime_operator to 2025-12-07T00:00:00+00:00, run_after=2025-12-08T00:00:00+00:00
[2025-12-08T14:30:03.979+0530] {logging_mixin.py:154} INFO - [2025-12-08T14:30:03.979+0530] {dag.py:3722} INFO - Setting next_dagrun for example_branch_datetime_operator_2 to 2025-12-07T00:00:00+00:00, run_after=2025-12-08T00:00:00+00:00
[2025-12-08T14:30:03.981+0530] {logging_mixin.py:154} INFO - [2025-12-08T14:30:03.981+0530] {dag.py:3722} INFO - Setting next_dagrun for example_branch_datetime_operator_3 to 2025-12-07T00:00:00+00:00, run_after=2025-12-08T00:00:00+00:00
[2025-12-08T14:30:03.990+0530] {processor.py:179} INFO - Processing /Users/ramesharra/airflow310/lib/python3.10/site-packages/airflow/example_dags/example_branch_datetime_operator.py took 0.144 seconds
[2025-12-08T14:32:10.376+0530] {processor.py:157} INFO - Started process (PID=12828) to work on /Users/ramesharra/airflow310/lib/python3.10/site-packages/airflow/example_dags/example_branch_datetime_operator.py
[2025-12-08T14:32:10.377+0530] {processor.py:829} INFO - Processing file /Users/ramesharra/airflow310/lib/python3.10/site-packages/airflow/example_dags/example_branch_datetime_operator.py for tasks to queue
[2025-12-08T14:32:10.378+0530] {logging_mixin.py:154} INFO - [2025-12-08T14:32:10.378+0530] {dagbag.py:536} INFO - Filling up the DagBag from /Users/ramesharra/airflow310/lib/python3.10/site-packages/airflow/example_dags/example_branch_datetime_operator.py
[2025-12-08T14:32:10.396+0530] {processor.py:839} INFO - DAG(s) dict_keys(['example_branch_datetime_operator', 'example_branch_datetime_operator_3', 'example_branch_datetime_operator_2']) retrieved from /Users/ramesharra/airflow310/lib/python3.10/site-packages/airflow/example_dags/example_branch_datetime_operator.py
[2025-12-08T14:32:10.500+0530] {logging_mixin.py:154} INFO - [2025-12-08T14:32:10.500+0530] {dag.py:2941} INFO - Sync 3 DAGs
[2025-12-08T14:32:10.512+0530] {logging_mixin.py:154} INFO - [2025-12-08T14:32:10.512+0530] {dag.py:3722} INFO - Setting next_dagrun for example_branch_datetime_operator to 2025-12-07T00:00:00+00:00, run_after=2025-12-08T00:00:00+00:00
[2025-12-08T14:32:10.514+0530] {logging_mixin.py:154} INFO - [2025-12-08T14:32:10.514+0530] {dag.py:3722} INFO - Setting next_dagrun for example_branch_datetime_operator_2 to 2025-12-07T00:00:00+00:00, run_after=2025-12-08T00:00:00+00:00
[2025-12-08T14:32:10.516+0530] {logging_mixin.py:154} INFO - [2025-12-08T14:32:10.515+0530] {dag.py:3722} INFO - Setting next_dagrun for example_branch_datetime_operator_3 to 2025-12-07T00:00:00+00:00, run_after=2025-12-08T00:00:00+00:00
[2025-12-08T14:32:10.525+0530] {processor.py:179} INFO - Processing /Users/ramesharra/airflow310/lib/python3.10/site-packages/airflow/example_dags/example_branch_datetime_operator.py took 0.150 seconds
[2025-12-08T14:34:12.654+0530] {processor.py:157} INFO - Started process (PID=12963) to work on /Users/ramesharra/airflow310/lib/python3.10/site-packages/airflow/example_dags/example_branch_datetime_operator.py
[2025-12-08T14:34:12.655+0530] {processor.py:829} INFO - Processing file /Users/ramesharra/airflow310/lib/python3.10/site-packages/airflow/example_dags/example_branch_datetime_operator.py for tasks to queue
[2025-12-08T14:34:12.657+0530] {logging_mixin.py:154} INFO - [2025-12-08T14:34:12.657+0530] {dagbag.py:536} INFO - Filling up the DagBag from /Users/ramesharra/airflow310/lib/python3.10/site-packages/airflow/example_dags/example_branch_datetime_operator.py
[2025-12-08T14:34:12.675+0530] {processor.py:839} INFO - DAG(s) dict_keys(['example_branch_datetime_operator_2', 'example_branch_datetime_operator_3', 'example_branch_datetime_operator']) retrieved from /Users/ramesharra/airflow310/lib/python3.10/site-packages/airflow/example_dags/example_branch_datetime_operator.py
[2025-12-08T14:34:12.781+0530] {logging_mixin.py:154} INFO - [2025-12-08T14:34:12.780+0530] {dag.py:2941} INFO - Sync 3 DAGs
[2025-12-08T14:34:12.792+0530] {logging_mixin.py:154} INFO - [2025-12-08T14:34:12.792+0530] {dag.py:3722} INFO - Setting next_dagrun for example_branch_datetime_operator to 2025-12-07T00:00:00+00:00, run_after=2025-12-08T00:00:00+00:00
[2025-12-08T14:34:12.795+0530] {logging_mixin.py:154} INFO - [2025-12-08T14:34:12.795+0530] {dag.py:3722} INFO - Setting next_dagrun for example_branch_datetime_operator_2 to 2025-12-07T00:00:00+00:00, run_after=2025-12-08T00:00:00+00:00
[2025-12-08T14:34:12.796+0530] {logging_mixin.py:154} INFO - [2025-12-08T14:34:12.796+0530] {dag.py:3722} INFO - Setting next_dagrun for example_branch_datetime_operator_3 to 2025-12-07T00:00:00+00:00, run_after=2025-12-08T00:00:00+00:00
[2025-12-08T14:34:12.806+0530] {processor.py:179} INFO - Processing /Users/ramesharra/airflow310/lib/python3.10/site-packages/airflow/example_dags/example_branch_datetime_operator.py took 0.152 seconds
[2025-12-08T14:36:22.524+0530] {processor.py:157} INFO - Started process (PID=13099) to work on /Users/ramesharra/airflow310/lib/python3.10/site-packages/airflow/example_dags/example_branch_datetime_operator.py
[2025-12-08T14:36:22.525+0530] {processor.py:829} INFO - Processing file /Users/ramesharra/airflow310/lib/python3.10/site-packages/airflow/example_dags/example_branch_datetime_operator.py for tasks to queue
[2025-12-08T14:36:22.526+0530] {logging_mixin.py:154} INFO - [2025-12-08T14:36:22.526+0530] {dagbag.py:536} INFO - Filling up the DagBag from /Users/ramesharra/airflow310/lib/python3.10/site-packages/airflow/example_dags/example_branch_datetime_operator.py
[2025-12-08T14:36:22.544+0530] {processor.py:839} INFO - DAG(s) dict_keys(['example_branch_datetime_operator', 'example_branch_datetime_operator_3', 'example_branch_datetime_operator_2']) retrieved from /Users/ramesharra/airflow310/lib/python3.10/site-packages/airflow/example_dags/example_branch_datetime_operator.py
[2025-12-08T14:36:22.650+0530] {logging_mixin.py:154} INFO - [2025-12-08T14:36:22.650+0530] {dag.py:2941} INFO - Sync 3 DAGs
[2025-12-08T14:36:22.661+0530] {logging_mixin.py:154} INFO - [2025-12-08T14:36:22.661+0530] {dag.py:3722} INFO - Setting next_dagrun for example_branch_datetime_operator to 2025-12-07T00:00:00+00:00, run_after=2025-12-08T00:00:00+00:00
[2025-12-08T14:36:22.664+0530] {logging_mixin.py:154} INFO - [2025-12-08T14:36:22.664+0530] {dag.py:3722} INFO - Setting next_dagrun for example_branch_datetime_operator_2 to 2025-12-07T00:00:00+00:00, run_after=2025-12-08T00:00:00+00:00
[2025-12-08T14:36:22.665+0530] {logging_mixin.py:154} INFO - [2025-12-08T14:36:22.665+0530] {dag.py:3722} INFO - Setting next_dagrun for example_branch_datetime_operator_3 to 2025-12-07T00:00:00+00:00, run_after=2025-12-08T00:00:00+00:00
[2025-12-08T14:36:22.676+0530] {processor.py:179} INFO - Processing /Users/ramesharra/airflow310/lib/python3.10/site-packages/airflow/example_dags/example_branch_datetime_operator.py took 0.153 seconds
[2025-12-08T14:38:35.613+0530] {processor.py:157} INFO - Started process (PID=13245) to work on /Users/ramesharra/airflow310/lib/python3.10/site-packages/airflow/example_dags/example_branch_datetime_operator.py
[2025-12-08T14:38:35.614+0530] {processor.py:829} INFO - Processing file /Users/ramesharra/airflow310/lib/python3.10/site-packages/airflow/example_dags/example_branch_datetime_operator.py for tasks to queue
[2025-12-08T14:38:35.615+0530] {logging_mixin.py:154} INFO - [2025-12-08T14:38:35.615+0530] {dagbag.py:536} INFO - Filling up the DagBag from /Users/ramesharra/airflow310/lib/python3.10/site-packages/airflow/example_dags/example_branch_datetime_operator.py
[2025-12-08T14:38:35.633+0530] {processor.py:839} INFO - DAG(s) dict_keys(['example_branch_datetime_operator_3', 'example_branch_datetime_operator', 'example_branch_datetime_operator_2']) retrieved from /Users/ramesharra/airflow310/lib/python3.10/site-packages/airflow/example_dags/example_branch_datetime_operator.py
[2025-12-08T14:38:35.736+0530] {logging_mixin.py:154} INFO - [2025-12-08T14:38:35.735+0530] {dag.py:2941} INFO - Sync 3 DAGs
[2025-12-08T14:38:35.747+0530] {logging_mixin.py:154} INFO - [2025-12-08T14:38:35.747+0530] {dag.py:3722} INFO - Setting next_dagrun for example_branch_datetime_operator to 2025-12-07T00:00:00+00:00, run_after=2025-12-08T00:00:00+00:00
[2025-12-08T14:38:35.750+0530] {logging_mixin.py:154} INFO - [2025-12-08T14:38:35.750+0530] {dag.py:3722} INFO - Setting next_dagrun for example_branch_datetime_operator_2 to 2025-12-07T00:00:00+00:00, run_after=2025-12-08T00:00:00+00:00
[2025-12-08T14:38:35.751+0530] {logging_mixin.py:154} INFO - [2025-12-08T14:38:35.751+0530] {dag.py:3722} INFO - Setting next_dagrun for example_branch_datetime_operator_3 to 2025-12-07T00:00:00+00:00, run_after=2025-12-08T00:00:00+00:00
[2025-12-08T14:38:35.760+0530] {processor.py:179} INFO - Processing /Users/ramesharra/airflow310/lib/python3.10/site-packages/airflow/example_dags/example_branch_datetime_operator.py took 0.148 seconds
[2025-12-08T14:40:47.197+0530] {processor.py:157} INFO - Started process (PID=13410) to work on /Users/ramesharra/airflow310/lib/python3.10/site-packages/airflow/example_dags/example_branch_datetime_operator.py
[2025-12-08T14:40:47.198+0530] {processor.py:829} INFO - Processing file /Users/ramesharra/airflow310/lib/python3.10/site-packages/airflow/example_dags/example_branch_datetime_operator.py for tasks to queue
[2025-12-08T14:40:47.199+0530] {logging_mixin.py:154} INFO - [2025-12-08T14:40:47.199+0530] {dagbag.py:536} INFO - Filling up the DagBag from /Users/ramesharra/airflow310/lib/python3.10/site-packages/airflow/example_dags/example_branch_datetime_operator.py
[2025-12-08T14:40:47.217+0530] {processor.py:839} INFO - DAG(s) dict_keys(['example_branch_datetime_operator_2', 'example_branch_datetime_operator_3', 'example_branch_datetime_operator']) retrieved from /Users/ramesharra/airflow310/lib/python3.10/site-packages/airflow/example_dags/example_branch_datetime_operator.py
[2025-12-08T14:40:47.320+0530] {logging_mixin.py:154} INFO - [2025-12-08T14:40:47.320+0530] {dag.py:2941} INFO - Sync 3 DAGs
[2025-12-08T14:40:47.331+0530] {logging_mixin.py:154} INFO - [2025-12-08T14:40:47.331+0530] {dag.py:3722} INFO - Setting next_dagrun for example_branch_datetime_operator to 2025-12-07T00:00:00+00:00, run_after=2025-12-08T00:00:00+00:00
[2025-12-08T14:40:47.334+0530] {logging_mixin.py:154} INFO - [2025-12-08T14:40:47.334+0530] {dag.py:3722} INFO - Setting next_dagrun for example_branch_datetime_operator_2 to 2025-12-07T00:00:00+00:00, run_after=2025-12-08T00:00:00+00:00
[2025-12-08T14:40:47.335+0530] {logging_mixin.py:154} INFO - [2025-12-08T14:40:47.335+0530] {dag.py:3722} INFO - Setting next_dagrun for example_branch_datetime_operator_3 to 2025-12-07T00:00:00+00:00, run_after=2025-12-08T00:00:00+00:00
[2025-12-08T14:40:47.344+0530] {processor.py:179} INFO - Processing /Users/ramesharra/airflow310/lib/python3.10/site-packages/airflow/example_dags/example_branch_datetime_operator.py took 0.147 seconds
[2025-12-08T14:43:00.544+0530] {processor.py:157} INFO - Started process (PID=13567) to work on /Users/ramesharra/airflow310/lib/python3.10/site-packages/airflow/example_dags/example_branch_datetime_operator.py
[2025-12-08T14:43:00.545+0530] {processor.py:829} INFO - Processing file /Users/ramesharra/airflow310/lib/python3.10/site-packages/airflow/example_dags/example_branch_datetime_operator.py for tasks to queue
[2025-12-08T14:43:00.546+0530] {logging_mixin.py:154} INFO - [2025-12-08T14:43:00.546+0530] {dagbag.py:536} INFO - Filling up the DagBag from /Users/ramesharra/airflow310/lib/python3.10/site-packages/airflow/example_dags/example_branch_datetime_operator.py
[2025-12-08T14:43:00.565+0530] {processor.py:839} INFO - DAG(s) dict_keys(['example_branch_datetime_operator_3', 'example_branch_datetime_operator', 'example_branch_datetime_operator_2']) retrieved from /Users/ramesharra/airflow310/lib/python3.10/site-packages/airflow/example_dags/example_branch_datetime_operator.py
[2025-12-08T14:43:00.668+0530] {logging_mixin.py:154} INFO - [2025-12-08T14:43:00.667+0530] {dag.py:2941} INFO - Sync 3 DAGs
[2025-12-08T14:43:00.679+0530] {logging_mixin.py:154} INFO - [2025-12-08T14:43:00.678+0530] {dag.py:3722} INFO - Setting next_dagrun for example_branch_datetime_operator to 2025-12-07T00:00:00+00:00, run_after=2025-12-08T00:00:00+00:00
[2025-12-08T14:43:00.681+0530] {logging_mixin.py:154} INFO - [2025-12-08T14:43:00.681+0530] {dag.py:3722} INFO - Setting next_dagrun for example_branch_datetime_operator_2 to 2025-12-07T00:00:00+00:00, run_after=2025-12-08T00:00:00+00:00
[2025-12-08T14:43:00.683+0530] {logging_mixin.py:154} INFO - [2025-12-08T14:43:00.682+0530] {dag.py:3722} INFO - Setting next_dagrun for example_branch_datetime_operator_3 to 2025-12-07T00:00:00+00:00, run_after=2025-12-08T00:00:00+00:00
[2025-12-08T14:43:00.693+0530] {processor.py:179} INFO - Processing /Users/ramesharra/airflow310/lib/python3.10/site-packages/airflow/example_dags/example_branch_datetime_operator.py took 0.149 seconds
[2025-12-08T14:45:07.024+0530] {processor.py:157} INFO - Started process (PID=13695) to work on /Users/ramesharra/airflow310/lib/python3.10/site-packages/airflow/example_dags/example_branch_datetime_operator.py
[2025-12-08T14:45:07.024+0530] {processor.py:829} INFO - Processing file /Users/ramesharra/airflow310/lib/python3.10/site-packages/airflow/example_dags/example_branch_datetime_operator.py for tasks to queue
[2025-12-08T14:45:07.026+0530] {logging_mixin.py:154} INFO - [2025-12-08T14:45:07.026+0530] {dagbag.py:536} INFO - Filling up the DagBag from /Users/ramesharra/airflow310/lib/python3.10/site-packages/airflow/example_dags/example_branch_datetime_operator.py
[2025-12-08T14:45:07.044+0530] {processor.py:839} INFO - DAG(s) dict_keys(['example_branch_datetime_operator', 'example_branch_datetime_operator_2', 'example_branch_datetime_operator_3']) retrieved from /Users/ramesharra/airflow310/lib/python3.10/site-packages/airflow/example_dags/example_branch_datetime_operator.py
[2025-12-08T14:45:07.148+0530] {logging_mixin.py:154} INFO - [2025-12-08T14:45:07.148+0530] {dag.py:2941} INFO - Sync 3 DAGs
[2025-12-08T14:45:07.159+0530] {logging_mixin.py:154} INFO - [2025-12-08T14:45:07.159+0530] {dag.py:3722} INFO - Setting next_dagrun for example_branch_datetime_operator to 2025-12-07T00:00:00+00:00, run_after=2025-12-08T00:00:00+00:00
[2025-12-08T14:45:07.161+0530] {logging_mixin.py:154} INFO - [2025-12-08T14:45:07.161+0530] {dag.py:3722} INFO - Setting next_dagrun for example_branch_datetime_operator_2 to 2025-12-07T00:00:00+00:00, run_after=2025-12-08T00:00:00+00:00
[2025-12-08T14:45:07.163+0530] {logging_mixin.py:154} INFO - [2025-12-08T14:45:07.162+0530] {dag.py:3722} INFO - Setting next_dagrun for example_branch_datetime_operator_3 to 2025-12-07T00:00:00+00:00, run_after=2025-12-08T00:00:00+00:00
[2025-12-08T14:45:07.173+0530] {processor.py:179} INFO - Processing /Users/ramesharra/airflow310/lib/python3.10/site-packages/airflow/example_dags/example_branch_datetime_operator.py took 0.149 seconds
[2025-12-08T14:47:17.531+0530] {processor.py:157} INFO - Started process (PID=13849) to work on /Users/ramesharra/airflow310/lib/python3.10/site-packages/airflow/example_dags/example_branch_datetime_operator.py
[2025-12-08T14:47:17.532+0530] {processor.py:829} INFO - Processing file /Users/ramesharra/airflow310/lib/python3.10/site-packages/airflow/example_dags/example_branch_datetime_operator.py for tasks to queue
[2025-12-08T14:47:17.535+0530] {logging_mixin.py:154} INFO - [2025-12-08T14:47:17.535+0530] {dagbag.py:536} INFO - Filling up the DagBag from /Users/ramesharra/airflow310/lib/python3.10/site-packages/airflow/example_dags/example_branch_datetime_operator.py
[2025-12-08T14:47:17.556+0530] {processor.py:839} INFO - DAG(s) dict_keys(['example_branch_datetime_operator', 'example_branch_datetime_operator_2', 'example_branch_datetime_operator_3']) retrieved from /Users/ramesharra/airflow310/lib/python3.10/site-packages/airflow/example_dags/example_branch_datetime_operator.py
[2025-12-08T14:47:17.676+0530] {logging_mixin.py:154} INFO - [2025-12-08T14:47:17.675+0530] {dag.py:2941} INFO - Sync 3 DAGs
[2025-12-08T14:47:17.687+0530] {logging_mixin.py:154} INFO - [2025-12-08T14:47:17.687+0530] {dag.py:3722} INFO - Setting next_dagrun for example_branch_datetime_operator to 2025-12-07T00:00:00+00:00, run_after=2025-12-08T00:00:00+00:00
[2025-12-08T14:47:17.692+0530] {logging_mixin.py:154} INFO - [2025-12-08T14:47:17.691+0530] {dag.py:3722} INFO - Setting next_dagrun for example_branch_datetime_operator_2 to 2025-12-07T00:00:00+00:00, run_after=2025-12-08T00:00:00+00:00
[2025-12-08T14:47:17.693+0530] {logging_mixin.py:154} INFO - [2025-12-08T14:47:17.693+0530] {dag.py:3722} INFO - Setting next_dagrun for example_branch_datetime_operator_3 to 2025-12-07T00:00:00+00:00, run_after=2025-12-08T00:00:00+00:00
[2025-12-08T14:47:17.705+0530] {processor.py:179} INFO - Processing /Users/ramesharra/airflow310/lib/python3.10/site-packages/airflow/example_dags/example_branch_datetime_operator.py took 0.174 seconds
[2025-12-08T14:49:30.704+0530] {processor.py:157} INFO - Started process (PID=14005) to work on /Users/ramesharra/airflow310/lib/python3.10/site-packages/airflow/example_dags/example_branch_datetime_operator.py
[2025-12-08T14:49:30.705+0530] {processor.py:829} INFO - Processing file /Users/ramesharra/airflow310/lib/python3.10/site-packages/airflow/example_dags/example_branch_datetime_operator.py for tasks to queue
[2025-12-08T14:49:30.706+0530] {logging_mixin.py:154} INFO - [2025-12-08T14:49:30.706+0530] {dagbag.py:536} INFO - Filling up the DagBag from /Users/ramesharra/airflow310/lib/python3.10/site-packages/airflow/example_dags/example_branch_datetime_operator.py
[2025-12-08T14:49:30.725+0530] {processor.py:839} INFO - DAG(s) dict_keys(['example_branch_datetime_operator', 'example_branch_datetime_operator_2', 'example_branch_datetime_operator_3']) retrieved from /Users/ramesharra/airflow310/lib/python3.10/site-packages/airflow/example_dags/example_branch_datetime_operator.py
[2025-12-08T14:49:30.831+0530] {logging_mixin.py:154} INFO - [2025-12-08T14:49:30.831+0530] {dag.py:2941} INFO - Sync 3 DAGs
[2025-12-08T14:49:30.843+0530] {logging_mixin.py:154} INFO - [2025-12-08T14:49:30.842+0530] {dag.py:3722} INFO - Setting next_dagrun for example_branch_datetime_operator to 2025-12-07T00:00:00+00:00, run_after=2025-12-08T00:00:00+00:00
[2025-12-08T14:49:30.845+0530] {logging_mixin.py:154} INFO - [2025-12-08T14:49:30.845+0530] {dag.py:3722} INFO - Setting next_dagrun for example_branch_datetime_operator_2 to 2025-12-07T00:00:00+00:00, run_after=2025-12-08T00:00:00+00:00
[2025-12-08T14:49:30.846+0530] {logging_mixin.py:154} INFO - [2025-12-08T14:49:30.846+0530] {dag.py:3722} INFO - Setting next_dagrun for example_branch_datetime_operator_3 to 2025-12-07T00:00:00+00:00, run_after=2025-12-08T00:00:00+00:00
[2025-12-08T14:49:30.857+0530] {processor.py:179} INFO - Processing /Users/ramesharra/airflow310/lib/python3.10/site-packages/airflow/example_dags/example_branch_datetime_operator.py took 0.154 seconds
