[2025-12-08T14:16:05.216+0530] {processor.py:157} INFO - Started process (PID=11602) to work on /Users/ramesharra/airflow310/lib/python3.10/site-packages/airflow/example_dags/example_kubernetes_executor.py
[2025-12-08T14:16:05.216+0530] {processor.py:829} INFO - Processing file /Users/ramesharra/airflow310/lib/python3.10/site-packages/airflow/example_dags/example_kubernetes_executor.py for tasks to queue
[2025-12-08T14:16:05.217+0530] {logging_mixin.py:154} INFO - [2025-12-08T14:16:05.217+0530] {dagbag.py:536} INFO - Filling up the DagBag from /Users/ramesharra/airflow310/lib/python3.10/site-packages/airflow/example_dags/example_kubernetes_executor.py
[2025-12-08T14:16:05.246+0530] {logging_mixin.py:154} INFO - [2025-12-08T14:16:05.246+0530] {example_kubernetes_executor.py:38} WARNING - The example_kubernetes_executor example DAG requires the kubernetes provider. Please install it with: pip install apache-airflow[cncf.kubernetes]
[2025-12-08T14:16:05.246+0530] {processor.py:841} WARNING - No viable dags retrieved from /Users/ramesharra/airflow310/lib/python3.10/site-packages/airflow/example_dags/example_kubernetes_executor.py
[2025-12-08T14:16:05.304+0530] {processor.py:179} INFO - Processing /Users/ramesharra/airflow310/lib/python3.10/site-packages/airflow/example_dags/example_kubernetes_executor.py took 0.089 seconds
[2025-12-08T14:17:43.399+0530] {processor.py:157} INFO - Started process (PID=11731) to work on /Users/ramesharra/airflow310/lib/python3.10/site-packages/airflow/example_dags/example_kubernetes_executor.py
[2025-12-08T14:17:43.400+0530] {processor.py:829} INFO - Processing file /Users/ramesharra/airflow310/lib/python3.10/site-packages/airflow/example_dags/example_kubernetes_executor.py for tasks to queue
[2025-12-08T14:17:43.401+0530] {logging_mixin.py:154} INFO - [2025-12-08T14:17:43.401+0530] {dagbag.py:536} INFO - Filling up the DagBag from /Users/ramesharra/airflow310/lib/python3.10/site-packages/airflow/example_dags/example_kubernetes_executor.py
[2025-12-08T14:17:43.434+0530] {logging_mixin.py:154} INFO - [2025-12-08T14:17:43.433+0530] {example_kubernetes_executor.py:38} WARNING - The example_kubernetes_executor example DAG requires the kubernetes provider. Please install it with: pip install apache-airflow[cncf.kubernetes]
[2025-12-08T14:17:43.434+0530] {processor.py:841} WARNING - No viable dags retrieved from /Users/ramesharra/airflow310/lib/python3.10/site-packages/airflow/example_dags/example_kubernetes_executor.py
[2025-12-08T14:17:43.494+0530] {processor.py:179} INFO - Processing /Users/ramesharra/airflow310/lib/python3.10/site-packages/airflow/example_dags/example_kubernetes_executor.py took 0.095 seconds
[2025-12-08T14:20:53.324+0530] {processor.py:157} INFO - Started process (PID=11890) to work on /Users/ramesharra/airflow310/lib/python3.10/site-packages/airflow/example_dags/example_kubernetes_executor.py
[2025-12-08T14:20:53.324+0530] {processor.py:829} INFO - Processing file /Users/ramesharra/airflow310/lib/python3.10/site-packages/airflow/example_dags/example_kubernetes_executor.py for tasks to queue
[2025-12-08T14:20:53.325+0530] {logging_mixin.py:154} INFO - [2025-12-08T14:20:53.325+0530] {dagbag.py:536} INFO - Filling up the DagBag from /Users/ramesharra/airflow310/lib/python3.10/site-packages/airflow/example_dags/example_kubernetes_executor.py
[2025-12-08T14:20:53.347+0530] {logging_mixin.py:154} INFO - [2025-12-08T14:20:53.347+0530] {example_kubernetes_executor.py:38} WARNING - The example_kubernetes_executor example DAG requires the kubernetes provider. Please install it with: pip install apache-airflow[cncf.kubernetes]
[2025-12-08T14:20:53.347+0530] {processor.py:841} WARNING - No viable dags retrieved from /Users/ramesharra/airflow310/lib/python3.10/site-packages/airflow/example_dags/example_kubernetes_executor.py
[2025-12-08T14:20:53.395+0530] {processor.py:179} INFO - Processing /Users/ramesharra/airflow310/lib/python3.10/site-packages/airflow/example_dags/example_kubernetes_executor.py took 0.072 seconds
[2025-12-08T14:22:58.755+0530] {processor.py:157} INFO - Started process (PID=12038) to work on /Users/ramesharra/airflow310/lib/python3.10/site-packages/airflow/example_dags/example_kubernetes_executor.py
[2025-12-08T14:22:58.756+0530] {processor.py:829} INFO - Processing file /Users/ramesharra/airflow310/lib/python3.10/site-packages/airflow/example_dags/example_kubernetes_executor.py for tasks to queue
[2025-12-08T14:22:58.757+0530] {logging_mixin.py:154} INFO - [2025-12-08T14:22:58.757+0530] {dagbag.py:536} INFO - Filling up the DagBag from /Users/ramesharra/airflow310/lib/python3.10/site-packages/airflow/example_dags/example_kubernetes_executor.py
[2025-12-08T14:22:58.790+0530] {logging_mixin.py:154} INFO - [2025-12-08T14:22:58.789+0530] {example_kubernetes_executor.py:38} WARNING - The example_kubernetes_executor example DAG requires the kubernetes provider. Please install it with: pip install apache-airflow[cncf.kubernetes]
[2025-12-08T14:22:58.790+0530] {processor.py:841} WARNING - No viable dags retrieved from /Users/ramesharra/airflow310/lib/python3.10/site-packages/airflow/example_dags/example_kubernetes_executor.py
[2025-12-08T14:22:58.852+0530] {processor.py:179} INFO - Processing /Users/ramesharra/airflow310/lib/python3.10/site-packages/airflow/example_dags/example_kubernetes_executor.py took 0.097 seconds
[2025-12-08T14:25:05.561+0530] {processor.py:157} INFO - Started process (PID=12350) to work on /Users/ramesharra/airflow310/lib/python3.10/site-packages/airflow/example_dags/example_kubernetes_executor.py
[2025-12-08T14:25:05.562+0530] {processor.py:829} INFO - Processing file /Users/ramesharra/airflow310/lib/python3.10/site-packages/airflow/example_dags/example_kubernetes_executor.py for tasks to queue
[2025-12-08T14:25:05.563+0530] {logging_mixin.py:154} INFO - [2025-12-08T14:25:05.563+0530] {dagbag.py:536} INFO - Filling up the DagBag from /Users/ramesharra/airflow310/lib/python3.10/site-packages/airflow/example_dags/example_kubernetes_executor.py
[2025-12-08T14:25:05.594+0530] {logging_mixin.py:154} INFO - [2025-12-08T14:25:05.594+0530] {example_kubernetes_executor.py:38} WARNING - The example_kubernetes_executor example DAG requires the kubernetes provider. Please install it with: pip install apache-airflow[cncf.kubernetes]
[2025-12-08T14:25:05.594+0530] {processor.py:841} WARNING - No viable dags retrieved from /Users/ramesharra/airflow310/lib/python3.10/site-packages/airflow/example_dags/example_kubernetes_executor.py
[2025-12-08T14:25:05.664+0530] {processor.py:179} INFO - Processing /Users/ramesharra/airflow310/lib/python3.10/site-packages/airflow/example_dags/example_kubernetes_executor.py took 0.104 seconds
[2025-12-08T14:26:49.979+0530] {processor.py:157} INFO - Started process (PID=12470) to work on /Users/ramesharra/airflow310/lib/python3.10/site-packages/airflow/example_dags/example_kubernetes_executor.py
[2025-12-08T14:26:49.980+0530] {processor.py:829} INFO - Processing file /Users/ramesharra/airflow310/lib/python3.10/site-packages/airflow/example_dags/example_kubernetes_executor.py for tasks to queue
[2025-12-08T14:26:49.981+0530] {logging_mixin.py:154} INFO - [2025-12-08T14:26:49.981+0530] {dagbag.py:536} INFO - Filling up the DagBag from /Users/ramesharra/airflow310/lib/python3.10/site-packages/airflow/example_dags/example_kubernetes_executor.py
[2025-12-08T14:26:50.011+0530] {logging_mixin.py:154} INFO - [2025-12-08T14:26:50.011+0530] {example_kubernetes_executor.py:38} WARNING - The example_kubernetes_executor example DAG requires the kubernetes provider. Please install it with: pip install apache-airflow[cncf.kubernetes]
[2025-12-08T14:26:50.011+0530] {processor.py:841} WARNING - No viable dags retrieved from /Users/ramesharra/airflow310/lib/python3.10/site-packages/airflow/example_dags/example_kubernetes_executor.py
[2025-12-08T14:26:50.076+0530] {processor.py:179} INFO - Processing /Users/ramesharra/airflow310/lib/python3.10/site-packages/airflow/example_dags/example_kubernetes_executor.py took 0.098 seconds
[2025-12-08T14:29:41.425+0530] {processor.py:157} INFO - Started process (PID=12649) to work on /Users/ramesharra/airflow310/lib/python3.10/site-packages/airflow/example_dags/example_kubernetes_executor.py
[2025-12-08T14:29:41.426+0530] {processor.py:829} INFO - Processing file /Users/ramesharra/airflow310/lib/python3.10/site-packages/airflow/example_dags/example_kubernetes_executor.py for tasks to queue
[2025-12-08T14:29:41.427+0530] {logging_mixin.py:154} INFO - [2025-12-08T14:29:41.427+0530] {dagbag.py:536} INFO - Filling up the DagBag from /Users/ramesharra/airflow310/lib/python3.10/site-packages/airflow/example_dags/example_kubernetes_executor.py
[2025-12-08T14:29:41.456+0530] {logging_mixin.py:154} INFO - [2025-12-08T14:29:41.456+0530] {example_kubernetes_executor.py:38} WARNING - The example_kubernetes_executor example DAG requires the kubernetes provider. Please install it with: pip install apache-airflow[cncf.kubernetes]
[2025-12-08T14:29:41.456+0530] {processor.py:841} WARNING - No viable dags retrieved from /Users/ramesharra/airflow310/lib/python3.10/site-packages/airflow/example_dags/example_kubernetes_executor.py
[2025-12-08T14:29:41.518+0530] {processor.py:179} INFO - Processing /Users/ramesharra/airflow310/lib/python3.10/site-packages/airflow/example_dags/example_kubernetes_executor.py took 0.094 seconds
[2025-12-08T14:31:46.328+0530] {processor.py:157} INFO - Started process (PID=12783) to work on /Users/ramesharra/airflow310/lib/python3.10/site-packages/airflow/example_dags/example_kubernetes_executor.py
[2025-12-08T14:31:46.329+0530] {processor.py:829} INFO - Processing file /Users/ramesharra/airflow310/lib/python3.10/site-packages/airflow/example_dags/example_kubernetes_executor.py for tasks to queue
[2025-12-08T14:31:46.330+0530] {logging_mixin.py:154} INFO - [2025-12-08T14:31:46.330+0530] {dagbag.py:536} INFO - Filling up the DagBag from /Users/ramesharra/airflow310/lib/python3.10/site-packages/airflow/example_dags/example_kubernetes_executor.py
[2025-12-08T14:31:46.372+0530] {logging_mixin.py:154} INFO - [2025-12-08T14:31:46.372+0530] {example_kubernetes_executor.py:38} WARNING - The example_kubernetes_executor example DAG requires the kubernetes provider. Please install it with: pip install apache-airflow[cncf.kubernetes]
[2025-12-08T14:31:46.372+0530] {processor.py:841} WARNING - No viable dags retrieved from /Users/ramesharra/airflow310/lib/python3.10/site-packages/airflow/example_dags/example_kubernetes_executor.py
[2025-12-08T14:31:46.467+0530] {processor.py:179} INFO - Processing /Users/ramesharra/airflow310/lib/python3.10/site-packages/airflow/example_dags/example_kubernetes_executor.py took 0.140 seconds
[2025-12-08T14:33:49.441+0530] {processor.py:157} INFO - Started process (PID=12931) to work on /Users/ramesharra/airflow310/lib/python3.10/site-packages/airflow/example_dags/example_kubernetes_executor.py
[2025-12-08T14:33:49.442+0530] {processor.py:829} INFO - Processing file /Users/ramesharra/airflow310/lib/python3.10/site-packages/airflow/example_dags/example_kubernetes_executor.py for tasks to queue
[2025-12-08T14:33:49.443+0530] {logging_mixin.py:154} INFO - [2025-12-08T14:33:49.443+0530] {dagbag.py:536} INFO - Filling up the DagBag from /Users/ramesharra/airflow310/lib/python3.10/site-packages/airflow/example_dags/example_kubernetes_executor.py
[2025-12-08T14:33:49.474+0530] {logging_mixin.py:154} INFO - [2025-12-08T14:33:49.474+0530] {example_kubernetes_executor.py:38} WARNING - The example_kubernetes_executor example DAG requires the kubernetes provider. Please install it with: pip install apache-airflow[cncf.kubernetes]
[2025-12-08T14:33:49.474+0530] {processor.py:841} WARNING - No viable dags retrieved from /Users/ramesharra/airflow310/lib/python3.10/site-packages/airflow/example_dags/example_kubernetes_executor.py
[2025-12-08T14:33:49.540+0530] {processor.py:179} INFO - Processing /Users/ramesharra/airflow310/lib/python3.10/site-packages/airflow/example_dags/example_kubernetes_executor.py took 0.099 seconds
[2025-12-08T14:35:58.281+0530] {processor.py:157} INFO - Started process (PID=13079) to work on /Users/ramesharra/airflow310/lib/python3.10/site-packages/airflow/example_dags/example_kubernetes_executor.py
[2025-12-08T14:35:58.282+0530] {processor.py:829} INFO - Processing file /Users/ramesharra/airflow310/lib/python3.10/site-packages/airflow/example_dags/example_kubernetes_executor.py for tasks to queue
[2025-12-08T14:35:58.284+0530] {logging_mixin.py:154} INFO - [2025-12-08T14:35:58.284+0530] {dagbag.py:536} INFO - Filling up the DagBag from /Users/ramesharra/airflow310/lib/python3.10/site-packages/airflow/example_dags/example_kubernetes_executor.py
[2025-12-08T14:35:58.323+0530] {logging_mixin.py:154} INFO - [2025-12-08T14:35:58.323+0530] {example_kubernetes_executor.py:38} WARNING - The example_kubernetes_executor example DAG requires the kubernetes provider. Please install it with: pip install apache-airflow[cncf.kubernetes]
[2025-12-08T14:35:58.323+0530] {processor.py:841} WARNING - No viable dags retrieved from /Users/ramesharra/airflow310/lib/python3.10/site-packages/airflow/example_dags/example_kubernetes_executor.py
[2025-12-08T14:35:58.398+0530] {processor.py:179} INFO - Processing /Users/ramesharra/airflow310/lib/python3.10/site-packages/airflow/example_dags/example_kubernetes_executor.py took 0.117 seconds
[2025-12-08T14:38:09.457+0530] {processor.py:157} INFO - Started process (PID=13219) to work on /Users/ramesharra/airflow310/lib/python3.10/site-packages/airflow/example_dags/example_kubernetes_executor.py
[2025-12-08T14:38:09.458+0530] {processor.py:829} INFO - Processing file /Users/ramesharra/airflow310/lib/python3.10/site-packages/airflow/example_dags/example_kubernetes_executor.py for tasks to queue
[2025-12-08T14:38:09.461+0530] {logging_mixin.py:154} INFO - [2025-12-08T14:38:09.461+0530] {dagbag.py:536} INFO - Filling up the DagBag from /Users/ramesharra/airflow310/lib/python3.10/site-packages/airflow/example_dags/example_kubernetes_executor.py
[2025-12-08T14:38:09.496+0530] {logging_mixin.py:154} INFO - [2025-12-08T14:38:09.496+0530] {example_kubernetes_executor.py:38} WARNING - The example_kubernetes_executor example DAG requires the kubernetes provider. Please install it with: pip install apache-airflow[cncf.kubernetes]
[2025-12-08T14:38:09.496+0530] {processor.py:841} WARNING - No viable dags retrieved from /Users/ramesharra/airflow310/lib/python3.10/site-packages/airflow/example_dags/example_kubernetes_executor.py
[2025-12-08T14:38:09.576+0530] {processor.py:179} INFO - Processing /Users/ramesharra/airflow310/lib/python3.10/site-packages/airflow/example_dags/example_kubernetes_executor.py took 0.120 seconds
[2025-12-08T14:40:23.646+0530] {processor.py:157} INFO - Started process (PID=13389) to work on /Users/ramesharra/airflow310/lib/python3.10/site-packages/airflow/example_dags/example_kubernetes_executor.py
[2025-12-08T14:40:23.646+0530] {processor.py:829} INFO - Processing file /Users/ramesharra/airflow310/lib/python3.10/site-packages/airflow/example_dags/example_kubernetes_executor.py for tasks to queue
[2025-12-08T14:40:23.648+0530] {logging_mixin.py:154} INFO - [2025-12-08T14:40:23.648+0530] {dagbag.py:536} INFO - Filling up the DagBag from /Users/ramesharra/airflow310/lib/python3.10/site-packages/airflow/example_dags/example_kubernetes_executor.py
[2025-12-08T14:40:23.677+0530] {logging_mixin.py:154} INFO - [2025-12-08T14:40:23.677+0530] {example_kubernetes_executor.py:38} WARNING - The example_kubernetes_executor example DAG requires the kubernetes provider. Please install it with: pip install apache-airflow[cncf.kubernetes]
[2025-12-08T14:40:23.678+0530] {processor.py:841} WARNING - No viable dags retrieved from /Users/ramesharra/airflow310/lib/python3.10/site-packages/airflow/example_dags/example_kubernetes_executor.py
[2025-12-08T14:40:23.742+0530] {processor.py:179} INFO - Processing /Users/ramesharra/airflow310/lib/python3.10/site-packages/airflow/example_dags/example_kubernetes_executor.py took 0.096 seconds
[2025-12-08T14:42:36.769+0530] {processor.py:157} INFO - Started process (PID=13536) to work on /Users/ramesharra/airflow310/lib/python3.10/site-packages/airflow/example_dags/example_kubernetes_executor.py
[2025-12-08T14:42:36.771+0530] {processor.py:829} INFO - Processing file /Users/ramesharra/airflow310/lib/python3.10/site-packages/airflow/example_dags/example_kubernetes_executor.py for tasks to queue
[2025-12-08T14:42:36.773+0530] {logging_mixin.py:154} INFO - [2025-12-08T14:42:36.773+0530] {dagbag.py:536} INFO - Filling up the DagBag from /Users/ramesharra/airflow310/lib/python3.10/site-packages/airflow/example_dags/example_kubernetes_executor.py
[2025-12-08T14:42:36.805+0530] {logging_mixin.py:154} INFO - [2025-12-08T14:42:36.805+0530] {example_kubernetes_executor.py:38} WARNING - The example_kubernetes_executor example DAG requires the kubernetes provider. Please install it with: pip install apache-airflow[cncf.kubernetes]
[2025-12-08T14:42:36.805+0530] {processor.py:841} WARNING - No viable dags retrieved from /Users/ramesharra/airflow310/lib/python3.10/site-packages/airflow/example_dags/example_kubernetes_executor.py
[2025-12-08T14:42:36.869+0530] {processor.py:179} INFO - Processing /Users/ramesharra/airflow310/lib/python3.10/site-packages/airflow/example_dags/example_kubernetes_executor.py took 0.100 seconds
[2025-12-08T14:44:42.860+0530] {processor.py:157} INFO - Started process (PID=13673) to work on /Users/ramesharra/airflow310/lib/python3.10/site-packages/airflow/example_dags/example_kubernetes_executor.py
[2025-12-08T14:44:42.861+0530] {processor.py:829} INFO - Processing file /Users/ramesharra/airflow310/lib/python3.10/site-packages/airflow/example_dags/example_kubernetes_executor.py for tasks to queue
[2025-12-08T14:44:42.862+0530] {logging_mixin.py:154} INFO - [2025-12-08T14:44:42.862+0530] {dagbag.py:536} INFO - Filling up the DagBag from /Users/ramesharra/airflow310/lib/python3.10/site-packages/airflow/example_dags/example_kubernetes_executor.py
[2025-12-08T14:44:42.891+0530] {logging_mixin.py:154} INFO - [2025-12-08T14:44:42.891+0530] {example_kubernetes_executor.py:38} WARNING - The example_kubernetes_executor example DAG requires the kubernetes provider. Please install it with: pip install apache-airflow[cncf.kubernetes]
[2025-12-08T14:44:42.892+0530] {processor.py:841} WARNING - No viable dags retrieved from /Users/ramesharra/airflow310/lib/python3.10/site-packages/airflow/example_dags/example_kubernetes_executor.py
[2025-12-08T14:44:42.958+0530] {processor.py:179} INFO - Processing /Users/ramesharra/airflow310/lib/python3.10/site-packages/airflow/example_dags/example_kubernetes_executor.py took 0.099 seconds
[2025-12-08T14:46:50.412+0530] {processor.py:157} INFO - Started process (PID=13821) to work on /Users/ramesharra/airflow310/lib/python3.10/site-packages/airflow/example_dags/example_kubernetes_executor.py
[2025-12-08T14:46:50.413+0530] {processor.py:829} INFO - Processing file /Users/ramesharra/airflow310/lib/python3.10/site-packages/airflow/example_dags/example_kubernetes_executor.py for tasks to queue
[2025-12-08T14:46:50.414+0530] {logging_mixin.py:154} INFO - [2025-12-08T14:46:50.414+0530] {dagbag.py:536} INFO - Filling up the DagBag from /Users/ramesharra/airflow310/lib/python3.10/site-packages/airflow/example_dags/example_kubernetes_executor.py
[2025-12-08T14:46:50.445+0530] {logging_mixin.py:154} INFO - [2025-12-08T14:46:50.445+0530] {example_kubernetes_executor.py:38} WARNING - The example_kubernetes_executor example DAG requires the kubernetes provider. Please install it with: pip install apache-airflow[cncf.kubernetes]
[2025-12-08T14:46:50.446+0530] {processor.py:841} WARNING - No viable dags retrieved from /Users/ramesharra/airflow310/lib/python3.10/site-packages/airflow/example_dags/example_kubernetes_executor.py
[2025-12-08T14:46:50.513+0530] {processor.py:179} INFO - Processing /Users/ramesharra/airflow310/lib/python3.10/site-packages/airflow/example_dags/example_kubernetes_executor.py took 0.102 seconds
[2025-12-08T14:48:29.050+0530] {processor.py:157} INFO - Started process (PID=13932) to work on /Users/ramesharra/airflow310/lib/python3.10/site-packages/airflow/example_dags/example_kubernetes_executor.py
[2025-12-08T14:48:29.051+0530] {processor.py:829} INFO - Processing file /Users/ramesharra/airflow310/lib/python3.10/site-packages/airflow/example_dags/example_kubernetes_executor.py for tasks to queue
[2025-12-08T14:48:29.052+0530] {logging_mixin.py:154} INFO - [2025-12-08T14:48:29.052+0530] {dagbag.py:536} INFO - Filling up the DagBag from /Users/ramesharra/airflow310/lib/python3.10/site-packages/airflow/example_dags/example_kubernetes_executor.py
[2025-12-08T14:48:29.087+0530] {logging_mixin.py:154} INFO - [2025-12-08T14:48:29.087+0530] {example_kubernetes_executor.py:38} WARNING - The example_kubernetes_executor example DAG requires the kubernetes provider. Please install it with: pip install apache-airflow[cncf.kubernetes]
[2025-12-08T14:48:29.087+0530] {processor.py:841} WARNING - No viable dags retrieved from /Users/ramesharra/airflow310/lib/python3.10/site-packages/airflow/example_dags/example_kubernetes_executor.py
[2025-12-08T14:48:29.152+0530] {processor.py:179} INFO - Processing /Users/ramesharra/airflow310/lib/python3.10/site-packages/airflow/example_dags/example_kubernetes_executor.py took 0.103 seconds
[2025-12-08T14:50:41.322+0530] {processor.py:157} INFO - Started process (PID=14089) to work on /Users/ramesharra/airflow310/lib/python3.10/site-packages/airflow/example_dags/example_kubernetes_executor.py
[2025-12-08T14:50:41.323+0530] {processor.py:829} INFO - Processing file /Users/ramesharra/airflow310/lib/python3.10/site-packages/airflow/example_dags/example_kubernetes_executor.py for tasks to queue
[2025-12-08T14:50:41.325+0530] {logging_mixin.py:154} INFO - [2025-12-08T14:50:41.325+0530] {dagbag.py:536} INFO - Filling up the DagBag from /Users/ramesharra/airflow310/lib/python3.10/site-packages/airflow/example_dags/example_kubernetes_executor.py
[2025-12-08T14:50:41.358+0530] {logging_mixin.py:154} INFO - [2025-12-08T14:50:41.358+0530] {example_kubernetes_executor.py:38} WARNING - The example_kubernetes_executor example DAG requires the kubernetes provider. Please install it with: pip install apache-airflow[cncf.kubernetes]
[2025-12-08T14:50:41.358+0530] {processor.py:841} WARNING - No viable dags retrieved from /Users/ramesharra/airflow310/lib/python3.10/site-packages/airflow/example_dags/example_kubernetes_executor.py
[2025-12-08T14:50:41.440+0530] {processor.py:179} INFO - Processing /Users/ramesharra/airflow310/lib/python3.10/site-packages/airflow/example_dags/example_kubernetes_executor.py took 0.118 seconds
