[2025-12-08T14:16:11.514+0530] {processor.py:157} INFO - Started process (PID=11610) to work on /Users/ramesharra/airflow310/lib/python3.10/site-packages/airflow/example_dags/example_dynamic_task_mapping.py
[2025-12-08T14:16:11.514+0530] {processor.py:829} INFO - Processing file /Users/ramesharra/airflow310/lib/python3.10/site-packages/airflow/example_dags/example_dynamic_task_mapping.py for tasks to queue
[2025-12-08T14:16:11.515+0530] {logging_mixin.py:154} INFO - [2025-12-08T14:16:11.515+0530] {dagbag.py:536} INFO - Filling up the DagBag from /Users/ramesharra/airflow310/lib/python3.10/site-packages/airflow/example_dags/example_dynamic_task_mapping.py
[2025-12-08T14:16:11.544+0530] {processor.py:839} INFO - DAG(s) dict_keys(['example_dynamic_task_mapping']) retrieved from /Users/ramesharra/airflow310/lib/python3.10/site-packages/airflow/example_dags/example_dynamic_task_mapping.py
[2025-12-08T14:16:11.856+0530] {logging_mixin.py:154} INFO - [2025-12-08T14:16:11.856+0530] {manager.py:499} INFO - Created Permission View: %s
[2025-12-08T14:16:11.861+0530] {logging_mixin.py:154} INFO - [2025-12-08T14:16:11.861+0530] {manager.py:499} INFO - Created Permission View: %s
[2025-12-08T14:16:11.864+0530] {logging_mixin.py:154} INFO - [2025-12-08T14:16:11.864+0530] {manager.py:499} INFO - Created Permission View: %s
[2025-12-08T14:16:11.864+0530] {logging_mixin.py:154} INFO - [2025-12-08T14:16:11.864+0530] {dag.py:2941} INFO - Sync 1 DAGs
[2025-12-08T14:16:11.869+0530] {logging_mixin.py:154} INFO - [2025-12-08T14:16:11.869+0530] {dag.py:2963} INFO - Creating ORM DAG for example_dynamic_task_mapping
[2025-12-08T14:16:11.873+0530] {logging_mixin.py:154} INFO - [2025-12-08T14:16:11.873+0530] {dag.py:3722} INFO - Setting next_dagrun for example_dynamic_task_mapping to 2022-03-04T00:00:00+00:00, run_after=2022-03-05T00:00:00+00:00
[2025-12-08T14:16:11.882+0530] {processor.py:179} INFO - Processing /Users/ramesharra/airflow310/lib/python3.10/site-packages/airflow/example_dags/example_dynamic_task_mapping.py took 0.369 seconds
[2025-12-08T14:20:58.527+0530] {processor.py:157} INFO - Started process (PID=11894) to work on /Users/ramesharra/airflow310/lib/python3.10/site-packages/airflow/example_dags/example_dynamic_task_mapping.py
[2025-12-08T14:20:58.528+0530] {processor.py:829} INFO - Processing file /Users/ramesharra/airflow310/lib/python3.10/site-packages/airflow/example_dags/example_dynamic_task_mapping.py for tasks to queue
[2025-12-08T14:20:58.529+0530] {logging_mixin.py:154} INFO - [2025-12-08T14:20:58.529+0530] {dagbag.py:536} INFO - Filling up the DagBag from /Users/ramesharra/airflow310/lib/python3.10/site-packages/airflow/example_dags/example_dynamic_task_mapping.py
[2025-12-08T14:20:58.559+0530] {processor.py:839} INFO - DAG(s) dict_keys(['example_dynamic_task_mapping']) retrieved from /Users/ramesharra/airflow310/lib/python3.10/site-packages/airflow/example_dags/example_dynamic_task_mapping.py
[2025-12-08T14:20:58.644+0530] {logging_mixin.py:154} INFO - [2025-12-08T14:20:58.643+0530] {dag.py:2941} INFO - Sync 1 DAGs
[2025-12-08T14:20:58.652+0530] {logging_mixin.py:154} INFO - [2025-12-08T14:20:58.652+0530] {dag.py:3722} INFO - Setting next_dagrun for example_dynamic_task_mapping to 2022-03-04T00:00:00+00:00, run_after=2022-03-05T00:00:00+00:00
[2025-12-08T14:20:58.664+0530] {processor.py:179} INFO - Processing /Users/ramesharra/airflow310/lib/python3.10/site-packages/airflow/example_dags/example_dynamic_task_mapping.py took 0.137 seconds
[2025-12-08T14:23:04.547+0530] {processor.py:157} INFO - Started process (PID=12200) to work on /Users/ramesharra/airflow310/lib/python3.10/site-packages/airflow/example_dags/example_dynamic_task_mapping.py
[2025-12-08T14:23:04.547+0530] {processor.py:829} INFO - Processing file /Users/ramesharra/airflow310/lib/python3.10/site-packages/airflow/example_dags/example_dynamic_task_mapping.py for tasks to queue
[2025-12-08T14:23:04.549+0530] {logging_mixin.py:154} INFO - [2025-12-08T14:23:04.549+0530] {dagbag.py:536} INFO - Filling up the DagBag from /Users/ramesharra/airflow310/lib/python3.10/site-packages/airflow/example_dags/example_dynamic_task_mapping.py
[2025-12-08T14:23:04.591+0530] {processor.py:839} INFO - DAG(s) dict_keys(['example_dynamic_task_mapping']) retrieved from /Users/ramesharra/airflow310/lib/python3.10/site-packages/airflow/example_dags/example_dynamic_task_mapping.py
[2025-12-08T14:23:04.769+0530] {logging_mixin.py:154} INFO - [2025-12-08T14:23:04.769+0530] {dag.py:2941} INFO - Sync 1 DAGs
[2025-12-08T14:23:04.785+0530] {logging_mixin.py:154} INFO - [2025-12-08T14:23:04.785+0530] {dag.py:3722} INFO - Setting next_dagrun for example_dynamic_task_mapping to 2022-03-04T00:00:00+00:00, run_after=2022-03-05T00:00:00+00:00
[2025-12-08T14:23:04.806+0530] {processor.py:179} INFO - Processing /Users/ramesharra/airflow310/lib/python3.10/site-packages/airflow/example_dags/example_dynamic_task_mapping.py took 0.261 seconds
[2025-12-08T14:25:11.919+0530] {processor.py:157} INFO - Started process (PID=12356) to work on /Users/ramesharra/airflow310/lib/python3.10/site-packages/airflow/example_dags/example_dynamic_task_mapping.py
[2025-12-08T14:25:11.920+0530] {processor.py:829} INFO - Processing file /Users/ramesharra/airflow310/lib/python3.10/site-packages/airflow/example_dags/example_dynamic_task_mapping.py for tasks to queue
[2025-12-08T14:25:11.921+0530] {logging_mixin.py:154} INFO - [2025-12-08T14:25:11.921+0530] {dagbag.py:536} INFO - Filling up the DagBag from /Users/ramesharra/airflow310/lib/python3.10/site-packages/airflow/example_dags/example_dynamic_task_mapping.py
[2025-12-08T14:25:11.954+0530] {processor.py:839} INFO - DAG(s) dict_keys(['example_dynamic_task_mapping']) retrieved from /Users/ramesharra/airflow310/lib/python3.10/site-packages/airflow/example_dags/example_dynamic_task_mapping.py
[2025-12-08T14:25:12.051+0530] {logging_mixin.py:154} INFO - [2025-12-08T14:25:12.051+0530] {dag.py:2941} INFO - Sync 1 DAGs
[2025-12-08T14:25:12.061+0530] {logging_mixin.py:154} INFO - [2025-12-08T14:25:12.060+0530] {dag.py:3722} INFO - Setting next_dagrun for example_dynamic_task_mapping to 2022-03-04T00:00:00+00:00, run_after=2022-03-05T00:00:00+00:00
[2025-12-08T14:25:12.072+0530] {processor.py:179} INFO - Processing /Users/ramesharra/airflow310/lib/python3.10/site-packages/airflow/example_dags/example_dynamic_task_mapping.py took 0.153 seconds
[2025-12-08T14:26:56.119+0530] {processor.py:157} INFO - Started process (PID=12480) to work on /Users/ramesharra/airflow310/lib/python3.10/site-packages/airflow/example_dags/example_dynamic_task_mapping.py
[2025-12-08T14:26:56.120+0530] {processor.py:829} INFO - Processing file /Users/ramesharra/airflow310/lib/python3.10/site-packages/airflow/example_dags/example_dynamic_task_mapping.py for tasks to queue
[2025-12-08T14:26:56.121+0530] {logging_mixin.py:154} INFO - [2025-12-08T14:26:56.121+0530] {dagbag.py:536} INFO - Filling up the DagBag from /Users/ramesharra/airflow310/lib/python3.10/site-packages/airflow/example_dags/example_dynamic_task_mapping.py
[2025-12-08T14:26:56.158+0530] {processor.py:839} INFO - DAG(s) dict_keys(['example_dynamic_task_mapping']) retrieved from /Users/ramesharra/airflow310/lib/python3.10/site-packages/airflow/example_dags/example_dynamic_task_mapping.py
[2025-12-08T14:26:56.265+0530] {logging_mixin.py:154} INFO - [2025-12-08T14:26:56.265+0530] {dag.py:2941} INFO - Sync 1 DAGs
[2025-12-08T14:26:56.275+0530] {logging_mixin.py:154} INFO - [2025-12-08T14:26:56.275+0530] {dag.py:3722} INFO - Setting next_dagrun for example_dynamic_task_mapping to 2022-03-04T00:00:00+00:00, run_after=2022-03-05T00:00:00+00:00
[2025-12-08T14:26:56.287+0530] {processor.py:179} INFO - Processing /Users/ramesharra/airflow310/lib/python3.10/site-packages/airflow/example_dags/example_dynamic_task_mapping.py took 0.169 seconds
[2025-12-08T14:29:47.278+0530] {processor.py:157} INFO - Started process (PID=12655) to work on /Users/ramesharra/airflow310/lib/python3.10/site-packages/airflow/example_dags/example_dynamic_task_mapping.py
[2025-12-08T14:29:47.279+0530] {processor.py:829} INFO - Processing file /Users/ramesharra/airflow310/lib/python3.10/site-packages/airflow/example_dags/example_dynamic_task_mapping.py for tasks to queue
[2025-12-08T14:29:47.280+0530] {logging_mixin.py:154} INFO - [2025-12-08T14:29:47.280+0530] {dagbag.py:536} INFO - Filling up the DagBag from /Users/ramesharra/airflow310/lib/python3.10/site-packages/airflow/example_dags/example_dynamic_task_mapping.py
[2025-12-08T14:29:47.312+0530] {processor.py:839} INFO - DAG(s) dict_keys(['example_dynamic_task_mapping']) retrieved from /Users/ramesharra/airflow310/lib/python3.10/site-packages/airflow/example_dags/example_dynamic_task_mapping.py
[2025-12-08T14:29:47.405+0530] {logging_mixin.py:154} INFO - [2025-12-08T14:29:47.405+0530] {dag.py:2941} INFO - Sync 1 DAGs
[2025-12-08T14:29:47.413+0530] {logging_mixin.py:154} INFO - [2025-12-08T14:29:47.413+0530] {dag.py:3722} INFO - Setting next_dagrun for example_dynamic_task_mapping to 2022-03-04T00:00:00+00:00, run_after=2022-03-05T00:00:00+00:00
[2025-12-08T14:29:47.424+0530] {processor.py:179} INFO - Processing /Users/ramesharra/airflow310/lib/python3.10/site-packages/airflow/example_dags/example_dynamic_task_mapping.py took 0.146 seconds
[2025-12-08T14:31:52.281+0530] {processor.py:157} INFO - Started process (PID=12794) to work on /Users/ramesharra/airflow310/lib/python3.10/site-packages/airflow/example_dags/example_dynamic_task_mapping.py
[2025-12-08T14:31:52.282+0530] {processor.py:829} INFO - Processing file /Users/ramesharra/airflow310/lib/python3.10/site-packages/airflow/example_dags/example_dynamic_task_mapping.py for tasks to queue
[2025-12-08T14:31:52.283+0530] {logging_mixin.py:154} INFO - [2025-12-08T14:31:52.283+0530] {dagbag.py:536} INFO - Filling up the DagBag from /Users/ramesharra/airflow310/lib/python3.10/site-packages/airflow/example_dags/example_dynamic_task_mapping.py
[2025-12-08T14:31:52.321+0530] {processor.py:839} INFO - DAG(s) dict_keys(['example_dynamic_task_mapping']) retrieved from /Users/ramesharra/airflow310/lib/python3.10/site-packages/airflow/example_dags/example_dynamic_task_mapping.py
[2025-12-08T14:31:52.424+0530] {logging_mixin.py:154} INFO - [2025-12-08T14:31:52.424+0530] {dag.py:2941} INFO - Sync 1 DAGs
[2025-12-08T14:31:52.434+0530] {logging_mixin.py:154} INFO - [2025-12-08T14:31:52.433+0530] {dag.py:3722} INFO - Setting next_dagrun for example_dynamic_task_mapping to 2022-03-04T00:00:00+00:00, run_after=2022-03-05T00:00:00+00:00
[2025-12-08T14:31:52.451+0530] {processor.py:179} INFO - Processing /Users/ramesharra/airflow310/lib/python3.10/site-packages/airflow/example_dags/example_dynamic_task_mapping.py took 0.170 seconds
[2025-12-08T14:33:54.627+0530] {processor.py:157} INFO - Started process (PID=12935) to work on /Users/ramesharra/airflow310/lib/python3.10/site-packages/airflow/example_dags/example_dynamic_task_mapping.py
[2025-12-08T14:33:54.627+0530] {processor.py:829} INFO - Processing file /Users/ramesharra/airflow310/lib/python3.10/site-packages/airflow/example_dags/example_dynamic_task_mapping.py for tasks to queue
[2025-12-08T14:33:54.629+0530] {logging_mixin.py:154} INFO - [2025-12-08T14:33:54.629+0530] {dagbag.py:536} INFO - Filling up the DagBag from /Users/ramesharra/airflow310/lib/python3.10/site-packages/airflow/example_dags/example_dynamic_task_mapping.py
[2025-12-08T14:33:54.660+0530] {processor.py:839} INFO - DAG(s) dict_keys(['example_dynamic_task_mapping']) retrieved from /Users/ramesharra/airflow310/lib/python3.10/site-packages/airflow/example_dags/example_dynamic_task_mapping.py
[2025-12-08T14:33:54.752+0530] {logging_mixin.py:154} INFO - [2025-12-08T14:33:54.752+0530] {dag.py:2941} INFO - Sync 1 DAGs
[2025-12-08T14:33:54.761+0530] {logging_mixin.py:154} INFO - [2025-12-08T14:33:54.761+0530] {dag.py:3722} INFO - Setting next_dagrun for example_dynamic_task_mapping to 2022-03-04T00:00:00+00:00, run_after=2022-03-05T00:00:00+00:00
[2025-12-08T14:33:54.772+0530] {processor.py:179} INFO - Processing /Users/ramesharra/airflow310/lib/python3.10/site-packages/airflow/example_dags/example_dynamic_task_mapping.py took 0.146 seconds
[2025-12-08T14:36:04.388+0530] {processor.py:157} INFO - Started process (PID=13087) to work on /Users/ramesharra/airflow310/lib/python3.10/site-packages/airflow/example_dags/example_dynamic_task_mapping.py
[2025-12-08T14:36:04.389+0530] {processor.py:829} INFO - Processing file /Users/ramesharra/airflow310/lib/python3.10/site-packages/airflow/example_dags/example_dynamic_task_mapping.py for tasks to queue
[2025-12-08T14:36:04.391+0530] {logging_mixin.py:154} INFO - [2025-12-08T14:36:04.391+0530] {dagbag.py:536} INFO - Filling up the DagBag from /Users/ramesharra/airflow310/lib/python3.10/site-packages/airflow/example_dags/example_dynamic_task_mapping.py
[2025-12-08T14:36:04.427+0530] {processor.py:839} INFO - DAG(s) dict_keys(['example_dynamic_task_mapping']) retrieved from /Users/ramesharra/airflow310/lib/python3.10/site-packages/airflow/example_dags/example_dynamic_task_mapping.py
[2025-12-08T14:36:04.538+0530] {logging_mixin.py:154} INFO - [2025-12-08T14:36:04.538+0530] {dag.py:2941} INFO - Sync 1 DAGs
[2025-12-08T14:36:04.547+0530] {logging_mixin.py:154} INFO - [2025-12-08T14:36:04.547+0530] {dag.py:3722} INFO - Setting next_dagrun for example_dynamic_task_mapping to 2022-03-04T00:00:00+00:00, run_after=2022-03-05T00:00:00+00:00
[2025-12-08T14:36:04.560+0530] {processor.py:179} INFO - Processing /Users/ramesharra/airflow310/lib/python3.10/site-packages/airflow/example_dags/example_dynamic_task_mapping.py took 0.172 seconds
[2025-12-08T14:38:15.633+0530] {processor.py:157} INFO - Started process (PID=13226) to work on /Users/ramesharra/airflow310/lib/python3.10/site-packages/airflow/example_dags/example_dynamic_task_mapping.py
[2025-12-08T14:38:15.634+0530] {processor.py:829} INFO - Processing file /Users/ramesharra/airflow310/lib/python3.10/site-packages/airflow/example_dags/example_dynamic_task_mapping.py for tasks to queue
[2025-12-08T14:38:15.637+0530] {logging_mixin.py:154} INFO - [2025-12-08T14:38:15.637+0530] {dagbag.py:536} INFO - Filling up the DagBag from /Users/ramesharra/airflow310/lib/python3.10/site-packages/airflow/example_dags/example_dynamic_task_mapping.py
[2025-12-08T14:38:15.680+0530] {processor.py:839} INFO - DAG(s) dict_keys(['example_dynamic_task_mapping']) retrieved from /Users/ramesharra/airflow310/lib/python3.10/site-packages/airflow/example_dags/example_dynamic_task_mapping.py
[2025-12-08T14:38:15.808+0530] {logging_mixin.py:154} INFO - [2025-12-08T14:38:15.808+0530] {dag.py:2941} INFO - Sync 1 DAGs
[2025-12-08T14:38:15.818+0530] {logging_mixin.py:154} INFO - [2025-12-08T14:38:15.818+0530] {dag.py:3722} INFO - Setting next_dagrun for example_dynamic_task_mapping to 2022-03-04T00:00:00+00:00, run_after=2022-03-05T00:00:00+00:00
[2025-12-08T14:38:15.830+0530] {processor.py:179} INFO - Processing /Users/ramesharra/airflow310/lib/python3.10/site-packages/airflow/example_dags/example_dynamic_task_mapping.py took 0.197 seconds
[2025-12-08T14:40:29.864+0530] {processor.py:157} INFO - Started process (PID=13394) to work on /Users/ramesharra/airflow310/lib/python3.10/site-packages/airflow/example_dags/example_dynamic_task_mapping.py
[2025-12-08T14:40:29.865+0530] {processor.py:829} INFO - Processing file /Users/ramesharra/airflow310/lib/python3.10/site-packages/airflow/example_dags/example_dynamic_task_mapping.py for tasks to queue
[2025-12-08T14:40:29.866+0530] {logging_mixin.py:154} INFO - [2025-12-08T14:40:29.866+0530] {dagbag.py:536} INFO - Filling up the DagBag from /Users/ramesharra/airflow310/lib/python3.10/site-packages/airflow/example_dags/example_dynamic_task_mapping.py
[2025-12-08T14:40:29.901+0530] {processor.py:839} INFO - DAG(s) dict_keys(['example_dynamic_task_mapping']) retrieved from /Users/ramesharra/airflow310/lib/python3.10/site-packages/airflow/example_dags/example_dynamic_task_mapping.py
[2025-12-08T14:40:29.998+0530] {logging_mixin.py:154} INFO - [2025-12-08T14:40:29.997+0530] {dag.py:2941} INFO - Sync 1 DAGs
[2025-12-08T14:40:30.008+0530] {logging_mixin.py:154} INFO - [2025-12-08T14:40:30.007+0530] {dag.py:3722} INFO - Setting next_dagrun for example_dynamic_task_mapping to 2022-03-04T00:00:00+00:00, run_after=2022-03-05T00:00:00+00:00
[2025-12-08T14:40:30.019+0530] {processor.py:179} INFO - Processing /Users/ramesharra/airflow310/lib/python3.10/site-packages/airflow/example_dags/example_dynamic_task_mapping.py took 0.156 seconds
[2025-12-08T14:42:41.693+0530] {processor.py:157} INFO - Started process (PID=13540) to work on /Users/ramesharra/airflow310/lib/python3.10/site-packages/airflow/example_dags/example_dynamic_task_mapping.py
[2025-12-08T14:42:41.693+0530] {processor.py:829} INFO - Processing file /Users/ramesharra/airflow310/lib/python3.10/site-packages/airflow/example_dags/example_dynamic_task_mapping.py for tasks to queue
[2025-12-08T14:42:41.695+0530] {logging_mixin.py:154} INFO - [2025-12-08T14:42:41.695+0530] {dagbag.py:536} INFO - Filling up the DagBag from /Users/ramesharra/airflow310/lib/python3.10/site-packages/airflow/example_dags/example_dynamic_task_mapping.py
[2025-12-08T14:42:41.729+0530] {processor.py:839} INFO - DAG(s) dict_keys(['example_dynamic_task_mapping']) retrieved from /Users/ramesharra/airflow310/lib/python3.10/site-packages/airflow/example_dags/example_dynamic_task_mapping.py
[2025-12-08T14:42:41.828+0530] {logging_mixin.py:154} INFO - [2025-12-08T14:42:41.827+0530] {dag.py:2941} INFO - Sync 1 DAGs
[2025-12-08T14:42:41.837+0530] {logging_mixin.py:154} INFO - [2025-12-08T14:42:41.837+0530] {dag.py:3722} INFO - Setting next_dagrun for example_dynamic_task_mapping to 2022-03-04T00:00:00+00:00, run_after=2022-03-05T00:00:00+00:00
[2025-12-08T14:42:41.850+0530] {processor.py:179} INFO - Processing /Users/ramesharra/airflow310/lib/python3.10/site-packages/airflow/example_dags/example_dynamic_task_mapping.py took 0.157 seconds
[2025-12-08T14:44:48.803+0530] {processor.py:157} INFO - Started process (PID=13676) to work on /Users/ramesharra/airflow310/lib/python3.10/site-packages/airflow/example_dags/example_dynamic_task_mapping.py
[2025-12-08T14:44:48.803+0530] {processor.py:829} INFO - Processing file /Users/ramesharra/airflow310/lib/python3.10/site-packages/airflow/example_dags/example_dynamic_task_mapping.py for tasks to queue
[2025-12-08T14:44:48.805+0530] {logging_mixin.py:154} INFO - [2025-12-08T14:44:48.805+0530] {dagbag.py:536} INFO - Filling up the DagBag from /Users/ramesharra/airflow310/lib/python3.10/site-packages/airflow/example_dags/example_dynamic_task_mapping.py
[2025-12-08T14:44:48.838+0530] {processor.py:839} INFO - DAG(s) dict_keys(['example_dynamic_task_mapping']) retrieved from /Users/ramesharra/airflow310/lib/python3.10/site-packages/airflow/example_dags/example_dynamic_task_mapping.py
[2025-12-08T14:44:48.930+0530] {logging_mixin.py:154} INFO - [2025-12-08T14:44:48.930+0530] {dag.py:2941} INFO - Sync 1 DAGs
[2025-12-08T14:44:48.939+0530] {logging_mixin.py:154} INFO - [2025-12-08T14:44:48.939+0530] {dag.py:3722} INFO - Setting next_dagrun for example_dynamic_task_mapping to 2022-03-04T00:00:00+00:00, run_after=2022-03-05T00:00:00+00:00
[2025-12-08T14:44:48.950+0530] {processor.py:179} INFO - Processing /Users/ramesharra/airflow310/lib/python3.10/site-packages/airflow/example_dags/example_dynamic_task_mapping.py took 0.148 seconds
[2025-12-08T14:46:55.951+0530] {processor.py:157} INFO - Started process (PID=13830) to work on /Users/ramesharra/airflow310/lib/python3.10/site-packages/airflow/example_dags/example_dynamic_task_mapping.py
[2025-12-08T14:46:55.952+0530] {processor.py:829} INFO - Processing file /Users/ramesharra/airflow310/lib/python3.10/site-packages/airflow/example_dags/example_dynamic_task_mapping.py for tasks to queue
[2025-12-08T14:46:55.954+0530] {logging_mixin.py:154} INFO - [2025-12-08T14:46:55.954+0530] {dagbag.py:536} INFO - Filling up the DagBag from /Users/ramesharra/airflow310/lib/python3.10/site-packages/airflow/example_dags/example_dynamic_task_mapping.py
[2025-12-08T14:46:55.990+0530] {processor.py:839} INFO - DAG(s) dict_keys(['example_dynamic_task_mapping']) retrieved from /Users/ramesharra/airflow310/lib/python3.10/site-packages/airflow/example_dags/example_dynamic_task_mapping.py
[2025-12-08T14:46:56.095+0530] {logging_mixin.py:154} INFO - [2025-12-08T14:46:56.094+0530] {dag.py:2941} INFO - Sync 1 DAGs
[2025-12-08T14:46:56.105+0530] {logging_mixin.py:154} INFO - [2025-12-08T14:46:56.105+0530] {dag.py:3722} INFO - Setting next_dagrun for example_dynamic_task_mapping to 2022-03-04T00:00:00+00:00, run_after=2022-03-05T00:00:00+00:00
[2025-12-08T14:46:56.117+0530] {processor.py:179} INFO - Processing /Users/ramesharra/airflow310/lib/python3.10/site-packages/airflow/example_dags/example_dynamic_task_mapping.py took 0.167 seconds
[2025-12-08T14:49:12.569+0530] {processor.py:157} INFO - Started process (PID=13985) to work on /Users/ramesharra/airflow310/lib/python3.10/site-packages/airflow/example_dags/example_dynamic_task_mapping.py
[2025-12-08T14:49:12.570+0530] {processor.py:829} INFO - Processing file /Users/ramesharra/airflow310/lib/python3.10/site-packages/airflow/example_dags/example_dynamic_task_mapping.py for tasks to queue
[2025-12-08T14:49:12.571+0530] {logging_mixin.py:154} INFO - [2025-12-08T14:49:12.571+0530] {dagbag.py:536} INFO - Filling up the DagBag from /Users/ramesharra/airflow310/lib/python3.10/site-packages/airflow/example_dags/example_dynamic_task_mapping.py
[2025-12-08T14:49:12.607+0530] {processor.py:839} INFO - DAG(s) dict_keys(['example_dynamic_task_mapping']) retrieved from /Users/ramesharra/airflow310/lib/python3.10/site-packages/airflow/example_dags/example_dynamic_task_mapping.py
[2025-12-08T14:49:12.706+0530] {logging_mixin.py:154} INFO - [2025-12-08T14:49:12.706+0530] {dag.py:2941} INFO - Sync 1 DAGs
[2025-12-08T14:49:12.716+0530] {logging_mixin.py:154} INFO - [2025-12-08T14:49:12.716+0530] {dag.py:3722} INFO - Setting next_dagrun for example_dynamic_task_mapping to 2022-03-04T00:00:00+00:00, run_after=2022-03-05T00:00:00+00:00
[2025-12-08T14:49:12.729+0530] {processor.py:179} INFO - Processing /Users/ramesharra/airflow310/lib/python3.10/site-packages/airflow/example_dags/example_dynamic_task_mapping.py took 0.160 seconds
