[2025-12-08T14:16:21.367+0530] {processor.py:157} INFO - Started process (PID=11623) to work on /Users/ramesharra/airflow310/lib/python3.10/site-packages/airflow/example_dags/example_branch_python_dop_operator_3.py
[2025-12-08T14:16:21.368+0530] {processor.py:829} INFO - Processing file /Users/ramesharra/airflow310/lib/python3.10/site-packages/airflow/example_dags/example_branch_python_dop_operator_3.py for tasks to queue
[2025-12-08T14:16:21.370+0530] {logging_mixin.py:154} INFO - [2025-12-08T14:16:21.370+0530] {dagbag.py:536} INFO - Filling up the DagBag from /Users/ramesharra/airflow310/lib/python3.10/site-packages/airflow/example_dags/example_branch_python_dop_operator_3.py
[2025-12-08T14:16:21.416+0530] {processor.py:839} INFO - DAG(s) dict_keys(['example_branch_dop_operator_v3']) retrieved from /Users/ramesharra/airflow310/lib/python3.10/site-packages/airflow/example_dags/example_branch_python_dop_operator_3.py
[2025-12-08T14:16:21.823+0530] {logging_mixin.py:154} INFO - [2025-12-08T14:16:21.823+0530] {manager.py:499} INFO - Created Permission View: %s
[2025-12-08T14:16:21.829+0530] {logging_mixin.py:154} INFO - [2025-12-08T14:16:21.829+0530] {manager.py:499} INFO - Created Permission View: %s
[2025-12-08T14:16:21.832+0530] {logging_mixin.py:154} INFO - [2025-12-08T14:16:21.832+0530] {manager.py:499} INFO - Created Permission View: %s
[2025-12-08T14:16:21.832+0530] {logging_mixin.py:154} INFO - [2025-12-08T14:16:21.832+0530] {dag.py:2941} INFO - Sync 1 DAGs
[2025-12-08T14:16:21.838+0530] {logging_mixin.py:154} INFO - [2025-12-08T14:16:21.838+0530] {dag.py:2963} INFO - Creating ORM DAG for example_branch_dop_operator_v3
[2025-12-08T14:16:21.844+0530] {logging_mixin.py:154} INFO - [2025-12-08T14:16:21.844+0530] {dag.py:3722} INFO - Setting next_dagrun for example_branch_dop_operator_v3 to 2025-12-08T08:45:00+00:00, run_after=2025-12-08T08:46:00+00:00
[2025-12-08T14:16:21.854+0530] {processor.py:179} INFO - Processing /Users/ramesharra/airflow310/lib/python3.10/site-packages/airflow/example_dags/example_branch_python_dop_operator_3.py took 0.487 seconds
[2025-12-08T14:21:06.387+0530] {processor.py:157} INFO - Started process (PID=11903) to work on /Users/ramesharra/airflow310/lib/python3.10/site-packages/airflow/example_dags/example_branch_python_dop_operator_3.py
[2025-12-08T14:21:06.388+0530] {processor.py:829} INFO - Processing file /Users/ramesharra/airflow310/lib/python3.10/site-packages/airflow/example_dags/example_branch_python_dop_operator_3.py for tasks to queue
[2025-12-08T14:21:06.389+0530] {logging_mixin.py:154} INFO - [2025-12-08T14:21:06.389+0530] {dagbag.py:536} INFO - Filling up the DagBag from /Users/ramesharra/airflow310/lib/python3.10/site-packages/airflow/example_dags/example_branch_python_dop_operator_3.py
[2025-12-08T14:21:06.418+0530] {processor.py:839} INFO - DAG(s) dict_keys(['example_branch_dop_operator_v3']) retrieved from /Users/ramesharra/airflow310/lib/python3.10/site-packages/airflow/example_dags/example_branch_python_dop_operator_3.py
[2025-12-08T14:21:06.501+0530] {logging_mixin.py:154} INFO - [2025-12-08T14:21:06.500+0530] {dag.py:2941} INFO - Sync 1 DAGs
[2025-12-08T14:21:06.511+0530] {logging_mixin.py:154} INFO - [2025-12-08T14:21:06.511+0530] {dag.py:3722} INFO - Setting next_dagrun for example_branch_dop_operator_v3 to 2025-12-08T08:50:00+00:00, run_after=2025-12-08T08:51:00+00:00
[2025-12-08T14:21:06.522+0530] {processor.py:179} INFO - Processing /Users/ramesharra/airflow310/lib/python3.10/site-packages/airflow/example_dags/example_branch_python_dop_operator_3.py took 0.135 seconds
[2025-12-08T14:23:13.469+0530] {processor.py:157} INFO - Started process (PID=12211) to work on /Users/ramesharra/airflow310/lib/python3.10/site-packages/airflow/example_dags/example_branch_python_dop_operator_3.py
[2025-12-08T14:23:13.469+0530] {processor.py:829} INFO - Processing file /Users/ramesharra/airflow310/lib/python3.10/site-packages/airflow/example_dags/example_branch_python_dop_operator_3.py for tasks to queue
[2025-12-08T14:23:13.471+0530] {logging_mixin.py:154} INFO - [2025-12-08T14:23:13.471+0530] {dagbag.py:536} INFO - Filling up the DagBag from /Users/ramesharra/airflow310/lib/python3.10/site-packages/airflow/example_dags/example_branch_python_dop_operator_3.py
[2025-12-08T14:23:13.508+0530] {processor.py:839} INFO - DAG(s) dict_keys(['example_branch_dop_operator_v3']) retrieved from /Users/ramesharra/airflow310/lib/python3.10/site-packages/airflow/example_dags/example_branch_python_dop_operator_3.py
[2025-12-08T14:23:13.619+0530] {logging_mixin.py:154} INFO - [2025-12-08T14:23:13.619+0530] {dag.py:2941} INFO - Sync 1 DAGs
[2025-12-08T14:23:13.637+0530] {logging_mixin.py:154} INFO - [2025-12-08T14:23:13.637+0530] {dag.py:3722} INFO - Setting next_dagrun for example_branch_dop_operator_v3 to 2025-12-08T08:52:00+00:00, run_after=2025-12-08T08:53:00+00:00
[2025-12-08T14:23:13.649+0530] {processor.py:179} INFO - Processing /Users/ramesharra/airflow310/lib/python3.10/site-packages/airflow/example_dags/example_branch_python_dop_operator_3.py took 0.181 seconds
[2025-12-08T14:27:03.973+0530] {processor.py:157} INFO - Started process (PID=12489) to work on /Users/ramesharra/airflow310/lib/python3.10/site-packages/airflow/example_dags/example_branch_python_dop_operator_3.py
[2025-12-08T14:27:03.974+0530] {processor.py:829} INFO - Processing file /Users/ramesharra/airflow310/lib/python3.10/site-packages/airflow/example_dags/example_branch_python_dop_operator_3.py for tasks to queue
[2025-12-08T14:27:03.975+0530] {logging_mixin.py:154} INFO - [2025-12-08T14:27:03.975+0530] {dagbag.py:536} INFO - Filling up the DagBag from /Users/ramesharra/airflow310/lib/python3.10/site-packages/airflow/example_dags/example_branch_python_dop_operator_3.py
[2025-12-08T14:27:04.010+0530] {processor.py:839} INFO - DAG(s) dict_keys(['example_branch_dop_operator_v3']) retrieved from /Users/ramesharra/airflow310/lib/python3.10/site-packages/airflow/example_dags/example_branch_python_dop_operator_3.py
[2025-12-08T14:27:04.103+0530] {logging_mixin.py:154} INFO - [2025-12-08T14:27:04.103+0530] {dag.py:2941} INFO - Sync 1 DAGs
[2025-12-08T14:27:04.114+0530] {logging_mixin.py:154} INFO - [2025-12-08T14:27:04.114+0530] {dag.py:3722} INFO - Setting next_dagrun for example_branch_dop_operator_v3 to 2025-12-08T08:56:00+00:00, run_after=2025-12-08T08:57:00+00:00
[2025-12-08T14:27:04.125+0530] {processor.py:179} INFO - Processing /Users/ramesharra/airflow310/lib/python3.10/site-packages/airflow/example_dags/example_branch_python_dop_operator_3.py took 0.153 seconds
[2025-12-08T14:29:54.478+0530] {processor.py:157} INFO - Started process (PID=12666) to work on /Users/ramesharra/airflow310/lib/python3.10/site-packages/airflow/example_dags/example_branch_python_dop_operator_3.py
[2025-12-08T14:29:54.479+0530] {processor.py:829} INFO - Processing file /Users/ramesharra/airflow310/lib/python3.10/site-packages/airflow/example_dags/example_branch_python_dop_operator_3.py for tasks to queue
[2025-12-08T14:29:54.480+0530] {logging_mixin.py:154} INFO - [2025-12-08T14:29:54.480+0530] {dagbag.py:536} INFO - Filling up the DagBag from /Users/ramesharra/airflow310/lib/python3.10/site-packages/airflow/example_dags/example_branch_python_dop_operator_3.py
[2025-12-08T14:29:54.515+0530] {processor.py:839} INFO - DAG(s) dict_keys(['example_branch_dop_operator_v3']) retrieved from /Users/ramesharra/airflow310/lib/python3.10/site-packages/airflow/example_dags/example_branch_python_dop_operator_3.py
[2025-12-08T14:29:54.607+0530] {logging_mixin.py:154} INFO - [2025-12-08T14:29:54.607+0530] {dag.py:2941} INFO - Sync 1 DAGs
[2025-12-08T14:29:54.618+0530] {logging_mixin.py:154} INFO - [2025-12-08T14:29:54.618+0530] {dag.py:3722} INFO - Setting next_dagrun for example_branch_dop_operator_v3 to 2025-12-08T08:58:00+00:00, run_after=2025-12-08T08:59:00+00:00
[2025-12-08T14:29:54.631+0530] {processor.py:179} INFO - Processing /Users/ramesharra/airflow310/lib/python3.10/site-packages/airflow/example_dags/example_branch_python_dop_operator_3.py took 0.152 seconds
[2025-12-08T14:32:01.359+0530] {processor.py:157} INFO - Started process (PID=12811) to work on /Users/ramesharra/airflow310/lib/python3.10/site-packages/airflow/example_dags/example_branch_python_dop_operator_3.py
[2025-12-08T14:32:01.360+0530] {processor.py:829} INFO - Processing file /Users/ramesharra/airflow310/lib/python3.10/site-packages/airflow/example_dags/example_branch_python_dop_operator_3.py for tasks to queue
[2025-12-08T14:32:01.362+0530] {logging_mixin.py:154} INFO - [2025-12-08T14:32:01.362+0530] {dagbag.py:536} INFO - Filling up the DagBag from /Users/ramesharra/airflow310/lib/python3.10/site-packages/airflow/example_dags/example_branch_python_dop_operator_3.py
[2025-12-08T14:32:01.396+0530] {processor.py:839} INFO - DAG(s) dict_keys(['example_branch_dop_operator_v3']) retrieved from /Users/ramesharra/airflow310/lib/python3.10/site-packages/airflow/example_dags/example_branch_python_dop_operator_3.py
[2025-12-08T14:32:01.493+0530] {logging_mixin.py:154} INFO - [2025-12-08T14:32:01.492+0530] {dag.py:2941} INFO - Sync 1 DAGs
[2025-12-08T14:32:01.504+0530] {logging_mixin.py:154} INFO - [2025-12-08T14:32:01.504+0530] {dag.py:3722} INFO - Setting next_dagrun for example_branch_dop_operator_v3 to 2025-12-08T09:01:00+00:00, run_after=2025-12-08T09:02:00+00:00
[2025-12-08T14:32:01.517+0530] {processor.py:179} INFO - Processing /Users/ramesharra/airflow310/lib/python3.10/site-packages/airflow/example_dags/example_branch_python_dop_operator_3.py took 0.158 seconds
[2025-12-08T14:34:03.184+0530] {processor.py:157} INFO - Started process (PID=12946) to work on /Users/ramesharra/airflow310/lib/python3.10/site-packages/airflow/example_dags/example_branch_python_dop_operator_3.py
[2025-12-08T14:34:03.185+0530] {processor.py:829} INFO - Processing file /Users/ramesharra/airflow310/lib/python3.10/site-packages/airflow/example_dags/example_branch_python_dop_operator_3.py for tasks to queue
[2025-12-08T14:34:03.187+0530] {logging_mixin.py:154} INFO - [2025-12-08T14:34:03.186+0530] {dagbag.py:536} INFO - Filling up the DagBag from /Users/ramesharra/airflow310/lib/python3.10/site-packages/airflow/example_dags/example_branch_python_dop_operator_3.py
[2025-12-08T14:34:03.219+0530] {processor.py:839} INFO - DAG(s) dict_keys(['example_branch_dop_operator_v3']) retrieved from /Users/ramesharra/airflow310/lib/python3.10/site-packages/airflow/example_dags/example_branch_python_dop_operator_3.py
[2025-12-08T14:34:03.320+0530] {logging_mixin.py:154} INFO - [2025-12-08T14:34:03.320+0530] {dag.py:2941} INFO - Sync 1 DAGs
[2025-12-08T14:34:03.332+0530] {logging_mixin.py:154} INFO - [2025-12-08T14:34:03.332+0530] {dag.py:3722} INFO - Setting next_dagrun for example_branch_dop_operator_v3 to 2025-12-08T09:03:00+00:00, run_after=2025-12-08T09:04:00+00:00
[2025-12-08T14:34:03.344+0530] {processor.py:179} INFO - Processing /Users/ramesharra/airflow310/lib/python3.10/site-packages/airflow/example_dags/example_branch_python_dop_operator_3.py took 0.160 seconds
[2025-12-08T14:36:12.924+0530] {processor.py:157} INFO - Started process (PID=13094) to work on /Users/ramesharra/airflow310/lib/python3.10/site-packages/airflow/example_dags/example_branch_python_dop_operator_3.py
[2025-12-08T14:36:12.925+0530] {processor.py:829} INFO - Processing file /Users/ramesharra/airflow310/lib/python3.10/site-packages/airflow/example_dags/example_branch_python_dop_operator_3.py for tasks to queue
[2025-12-08T14:36:12.926+0530] {logging_mixin.py:154} INFO - [2025-12-08T14:36:12.926+0530] {dagbag.py:536} INFO - Filling up the DagBag from /Users/ramesharra/airflow310/lib/python3.10/site-packages/airflow/example_dags/example_branch_python_dop_operator_3.py
[2025-12-08T14:36:12.960+0530] {processor.py:839} INFO - DAG(s) dict_keys(['example_branch_dop_operator_v3']) retrieved from /Users/ramesharra/airflow310/lib/python3.10/site-packages/airflow/example_dags/example_branch_python_dop_operator_3.py
[2025-12-08T14:36:13.056+0530] {logging_mixin.py:154} INFO - [2025-12-08T14:36:13.056+0530] {dag.py:2941} INFO - Sync 1 DAGs
[2025-12-08T14:36:13.068+0530] {logging_mixin.py:154} INFO - [2025-12-08T14:36:13.068+0530] {dag.py:3722} INFO - Setting next_dagrun for example_branch_dop_operator_v3 to 2025-12-08T09:05:00+00:00, run_after=2025-12-08T09:06:00+00:00
[2025-12-08T14:36:13.080+0530] {processor.py:179} INFO - Processing /Users/ramesharra/airflow310/lib/python3.10/site-packages/airflow/example_dags/example_branch_python_dop_operator_3.py took 0.156 seconds
[2025-12-08T14:38:25.249+0530] {processor.py:157} INFO - Started process (PID=13233) to work on /Users/ramesharra/airflow310/lib/python3.10/site-packages/airflow/example_dags/example_branch_python_dop_operator_3.py
[2025-12-08T14:38:25.250+0530] {processor.py:829} INFO - Processing file /Users/ramesharra/airflow310/lib/python3.10/site-packages/airflow/example_dags/example_branch_python_dop_operator_3.py for tasks to queue
[2025-12-08T14:38:25.252+0530] {logging_mixin.py:154} INFO - [2025-12-08T14:38:25.252+0530] {dagbag.py:536} INFO - Filling up the DagBag from /Users/ramesharra/airflow310/lib/python3.10/site-packages/airflow/example_dags/example_branch_python_dop_operator_3.py
[2025-12-08T14:38:25.288+0530] {processor.py:839} INFO - DAG(s) dict_keys(['example_branch_dop_operator_v3']) retrieved from /Users/ramesharra/airflow310/lib/python3.10/site-packages/airflow/example_dags/example_branch_python_dop_operator_3.py
[2025-12-08T14:38:25.387+0530] {logging_mixin.py:154} INFO - [2025-12-08T14:38:25.387+0530] {dag.py:2941} INFO - Sync 1 DAGs
[2025-12-08T14:38:25.399+0530] {logging_mixin.py:154} INFO - [2025-12-08T14:38:25.399+0530] {dag.py:3722} INFO - Setting next_dagrun for example_branch_dop_operator_v3 to 2025-12-08T09:07:00+00:00, run_after=2025-12-08T09:08:00+00:00
[2025-12-08T14:38:25.412+0530] {processor.py:179} INFO - Processing /Users/ramesharra/airflow310/lib/python3.10/site-packages/airflow/example_dags/example_branch_python_dop_operator_3.py took 0.164 seconds
[2025-12-08T14:40:37.271+0530] {processor.py:157} INFO - Started process (PID=13402) to work on /Users/ramesharra/airflow310/lib/python3.10/site-packages/airflow/example_dags/example_branch_python_dop_operator_3.py
[2025-12-08T14:40:37.272+0530] {processor.py:829} INFO - Processing file /Users/ramesharra/airflow310/lib/python3.10/site-packages/airflow/example_dags/example_branch_python_dop_operator_3.py for tasks to queue
[2025-12-08T14:40:37.273+0530] {logging_mixin.py:154} INFO - [2025-12-08T14:40:37.273+0530] {dagbag.py:536} INFO - Filling up the DagBag from /Users/ramesharra/airflow310/lib/python3.10/site-packages/airflow/example_dags/example_branch_python_dop_operator_3.py
[2025-12-08T14:40:37.308+0530] {processor.py:839} INFO - DAG(s) dict_keys(['example_branch_dop_operator_v3']) retrieved from /Users/ramesharra/airflow310/lib/python3.10/site-packages/airflow/example_dags/example_branch_python_dop_operator_3.py
[2025-12-08T14:40:37.405+0530] {logging_mixin.py:154} INFO - [2025-12-08T14:40:37.405+0530] {dag.py:2941} INFO - Sync 1 DAGs
[2025-12-08T14:40:37.418+0530] {logging_mixin.py:154} INFO - [2025-12-08T14:40:37.418+0530] {dag.py:3722} INFO - Setting next_dagrun for example_branch_dop_operator_v3 to 2025-12-08T09:09:00+00:00, run_after=2025-12-08T09:10:00+00:00
[2025-12-08T14:40:37.430+0530] {processor.py:179} INFO - Processing /Users/ramesharra/airflow310/lib/python3.10/site-packages/airflow/example_dags/example_branch_python_dop_operator_3.py took 0.160 seconds
[2025-12-08T14:42:49.931+0530] {processor.py:157} INFO - Started process (PID=13555) to work on /Users/ramesharra/airflow310/lib/python3.10/site-packages/airflow/example_dags/example_branch_python_dop_operator_3.py
[2025-12-08T14:42:49.933+0530] {processor.py:829} INFO - Processing file /Users/ramesharra/airflow310/lib/python3.10/site-packages/airflow/example_dags/example_branch_python_dop_operator_3.py for tasks to queue
[2025-12-08T14:42:49.935+0530] {logging_mixin.py:154} INFO - [2025-12-08T14:42:49.935+0530] {dagbag.py:536} INFO - Filling up the DagBag from /Users/ramesharra/airflow310/lib/python3.10/site-packages/airflow/example_dags/example_branch_python_dop_operator_3.py
[2025-12-08T14:42:49.969+0530] {processor.py:839} INFO - DAG(s) dict_keys(['example_branch_dop_operator_v3']) retrieved from /Users/ramesharra/airflow310/lib/python3.10/site-packages/airflow/example_dags/example_branch_python_dop_operator_3.py
[2025-12-08T14:42:50.066+0530] {logging_mixin.py:154} INFO - [2025-12-08T14:42:50.066+0530] {dag.py:2941} INFO - Sync 1 DAGs
[2025-12-08T14:42:50.078+0530] {logging_mixin.py:154} INFO - [2025-12-08T14:42:50.078+0530] {dag.py:3722} INFO - Setting next_dagrun for example_branch_dop_operator_v3 to 2025-12-08T09:11:00+00:00, run_after=2025-12-08T09:12:00+00:00
[2025-12-08T14:42:50.091+0530] {processor.py:179} INFO - Processing /Users/ramesharra/airflow310/lib/python3.10/site-packages/airflow/example_dags/example_branch_python_dop_operator_3.py took 0.160 seconds
[2025-12-08T14:44:56.960+0530] {processor.py:157} INFO - Started process (PID=13684) to work on /Users/ramesharra/airflow310/lib/python3.10/site-packages/airflow/example_dags/example_branch_python_dop_operator_3.py
[2025-12-08T14:44:56.961+0530] {processor.py:829} INFO - Processing file /Users/ramesharra/airflow310/lib/python3.10/site-packages/airflow/example_dags/example_branch_python_dop_operator_3.py for tasks to queue
[2025-12-08T14:44:56.962+0530] {logging_mixin.py:154} INFO - [2025-12-08T14:44:56.962+0530] {dagbag.py:536} INFO - Filling up the DagBag from /Users/ramesharra/airflow310/lib/python3.10/site-packages/airflow/example_dags/example_branch_python_dop_operator_3.py
[2025-12-08T14:44:57.000+0530] {processor.py:839} INFO - DAG(s) dict_keys(['example_branch_dop_operator_v3']) retrieved from /Users/ramesharra/airflow310/lib/python3.10/site-packages/airflow/example_dags/example_branch_python_dop_operator_3.py
[2025-12-08T14:44:57.098+0530] {logging_mixin.py:154} INFO - [2025-12-08T14:44:57.098+0530] {dag.py:2941} INFO - Sync 1 DAGs
[2025-12-08T14:44:57.110+0530] {logging_mixin.py:154} INFO - [2025-12-08T14:44:57.110+0530] {dag.py:3722} INFO - Setting next_dagrun for example_branch_dop_operator_v3 to 2025-12-08T09:13:00+00:00, run_after=2025-12-08T09:14:00+00:00
[2025-12-08T14:44:57.123+0530] {processor.py:179} INFO - Processing /Users/ramesharra/airflow310/lib/python3.10/site-packages/airflow/example_dags/example_branch_python_dop_operator_3.py took 0.164 seconds
[2025-12-08T14:47:06.734+0530] {processor.py:157} INFO - Started process (PID=13839) to work on /Users/ramesharra/airflow310/lib/python3.10/site-packages/airflow/example_dags/example_branch_python_dop_operator_3.py
[2025-12-08T14:47:06.734+0530] {processor.py:829} INFO - Processing file /Users/ramesharra/airflow310/lib/python3.10/site-packages/airflow/example_dags/example_branch_python_dop_operator_3.py for tasks to queue
[2025-12-08T14:47:06.736+0530] {logging_mixin.py:154} INFO - [2025-12-08T14:47:06.736+0530] {dagbag.py:536} INFO - Filling up the DagBag from /Users/ramesharra/airflow310/lib/python3.10/site-packages/airflow/example_dags/example_branch_python_dop_operator_3.py
[2025-12-08T14:47:06.776+0530] {processor.py:839} INFO - DAG(s) dict_keys(['example_branch_dop_operator_v3']) retrieved from /Users/ramesharra/airflow310/lib/python3.10/site-packages/airflow/example_dags/example_branch_python_dop_operator_3.py
[2025-12-08T14:47:06.888+0530] {logging_mixin.py:154} INFO - [2025-12-08T14:47:06.888+0530] {dag.py:2941} INFO - Sync 1 DAGs
[2025-12-08T14:47:06.902+0530] {logging_mixin.py:154} INFO - [2025-12-08T14:47:06.902+0530] {dag.py:3722} INFO - Setting next_dagrun for example_branch_dop_operator_v3 to 2025-12-08T09:16:00+00:00, run_after=2025-12-08T09:17:00+00:00
[2025-12-08T14:47:06.917+0530] {processor.py:179} INFO - Processing /Users/ramesharra/airflow310/lib/python3.10/site-packages/airflow/example_dags/example_branch_python_dop_operator_3.py took 0.183 seconds
[2025-12-08T14:49:20.243+0530] {processor.py:157} INFO - Started process (PID=13994) to work on /Users/ramesharra/airflow310/lib/python3.10/site-packages/airflow/example_dags/example_branch_python_dop_operator_3.py
[2025-12-08T14:49:20.244+0530] {processor.py:829} INFO - Processing file /Users/ramesharra/airflow310/lib/python3.10/site-packages/airflow/example_dags/example_branch_python_dop_operator_3.py for tasks to queue
[2025-12-08T14:49:20.245+0530] {logging_mixin.py:154} INFO - [2025-12-08T14:49:20.245+0530] {dagbag.py:536} INFO - Filling up the DagBag from /Users/ramesharra/airflow310/lib/python3.10/site-packages/airflow/example_dags/example_branch_python_dop_operator_3.py
[2025-12-08T14:49:20.282+0530] {processor.py:839} INFO - DAG(s) dict_keys(['example_branch_dop_operator_v3']) retrieved from /Users/ramesharra/airflow310/lib/python3.10/site-packages/airflow/example_dags/example_branch_python_dop_operator_3.py
[2025-12-08T14:49:20.383+0530] {logging_mixin.py:154} INFO - [2025-12-08T14:49:20.383+0530] {dag.py:2941} INFO - Sync 1 DAGs
[2025-12-08T14:49:20.397+0530] {logging_mixin.py:154} INFO - [2025-12-08T14:49:20.397+0530] {dag.py:3722} INFO - Setting next_dagrun for example_branch_dop_operator_v3 to 2025-12-08T09:18:00+00:00, run_after=2025-12-08T09:19:00+00:00
[2025-12-08T14:49:20.409+0530] {processor.py:179} INFO - Processing /Users/ramesharra/airflow310/lib/python3.10/site-packages/airflow/example_dags/example_branch_python_dop_operator_3.py took 0.167 seconds
