[2025-12-08T14:16:01.259+0530] {processor.py:157} INFO - Started process (PID=11600) to work on /Users/ramesharra/airflow310/lib/python3.10/site-packages/airflow/example_dags/example_latest_only_with_trigger.py
[2025-12-08T14:16:01.259+0530] {processor.py:829} INFO - Processing file /Users/ramesharra/airflow310/lib/python3.10/site-packages/airflow/example_dags/example_latest_only_with_trigger.py for tasks to queue
[2025-12-08T14:16:01.261+0530] {logging_mixin.py:154} INFO - [2025-12-08T14:16:01.260+0530] {dagbag.py:536} INFO - Filling up the DagBag from /Users/ramesharra/airflow310/lib/python3.10/site-packages/airflow/example_dags/example_latest_only_with_trigger.py
[2025-12-08T14:16:01.276+0530] {processor.py:839} INFO - DAG(s) dict_keys(['latest_only_with_trigger']) retrieved from /Users/ramesharra/airflow310/lib/python3.10/site-packages/airflow/example_dags/example_latest_only_with_trigger.py
[2025-12-08T14:16:01.595+0530] {logging_mixin.py:154} INFO - [2025-12-08T14:16:01.595+0530] {manager.py:499} INFO - Created Permission View: %s
[2025-12-08T14:16:01.600+0530] {logging_mixin.py:154} INFO - [2025-12-08T14:16:01.599+0530] {manager.py:499} INFO - Created Permission View: %s
[2025-12-08T14:16:01.602+0530] {logging_mixin.py:154} INFO - [2025-12-08T14:16:01.602+0530] {manager.py:499} INFO - Created Permission View: %s
[2025-12-08T14:16:01.603+0530] {logging_mixin.py:154} INFO - [2025-12-08T14:16:01.603+0530] {dag.py:2941} INFO - Sync 1 DAGs
[2025-12-08T14:16:01.609+0530] {logging_mixin.py:154} INFO - [2025-12-08T14:16:01.608+0530] {dag.py:2963} INFO - Creating ORM DAG for latest_only_with_trigger
[2025-12-08T14:16:01.613+0530] {logging_mixin.py:154} INFO - [2025-12-08T14:16:01.612+0530] {dag.py:3722} INFO - Setting next_dagrun for latest_only_with_trigger to 2025-12-08T04:46:01.612900+00:00, run_after=2025-12-08T08:46:01.612900+00:00
[2025-12-08T14:16:01.622+0530] {processor.py:179} INFO - Processing /Users/ramesharra/airflow310/lib/python3.10/site-packages/airflow/example_dags/example_latest_only_with_trigger.py took 0.364 seconds
[2025-12-08T14:17:39.150+0530] {processor.py:157} INFO - Started process (PID=11718) to work on /Users/ramesharra/airflow310/lib/python3.10/site-packages/airflow/example_dags/example_latest_only_with_trigger.py
[2025-12-08T14:17:39.151+0530] {processor.py:829} INFO - Processing file /Users/ramesharra/airflow310/lib/python3.10/site-packages/airflow/example_dags/example_latest_only_with_trigger.py for tasks to queue
[2025-12-08T14:17:39.153+0530] {logging_mixin.py:154} INFO - [2025-12-08T14:17:39.153+0530] {dagbag.py:536} INFO - Filling up the DagBag from /Users/ramesharra/airflow310/lib/python3.10/site-packages/airflow/example_dags/example_latest_only_with_trigger.py
[2025-12-08T14:17:39.176+0530] {processor.py:839} INFO - DAG(s) dict_keys(['latest_only_with_trigger']) retrieved from /Users/ramesharra/airflow310/lib/python3.10/site-packages/airflow/example_dags/example_latest_only_with_trigger.py
[2025-12-08T14:17:39.309+0530] {logging_mixin.py:154} INFO - [2025-12-08T14:17:39.308+0530] {dag.py:2941} INFO - Sync 1 DAGs
[2025-12-08T14:17:39.323+0530] {logging_mixin.py:154} INFO - [2025-12-08T14:17:39.323+0530] {dag.py:3722} INFO - Setting next_dagrun for latest_only_with_trigger to 2025-12-08T04:47:39.323371+00:00, run_after=2025-12-08T08:47:39.323371+00:00
[2025-12-08T14:17:39.341+0530] {processor.py:179} INFO - Processing /Users/ramesharra/airflow310/lib/python3.10/site-packages/airflow/example_dags/example_latest_only_with_trigger.py took 0.192 seconds
[2025-12-08T14:20:51.260+0530] {processor.py:157} INFO - Started process (PID=11888) to work on /Users/ramesharra/airflow310/lib/python3.10/site-packages/airflow/example_dags/example_latest_only_with_trigger.py
[2025-12-08T14:20:51.260+0530] {processor.py:829} INFO - Processing file /Users/ramesharra/airflow310/lib/python3.10/site-packages/airflow/example_dags/example_latest_only_with_trigger.py for tasks to queue
[2025-12-08T14:20:51.261+0530] {logging_mixin.py:154} INFO - [2025-12-08T14:20:51.261+0530] {dagbag.py:536} INFO - Filling up the DagBag from /Users/ramesharra/airflow310/lib/python3.10/site-packages/airflow/example_dags/example_latest_only_with_trigger.py
[2025-12-08T14:20:51.273+0530] {processor.py:839} INFO - DAG(s) dict_keys(['latest_only_with_trigger']) retrieved from /Users/ramesharra/airflow310/lib/python3.10/site-packages/airflow/example_dags/example_latest_only_with_trigger.py
[2025-12-08T14:20:51.345+0530] {logging_mixin.py:154} INFO - [2025-12-08T14:20:51.345+0530] {dag.py:2941} INFO - Sync 1 DAGs
[2025-12-08T14:20:51.353+0530] {logging_mixin.py:154} INFO - [2025-12-08T14:20:51.353+0530] {dag.py:3722} INFO - Setting next_dagrun for latest_only_with_trigger to 2025-12-08T04:50:51.353260+00:00, run_after=2025-12-08T08:50:51.353260+00:00
[2025-12-08T14:20:51.361+0530] {processor.py:179} INFO - Processing /Users/ramesharra/airflow310/lib/python3.10/site-packages/airflow/example_dags/example_latest_only_with_trigger.py took 0.102 seconds
[2025-12-08T14:22:55.524+0530] {processor.py:157} INFO - Started process (PID=12033) to work on /Users/ramesharra/airflow310/lib/python3.10/site-packages/airflow/example_dags/example_latest_only_with_trigger.py
[2025-12-08T14:22:55.525+0530] {processor.py:829} INFO - Processing file /Users/ramesharra/airflow310/lib/python3.10/site-packages/airflow/example_dags/example_latest_only_with_trigger.py for tasks to queue
[2025-12-08T14:22:55.527+0530] {logging_mixin.py:154} INFO - [2025-12-08T14:22:55.527+0530] {dagbag.py:536} INFO - Filling up the DagBag from /Users/ramesharra/airflow310/lib/python3.10/site-packages/airflow/example_dags/example_latest_only_with_trigger.py
[2025-12-08T14:22:55.542+0530] {processor.py:839} INFO - DAG(s) dict_keys(['latest_only_with_trigger']) retrieved from /Users/ramesharra/airflow310/lib/python3.10/site-packages/airflow/example_dags/example_latest_only_with_trigger.py
[2025-12-08T14:22:55.641+0530] {logging_mixin.py:154} INFO - [2025-12-08T14:22:55.641+0530] {dag.py:2941} INFO - Sync 1 DAGs
[2025-12-08T14:22:55.651+0530] {logging_mixin.py:154} INFO - [2025-12-08T14:22:55.651+0530] {dag.py:3722} INFO - Setting next_dagrun for latest_only_with_trigger to 2025-12-08T04:52:55.651153+00:00, run_after=2025-12-08T08:52:55.651153+00:00
[2025-12-08T14:22:55.660+0530] {processor.py:179} INFO - Processing /Users/ramesharra/airflow310/lib/python3.10/site-packages/airflow/example_dags/example_latest_only_with_trigger.py took 0.136 seconds
[2025-12-08T14:24:27.659+0530] {processor.py:157} INFO - Started process (PID=12283) to work on /Users/ramesharra/airflow310/lib/python3.10/site-packages/airflow/example_dags/example_latest_only_with_trigger.py
[2025-12-08T14:24:27.661+0530] {processor.py:829} INFO - Processing file /Users/ramesharra/airflow310/lib/python3.10/site-packages/airflow/example_dags/example_latest_only_with_trigger.py for tasks to queue
[2025-12-08T14:24:27.662+0530] {logging_mixin.py:154} INFO - [2025-12-08T14:24:27.662+0530] {dagbag.py:536} INFO - Filling up the DagBag from /Users/ramesharra/airflow310/lib/python3.10/site-packages/airflow/example_dags/example_latest_only_with_trigger.py
[2025-12-08T14:24:27.678+0530] {processor.py:839} INFO - DAG(s) dict_keys(['latest_only_with_trigger']) retrieved from /Users/ramesharra/airflow310/lib/python3.10/site-packages/airflow/example_dags/example_latest_only_with_trigger.py
[2025-12-08T14:24:27.774+0530] {logging_mixin.py:154} INFO - [2025-12-08T14:24:27.774+0530] {dag.py:2941} INFO - Sync 1 DAGs
[2025-12-08T14:24:27.784+0530] {logging_mixin.py:154} INFO - [2025-12-08T14:24:27.784+0530] {dag.py:3722} INFO - Setting next_dagrun for latest_only_with_trigger to 2025-12-08T04:54:27.784347+00:00, run_after=2025-12-08T08:54:27.784347+00:00
[2025-12-08T14:24:27.795+0530] {processor.py:179} INFO - Processing /Users/ramesharra/airflow310/lib/python3.10/site-packages/airflow/example_dags/example_latest_only_with_trigger.py took 0.136 seconds
[2025-12-08T14:26:45.779+0530] {processor.py:157} INFO - Started process (PID=12464) to work on /Users/ramesharra/airflow310/lib/python3.10/site-packages/airflow/example_dags/example_latest_only_with_trigger.py
[2025-12-08T14:26:45.780+0530] {processor.py:829} INFO - Processing file /Users/ramesharra/airflow310/lib/python3.10/site-packages/airflow/example_dags/example_latest_only_with_trigger.py for tasks to queue
[2025-12-08T14:26:45.781+0530] {logging_mixin.py:154} INFO - [2025-12-08T14:26:45.781+0530] {dagbag.py:536} INFO - Filling up the DagBag from /Users/ramesharra/airflow310/lib/python3.10/site-packages/airflow/example_dags/example_latest_only_with_trigger.py
[2025-12-08T14:26:45.800+0530] {processor.py:839} INFO - DAG(s) dict_keys(['latest_only_with_trigger']) retrieved from /Users/ramesharra/airflow310/lib/python3.10/site-packages/airflow/example_dags/example_latest_only_with_trigger.py
[2025-12-08T14:26:45.909+0530] {logging_mixin.py:154} INFO - [2025-12-08T14:26:45.909+0530] {dag.py:2941} INFO - Sync 1 DAGs
[2025-12-08T14:26:45.919+0530] {logging_mixin.py:154} INFO - [2025-12-08T14:26:45.919+0530] {dag.py:3722} INFO - Setting next_dagrun for latest_only_with_trigger to 2025-12-08T04:56:45.919683+00:00, run_after=2025-12-08T08:56:45.919683+00:00
[2025-12-08T14:26:45.930+0530] {processor.py:179} INFO - Processing /Users/ramesharra/airflow310/lib/python3.10/site-packages/airflow/example_dags/example_latest_only_with_trigger.py took 0.152 seconds
[2025-12-08T14:28:19.715+0530] {processor.py:157} INFO - Started process (PID=12560) to work on /Users/ramesharra/airflow310/lib/python3.10/site-packages/airflow/example_dags/example_latest_only_with_trigger.py
[2025-12-08T14:28:19.717+0530] {processor.py:829} INFO - Processing file /Users/ramesharra/airflow310/lib/python3.10/site-packages/airflow/example_dags/example_latest_only_with_trigger.py for tasks to queue
[2025-12-08T14:28:19.718+0530] {logging_mixin.py:154} INFO - [2025-12-08T14:28:19.718+0530] {dagbag.py:536} INFO - Filling up the DagBag from /Users/ramesharra/airflow310/lib/python3.10/site-packages/airflow/example_dags/example_latest_only_with_trigger.py
[2025-12-08T14:28:19.742+0530] {processor.py:839} INFO - DAG(s) dict_keys(['latest_only_with_trigger']) retrieved from /Users/ramesharra/airflow310/lib/python3.10/site-packages/airflow/example_dags/example_latest_only_with_trigger.py
[2025-12-08T14:28:19.849+0530] {logging_mixin.py:154} INFO - [2025-12-08T14:28:19.848+0530] {dag.py:2941} INFO - Sync 1 DAGs
[2025-12-08T14:28:19.866+0530] {logging_mixin.py:154} INFO - [2025-12-08T14:28:19.866+0530] {dag.py:3722} INFO - Setting next_dagrun for latest_only_with_trigger to 2025-12-08T04:58:19.865986+00:00, run_after=2025-12-08T08:58:19.865986+00:00
[2025-12-08T14:28:19.880+0530] {processor.py:179} INFO - Processing /Users/ramesharra/airflow310/lib/python3.10/site-packages/airflow/example_dags/example_latest_only_with_trigger.py took 0.165 seconds
[2025-12-08T14:29:38.346+0530] {processor.py:157} INFO - Started process (PID=12647) to work on /Users/ramesharra/airflow310/lib/python3.10/site-packages/airflow/example_dags/example_latest_only_with_trigger.py
[2025-12-08T14:29:38.347+0530] {processor.py:829} INFO - Processing file /Users/ramesharra/airflow310/lib/python3.10/site-packages/airflow/example_dags/example_latest_only_with_trigger.py for tasks to queue
[2025-12-08T14:29:38.348+0530] {logging_mixin.py:154} INFO - [2025-12-08T14:29:38.348+0530] {dagbag.py:536} INFO - Filling up the DagBag from /Users/ramesharra/airflow310/lib/python3.10/site-packages/airflow/example_dags/example_latest_only_with_trigger.py
[2025-12-08T14:29:38.366+0530] {processor.py:839} INFO - DAG(s) dict_keys(['latest_only_with_trigger']) retrieved from /Users/ramesharra/airflow310/lib/python3.10/site-packages/airflow/example_dags/example_latest_only_with_trigger.py
[2025-12-08T14:29:38.463+0530] {logging_mixin.py:154} INFO - [2025-12-08T14:29:38.463+0530] {dag.py:2941} INFO - Sync 1 DAGs
[2025-12-08T14:29:38.472+0530] {logging_mixin.py:154} INFO - [2025-12-08T14:29:38.472+0530] {dag.py:3722} INFO - Setting next_dagrun for latest_only_with_trigger to 2025-12-08T04:59:38.472517+00:00, run_after=2025-12-08T08:59:38.472517+00:00
[2025-12-08T14:29:38.482+0530] {processor.py:179} INFO - Processing /Users/ramesharra/airflow310/lib/python3.10/site-packages/airflow/example_dags/example_latest_only_with_trigger.py took 0.137 seconds
[2025-12-08T14:31:42.334+0530] {processor.py:157} INFO - Started process (PID=12780) to work on /Users/ramesharra/airflow310/lib/python3.10/site-packages/airflow/example_dags/example_latest_only_with_trigger.py
[2025-12-08T14:31:42.334+0530] {processor.py:829} INFO - Processing file /Users/ramesharra/airflow310/lib/python3.10/site-packages/airflow/example_dags/example_latest_only_with_trigger.py for tasks to queue
[2025-12-08T14:31:42.336+0530] {logging_mixin.py:154} INFO - [2025-12-08T14:31:42.336+0530] {dagbag.py:536} INFO - Filling up the DagBag from /Users/ramesharra/airflow310/lib/python3.10/site-packages/airflow/example_dags/example_latest_only_with_trigger.py
[2025-12-08T14:31:42.352+0530] {processor.py:839} INFO - DAG(s) dict_keys(['latest_only_with_trigger']) retrieved from /Users/ramesharra/airflow310/lib/python3.10/site-packages/airflow/example_dags/example_latest_only_with_trigger.py
[2025-12-08T14:31:42.461+0530] {logging_mixin.py:154} INFO - [2025-12-08T14:31:42.461+0530] {dag.py:2941} INFO - Sync 1 DAGs
[2025-12-08T14:31:42.472+0530] {logging_mixin.py:154} INFO - [2025-12-08T14:31:42.471+0530] {dag.py:3722} INFO - Setting next_dagrun for latest_only_with_trigger to 2025-12-08T05:01:42.471781+00:00, run_after=2025-12-08T09:01:42.471781+00:00
[2025-12-08T14:31:42.483+0530] {processor.py:179} INFO - Processing /Users/ramesharra/airflow310/lib/python3.10/site-packages/airflow/example_dags/example_latest_only_with_trigger.py took 0.150 seconds
[2025-12-08T14:33:14.288+0530] {processor.py:157} INFO - Started process (PID=12899) to work on /Users/ramesharra/airflow310/lib/python3.10/site-packages/airflow/example_dags/example_latest_only_with_trigger.py
[2025-12-08T14:33:14.290+0530] {processor.py:829} INFO - Processing file /Users/ramesharra/airflow310/lib/python3.10/site-packages/airflow/example_dags/example_latest_only_with_trigger.py for tasks to queue
[2025-12-08T14:33:14.291+0530] {logging_mixin.py:154} INFO - [2025-12-08T14:33:14.291+0530] {dagbag.py:536} INFO - Filling up the DagBag from /Users/ramesharra/airflow310/lib/python3.10/site-packages/airflow/example_dags/example_latest_only_with_trigger.py
[2025-12-08T14:33:14.308+0530] {processor.py:839} INFO - DAG(s) dict_keys(['latest_only_with_trigger']) retrieved from /Users/ramesharra/airflow310/lib/python3.10/site-packages/airflow/example_dags/example_latest_only_with_trigger.py
[2025-12-08T14:33:14.407+0530] {logging_mixin.py:154} INFO - [2025-12-08T14:33:14.407+0530] {dag.py:2941} INFO - Sync 1 DAGs
[2025-12-08T14:33:14.417+0530] {logging_mixin.py:154} INFO - [2025-12-08T14:33:14.417+0530] {dag.py:3722} INFO - Setting next_dagrun for latest_only_with_trigger to 2025-12-08T05:03:14.417733+00:00, run_after=2025-12-08T09:03:14.417733+00:00
[2025-12-08T14:33:14.428+0530] {processor.py:179} INFO - Processing /Users/ramesharra/airflow310/lib/python3.10/site-packages/airflow/example_dags/example_latest_only_with_trigger.py took 0.140 seconds
[2025-12-08T14:35:17.178+0530] {processor.py:157} INFO - Started process (PID=13044) to work on /Users/ramesharra/airflow310/lib/python3.10/site-packages/airflow/example_dags/example_latest_only_with_trigger.py
[2025-12-08T14:35:17.179+0530] {processor.py:829} INFO - Processing file /Users/ramesharra/airflow310/lib/python3.10/site-packages/airflow/example_dags/example_latest_only_with_trigger.py for tasks to queue
[2025-12-08T14:35:17.181+0530] {logging_mixin.py:154} INFO - [2025-12-08T14:35:17.181+0530] {dagbag.py:536} INFO - Filling up the DagBag from /Users/ramesharra/airflow310/lib/python3.10/site-packages/airflow/example_dags/example_latest_only_with_trigger.py
[2025-12-08T14:35:17.208+0530] {processor.py:839} INFO - DAG(s) dict_keys(['latest_only_with_trigger']) retrieved from /Users/ramesharra/airflow310/lib/python3.10/site-packages/airflow/example_dags/example_latest_only_with_trigger.py
[2025-12-08T14:35:17.322+0530] {logging_mixin.py:154} INFO - [2025-12-08T14:35:17.322+0530] {dag.py:2941} INFO - Sync 1 DAGs
[2025-12-08T14:35:17.334+0530] {logging_mixin.py:154} INFO - [2025-12-08T14:35:17.334+0530] {dag.py:3722} INFO - Setting next_dagrun for latest_only_with_trigger to 2025-12-08T05:05:17.334059+00:00, run_after=2025-12-08T09:05:17.334059+00:00
[2025-12-08T14:35:17.345+0530] {processor.py:179} INFO - Processing /Users/ramesharra/airflow310/lib/python3.10/site-packages/airflow/example_dags/example_latest_only_with_trigger.py took 0.168 seconds
[2025-12-08T14:37:28.920+0530] {processor.py:157} INFO - Started process (PID=13176) to work on /Users/ramesharra/airflow310/lib/python3.10/site-packages/airflow/example_dags/example_latest_only_with_trigger.py
[2025-12-08T14:37:28.921+0530] {processor.py:829} INFO - Processing file /Users/ramesharra/airflow310/lib/python3.10/site-packages/airflow/example_dags/example_latest_only_with_trigger.py for tasks to queue
[2025-12-08T14:37:28.922+0530] {logging_mixin.py:154} INFO - [2025-12-08T14:37:28.922+0530] {dagbag.py:536} INFO - Filling up the DagBag from /Users/ramesharra/airflow310/lib/python3.10/site-packages/airflow/example_dags/example_latest_only_with_trigger.py
[2025-12-08T14:37:28.939+0530] {processor.py:839} INFO - DAG(s) dict_keys(['latest_only_with_trigger']) retrieved from /Users/ramesharra/airflow310/lib/python3.10/site-packages/airflow/example_dags/example_latest_only_with_trigger.py
[2025-12-08T14:37:29.044+0530] {logging_mixin.py:154} INFO - [2025-12-08T14:37:29.044+0530] {dag.py:2941} INFO - Sync 1 DAGs
[2025-12-08T14:37:29.054+0530] {logging_mixin.py:154} INFO - [2025-12-08T14:37:29.054+0530] {dag.py:3722} INFO - Setting next_dagrun for latest_only_with_trigger to 2025-12-08T05:07:29.054248+00:00, run_after=2025-12-08T09:07:29.054248+00:00
[2025-12-08T14:37:29.064+0530] {processor.py:179} INFO - Processing /Users/ramesharra/airflow310/lib/python3.10/site-packages/airflow/example_dags/example_latest_only_with_trigger.py took 0.145 seconds
[2025-12-08T14:39:42.039+0530] {processor.py:157} INFO - Started process (PID=13329) to work on /Users/ramesharra/airflow310/lib/python3.10/site-packages/airflow/example_dags/example_latest_only_with_trigger.py
[2025-12-08T14:39:42.040+0530] {processor.py:829} INFO - Processing file /Users/ramesharra/airflow310/lib/python3.10/site-packages/airflow/example_dags/example_latest_only_with_trigger.py for tasks to queue
[2025-12-08T14:39:42.041+0530] {logging_mixin.py:154} INFO - [2025-12-08T14:39:42.041+0530] {dagbag.py:536} INFO - Filling up the DagBag from /Users/ramesharra/airflow310/lib/python3.10/site-packages/airflow/example_dags/example_latest_only_with_trigger.py
[2025-12-08T14:39:42.058+0530] {processor.py:839} INFO - DAG(s) dict_keys(['latest_only_with_trigger']) retrieved from /Users/ramesharra/airflow310/lib/python3.10/site-packages/airflow/example_dags/example_latest_only_with_trigger.py
[2025-12-08T14:39:42.157+0530] {logging_mixin.py:154} INFO - [2025-12-08T14:39:42.157+0530] {dag.py:2941} INFO - Sync 1 DAGs
[2025-12-08T14:39:42.167+0530] {logging_mixin.py:154} INFO - [2025-12-08T14:39:42.167+0530] {dag.py:3722} INFO - Setting next_dagrun for latest_only_with_trigger to 2025-12-08T05:09:42.167375+00:00, run_after=2025-12-08T09:09:42.167375+00:00
[2025-12-08T14:39:42.179+0530] {processor.py:179} INFO - Processing /Users/ramesharra/airflow310/lib/python3.10/site-packages/airflow/example_dags/example_latest_only_with_trigger.py took 0.141 seconds
[2025-12-08T14:41:54.451+0530] {processor.py:157} INFO - Started process (PID=13499) to work on /Users/ramesharra/airflow310/lib/python3.10/site-packages/airflow/example_dags/example_latest_only_with_trigger.py
[2025-12-08T14:41:54.452+0530] {processor.py:829} INFO - Processing file /Users/ramesharra/airflow310/lib/python3.10/site-packages/airflow/example_dags/example_latest_only_with_trigger.py for tasks to queue
[2025-12-08T14:41:54.455+0530] {logging_mixin.py:154} INFO - [2025-12-08T14:41:54.455+0530] {dagbag.py:536} INFO - Filling up the DagBag from /Users/ramesharra/airflow310/lib/python3.10/site-packages/airflow/example_dags/example_latest_only_with_trigger.py
[2025-12-08T14:41:54.473+0530] {processor.py:839} INFO - DAG(s) dict_keys(['latest_only_with_trigger']) retrieved from /Users/ramesharra/airflow310/lib/python3.10/site-packages/airflow/example_dags/example_latest_only_with_trigger.py
[2025-12-08T14:41:54.596+0530] {logging_mixin.py:154} INFO - [2025-12-08T14:41:54.596+0530] {dag.py:2941} INFO - Sync 1 DAGs
[2025-12-08T14:41:54.610+0530] {logging_mixin.py:154} INFO - [2025-12-08T14:41:54.610+0530] {dag.py:3722} INFO - Setting next_dagrun for latest_only_with_trigger to 2025-12-08T05:11:54.610751+00:00, run_after=2025-12-08T09:11:54.610751+00:00
[2025-12-08T14:41:54.623+0530] {processor.py:179} INFO - Processing /Users/ramesharra/airflow310/lib/python3.10/site-packages/airflow/example_dags/example_latest_only_with_trigger.py took 0.173 seconds
[2025-12-08T14:44:01.925+0530] {processor.py:157} INFO - Started process (PID=13623) to work on /Users/ramesharra/airflow310/lib/python3.10/site-packages/airflow/example_dags/example_latest_only_with_trigger.py
[2025-12-08T14:44:01.926+0530] {processor.py:829} INFO - Processing file /Users/ramesharra/airflow310/lib/python3.10/site-packages/airflow/example_dags/example_latest_only_with_trigger.py for tasks to queue
[2025-12-08T14:44:01.927+0530] {logging_mixin.py:154} INFO - [2025-12-08T14:44:01.927+0530] {dagbag.py:536} INFO - Filling up the DagBag from /Users/ramesharra/airflow310/lib/python3.10/site-packages/airflow/example_dags/example_latest_only_with_trigger.py
[2025-12-08T14:44:01.944+0530] {processor.py:839} INFO - DAG(s) dict_keys(['latest_only_with_trigger']) retrieved from /Users/ramesharra/airflow310/lib/python3.10/site-packages/airflow/example_dags/example_latest_only_with_trigger.py
[2025-12-08T14:44:02.042+0530] {logging_mixin.py:154} INFO - [2025-12-08T14:44:02.042+0530] {dag.py:2941} INFO - Sync 1 DAGs
[2025-12-08T14:44:02.052+0530] {logging_mixin.py:154} INFO - [2025-12-08T14:44:02.052+0530] {dag.py:3722} INFO - Setting next_dagrun for latest_only_with_trigger to 2025-12-08T05:14:02.052670+00:00, run_after=2025-12-08T09:14:02.052670+00:00
[2025-12-08T14:44:02.063+0530] {processor.py:179} INFO - Processing /Users/ramesharra/airflow310/lib/python3.10/site-packages/airflow/example_dags/example_latest_only_with_trigger.py took 0.139 seconds
[2025-12-08T14:46:11.601+0530] {processor.py:157} INFO - Started process (PID=13766) to work on /Users/ramesharra/airflow310/lib/python3.10/site-packages/airflow/example_dags/example_latest_only_with_trigger.py
[2025-12-08T14:46:11.601+0530] {processor.py:829} INFO - Processing file /Users/ramesharra/airflow310/lib/python3.10/site-packages/airflow/example_dags/example_latest_only_with_trigger.py for tasks to queue
[2025-12-08T14:46:11.603+0530] {logging_mixin.py:154} INFO - [2025-12-08T14:46:11.603+0530] {dagbag.py:536} INFO - Filling up the DagBag from /Users/ramesharra/airflow310/lib/python3.10/site-packages/airflow/example_dags/example_latest_only_with_trigger.py
[2025-12-08T14:46:11.619+0530] {processor.py:839} INFO - DAG(s) dict_keys(['latest_only_with_trigger']) retrieved from /Users/ramesharra/airflow310/lib/python3.10/site-packages/airflow/example_dags/example_latest_only_with_trigger.py
[2025-12-08T14:46:11.718+0530] {logging_mixin.py:154} INFO - [2025-12-08T14:46:11.718+0530] {dag.py:2941} INFO - Sync 1 DAGs
[2025-12-08T14:46:11.728+0530] {logging_mixin.py:154} INFO - [2025-12-08T14:46:11.728+0530] {dag.py:3722} INFO - Setting next_dagrun for latest_only_with_trigger to 2025-12-08T05:16:11.728394+00:00, run_after=2025-12-08T09:16:11.728394+00:00
[2025-12-08T14:46:11.740+0530] {processor.py:179} INFO - Processing /Users/ramesharra/airflow310/lib/python3.10/site-packages/airflow/example_dags/example_latest_only_with_trigger.py took 0.139 seconds
[2025-12-08T14:48:25.015+0530] {processor.py:157} INFO - Started process (PID=13930) to work on /Users/ramesharra/airflow310/lib/python3.10/site-packages/airflow/example_dags/example_latest_only_with_trigger.py
[2025-12-08T14:48:25.016+0530] {processor.py:829} INFO - Processing file /Users/ramesharra/airflow310/lib/python3.10/site-packages/airflow/example_dags/example_latest_only_with_trigger.py for tasks to queue
[2025-12-08T14:48:25.017+0530] {logging_mixin.py:154} INFO - [2025-12-08T14:48:25.017+0530] {dagbag.py:536} INFO - Filling up the DagBag from /Users/ramesharra/airflow310/lib/python3.10/site-packages/airflow/example_dags/example_latest_only_with_trigger.py
[2025-12-08T14:48:25.034+0530] {processor.py:839} INFO - DAG(s) dict_keys(['latest_only_with_trigger']) retrieved from /Users/ramesharra/airflow310/lib/python3.10/site-packages/airflow/example_dags/example_latest_only_with_trigger.py
[2025-12-08T14:48:25.142+0530] {logging_mixin.py:154} INFO - [2025-12-08T14:48:25.142+0530] {dag.py:2941} INFO - Sync 1 DAGs
[2025-12-08T14:48:25.153+0530] {logging_mixin.py:154} INFO - [2025-12-08T14:48:25.153+0530] {dag.py:3722} INFO - Setting next_dagrun for latest_only_with_trigger to 2025-12-08T05:18:25.153536+00:00, run_after=2025-12-08T09:18:25.153536+00:00
[2025-12-08T14:48:25.165+0530] {processor.py:179} INFO - Processing /Users/ramesharra/airflow310/lib/python3.10/site-packages/airflow/example_dags/example_latest_only_with_trigger.py took 0.150 seconds
[2025-12-08T14:50:37.079+0530] {processor.py:157} INFO - Started process (PID=14083) to work on /Users/ramesharra/airflow310/lib/python3.10/site-packages/airflow/example_dags/example_latest_only_with_trigger.py
[2025-12-08T14:50:37.079+0530] {processor.py:829} INFO - Processing file /Users/ramesharra/airflow310/lib/python3.10/site-packages/airflow/example_dags/example_latest_only_with_trigger.py for tasks to queue
[2025-12-08T14:50:37.081+0530] {logging_mixin.py:154} INFO - [2025-12-08T14:50:37.081+0530] {dagbag.py:536} INFO - Filling up the DagBag from /Users/ramesharra/airflow310/lib/python3.10/site-packages/airflow/example_dags/example_latest_only_with_trigger.py
[2025-12-08T14:50:37.098+0530] {processor.py:839} INFO - DAG(s) dict_keys(['latest_only_with_trigger']) retrieved from /Users/ramesharra/airflow310/lib/python3.10/site-packages/airflow/example_dags/example_latest_only_with_trigger.py
[2025-12-08T14:50:37.204+0530] {logging_mixin.py:154} INFO - [2025-12-08T14:50:37.204+0530] {dag.py:2941} INFO - Sync 1 DAGs
[2025-12-08T14:50:37.216+0530] {logging_mixin.py:154} INFO - [2025-12-08T14:50:37.216+0530] {dag.py:3722} INFO - Setting next_dagrun for latest_only_with_trigger to 2025-12-08T05:20:37.216758+00:00, run_after=2025-12-08T09:20:37.216758+00:00
[2025-12-08T14:50:37.227+0530] {processor.py:179} INFO - Processing /Users/ramesharra/airflow310/lib/python3.10/site-packages/airflow/example_dags/example_latest_only_with_trigger.py took 0.149 seconds
