[2025-12-08T14:15:38.948+0530] {processor.py:157} INFO - Started process (PID=11568) to work on /Users/ramesharra/airflow310/lib/python3.10/site-packages/airflow/example_dags/example_short_circuit_decorator.py
[2025-12-08T14:15:38.948+0530] {processor.py:829} INFO - Processing file /Users/ramesharra/airflow310/lib/python3.10/site-packages/airflow/example_dags/example_short_circuit_decorator.py for tasks to queue
[2025-12-08T14:15:38.950+0530] {logging_mixin.py:154} INFO - [2025-12-08T14:15:38.950+0530] {dagbag.py:536} INFO - Filling up the DagBag from /Users/ramesharra/airflow310/lib/python3.10/site-packages/airflow/example_dags/example_short_circuit_decorator.py
[2025-12-08T14:15:38.982+0530] {processor.py:839} INFO - DAG(s) dict_keys(['example_short_circuit_decorator']) retrieved from /Users/ramesharra/airflow310/lib/python3.10/site-packages/airflow/example_dags/example_short_circuit_decorator.py
[2025-12-08T14:15:39.299+0530] {logging_mixin.py:154} INFO - [2025-12-08T14:15:39.299+0530] {manager.py:499} INFO - Created Permission View: %s
[2025-12-08T14:15:39.304+0530] {logging_mixin.py:154} INFO - [2025-12-08T14:15:39.304+0530] {manager.py:499} INFO - Created Permission View: %s
[2025-12-08T14:15:39.307+0530] {logging_mixin.py:154} INFO - [2025-12-08T14:15:39.307+0530] {manager.py:499} INFO - Created Permission View: %s
[2025-12-08T14:15:39.307+0530] {logging_mixin.py:154} INFO - [2025-12-08T14:15:39.307+0530] {dag.py:2941} INFO - Sync 1 DAGs
[2025-12-08T14:15:39.312+0530] {logging_mixin.py:154} INFO - [2025-12-08T14:15:39.312+0530] {dag.py:2963} INFO - Creating ORM DAG for example_short_circuit_decorator
[2025-12-08T14:15:39.317+0530] {logging_mixin.py:154} INFO - [2025-12-08T14:15:39.316+0530] {dag.py:3722} INFO - Setting next_dagrun for example_short_circuit_decorator to 2025-12-07T08:45:39.316867+00:00, run_after=2025-12-08T08:45:39.316867+00:00
[2025-12-08T14:15:39.327+0530] {processor.py:179} INFO - Processing /Users/ramesharra/airflow310/lib/python3.10/site-packages/airflow/example_dags/example_short_circuit_decorator.py took 0.379 seconds
[2025-12-08T14:17:18.278+0530] {processor.py:157} INFO - Started process (PID=11692) to work on /Users/ramesharra/airflow310/lib/python3.10/site-packages/airflow/example_dags/example_short_circuit_decorator.py
[2025-12-08T14:17:18.279+0530] {processor.py:829} INFO - Processing file /Users/ramesharra/airflow310/lib/python3.10/site-packages/airflow/example_dags/example_short_circuit_decorator.py for tasks to queue
[2025-12-08T14:17:18.280+0530] {logging_mixin.py:154} INFO - [2025-12-08T14:17:18.280+0530] {dagbag.py:536} INFO - Filling up the DagBag from /Users/ramesharra/airflow310/lib/python3.10/site-packages/airflow/example_dags/example_short_circuit_decorator.py
[2025-12-08T14:17:18.313+0530] {processor.py:839} INFO - DAG(s) dict_keys(['example_short_circuit_decorator']) retrieved from /Users/ramesharra/airflow310/lib/python3.10/site-packages/airflow/example_dags/example_short_circuit_decorator.py
[2025-12-08T14:17:18.406+0530] {logging_mixin.py:154} INFO - [2025-12-08T14:17:18.406+0530] {dag.py:2941} INFO - Sync 1 DAGs
[2025-12-08T14:17:18.415+0530] {logging_mixin.py:154} INFO - [2025-12-08T14:17:18.415+0530] {dag.py:3722} INFO - Setting next_dagrun for example_short_circuit_decorator to 2025-12-07T08:47:18.415246+00:00, run_after=2025-12-08T08:47:18.415246+00:00
[2025-12-08T14:17:18.427+0530] {processor.py:179} INFO - Processing /Users/ramesharra/airflow310/lib/python3.10/site-packages/airflow/example_dags/example_short_circuit_decorator.py took 0.149 seconds
[2025-12-08T14:20:30.822+0530] {processor.py:157} INFO - Started process (PID=11860) to work on /Users/ramesharra/airflow310/lib/python3.10/site-packages/airflow/example_dags/example_short_circuit_decorator.py
[2025-12-08T14:20:30.822+0530] {processor.py:829} INFO - Processing file /Users/ramesharra/airflow310/lib/python3.10/site-packages/airflow/example_dags/example_short_circuit_decorator.py for tasks to queue
[2025-12-08T14:20:30.824+0530] {logging_mixin.py:154} INFO - [2025-12-08T14:20:30.824+0530] {dagbag.py:536} INFO - Filling up the DagBag from /Users/ramesharra/airflow310/lib/python3.10/site-packages/airflow/example_dags/example_short_circuit_decorator.py
[2025-12-08T14:20:30.855+0530] {processor.py:839} INFO - DAG(s) dict_keys(['example_short_circuit_decorator']) retrieved from /Users/ramesharra/airflow310/lib/python3.10/site-packages/airflow/example_dags/example_short_circuit_decorator.py
[2025-12-08T14:20:30.950+0530] {logging_mixin.py:154} INFO - [2025-12-08T14:20:30.950+0530] {dag.py:2941} INFO - Sync 1 DAGs
[2025-12-08T14:20:30.960+0530] {logging_mixin.py:154} INFO - [2025-12-08T14:20:30.960+0530] {dag.py:3722} INFO - Setting next_dagrun for example_short_circuit_decorator to 2025-12-07T08:50:30.959934+00:00, run_after=2025-12-08T08:50:30.959934+00:00
[2025-12-08T14:20:30.971+0530] {processor.py:179} INFO - Processing /Users/ramesharra/airflow310/lib/python3.10/site-packages/airflow/example_dags/example_short_circuit_decorator.py took 0.150 seconds
[2025-12-08T14:21:58.734+0530] {processor.py:157} INFO - Started process (PID=11961) to work on /Users/ramesharra/airflow310/lib/python3.10/site-packages/airflow/example_dags/example_short_circuit_decorator.py
[2025-12-08T14:21:58.735+0530] {processor.py:829} INFO - Processing file /Users/ramesharra/airflow310/lib/python3.10/site-packages/airflow/example_dags/example_short_circuit_decorator.py for tasks to queue
[2025-12-08T14:21:58.736+0530] {logging_mixin.py:154} INFO - [2025-12-08T14:21:58.736+0530] {dagbag.py:536} INFO - Filling up the DagBag from /Users/ramesharra/airflow310/lib/python3.10/site-packages/airflow/example_dags/example_short_circuit_decorator.py
[2025-12-08T14:21:58.769+0530] {processor.py:839} INFO - DAG(s) dict_keys(['example_short_circuit_decorator']) retrieved from /Users/ramesharra/airflow310/lib/python3.10/site-packages/airflow/example_dags/example_short_circuit_decorator.py
[2025-12-08T14:21:58.862+0530] {logging_mixin.py:154} INFO - [2025-12-08T14:21:58.862+0530] {dag.py:2941} INFO - Sync 1 DAGs
[2025-12-08T14:21:58.872+0530] {logging_mixin.py:154} INFO - [2025-12-08T14:21:58.872+0530] {dag.py:3722} INFO - Setting next_dagrun for example_short_circuit_decorator to 2025-12-07T08:51:58.872095+00:00, run_after=2025-12-08T08:51:58.872095+00:00
[2025-12-08T14:21:58.882+0530] {processor.py:179} INFO - Processing /Users/ramesharra/airflow310/lib/python3.10/site-packages/airflow/example_dags/example_short_circuit_decorator.py took 0.149 seconds
[2025-12-08T14:24:04.824+0530] {processor.py:157} INFO - Started process (PID=12260) to work on /Users/ramesharra/airflow310/lib/python3.10/site-packages/airflow/example_dags/example_short_circuit_decorator.py
[2025-12-08T14:24:04.825+0530] {processor.py:829} INFO - Processing file /Users/ramesharra/airflow310/lib/python3.10/site-packages/airflow/example_dags/example_short_circuit_decorator.py for tasks to queue
[2025-12-08T14:24:04.826+0530] {logging_mixin.py:154} INFO - [2025-12-08T14:24:04.826+0530] {dagbag.py:536} INFO - Filling up the DagBag from /Users/ramesharra/airflow310/lib/python3.10/site-packages/airflow/example_dags/example_short_circuit_decorator.py
[2025-12-08T14:24:04.861+0530] {processor.py:839} INFO - DAG(s) dict_keys(['example_short_circuit_decorator']) retrieved from /Users/ramesharra/airflow310/lib/python3.10/site-packages/airflow/example_dags/example_short_circuit_decorator.py
[2025-12-08T14:24:04.964+0530] {logging_mixin.py:154} INFO - [2025-12-08T14:24:04.964+0530] {dag.py:2941} INFO - Sync 1 DAGs
[2025-12-08T14:24:04.973+0530] {logging_mixin.py:154} INFO - [2025-12-08T14:24:04.973+0530] {dag.py:3722} INFO - Setting next_dagrun for example_short_circuit_decorator to 2025-12-07T08:54:04.973142+00:00, run_after=2025-12-08T08:54:04.973142+00:00
[2025-12-08T14:24:04.984+0530] {processor.py:179} INFO - Processing /Users/ramesharra/airflow310/lib/python3.10/site-packages/airflow/example_dags/example_short_circuit_decorator.py took 0.161 seconds
[2025-12-08T14:26:22.449+0530] {processor.py:157} INFO - Started process (PID=12442) to work on /Users/ramesharra/airflow310/lib/python3.10/site-packages/airflow/example_dags/example_short_circuit_decorator.py
[2025-12-08T14:26:22.450+0530] {processor.py:829} INFO - Processing file /Users/ramesharra/airflow310/lib/python3.10/site-packages/airflow/example_dags/example_short_circuit_decorator.py for tasks to queue
[2025-12-08T14:26:22.451+0530] {logging_mixin.py:154} INFO - [2025-12-08T14:26:22.451+0530] {dagbag.py:536} INFO - Filling up the DagBag from /Users/ramesharra/airflow310/lib/python3.10/site-packages/airflow/example_dags/example_short_circuit_decorator.py
[2025-12-08T14:26:22.492+0530] {processor.py:839} INFO - DAG(s) dict_keys(['example_short_circuit_decorator']) retrieved from /Users/ramesharra/airflow310/lib/python3.10/site-packages/airflow/example_dags/example_short_circuit_decorator.py
[2025-12-08T14:26:22.598+0530] {logging_mixin.py:154} INFO - [2025-12-08T14:26:22.598+0530] {dag.py:2941} INFO - Sync 1 DAGs
[2025-12-08T14:26:22.608+0530] {logging_mixin.py:154} INFO - [2025-12-08T14:26:22.608+0530] {dag.py:3722} INFO - Setting next_dagrun for example_short_circuit_decorator to 2025-12-07T08:56:22.608668+00:00, run_after=2025-12-08T08:56:22.608668+00:00
[2025-12-08T14:26:22.620+0530] {processor.py:179} INFO - Processing /Users/ramesharra/airflow310/lib/python3.10/site-packages/airflow/example_dags/example_short_circuit_decorator.py took 0.172 seconds
[2025-12-08T14:27:57.327+0530] {processor.py:157} INFO - Started process (PID=12540) to work on /Users/ramesharra/airflow310/lib/python3.10/site-packages/airflow/example_dags/example_short_circuit_decorator.py
[2025-12-08T14:27:57.328+0530] {processor.py:829} INFO - Processing file /Users/ramesharra/airflow310/lib/python3.10/site-packages/airflow/example_dags/example_short_circuit_decorator.py for tasks to queue
[2025-12-08T14:27:57.329+0530] {logging_mixin.py:154} INFO - [2025-12-08T14:27:57.329+0530] {dagbag.py:536} INFO - Filling up the DagBag from /Users/ramesharra/airflow310/lib/python3.10/site-packages/airflow/example_dags/example_short_circuit_decorator.py
[2025-12-08T14:27:57.364+0530] {processor.py:839} INFO - DAG(s) dict_keys(['example_short_circuit_decorator']) retrieved from /Users/ramesharra/airflow310/lib/python3.10/site-packages/airflow/example_dags/example_short_circuit_decorator.py
[2025-12-08T14:27:57.459+0530] {logging_mixin.py:154} INFO - [2025-12-08T14:27:57.459+0530] {dag.py:2941} INFO - Sync 1 DAGs
[2025-12-08T14:27:57.468+0530] {logging_mixin.py:154} INFO - [2025-12-08T14:27:57.468+0530] {dag.py:3722} INFO - Setting next_dagrun for example_short_circuit_decorator to 2025-12-07T08:57:57.468647+00:00, run_after=2025-12-08T08:57:57.468647+00:00
[2025-12-08T14:27:57.480+0530] {processor.py:179} INFO - Processing /Users/ramesharra/airflow310/lib/python3.10/site-packages/airflow/example_dags/example_short_circuit_decorator.py took 0.154 seconds
[2025-12-08T14:29:17.426+0530] {processor.py:157} INFO - Started process (PID=12629) to work on /Users/ramesharra/airflow310/lib/python3.10/site-packages/airflow/example_dags/example_short_circuit_decorator.py
[2025-12-08T14:29:17.427+0530] {processor.py:829} INFO - Processing file /Users/ramesharra/airflow310/lib/python3.10/site-packages/airflow/example_dags/example_short_circuit_decorator.py for tasks to queue
[2025-12-08T14:29:17.428+0530] {logging_mixin.py:154} INFO - [2025-12-08T14:29:17.428+0530] {dagbag.py:536} INFO - Filling up the DagBag from /Users/ramesharra/airflow310/lib/python3.10/site-packages/airflow/example_dags/example_short_circuit_decorator.py
[2025-12-08T14:29:17.465+0530] {processor.py:839} INFO - DAG(s) dict_keys(['example_short_circuit_decorator']) retrieved from /Users/ramesharra/airflow310/lib/python3.10/site-packages/airflow/example_dags/example_short_circuit_decorator.py
[2025-12-08T14:29:17.560+0530] {logging_mixin.py:154} INFO - [2025-12-08T14:29:17.560+0530] {dag.py:2941} INFO - Sync 1 DAGs
[2025-12-08T14:29:17.569+0530] {logging_mixin.py:154} INFO - [2025-12-08T14:29:17.569+0530] {dag.py:3722} INFO - Setting next_dagrun for example_short_circuit_decorator to 2025-12-07T08:59:17.569548+00:00, run_after=2025-12-08T08:59:17.569548+00:00
[2025-12-08T14:29:17.582+0530] {processor.py:179} INFO - Processing /Users/ramesharra/airflow310/lib/python3.10/site-packages/airflow/example_dags/example_short_circuit_decorator.py took 0.156 seconds
[2025-12-08T14:30:47.226+0530] {processor.py:157} INFO - Started process (PID=12729) to work on /Users/ramesharra/airflow310/lib/python3.10/site-packages/airflow/example_dags/example_short_circuit_decorator.py
[2025-12-08T14:30:47.228+0530] {processor.py:829} INFO - Processing file /Users/ramesharra/airflow310/lib/python3.10/site-packages/airflow/example_dags/example_short_circuit_decorator.py for tasks to queue
[2025-12-08T14:30:47.230+0530] {logging_mixin.py:154} INFO - [2025-12-08T14:30:47.230+0530] {dagbag.py:536} INFO - Filling up the DagBag from /Users/ramesharra/airflow310/lib/python3.10/site-packages/airflow/example_dags/example_short_circuit_decorator.py
[2025-12-08T14:30:47.263+0530] {processor.py:839} INFO - DAG(s) dict_keys(['example_short_circuit_decorator']) retrieved from /Users/ramesharra/airflow310/lib/python3.10/site-packages/airflow/example_dags/example_short_circuit_decorator.py
[2025-12-08T14:30:47.364+0530] {logging_mixin.py:154} INFO - [2025-12-08T14:30:47.364+0530] {dag.py:2941} INFO - Sync 1 DAGs
[2025-12-08T14:30:47.373+0530] {logging_mixin.py:154} INFO - [2025-12-08T14:30:47.373+0530] {dag.py:3722} INFO - Setting next_dagrun for example_short_circuit_decorator to 2025-12-07T09:00:47.373708+00:00, run_after=2025-12-08T09:00:47.373708+00:00
[2025-12-08T14:30:47.386+0530] {processor.py:179} INFO - Processing /Users/ramesharra/airflow310/lib/python3.10/site-packages/airflow/example_dags/example_short_circuit_decorator.py took 0.160 seconds
[2025-12-08T14:32:52.903+0530] {processor.py:157} INFO - Started process (PID=12865) to work on /Users/ramesharra/airflow310/lib/python3.10/site-packages/airflow/example_dags/example_short_circuit_decorator.py
[2025-12-08T14:32:52.904+0530] {processor.py:829} INFO - Processing file /Users/ramesharra/airflow310/lib/python3.10/site-packages/airflow/example_dags/example_short_circuit_decorator.py for tasks to queue
[2025-12-08T14:32:52.906+0530] {logging_mixin.py:154} INFO - [2025-12-08T14:32:52.905+0530] {dagbag.py:536} INFO - Filling up the DagBag from /Users/ramesharra/airflow310/lib/python3.10/site-packages/airflow/example_dags/example_short_circuit_decorator.py
[2025-12-08T14:32:52.940+0530] {processor.py:839} INFO - DAG(s) dict_keys(['example_short_circuit_decorator']) retrieved from /Users/ramesharra/airflow310/lib/python3.10/site-packages/airflow/example_dags/example_short_circuit_decorator.py
[2025-12-08T14:32:53.042+0530] {logging_mixin.py:154} INFO - [2025-12-08T14:32:53.041+0530] {dag.py:2941} INFO - Sync 1 DAGs
[2025-12-08T14:32:53.051+0530] {logging_mixin.py:154} INFO - [2025-12-08T14:32:53.051+0530] {dag.py:3722} INFO - Setting next_dagrun for example_short_circuit_decorator to 2025-12-07T09:02:53.051693+00:00, run_after=2025-12-08T09:02:53.051693+00:00
[2025-12-08T14:32:53.065+0530] {processor.py:179} INFO - Processing /Users/ramesharra/airflow310/lib/python3.10/site-packages/airflow/example_dags/example_short_circuit_decorator.py took 0.162 seconds
[2025-12-08T14:34:54.635+0530] {processor.py:157} INFO - Started process (PID=13005) to work on /Users/ramesharra/airflow310/lib/python3.10/site-packages/airflow/example_dags/example_short_circuit_decorator.py
[2025-12-08T14:34:54.635+0530] {processor.py:829} INFO - Processing file /Users/ramesharra/airflow310/lib/python3.10/site-packages/airflow/example_dags/example_short_circuit_decorator.py for tasks to queue
[2025-12-08T14:34:54.637+0530] {logging_mixin.py:154} INFO - [2025-12-08T14:34:54.636+0530] {dagbag.py:536} INFO - Filling up the DagBag from /Users/ramesharra/airflow310/lib/python3.10/site-packages/airflow/example_dags/example_short_circuit_decorator.py
[2025-12-08T14:34:54.670+0530] {processor.py:839} INFO - DAG(s) dict_keys(['example_short_circuit_decorator']) retrieved from /Users/ramesharra/airflow310/lib/python3.10/site-packages/airflow/example_dags/example_short_circuit_decorator.py
[2025-12-08T14:34:54.766+0530] {logging_mixin.py:154} INFO - [2025-12-08T14:34:54.766+0530] {dag.py:2941} INFO - Sync 1 DAGs
[2025-12-08T14:34:54.775+0530] {logging_mixin.py:154} INFO - [2025-12-08T14:34:54.775+0530] {dag.py:3722} INFO - Setting next_dagrun for example_short_circuit_decorator to 2025-12-07T09:04:54.775577+00:00, run_after=2025-12-08T09:04:54.775577+00:00
[2025-12-08T14:34:54.786+0530] {processor.py:179} INFO - Processing /Users/ramesharra/airflow310/lib/python3.10/site-packages/airflow/example_dags/example_short_circuit_decorator.py took 0.152 seconds
[2025-12-08T14:37:06.173+0530] {processor.py:157} INFO - Started process (PID=13153) to work on /Users/ramesharra/airflow310/lib/python3.10/site-packages/airflow/example_dags/example_short_circuit_decorator.py
[2025-12-08T14:37:06.175+0530] {processor.py:829} INFO - Processing file /Users/ramesharra/airflow310/lib/python3.10/site-packages/airflow/example_dags/example_short_circuit_decorator.py for tasks to queue
[2025-12-08T14:37:06.176+0530] {logging_mixin.py:154} INFO - [2025-12-08T14:37:06.176+0530] {dagbag.py:536} INFO - Filling up the DagBag from /Users/ramesharra/airflow310/lib/python3.10/site-packages/airflow/example_dags/example_short_circuit_decorator.py
[2025-12-08T14:37:06.212+0530] {processor.py:839} INFO - DAG(s) dict_keys(['example_short_circuit_decorator']) retrieved from /Users/ramesharra/airflow310/lib/python3.10/site-packages/airflow/example_dags/example_short_circuit_decorator.py
[2025-12-08T14:37:06.314+0530] {logging_mixin.py:154} INFO - [2025-12-08T14:37:06.314+0530] {dag.py:2941} INFO - Sync 1 DAGs
[2025-12-08T14:37:06.324+0530] {logging_mixin.py:154} INFO - [2025-12-08T14:37:06.324+0530] {dag.py:3722} INFO - Setting next_dagrun for example_short_circuit_decorator to 2025-12-07T09:07:06.323956+00:00, run_after=2025-12-08T09:07:06.323956+00:00
[2025-12-08T14:37:06.336+0530] {processor.py:179} INFO - Processing /Users/ramesharra/airflow310/lib/python3.10/site-packages/airflow/example_dags/example_short_circuit_decorator.py took 0.163 seconds
[2025-12-08T14:39:20.141+0530] {processor.py:157} INFO - Started process (PID=13311) to work on /Users/ramesharra/airflow310/lib/python3.10/site-packages/airflow/example_dags/example_short_circuit_decorator.py
[2025-12-08T14:39:20.141+0530] {processor.py:829} INFO - Processing file /Users/ramesharra/airflow310/lib/python3.10/site-packages/airflow/example_dags/example_short_circuit_decorator.py for tasks to queue
[2025-12-08T14:39:20.143+0530] {logging_mixin.py:154} INFO - [2025-12-08T14:39:20.143+0530] {dagbag.py:536} INFO - Filling up the DagBag from /Users/ramesharra/airflow310/lib/python3.10/site-packages/airflow/example_dags/example_short_circuit_decorator.py
[2025-12-08T14:39:20.181+0530] {processor.py:839} INFO - DAG(s) dict_keys(['example_short_circuit_decorator']) retrieved from /Users/ramesharra/airflow310/lib/python3.10/site-packages/airflow/example_dags/example_short_circuit_decorator.py
[2025-12-08T14:39:20.283+0530] {logging_mixin.py:154} INFO - [2025-12-08T14:39:20.283+0530] {dag.py:2941} INFO - Sync 1 DAGs
[2025-12-08T14:39:20.294+0530] {logging_mixin.py:154} INFO - [2025-12-08T14:39:20.294+0530] {dag.py:3722} INFO - Setting next_dagrun for example_short_circuit_decorator to 2025-12-07T09:09:20.294013+00:00, run_after=2025-12-08T09:09:20.294013+00:00
[2025-12-08T14:39:20.307+0530] {processor.py:179} INFO - Processing /Users/ramesharra/airflow310/lib/python3.10/site-packages/airflow/example_dags/example_short_circuit_decorator.py took 0.166 seconds
[2025-12-08T14:41:31.219+0530] {processor.py:157} INFO - Started process (PID=13459) to work on /Users/ramesharra/airflow310/lib/python3.10/site-packages/airflow/example_dags/example_short_circuit_decorator.py
[2025-12-08T14:41:31.220+0530] {processor.py:829} INFO - Processing file /Users/ramesharra/airflow310/lib/python3.10/site-packages/airflow/example_dags/example_short_circuit_decorator.py for tasks to queue
[2025-12-08T14:41:31.221+0530] {logging_mixin.py:154} INFO - [2025-12-08T14:41:31.221+0530] {dagbag.py:536} INFO - Filling up the DagBag from /Users/ramesharra/airflow310/lib/python3.10/site-packages/airflow/example_dags/example_short_circuit_decorator.py
[2025-12-08T14:41:31.260+0530] {processor.py:839} INFO - DAG(s) dict_keys(['example_short_circuit_decorator']) retrieved from /Users/ramesharra/airflow310/lib/python3.10/site-packages/airflow/example_dags/example_short_circuit_decorator.py
[2025-12-08T14:41:31.375+0530] {logging_mixin.py:154} INFO - [2025-12-08T14:41:31.375+0530] {dag.py:2941} INFO - Sync 1 DAGs
[2025-12-08T14:41:31.386+0530] {logging_mixin.py:154} INFO - [2025-12-08T14:41:31.386+0530] {dag.py:3722} INFO - Setting next_dagrun for example_short_circuit_decorator to 2025-12-07T09:11:31.386433+00:00, run_after=2025-12-08T09:11:31.386433+00:00
[2025-12-08T14:41:31.400+0530] {processor.py:179} INFO - Processing /Users/ramesharra/airflow310/lib/python3.10/site-packages/airflow/example_dags/example_short_circuit_decorator.py took 0.181 seconds
[2025-12-08T14:43:40.802+0530] {processor.py:157} INFO - Started process (PID=13606) to work on /Users/ramesharra/airflow310/lib/python3.10/site-packages/airflow/example_dags/example_short_circuit_decorator.py
[2025-12-08T14:43:40.803+0530] {processor.py:829} INFO - Processing file /Users/ramesharra/airflow310/lib/python3.10/site-packages/airflow/example_dags/example_short_circuit_decorator.py for tasks to queue
[2025-12-08T14:43:40.805+0530] {logging_mixin.py:154} INFO - [2025-12-08T14:43:40.805+0530] {dagbag.py:536} INFO - Filling up the DagBag from /Users/ramesharra/airflow310/lib/python3.10/site-packages/airflow/example_dags/example_short_circuit_decorator.py
[2025-12-08T14:43:40.840+0530] {processor.py:839} INFO - DAG(s) dict_keys(['example_short_circuit_decorator']) retrieved from /Users/ramesharra/airflow310/lib/python3.10/site-packages/airflow/example_dags/example_short_circuit_decorator.py
[2025-12-08T14:43:40.942+0530] {logging_mixin.py:154} INFO - [2025-12-08T14:43:40.942+0530] {dag.py:2941} INFO - Sync 1 DAGs
[2025-12-08T14:43:40.952+0530] {logging_mixin.py:154} INFO - [2025-12-08T14:43:40.952+0530] {dag.py:3722} INFO - Setting next_dagrun for example_short_circuit_decorator to 2025-12-07T09:13:40.951934+00:00, run_after=2025-12-08T09:13:40.951934+00:00
[2025-12-08T14:43:40.964+0530] {processor.py:179} INFO - Processing /Users/ramesharra/airflow310/lib/python3.10/site-packages/airflow/example_dags/example_short_circuit_decorator.py took 0.162 seconds
[2025-12-08T14:45:49.235+0530] {processor.py:157} INFO - Started process (PID=13743) to work on /Users/ramesharra/airflow310/lib/python3.10/site-packages/airflow/example_dags/example_short_circuit_decorator.py
[2025-12-08T14:45:49.236+0530] {processor.py:829} INFO - Processing file /Users/ramesharra/airflow310/lib/python3.10/site-packages/airflow/example_dags/example_short_circuit_decorator.py for tasks to queue
[2025-12-08T14:45:49.237+0530] {logging_mixin.py:154} INFO - [2025-12-08T14:45:49.237+0530] {dagbag.py:536} INFO - Filling up the DagBag from /Users/ramesharra/airflow310/lib/python3.10/site-packages/airflow/example_dags/example_short_circuit_decorator.py
[2025-12-08T14:45:49.272+0530] {processor.py:839} INFO - DAG(s) dict_keys(['example_short_circuit_decorator']) retrieved from /Users/ramesharra/airflow310/lib/python3.10/site-packages/airflow/example_dags/example_short_circuit_decorator.py
[2025-12-08T14:45:49.374+0530] {logging_mixin.py:154} INFO - [2025-12-08T14:45:49.374+0530] {dag.py:2941} INFO - Sync 1 DAGs
[2025-12-08T14:45:49.384+0530] {logging_mixin.py:154} INFO - [2025-12-08T14:45:49.384+0530] {dag.py:3722} INFO - Setting next_dagrun for example_short_circuit_decorator to 2025-12-07T09:15:49.384189+00:00, run_after=2025-12-08T09:15:49.384189+00:00
[2025-12-08T14:45:49.396+0530] {processor.py:179} INFO - Processing /Users/ramesharra/airflow310/lib/python3.10/site-packages/airflow/example_dags/example_short_circuit_decorator.py took 0.161 seconds
[2025-12-08T14:48:02.039+0530] {processor.py:157} INFO - Started process (PID=13900) to work on /Users/ramesharra/airflow310/lib/python3.10/site-packages/airflow/example_dags/example_short_circuit_decorator.py
[2025-12-08T14:48:02.039+0530] {processor.py:829} INFO - Processing file /Users/ramesharra/airflow310/lib/python3.10/site-packages/airflow/example_dags/example_short_circuit_decorator.py for tasks to queue
[2025-12-08T14:48:02.041+0530] {logging_mixin.py:154} INFO - [2025-12-08T14:48:02.040+0530] {dagbag.py:536} INFO - Filling up the DagBag from /Users/ramesharra/airflow310/lib/python3.10/site-packages/airflow/example_dags/example_short_circuit_decorator.py
[2025-12-08T14:48:02.075+0530] {processor.py:839} INFO - DAG(s) dict_keys(['example_short_circuit_decorator']) retrieved from /Users/ramesharra/airflow310/lib/python3.10/site-packages/airflow/example_dags/example_short_circuit_decorator.py
[2025-12-08T14:48:02.192+0530] {logging_mixin.py:154} INFO - [2025-12-08T14:48:02.192+0530] {dag.py:2941} INFO - Sync 1 DAGs
[2025-12-08T14:48:02.202+0530] {logging_mixin.py:154} INFO - [2025-12-08T14:48:02.201+0530] {dag.py:3722} INFO - Setting next_dagrun for example_short_circuit_decorator to 2025-12-07T09:18:02.201893+00:00, run_after=2025-12-08T09:18:02.201893+00:00
[2025-12-08T14:48:02.214+0530] {processor.py:179} INFO - Processing /Users/ramesharra/airflow310/lib/python3.10/site-packages/airflow/example_dags/example_short_circuit_decorator.py took 0.176 seconds
[2025-12-08T14:50:14.784+0530] {processor.py:157} INFO - Started process (PID=14054) to work on /Users/ramesharra/airflow310/lib/python3.10/site-packages/airflow/example_dags/example_short_circuit_decorator.py
[2025-12-08T14:50:14.786+0530] {processor.py:829} INFO - Processing file /Users/ramesharra/airflow310/lib/python3.10/site-packages/airflow/example_dags/example_short_circuit_decorator.py for tasks to queue
[2025-12-08T14:50:14.788+0530] {logging_mixin.py:154} INFO - [2025-12-08T14:50:14.788+0530] {dagbag.py:536} INFO - Filling up the DagBag from /Users/ramesharra/airflow310/lib/python3.10/site-packages/airflow/example_dags/example_short_circuit_decorator.py
[2025-12-08T14:50:14.825+0530] {processor.py:839} INFO - DAG(s) dict_keys(['example_short_circuit_decorator']) retrieved from /Users/ramesharra/airflow310/lib/python3.10/site-packages/airflow/example_dags/example_short_circuit_decorator.py
[2025-12-08T14:50:14.938+0530] {logging_mixin.py:154} INFO - [2025-12-08T14:50:14.938+0530] {dag.py:2941} INFO - Sync 1 DAGs
[2025-12-08T14:50:14.949+0530] {logging_mixin.py:154} INFO - [2025-12-08T14:50:14.949+0530] {dag.py:3722} INFO - Setting next_dagrun for example_short_circuit_decorator to 2025-12-07T09:20:14.949117+00:00, run_after=2025-12-08T09:20:14.949117+00:00
[2025-12-08T14:50:14.963+0530] {processor.py:179} INFO - Processing /Users/ramesharra/airflow310/lib/python3.10/site-packages/airflow/example_dags/example_short_circuit_decorator.py took 0.179 seconds
