[2025-12-08T14:15:26.549+0530] {processor.py:157} INFO - Started process (PID=11556) to work on /Users/ramesharra/airflow310/lib/python3.10/site-packages/airflow/example_dags/example_task_group_decorator.py
[2025-12-08T14:15:26.549+0530] {processor.py:829} INFO - Processing file /Users/ramesharra/airflow310/lib/python3.10/site-packages/airflow/example_dags/example_task_group_decorator.py for tasks to queue
[2025-12-08T14:15:26.552+0530] {logging_mixin.py:154} INFO - [2025-12-08T14:15:26.552+0530] {dagbag.py:536} INFO - Filling up the DagBag from /Users/ramesharra/airflow310/lib/python3.10/site-packages/airflow/example_dags/example_task_group_decorator.py
[2025-12-08T14:15:26.616+0530] {processor.py:839} INFO - DAG(s) dict_keys(['example_task_group_decorator']) retrieved from /Users/ramesharra/airflow310/lib/python3.10/site-packages/airflow/example_dags/example_task_group_decorator.py
[2025-12-08T14:15:27.016+0530] {logging_mixin.py:154} INFO - [2025-12-08T14:15:27.016+0530] {manager.py:499} INFO - Created Permission View: %s
[2025-12-08T14:15:27.024+0530] {logging_mixin.py:154} INFO - [2025-12-08T14:15:27.024+0530] {manager.py:499} INFO - Created Permission View: %s
[2025-12-08T14:15:27.028+0530] {logging_mixin.py:154} INFO - [2025-12-08T14:15:27.027+0530] {manager.py:499} INFO - Created Permission View: %s
[2025-12-08T14:15:27.028+0530] {logging_mixin.py:154} INFO - [2025-12-08T14:15:27.028+0530] {dag.py:2941} INFO - Sync 1 DAGs
[2025-12-08T14:15:27.034+0530] {logging_mixin.py:154} INFO - [2025-12-08T14:15:27.033+0530] {dag.py:2963} INFO - Creating ORM DAG for example_task_group_decorator
[2025-12-08T14:15:27.040+0530] {logging_mixin.py:154} INFO - [2025-12-08T14:15:27.040+0530] {dag.py:3722} INFO - Setting next_dagrun for example_task_group_decorator to 2025-12-07T08:45:27.040065+00:00, run_after=2025-12-08T08:45:27.040065+00:00
[2025-12-08T14:15:27.050+0530] {processor.py:179} INFO - Processing /Users/ramesharra/airflow310/lib/python3.10/site-packages/airflow/example_dags/example_task_group_decorator.py took 0.501 seconds
[2025-12-08T14:17:04.639+0530] {processor.py:157} INFO - Started process (PID=11678) to work on /Users/ramesharra/airflow310/lib/python3.10/site-packages/airflow/example_dags/example_task_group_decorator.py
[2025-12-08T14:17:04.640+0530] {processor.py:829} INFO - Processing file /Users/ramesharra/airflow310/lib/python3.10/site-packages/airflow/example_dags/example_task_group_decorator.py for tasks to queue
[2025-12-08T14:17:04.641+0530] {logging_mixin.py:154} INFO - [2025-12-08T14:17:04.641+0530] {dagbag.py:536} INFO - Filling up the DagBag from /Users/ramesharra/airflow310/lib/python3.10/site-packages/airflow/example_dags/example_task_group_decorator.py
[2025-12-08T14:17:04.683+0530] {processor.py:839} INFO - DAG(s) dict_keys(['example_task_group_decorator']) retrieved from /Users/ramesharra/airflow310/lib/python3.10/site-packages/airflow/example_dags/example_task_group_decorator.py
[2025-12-08T14:17:04.790+0530] {logging_mixin.py:154} INFO - [2025-12-08T14:17:04.790+0530] {dag.py:2941} INFO - Sync 1 DAGs
[2025-12-08T14:17:04.799+0530] {logging_mixin.py:154} INFO - [2025-12-08T14:17:04.799+0530] {dag.py:3722} INFO - Setting next_dagrun for example_task_group_decorator to 2025-12-07T08:47:04.799668+00:00, run_after=2025-12-08T08:47:04.799668+00:00
[2025-12-08T14:17:04.811+0530] {processor.py:179} INFO - Processing /Users/ramesharra/airflow310/lib/python3.10/site-packages/airflow/example_dags/example_task_group_decorator.py took 0.172 seconds
[2025-12-08T14:18:11.009+0530] {processor.py:157} INFO - Started process (PID=11755) to work on /Users/ramesharra/airflow310/lib/python3.10/site-packages/airflow/example_dags/example_task_group_decorator.py
[2025-12-08T14:18:11.010+0530] {processor.py:829} INFO - Processing file /Users/ramesharra/airflow310/lib/python3.10/site-packages/airflow/example_dags/example_task_group_decorator.py for tasks to queue
[2025-12-08T14:18:11.011+0530] {logging_mixin.py:154} INFO - [2025-12-08T14:18:11.011+0530] {dagbag.py:536} INFO - Filling up the DagBag from /Users/ramesharra/airflow310/lib/python3.10/site-packages/airflow/example_dags/example_task_group_decorator.py
[2025-12-08T14:20:19.873+0530] {processor.py:157} INFO - Started process (PID=11850) to work on /Users/ramesharra/airflow310/lib/python3.10/site-packages/airflow/example_dags/example_task_group_decorator.py
[2025-12-08T14:20:19.873+0530] {processor.py:829} INFO - Processing file /Users/ramesharra/airflow310/lib/python3.10/site-packages/airflow/example_dags/example_task_group_decorator.py for tasks to queue
[2025-12-08T14:20:19.875+0530] {logging_mixin.py:154} INFO - [2025-12-08T14:20:19.875+0530] {dagbag.py:536} INFO - Filling up the DagBag from /Users/ramesharra/airflow310/lib/python3.10/site-packages/airflow/example_dags/example_task_group_decorator.py
[2025-12-08T14:20:19.903+0530] {processor.py:839} INFO - DAG(s) dict_keys(['example_task_group_decorator']) retrieved from /Users/ramesharra/airflow310/lib/python3.10/site-packages/airflow/example_dags/example_task_group_decorator.py
[2025-12-08T14:20:19.982+0530] {logging_mixin.py:154} INFO - [2025-12-08T14:20:19.982+0530] {dag.py:2941} INFO - Sync 1 DAGs
[2025-12-08T14:20:19.990+0530] {logging_mixin.py:154} INFO - [2025-12-08T14:20:19.990+0530] {dag.py:3722} INFO - Setting next_dagrun for example_task_group_decorator to 2025-12-07T08:50:19.990627+00:00, run_after=2025-12-08T08:50:19.990627+00:00
[2025-12-08T14:20:19.999+0530] {processor.py:179} INFO - Processing /Users/ramesharra/airflow310/lib/python3.10/site-packages/airflow/example_dags/example_task_group_decorator.py took 0.126 seconds
[2025-12-08T14:21:46.550+0530] {processor.py:157} INFO - Started process (PID=11937) to work on /Users/ramesharra/airflow310/lib/python3.10/site-packages/airflow/example_dags/example_task_group_decorator.py
[2025-12-08T14:21:46.551+0530] {processor.py:829} INFO - Processing file /Users/ramesharra/airflow310/lib/python3.10/site-packages/airflow/example_dags/example_task_group_decorator.py for tasks to queue
[2025-12-08T14:21:46.552+0530] {logging_mixin.py:154} INFO - [2025-12-08T14:21:46.552+0530] {dagbag.py:536} INFO - Filling up the DagBag from /Users/ramesharra/airflow310/lib/python3.10/site-packages/airflow/example_dags/example_task_group_decorator.py
[2025-12-08T14:21:46.587+0530] {processor.py:839} INFO - DAG(s) dict_keys(['example_task_group_decorator']) retrieved from /Users/ramesharra/airflow310/lib/python3.10/site-packages/airflow/example_dags/example_task_group_decorator.py
[2025-12-08T14:21:46.682+0530] {logging_mixin.py:154} INFO - [2025-12-08T14:21:46.682+0530] {dag.py:2941} INFO - Sync 1 DAGs
[2025-12-08T14:21:46.691+0530] {logging_mixin.py:154} INFO - [2025-12-08T14:21:46.691+0530] {dag.py:3722} INFO - Setting next_dagrun for example_task_group_decorator to 2025-12-07T08:51:46.690983+00:00, run_after=2025-12-08T08:51:46.690983+00:00
[2025-12-08T14:21:46.701+0530] {processor.py:179} INFO - Processing /Users/ramesharra/airflow310/lib/python3.10/site-packages/airflow/example_dags/example_task_group_decorator.py took 0.151 seconds
[2025-12-08T14:22:49.794+0530] {processor.py:157} INFO - Started process (PID=12024) to work on /Users/ramesharra/airflow310/lib/python3.10/site-packages/airflow/example_dags/example_task_group_decorator.py
[2025-12-08T14:22:49.794+0530] {processor.py:829} INFO - Processing file /Users/ramesharra/airflow310/lib/python3.10/site-packages/airflow/example_dags/example_task_group_decorator.py for tasks to queue
[2025-12-08T14:22:49.796+0530] {logging_mixin.py:154} INFO - [2025-12-08T14:22:49.796+0530] {dagbag.py:536} INFO - Filling up the DagBag from /Users/ramesharra/airflow310/lib/python3.10/site-packages/airflow/example_dags/example_task_group_decorator.py
[2025-12-08T14:22:49.832+0530] {processor.py:839} INFO - DAG(s) dict_keys(['example_task_group_decorator']) retrieved from /Users/ramesharra/airflow310/lib/python3.10/site-packages/airflow/example_dags/example_task_group_decorator.py
[2025-12-08T14:22:49.929+0530] {logging_mixin.py:154} INFO - [2025-12-08T14:22:49.929+0530] {dag.py:2941} INFO - Sync 1 DAGs
[2025-12-08T14:22:49.938+0530] {logging_mixin.py:154} INFO - [2025-12-08T14:22:49.938+0530] {dag.py:3722} INFO - Setting next_dagrun for example_task_group_decorator to 2025-12-07T08:52:49.938622+00:00, run_after=2025-12-08T08:52:49.938622+00:00
[2025-12-08T14:22:49.950+0530] {processor.py:179} INFO - Processing /Users/ramesharra/airflow310/lib/python3.10/site-packages/airflow/example_dags/example_task_group_decorator.py took 0.157 seconds
[2025-12-08T14:23:54.745+0530] {processor.py:157} INFO - Started process (PID=12247) to work on /Users/ramesharra/airflow310/lib/python3.10/site-packages/airflow/example_dags/example_task_group_decorator.py
[2025-12-08T14:23:54.745+0530] {processor.py:829} INFO - Processing file /Users/ramesharra/airflow310/lib/python3.10/site-packages/airflow/example_dags/example_task_group_decorator.py for tasks to queue
[2025-12-08T14:23:54.747+0530] {logging_mixin.py:154} INFO - [2025-12-08T14:23:54.747+0530] {dagbag.py:536} INFO - Filling up the DagBag from /Users/ramesharra/airflow310/lib/python3.10/site-packages/airflow/example_dags/example_task_group_decorator.py
[2025-12-08T14:23:54.784+0530] {processor.py:839} INFO - DAG(s) dict_keys(['example_task_group_decorator']) retrieved from /Users/ramesharra/airflow310/lib/python3.10/site-packages/airflow/example_dags/example_task_group_decorator.py
[2025-12-08T14:23:54.881+0530] {logging_mixin.py:154} INFO - [2025-12-08T14:23:54.881+0530] {dag.py:2941} INFO - Sync 1 DAGs
[2025-12-08T14:23:54.891+0530] {logging_mixin.py:154} INFO - [2025-12-08T14:23:54.891+0530] {dag.py:3722} INFO - Setting next_dagrun for example_task_group_decorator to 2025-12-07T08:53:54.891080+00:00, run_after=2025-12-08T08:53:54.891080+00:00
[2025-12-08T14:23:54.902+0530] {processor.py:179} INFO - Processing /Users/ramesharra/airflow310/lib/python3.10/site-packages/airflow/example_dags/example_task_group_decorator.py took 0.157 seconds
[2025-12-08T14:24:56.385+0530] {processor.py:157} INFO - Started process (PID=12334) to work on /Users/ramesharra/airflow310/lib/python3.10/site-packages/airflow/example_dags/example_task_group_decorator.py
[2025-12-08T14:24:56.386+0530] {processor.py:829} INFO - Processing file /Users/ramesharra/airflow310/lib/python3.10/site-packages/airflow/example_dags/example_task_group_decorator.py for tasks to queue
[2025-12-08T14:24:56.387+0530] {logging_mixin.py:154} INFO - [2025-12-08T14:24:56.387+0530] {dagbag.py:536} INFO - Filling up the DagBag from /Users/ramesharra/airflow310/lib/python3.10/site-packages/airflow/example_dags/example_task_group_decorator.py
[2025-12-08T14:24:56.426+0530] {processor.py:839} INFO - DAG(s) dict_keys(['example_task_group_decorator']) retrieved from /Users/ramesharra/airflow310/lib/python3.10/site-packages/airflow/example_dags/example_task_group_decorator.py
[2025-12-08T14:24:56.529+0530] {logging_mixin.py:154} INFO - [2025-12-08T14:24:56.529+0530] {dag.py:2941} INFO - Sync 1 DAGs
[2025-12-08T14:24:56.540+0530] {logging_mixin.py:154} INFO - [2025-12-08T14:24:56.540+0530] {dag.py:3722} INFO - Setting next_dagrun for example_task_group_decorator to 2025-12-07T08:54:56.540419+00:00, run_after=2025-12-08T08:54:56.540419+00:00
[2025-12-08T14:24:56.557+0530] {processor.py:179} INFO - Processing /Users/ramesharra/airflow310/lib/python3.10/site-packages/airflow/example_dags/example_task_group_decorator.py took 0.172 seconds
[2025-12-08T14:26:09.782+0530] {processor.py:157} INFO - Started process (PID=12425) to work on /Users/ramesharra/airflow310/lib/python3.10/site-packages/airflow/example_dags/example_task_group_decorator.py
[2025-12-08T14:26:09.782+0530] {processor.py:829} INFO - Processing file /Users/ramesharra/airflow310/lib/python3.10/site-packages/airflow/example_dags/example_task_group_decorator.py for tasks to queue
[2025-12-08T14:26:09.784+0530] {logging_mixin.py:154} INFO - [2025-12-08T14:26:09.784+0530] {dagbag.py:536} INFO - Filling up the DagBag from /Users/ramesharra/airflow310/lib/python3.10/site-packages/airflow/example_dags/example_task_group_decorator.py
[2025-12-08T14:26:09.822+0530] {processor.py:839} INFO - DAG(s) dict_keys(['example_task_group_decorator']) retrieved from /Users/ramesharra/airflow310/lib/python3.10/site-packages/airflow/example_dags/example_task_group_decorator.py
[2025-12-08T14:26:09.923+0530] {logging_mixin.py:154} INFO - [2025-12-08T14:26:09.922+0530] {dag.py:2941} INFO - Sync 1 DAGs
[2025-12-08T14:26:09.932+0530] {logging_mixin.py:154} INFO - [2025-12-08T14:26:09.932+0530] {dag.py:3722} INFO - Setting next_dagrun for example_task_group_decorator to 2025-12-07T08:56:09.932613+00:00, run_after=2025-12-08T08:56:09.932613+00:00
[2025-12-08T14:26:09.945+0530] {processor.py:179} INFO - Processing /Users/ramesharra/airflow310/lib/python3.10/site-packages/airflow/example_dags/example_task_group_decorator.py took 0.164 seconds
[2025-12-08T14:27:44.995+0530] {processor.py:157} INFO - Started process (PID=12528) to work on /Users/ramesharra/airflow310/lib/python3.10/site-packages/airflow/example_dags/example_task_group_decorator.py
[2025-12-08T14:27:44.996+0530] {processor.py:829} INFO - Processing file /Users/ramesharra/airflow310/lib/python3.10/site-packages/airflow/example_dags/example_task_group_decorator.py for tasks to queue
[2025-12-08T14:27:44.997+0530] {logging_mixin.py:154} INFO - [2025-12-08T14:27:44.997+0530] {dagbag.py:536} INFO - Filling up the DagBag from /Users/ramesharra/airflow310/lib/python3.10/site-packages/airflow/example_dags/example_task_group_decorator.py
[2025-12-08T14:27:45.036+0530] {processor.py:839} INFO - DAG(s) dict_keys(['example_task_group_decorator']) retrieved from /Users/ramesharra/airflow310/lib/python3.10/site-packages/airflow/example_dags/example_task_group_decorator.py
[2025-12-08T14:27:45.141+0530] {logging_mixin.py:154} INFO - [2025-12-08T14:27:45.141+0530] {dag.py:2941} INFO - Sync 1 DAGs
[2025-12-08T14:27:45.151+0530] {logging_mixin.py:154} INFO - [2025-12-08T14:27:45.150+0530] {dag.py:3722} INFO - Setting next_dagrun for example_task_group_decorator to 2025-12-07T08:57:45.150790+00:00, run_after=2025-12-08T08:57:45.150790+00:00
[2025-12-08T14:27:45.163+0530] {processor.py:179} INFO - Processing /Users/ramesharra/airflow310/lib/python3.10/site-packages/airflow/example_dags/example_task_group_decorator.py took 0.168 seconds
[2025-12-08T14:29:05.331+0530] {processor.py:157} INFO - Started process (PID=12617) to work on /Users/ramesharra/airflow310/lib/python3.10/site-packages/airflow/example_dags/example_task_group_decorator.py
[2025-12-08T14:29:05.332+0530] {processor.py:829} INFO - Processing file /Users/ramesharra/airflow310/lib/python3.10/site-packages/airflow/example_dags/example_task_group_decorator.py for tasks to queue
[2025-12-08T14:29:05.333+0530] {logging_mixin.py:154} INFO - [2025-12-08T14:29:05.333+0530] {dagbag.py:536} INFO - Filling up the DagBag from /Users/ramesharra/airflow310/lib/python3.10/site-packages/airflow/example_dags/example_task_group_decorator.py
[2025-12-08T14:29:05.372+0530] {processor.py:839} INFO - DAG(s) dict_keys(['example_task_group_decorator']) retrieved from /Users/ramesharra/airflow310/lib/python3.10/site-packages/airflow/example_dags/example_task_group_decorator.py
[2025-12-08T14:29:05.473+0530] {logging_mixin.py:154} INFO - [2025-12-08T14:29:05.473+0530] {dag.py:2941} INFO - Sync 1 DAGs
[2025-12-08T14:29:05.482+0530] {logging_mixin.py:154} INFO - [2025-12-08T14:29:05.482+0530] {dag.py:3722} INFO - Setting next_dagrun for example_task_group_decorator to 2025-12-07T08:59:05.482579+00:00, run_after=2025-12-08T08:59:05.482579+00:00
[2025-12-08T14:29:05.494+0530] {processor.py:179} INFO - Processing /Users/ramesharra/airflow310/lib/python3.10/site-packages/airflow/example_dags/example_task_group_decorator.py took 0.164 seconds
[2025-12-08T14:30:35.462+0530] {processor.py:157} INFO - Started process (PID=12716) to work on /Users/ramesharra/airflow310/lib/python3.10/site-packages/airflow/example_dags/example_task_group_decorator.py
[2025-12-08T14:30:35.463+0530] {processor.py:829} INFO - Processing file /Users/ramesharra/airflow310/lib/python3.10/site-packages/airflow/example_dags/example_task_group_decorator.py for tasks to queue
[2025-12-08T14:30:35.464+0530] {logging_mixin.py:154} INFO - [2025-12-08T14:30:35.464+0530] {dagbag.py:536} INFO - Filling up the DagBag from /Users/ramesharra/airflow310/lib/python3.10/site-packages/airflow/example_dags/example_task_group_decorator.py
[2025-12-08T14:30:35.501+0530] {processor.py:839} INFO - DAG(s) dict_keys(['example_task_group_decorator']) retrieved from /Users/ramesharra/airflow310/lib/python3.10/site-packages/airflow/example_dags/example_task_group_decorator.py
[2025-12-08T14:30:35.597+0530] {logging_mixin.py:154} INFO - [2025-12-08T14:30:35.597+0530] {dag.py:2941} INFO - Sync 1 DAGs
[2025-12-08T14:30:35.608+0530] {logging_mixin.py:154} INFO - [2025-12-08T14:30:35.608+0530] {dag.py:3722} INFO - Setting next_dagrun for example_task_group_decorator to 2025-12-07T09:00:35.608349+00:00, run_after=2025-12-08T09:00:35.608349+00:00
[2025-12-08T14:30:35.620+0530] {processor.py:179} INFO - Processing /Users/ramesharra/airflow310/lib/python3.10/site-packages/airflow/example_dags/example_task_group_decorator.py took 0.159 seconds
[2025-12-08T14:31:37.712+0530] {processor.py:157} INFO - Started process (PID=12778) to work on /Users/ramesharra/airflow310/lib/python3.10/site-packages/airflow/example_dags/example_task_group_decorator.py
[2025-12-08T14:31:37.713+0530] {processor.py:829} INFO - Processing file /Users/ramesharra/airflow310/lib/python3.10/site-packages/airflow/example_dags/example_task_group_decorator.py for tasks to queue
[2025-12-08T14:31:37.714+0530] {logging_mixin.py:154} INFO - [2025-12-08T14:31:37.714+0530] {dagbag.py:536} INFO - Filling up the DagBag from /Users/ramesharra/airflow310/lib/python3.10/site-packages/airflow/example_dags/example_task_group_decorator.py
[2025-12-08T14:31:37.760+0530] {processor.py:839} INFO - DAG(s) dict_keys(['example_task_group_decorator']) retrieved from /Users/ramesharra/airflow310/lib/python3.10/site-packages/airflow/example_dags/example_task_group_decorator.py
[2025-12-08T14:31:37.871+0530] {logging_mixin.py:154} INFO - [2025-12-08T14:31:37.871+0530] {dag.py:2941} INFO - Sync 1 DAGs
[2025-12-08T14:31:37.881+0530] {logging_mixin.py:154} INFO - [2025-12-08T14:31:37.881+0530] {dag.py:3722} INFO - Setting next_dagrun for example_task_group_decorator to 2025-12-07T09:01:37.881291+00:00, run_after=2025-12-08T09:01:37.881291+00:00
[2025-12-08T14:31:37.893+0530] {processor.py:179} INFO - Processing /Users/ramesharra/airflow310/lib/python3.10/site-packages/airflow/example_dags/example_task_group_decorator.py took 0.182 seconds
[2025-12-08T14:32:40.683+0530] {processor.py:157} INFO - Started process (PID=12856) to work on /Users/ramesharra/airflow310/lib/python3.10/site-packages/airflow/example_dags/example_task_group_decorator.py
[2025-12-08T14:32:40.684+0530] {processor.py:829} INFO - Processing file /Users/ramesharra/airflow310/lib/python3.10/site-packages/airflow/example_dags/example_task_group_decorator.py for tasks to queue
[2025-12-08T14:32:40.685+0530] {logging_mixin.py:154} INFO - [2025-12-08T14:32:40.685+0530] {dagbag.py:536} INFO - Filling up the DagBag from /Users/ramesharra/airflow310/lib/python3.10/site-packages/airflow/example_dags/example_task_group_decorator.py
[2025-12-08T14:32:40.723+0530] {processor.py:839} INFO - DAG(s) dict_keys(['example_task_group_decorator']) retrieved from /Users/ramesharra/airflow310/lib/python3.10/site-packages/airflow/example_dags/example_task_group_decorator.py
[2025-12-08T14:32:40.819+0530] {logging_mixin.py:154} INFO - [2025-12-08T14:32:40.819+0530] {dag.py:2941} INFO - Sync 1 DAGs
[2025-12-08T14:32:40.828+0530] {logging_mixin.py:154} INFO - [2025-12-08T14:32:40.828+0530] {dag.py:3722} INFO - Setting next_dagrun for example_task_group_decorator to 2025-12-07T09:02:40.828515+00:00, run_after=2025-12-08T09:02:40.828515+00:00
[2025-12-08T14:32:40.839+0530] {processor.py:179} INFO - Processing /Users/ramesharra/airflow310/lib/python3.10/site-packages/airflow/example_dags/example_task_group_decorator.py took 0.156 seconds
[2025-12-08T14:33:41.824+0530] {processor.py:157} INFO - Started process (PID=12924) to work on /Users/ramesharra/airflow310/lib/python3.10/site-packages/airflow/example_dags/example_task_group_decorator.py
[2025-12-08T14:33:41.825+0530] {processor.py:829} INFO - Processing file /Users/ramesharra/airflow310/lib/python3.10/site-packages/airflow/example_dags/example_task_group_decorator.py for tasks to queue
[2025-12-08T14:33:41.827+0530] {logging_mixin.py:154} INFO - [2025-12-08T14:33:41.827+0530] {dagbag.py:536} INFO - Filling up the DagBag from /Users/ramesharra/airflow310/lib/python3.10/site-packages/airflow/example_dags/example_task_group_decorator.py
[2025-12-08T14:33:41.862+0530] {processor.py:839} INFO - DAG(s) dict_keys(['example_task_group_decorator']) retrieved from /Users/ramesharra/airflow310/lib/python3.10/site-packages/airflow/example_dags/example_task_group_decorator.py
[2025-12-08T14:33:41.960+0530] {logging_mixin.py:154} INFO - [2025-12-08T14:33:41.960+0530] {dag.py:2941} INFO - Sync 1 DAGs
[2025-12-08T14:33:41.970+0530] {logging_mixin.py:154} INFO - [2025-12-08T14:33:41.970+0530] {dag.py:3722} INFO - Setting next_dagrun for example_task_group_decorator to 2025-12-07T09:03:41.969999+00:00, run_after=2025-12-08T09:03:41.969999+00:00
[2025-12-08T14:33:41.983+0530] {processor.py:179} INFO - Processing /Users/ramesharra/airflow310/lib/python3.10/site-packages/airflow/example_dags/example_task_group_decorator.py took 0.159 seconds
[2025-12-08T14:34:44.343+0530] {processor.py:157} INFO - Started process (PID=12996) to work on /Users/ramesharra/airflow310/lib/python3.10/site-packages/airflow/example_dags/example_task_group_decorator.py
[2025-12-08T14:34:44.344+0530] {processor.py:829} INFO - Processing file /Users/ramesharra/airflow310/lib/python3.10/site-packages/airflow/example_dags/example_task_group_decorator.py for tasks to queue
[2025-12-08T14:34:44.345+0530] {logging_mixin.py:154} INFO - [2025-12-08T14:34:44.345+0530] {dagbag.py:536} INFO - Filling up the DagBag from /Users/ramesharra/airflow310/lib/python3.10/site-packages/airflow/example_dags/example_task_group_decorator.py
[2025-12-08T14:34:44.383+0530] {processor.py:839} INFO - DAG(s) dict_keys(['example_task_group_decorator']) retrieved from /Users/ramesharra/airflow310/lib/python3.10/site-packages/airflow/example_dags/example_task_group_decorator.py
[2025-12-08T14:34:44.483+0530] {logging_mixin.py:154} INFO - [2025-12-08T14:34:44.483+0530] {dag.py:2941} INFO - Sync 1 DAGs
[2025-12-08T14:34:44.494+0530] {logging_mixin.py:154} INFO - [2025-12-08T14:34:44.493+0530] {dag.py:3722} INFO - Setting next_dagrun for example_task_group_decorator to 2025-12-07T09:04:44.493865+00:00, run_after=2025-12-08T09:04:44.493865+00:00
[2025-12-08T14:34:44.507+0530] {processor.py:179} INFO - Processing /Users/ramesharra/airflow310/lib/python3.10/site-packages/airflow/example_dags/example_task_group_decorator.py took 0.164 seconds
[2025-12-08T14:35:49.386+0530] {processor.py:157} INFO - Started process (PID=13073) to work on /Users/ramesharra/airflow310/lib/python3.10/site-packages/airflow/example_dags/example_task_group_decorator.py
[2025-12-08T14:35:49.388+0530] {processor.py:829} INFO - Processing file /Users/ramesharra/airflow310/lib/python3.10/site-packages/airflow/example_dags/example_task_group_decorator.py for tasks to queue
[2025-12-08T14:35:49.391+0530] {logging_mixin.py:154} INFO - [2025-12-08T14:35:49.391+0530] {dagbag.py:536} INFO - Filling up the DagBag from /Users/ramesharra/airflow310/lib/python3.10/site-packages/airflow/example_dags/example_task_group_decorator.py
[2025-12-08T14:35:49.464+0530] {processor.py:839} INFO - DAG(s) dict_keys(['example_task_group_decorator']) retrieved from /Users/ramesharra/airflow310/lib/python3.10/site-packages/airflow/example_dags/example_task_group_decorator.py
[2025-12-08T14:35:49.700+0530] {logging_mixin.py:154} INFO - [2025-12-08T14:35:49.699+0530] {dag.py:2941} INFO - Sync 1 DAGs
[2025-12-08T14:35:49.718+0530] {logging_mixin.py:154} INFO - [2025-12-08T14:35:49.718+0530] {dag.py:3722} INFO - Setting next_dagrun for example_task_group_decorator to 2025-12-07T09:05:49.717837+00:00, run_after=2025-12-08T09:05:49.717837+00:00
[2025-12-08T14:35:49.742+0530] {processor.py:179} INFO - Processing /Users/ramesharra/airflow310/lib/python3.10/site-packages/airflow/example_dags/example_task_group_decorator.py took 0.356 seconds
[2025-12-08T14:36:53.937+0530] {processor.py:157} INFO - Started process (PID=13142) to work on /Users/ramesharra/airflow310/lib/python3.10/site-packages/airflow/example_dags/example_task_group_decorator.py
[2025-12-08T14:36:53.938+0530] {processor.py:829} INFO - Processing file /Users/ramesharra/airflow310/lib/python3.10/site-packages/airflow/example_dags/example_task_group_decorator.py for tasks to queue
[2025-12-08T14:36:53.939+0530] {logging_mixin.py:154} INFO - [2025-12-08T14:36:53.939+0530] {dagbag.py:536} INFO - Filling up the DagBag from /Users/ramesharra/airflow310/lib/python3.10/site-packages/airflow/example_dags/example_task_group_decorator.py
[2025-12-08T14:36:53.976+0530] {processor.py:839} INFO - DAG(s) dict_keys(['example_task_group_decorator']) retrieved from /Users/ramesharra/airflow310/lib/python3.10/site-packages/airflow/example_dags/example_task_group_decorator.py
[2025-12-08T14:36:54.079+0530] {logging_mixin.py:154} INFO - [2025-12-08T14:36:54.078+0530] {dag.py:2941} INFO - Sync 1 DAGs
[2025-12-08T14:36:54.088+0530] {logging_mixin.py:154} INFO - [2025-12-08T14:36:54.088+0530] {dag.py:3722} INFO - Setting next_dagrun for example_task_group_decorator to 2025-12-07T09:06:54.088351+00:00, run_after=2025-12-08T09:06:54.088351+00:00
[2025-12-08T14:36:54.101+0530] {processor.py:179} INFO - Processing /Users/ramesharra/airflow310/lib/python3.10/site-packages/airflow/example_dags/example_task_group_decorator.py took 0.164 seconds
[2025-12-08T14:38:01.041+0530] {processor.py:157} INFO - Started process (PID=13210) to work on /Users/ramesharra/airflow310/lib/python3.10/site-packages/airflow/example_dags/example_task_group_decorator.py
[2025-12-08T14:38:01.042+0530] {processor.py:829} INFO - Processing file /Users/ramesharra/airflow310/lib/python3.10/site-packages/airflow/example_dags/example_task_group_decorator.py for tasks to queue
[2025-12-08T14:38:01.045+0530] {logging_mixin.py:154} INFO - [2025-12-08T14:38:01.045+0530] {dagbag.py:536} INFO - Filling up the DagBag from /Users/ramesharra/airflow310/lib/python3.10/site-packages/airflow/example_dags/example_task_group_decorator.py
[2025-12-08T14:38:01.098+0530] {processor.py:839} INFO - DAG(s) dict_keys(['example_task_group_decorator']) retrieved from /Users/ramesharra/airflow310/lib/python3.10/site-packages/airflow/example_dags/example_task_group_decorator.py
[2025-12-08T14:38:01.221+0530] {logging_mixin.py:154} INFO - [2025-12-08T14:38:01.220+0530] {dag.py:2941} INFO - Sync 1 DAGs
[2025-12-08T14:38:01.233+0530] {logging_mixin.py:154} INFO - [2025-12-08T14:38:01.233+0530] {dag.py:3722} INFO - Setting next_dagrun for example_task_group_decorator to 2025-12-07T09:08:01.233268+00:00, run_after=2025-12-08T09:08:01.233268+00:00
[2025-12-08T14:38:01.250+0530] {processor.py:179} INFO - Processing /Users/ramesharra/airflow310/lib/python3.10/site-packages/airflow/example_dags/example_task_group_decorator.py took 0.209 seconds
[2025-12-08T14:39:08.130+0530] {processor.py:157} INFO - Started process (PID=13298) to work on /Users/ramesharra/airflow310/lib/python3.10/site-packages/airflow/example_dags/example_task_group_decorator.py
[2025-12-08T14:39:08.130+0530] {processor.py:829} INFO - Processing file /Users/ramesharra/airflow310/lib/python3.10/site-packages/airflow/example_dags/example_task_group_decorator.py for tasks to queue
[2025-12-08T14:39:08.132+0530] {logging_mixin.py:154} INFO - [2025-12-08T14:39:08.132+0530] {dagbag.py:536} INFO - Filling up the DagBag from /Users/ramesharra/airflow310/lib/python3.10/site-packages/airflow/example_dags/example_task_group_decorator.py
[2025-12-08T14:39:08.169+0530] {processor.py:839} INFO - DAG(s) dict_keys(['example_task_group_decorator']) retrieved from /Users/ramesharra/airflow310/lib/python3.10/site-packages/airflow/example_dags/example_task_group_decorator.py
[2025-12-08T14:39:08.270+0530] {logging_mixin.py:154} INFO - [2025-12-08T14:39:08.270+0530] {dag.py:2941} INFO - Sync 1 DAGs
[2025-12-08T14:39:08.280+0530] {logging_mixin.py:154} INFO - [2025-12-08T14:39:08.280+0530] {dag.py:3722} INFO - Setting next_dagrun for example_task_group_decorator to 2025-12-07T09:09:08.280091+00:00, run_after=2025-12-08T09:09:08.280091+00:00
[2025-12-08T14:39:08.292+0530] {processor.py:179} INFO - Processing /Users/ramesharra/airflow310/lib/python3.10/site-packages/airflow/example_dags/example_task_group_decorator.py took 0.162 seconds
[2025-12-08T14:40:14.836+0530] {processor.py:157} INFO - Started process (PID=13376) to work on /Users/ramesharra/airflow310/lib/python3.10/site-packages/airflow/example_dags/example_task_group_decorator.py
[2025-12-08T14:40:14.837+0530] {processor.py:829} INFO - Processing file /Users/ramesharra/airflow310/lib/python3.10/site-packages/airflow/example_dags/example_task_group_decorator.py for tasks to queue
[2025-12-08T14:40:14.839+0530] {logging_mixin.py:154} INFO - [2025-12-08T14:40:14.838+0530] {dagbag.py:536} INFO - Filling up the DagBag from /Users/ramesharra/airflow310/lib/python3.10/site-packages/airflow/example_dags/example_task_group_decorator.py
[2025-12-08T14:40:14.901+0530] {processor.py:839} INFO - DAG(s) dict_keys(['example_task_group_decorator']) retrieved from /Users/ramesharra/airflow310/lib/python3.10/site-packages/airflow/example_dags/example_task_group_decorator.py
[2025-12-08T14:40:15.091+0530] {logging_mixin.py:154} INFO - [2025-12-08T14:40:15.091+0530] {dag.py:2941} INFO - Sync 1 DAGs
[2025-12-08T14:40:15.104+0530] {logging_mixin.py:154} INFO - [2025-12-08T14:40:15.103+0530] {dag.py:3722} INFO - Setting next_dagrun for example_task_group_decorator to 2025-12-07T09:10:15.103857+00:00, run_after=2025-12-08T09:10:15.103857+00:00
[2025-12-08T14:40:15.120+0530] {processor.py:179} INFO - Processing /Users/ramesharra/airflow310/lib/python3.10/site-packages/airflow/example_dags/example_task_group_decorator.py took 0.285 seconds
[2025-12-08T14:41:19.578+0530] {processor.py:157} INFO - Started process (PID=13448) to work on /Users/ramesharra/airflow310/lib/python3.10/site-packages/airflow/example_dags/example_task_group_decorator.py
[2025-12-08T14:41:19.579+0530] {processor.py:829} INFO - Processing file /Users/ramesharra/airflow310/lib/python3.10/site-packages/airflow/example_dags/example_task_group_decorator.py for tasks to queue
[2025-12-08T14:41:19.581+0530] {logging_mixin.py:154} INFO - [2025-12-08T14:41:19.581+0530] {dagbag.py:536} INFO - Filling up the DagBag from /Users/ramesharra/airflow310/lib/python3.10/site-packages/airflow/example_dags/example_task_group_decorator.py
[2025-12-08T14:41:19.624+0530] {processor.py:839} INFO - DAG(s) dict_keys(['example_task_group_decorator']) retrieved from /Users/ramesharra/airflow310/lib/python3.10/site-packages/airflow/example_dags/example_task_group_decorator.py
[2025-12-08T14:41:19.738+0530] {logging_mixin.py:154} INFO - [2025-12-08T14:41:19.738+0530] {dag.py:2941} INFO - Sync 1 DAGs
[2025-12-08T14:41:19.749+0530] {logging_mixin.py:154} INFO - [2025-12-08T14:41:19.748+0530] {dag.py:3722} INFO - Setting next_dagrun for example_task_group_decorator to 2025-12-07T09:11:19.748775+00:00, run_after=2025-12-08T09:11:19.748775+00:00
[2025-12-08T14:41:19.761+0530] {processor.py:179} INFO - Processing /Users/ramesharra/airflow310/lib/python3.10/site-packages/airflow/example_dags/example_task_group_decorator.py took 0.184 seconds
[2025-12-08T14:42:26.346+0530] {processor.py:157} INFO - Started process (PID=13528) to work on /Users/ramesharra/airflow310/lib/python3.10/site-packages/airflow/example_dags/example_task_group_decorator.py
[2025-12-08T14:42:26.347+0530] {processor.py:829} INFO - Processing file /Users/ramesharra/airflow310/lib/python3.10/site-packages/airflow/example_dags/example_task_group_decorator.py for tasks to queue
[2025-12-08T14:42:26.348+0530] {logging_mixin.py:154} INFO - [2025-12-08T14:42:26.348+0530] {dagbag.py:536} INFO - Filling up the DagBag from /Users/ramesharra/airflow310/lib/python3.10/site-packages/airflow/example_dags/example_task_group_decorator.py
[2025-12-08T14:42:26.384+0530] {processor.py:839} INFO - DAG(s) dict_keys(['example_task_group_decorator']) retrieved from /Users/ramesharra/airflow310/lib/python3.10/site-packages/airflow/example_dags/example_task_group_decorator.py
[2025-12-08T14:42:26.482+0530] {logging_mixin.py:154} INFO - [2025-12-08T14:42:26.482+0530] {dag.py:2941} INFO - Sync 1 DAGs
[2025-12-08T14:42:26.492+0530] {logging_mixin.py:154} INFO - [2025-12-08T14:42:26.491+0530] {dag.py:3722} INFO - Setting next_dagrun for example_task_group_decorator to 2025-12-07T09:12:26.491888+00:00, run_after=2025-12-08T09:12:26.491888+00:00
[2025-12-08T14:42:26.503+0530] {processor.py:179} INFO - Processing /Users/ramesharra/airflow310/lib/python3.10/site-packages/airflow/example_dags/example_task_group_decorator.py took 0.157 seconds
[2025-12-08T14:43:30.443+0530] {processor.py:157} INFO - Started process (PID=13594) to work on /Users/ramesharra/airflow310/lib/python3.10/site-packages/airflow/example_dags/example_task_group_decorator.py
[2025-12-08T14:43:30.444+0530] {processor.py:829} INFO - Processing file /Users/ramesharra/airflow310/lib/python3.10/site-packages/airflow/example_dags/example_task_group_decorator.py for tasks to queue
[2025-12-08T14:43:30.445+0530] {logging_mixin.py:154} INFO - [2025-12-08T14:43:30.445+0530] {dagbag.py:536} INFO - Filling up the DagBag from /Users/ramesharra/airflow310/lib/python3.10/site-packages/airflow/example_dags/example_task_group_decorator.py
[2025-12-08T14:43:30.481+0530] {processor.py:839} INFO - DAG(s) dict_keys(['example_task_group_decorator']) retrieved from /Users/ramesharra/airflow310/lib/python3.10/site-packages/airflow/example_dags/example_task_group_decorator.py
[2025-12-08T14:43:30.583+0530] {logging_mixin.py:154} INFO - [2025-12-08T14:43:30.583+0530] {dag.py:2941} INFO - Sync 1 DAGs
[2025-12-08T14:43:30.592+0530] {logging_mixin.py:154} INFO - [2025-12-08T14:43:30.592+0530] {dag.py:3722} INFO - Setting next_dagrun for example_task_group_decorator to 2025-12-07T09:13:30.592699+00:00, run_after=2025-12-08T09:13:30.592699+00:00
[2025-12-08T14:43:30.604+0530] {processor.py:179} INFO - Processing /Users/ramesharra/airflow310/lib/python3.10/site-packages/airflow/example_dags/example_task_group_decorator.py took 0.161 seconds
[2025-12-08T14:44:35.617+0530] {processor.py:157} INFO - Started process (PID=13665) to work on /Users/ramesharra/airflow310/lib/python3.10/site-packages/airflow/example_dags/example_task_group_decorator.py
[2025-12-08T14:44:35.618+0530] {processor.py:829} INFO - Processing file /Users/ramesharra/airflow310/lib/python3.10/site-packages/airflow/example_dags/example_task_group_decorator.py for tasks to queue
[2025-12-08T14:44:35.619+0530] {logging_mixin.py:154} INFO - [2025-12-08T14:44:35.619+0530] {dagbag.py:536} INFO - Filling up the DagBag from /Users/ramesharra/airflow310/lib/python3.10/site-packages/airflow/example_dags/example_task_group_decorator.py
[2025-12-08T14:44:35.654+0530] {processor.py:839} INFO - DAG(s) dict_keys(['example_task_group_decorator']) retrieved from /Users/ramesharra/airflow310/lib/python3.10/site-packages/airflow/example_dags/example_task_group_decorator.py
[2025-12-08T14:44:35.752+0530] {logging_mixin.py:154} INFO - [2025-12-08T14:44:35.752+0530] {dag.py:2941} INFO - Sync 1 DAGs
[2025-12-08T14:44:35.762+0530] {logging_mixin.py:154} INFO - [2025-12-08T14:44:35.761+0530] {dag.py:3722} INFO - Setting next_dagrun for example_task_group_decorator to 2025-12-07T09:14:35.761809+00:00, run_after=2025-12-08T09:14:35.761809+00:00
[2025-12-08T14:44:35.773+0530] {processor.py:179} INFO - Processing /Users/ramesharra/airflow310/lib/python3.10/site-packages/airflow/example_dags/example_task_group_decorator.py took 0.157 seconds
[2025-12-08T14:45:39.594+0530] {processor.py:157} INFO - Started process (PID=13735) to work on /Users/ramesharra/airflow310/lib/python3.10/site-packages/airflow/example_dags/example_task_group_decorator.py
[2025-12-08T14:45:39.595+0530] {processor.py:829} INFO - Processing file /Users/ramesharra/airflow310/lib/python3.10/site-packages/airflow/example_dags/example_task_group_decorator.py for tasks to queue
[2025-12-08T14:45:39.596+0530] {logging_mixin.py:154} INFO - [2025-12-08T14:45:39.596+0530] {dagbag.py:536} INFO - Filling up the DagBag from /Users/ramesharra/airflow310/lib/python3.10/site-packages/airflow/example_dags/example_task_group_decorator.py
[2025-12-08T14:45:39.634+0530] {processor.py:839} INFO - DAG(s) dict_keys(['example_task_group_decorator']) retrieved from /Users/ramesharra/airflow310/lib/python3.10/site-packages/airflow/example_dags/example_task_group_decorator.py
[2025-12-08T14:45:39.731+0530] {logging_mixin.py:154} INFO - [2025-12-08T14:45:39.731+0530] {dag.py:2941} INFO - Sync 1 DAGs
[2025-12-08T14:45:39.741+0530] {logging_mixin.py:154} INFO - [2025-12-08T14:45:39.741+0530] {dag.py:3722} INFO - Setting next_dagrun for example_task_group_decorator to 2025-12-07T09:15:39.741526+00:00, run_after=2025-12-08T09:15:39.741526+00:00
[2025-12-08T14:45:39.753+0530] {processor.py:179} INFO - Processing /Users/ramesharra/airflow310/lib/python3.10/site-packages/airflow/example_dags/example_task_group_decorator.py took 0.160 seconds
[2025-12-08T14:46:42.560+0530] {processor.py:157} INFO - Started process (PID=13814) to work on /Users/ramesharra/airflow310/lib/python3.10/site-packages/airflow/example_dags/example_task_group_decorator.py
[2025-12-08T14:46:42.562+0530] {processor.py:829} INFO - Processing file /Users/ramesharra/airflow310/lib/python3.10/site-packages/airflow/example_dags/example_task_group_decorator.py for tasks to queue
[2025-12-08T14:46:42.564+0530] {logging_mixin.py:154} INFO - [2025-12-08T14:46:42.563+0530] {dagbag.py:536} INFO - Filling up the DagBag from /Users/ramesharra/airflow310/lib/python3.10/site-packages/airflow/example_dags/example_task_group_decorator.py
[2025-12-08T14:46:42.615+0530] {processor.py:839} INFO - DAG(s) dict_keys(['example_task_group_decorator']) retrieved from /Users/ramesharra/airflow310/lib/python3.10/site-packages/airflow/example_dags/example_task_group_decorator.py
[2025-12-08T14:46:42.733+0530] {logging_mixin.py:154} INFO - [2025-12-08T14:46:42.733+0530] {dag.py:2941} INFO - Sync 1 DAGs
[2025-12-08T14:46:42.744+0530] {logging_mixin.py:154} INFO - [2025-12-08T14:46:42.744+0530] {dag.py:3722} INFO - Setting next_dagrun for example_task_group_decorator to 2025-12-07T09:16:42.743911+00:00, run_after=2025-12-08T09:16:42.743911+00:00
[2025-12-08T14:46:42.756+0530] {processor.py:179} INFO - Processing /Users/ramesharra/airflow310/lib/python3.10/site-packages/airflow/example_dags/example_task_group_decorator.py took 0.197 seconds
[2025-12-08T14:47:49.885+0530] {processor.py:157} INFO - Started process (PID=13888) to work on /Users/ramesharra/airflow310/lib/python3.10/site-packages/airflow/example_dags/example_task_group_decorator.py
[2025-12-08T14:47:49.885+0530] {processor.py:829} INFO - Processing file /Users/ramesharra/airflow310/lib/python3.10/site-packages/airflow/example_dags/example_task_group_decorator.py for tasks to queue
[2025-12-08T14:47:49.887+0530] {logging_mixin.py:154} INFO - [2025-12-08T14:47:49.887+0530] {dagbag.py:536} INFO - Filling up the DagBag from /Users/ramesharra/airflow310/lib/python3.10/site-packages/airflow/example_dags/example_task_group_decorator.py
[2025-12-08T14:47:49.925+0530] {processor.py:839} INFO - DAG(s) dict_keys(['example_task_group_decorator']) retrieved from /Users/ramesharra/airflow310/lib/python3.10/site-packages/airflow/example_dags/example_task_group_decorator.py
[2025-12-08T14:47:50.028+0530] {logging_mixin.py:154} INFO - [2025-12-08T14:47:50.028+0530] {dag.py:2941} INFO - Sync 1 DAGs
[2025-12-08T14:47:50.040+0530] {logging_mixin.py:154} INFO - [2025-12-08T14:47:50.040+0530] {dag.py:3722} INFO - Setting next_dagrun for example_task_group_decorator to 2025-12-07T09:17:50.040167+00:00, run_after=2025-12-08T09:17:50.040167+00:00
[2025-12-08T14:47:50.053+0530] {processor.py:179} INFO - Processing /Users/ramesharra/airflow310/lib/python3.10/site-packages/airflow/example_dags/example_task_group_decorator.py took 0.169 seconds
[2025-12-08T14:48:58.290+0530] {processor.py:157} INFO - Started process (PID=13971) to work on /Users/ramesharra/airflow310/lib/python3.10/site-packages/airflow/example_dags/example_task_group_decorator.py
[2025-12-08T14:48:58.291+0530] {processor.py:829} INFO - Processing file /Users/ramesharra/airflow310/lib/python3.10/site-packages/airflow/example_dags/example_task_group_decorator.py for tasks to queue
[2025-12-08T14:48:58.292+0530] {logging_mixin.py:154} INFO - [2025-12-08T14:48:58.292+0530] {dagbag.py:536} INFO - Filling up the DagBag from /Users/ramesharra/airflow310/lib/python3.10/site-packages/airflow/example_dags/example_task_group_decorator.py
[2025-12-08T14:48:58.331+0530] {processor.py:839} INFO - DAG(s) dict_keys(['example_task_group_decorator']) retrieved from /Users/ramesharra/airflow310/lib/python3.10/site-packages/airflow/example_dags/example_task_group_decorator.py
[2025-12-08T14:48:58.432+0530] {logging_mixin.py:154} INFO - [2025-12-08T14:48:58.431+0530] {dag.py:2941} INFO - Sync 1 DAGs
[2025-12-08T14:48:58.442+0530] {logging_mixin.py:154} INFO - [2025-12-08T14:48:58.442+0530] {dag.py:3722} INFO - Setting next_dagrun for example_task_group_decorator to 2025-12-07T09:18:58.441903+00:00, run_after=2025-12-08T09:18:58.441903+00:00
[2025-12-08T14:48:58.454+0530] {processor.py:179} INFO - Processing /Users/ramesharra/airflow310/lib/python3.10/site-packages/airflow/example_dags/example_task_group_decorator.py took 0.165 seconds
[2025-12-08T14:50:05.652+0530] {processor.py:157} INFO - Started process (PID=14041) to work on /Users/ramesharra/airflow310/lib/python3.10/site-packages/airflow/example_dags/example_task_group_decorator.py
[2025-12-08T14:50:05.653+0530] {processor.py:829} INFO - Processing file /Users/ramesharra/airflow310/lib/python3.10/site-packages/airflow/example_dags/example_task_group_decorator.py for tasks to queue
[2025-12-08T14:50:05.654+0530] {logging_mixin.py:154} INFO - [2025-12-08T14:50:05.654+0530] {dagbag.py:536} INFO - Filling up the DagBag from /Users/ramesharra/airflow310/lib/python3.10/site-packages/airflow/example_dags/example_task_group_decorator.py
[2025-12-08T14:50:05.707+0530] {processor.py:839} INFO - DAG(s) dict_keys(['example_task_group_decorator']) retrieved from /Users/ramesharra/airflow310/lib/python3.10/site-packages/airflow/example_dags/example_task_group_decorator.py
[2025-12-08T14:50:05.851+0530] {logging_mixin.py:154} INFO - [2025-12-08T14:50:05.851+0530] {dag.py:2941} INFO - Sync 1 DAGs
[2025-12-08T14:50:05.864+0530] {logging_mixin.py:154} INFO - [2025-12-08T14:50:05.864+0530] {dag.py:3722} INFO - Setting next_dagrun for example_task_group_decorator to 2025-12-07T09:20:05.864539+00:00, run_after=2025-12-08T09:20:05.864539+00:00
[2025-12-08T14:50:05.883+0530] {processor.py:179} INFO - Processing /Users/ramesharra/airflow310/lib/python3.10/site-packages/airflow/example_dags/example_task_group_decorator.py took 0.232 seconds
[2025-12-08T14:51:11.023+0530] {processor.py:157} INFO - Started process (PID=14125) to work on /Users/ramesharra/airflow310/lib/python3.10/site-packages/airflow/example_dags/example_task_group_decorator.py
[2025-12-08T14:51:11.024+0530] {processor.py:829} INFO - Processing file /Users/ramesharra/airflow310/lib/python3.10/site-packages/airflow/example_dags/example_task_group_decorator.py for tasks to queue
[2025-12-08T14:51:11.026+0530] {logging_mixin.py:154} INFO - [2025-12-08T14:51:11.025+0530] {dagbag.py:536} INFO - Filling up the DagBag from /Users/ramesharra/airflow310/lib/python3.10/site-packages/airflow/example_dags/example_task_group_decorator.py
[2025-12-08T14:51:11.063+0530] {processor.py:839} INFO - DAG(s) dict_keys(['example_task_group_decorator']) retrieved from /Users/ramesharra/airflow310/lib/python3.10/site-packages/airflow/example_dags/example_task_group_decorator.py
[2025-12-08T14:51:11.164+0530] {logging_mixin.py:154} INFO - [2025-12-08T14:51:11.164+0530] {dag.py:2941} INFO - Sync 1 DAGs
[2025-12-08T14:51:11.173+0530] {logging_mixin.py:154} INFO - [2025-12-08T14:51:11.172+0530] {dag.py:3722} INFO - Setting next_dagrun for example_task_group_decorator to 2025-12-07T09:21:11.172897+00:00, run_after=2025-12-08T09:21:11.172897+00:00
[2025-12-08T14:51:11.184+0530] {processor.py:179} INFO - Processing /Users/ramesharra/airflow310/lib/python3.10/site-packages/airflow/example_dags/example_task_group_decorator.py took 0.162 seconds
