[2025-12-08T14:16:30.732+0530] {processor.py:157} INFO - Started process (PID=11641) to work on /Users/ramesharra/airflow310/lib/python3.10/site-packages/airflow/example_dags/example_branch_day_of_week_operator.py
[2025-12-08T14:16:30.732+0530] {processor.py:829} INFO - Processing file /Users/ramesharra/airflow310/lib/python3.10/site-packages/airflow/example_dags/example_branch_day_of_week_operator.py for tasks to queue
[2025-12-08T14:16:30.734+0530] {logging_mixin.py:154} INFO - [2025-12-08T14:16:30.734+0530] {dagbag.py:536} INFO - Filling up the DagBag from /Users/ramesharra/airflow310/lib/python3.10/site-packages/airflow/example_dags/example_branch_day_of_week_operator.py
[2025-12-08T14:16:30.754+0530] {processor.py:839} INFO - DAG(s) dict_keys(['example_weekday_branch_operator']) retrieved from /Users/ramesharra/airflow310/lib/python3.10/site-packages/airflow/example_dags/example_branch_day_of_week_operator.py
[2025-12-08T14:16:31.084+0530] {logging_mixin.py:154} INFO - [2025-12-08T14:16:31.084+0530] {manager.py:499} INFO - Created Permission View: %s
[2025-12-08T14:16:31.089+0530] {logging_mixin.py:154} INFO - [2025-12-08T14:16:31.089+0530] {manager.py:499} INFO - Created Permission View: %s
[2025-12-08T14:16:31.092+0530] {logging_mixin.py:154} INFO - [2025-12-08T14:16:31.092+0530] {manager.py:499} INFO - Created Permission View: %s
[2025-12-08T14:16:31.092+0530] {logging_mixin.py:154} INFO - [2025-12-08T14:16:31.092+0530] {dag.py:2941} INFO - Sync 1 DAGs
[2025-12-08T14:16:31.099+0530] {logging_mixin.py:154} INFO - [2025-12-08T14:16:31.098+0530] {dag.py:2963} INFO - Creating ORM DAG for example_weekday_branch_operator
[2025-12-08T14:16:31.103+0530] {logging_mixin.py:154} INFO - [2025-12-08T14:16:31.103+0530] {dag.py:3722} INFO - Setting next_dagrun for example_weekday_branch_operator to 2025-12-07T00:00:00+00:00, run_after=2025-12-08T00:00:00+00:00
[2025-12-08T14:16:31.113+0530] {processor.py:179} INFO - Processing /Users/ramesharra/airflow310/lib/python3.10/site-packages/airflow/example_dags/example_branch_day_of_week_operator.py took 0.382 seconds
[2025-12-08T14:21:15.182+0530] {processor.py:157} INFO - Started process (PID=11910) to work on /Users/ramesharra/airflow310/lib/python3.10/site-packages/airflow/example_dags/example_branch_day_of_week_operator.py
[2025-12-08T14:21:15.183+0530] {processor.py:829} INFO - Processing file /Users/ramesharra/airflow310/lib/python3.10/site-packages/airflow/example_dags/example_branch_day_of_week_operator.py for tasks to queue
[2025-12-08T14:21:15.185+0530] {logging_mixin.py:154} INFO - [2025-12-08T14:21:15.185+0530] {dagbag.py:536} INFO - Filling up the DagBag from /Users/ramesharra/airflow310/lib/python3.10/site-packages/airflow/example_dags/example_branch_day_of_week_operator.py
[2025-12-08T14:21:15.203+0530] {processor.py:839} INFO - DAG(s) dict_keys(['example_weekday_branch_operator']) retrieved from /Users/ramesharra/airflow310/lib/python3.10/site-packages/airflow/example_dags/example_branch_day_of_week_operator.py
[2025-12-08T14:21:15.296+0530] {logging_mixin.py:154} INFO - [2025-12-08T14:21:15.295+0530] {dag.py:2941} INFO - Sync 1 DAGs
[2025-12-08T14:21:15.305+0530] {logging_mixin.py:154} INFO - [2025-12-08T14:21:15.305+0530] {dag.py:3722} INFO - Setting next_dagrun for example_weekday_branch_operator to 2025-12-07T00:00:00+00:00, run_after=2025-12-08T00:00:00+00:00
[2025-12-08T14:21:15.316+0530] {processor.py:179} INFO - Processing /Users/ramesharra/airflow310/lib/python3.10/site-packages/airflow/example_dags/example_branch_day_of_week_operator.py took 0.134 seconds
[2025-12-08T14:23:22.201+0530] {processor.py:157} INFO - Started process (PID=12220) to work on /Users/ramesharra/airflow310/lib/python3.10/site-packages/airflow/example_dags/example_branch_day_of_week_operator.py
[2025-12-08T14:23:22.202+0530] {processor.py:829} INFO - Processing file /Users/ramesharra/airflow310/lib/python3.10/site-packages/airflow/example_dags/example_branch_day_of_week_operator.py for tasks to queue
[2025-12-08T14:23:22.204+0530] {logging_mixin.py:154} INFO - [2025-12-08T14:23:22.204+0530] {dagbag.py:536} INFO - Filling up the DagBag from /Users/ramesharra/airflow310/lib/python3.10/site-packages/airflow/example_dags/example_branch_day_of_week_operator.py
[2025-12-08T14:23:22.222+0530] {processor.py:839} INFO - DAG(s) dict_keys(['example_weekday_branch_operator']) retrieved from /Users/ramesharra/airflow310/lib/python3.10/site-packages/airflow/example_dags/example_branch_day_of_week_operator.py
[2025-12-08T14:23:22.325+0530] {logging_mixin.py:154} INFO - [2025-12-08T14:23:22.324+0530] {dag.py:2941} INFO - Sync 1 DAGs
[2025-12-08T14:23:22.335+0530] {logging_mixin.py:154} INFO - [2025-12-08T14:23:22.335+0530] {dag.py:3722} INFO - Setting next_dagrun for example_weekday_branch_operator to 2025-12-07T00:00:00+00:00, run_after=2025-12-08T00:00:00+00:00
[2025-12-08T14:23:22.347+0530] {processor.py:179} INFO - Processing /Users/ramesharra/airflow310/lib/python3.10/site-packages/airflow/example_dags/example_branch_day_of_week_operator.py took 0.147 seconds
[2025-12-08T14:27:12.253+0530] {processor.py:157} INFO - Started process (PID=12496) to work on /Users/ramesharra/airflow310/lib/python3.10/site-packages/airflow/example_dags/example_branch_day_of_week_operator.py
[2025-12-08T14:27:12.253+0530] {processor.py:829} INFO - Processing file /Users/ramesharra/airflow310/lib/python3.10/site-packages/airflow/example_dags/example_branch_day_of_week_operator.py for tasks to queue
[2025-12-08T14:27:12.255+0530] {logging_mixin.py:154} INFO - [2025-12-08T14:27:12.255+0530] {dagbag.py:536} INFO - Filling up the DagBag from /Users/ramesharra/airflow310/lib/python3.10/site-packages/airflow/example_dags/example_branch_day_of_week_operator.py
[2025-12-08T14:27:12.272+0530] {processor.py:839} INFO - DAG(s) dict_keys(['example_weekday_branch_operator']) retrieved from /Users/ramesharra/airflow310/lib/python3.10/site-packages/airflow/example_dags/example_branch_day_of_week_operator.py
[2025-12-08T14:27:12.370+0530] {logging_mixin.py:154} INFO - [2025-12-08T14:27:12.370+0530] {dag.py:2941} INFO - Sync 1 DAGs
[2025-12-08T14:27:12.381+0530] {logging_mixin.py:154} INFO - [2025-12-08T14:27:12.381+0530] {dag.py:3722} INFO - Setting next_dagrun for example_weekday_branch_operator to 2025-12-07T00:00:00+00:00, run_after=2025-12-08T00:00:00+00:00
[2025-12-08T14:27:12.392+0530] {processor.py:179} INFO - Processing /Users/ramesharra/airflow310/lib/python3.10/site-packages/airflow/example_dags/example_branch_day_of_week_operator.py took 0.140 seconds
[2025-12-08T14:30:01.842+0530] {processor.py:157} INFO - Started process (PID=12675) to work on /Users/ramesharra/airflow310/lib/python3.10/site-packages/airflow/example_dags/example_branch_day_of_week_operator.py
[2025-12-08T14:30:01.842+0530] {processor.py:829} INFO - Processing file /Users/ramesharra/airflow310/lib/python3.10/site-packages/airflow/example_dags/example_branch_day_of_week_operator.py for tasks to queue
[2025-12-08T14:30:01.844+0530] {logging_mixin.py:154} INFO - [2025-12-08T14:30:01.844+0530] {dagbag.py:536} INFO - Filling up the DagBag from /Users/ramesharra/airflow310/lib/python3.10/site-packages/airflow/example_dags/example_branch_day_of_week_operator.py
[2025-12-08T14:30:01.861+0530] {processor.py:839} INFO - DAG(s) dict_keys(['example_weekday_branch_operator']) retrieved from /Users/ramesharra/airflow310/lib/python3.10/site-packages/airflow/example_dags/example_branch_day_of_week_operator.py
[2025-12-08T14:30:01.959+0530] {logging_mixin.py:154} INFO - [2025-12-08T14:30:01.959+0530] {dag.py:2941} INFO - Sync 1 DAGs
[2025-12-08T14:30:01.970+0530] {logging_mixin.py:154} INFO - [2025-12-08T14:30:01.969+0530] {dag.py:3722} INFO - Setting next_dagrun for example_weekday_branch_operator to 2025-12-07T00:00:00+00:00, run_after=2025-12-08T00:00:00+00:00
[2025-12-08T14:30:01.980+0530] {processor.py:179} INFO - Processing /Users/ramesharra/airflow310/lib/python3.10/site-packages/airflow/example_dags/example_branch_day_of_week_operator.py took 0.139 seconds
[2025-12-08T14:32:09.115+0530] {processor.py:157} INFO - Started process (PID=12827) to work on /Users/ramesharra/airflow310/lib/python3.10/site-packages/airflow/example_dags/example_branch_day_of_week_operator.py
[2025-12-08T14:32:09.115+0530] {processor.py:829} INFO - Processing file /Users/ramesharra/airflow310/lib/python3.10/site-packages/airflow/example_dags/example_branch_day_of_week_operator.py for tasks to queue
[2025-12-08T14:32:09.117+0530] {logging_mixin.py:154} INFO - [2025-12-08T14:32:09.117+0530] {dagbag.py:536} INFO - Filling up the DagBag from /Users/ramesharra/airflow310/lib/python3.10/site-packages/airflow/example_dags/example_branch_day_of_week_operator.py
[2025-12-08T14:32:09.134+0530] {processor.py:839} INFO - DAG(s) dict_keys(['example_weekday_branch_operator']) retrieved from /Users/ramesharra/airflow310/lib/python3.10/site-packages/airflow/example_dags/example_branch_day_of_week_operator.py
[2025-12-08T14:32:09.239+0530] {logging_mixin.py:154} INFO - [2025-12-08T14:32:09.238+0530] {dag.py:2941} INFO - Sync 1 DAGs
[2025-12-08T14:32:09.249+0530] {logging_mixin.py:154} INFO - [2025-12-08T14:32:09.249+0530] {dag.py:3722} INFO - Setting next_dagrun for example_weekday_branch_operator to 2025-12-07T00:00:00+00:00, run_after=2025-12-08T00:00:00+00:00
[2025-12-08T14:32:09.260+0530] {processor.py:179} INFO - Processing /Users/ramesharra/airflow310/lib/python3.10/site-packages/airflow/example_dags/example_branch_day_of_week_operator.py took 0.146 seconds
[2025-12-08T14:34:10.316+0530] {processor.py:157} INFO - Started process (PID=12960) to work on /Users/ramesharra/airflow310/lib/python3.10/site-packages/airflow/example_dags/example_branch_day_of_week_operator.py
[2025-12-08T14:34:10.318+0530] {processor.py:829} INFO - Processing file /Users/ramesharra/airflow310/lib/python3.10/site-packages/airflow/example_dags/example_branch_day_of_week_operator.py for tasks to queue
[2025-12-08T14:34:10.319+0530] {logging_mixin.py:154} INFO - [2025-12-08T14:34:10.319+0530] {dagbag.py:536} INFO - Filling up the DagBag from /Users/ramesharra/airflow310/lib/python3.10/site-packages/airflow/example_dags/example_branch_day_of_week_operator.py
[2025-12-08T14:34:10.341+0530] {processor.py:839} INFO - DAG(s) dict_keys(['example_weekday_branch_operator']) retrieved from /Users/ramesharra/airflow310/lib/python3.10/site-packages/airflow/example_dags/example_branch_day_of_week_operator.py
[2025-12-08T14:34:10.445+0530] {logging_mixin.py:154} INFO - [2025-12-08T14:34:10.445+0530] {dag.py:2941} INFO - Sync 1 DAGs
[2025-12-08T14:34:10.461+0530] {logging_mixin.py:154} INFO - [2025-12-08T14:34:10.461+0530] {dag.py:3722} INFO - Setting next_dagrun for example_weekday_branch_operator to 2025-12-07T00:00:00+00:00, run_after=2025-12-08T00:00:00+00:00
[2025-12-08T14:34:10.472+0530] {processor.py:179} INFO - Processing /Users/ramesharra/airflow310/lib/python3.10/site-packages/airflow/example_dags/example_branch_day_of_week_operator.py took 0.156 seconds
[2025-12-08T14:36:20.424+0530] {processor.py:157} INFO - Started process (PID=13098) to work on /Users/ramesharra/airflow310/lib/python3.10/site-packages/airflow/example_dags/example_branch_day_of_week_operator.py
[2025-12-08T14:36:20.425+0530] {processor.py:829} INFO - Processing file /Users/ramesharra/airflow310/lib/python3.10/site-packages/airflow/example_dags/example_branch_day_of_week_operator.py for tasks to queue
[2025-12-08T14:36:20.426+0530] {logging_mixin.py:154} INFO - [2025-12-08T14:36:20.426+0530] {dagbag.py:536} INFO - Filling up the DagBag from /Users/ramesharra/airflow310/lib/python3.10/site-packages/airflow/example_dags/example_branch_day_of_week_operator.py
[2025-12-08T14:36:20.444+0530] {processor.py:839} INFO - DAG(s) dict_keys(['example_weekday_branch_operator']) retrieved from /Users/ramesharra/airflow310/lib/python3.10/site-packages/airflow/example_dags/example_branch_day_of_week_operator.py
[2025-12-08T14:36:20.544+0530] {logging_mixin.py:154} INFO - [2025-12-08T14:36:20.544+0530] {dag.py:2941} INFO - Sync 1 DAGs
[2025-12-08T14:36:20.555+0530] {logging_mixin.py:154} INFO - [2025-12-08T14:36:20.555+0530] {dag.py:3722} INFO - Setting next_dagrun for example_weekday_branch_operator to 2025-12-07T00:00:00+00:00, run_after=2025-12-08T00:00:00+00:00
[2025-12-08T14:36:20.565+0530] {processor.py:179} INFO - Processing /Users/ramesharra/airflow310/lib/python3.10/site-packages/airflow/example_dags/example_branch_day_of_week_operator.py took 0.142 seconds
[2025-12-08T14:38:33.997+0530] {processor.py:157} INFO - Started process (PID=13243) to work on /Users/ramesharra/airflow310/lib/python3.10/site-packages/airflow/example_dags/example_branch_day_of_week_operator.py
[2025-12-08T14:38:33.999+0530] {processor.py:829} INFO - Processing file /Users/ramesharra/airflow310/lib/python3.10/site-packages/airflow/example_dags/example_branch_day_of_week_operator.py for tasks to queue
[2025-12-08T14:38:34.000+0530] {logging_mixin.py:154} INFO - [2025-12-08T14:38:34.000+0530] {dagbag.py:536} INFO - Filling up the DagBag from /Users/ramesharra/airflow310/lib/python3.10/site-packages/airflow/example_dags/example_branch_day_of_week_operator.py
[2025-12-08T14:38:34.019+0530] {processor.py:839} INFO - DAG(s) dict_keys(['example_weekday_branch_operator']) retrieved from /Users/ramesharra/airflow310/lib/python3.10/site-packages/airflow/example_dags/example_branch_day_of_week_operator.py
[2025-12-08T14:38:34.120+0530] {logging_mixin.py:154} INFO - [2025-12-08T14:38:34.120+0530] {dag.py:2941} INFO - Sync 1 DAGs
[2025-12-08T14:38:34.130+0530] {logging_mixin.py:154} INFO - [2025-12-08T14:38:34.130+0530] {dag.py:3722} INFO - Setting next_dagrun for example_weekday_branch_operator to 2025-12-07T00:00:00+00:00, run_after=2025-12-08T00:00:00+00:00
[2025-12-08T14:38:34.143+0530] {processor.py:179} INFO - Processing /Users/ramesharra/airflow310/lib/python3.10/site-packages/airflow/example_dags/example_branch_day_of_week_operator.py took 0.146 seconds
[2025-12-08T14:40:45.189+0530] {processor.py:157} INFO - Started process (PID=13409) to work on /Users/ramesharra/airflow310/lib/python3.10/site-packages/airflow/example_dags/example_branch_day_of_week_operator.py
[2025-12-08T14:40:45.189+0530] {processor.py:829} INFO - Processing file /Users/ramesharra/airflow310/lib/python3.10/site-packages/airflow/example_dags/example_branch_day_of_week_operator.py for tasks to queue
[2025-12-08T14:40:45.191+0530] {logging_mixin.py:154} INFO - [2025-12-08T14:40:45.191+0530] {dagbag.py:536} INFO - Filling up the DagBag from /Users/ramesharra/airflow310/lib/python3.10/site-packages/airflow/example_dags/example_branch_day_of_week_operator.py
[2025-12-08T14:40:45.209+0530] {processor.py:839} INFO - DAG(s) dict_keys(['example_weekday_branch_operator']) retrieved from /Users/ramesharra/airflow310/lib/python3.10/site-packages/airflow/example_dags/example_branch_day_of_week_operator.py
[2025-12-08T14:40:45.318+0530] {logging_mixin.py:154} INFO - [2025-12-08T14:40:45.318+0530] {dag.py:2941} INFO - Sync 1 DAGs
[2025-12-08T14:40:45.330+0530] {logging_mixin.py:154} INFO - [2025-12-08T14:40:45.330+0530] {dag.py:3722} INFO - Setting next_dagrun for example_weekday_branch_operator to 2025-12-07T00:00:00+00:00, run_after=2025-12-08T00:00:00+00:00
[2025-12-08T14:40:45.341+0530] {processor.py:179} INFO - Processing /Users/ramesharra/airflow310/lib/python3.10/site-packages/airflow/example_dags/example_branch_day_of_week_operator.py took 0.153 seconds
[2025-12-08T14:42:58.357+0530] {processor.py:157} INFO - Started process (PID=13564) to work on /Users/ramesharra/airflow310/lib/python3.10/site-packages/airflow/example_dags/example_branch_day_of_week_operator.py
[2025-12-08T14:42:58.358+0530] {processor.py:829} INFO - Processing file /Users/ramesharra/airflow310/lib/python3.10/site-packages/airflow/example_dags/example_branch_day_of_week_operator.py for tasks to queue
[2025-12-08T14:42:58.359+0530] {logging_mixin.py:154} INFO - [2025-12-08T14:42:58.359+0530] {dagbag.py:536} INFO - Filling up the DagBag from /Users/ramesharra/airflow310/lib/python3.10/site-packages/airflow/example_dags/example_branch_day_of_week_operator.py
[2025-12-08T14:42:58.377+0530] {processor.py:839} INFO - DAG(s) dict_keys(['example_weekday_branch_operator']) retrieved from /Users/ramesharra/airflow310/lib/python3.10/site-packages/airflow/example_dags/example_branch_day_of_week_operator.py
[2025-12-08T14:42:58.479+0530] {logging_mixin.py:154} INFO - [2025-12-08T14:42:58.479+0530] {dag.py:2941} INFO - Sync 1 DAGs
[2025-12-08T14:42:58.490+0530] {logging_mixin.py:154} INFO - [2025-12-08T14:42:58.490+0530] {dag.py:3722} INFO - Setting next_dagrun for example_weekday_branch_operator to 2025-12-07T00:00:00+00:00, run_after=2025-12-08T00:00:00+00:00
[2025-12-08T14:42:58.503+0530] {processor.py:179} INFO - Processing /Users/ramesharra/airflow310/lib/python3.10/site-packages/airflow/example_dags/example_branch_day_of_week_operator.py took 0.147 seconds
[2025-12-08T14:45:05.110+0530] {processor.py:157} INFO - Started process (PID=13694) to work on /Users/ramesharra/airflow310/lib/python3.10/site-packages/airflow/example_dags/example_branch_day_of_week_operator.py
[2025-12-08T14:45:05.111+0530] {processor.py:829} INFO - Processing file /Users/ramesharra/airflow310/lib/python3.10/site-packages/airflow/example_dags/example_branch_day_of_week_operator.py for tasks to queue
[2025-12-08T14:45:05.112+0530] {logging_mixin.py:154} INFO - [2025-12-08T14:45:05.112+0530] {dagbag.py:536} INFO - Filling up the DagBag from /Users/ramesharra/airflow310/lib/python3.10/site-packages/airflow/example_dags/example_branch_day_of_week_operator.py
[2025-12-08T14:45:05.131+0530] {processor.py:839} INFO - DAG(s) dict_keys(['example_weekday_branch_operator']) retrieved from /Users/ramesharra/airflow310/lib/python3.10/site-packages/airflow/example_dags/example_branch_day_of_week_operator.py
[2025-12-08T14:45:05.231+0530] {logging_mixin.py:154} INFO - [2025-12-08T14:45:05.231+0530] {dag.py:2941} INFO - Sync 1 DAGs
[2025-12-08T14:45:05.242+0530] {logging_mixin.py:154} INFO - [2025-12-08T14:45:05.242+0530] {dag.py:3722} INFO - Setting next_dagrun for example_weekday_branch_operator to 2025-12-07T00:00:00+00:00, run_after=2025-12-08T00:00:00+00:00
[2025-12-08T14:45:05.254+0530] {processor.py:179} INFO - Processing /Users/ramesharra/airflow310/lib/python3.10/site-packages/airflow/example_dags/example_branch_day_of_week_operator.py took 0.144 seconds
[2025-12-08T14:47:15.256+0530] {processor.py:157} INFO - Started process (PID=13847) to work on /Users/ramesharra/airflow310/lib/python3.10/site-packages/airflow/example_dags/example_branch_day_of_week_operator.py
[2025-12-08T14:47:15.257+0530] {processor.py:829} INFO - Processing file /Users/ramesharra/airflow310/lib/python3.10/site-packages/airflow/example_dags/example_branch_day_of_week_operator.py for tasks to queue
[2025-12-08T14:47:15.259+0530] {logging_mixin.py:154} INFO - [2025-12-08T14:47:15.258+0530] {dagbag.py:536} INFO - Filling up the DagBag from /Users/ramesharra/airflow310/lib/python3.10/site-packages/airflow/example_dags/example_branch_day_of_week_operator.py
[2025-12-08T14:47:15.277+0530] {processor.py:839} INFO - DAG(s) dict_keys(['example_weekday_branch_operator']) retrieved from /Users/ramesharra/airflow310/lib/python3.10/site-packages/airflow/example_dags/example_branch_day_of_week_operator.py
[2025-12-08T14:47:15.402+0530] {logging_mixin.py:154} INFO - [2025-12-08T14:47:15.402+0530] {dag.py:2941} INFO - Sync 1 DAGs
[2025-12-08T14:47:15.413+0530] {logging_mixin.py:154} INFO - [2025-12-08T14:47:15.413+0530] {dag.py:3722} INFO - Setting next_dagrun for example_weekday_branch_operator to 2025-12-07T00:00:00+00:00, run_after=2025-12-08T00:00:00+00:00
[2025-12-08T14:47:15.424+0530] {processor.py:179} INFO - Processing /Users/ramesharra/airflow310/lib/python3.10/site-packages/airflow/example_dags/example_branch_day_of_week_operator.py took 0.169 seconds
[2025-12-08T14:49:28.586+0530] {processor.py:157} INFO - Started process (PID=14004) to work on /Users/ramesharra/airflow310/lib/python3.10/site-packages/airflow/example_dags/example_branch_day_of_week_operator.py
[2025-12-08T14:49:28.587+0530] {processor.py:829} INFO - Processing file /Users/ramesharra/airflow310/lib/python3.10/site-packages/airflow/example_dags/example_branch_day_of_week_operator.py for tasks to queue
[2025-12-08T14:49:28.589+0530] {logging_mixin.py:154} INFO - [2025-12-08T14:49:28.588+0530] {dagbag.py:536} INFO - Filling up the DagBag from /Users/ramesharra/airflow310/lib/python3.10/site-packages/airflow/example_dags/example_branch_day_of_week_operator.py
[2025-12-08T14:49:28.608+0530] {processor.py:839} INFO - DAG(s) dict_keys(['example_weekday_branch_operator']) retrieved from /Users/ramesharra/airflow310/lib/python3.10/site-packages/airflow/example_dags/example_branch_day_of_week_operator.py
[2025-12-08T14:49:28.720+0530] {logging_mixin.py:154} INFO - [2025-12-08T14:49:28.719+0530] {dag.py:2941} INFO - Sync 1 DAGs
[2025-12-08T14:49:28.732+0530] {logging_mixin.py:154} INFO - [2025-12-08T14:49:28.731+0530] {dag.py:3722} INFO - Setting next_dagrun for example_weekday_branch_operator to 2025-12-07T00:00:00+00:00, run_after=2025-12-08T00:00:00+00:00
[2025-12-08T14:49:28.744+0530] {processor.py:179} INFO - Processing /Users/ramesharra/airflow310/lib/python3.10/site-packages/airflow/example_dags/example_branch_day_of_week_operator.py took 0.158 seconds
