[2025-12-08T14:16:26.428+0530] {processor.py:157} INFO - Started process (PID=11639) to work on /Users/ramesharra/airflow310/lib/python3.10/site-packages/airflow/example_dags/example_branch_operator.py
[2025-12-08T14:16:26.428+0530] {processor.py:829} INFO - Processing file /Users/ramesharra/airflow310/lib/python3.10/site-packages/airflow/example_dags/example_branch_operator.py for tasks to queue
[2025-12-08T14:16:26.430+0530] {logging_mixin.py:154} INFO - [2025-12-08T14:16:26.430+0530] {dagbag.py:536} INFO - Filling up the DagBag from /Users/ramesharra/airflow310/lib/python3.10/site-packages/airflow/example_dags/example_branch_operator.py
[2025-12-08T14:16:26.453+0530] {processor.py:839} INFO - DAG(s) dict_keys(['example_branch_operator']) retrieved from /Users/ramesharra/airflow310/lib/python3.10/site-packages/airflow/example_dags/example_branch_operator.py
[2025-12-08T14:16:26.774+0530] {logging_mixin.py:154} INFO - [2025-12-08T14:16:26.774+0530] {manager.py:499} INFO - Created Permission View: %s
[2025-12-08T14:16:26.779+0530] {logging_mixin.py:154} INFO - [2025-12-08T14:16:26.779+0530] {manager.py:499} INFO - Created Permission View: %s
[2025-12-08T14:16:26.782+0530] {logging_mixin.py:154} INFO - [2025-12-08T14:16:26.782+0530] {manager.py:499} INFO - Created Permission View: %s
[2025-12-08T14:16:26.782+0530] {logging_mixin.py:154} INFO - [2025-12-08T14:16:26.782+0530] {dag.py:2941} INFO - Sync 1 DAGs
[2025-12-08T14:16:26.787+0530] {logging_mixin.py:154} INFO - [2025-12-08T14:16:26.787+0530] {dag.py:2963} INFO - Creating ORM DAG for example_branch_operator
[2025-12-08T14:16:26.791+0530] {logging_mixin.py:154} INFO - [2025-12-08T14:16:26.791+0530] {dag.py:3722} INFO - Setting next_dagrun for example_branch_operator to 2025-12-07T00:00:00+00:00, run_after=2025-12-08T00:00:00+00:00
[2025-12-08T14:16:26.800+0530] {processor.py:179} INFO - Processing /Users/ramesharra/airflow310/lib/python3.10/site-packages/airflow/example_dags/example_branch_operator.py took 0.373 seconds
[2025-12-08T14:21:10.850+0530] {processor.py:157} INFO - Started process (PID=11905) to work on /Users/ramesharra/airflow310/lib/python3.10/site-packages/airflow/example_dags/example_branch_operator.py
[2025-12-08T14:21:10.851+0530] {processor.py:829} INFO - Processing file /Users/ramesharra/airflow310/lib/python3.10/site-packages/airflow/example_dags/example_branch_operator.py for tasks to queue
[2025-12-08T14:21:10.852+0530] {logging_mixin.py:154} INFO - [2025-12-08T14:21:10.852+0530] {dagbag.py:536} INFO - Filling up the DagBag from /Users/ramesharra/airflow310/lib/python3.10/site-packages/airflow/example_dags/example_branch_operator.py
[2025-12-08T14:21:10.879+0530] {processor.py:839} INFO - DAG(s) dict_keys(['example_branch_operator']) retrieved from /Users/ramesharra/airflow310/lib/python3.10/site-packages/airflow/example_dags/example_branch_operator.py
[2025-12-08T14:21:11.000+0530] {logging_mixin.py:154} INFO - [2025-12-08T14:21:10.999+0530] {dag.py:2941} INFO - Sync 1 DAGs
[2025-12-08T14:21:11.009+0530] {logging_mixin.py:154} INFO - [2025-12-08T14:21:11.009+0530] {dag.py:3722} INFO - Setting next_dagrun for example_branch_operator to 2025-12-07T00:00:00+00:00, run_after=2025-12-08T00:00:00+00:00
[2025-12-08T14:21:11.020+0530] {processor.py:179} INFO - Processing /Users/ramesharra/airflow310/lib/python3.10/site-packages/airflow/example_dags/example_branch_operator.py took 0.170 seconds
[2025-12-08T14:23:17.200+0530] {processor.py:157} INFO - Started process (PID=12214) to work on /Users/ramesharra/airflow310/lib/python3.10/site-packages/airflow/example_dags/example_branch_operator.py
[2025-12-08T14:23:17.201+0530] {processor.py:829} INFO - Processing file /Users/ramesharra/airflow310/lib/python3.10/site-packages/airflow/example_dags/example_branch_operator.py for tasks to queue
[2025-12-08T14:23:17.202+0530] {logging_mixin.py:154} INFO - [2025-12-08T14:23:17.202+0530] {dagbag.py:536} INFO - Filling up the DagBag from /Users/ramesharra/airflow310/lib/python3.10/site-packages/airflow/example_dags/example_branch_operator.py
[2025-12-08T14:23:17.229+0530] {processor.py:839} INFO - DAG(s) dict_keys(['example_branch_operator']) retrieved from /Users/ramesharra/airflow310/lib/python3.10/site-packages/airflow/example_dags/example_branch_operator.py
[2025-12-08T14:23:17.331+0530] {logging_mixin.py:154} INFO - [2025-12-08T14:23:17.331+0530] {dag.py:2941} INFO - Sync 1 DAGs
[2025-12-08T14:23:17.341+0530] {logging_mixin.py:154} INFO - [2025-12-08T14:23:17.341+0530] {dag.py:3722} INFO - Setting next_dagrun for example_branch_operator to 2025-12-07T00:00:00+00:00, run_after=2025-12-08T00:00:00+00:00
[2025-12-08T14:23:17.353+0530] {processor.py:179} INFO - Processing /Users/ramesharra/airflow310/lib/python3.10/site-packages/airflow/example_dags/example_branch_operator.py took 0.153 seconds
[2025-12-08T14:27:08.216+0530] {processor.py:157} INFO - Started process (PID=12494) to work on /Users/ramesharra/airflow310/lib/python3.10/site-packages/airflow/example_dags/example_branch_operator.py
[2025-12-08T14:27:08.217+0530] {processor.py:829} INFO - Processing file /Users/ramesharra/airflow310/lib/python3.10/site-packages/airflow/example_dags/example_branch_operator.py for tasks to queue
[2025-12-08T14:27:08.218+0530] {logging_mixin.py:154} INFO - [2025-12-08T14:27:08.218+0530] {dagbag.py:536} INFO - Filling up the DagBag from /Users/ramesharra/airflow310/lib/python3.10/site-packages/airflow/example_dags/example_branch_operator.py
[2025-12-08T14:27:08.242+0530] {processor.py:839} INFO - DAG(s) dict_keys(['example_branch_operator']) retrieved from /Users/ramesharra/airflow310/lib/python3.10/site-packages/airflow/example_dags/example_branch_operator.py
[2025-12-08T14:27:08.342+0530] {logging_mixin.py:154} INFO - [2025-12-08T14:27:08.342+0530] {dag.py:2941} INFO - Sync 1 DAGs
[2025-12-08T14:27:08.353+0530] {logging_mixin.py:154} INFO - [2025-12-08T14:27:08.352+0530] {dag.py:3722} INFO - Setting next_dagrun for example_branch_operator to 2025-12-07T00:00:00+00:00, run_after=2025-12-08T00:00:00+00:00
[2025-12-08T14:27:08.364+0530] {processor.py:179} INFO - Processing /Users/ramesharra/airflow310/lib/python3.10/site-packages/airflow/example_dags/example_branch_operator.py took 0.148 seconds
[2025-12-08T14:29:58.588+0530] {processor.py:157} INFO - Started process (PID=12671) to work on /Users/ramesharra/airflow310/lib/python3.10/site-packages/airflow/example_dags/example_branch_operator.py
[2025-12-08T14:29:58.589+0530] {processor.py:829} INFO - Processing file /Users/ramesharra/airflow310/lib/python3.10/site-packages/airflow/example_dags/example_branch_operator.py for tasks to queue
[2025-12-08T14:29:58.590+0530] {logging_mixin.py:154} INFO - [2025-12-08T14:29:58.590+0530] {dagbag.py:536} INFO - Filling up the DagBag from /Users/ramesharra/airflow310/lib/python3.10/site-packages/airflow/example_dags/example_branch_operator.py
[2025-12-08T14:29:58.616+0530] {processor.py:839} INFO - DAG(s) dict_keys(['example_branch_operator']) retrieved from /Users/ramesharra/airflow310/lib/python3.10/site-packages/airflow/example_dags/example_branch_operator.py
[2025-12-08T14:29:58.715+0530] {logging_mixin.py:154} INFO - [2025-12-08T14:29:58.715+0530] {dag.py:2941} INFO - Sync 1 DAGs
[2025-12-08T14:29:58.724+0530] {logging_mixin.py:154} INFO - [2025-12-08T14:29:58.724+0530] {dag.py:3722} INFO - Setting next_dagrun for example_branch_operator to 2025-12-07T00:00:00+00:00, run_after=2025-12-08T00:00:00+00:00
[2025-12-08T14:29:58.736+0530] {processor.py:179} INFO - Processing /Users/ramesharra/airflow310/lib/python3.10/site-packages/airflow/example_dags/example_branch_operator.py took 0.148 seconds
[2025-12-08T14:32:05.029+0530] {processor.py:157} INFO - Started process (PID=12816) to work on /Users/ramesharra/airflow310/lib/python3.10/site-packages/airflow/example_dags/example_branch_operator.py
[2025-12-08T14:32:05.030+0530] {processor.py:829} INFO - Processing file /Users/ramesharra/airflow310/lib/python3.10/site-packages/airflow/example_dags/example_branch_operator.py for tasks to queue
[2025-12-08T14:32:05.032+0530] {logging_mixin.py:154} INFO - [2025-12-08T14:32:05.032+0530] {dagbag.py:536} INFO - Filling up the DagBag from /Users/ramesharra/airflow310/lib/python3.10/site-packages/airflow/example_dags/example_branch_operator.py
[2025-12-08T14:32:05.055+0530] {processor.py:839} INFO - DAG(s) dict_keys(['example_branch_operator']) retrieved from /Users/ramesharra/airflow310/lib/python3.10/site-packages/airflow/example_dags/example_branch_operator.py
[2025-12-08T14:32:05.154+0530] {logging_mixin.py:154} INFO - [2025-12-08T14:32:05.154+0530] {dag.py:2941} INFO - Sync 1 DAGs
[2025-12-08T14:32:05.164+0530] {logging_mixin.py:154} INFO - [2025-12-08T14:32:05.164+0530] {dag.py:3722} INFO - Setting next_dagrun for example_branch_operator to 2025-12-07T00:00:00+00:00, run_after=2025-12-08T00:00:00+00:00
[2025-12-08T14:32:05.174+0530] {processor.py:179} INFO - Processing /Users/ramesharra/airflow310/lib/python3.10/site-packages/airflow/example_dags/example_branch_operator.py took 0.145 seconds
[2025-12-08T14:34:06.632+0530] {processor.py:157} INFO - Started process (PID=12952) to work on /Users/ramesharra/airflow310/lib/python3.10/site-packages/airflow/example_dags/example_branch_operator.py
[2025-12-08T14:34:06.633+0530] {processor.py:829} INFO - Processing file /Users/ramesharra/airflow310/lib/python3.10/site-packages/airflow/example_dags/example_branch_operator.py for tasks to queue
[2025-12-08T14:34:06.634+0530] {logging_mixin.py:154} INFO - [2025-12-08T14:34:06.634+0530] {dagbag.py:536} INFO - Filling up the DagBag from /Users/ramesharra/airflow310/lib/python3.10/site-packages/airflow/example_dags/example_branch_operator.py
[2025-12-08T14:34:06.658+0530] {processor.py:839} INFO - DAG(s) dict_keys(['example_branch_operator']) retrieved from /Users/ramesharra/airflow310/lib/python3.10/site-packages/airflow/example_dags/example_branch_operator.py
[2025-12-08T14:34:06.757+0530] {logging_mixin.py:154} INFO - [2025-12-08T14:34:06.756+0530] {dag.py:2941} INFO - Sync 1 DAGs
[2025-12-08T14:34:06.767+0530] {logging_mixin.py:154} INFO - [2025-12-08T14:34:06.767+0530] {dag.py:3722} INFO - Setting next_dagrun for example_branch_operator to 2025-12-07T00:00:00+00:00, run_after=2025-12-08T00:00:00+00:00
[2025-12-08T14:34:06.778+0530] {processor.py:179} INFO - Processing /Users/ramesharra/airflow310/lib/python3.10/site-packages/airflow/example_dags/example_branch_operator.py took 0.146 seconds
[2025-12-08T14:36:16.426+0530] {processor.py:157} INFO - Started process (PID=13096) to work on /Users/ramesharra/airflow310/lib/python3.10/site-packages/airflow/example_dags/example_branch_operator.py
[2025-12-08T14:36:16.428+0530] {processor.py:829} INFO - Processing file /Users/ramesharra/airflow310/lib/python3.10/site-packages/airflow/example_dags/example_branch_operator.py for tasks to queue
[2025-12-08T14:36:16.429+0530] {logging_mixin.py:154} INFO - [2025-12-08T14:36:16.429+0530] {dagbag.py:536} INFO - Filling up the DagBag from /Users/ramesharra/airflow310/lib/python3.10/site-packages/airflow/example_dags/example_branch_operator.py
[2025-12-08T14:36:16.453+0530] {processor.py:839} INFO - DAG(s) dict_keys(['example_branch_operator']) retrieved from /Users/ramesharra/airflow310/lib/python3.10/site-packages/airflow/example_dags/example_branch_operator.py
[2025-12-08T14:36:16.551+0530] {logging_mixin.py:154} INFO - [2025-12-08T14:36:16.550+0530] {dag.py:2941} INFO - Sync 1 DAGs
[2025-12-08T14:36:16.560+0530] {logging_mixin.py:154} INFO - [2025-12-08T14:36:16.560+0530] {dag.py:3722} INFO - Setting next_dagrun for example_branch_operator to 2025-12-07T00:00:00+00:00, run_after=2025-12-08T00:00:00+00:00
[2025-12-08T14:36:16.571+0530] {processor.py:179} INFO - Processing /Users/ramesharra/airflow310/lib/python3.10/site-packages/airflow/example_dags/example_branch_operator.py took 0.146 seconds
[2025-12-08T14:38:29.807+0530] {processor.py:157} INFO - Started process (PID=13235) to work on /Users/ramesharra/airflow310/lib/python3.10/site-packages/airflow/example_dags/example_branch_operator.py
[2025-12-08T14:38:29.808+0530] {processor.py:829} INFO - Processing file /Users/ramesharra/airflow310/lib/python3.10/site-packages/airflow/example_dags/example_branch_operator.py for tasks to queue
[2025-12-08T14:38:29.810+0530] {logging_mixin.py:154} INFO - [2025-12-08T14:38:29.810+0530] {dagbag.py:536} INFO - Filling up the DagBag from /Users/ramesharra/airflow310/lib/python3.10/site-packages/airflow/example_dags/example_branch_operator.py
[2025-12-08T14:38:29.837+0530] {processor.py:839} INFO - DAG(s) dict_keys(['example_branch_operator']) retrieved from /Users/ramesharra/airflow310/lib/python3.10/site-packages/airflow/example_dags/example_branch_operator.py
[2025-12-08T14:38:29.944+0530] {logging_mixin.py:154} INFO - [2025-12-08T14:38:29.944+0530] {dag.py:2941} INFO - Sync 1 DAGs
[2025-12-08T14:38:29.955+0530] {logging_mixin.py:154} INFO - [2025-12-08T14:38:29.955+0530] {dag.py:3722} INFO - Setting next_dagrun for example_branch_operator to 2025-12-07T00:00:00+00:00, run_after=2025-12-08T00:00:00+00:00
[2025-12-08T14:38:29.966+0530] {processor.py:179} INFO - Processing /Users/ramesharra/airflow310/lib/python3.10/site-packages/airflow/example_dags/example_branch_operator.py took 0.159 seconds
[2025-12-08T14:40:41.538+0530] {processor.py:157} INFO - Started process (PID=13404) to work on /Users/ramesharra/airflow310/lib/python3.10/site-packages/airflow/example_dags/example_branch_operator.py
[2025-12-08T14:40:41.539+0530] {processor.py:829} INFO - Processing file /Users/ramesharra/airflow310/lib/python3.10/site-packages/airflow/example_dags/example_branch_operator.py for tasks to queue
[2025-12-08T14:40:41.541+0530] {logging_mixin.py:154} INFO - [2025-12-08T14:40:41.541+0530] {dagbag.py:536} INFO - Filling up the DagBag from /Users/ramesharra/airflow310/lib/python3.10/site-packages/airflow/example_dags/example_branch_operator.py
[2025-12-08T14:40:41.567+0530] {processor.py:839} INFO - DAG(s) dict_keys(['example_branch_operator']) retrieved from /Users/ramesharra/airflow310/lib/python3.10/site-packages/airflow/example_dags/example_branch_operator.py
[2025-12-08T14:40:41.669+0530] {logging_mixin.py:154} INFO - [2025-12-08T14:40:41.668+0530] {dag.py:2941} INFO - Sync 1 DAGs
[2025-12-08T14:40:41.678+0530] {logging_mixin.py:154} INFO - [2025-12-08T14:40:41.678+0530] {dag.py:3722} INFO - Setting next_dagrun for example_branch_operator to 2025-12-07T00:00:00+00:00, run_after=2025-12-08T00:00:00+00:00
[2025-12-08T14:40:41.689+0530] {processor.py:179} INFO - Processing /Users/ramesharra/airflow310/lib/python3.10/site-packages/airflow/example_dags/example_branch_operator.py took 0.151 seconds
[2025-12-08T14:42:54.152+0530] {processor.py:157} INFO - Started process (PID=13560) to work on /Users/ramesharra/airflow310/lib/python3.10/site-packages/airflow/example_dags/example_branch_operator.py
[2025-12-08T14:42:54.153+0530] {processor.py:829} INFO - Processing file /Users/ramesharra/airflow310/lib/python3.10/site-packages/airflow/example_dags/example_branch_operator.py for tasks to queue
[2025-12-08T14:42:54.154+0530] {logging_mixin.py:154} INFO - [2025-12-08T14:42:54.154+0530] {dagbag.py:536} INFO - Filling up the DagBag from /Users/ramesharra/airflow310/lib/python3.10/site-packages/airflow/example_dags/example_branch_operator.py
[2025-12-08T14:42:54.179+0530] {processor.py:839} INFO - DAG(s) dict_keys(['example_branch_operator']) retrieved from /Users/ramesharra/airflow310/lib/python3.10/site-packages/airflow/example_dags/example_branch_operator.py
[2025-12-08T14:42:54.284+0530] {logging_mixin.py:154} INFO - [2025-12-08T14:42:54.284+0530] {dag.py:2941} INFO - Sync 1 DAGs
[2025-12-08T14:42:54.294+0530] {logging_mixin.py:154} INFO - [2025-12-08T14:42:54.294+0530] {dag.py:3722} INFO - Setting next_dagrun for example_branch_operator to 2025-12-07T00:00:00+00:00, run_after=2025-12-08T00:00:00+00:00
[2025-12-08T14:42:54.305+0530] {processor.py:179} INFO - Processing /Users/ramesharra/airflow310/lib/python3.10/site-packages/airflow/example_dags/example_branch_operator.py took 0.154 seconds
[2025-12-08T14:45:00.924+0530] {processor.py:157} INFO - Started process (PID=13686) to work on /Users/ramesharra/airflow310/lib/python3.10/site-packages/airflow/example_dags/example_branch_operator.py
[2025-12-08T14:45:00.925+0530] {processor.py:829} INFO - Processing file /Users/ramesharra/airflow310/lib/python3.10/site-packages/airflow/example_dags/example_branch_operator.py for tasks to queue
[2025-12-08T14:45:00.927+0530] {logging_mixin.py:154} INFO - [2025-12-08T14:45:00.927+0530] {dagbag.py:536} INFO - Filling up the DagBag from /Users/ramesharra/airflow310/lib/python3.10/site-packages/airflow/example_dags/example_branch_operator.py
[2025-12-08T14:45:00.951+0530] {processor.py:839} INFO - DAG(s) dict_keys(['example_branch_operator']) retrieved from /Users/ramesharra/airflow310/lib/python3.10/site-packages/airflow/example_dags/example_branch_operator.py
[2025-12-08T14:45:01.054+0530] {logging_mixin.py:154} INFO - [2025-12-08T14:45:01.054+0530] {dag.py:2941} INFO - Sync 1 DAGs
[2025-12-08T14:45:01.064+0530] {logging_mixin.py:154} INFO - [2025-12-08T14:45:01.064+0530] {dag.py:3722} INFO - Setting next_dagrun for example_branch_operator to 2025-12-07T00:00:00+00:00, run_after=2025-12-08T00:00:00+00:00
[2025-12-08T14:45:01.074+0530] {processor.py:179} INFO - Processing /Users/ramesharra/airflow310/lib/python3.10/site-packages/airflow/example_dags/example_branch_operator.py took 0.151 seconds
[2025-12-08T14:47:10.653+0530] {processor.py:157} INFO - Started process (PID=13841) to work on /Users/ramesharra/airflow310/lib/python3.10/site-packages/airflow/example_dags/example_branch_operator.py
[2025-12-08T14:47:10.654+0530] {processor.py:829} INFO - Processing file /Users/ramesharra/airflow310/lib/python3.10/site-packages/airflow/example_dags/example_branch_operator.py for tasks to queue
[2025-12-08T14:47:10.656+0530] {logging_mixin.py:154} INFO - [2025-12-08T14:47:10.655+0530] {dagbag.py:536} INFO - Filling up the DagBag from /Users/ramesharra/airflow310/lib/python3.10/site-packages/airflow/example_dags/example_branch_operator.py
[2025-12-08T14:47:10.684+0530] {processor.py:839} INFO - DAG(s) dict_keys(['example_branch_operator']) retrieved from /Users/ramesharra/airflow310/lib/python3.10/site-packages/airflow/example_dags/example_branch_operator.py
[2025-12-08T14:47:10.803+0530] {logging_mixin.py:154} INFO - [2025-12-08T14:47:10.803+0530] {dag.py:2941} INFO - Sync 1 DAGs
[2025-12-08T14:47:10.814+0530] {logging_mixin.py:154} INFO - [2025-12-08T14:47:10.814+0530] {dag.py:3722} INFO - Setting next_dagrun for example_branch_operator to 2025-12-07T00:00:00+00:00, run_after=2025-12-08T00:00:00+00:00
[2025-12-08T14:47:10.826+0530] {processor.py:179} INFO - Processing /Users/ramesharra/airflow310/lib/python3.10/site-packages/airflow/example_dags/example_branch_operator.py took 0.174 seconds
[2025-12-08T14:49:24.834+0530] {processor.py:157} INFO - Started process (PID=14002) to work on /Users/ramesharra/airflow310/lib/python3.10/site-packages/airflow/example_dags/example_branch_operator.py
[2025-12-08T14:49:24.835+0530] {processor.py:829} INFO - Processing file /Users/ramesharra/airflow310/lib/python3.10/site-packages/airflow/example_dags/example_branch_operator.py for tasks to queue
[2025-12-08T14:49:24.837+0530] {logging_mixin.py:154} INFO - [2025-12-08T14:49:24.837+0530] {dagbag.py:536} INFO - Filling up the DagBag from /Users/ramesharra/airflow310/lib/python3.10/site-packages/airflow/example_dags/example_branch_operator.py
[2025-12-08T14:49:24.862+0530] {processor.py:839} INFO - DAG(s) dict_keys(['example_branch_operator']) retrieved from /Users/ramesharra/airflow310/lib/python3.10/site-packages/airflow/example_dags/example_branch_operator.py
[2025-12-08T14:49:24.974+0530] {logging_mixin.py:154} INFO - [2025-12-08T14:49:24.973+0530] {dag.py:2941} INFO - Sync 1 DAGs
[2025-12-08T14:49:24.984+0530] {logging_mixin.py:154} INFO - [2025-12-08T14:49:24.984+0530] {dag.py:3722} INFO - Setting next_dagrun for example_branch_operator to 2025-12-07T00:00:00+00:00, run_after=2025-12-08T00:00:00+00:00
[2025-12-08T14:49:24.994+0530] {processor.py:179} INFO - Processing /Users/ramesharra/airflow310/lib/python3.10/site-packages/airflow/example_dags/example_branch_operator.py took 0.161 seconds
