[2025-12-08T14:16:18.419+0530] {processor.py:157} INFO - Started process (PID=11620) to work on /Users/ramesharra/airflow310/lib/python3.10/site-packages/airflow/example_dags/example_complex.py
[2025-12-08T14:16:18.420+0530] {processor.py:829} INFO - Processing file /Users/ramesharra/airflow310/lib/python3.10/site-packages/airflow/example_dags/example_complex.py for tasks to queue
[2025-12-08T14:16:18.421+0530] {logging_mixin.py:154} INFO - [2025-12-08T14:16:18.421+0530] {dagbag.py:536} INFO - Filling up the DagBag from /Users/ramesharra/airflow310/lib/python3.10/site-packages/airflow/example_dags/example_complex.py
[2025-12-08T14:16:18.438+0530] {processor.py:839} INFO - DAG(s) dict_keys(['example_complex']) retrieved from /Users/ramesharra/airflow310/lib/python3.10/site-packages/airflow/example_dags/example_complex.py
[2025-12-08T14:16:18.904+0530] {logging_mixin.py:154} INFO - [2025-12-08T14:16:18.904+0530] {manager.py:499} INFO - Created Permission View: %s
[2025-12-08T14:16:18.909+0530] {logging_mixin.py:154} INFO - [2025-12-08T14:16:18.908+0530] {manager.py:499} INFO - Created Permission View: %s
[2025-12-08T14:16:18.912+0530] {logging_mixin.py:154} INFO - [2025-12-08T14:16:18.912+0530] {manager.py:499} INFO - Created Permission View: %s
[2025-12-08T14:16:18.913+0530] {logging_mixin.py:154} INFO - [2025-12-08T14:16:18.912+0530] {dag.py:2941} INFO - Sync 1 DAGs
[2025-12-08T14:16:18.919+0530] {logging_mixin.py:154} INFO - [2025-12-08T14:16:18.919+0530] {dag.py:2963} INFO - Creating ORM DAG for example_complex
[2025-12-08T14:16:18.920+0530] {logging_mixin.py:154} INFO - [2025-12-08T14:16:18.919+0530] {dag.py:3722} INFO - Setting next_dagrun for example_complex to None, run_after=None
[2025-12-08T14:16:18.930+0530] {processor.py:179} INFO - Processing /Users/ramesharra/airflow310/lib/python3.10/site-packages/airflow/example_dags/example_complex.py took 0.511 seconds
[2025-12-08T14:21:04.438+0530] {processor.py:157} INFO - Started process (PID=11902) to work on /Users/ramesharra/airflow310/lib/python3.10/site-packages/airflow/example_dags/example_complex.py
[2025-12-08T14:21:04.440+0530] {processor.py:829} INFO - Processing file /Users/ramesharra/airflow310/lib/python3.10/site-packages/airflow/example_dags/example_complex.py for tasks to queue
[2025-12-08T14:21:04.441+0530] {logging_mixin.py:154} INFO - [2025-12-08T14:21:04.441+0530] {dagbag.py:536} INFO - Filling up the DagBag from /Users/ramesharra/airflow310/lib/python3.10/site-packages/airflow/example_dags/example_complex.py
[2025-12-08T14:21:04.457+0530] {processor.py:839} INFO - DAG(s) dict_keys(['example_complex']) retrieved from /Users/ramesharra/airflow310/lib/python3.10/site-packages/airflow/example_dags/example_complex.py
[2025-12-08T14:21:04.550+0530] {logging_mixin.py:154} INFO - [2025-12-08T14:21:04.550+0530] {dag.py:2941} INFO - Sync 1 DAGs
[2025-12-08T14:21:04.555+0530] {logging_mixin.py:154} INFO - [2025-12-08T14:21:04.555+0530] {dag.py:3722} INFO - Setting next_dagrun for example_complex to None, run_after=None
[2025-12-08T14:21:04.565+0530] {processor.py:179} INFO - Processing /Users/ramesharra/airflow310/lib/python3.10/site-packages/airflow/example_dags/example_complex.py took 0.127 seconds
[2025-12-08T14:23:11.058+0530] {processor.py:157} INFO - Started process (PID=12206) to work on /Users/ramesharra/airflow310/lib/python3.10/site-packages/airflow/example_dags/example_complex.py
[2025-12-08T14:23:11.059+0530] {processor.py:829} INFO - Processing file /Users/ramesharra/airflow310/lib/python3.10/site-packages/airflow/example_dags/example_complex.py for tasks to queue
[2025-12-08T14:23:11.060+0530] {logging_mixin.py:154} INFO - [2025-12-08T14:23:11.060+0530] {dagbag.py:536} INFO - Filling up the DagBag from /Users/ramesharra/airflow310/lib/python3.10/site-packages/airflow/example_dags/example_complex.py
[2025-12-08T14:23:11.078+0530] {processor.py:839} INFO - DAG(s) dict_keys(['example_complex']) retrieved from /Users/ramesharra/airflow310/lib/python3.10/site-packages/airflow/example_dags/example_complex.py
[2025-12-08T14:23:11.184+0530] {logging_mixin.py:154} INFO - [2025-12-08T14:23:11.184+0530] {dag.py:2941} INFO - Sync 1 DAGs
[2025-12-08T14:23:11.190+0530] {logging_mixin.py:154} INFO - [2025-12-08T14:23:11.190+0530] {dag.py:3722} INFO - Setting next_dagrun for example_complex to None, run_after=None
[2025-12-08T14:23:11.201+0530] {processor.py:179} INFO - Processing /Users/ramesharra/airflow310/lib/python3.10/site-packages/airflow/example_dags/example_complex.py took 0.143 seconds
[2025-12-08T14:25:18.019+0530] {processor.py:157} INFO - Started process (PID=12364) to work on /Users/ramesharra/airflow310/lib/python3.10/site-packages/airflow/example_dags/example_complex.py
[2025-12-08T14:25:18.020+0530] {processor.py:829} INFO - Processing file /Users/ramesharra/airflow310/lib/python3.10/site-packages/airflow/example_dags/example_complex.py for tasks to queue
[2025-12-08T14:25:18.022+0530] {logging_mixin.py:154} INFO - [2025-12-08T14:25:18.022+0530] {dagbag.py:536} INFO - Filling up the DagBag from /Users/ramesharra/airflow310/lib/python3.10/site-packages/airflow/example_dags/example_complex.py
[2025-12-08T14:25:18.040+0530] {processor.py:839} INFO - DAG(s) dict_keys(['example_complex']) retrieved from /Users/ramesharra/airflow310/lib/python3.10/site-packages/airflow/example_dags/example_complex.py
[2025-12-08T14:25:18.144+0530] {logging_mixin.py:154} INFO - [2025-12-08T14:25:18.144+0530] {dag.py:2941} INFO - Sync 1 DAGs
[2025-12-08T14:25:18.150+0530] {logging_mixin.py:154} INFO - [2025-12-08T14:25:18.150+0530] {dag.py:3722} INFO - Setting next_dagrun for example_complex to None, run_after=None
[2025-12-08T14:25:18.162+0530] {processor.py:179} INFO - Processing /Users/ramesharra/airflow310/lib/python3.10/site-packages/airflow/example_dags/example_complex.py took 0.144 seconds
[2025-12-08T14:27:02.389+0530] {processor.py:157} INFO - Started process (PID=12488) to work on /Users/ramesharra/airflow310/lib/python3.10/site-packages/airflow/example_dags/example_complex.py
[2025-12-08T14:27:02.390+0530] {processor.py:829} INFO - Processing file /Users/ramesharra/airflow310/lib/python3.10/site-packages/airflow/example_dags/example_complex.py for tasks to queue
[2025-12-08T14:27:02.391+0530] {logging_mixin.py:154} INFO - [2025-12-08T14:27:02.391+0530] {dagbag.py:536} INFO - Filling up the DagBag from /Users/ramesharra/airflow310/lib/python3.10/site-packages/airflow/example_dags/example_complex.py
[2025-12-08T14:27:02.409+0530] {processor.py:839} INFO - DAG(s) dict_keys(['example_complex']) retrieved from /Users/ramesharra/airflow310/lib/python3.10/site-packages/airflow/example_dags/example_complex.py
[2025-12-08T14:27:02.520+0530] {logging_mixin.py:154} INFO - [2025-12-08T14:27:02.519+0530] {dag.py:2941} INFO - Sync 1 DAGs
[2025-12-08T14:27:02.526+0530] {logging_mixin.py:154} INFO - [2025-12-08T14:27:02.526+0530] {dag.py:3722} INFO - Setting next_dagrun for example_complex to None, run_after=None
[2025-12-08T14:27:02.539+0530] {processor.py:179} INFO - Processing /Users/ramesharra/airflow310/lib/python3.10/site-packages/airflow/example_dags/example_complex.py took 0.151 seconds
[2025-12-08T14:29:52.386+0530] {processor.py:157} INFO - Started process (PID=12661) to work on /Users/ramesharra/airflow310/lib/python3.10/site-packages/airflow/example_dags/example_complex.py
[2025-12-08T14:29:52.387+0530] {processor.py:829} INFO - Processing file /Users/ramesharra/airflow310/lib/python3.10/site-packages/airflow/example_dags/example_complex.py for tasks to queue
[2025-12-08T14:29:52.388+0530] {logging_mixin.py:154} INFO - [2025-12-08T14:29:52.388+0530] {dagbag.py:536} INFO - Filling up the DagBag from /Users/ramesharra/airflow310/lib/python3.10/site-packages/airflow/example_dags/example_complex.py
[2025-12-08T14:29:52.409+0530] {processor.py:839} INFO - DAG(s) dict_keys(['example_complex']) retrieved from /Users/ramesharra/airflow310/lib/python3.10/site-packages/airflow/example_dags/example_complex.py
[2025-12-08T14:29:52.513+0530] {logging_mixin.py:154} INFO - [2025-12-08T14:29:52.513+0530] {dag.py:2941} INFO - Sync 1 DAGs
[2025-12-08T14:29:52.519+0530] {logging_mixin.py:154} INFO - [2025-12-08T14:29:52.519+0530] {dag.py:3722} INFO - Setting next_dagrun for example_complex to None, run_after=None
[2025-12-08T14:29:52.530+0530] {processor.py:179} INFO - Processing /Users/ramesharra/airflow310/lib/python3.10/site-packages/airflow/example_dags/example_complex.py took 0.144 seconds
[2025-12-08T14:31:59.226+0530] {processor.py:157} INFO - Started process (PID=12808) to work on /Users/ramesharra/airflow310/lib/python3.10/site-packages/airflow/example_dags/example_complex.py
[2025-12-08T14:31:59.226+0530] {processor.py:829} INFO - Processing file /Users/ramesharra/airflow310/lib/python3.10/site-packages/airflow/example_dags/example_complex.py for tasks to queue
[2025-12-08T14:31:59.228+0530] {logging_mixin.py:154} INFO - [2025-12-08T14:31:59.228+0530] {dagbag.py:536} INFO - Filling up the DagBag from /Users/ramesharra/airflow310/lib/python3.10/site-packages/airflow/example_dags/example_complex.py
[2025-12-08T14:31:59.248+0530] {processor.py:839} INFO - DAG(s) dict_keys(['example_complex']) retrieved from /Users/ramesharra/airflow310/lib/python3.10/site-packages/airflow/example_dags/example_complex.py
[2025-12-08T14:31:59.385+0530] {logging_mixin.py:154} INFO - [2025-12-08T14:31:59.385+0530] {dag.py:2941} INFO - Sync 1 DAGs
[2025-12-08T14:31:59.393+0530] {logging_mixin.py:154} INFO - [2025-12-08T14:31:59.392+0530] {dag.py:3722} INFO - Setting next_dagrun for example_complex to None, run_after=None
[2025-12-08T14:31:59.415+0530] {processor.py:179} INFO - Processing /Users/ramesharra/airflow310/lib/python3.10/site-packages/airflow/example_dags/example_complex.py took 0.189 seconds
[2025-12-08T14:34:01.142+0530] {processor.py:157} INFO - Started process (PID=12942) to work on /Users/ramesharra/airflow310/lib/python3.10/site-packages/airflow/example_dags/example_complex.py
[2025-12-08T14:34:01.143+0530] {processor.py:829} INFO - Processing file /Users/ramesharra/airflow310/lib/python3.10/site-packages/airflow/example_dags/example_complex.py for tasks to queue
[2025-12-08T14:34:01.145+0530] {logging_mixin.py:154} INFO - [2025-12-08T14:34:01.145+0530] {dagbag.py:536} INFO - Filling up the DagBag from /Users/ramesharra/airflow310/lib/python3.10/site-packages/airflow/example_dags/example_complex.py
[2025-12-08T14:34:01.163+0530] {processor.py:839} INFO - DAG(s) dict_keys(['example_complex']) retrieved from /Users/ramesharra/airflow310/lib/python3.10/site-packages/airflow/example_dags/example_complex.py
[2025-12-08T14:34:01.285+0530] {logging_mixin.py:154} INFO - [2025-12-08T14:34:01.285+0530] {dag.py:2941} INFO - Sync 1 DAGs
[2025-12-08T14:34:01.291+0530] {logging_mixin.py:154} INFO - [2025-12-08T14:34:01.291+0530] {dag.py:3722} INFO - Setting next_dagrun for example_complex to None, run_after=None
[2025-12-08T14:34:01.302+0530] {processor.py:179} INFO - Processing /Users/ramesharra/airflow310/lib/python3.10/site-packages/airflow/example_dags/example_complex.py took 0.161 seconds
[2025-12-08T14:36:10.716+0530] {processor.py:157} INFO - Started process (PID=13090) to work on /Users/ramesharra/airflow310/lib/python3.10/site-packages/airflow/example_dags/example_complex.py
[2025-12-08T14:36:10.716+0530] {processor.py:829} INFO - Processing file /Users/ramesharra/airflow310/lib/python3.10/site-packages/airflow/example_dags/example_complex.py for tasks to queue
[2025-12-08T14:36:10.718+0530] {logging_mixin.py:154} INFO - [2025-12-08T14:36:10.718+0530] {dagbag.py:536} INFO - Filling up the DagBag from /Users/ramesharra/airflow310/lib/python3.10/site-packages/airflow/example_dags/example_complex.py
[2025-12-08T14:36:10.738+0530] {processor.py:839} INFO - DAG(s) dict_keys(['example_complex']) retrieved from /Users/ramesharra/airflow310/lib/python3.10/site-packages/airflow/example_dags/example_complex.py
[2025-12-08T14:36:10.851+0530] {logging_mixin.py:154} INFO - [2025-12-08T14:36:10.850+0530] {dag.py:2941} INFO - Sync 1 DAGs
[2025-12-08T14:36:10.857+0530] {logging_mixin.py:154} INFO - [2025-12-08T14:36:10.857+0530] {dag.py:3722} INFO - Setting next_dagrun for example_complex to None, run_after=None
[2025-12-08T14:36:10.868+0530] {processor.py:179} INFO - Processing /Users/ramesharra/airflow310/lib/python3.10/site-packages/airflow/example_dags/example_complex.py took 0.152 seconds
[2025-12-08T14:38:23.560+0530] {processor.py:157} INFO - Started process (PID=13232) to work on /Users/ramesharra/airflow310/lib/python3.10/site-packages/airflow/example_dags/example_complex.py
[2025-12-08T14:38:23.561+0530] {processor.py:829} INFO - Processing file /Users/ramesharra/airflow310/lib/python3.10/site-packages/airflow/example_dags/example_complex.py for tasks to queue
[2025-12-08T14:38:23.562+0530] {logging_mixin.py:154} INFO - [2025-12-08T14:38:23.562+0530] {dagbag.py:536} INFO - Filling up the DagBag from /Users/ramesharra/airflow310/lib/python3.10/site-packages/airflow/example_dags/example_complex.py
[2025-12-08T14:38:23.583+0530] {processor.py:839} INFO - DAG(s) dict_keys(['example_complex']) retrieved from /Users/ramesharra/airflow310/lib/python3.10/site-packages/airflow/example_dags/example_complex.py
[2025-12-08T14:38:23.691+0530] {logging_mixin.py:154} INFO - [2025-12-08T14:38:23.691+0530] {dag.py:2941} INFO - Sync 1 DAGs
[2025-12-08T14:38:23.698+0530] {logging_mixin.py:154} INFO - [2025-12-08T14:38:23.697+0530] {dag.py:3722} INFO - Setting next_dagrun for example_complex to None, run_after=None
[2025-12-08T14:38:23.709+0530] {processor.py:179} INFO - Processing /Users/ramesharra/airflow310/lib/python3.10/site-packages/airflow/example_dags/example_complex.py took 0.149 seconds
[2025-12-08T14:40:35.225+0530] {processor.py:157} INFO - Started process (PID=13400) to work on /Users/ramesharra/airflow310/lib/python3.10/site-packages/airflow/example_dags/example_complex.py
[2025-12-08T14:40:35.225+0530] {processor.py:829} INFO - Processing file /Users/ramesharra/airflow310/lib/python3.10/site-packages/airflow/example_dags/example_complex.py for tasks to queue
[2025-12-08T14:40:35.227+0530] {logging_mixin.py:154} INFO - [2025-12-08T14:40:35.227+0530] {dagbag.py:536} INFO - Filling up the DagBag from /Users/ramesharra/airflow310/lib/python3.10/site-packages/airflow/example_dags/example_complex.py
[2025-12-08T14:40:35.246+0530] {processor.py:839} INFO - DAG(s) dict_keys(['example_complex']) retrieved from /Users/ramesharra/airflow310/lib/python3.10/site-packages/airflow/example_dags/example_complex.py
[2025-12-08T14:40:35.354+0530] {logging_mixin.py:154} INFO - [2025-12-08T14:40:35.354+0530] {dag.py:2941} INFO - Sync 1 DAGs
[2025-12-08T14:40:35.360+0530] {logging_mixin.py:154} INFO - [2025-12-08T14:40:35.360+0530] {dag.py:3722} INFO - Setting next_dagrun for example_complex to None, run_after=None
[2025-12-08T14:40:35.371+0530] {processor.py:179} INFO - Processing /Users/ramesharra/airflow310/lib/python3.10/site-packages/airflow/example_dags/example_complex.py took 0.147 seconds
[2025-12-08T14:42:48.680+0530] {processor.py:157} INFO - Started process (PID=13546) to work on /Users/ramesharra/airflow310/lib/python3.10/site-packages/airflow/example_dags/example_complex.py
[2025-12-08T14:42:48.681+0530] {processor.py:829} INFO - Processing file /Users/ramesharra/airflow310/lib/python3.10/site-packages/airflow/example_dags/example_complex.py for tasks to queue
[2025-12-08T14:42:48.682+0530] {logging_mixin.py:154} INFO - [2025-12-08T14:42:48.682+0530] {dagbag.py:536} INFO - Filling up the DagBag from /Users/ramesharra/airflow310/lib/python3.10/site-packages/airflow/example_dags/example_complex.py
[2025-12-08T14:42:48.701+0530] {processor.py:839} INFO - DAG(s) dict_keys(['example_complex']) retrieved from /Users/ramesharra/airflow310/lib/python3.10/site-packages/airflow/example_dags/example_complex.py
[2025-12-08T14:42:48.814+0530] {logging_mixin.py:154} INFO - [2025-12-08T14:42:48.814+0530] {dag.py:2941} INFO - Sync 1 DAGs
[2025-12-08T14:42:48.820+0530] {logging_mixin.py:154} INFO - [2025-12-08T14:42:48.820+0530] {dag.py:3722} INFO - Setting next_dagrun for example_complex to None, run_after=None
[2025-12-08T14:42:48.832+0530] {processor.py:179} INFO - Processing /Users/ramesharra/airflow310/lib/python3.10/site-packages/airflow/example_dags/example_complex.py took 0.152 seconds
[2025-12-08T14:44:54.852+0530] {processor.py:157} INFO - Started process (PID=13682) to work on /Users/ramesharra/airflow310/lib/python3.10/site-packages/airflow/example_dags/example_complex.py
[2025-12-08T14:44:54.853+0530] {processor.py:829} INFO - Processing file /Users/ramesharra/airflow310/lib/python3.10/site-packages/airflow/example_dags/example_complex.py for tasks to queue
[2025-12-08T14:44:54.855+0530] {logging_mixin.py:154} INFO - [2025-12-08T14:44:54.855+0530] {dagbag.py:536} INFO - Filling up the DagBag from /Users/ramesharra/airflow310/lib/python3.10/site-packages/airflow/example_dags/example_complex.py
[2025-12-08T14:44:54.873+0530] {processor.py:839} INFO - DAG(s) dict_keys(['example_complex']) retrieved from /Users/ramesharra/airflow310/lib/python3.10/site-packages/airflow/example_dags/example_complex.py
[2025-12-08T14:44:54.980+0530] {logging_mixin.py:154} INFO - [2025-12-08T14:44:54.980+0530] {dag.py:2941} INFO - Sync 1 DAGs
[2025-12-08T14:44:54.987+0530] {logging_mixin.py:154} INFO - [2025-12-08T14:44:54.987+0530] {dag.py:3722} INFO - Setting next_dagrun for example_complex to None, run_after=None
[2025-12-08T14:44:54.998+0530] {processor.py:179} INFO - Processing /Users/ramesharra/airflow310/lib/python3.10/site-packages/airflow/example_dags/example_complex.py took 0.146 seconds
[2025-12-08T14:47:04.265+0530] {processor.py:157} INFO - Started process (PID=13838) to work on /Users/ramesharra/airflow310/lib/python3.10/site-packages/airflow/example_dags/example_complex.py
[2025-12-08T14:47:04.266+0530] {processor.py:829} INFO - Processing file /Users/ramesharra/airflow310/lib/python3.10/site-packages/airflow/example_dags/example_complex.py for tasks to queue
[2025-12-08T14:47:04.267+0530] {logging_mixin.py:154} INFO - [2025-12-08T14:47:04.267+0530] {dagbag.py:536} INFO - Filling up the DagBag from /Users/ramesharra/airflow310/lib/python3.10/site-packages/airflow/example_dags/example_complex.py
[2025-12-08T14:47:04.291+0530] {processor.py:839} INFO - DAG(s) dict_keys(['example_complex']) retrieved from /Users/ramesharra/airflow310/lib/python3.10/site-packages/airflow/example_dags/example_complex.py
[2025-12-08T14:47:04.426+0530] {logging_mixin.py:154} INFO - [2025-12-08T14:47:04.425+0530] {dag.py:2941} INFO - Sync 1 DAGs
[2025-12-08T14:47:04.433+0530] {logging_mixin.py:154} INFO - [2025-12-08T14:47:04.433+0530] {dag.py:3722} INFO - Setting next_dagrun for example_complex to None, run_after=None
[2025-12-08T14:47:04.449+0530] {processor.py:179} INFO - Processing /Users/ramesharra/airflow310/lib/python3.10/site-packages/airflow/example_dags/example_complex.py took 0.185 seconds
[2025-12-08T14:49:18.105+0530] {processor.py:157} INFO - Started process (PID=13991) to work on /Users/ramesharra/airflow310/lib/python3.10/site-packages/airflow/example_dags/example_complex.py
[2025-12-08T14:49:18.106+0530] {processor.py:829} INFO - Processing file /Users/ramesharra/airflow310/lib/python3.10/site-packages/airflow/example_dags/example_complex.py for tasks to queue
[2025-12-08T14:49:18.107+0530] {logging_mixin.py:154} INFO - [2025-12-08T14:49:18.107+0530] {dagbag.py:536} INFO - Filling up the DagBag from /Users/ramesharra/airflow310/lib/python3.10/site-packages/airflow/example_dags/example_complex.py
[2025-12-08T14:49:18.126+0530] {processor.py:839} INFO - DAG(s) dict_keys(['example_complex']) retrieved from /Users/ramesharra/airflow310/lib/python3.10/site-packages/airflow/example_dags/example_complex.py
[2025-12-08T14:49:18.235+0530] {logging_mixin.py:154} INFO - [2025-12-08T14:49:18.235+0530] {dag.py:2941} INFO - Sync 1 DAGs
[2025-12-08T14:49:18.241+0530] {logging_mixin.py:154} INFO - [2025-12-08T14:49:18.241+0530] {dag.py:3722} INFO - Setting next_dagrun for example_complex to None, run_after=None
[2025-12-08T14:49:18.253+0530] {processor.py:179} INFO - Processing /Users/ramesharra/airflow310/lib/python3.10/site-packages/airflow/example_dags/example_complex.py took 0.149 seconds
