[2025-12-08T14:15:52.579+0530] {processor.py:157} INFO - Started process (PID=11587) to work on /Users/ramesharra/airflow310/lib/python3.10/site-packages/airflow/example_dags/example_params_ui_tutorial.py
[2025-12-08T14:15:52.580+0530] {processor.py:829} INFO - Processing file /Users/ramesharra/airflow310/lib/python3.10/site-packages/airflow/example_dags/example_params_ui_tutorial.py for tasks to queue
[2025-12-08T14:15:52.581+0530] {logging_mixin.py:154} INFO - [2025-12-08T14:15:52.581+0530] {dagbag.py:536} INFO - Filling up the DagBag from /Users/ramesharra/airflow310/lib/python3.10/site-packages/airflow/example_dags/example_params_ui_tutorial.py
[2025-12-08T14:15:52.636+0530] {processor.py:839} INFO - DAG(s) dict_keys(['example_params_ui_tutorial']) retrieved from /Users/ramesharra/airflow310/lib/python3.10/site-packages/airflow/example_dags/example_params_ui_tutorial.py
[2025-12-08T14:15:52.915+0530] {logging_mixin.py:154} INFO - [2025-12-08T14:15:52.915+0530] {manager.py:499} INFO - Created Permission View: %s
[2025-12-08T14:15:52.919+0530] {logging_mixin.py:154} INFO - [2025-12-08T14:15:52.919+0530] {manager.py:499} INFO - Created Permission View: %s
[2025-12-08T14:15:52.923+0530] {logging_mixin.py:154} INFO - [2025-12-08T14:15:52.922+0530] {manager.py:499} INFO - Created Permission View: %s
[2025-12-08T14:15:52.923+0530] {logging_mixin.py:154} INFO - [2025-12-08T14:15:52.923+0530] {dag.py:2941} INFO - Sync 1 DAGs
[2025-12-08T14:15:52.928+0530] {logging_mixin.py:154} INFO - [2025-12-08T14:15:52.928+0530] {dag.py:2963} INFO - Creating ORM DAG for example_params_ui_tutorial
[2025-12-08T14:15:52.928+0530] {logging_mixin.py:154} INFO - [2025-12-08T14:15:52.928+0530] {dag.py:3722} INFO - Setting next_dagrun for example_params_ui_tutorial to None, run_after=None
[2025-12-08T14:15:52.937+0530] {processor.py:179} INFO - Processing /Users/ramesharra/airflow310/lib/python3.10/site-packages/airflow/example_dags/example_params_ui_tutorial.py took 0.358 seconds
[2025-12-08T14:17:31.246+0530] {processor.py:157} INFO - Started process (PID=11708) to work on /Users/ramesharra/airflow310/lib/python3.10/site-packages/airflow/example_dags/example_params_ui_tutorial.py
[2025-12-08T14:17:31.248+0530] {processor.py:829} INFO - Processing file /Users/ramesharra/airflow310/lib/python3.10/site-packages/airflow/example_dags/example_params_ui_tutorial.py for tasks to queue
[2025-12-08T14:17:31.249+0530] {logging_mixin.py:154} INFO - [2025-12-08T14:17:31.249+0530] {dagbag.py:536} INFO - Filling up the DagBag from /Users/ramesharra/airflow310/lib/python3.10/site-packages/airflow/example_dags/example_params_ui_tutorial.py
[2025-12-08T14:17:31.310+0530] {processor.py:839} INFO - DAG(s) dict_keys(['example_params_ui_tutorial']) retrieved from /Users/ramesharra/airflow310/lib/python3.10/site-packages/airflow/example_dags/example_params_ui_tutorial.py
[2025-12-08T14:17:31.392+0530] {logging_mixin.py:154} INFO - [2025-12-08T14:17:31.392+0530] {dag.py:2941} INFO - Sync 1 DAGs
[2025-12-08T14:17:31.398+0530] {logging_mixin.py:154} INFO - [2025-12-08T14:17:31.397+0530] {dag.py:3722} INFO - Setting next_dagrun for example_params_ui_tutorial to None, run_after=None
[2025-12-08T14:17:31.409+0530] {processor.py:179} INFO - Processing /Users/ramesharra/airflow310/lib/python3.10/site-packages/airflow/example_dags/example_params_ui_tutorial.py took 0.163 seconds
[2025-12-08T14:20:43.464+0530] {processor.py:157} INFO - Started process (PID=11881) to work on /Users/ramesharra/airflow310/lib/python3.10/site-packages/airflow/example_dags/example_params_ui_tutorial.py
[2025-12-08T14:20:43.464+0530] {processor.py:829} INFO - Processing file /Users/ramesharra/airflow310/lib/python3.10/site-packages/airflow/example_dags/example_params_ui_tutorial.py for tasks to queue
[2025-12-08T14:20:43.466+0530] {logging_mixin.py:154} INFO - [2025-12-08T14:20:43.465+0530] {dagbag.py:536} INFO - Filling up the DagBag from /Users/ramesharra/airflow310/lib/python3.10/site-packages/airflow/example_dags/example_params_ui_tutorial.py
[2025-12-08T14:20:43.517+0530] {processor.py:839} INFO - DAG(s) dict_keys(['example_params_ui_tutorial']) retrieved from /Users/ramesharra/airflow310/lib/python3.10/site-packages/airflow/example_dags/example_params_ui_tutorial.py
[2025-12-08T14:20:43.584+0530] {logging_mixin.py:154} INFO - [2025-12-08T14:20:43.584+0530] {dag.py:2941} INFO - Sync 1 DAGs
[2025-12-08T14:20:43.588+0530] {logging_mixin.py:154} INFO - [2025-12-08T14:20:43.588+0530] {dag.py:3722} INFO - Setting next_dagrun for example_params_ui_tutorial to None, run_after=None
[2025-12-08T14:20:43.596+0530] {processor.py:179} INFO - Processing /Users/ramesharra/airflow310/lib/python3.10/site-packages/airflow/example_dags/example_params_ui_tutorial.py took 0.132 seconds
[2025-12-08T14:22:14.585+0530] {processor.py:157} INFO - Started process (PID=11979) to work on /Users/ramesharra/airflow310/lib/python3.10/site-packages/airflow/example_dags/example_params_ui_tutorial.py
[2025-12-08T14:22:14.586+0530] {processor.py:829} INFO - Processing file /Users/ramesharra/airflow310/lib/python3.10/site-packages/airflow/example_dags/example_params_ui_tutorial.py for tasks to queue
[2025-12-08T14:22:14.588+0530] {logging_mixin.py:154} INFO - [2025-12-08T14:22:14.587+0530] {dagbag.py:536} INFO - Filling up the DagBag from /Users/ramesharra/airflow310/lib/python3.10/site-packages/airflow/example_dags/example_params_ui_tutorial.py
[2025-12-08T14:22:14.657+0530] {processor.py:839} INFO - DAG(s) dict_keys(['example_params_ui_tutorial']) retrieved from /Users/ramesharra/airflow310/lib/python3.10/site-packages/airflow/example_dags/example_params_ui_tutorial.py
[2025-12-08T14:22:14.748+0530] {logging_mixin.py:154} INFO - [2025-12-08T14:22:14.748+0530] {dag.py:2941} INFO - Sync 1 DAGs
[2025-12-08T14:22:14.753+0530] {logging_mixin.py:154} INFO - [2025-12-08T14:22:14.753+0530] {dag.py:3722} INFO - Setting next_dagrun for example_params_ui_tutorial to None, run_after=None
[2025-12-08T14:22:14.765+0530] {processor.py:179} INFO - Processing /Users/ramesharra/airflow310/lib/python3.10/site-packages/airflow/example_dags/example_params_ui_tutorial.py took 0.180 seconds
[2025-12-08T14:24:19.513+0530] {processor.py:157} INFO - Started process (PID=12270) to work on /Users/ramesharra/airflow310/lib/python3.10/site-packages/airflow/example_dags/example_params_ui_tutorial.py
[2025-12-08T14:24:19.514+0530] {processor.py:829} INFO - Processing file /Users/ramesharra/airflow310/lib/python3.10/site-packages/airflow/example_dags/example_params_ui_tutorial.py for tasks to queue
[2025-12-08T14:24:19.516+0530] {logging_mixin.py:154} INFO - [2025-12-08T14:24:19.516+0530] {dagbag.py:536} INFO - Filling up the DagBag from /Users/ramesharra/airflow310/lib/python3.10/site-packages/airflow/example_dags/example_params_ui_tutorial.py
[2025-12-08T14:24:19.581+0530] {processor.py:839} INFO - DAG(s) dict_keys(['example_params_ui_tutorial']) retrieved from /Users/ramesharra/airflow310/lib/python3.10/site-packages/airflow/example_dags/example_params_ui_tutorial.py
[2025-12-08T14:24:19.673+0530] {logging_mixin.py:154} INFO - [2025-12-08T14:24:19.673+0530] {dag.py:2941} INFO - Sync 1 DAGs
[2025-12-08T14:24:19.678+0530] {logging_mixin.py:154} INFO - [2025-12-08T14:24:19.678+0530] {dag.py:3722} INFO - Setting next_dagrun for example_params_ui_tutorial to None, run_after=None
[2025-12-08T14:24:19.689+0530] {processor.py:179} INFO - Processing /Users/ramesharra/airflow310/lib/python3.10/site-packages/airflow/example_dags/example_params_ui_tutorial.py took 0.176 seconds
[2025-12-08T14:26:37.689+0530] {processor.py:157} INFO - Started process (PID=12453) to work on /Users/ramesharra/airflow310/lib/python3.10/site-packages/airflow/example_dags/example_params_ui_tutorial.py
[2025-12-08T14:26:37.689+0530] {processor.py:829} INFO - Processing file /Users/ramesharra/airflow310/lib/python3.10/site-packages/airflow/example_dags/example_params_ui_tutorial.py for tasks to queue
[2025-12-08T14:26:37.691+0530] {logging_mixin.py:154} INFO - [2025-12-08T14:26:37.691+0530] {dagbag.py:536} INFO - Filling up the DagBag from /Users/ramesharra/airflow310/lib/python3.10/site-packages/airflow/example_dags/example_params_ui_tutorial.py
[2025-12-08T14:26:37.760+0530] {processor.py:839} INFO - DAG(s) dict_keys(['example_params_ui_tutorial']) retrieved from /Users/ramesharra/airflow310/lib/python3.10/site-packages/airflow/example_dags/example_params_ui_tutorial.py
[2025-12-08T14:26:37.850+0530] {logging_mixin.py:154} INFO - [2025-12-08T14:26:37.850+0530] {dag.py:2941} INFO - Sync 1 DAGs
[2025-12-08T14:26:37.856+0530] {logging_mixin.py:154} INFO - [2025-12-08T14:26:37.855+0530] {dag.py:3722} INFO - Setting next_dagrun for example_params_ui_tutorial to None, run_after=None
[2025-12-08T14:26:37.866+0530] {processor.py:179} INFO - Processing /Users/ramesharra/airflow310/lib/python3.10/site-packages/airflow/example_dags/example_params_ui_tutorial.py took 0.178 seconds
[2025-12-08T14:28:11.894+0530] {processor.py:157} INFO - Started process (PID=12553) to work on /Users/ramesharra/airflow310/lib/python3.10/site-packages/airflow/example_dags/example_params_ui_tutorial.py
[2025-12-08T14:28:11.895+0530] {processor.py:829} INFO - Processing file /Users/ramesharra/airflow310/lib/python3.10/site-packages/airflow/example_dags/example_params_ui_tutorial.py for tasks to queue
[2025-12-08T14:28:11.897+0530] {logging_mixin.py:154} INFO - [2025-12-08T14:28:11.897+0530] {dagbag.py:536} INFO - Filling up the DagBag from /Users/ramesharra/airflow310/lib/python3.10/site-packages/airflow/example_dags/example_params_ui_tutorial.py
[2025-12-08T14:28:11.964+0530] {processor.py:839} INFO - DAG(s) dict_keys(['example_params_ui_tutorial']) retrieved from /Users/ramesharra/airflow310/lib/python3.10/site-packages/airflow/example_dags/example_params_ui_tutorial.py
[2025-12-08T14:28:12.059+0530] {logging_mixin.py:154} INFO - [2025-12-08T14:28:12.059+0530] {dag.py:2941} INFO - Sync 1 DAGs
[2025-12-08T14:28:12.065+0530] {logging_mixin.py:154} INFO - [2025-12-08T14:28:12.065+0530] {dag.py:3722} INFO - Setting next_dagrun for example_params_ui_tutorial to None, run_after=None
[2025-12-08T14:28:12.077+0530] {processor.py:179} INFO - Processing /Users/ramesharra/airflow310/lib/python3.10/site-packages/airflow/example_dags/example_params_ui_tutorial.py took 0.183 seconds
[2025-12-08T14:29:30.436+0530] {processor.py:157} INFO - Started process (PID=12639) to work on /Users/ramesharra/airflow310/lib/python3.10/site-packages/airflow/example_dags/example_params_ui_tutorial.py
[2025-12-08T14:29:30.437+0530] {processor.py:829} INFO - Processing file /Users/ramesharra/airflow310/lib/python3.10/site-packages/airflow/example_dags/example_params_ui_tutorial.py for tasks to queue
[2025-12-08T14:29:30.439+0530] {logging_mixin.py:154} INFO - [2025-12-08T14:29:30.439+0530] {dagbag.py:536} INFO - Filling up the DagBag from /Users/ramesharra/airflow310/lib/python3.10/site-packages/airflow/example_dags/example_params_ui_tutorial.py
[2025-12-08T14:29:30.503+0530] {processor.py:839} INFO - DAG(s) dict_keys(['example_params_ui_tutorial']) retrieved from /Users/ramesharra/airflow310/lib/python3.10/site-packages/airflow/example_dags/example_params_ui_tutorial.py
[2025-12-08T14:29:30.590+0530] {logging_mixin.py:154} INFO - [2025-12-08T14:29:30.590+0530] {dag.py:2941} INFO - Sync 1 DAGs
[2025-12-08T14:29:30.595+0530] {logging_mixin.py:154} INFO - [2025-12-08T14:29:30.595+0530] {dag.py:3722} INFO - Setting next_dagrun for example_params_ui_tutorial to None, run_after=None
[2025-12-08T14:29:30.605+0530] {processor.py:179} INFO - Processing /Users/ramesharra/airflow310/lib/python3.10/site-packages/airflow/example_dags/example_params_ui_tutorial.py took 0.169 seconds
[2025-12-08T14:31:01.488+0530] {processor.py:157} INFO - Started process (PID=12741) to work on /Users/ramesharra/airflow310/lib/python3.10/site-packages/airflow/example_dags/example_params_ui_tutorial.py
[2025-12-08T14:31:01.489+0530] {processor.py:829} INFO - Processing file /Users/ramesharra/airflow310/lib/python3.10/site-packages/airflow/example_dags/example_params_ui_tutorial.py for tasks to queue
[2025-12-08T14:31:01.491+0530] {logging_mixin.py:154} INFO - [2025-12-08T14:31:01.491+0530] {dagbag.py:536} INFO - Filling up the DagBag from /Users/ramesharra/airflow310/lib/python3.10/site-packages/airflow/example_dags/example_params_ui_tutorial.py
[2025-12-08T14:31:01.564+0530] {processor.py:839} INFO - DAG(s) dict_keys(['example_params_ui_tutorial']) retrieved from /Users/ramesharra/airflow310/lib/python3.10/site-packages/airflow/example_dags/example_params_ui_tutorial.py
[2025-12-08T14:31:01.664+0530] {logging_mixin.py:154} INFO - [2025-12-08T14:31:01.664+0530] {dag.py:2941} INFO - Sync 1 DAGs
[2025-12-08T14:31:01.670+0530] {logging_mixin.py:154} INFO - [2025-12-08T14:31:01.670+0530] {dag.py:3722} INFO - Setting next_dagrun for example_params_ui_tutorial to None, run_after=None
[2025-12-08T14:31:01.680+0530] {processor.py:179} INFO - Processing /Users/ramesharra/airflow310/lib/python3.10/site-packages/airflow/example_dags/example_params_ui_tutorial.py took 0.193 seconds
[2025-12-08T14:33:06.045+0530] {processor.py:157} INFO - Started process (PID=12883) to work on /Users/ramesharra/airflow310/lib/python3.10/site-packages/airflow/example_dags/example_params_ui_tutorial.py
[2025-12-08T14:33:06.047+0530] {processor.py:829} INFO - Processing file /Users/ramesharra/airflow310/lib/python3.10/site-packages/airflow/example_dags/example_params_ui_tutorial.py for tasks to queue
[2025-12-08T14:33:06.049+0530] {logging_mixin.py:154} INFO - [2025-12-08T14:33:06.049+0530] {dagbag.py:536} INFO - Filling up the DagBag from /Users/ramesharra/airflow310/lib/python3.10/site-packages/airflow/example_dags/example_params_ui_tutorial.py
[2025-12-08T14:33:06.115+0530] {processor.py:839} INFO - DAG(s) dict_keys(['example_params_ui_tutorial']) retrieved from /Users/ramesharra/airflow310/lib/python3.10/site-packages/airflow/example_dags/example_params_ui_tutorial.py
[2025-12-08T14:33:06.209+0530] {logging_mixin.py:154} INFO - [2025-12-08T14:33:06.209+0530] {dag.py:2941} INFO - Sync 1 DAGs
[2025-12-08T14:33:06.214+0530] {logging_mixin.py:154} INFO - [2025-12-08T14:33:06.214+0530] {dag.py:3722} INFO - Setting next_dagrun for example_params_ui_tutorial to None, run_after=None
[2025-12-08T14:33:06.225+0530] {processor.py:179} INFO - Processing /Users/ramesharra/airflow310/lib/python3.10/site-packages/airflow/example_dags/example_params_ui_tutorial.py took 0.181 seconds
[2025-12-08T14:35:09.592+0530] {processor.py:157} INFO - Started process (PID=13030) to work on /Users/ramesharra/airflow310/lib/python3.10/site-packages/airflow/example_dags/example_params_ui_tutorial.py
[2025-12-08T14:35:09.593+0530] {processor.py:829} INFO - Processing file /Users/ramesharra/airflow310/lib/python3.10/site-packages/airflow/example_dags/example_params_ui_tutorial.py for tasks to queue
[2025-12-08T14:35:09.594+0530] {logging_mixin.py:154} INFO - [2025-12-08T14:35:09.594+0530] {dagbag.py:536} INFO - Filling up the DagBag from /Users/ramesharra/airflow310/lib/python3.10/site-packages/airflow/example_dags/example_params_ui_tutorial.py
[2025-12-08T14:35:09.663+0530] {processor.py:839} INFO - DAG(s) dict_keys(['example_params_ui_tutorial']) retrieved from /Users/ramesharra/airflow310/lib/python3.10/site-packages/airflow/example_dags/example_params_ui_tutorial.py
[2025-12-08T14:35:09.763+0530] {logging_mixin.py:154} INFO - [2025-12-08T14:35:09.763+0530] {dag.py:2941} INFO - Sync 1 DAGs
[2025-12-08T14:35:09.770+0530] {logging_mixin.py:154} INFO - [2025-12-08T14:35:09.770+0530] {dag.py:3722} INFO - Setting next_dagrun for example_params_ui_tutorial to None, run_after=None
[2025-12-08T14:35:09.783+0530] {processor.py:179} INFO - Processing /Users/ramesharra/airflow310/lib/python3.10/site-packages/airflow/example_dags/example_params_ui_tutorial.py took 0.192 seconds
[2025-12-08T14:37:20.659+0530] {processor.py:157} INFO - Started process (PID=13164) to work on /Users/ramesharra/airflow310/lib/python3.10/site-packages/airflow/example_dags/example_params_ui_tutorial.py
[2025-12-08T14:37:20.660+0530] {processor.py:829} INFO - Processing file /Users/ramesharra/airflow310/lib/python3.10/site-packages/airflow/example_dags/example_params_ui_tutorial.py for tasks to queue
[2025-12-08T14:37:20.662+0530] {logging_mixin.py:154} INFO - [2025-12-08T14:37:20.662+0530] {dagbag.py:536} INFO - Filling up the DagBag from /Users/ramesharra/airflow310/lib/python3.10/site-packages/airflow/example_dags/example_params_ui_tutorial.py
[2025-12-08T14:37:20.732+0530] {processor.py:839} INFO - DAG(s) dict_keys(['example_params_ui_tutorial']) retrieved from /Users/ramesharra/airflow310/lib/python3.10/site-packages/airflow/example_dags/example_params_ui_tutorial.py
[2025-12-08T14:37:20.826+0530] {logging_mixin.py:154} INFO - [2025-12-08T14:37:20.826+0530] {dag.py:2941} INFO - Sync 1 DAGs
[2025-12-08T14:37:20.832+0530] {logging_mixin.py:154} INFO - [2025-12-08T14:37:20.832+0530] {dag.py:3722} INFO - Setting next_dagrun for example_params_ui_tutorial to None, run_after=None
[2025-12-08T14:37:20.844+0530] {processor.py:179} INFO - Processing /Users/ramesharra/airflow310/lib/python3.10/site-packages/airflow/example_dags/example_params_ui_tutorial.py took 0.185 seconds
[2025-12-08T14:39:33.864+0530] {processor.py:157} INFO - Started process (PID=13324) to work on /Users/ramesharra/airflow310/lib/python3.10/site-packages/airflow/example_dags/example_params_ui_tutorial.py
[2025-12-08T14:39:33.865+0530] {processor.py:829} INFO - Processing file /Users/ramesharra/airflow310/lib/python3.10/site-packages/airflow/example_dags/example_params_ui_tutorial.py for tasks to queue
[2025-12-08T14:39:33.867+0530] {logging_mixin.py:154} INFO - [2025-12-08T14:39:33.867+0530] {dagbag.py:536} INFO - Filling up the DagBag from /Users/ramesharra/airflow310/lib/python3.10/site-packages/airflow/example_dags/example_params_ui_tutorial.py
[2025-12-08T14:39:33.935+0530] {processor.py:839} INFO - DAG(s) dict_keys(['example_params_ui_tutorial']) retrieved from /Users/ramesharra/airflow310/lib/python3.10/site-packages/airflow/example_dags/example_params_ui_tutorial.py
[2025-12-08T14:39:34.026+0530] {logging_mixin.py:154} INFO - [2025-12-08T14:39:34.026+0530] {dag.py:2941} INFO - Sync 1 DAGs
[2025-12-08T14:39:34.031+0530] {logging_mixin.py:154} INFO - [2025-12-08T14:39:34.031+0530] {dag.py:3722} INFO - Setting next_dagrun for example_params_ui_tutorial to None, run_after=None
[2025-12-08T14:39:34.043+0530] {processor.py:179} INFO - Processing /Users/ramesharra/airflow310/lib/python3.10/site-packages/airflow/example_dags/example_params_ui_tutorial.py took 0.180 seconds
[2025-12-08T14:41:46.368+0530] {processor.py:157} INFO - Started process (PID=13487) to work on /Users/ramesharra/airflow310/lib/python3.10/site-packages/airflow/example_dags/example_params_ui_tutorial.py
[2025-12-08T14:41:46.369+0530] {processor.py:829} INFO - Processing file /Users/ramesharra/airflow310/lib/python3.10/site-packages/airflow/example_dags/example_params_ui_tutorial.py for tasks to queue
[2025-12-08T14:41:46.371+0530] {logging_mixin.py:154} INFO - [2025-12-08T14:41:46.371+0530] {dagbag.py:536} INFO - Filling up the DagBag from /Users/ramesharra/airflow310/lib/python3.10/site-packages/airflow/example_dags/example_params_ui_tutorial.py
[2025-12-08T14:41:46.452+0530] {processor.py:839} INFO - DAG(s) dict_keys(['example_params_ui_tutorial']) retrieved from /Users/ramesharra/airflow310/lib/python3.10/site-packages/airflow/example_dags/example_params_ui_tutorial.py
[2025-12-08T14:41:46.569+0530] {logging_mixin.py:154} INFO - [2025-12-08T14:41:46.569+0530] {dag.py:2941} INFO - Sync 1 DAGs
[2025-12-08T14:41:46.575+0530] {logging_mixin.py:154} INFO - [2025-12-08T14:41:46.575+0530] {dag.py:3722} INFO - Setting next_dagrun for example_params_ui_tutorial to None, run_after=None
[2025-12-08T14:41:46.587+0530] {processor.py:179} INFO - Processing /Users/ramesharra/airflow310/lib/python3.10/site-packages/airflow/example_dags/example_params_ui_tutorial.py took 0.220 seconds
[2025-12-08T14:43:53.939+0530] {processor.py:157} INFO - Started process (PID=13619) to work on /Users/ramesharra/airflow310/lib/python3.10/site-packages/airflow/example_dags/example_params_ui_tutorial.py
[2025-12-08T14:43:53.940+0530] {processor.py:829} INFO - Processing file /Users/ramesharra/airflow310/lib/python3.10/site-packages/airflow/example_dags/example_params_ui_tutorial.py for tasks to queue
[2025-12-08T14:43:53.941+0530] {logging_mixin.py:154} INFO - [2025-12-08T14:43:53.941+0530] {dagbag.py:536} INFO - Filling up the DagBag from /Users/ramesharra/airflow310/lib/python3.10/site-packages/airflow/example_dags/example_params_ui_tutorial.py
[2025-12-08T14:43:54.007+0530] {processor.py:839} INFO - DAG(s) dict_keys(['example_params_ui_tutorial']) retrieved from /Users/ramesharra/airflow310/lib/python3.10/site-packages/airflow/example_dags/example_params_ui_tutorial.py
[2025-12-08T14:43:54.095+0530] {logging_mixin.py:154} INFO - [2025-12-08T14:43:54.095+0530] {dag.py:2941} INFO - Sync 1 DAGs
[2025-12-08T14:43:54.100+0530] {logging_mixin.py:154} INFO - [2025-12-08T14:43:54.100+0530] {dag.py:3722} INFO - Setting next_dagrun for example_params_ui_tutorial to None, run_after=None
[2025-12-08T14:43:54.111+0530] {processor.py:179} INFO - Processing /Users/ramesharra/airflow310/lib/python3.10/site-packages/airflow/example_dags/example_params_ui_tutorial.py took 0.173 seconds
[2025-12-08T14:46:03.663+0530] {processor.py:157} INFO - Started process (PID=13762) to work on /Users/ramesharra/airflow310/lib/python3.10/site-packages/airflow/example_dags/example_params_ui_tutorial.py
[2025-12-08T14:46:03.664+0530] {processor.py:829} INFO - Processing file /Users/ramesharra/airflow310/lib/python3.10/site-packages/airflow/example_dags/example_params_ui_tutorial.py for tasks to queue
[2025-12-08T14:46:03.666+0530] {logging_mixin.py:154} INFO - [2025-12-08T14:46:03.665+0530] {dagbag.py:536} INFO - Filling up the DagBag from /Users/ramesharra/airflow310/lib/python3.10/site-packages/airflow/example_dags/example_params_ui_tutorial.py
[2025-12-08T14:46:03.731+0530] {processor.py:839} INFO - DAG(s) dict_keys(['example_params_ui_tutorial']) retrieved from /Users/ramesharra/airflow310/lib/python3.10/site-packages/airflow/example_dags/example_params_ui_tutorial.py
[2025-12-08T14:46:03.822+0530] {logging_mixin.py:154} INFO - [2025-12-08T14:46:03.822+0530] {dag.py:2941} INFO - Sync 1 DAGs
[2025-12-08T14:46:03.827+0530] {logging_mixin.py:154} INFO - [2025-12-08T14:46:03.827+0530] {dag.py:3722} INFO - Setting next_dagrun for example_params_ui_tutorial to None, run_after=None
[2025-12-08T14:46:03.839+0530] {processor.py:179} INFO - Processing /Users/ramesharra/airflow310/lib/python3.10/site-packages/airflow/example_dags/example_params_ui_tutorial.py took 0.176 seconds
[2025-12-08T14:48:16.976+0530] {processor.py:157} INFO - Started process (PID=13922) to work on /Users/ramesharra/airflow310/lib/python3.10/site-packages/airflow/example_dags/example_params_ui_tutorial.py
[2025-12-08T14:48:16.976+0530] {processor.py:829} INFO - Processing file /Users/ramesharra/airflow310/lib/python3.10/site-packages/airflow/example_dags/example_params_ui_tutorial.py for tasks to queue
[2025-12-08T14:48:16.978+0530] {logging_mixin.py:154} INFO - [2025-12-08T14:48:16.978+0530] {dagbag.py:536} INFO - Filling up the DagBag from /Users/ramesharra/airflow310/lib/python3.10/site-packages/airflow/example_dags/example_params_ui_tutorial.py
[2025-12-08T14:48:17.047+0530] {processor.py:839} INFO - DAG(s) dict_keys(['example_params_ui_tutorial']) retrieved from /Users/ramesharra/airflow310/lib/python3.10/site-packages/airflow/example_dags/example_params_ui_tutorial.py
[2025-12-08T14:48:17.142+0530] {logging_mixin.py:154} INFO - [2025-12-08T14:48:17.142+0530] {dag.py:2941} INFO - Sync 1 DAGs
[2025-12-08T14:48:17.148+0530] {logging_mixin.py:154} INFO - [2025-12-08T14:48:17.148+0530] {dag.py:3722} INFO - Setting next_dagrun for example_params_ui_tutorial to None, run_after=None
[2025-12-08T14:48:17.160+0530] {processor.py:179} INFO - Processing /Users/ramesharra/airflow310/lib/python3.10/site-packages/airflow/example_dags/example_params_ui_tutorial.py took 0.184 seconds
[2025-12-08T14:50:29.687+0530] {processor.py:157} INFO - Started process (PID=14076) to work on /Users/ramesharra/airflow310/lib/python3.10/site-packages/airflow/example_dags/example_params_ui_tutorial.py
[2025-12-08T14:50:29.688+0530] {processor.py:829} INFO - Processing file /Users/ramesharra/airflow310/lib/python3.10/site-packages/airflow/example_dags/example_params_ui_tutorial.py for tasks to queue
[2025-12-08T14:50:29.689+0530] {logging_mixin.py:154} INFO - [2025-12-08T14:50:29.689+0530] {dagbag.py:536} INFO - Filling up the DagBag from /Users/ramesharra/airflow310/lib/python3.10/site-packages/airflow/example_dags/example_params_ui_tutorial.py
[2025-12-08T14:50:29.768+0530] {processor.py:839} INFO - DAG(s) dict_keys(['example_params_ui_tutorial']) retrieved from /Users/ramesharra/airflow310/lib/python3.10/site-packages/airflow/example_dags/example_params_ui_tutorial.py
[2025-12-08T14:50:29.876+0530] {logging_mixin.py:154} INFO - [2025-12-08T14:50:29.876+0530] {dag.py:2941} INFO - Sync 1 DAGs
[2025-12-08T14:50:29.882+0530] {logging_mixin.py:154} INFO - [2025-12-08T14:50:29.882+0530] {dag.py:3722} INFO - Setting next_dagrun for example_params_ui_tutorial to None, run_after=None
[2025-12-08T14:50:29.894+0530] {processor.py:179} INFO - Processing /Users/ramesharra/airflow310/lib/python3.10/site-packages/airflow/example_dags/example_params_ui_tutorial.py took 0.208 seconds
