[2025-12-08T14:15:42.903+0530] {processor.py:157} INFO - Started process (PID=11570) to work on /Users/ramesharra/airflow310/lib/python3.10/site-packages/airflow/example_dags/example_setup_teardown.py
[2025-12-08T14:15:42.904+0530] {processor.py:829} INFO - Processing file /Users/ramesharra/airflow310/lib/python3.10/site-packages/airflow/example_dags/example_setup_teardown.py for tasks to queue
[2025-12-08T14:15:42.905+0530] {logging_mixin.py:154} INFO - [2025-12-08T14:15:42.905+0530] {dagbag.py:536} INFO - Filling up the DagBag from /Users/ramesharra/airflow310/lib/python3.10/site-packages/airflow/example_dags/example_setup_teardown.py
[2025-12-08T14:15:42.919+0530] {processor.py:839} INFO - DAG(s) dict_keys(['example_setup_teardown']) retrieved from /Users/ramesharra/airflow310/lib/python3.10/site-packages/airflow/example_dags/example_setup_teardown.py
[2025-12-08T14:15:43.210+0530] {logging_mixin.py:154} INFO - [2025-12-08T14:15:43.210+0530] {manager.py:499} INFO - Created Permission View: %s
[2025-12-08T14:15:43.214+0530] {logging_mixin.py:154} INFO - [2025-12-08T14:15:43.214+0530] {manager.py:499} INFO - Created Permission View: %s
[2025-12-08T14:15:43.217+0530] {logging_mixin.py:154} INFO - [2025-12-08T14:15:43.216+0530] {manager.py:499} INFO - Created Permission View: %s
[2025-12-08T14:15:43.217+0530] {logging_mixin.py:154} INFO - [2025-12-08T14:15:43.217+0530] {dag.py:2941} INFO - Sync 1 DAGs
[2025-12-08T14:15:43.222+0530] {logging_mixin.py:154} INFO - [2025-12-08T14:15:43.222+0530] {dag.py:2963} INFO - Creating ORM DAG for example_setup_teardown
[2025-12-08T14:15:43.226+0530] {logging_mixin.py:154} INFO - [2025-12-08T14:15:43.226+0530] {dag.py:3722} INFO - Setting next_dagrun for example_setup_teardown to 2025-12-07T08:45:43.226186+00:00, run_after=2025-12-08T08:45:43.226186+00:00
[2025-12-08T14:15:43.233+0530] {processor.py:179} INFO - Processing /Users/ramesharra/airflow310/lib/python3.10/site-packages/airflow/example_dags/example_setup_teardown.py took 0.330 seconds
[2025-12-08T14:17:21.765+0530] {processor.py:157} INFO - Started process (PID=11700) to work on /Users/ramesharra/airflow310/lib/python3.10/site-packages/airflow/example_dags/example_setup_teardown.py
[2025-12-08T14:17:21.766+0530] {processor.py:829} INFO - Processing file /Users/ramesharra/airflow310/lib/python3.10/site-packages/airflow/example_dags/example_setup_teardown.py for tasks to queue
[2025-12-08T14:17:21.767+0530] {logging_mixin.py:154} INFO - [2025-12-08T14:17:21.767+0530] {dagbag.py:536} INFO - Filling up the DagBag from /Users/ramesharra/airflow310/lib/python3.10/site-packages/airflow/example_dags/example_setup_teardown.py
[2025-12-08T14:17:21.784+0530] {processor.py:839} INFO - DAG(s) dict_keys(['example_setup_teardown']) retrieved from /Users/ramesharra/airflow310/lib/python3.10/site-packages/airflow/example_dags/example_setup_teardown.py
[2025-12-08T14:17:21.881+0530] {logging_mixin.py:154} INFO - [2025-12-08T14:17:21.881+0530] {dag.py:2941} INFO - Sync 1 DAGs
[2025-12-08T14:17:21.891+0530] {logging_mixin.py:154} INFO - [2025-12-08T14:17:21.891+0530] {dag.py:3722} INFO - Setting next_dagrun for example_setup_teardown to 2025-12-07T08:47:21.891229+00:00, run_after=2025-12-08T08:47:21.891229+00:00
[2025-12-08T14:17:21.900+0530] {processor.py:179} INFO - Processing /Users/ramesharra/airflow310/lib/python3.10/site-packages/airflow/example_dags/example_setup_teardown.py took 0.136 seconds
[2025-12-08T14:20:34.784+0530] {processor.py:157} INFO - Started process (PID=11870) to work on /Users/ramesharra/airflow310/lib/python3.10/site-packages/airflow/example_dags/example_setup_teardown.py
[2025-12-08T14:20:34.784+0530] {processor.py:829} INFO - Processing file /Users/ramesharra/airflow310/lib/python3.10/site-packages/airflow/example_dags/example_setup_teardown.py for tasks to queue
[2025-12-08T14:20:34.785+0530] {logging_mixin.py:154} INFO - [2025-12-08T14:20:34.785+0530] {dagbag.py:536} INFO - Filling up the DagBag from /Users/ramesharra/airflow310/lib/python3.10/site-packages/airflow/example_dags/example_setup_teardown.py
[2025-12-08T14:20:34.800+0530] {processor.py:839} INFO - DAG(s) dict_keys(['example_setup_teardown']) retrieved from /Users/ramesharra/airflow310/lib/python3.10/site-packages/airflow/example_dags/example_setup_teardown.py
[2025-12-08T14:20:34.882+0530] {logging_mixin.py:154} INFO - [2025-12-08T14:20:34.882+0530] {dag.py:2941} INFO - Sync 1 DAGs
[2025-12-08T14:20:34.889+0530] {logging_mixin.py:154} INFO - [2025-12-08T14:20:34.889+0530] {dag.py:3722} INFO - Setting next_dagrun for example_setup_teardown to 2025-12-07T08:50:34.889408+00:00, run_after=2025-12-08T08:50:34.889408+00:00
[2025-12-08T14:20:34.896+0530] {processor.py:179} INFO - Processing /Users/ramesharra/airflow310/lib/python3.10/site-packages/airflow/example_dags/example_setup_teardown.py took 0.113 seconds
[2025-12-08T14:22:03.077+0530] {processor.py:157} INFO - Started process (PID=11968) to work on /Users/ramesharra/airflow310/lib/python3.10/site-packages/airflow/example_dags/example_setup_teardown.py
[2025-12-08T14:22:03.077+0530] {processor.py:829} INFO - Processing file /Users/ramesharra/airflow310/lib/python3.10/site-packages/airflow/example_dags/example_setup_teardown.py for tasks to queue
[2025-12-08T14:22:03.079+0530] {logging_mixin.py:154} INFO - [2025-12-08T14:22:03.079+0530] {dagbag.py:536} INFO - Filling up the DagBag from /Users/ramesharra/airflow310/lib/python3.10/site-packages/airflow/example_dags/example_setup_teardown.py
[2025-12-08T14:22:03.098+0530] {processor.py:839} INFO - DAG(s) dict_keys(['example_setup_teardown']) retrieved from /Users/ramesharra/airflow310/lib/python3.10/site-packages/airflow/example_dags/example_setup_teardown.py
[2025-12-08T14:22:03.203+0530] {logging_mixin.py:154} INFO - [2025-12-08T14:22:03.203+0530] {dag.py:2941} INFO - Sync 1 DAGs
[2025-12-08T14:22:03.214+0530] {logging_mixin.py:154} INFO - [2025-12-08T14:22:03.214+0530] {dag.py:3722} INFO - Setting next_dagrun for example_setup_teardown to 2025-12-07T08:52:03.214192+00:00, run_after=2025-12-08T08:52:03.214192+00:00
[2025-12-08T14:22:03.224+0530] {processor.py:179} INFO - Processing /Users/ramesharra/airflow310/lib/python3.10/site-packages/airflow/example_dags/example_setup_teardown.py took 0.147 seconds
[2025-12-08T14:24:09.000+0530] {processor.py:157} INFO - Started process (PID=12262) to work on /Users/ramesharra/airflow310/lib/python3.10/site-packages/airflow/example_dags/example_setup_teardown.py
[2025-12-08T14:24:09.001+0530] {processor.py:829} INFO - Processing file /Users/ramesharra/airflow310/lib/python3.10/site-packages/airflow/example_dags/example_setup_teardown.py for tasks to queue
[2025-12-08T14:24:09.002+0530] {logging_mixin.py:154} INFO - [2025-12-08T14:24:09.002+0530] {dagbag.py:536} INFO - Filling up the DagBag from /Users/ramesharra/airflow310/lib/python3.10/site-packages/airflow/example_dags/example_setup_teardown.py
[2025-12-08T14:24:09.019+0530] {processor.py:839} INFO - DAG(s) dict_keys(['example_setup_teardown']) retrieved from /Users/ramesharra/airflow310/lib/python3.10/site-packages/airflow/example_dags/example_setup_teardown.py
[2025-12-08T14:24:09.122+0530] {logging_mixin.py:154} INFO - [2025-12-08T14:24:09.122+0530] {dag.py:2941} INFO - Sync 1 DAGs
[2025-12-08T14:24:09.132+0530] {logging_mixin.py:154} INFO - [2025-12-08T14:24:09.132+0530] {dag.py:3722} INFO - Setting next_dagrun for example_setup_teardown to 2025-12-07T08:54:09.132165+00:00, run_after=2025-12-08T08:54:09.132165+00:00
[2025-12-08T14:24:09.143+0530] {processor.py:179} INFO - Processing /Users/ramesharra/airflow310/lib/python3.10/site-packages/airflow/example_dags/example_setup_teardown.py took 0.143 seconds
[2025-12-08T14:26:27.815+0530] {processor.py:157} INFO - Started process (PID=12444) to work on /Users/ramesharra/airflow310/lib/python3.10/site-packages/airflow/example_dags/example_setup_teardown.py
[2025-12-08T14:26:27.815+0530] {processor.py:829} INFO - Processing file /Users/ramesharra/airflow310/lib/python3.10/site-packages/airflow/example_dags/example_setup_teardown.py for tasks to queue
[2025-12-08T14:26:27.818+0530] {logging_mixin.py:154} INFO - [2025-12-08T14:26:27.818+0530] {dagbag.py:536} INFO - Filling up the DagBag from /Users/ramesharra/airflow310/lib/python3.10/site-packages/airflow/example_dags/example_setup_teardown.py
[2025-12-08T14:26:27.842+0530] {processor.py:839} INFO - DAG(s) dict_keys(['example_setup_teardown']) retrieved from /Users/ramesharra/airflow310/lib/python3.10/site-packages/airflow/example_dags/example_setup_teardown.py
[2025-12-08T14:26:27.987+0530] {logging_mixin.py:154} INFO - [2025-12-08T14:26:27.987+0530] {dag.py:2941} INFO - Sync 1 DAGs
[2025-12-08T14:26:27.999+0530] {logging_mixin.py:154} INFO - [2025-12-08T14:26:27.998+0530] {dag.py:3722} INFO - Setting next_dagrun for example_setup_teardown to 2025-12-07T08:56:27.998876+00:00, run_after=2025-12-08T08:56:27.998876+00:00
[2025-12-08T14:26:28.011+0530] {processor.py:179} INFO - Processing /Users/ramesharra/airflow310/lib/python3.10/site-packages/airflow/example_dags/example_setup_teardown.py took 0.197 seconds
[2025-12-08T14:28:01.131+0530] {processor.py:157} INFO - Started process (PID=12544) to work on /Users/ramesharra/airflow310/lib/python3.10/site-packages/airflow/example_dags/example_setup_teardown.py
[2025-12-08T14:28:01.132+0530] {processor.py:829} INFO - Processing file /Users/ramesharra/airflow310/lib/python3.10/site-packages/airflow/example_dags/example_setup_teardown.py for tasks to queue
[2025-12-08T14:28:01.134+0530] {logging_mixin.py:154} INFO - [2025-12-08T14:28:01.134+0530] {dagbag.py:536} INFO - Filling up the DagBag from /Users/ramesharra/airflow310/lib/python3.10/site-packages/airflow/example_dags/example_setup_teardown.py
[2025-12-08T14:28:01.151+0530] {processor.py:839} INFO - DAG(s) dict_keys(['example_setup_teardown']) retrieved from /Users/ramesharra/airflow310/lib/python3.10/site-packages/airflow/example_dags/example_setup_teardown.py
[2025-12-08T14:28:01.251+0530] {logging_mixin.py:154} INFO - [2025-12-08T14:28:01.250+0530] {dag.py:2941} INFO - Sync 1 DAGs
[2025-12-08T14:28:01.261+0530] {logging_mixin.py:154} INFO - [2025-12-08T14:28:01.261+0530] {dag.py:3722} INFO - Setting next_dagrun for example_setup_teardown to 2025-12-07T08:58:01.261299+00:00, run_after=2025-12-08T08:58:01.261299+00:00
[2025-12-08T14:28:01.271+0530] {processor.py:179} INFO - Processing /Users/ramesharra/airflow310/lib/python3.10/site-packages/airflow/example_dags/example_setup_teardown.py took 0.140 seconds
[2025-12-08T14:29:21.347+0530] {processor.py:157} INFO - Started process (PID=12631) to work on /Users/ramesharra/airflow310/lib/python3.10/site-packages/airflow/example_dags/example_setup_teardown.py
[2025-12-08T14:29:21.348+0530] {processor.py:829} INFO - Processing file /Users/ramesharra/airflow310/lib/python3.10/site-packages/airflow/example_dags/example_setup_teardown.py for tasks to queue
[2025-12-08T14:29:21.349+0530] {logging_mixin.py:154} INFO - [2025-12-08T14:29:21.349+0530] {dagbag.py:536} INFO - Filling up the DagBag from /Users/ramesharra/airflow310/lib/python3.10/site-packages/airflow/example_dags/example_setup_teardown.py
[2025-12-08T14:29:21.366+0530] {processor.py:839} INFO - DAG(s) dict_keys(['example_setup_teardown']) retrieved from /Users/ramesharra/airflow310/lib/python3.10/site-packages/airflow/example_dags/example_setup_teardown.py
[2025-12-08T14:29:21.462+0530] {logging_mixin.py:154} INFO - [2025-12-08T14:29:21.462+0530] {dag.py:2941} INFO - Sync 1 DAGs
[2025-12-08T14:29:21.472+0530] {logging_mixin.py:154} INFO - [2025-12-08T14:29:21.472+0530] {dag.py:3722} INFO - Setting next_dagrun for example_setup_teardown to 2025-12-07T08:59:21.472071+00:00, run_after=2025-12-08T08:59:21.472071+00:00
[2025-12-08T14:29:21.482+0530] {processor.py:179} INFO - Processing /Users/ramesharra/airflow310/lib/python3.10/site-packages/airflow/example_dags/example_setup_teardown.py took 0.136 seconds
[2025-12-08T14:30:51.394+0530] {processor.py:157} INFO - Started process (PID=12731) to work on /Users/ramesharra/airflow310/lib/python3.10/site-packages/airflow/example_dags/example_setup_teardown.py
[2025-12-08T14:30:51.395+0530] {processor.py:829} INFO - Processing file /Users/ramesharra/airflow310/lib/python3.10/site-packages/airflow/example_dags/example_setup_teardown.py for tasks to queue
[2025-12-08T14:30:51.397+0530] {logging_mixin.py:154} INFO - [2025-12-08T14:30:51.396+0530] {dagbag.py:536} INFO - Filling up the DagBag from /Users/ramesharra/airflow310/lib/python3.10/site-packages/airflow/example_dags/example_setup_teardown.py
[2025-12-08T14:30:51.413+0530] {processor.py:839} INFO - DAG(s) dict_keys(['example_setup_teardown']) retrieved from /Users/ramesharra/airflow310/lib/python3.10/site-packages/airflow/example_dags/example_setup_teardown.py
[2025-12-08T14:30:51.510+0530] {logging_mixin.py:154} INFO - [2025-12-08T14:30:51.509+0530] {dag.py:2941} INFO - Sync 1 DAGs
[2025-12-08T14:30:51.520+0530] {logging_mixin.py:154} INFO - [2025-12-08T14:30:51.520+0530] {dag.py:3722} INFO - Setting next_dagrun for example_setup_teardown to 2025-12-07T09:00:51.520048+00:00, run_after=2025-12-08T09:00:51.520048+00:00
[2025-12-08T14:30:51.531+0530] {processor.py:179} INFO - Processing /Users/ramesharra/airflow310/lib/python3.10/site-packages/airflow/example_dags/example_setup_teardown.py took 0.138 seconds
[2025-12-08T14:32:56.997+0530] {processor.py:157} INFO - Started process (PID=12870) to work on /Users/ramesharra/airflow310/lib/python3.10/site-packages/airflow/example_dags/example_setup_teardown.py
[2025-12-08T14:32:56.998+0530] {processor.py:829} INFO - Processing file /Users/ramesharra/airflow310/lib/python3.10/site-packages/airflow/example_dags/example_setup_teardown.py for tasks to queue
[2025-12-08T14:32:57.000+0530] {logging_mixin.py:154} INFO - [2025-12-08T14:32:57.000+0530] {dagbag.py:536} INFO - Filling up the DagBag from /Users/ramesharra/airflow310/lib/python3.10/site-packages/airflow/example_dags/example_setup_teardown.py
[2025-12-08T14:32:57.020+0530] {processor.py:839} INFO - DAG(s) dict_keys(['example_setup_teardown']) retrieved from /Users/ramesharra/airflow310/lib/python3.10/site-packages/airflow/example_dags/example_setup_teardown.py
[2025-12-08T14:32:57.130+0530] {logging_mixin.py:154} INFO - [2025-12-08T14:32:57.130+0530] {dag.py:2941} INFO - Sync 1 DAGs
[2025-12-08T14:32:57.141+0530] {logging_mixin.py:154} INFO - [2025-12-08T14:32:57.140+0530] {dag.py:3722} INFO - Setting next_dagrun for example_setup_teardown to 2025-12-07T09:02:57.140753+00:00, run_after=2025-12-08T09:02:57.140753+00:00
[2025-12-08T14:32:57.152+0530] {processor.py:179} INFO - Processing /Users/ramesharra/airflow310/lib/python3.10/site-packages/airflow/example_dags/example_setup_teardown.py took 0.156 seconds
[2025-12-08T14:34:58.696+0530] {processor.py:157} INFO - Started process (PID=13010) to work on /Users/ramesharra/airflow310/lib/python3.10/site-packages/airflow/example_dags/example_setup_teardown.py
[2025-12-08T14:34:58.697+0530] {processor.py:829} INFO - Processing file /Users/ramesharra/airflow310/lib/python3.10/site-packages/airflow/example_dags/example_setup_teardown.py for tasks to queue
[2025-12-08T14:34:58.699+0530] {logging_mixin.py:154} INFO - [2025-12-08T14:34:58.699+0530] {dagbag.py:536} INFO - Filling up the DagBag from /Users/ramesharra/airflow310/lib/python3.10/site-packages/airflow/example_dags/example_setup_teardown.py
[2025-12-08T14:34:58.717+0530] {processor.py:839} INFO - DAG(s) dict_keys(['example_setup_teardown']) retrieved from /Users/ramesharra/airflow310/lib/python3.10/site-packages/airflow/example_dags/example_setup_teardown.py
[2025-12-08T14:34:58.820+0530] {logging_mixin.py:154} INFO - [2025-12-08T14:34:58.820+0530] {dag.py:2941} INFO - Sync 1 DAGs
[2025-12-08T14:34:58.831+0530] {logging_mixin.py:154} INFO - [2025-12-08T14:34:58.831+0530] {dag.py:3722} INFO - Setting next_dagrun for example_setup_teardown to 2025-12-07T09:04:58.831040+00:00, run_after=2025-12-08T09:04:58.831040+00:00
[2025-12-08T14:34:58.843+0530] {processor.py:179} INFO - Processing /Users/ramesharra/airflow310/lib/python3.10/site-packages/airflow/example_dags/example_setup_teardown.py took 0.147 seconds
[2025-12-08T14:37:10.266+0530] {processor.py:157} INFO - Started process (PID=13156) to work on /Users/ramesharra/airflow310/lib/python3.10/site-packages/airflow/example_dags/example_setup_teardown.py
[2025-12-08T14:37:10.267+0530] {processor.py:829} INFO - Processing file /Users/ramesharra/airflow310/lib/python3.10/site-packages/airflow/example_dags/example_setup_teardown.py for tasks to queue
[2025-12-08T14:37:10.269+0530] {logging_mixin.py:154} INFO - [2025-12-08T14:37:10.269+0530] {dagbag.py:536} INFO - Filling up the DagBag from /Users/ramesharra/airflow310/lib/python3.10/site-packages/airflow/example_dags/example_setup_teardown.py
[2025-12-08T14:37:10.287+0530] {processor.py:839} INFO - DAG(s) dict_keys(['example_setup_teardown']) retrieved from /Users/ramesharra/airflow310/lib/python3.10/site-packages/airflow/example_dags/example_setup_teardown.py
[2025-12-08T14:37:10.388+0530] {logging_mixin.py:154} INFO - [2025-12-08T14:37:10.388+0530] {dag.py:2941} INFO - Sync 1 DAGs
[2025-12-08T14:37:10.398+0530] {logging_mixin.py:154} INFO - [2025-12-08T14:37:10.398+0530] {dag.py:3722} INFO - Setting next_dagrun for example_setup_teardown to 2025-12-07T09:07:10.398671+00:00, run_after=2025-12-08T09:07:10.398671+00:00
[2025-12-08T14:37:10.409+0530] {processor.py:179} INFO - Processing /Users/ramesharra/airflow310/lib/python3.10/site-packages/airflow/example_dags/example_setup_teardown.py took 0.143 seconds
[2025-12-08T14:39:24.405+0530] {processor.py:157} INFO - Started process (PID=13316) to work on /Users/ramesharra/airflow310/lib/python3.10/site-packages/airflow/example_dags/example_setup_teardown.py
[2025-12-08T14:39:24.406+0530] {processor.py:829} INFO - Processing file /Users/ramesharra/airflow310/lib/python3.10/site-packages/airflow/example_dags/example_setup_teardown.py for tasks to queue
[2025-12-08T14:39:24.407+0530] {logging_mixin.py:154} INFO - [2025-12-08T14:39:24.407+0530] {dagbag.py:536} INFO - Filling up the DagBag from /Users/ramesharra/airflow310/lib/python3.10/site-packages/airflow/example_dags/example_setup_teardown.py
[2025-12-08T14:39:24.427+0530] {processor.py:839} INFO - DAG(s) dict_keys(['example_setup_teardown']) retrieved from /Users/ramesharra/airflow310/lib/python3.10/site-packages/airflow/example_dags/example_setup_teardown.py
[2025-12-08T14:39:24.537+0530] {logging_mixin.py:154} INFO - [2025-12-08T14:39:24.536+0530] {dag.py:2941} INFO - Sync 1 DAGs
[2025-12-08T14:39:24.547+0530] {logging_mixin.py:154} INFO - [2025-12-08T14:39:24.547+0530] {dag.py:3722} INFO - Setting next_dagrun for example_setup_teardown to 2025-12-07T09:09:24.547786+00:00, run_after=2025-12-08T09:09:24.547786+00:00
[2025-12-08T14:39:24.558+0530] {processor.py:179} INFO - Processing /Users/ramesharra/airflow310/lib/python3.10/site-packages/airflow/example_dags/example_setup_teardown.py took 0.153 seconds
[2025-12-08T14:41:35.828+0530] {processor.py:157} INFO - Started process (PID=13466) to work on /Users/ramesharra/airflow310/lib/python3.10/site-packages/airflow/example_dags/example_setup_teardown.py
[2025-12-08T14:41:35.829+0530] {processor.py:829} INFO - Processing file /Users/ramesharra/airflow310/lib/python3.10/site-packages/airflow/example_dags/example_setup_teardown.py for tasks to queue
[2025-12-08T14:41:35.832+0530] {logging_mixin.py:154} INFO - [2025-12-08T14:41:35.832+0530] {dagbag.py:536} INFO - Filling up the DagBag from /Users/ramesharra/airflow310/lib/python3.10/site-packages/airflow/example_dags/example_setup_teardown.py
[2025-12-08T14:41:35.856+0530] {processor.py:839} INFO - DAG(s) dict_keys(['example_setup_teardown']) retrieved from /Users/ramesharra/airflow310/lib/python3.10/site-packages/airflow/example_dags/example_setup_teardown.py
[2025-12-08T14:41:35.974+0530] {logging_mixin.py:154} INFO - [2025-12-08T14:41:35.974+0530] {dag.py:2941} INFO - Sync 1 DAGs
[2025-12-08T14:41:35.984+0530] {logging_mixin.py:154} INFO - [2025-12-08T14:41:35.984+0530] {dag.py:3722} INFO - Setting next_dagrun for example_setup_teardown to 2025-12-07T09:11:35.984216+00:00, run_after=2025-12-08T09:11:35.984216+00:00
[2025-12-08T14:41:35.996+0530] {processor.py:179} INFO - Processing /Users/ramesharra/airflow310/lib/python3.10/site-packages/airflow/example_dags/example_setup_teardown.py took 0.169 seconds
[2025-12-08T14:43:44.386+0530] {processor.py:157} INFO - Started process (PID=13611) to work on /Users/ramesharra/airflow310/lib/python3.10/site-packages/airflow/example_dags/example_setup_teardown.py
[2025-12-08T14:43:44.386+0530] {processor.py:829} INFO - Processing file /Users/ramesharra/airflow310/lib/python3.10/site-packages/airflow/example_dags/example_setup_teardown.py for tasks to queue
[2025-12-08T14:43:44.388+0530] {logging_mixin.py:154} INFO - [2025-12-08T14:43:44.388+0530] {dagbag.py:536} INFO - Filling up the DagBag from /Users/ramesharra/airflow310/lib/python3.10/site-packages/airflow/example_dags/example_setup_teardown.py
[2025-12-08T14:43:44.405+0530] {processor.py:839} INFO - DAG(s) dict_keys(['example_setup_teardown']) retrieved from /Users/ramesharra/airflow310/lib/python3.10/site-packages/airflow/example_dags/example_setup_teardown.py
[2025-12-08T14:43:44.505+0530] {logging_mixin.py:154} INFO - [2025-12-08T14:43:44.504+0530] {dag.py:2941} INFO - Sync 1 DAGs
[2025-12-08T14:43:44.515+0530] {logging_mixin.py:154} INFO - [2025-12-08T14:43:44.514+0530] {dag.py:3722} INFO - Setting next_dagrun for example_setup_teardown to 2025-12-07T09:13:44.514857+00:00, run_after=2025-12-08T09:13:44.514857+00:00
[2025-12-08T14:43:44.525+0530] {processor.py:179} INFO - Processing /Users/ramesharra/airflow310/lib/python3.10/site-packages/airflow/example_dags/example_setup_teardown.py took 0.140 seconds
[2025-12-08T14:45:53.546+0530] {processor.py:157} INFO - Started process (PID=13748) to work on /Users/ramesharra/airflow310/lib/python3.10/site-packages/airflow/example_dags/example_setup_teardown.py
[2025-12-08T14:45:53.546+0530] {processor.py:829} INFO - Processing file /Users/ramesharra/airflow310/lib/python3.10/site-packages/airflow/example_dags/example_setup_teardown.py for tasks to queue
[2025-12-08T14:45:53.548+0530] {logging_mixin.py:154} INFO - [2025-12-08T14:45:53.548+0530] {dagbag.py:536} INFO - Filling up the DagBag from /Users/ramesharra/airflow310/lib/python3.10/site-packages/airflow/example_dags/example_setup_teardown.py
[2025-12-08T14:45:53.566+0530] {processor.py:839} INFO - DAG(s) dict_keys(['example_setup_teardown']) retrieved from /Users/ramesharra/airflow310/lib/python3.10/site-packages/airflow/example_dags/example_setup_teardown.py
[2025-12-08T14:45:53.669+0530] {logging_mixin.py:154} INFO - [2025-12-08T14:45:53.669+0530] {dag.py:2941} INFO - Sync 1 DAGs
[2025-12-08T14:45:53.680+0530] {logging_mixin.py:154} INFO - [2025-12-08T14:45:53.680+0530] {dag.py:3722} INFO - Setting next_dagrun for example_setup_teardown to 2025-12-07T09:15:53.680384+00:00, run_after=2025-12-08T09:15:53.680384+00:00
[2025-12-08T14:45:53.692+0530] {processor.py:179} INFO - Processing /Users/ramesharra/airflow310/lib/python3.10/site-packages/airflow/example_dags/example_setup_teardown.py took 0.147 seconds
[2025-12-08T14:48:06.677+0530] {processor.py:157} INFO - Started process (PID=13913) to work on /Users/ramesharra/airflow310/lib/python3.10/site-packages/airflow/example_dags/example_setup_teardown.py
[2025-12-08T14:48:06.678+0530] {processor.py:829} INFO - Processing file /Users/ramesharra/airflow310/lib/python3.10/site-packages/airflow/example_dags/example_setup_teardown.py for tasks to queue
[2025-12-08T14:48:06.680+0530] {logging_mixin.py:154} INFO - [2025-12-08T14:48:06.679+0530] {dagbag.py:536} INFO - Filling up the DagBag from /Users/ramesharra/airflow310/lib/python3.10/site-packages/airflow/example_dags/example_setup_teardown.py
[2025-12-08T14:48:06.700+0530] {processor.py:839} INFO - DAG(s) dict_keys(['example_setup_teardown']) retrieved from /Users/ramesharra/airflow310/lib/python3.10/site-packages/airflow/example_dags/example_setup_teardown.py
[2025-12-08T14:48:06.813+0530] {logging_mixin.py:154} INFO - [2025-12-08T14:48:06.813+0530] {dag.py:2941} INFO - Sync 1 DAGs
[2025-12-08T14:48:06.823+0530] {logging_mixin.py:154} INFO - [2025-12-08T14:48:06.823+0530] {dag.py:3722} INFO - Setting next_dagrun for example_setup_teardown to 2025-12-07T09:18:06.823671+00:00, run_after=2025-12-08T09:18:06.823671+00:00
[2025-12-08T14:48:06.835+0530] {processor.py:179} INFO - Processing /Users/ramesharra/airflow310/lib/python3.10/site-packages/airflow/example_dags/example_setup_teardown.py took 0.158 seconds
[2025-12-08T14:50:19.441+0530] {processor.py:157} INFO - Started process (PID=14062) to work on /Users/ramesharra/airflow310/lib/python3.10/site-packages/airflow/example_dags/example_setup_teardown.py
[2025-12-08T14:50:19.442+0530] {processor.py:829} INFO - Processing file /Users/ramesharra/airflow310/lib/python3.10/site-packages/airflow/example_dags/example_setup_teardown.py for tasks to queue
[2025-12-08T14:50:19.443+0530] {logging_mixin.py:154} INFO - [2025-12-08T14:50:19.443+0530] {dagbag.py:536} INFO - Filling up the DagBag from /Users/ramesharra/airflow310/lib/python3.10/site-packages/airflow/example_dags/example_setup_teardown.py
[2025-12-08T14:50:19.465+0530] {processor.py:839} INFO - DAG(s) dict_keys(['example_setup_teardown']) retrieved from /Users/ramesharra/airflow310/lib/python3.10/site-packages/airflow/example_dags/example_setup_teardown.py
[2025-12-08T14:50:19.590+0530] {logging_mixin.py:154} INFO - [2025-12-08T14:50:19.589+0530] {dag.py:2941} INFO - Sync 1 DAGs
[2025-12-08T14:50:19.600+0530] {logging_mixin.py:154} INFO - [2025-12-08T14:50:19.600+0530] {dag.py:3722} INFO - Setting next_dagrun for example_setup_teardown to 2025-12-07T09:20:19.600437+00:00, run_after=2025-12-08T09:20:19.600437+00:00
[2025-12-08T14:50:19.612+0530] {processor.py:179} INFO - Processing /Users/ramesharra/airflow310/lib/python3.10/site-packages/airflow/example_dags/example_setup_teardown.py took 0.171 seconds
