[2025-12-08T14:15:57.304+0530] {processor.py:157} INFO - Started process (PID=11596) to work on /Users/ramesharra/airflow310/lib/python3.10/site-packages/airflow/example_dags/example_nested_branch_dag.py
[2025-12-08T14:15:57.304+0530] {processor.py:829} INFO - Processing file /Users/ramesharra/airflow310/lib/python3.10/site-packages/airflow/example_dags/example_nested_branch_dag.py for tasks to queue
[2025-12-08T14:15:57.305+0530] {logging_mixin.py:154} INFO - [2025-12-08T14:15:57.305+0530] {dagbag.py:536} INFO - Filling up the DagBag from /Users/ramesharra/airflow310/lib/python3.10/site-packages/airflow/example_dags/example_nested_branch_dag.py
[2025-12-08T14:15:57.336+0530] {processor.py:839} INFO - DAG(s) dict_keys(['example_nested_branch_dag']) retrieved from /Users/ramesharra/airflow310/lib/python3.10/site-packages/airflow/example_dags/example_nested_branch_dag.py
[2025-12-08T14:15:57.662+0530] {logging_mixin.py:154} INFO - [2025-12-08T14:15:57.661+0530] {manager.py:499} INFO - Created Permission View: %s
[2025-12-08T14:15:57.666+0530] {logging_mixin.py:154} INFO - [2025-12-08T14:15:57.666+0530] {manager.py:499} INFO - Created Permission View: %s
[2025-12-08T14:15:57.670+0530] {logging_mixin.py:154} INFO - [2025-12-08T14:15:57.670+0530] {manager.py:499} INFO - Created Permission View: %s
[2025-12-08T14:15:57.670+0530] {logging_mixin.py:154} INFO - [2025-12-08T14:15:57.670+0530] {dag.py:2941} INFO - Sync 1 DAGs
[2025-12-08T14:15:57.676+0530] {logging_mixin.py:154} INFO - [2025-12-08T14:15:57.676+0530] {dag.py:2963} INFO - Creating ORM DAG for example_nested_branch_dag
[2025-12-08T14:15:57.680+0530] {logging_mixin.py:154} INFO - [2025-12-08T14:15:57.680+0530] {dag.py:3722} INFO - Setting next_dagrun for example_nested_branch_dag to 2025-12-07T00:00:00+00:00, run_after=2025-12-08T00:00:00+00:00
[2025-12-08T14:15:57.690+0530] {processor.py:179} INFO - Processing /Users/ramesharra/airflow310/lib/python3.10/site-packages/airflow/example_dags/example_nested_branch_dag.py took 0.387 seconds
[2025-12-08T14:17:35.434+0530] {processor.py:157} INFO - Started process (PID=11715) to work on /Users/ramesharra/airflow310/lib/python3.10/site-packages/airflow/example_dags/example_nested_branch_dag.py
[2025-12-08T14:17:35.435+0530] {processor.py:829} INFO - Processing file /Users/ramesharra/airflow310/lib/python3.10/site-packages/airflow/example_dags/example_nested_branch_dag.py for tasks to queue
[2025-12-08T14:17:35.436+0530] {logging_mixin.py:154} INFO - [2025-12-08T14:17:35.436+0530] {dagbag.py:536} INFO - Filling up the DagBag from /Users/ramesharra/airflow310/lib/python3.10/site-packages/airflow/example_dags/example_nested_branch_dag.py
[2025-12-08T14:17:35.469+0530] {processor.py:839} INFO - DAG(s) dict_keys(['example_nested_branch_dag']) retrieved from /Users/ramesharra/airflow310/lib/python3.10/site-packages/airflow/example_dags/example_nested_branch_dag.py
[2025-12-08T14:17:35.562+0530] {logging_mixin.py:154} INFO - [2025-12-08T14:17:35.562+0530] {dag.py:2941} INFO - Sync 1 DAGs
[2025-12-08T14:17:35.571+0530] {logging_mixin.py:154} INFO - [2025-12-08T14:17:35.571+0530] {dag.py:3722} INFO - Setting next_dagrun for example_nested_branch_dag to 2025-12-07T00:00:00+00:00, run_after=2025-12-08T00:00:00+00:00
[2025-12-08T14:17:35.581+0530] {processor.py:179} INFO - Processing /Users/ramesharra/airflow310/lib/python3.10/site-packages/airflow/example_dags/example_nested_branch_dag.py took 0.147 seconds
[2025-12-08T14:20:47.323+0530] {processor.py:157} INFO - Started process (PID=11883) to work on /Users/ramesharra/airflow310/lib/python3.10/site-packages/airflow/example_dags/example_nested_branch_dag.py
[2025-12-08T14:20:47.324+0530] {processor.py:829} INFO - Processing file /Users/ramesharra/airflow310/lib/python3.10/site-packages/airflow/example_dags/example_nested_branch_dag.py for tasks to queue
[2025-12-08T14:20:47.325+0530] {logging_mixin.py:154} INFO - [2025-12-08T14:20:47.325+0530] {dagbag.py:536} INFO - Filling up the DagBag from /Users/ramesharra/airflow310/lib/python3.10/site-packages/airflow/example_dags/example_nested_branch_dag.py
[2025-12-08T14:20:47.363+0530] {processor.py:839} INFO - DAG(s) dict_keys(['example_nested_branch_dag']) retrieved from /Users/ramesharra/airflow310/lib/python3.10/site-packages/airflow/example_dags/example_nested_branch_dag.py
[2025-12-08T14:20:47.463+0530] {logging_mixin.py:154} INFO - [2025-12-08T14:20:47.463+0530] {dag.py:2941} INFO - Sync 1 DAGs
[2025-12-08T14:20:47.473+0530] {logging_mixin.py:154} INFO - [2025-12-08T14:20:47.472+0530] {dag.py:3722} INFO - Setting next_dagrun for example_nested_branch_dag to 2025-12-07T00:00:00+00:00, run_after=2025-12-08T00:00:00+00:00
[2025-12-08T14:20:47.485+0530] {processor.py:179} INFO - Processing /Users/ramesharra/airflow310/lib/python3.10/site-packages/airflow/example_dags/example_nested_branch_dag.py took 0.162 seconds
[2025-12-08T14:22:19.008+0530] {processor.py:157} INFO - Started process (PID=11981) to work on /Users/ramesharra/airflow310/lib/python3.10/site-packages/airflow/example_dags/example_nested_branch_dag.py
[2025-12-08T14:22:19.010+0530] {processor.py:829} INFO - Processing file /Users/ramesharra/airflow310/lib/python3.10/site-packages/airflow/example_dags/example_nested_branch_dag.py for tasks to queue
[2025-12-08T14:22:19.013+0530] {logging_mixin.py:154} INFO - [2025-12-08T14:22:19.013+0530] {dagbag.py:536} INFO - Filling up the DagBag from /Users/ramesharra/airflow310/lib/python3.10/site-packages/airflow/example_dags/example_nested_branch_dag.py
[2025-12-08T14:22:19.052+0530] {processor.py:839} INFO - DAG(s) dict_keys(['example_nested_branch_dag']) retrieved from /Users/ramesharra/airflow310/lib/python3.10/site-packages/airflow/example_dags/example_nested_branch_dag.py
[2025-12-08T14:22:19.165+0530] {logging_mixin.py:154} INFO - [2025-12-08T14:22:19.164+0530] {dag.py:2941} INFO - Sync 1 DAGs
[2025-12-08T14:22:19.175+0530] {logging_mixin.py:154} INFO - [2025-12-08T14:22:19.175+0530] {dag.py:3722} INFO - Setting next_dagrun for example_nested_branch_dag to 2025-12-07T00:00:00+00:00, run_after=2025-12-08T00:00:00+00:00
[2025-12-08T14:22:19.196+0530] {processor.py:179} INFO - Processing /Users/ramesharra/airflow310/lib/python3.10/site-packages/airflow/example_dags/example_nested_branch_dag.py took 0.188 seconds
[2025-12-08T14:24:23.534+0530] {processor.py:157} INFO - Started process (PID=12275) to work on /Users/ramesharra/airflow310/lib/python3.10/site-packages/airflow/example_dags/example_nested_branch_dag.py
[2025-12-08T14:24:23.535+0530] {processor.py:829} INFO - Processing file /Users/ramesharra/airflow310/lib/python3.10/site-packages/airflow/example_dags/example_nested_branch_dag.py for tasks to queue
[2025-12-08T14:24:23.537+0530] {logging_mixin.py:154} INFO - [2025-12-08T14:24:23.537+0530] {dagbag.py:536} INFO - Filling up the DagBag from /Users/ramesharra/airflow310/lib/python3.10/site-packages/airflow/example_dags/example_nested_branch_dag.py
[2025-12-08T14:24:23.572+0530] {processor.py:839} INFO - DAG(s) dict_keys(['example_nested_branch_dag']) retrieved from /Users/ramesharra/airflow310/lib/python3.10/site-packages/airflow/example_dags/example_nested_branch_dag.py
[2025-12-08T14:24:23.679+0530] {logging_mixin.py:154} INFO - [2025-12-08T14:24:23.679+0530] {dag.py:2941} INFO - Sync 1 DAGs
[2025-12-08T14:24:23.689+0530] {logging_mixin.py:154} INFO - [2025-12-08T14:24:23.689+0530] {dag.py:3722} INFO - Setting next_dagrun for example_nested_branch_dag to 2025-12-07T00:00:00+00:00, run_after=2025-12-08T00:00:00+00:00
[2025-12-08T14:24:23.701+0530] {processor.py:179} INFO - Processing /Users/ramesharra/airflow310/lib/python3.10/site-packages/airflow/example_dags/example_nested_branch_dag.py took 0.167 seconds
[2025-12-08T14:26:41.323+0530] {processor.py:157} INFO - Started process (PID=12460) to work on /Users/ramesharra/airflow310/lib/python3.10/site-packages/airflow/example_dags/example_nested_branch_dag.py
[2025-12-08T14:26:41.324+0530] {processor.py:829} INFO - Processing file /Users/ramesharra/airflow310/lib/python3.10/site-packages/airflow/example_dags/example_nested_branch_dag.py for tasks to queue
[2025-12-08T14:26:41.326+0530] {logging_mixin.py:154} INFO - [2025-12-08T14:26:41.325+0530] {dagbag.py:536} INFO - Filling up the DagBag from /Users/ramesharra/airflow310/lib/python3.10/site-packages/airflow/example_dags/example_nested_branch_dag.py
[2025-12-08T14:26:41.362+0530] {processor.py:839} INFO - DAG(s) dict_keys(['example_nested_branch_dag']) retrieved from /Users/ramesharra/airflow310/lib/python3.10/site-packages/airflow/example_dags/example_nested_branch_dag.py
[2025-12-08T14:26:41.461+0530] {logging_mixin.py:154} INFO - [2025-12-08T14:26:41.460+0530] {dag.py:2941} INFO - Sync 1 DAGs
[2025-12-08T14:26:41.472+0530] {logging_mixin.py:154} INFO - [2025-12-08T14:26:41.471+0530] {dag.py:3722} INFO - Setting next_dagrun for example_nested_branch_dag to 2025-12-07T00:00:00+00:00, run_after=2025-12-08T00:00:00+00:00
[2025-12-08T14:26:41.484+0530] {processor.py:179} INFO - Processing /Users/ramesharra/airflow310/lib/python3.10/site-packages/airflow/example_dags/example_nested_branch_dag.py took 0.162 seconds
[2025-12-08T14:28:15.919+0530] {processor.py:157} INFO - Started process (PID=12555) to work on /Users/ramesharra/airflow310/lib/python3.10/site-packages/airflow/example_dags/example_nested_branch_dag.py
[2025-12-08T14:28:15.920+0530] {processor.py:829} INFO - Processing file /Users/ramesharra/airflow310/lib/python3.10/site-packages/airflow/example_dags/example_nested_branch_dag.py for tasks to queue
[2025-12-08T14:28:15.921+0530] {logging_mixin.py:154} INFO - [2025-12-08T14:28:15.921+0530] {dagbag.py:536} INFO - Filling up the DagBag from /Users/ramesharra/airflow310/lib/python3.10/site-packages/airflow/example_dags/example_nested_branch_dag.py
[2025-12-08T14:28:15.961+0530] {processor.py:839} INFO - DAG(s) dict_keys(['example_nested_branch_dag']) retrieved from /Users/ramesharra/airflow310/lib/python3.10/site-packages/airflow/example_dags/example_nested_branch_dag.py
[2025-12-08T14:28:16.082+0530] {logging_mixin.py:154} INFO - [2025-12-08T14:28:16.081+0530] {dag.py:2941} INFO - Sync 1 DAGs
[2025-12-08T14:28:16.092+0530] {logging_mixin.py:154} INFO - [2025-12-08T14:28:16.092+0530] {dag.py:3722} INFO - Setting next_dagrun for example_nested_branch_dag to 2025-12-07T00:00:00+00:00, run_after=2025-12-08T00:00:00+00:00
[2025-12-08T14:28:16.104+0530] {processor.py:179} INFO - Processing /Users/ramesharra/airflow310/lib/python3.10/site-packages/airflow/example_dags/example_nested_branch_dag.py took 0.186 seconds
[2025-12-08T14:29:34.438+0530] {processor.py:157} INFO - Started process (PID=12641) to work on /Users/ramesharra/airflow310/lib/python3.10/site-packages/airflow/example_dags/example_nested_branch_dag.py
[2025-12-08T14:29:34.439+0530] {processor.py:829} INFO - Processing file /Users/ramesharra/airflow310/lib/python3.10/site-packages/airflow/example_dags/example_nested_branch_dag.py for tasks to queue
[2025-12-08T14:29:34.441+0530] {logging_mixin.py:154} INFO - [2025-12-08T14:29:34.441+0530] {dagbag.py:536} INFO - Filling up the DagBag from /Users/ramesharra/airflow310/lib/python3.10/site-packages/airflow/example_dags/example_nested_branch_dag.py
[2025-12-08T14:29:34.474+0530] {processor.py:839} INFO - DAG(s) dict_keys(['example_nested_branch_dag']) retrieved from /Users/ramesharra/airflow310/lib/python3.10/site-packages/airflow/example_dags/example_nested_branch_dag.py
[2025-12-08T14:29:34.571+0530] {logging_mixin.py:154} INFO - [2025-12-08T14:29:34.570+0530] {dag.py:2941} INFO - Sync 1 DAGs
[2025-12-08T14:29:34.580+0530] {logging_mixin.py:154} INFO - [2025-12-08T14:29:34.580+0530] {dag.py:3722} INFO - Setting next_dagrun for example_nested_branch_dag to 2025-12-07T00:00:00+00:00, run_after=2025-12-08T00:00:00+00:00
[2025-12-08T14:29:34.591+0530] {processor.py:179} INFO - Processing /Users/ramesharra/airflow310/lib/python3.10/site-packages/airflow/example_dags/example_nested_branch_dag.py took 0.154 seconds
[2025-12-08T14:31:05.986+0530] {processor.py:157} INFO - Started process (PID=12743) to work on /Users/ramesharra/airflow310/lib/python3.10/site-packages/airflow/example_dags/example_nested_branch_dag.py
[2025-12-08T14:31:05.987+0530] {processor.py:829} INFO - Processing file /Users/ramesharra/airflow310/lib/python3.10/site-packages/airflow/example_dags/example_nested_branch_dag.py for tasks to queue
[2025-12-08T14:31:05.989+0530] {logging_mixin.py:154} INFO - [2025-12-08T14:31:05.989+0530] {dagbag.py:536} INFO - Filling up the DagBag from /Users/ramesharra/airflow310/lib/python3.10/site-packages/airflow/example_dags/example_nested_branch_dag.py
[2025-12-08T14:31:06.028+0530] {processor.py:839} INFO - DAG(s) dict_keys(['example_nested_branch_dag']) retrieved from /Users/ramesharra/airflow310/lib/python3.10/site-packages/airflow/example_dags/example_nested_branch_dag.py
[2025-12-08T14:31:06.136+0530] {logging_mixin.py:154} INFO - [2025-12-08T14:31:06.136+0530] {dag.py:2941} INFO - Sync 1 DAGs
[2025-12-08T14:31:06.153+0530] {logging_mixin.py:154} INFO - [2025-12-08T14:31:06.152+0530] {dag.py:3722} INFO - Setting next_dagrun for example_nested_branch_dag to 2025-12-07T00:00:00+00:00, run_after=2025-12-08T00:00:00+00:00
[2025-12-08T14:31:06.165+0530] {processor.py:179} INFO - Processing /Users/ramesharra/airflow310/lib/python3.10/site-packages/airflow/example_dags/example_nested_branch_dag.py took 0.180 seconds
[2025-12-08T14:33:10.281+0530] {processor.py:157} INFO - Started process (PID=12895) to work on /Users/ramesharra/airflow310/lib/python3.10/site-packages/airflow/example_dags/example_nested_branch_dag.py
[2025-12-08T14:33:10.282+0530] {processor.py:829} INFO - Processing file /Users/ramesharra/airflow310/lib/python3.10/site-packages/airflow/example_dags/example_nested_branch_dag.py for tasks to queue
[2025-12-08T14:33:10.283+0530] {logging_mixin.py:154} INFO - [2025-12-08T14:33:10.283+0530] {dagbag.py:536} INFO - Filling up the DagBag from /Users/ramesharra/airflow310/lib/python3.10/site-packages/airflow/example_dags/example_nested_branch_dag.py
[2025-12-08T14:33:10.321+0530] {processor.py:839} INFO - DAG(s) dict_keys(['example_nested_branch_dag']) retrieved from /Users/ramesharra/airflow310/lib/python3.10/site-packages/airflow/example_dags/example_nested_branch_dag.py
[2025-12-08T14:33:10.420+0530] {logging_mixin.py:154} INFO - [2025-12-08T14:33:10.420+0530] {dag.py:2941} INFO - Sync 1 DAGs
[2025-12-08T14:33:10.430+0530] {logging_mixin.py:154} INFO - [2025-12-08T14:33:10.430+0530] {dag.py:3722} INFO - Setting next_dagrun for example_nested_branch_dag to 2025-12-07T00:00:00+00:00, run_after=2025-12-08T00:00:00+00:00
[2025-12-08T14:33:10.442+0530] {processor.py:179} INFO - Processing /Users/ramesharra/airflow310/lib/python3.10/site-packages/airflow/example_dags/example_nested_branch_dag.py took 0.161 seconds
[2025-12-08T14:35:13.209+0530] {processor.py:157} INFO - Started process (PID=13039) to work on /Users/ramesharra/airflow310/lib/python3.10/site-packages/airflow/example_dags/example_nested_branch_dag.py
[2025-12-08T14:35:13.210+0530] {processor.py:829} INFO - Processing file /Users/ramesharra/airflow310/lib/python3.10/site-packages/airflow/example_dags/example_nested_branch_dag.py for tasks to queue
[2025-12-08T14:35:13.211+0530] {logging_mixin.py:154} INFO - [2025-12-08T14:35:13.211+0530] {dagbag.py:536} INFO - Filling up the DagBag from /Users/ramesharra/airflow310/lib/python3.10/site-packages/airflow/example_dags/example_nested_branch_dag.py
[2025-12-08T14:35:13.247+0530] {processor.py:839} INFO - DAG(s) dict_keys(['example_nested_branch_dag']) retrieved from /Users/ramesharra/airflow310/lib/python3.10/site-packages/airflow/example_dags/example_nested_branch_dag.py
[2025-12-08T14:35:13.348+0530] {logging_mixin.py:154} INFO - [2025-12-08T14:35:13.347+0530] {dag.py:2941} INFO - Sync 1 DAGs
[2025-12-08T14:35:13.358+0530] {logging_mixin.py:154} INFO - [2025-12-08T14:35:13.358+0530] {dag.py:3722} INFO - Setting next_dagrun for example_nested_branch_dag to 2025-12-07T00:00:00+00:00, run_after=2025-12-08T00:00:00+00:00
[2025-12-08T14:35:13.369+0530] {processor.py:179} INFO - Processing /Users/ramesharra/airflow310/lib/python3.10/site-packages/airflow/example_dags/example_nested_branch_dag.py took 0.161 seconds
[2025-12-08T14:37:25.004+0530] {processor.py:157} INFO - Started process (PID=13173) to work on /Users/ramesharra/airflow310/lib/python3.10/site-packages/airflow/example_dags/example_nested_branch_dag.py
[2025-12-08T14:37:25.006+0530] {processor.py:829} INFO - Processing file /Users/ramesharra/airflow310/lib/python3.10/site-packages/airflow/example_dags/example_nested_branch_dag.py for tasks to queue
[2025-12-08T14:37:25.007+0530] {logging_mixin.py:154} INFO - [2025-12-08T14:37:25.007+0530] {dagbag.py:536} INFO - Filling up the DagBag from /Users/ramesharra/airflow310/lib/python3.10/site-packages/airflow/example_dags/example_nested_branch_dag.py
[2025-12-08T14:37:25.047+0530] {processor.py:839} INFO - DAG(s) dict_keys(['example_nested_branch_dag']) retrieved from /Users/ramesharra/airflow310/lib/python3.10/site-packages/airflow/example_dags/example_nested_branch_dag.py
[2025-12-08T14:37:25.196+0530] {logging_mixin.py:154} INFO - [2025-12-08T14:37:25.196+0530] {dag.py:2941} INFO - Sync 1 DAGs
[2025-12-08T14:37:25.210+0530] {logging_mixin.py:154} INFO - [2025-12-08T14:37:25.210+0530] {dag.py:3722} INFO - Setting next_dagrun for example_nested_branch_dag to 2025-12-07T00:00:00+00:00, run_after=2025-12-08T00:00:00+00:00
[2025-12-08T14:37:25.223+0530] {processor.py:179} INFO - Processing /Users/ramesharra/airflow310/lib/python3.10/site-packages/airflow/example_dags/example_nested_branch_dag.py took 0.219 seconds
[2025-12-08T14:39:37.833+0530] {processor.py:157} INFO - Started process (PID=13327) to work on /Users/ramesharra/airflow310/lib/python3.10/site-packages/airflow/example_dags/example_nested_branch_dag.py
[2025-12-08T14:39:37.834+0530] {processor.py:829} INFO - Processing file /Users/ramesharra/airflow310/lib/python3.10/site-packages/airflow/example_dags/example_nested_branch_dag.py for tasks to queue
[2025-12-08T14:39:37.835+0530] {logging_mixin.py:154} INFO - [2025-12-08T14:39:37.835+0530] {dagbag.py:536} INFO - Filling up the DagBag from /Users/ramesharra/airflow310/lib/python3.10/site-packages/airflow/example_dags/example_nested_branch_dag.py
[2025-12-08T14:39:37.871+0530] {processor.py:839} INFO - DAG(s) dict_keys(['example_nested_branch_dag']) retrieved from /Users/ramesharra/airflow310/lib/python3.10/site-packages/airflow/example_dags/example_nested_branch_dag.py
[2025-12-08T14:39:37.968+0530] {logging_mixin.py:154} INFO - [2025-12-08T14:39:37.968+0530] {dag.py:2941} INFO - Sync 1 DAGs
[2025-12-08T14:39:37.979+0530] {logging_mixin.py:154} INFO - [2025-12-08T14:39:37.979+0530] {dag.py:3722} INFO - Setting next_dagrun for example_nested_branch_dag to 2025-12-07T00:00:00+00:00, run_after=2025-12-08T00:00:00+00:00
[2025-12-08T14:39:37.991+0530] {processor.py:179} INFO - Processing /Users/ramesharra/airflow310/lib/python3.10/site-packages/airflow/example_dags/example_nested_branch_dag.py took 0.159 seconds
[2025-12-08T14:41:50.104+0530] {processor.py:157} INFO - Started process (PID=13489) to work on /Users/ramesharra/airflow310/lib/python3.10/site-packages/airflow/example_dags/example_nested_branch_dag.py
[2025-12-08T14:41:50.105+0530] {processor.py:829} INFO - Processing file /Users/ramesharra/airflow310/lib/python3.10/site-packages/airflow/example_dags/example_nested_branch_dag.py for tasks to queue
[2025-12-08T14:41:50.108+0530] {logging_mixin.py:154} INFO - [2025-12-08T14:41:50.107+0530] {dagbag.py:536} INFO - Filling up the DagBag from /Users/ramesharra/airflow310/lib/python3.10/site-packages/airflow/example_dags/example_nested_branch_dag.py
[2025-12-08T14:41:50.155+0530] {processor.py:839} INFO - DAG(s) dict_keys(['example_nested_branch_dag']) retrieved from /Users/ramesharra/airflow310/lib/python3.10/site-packages/airflow/example_dags/example_nested_branch_dag.py
[2025-12-08T14:41:50.263+0530] {logging_mixin.py:154} INFO - [2025-12-08T14:41:50.262+0530] {dag.py:2941} INFO - Sync 1 DAGs
[2025-12-08T14:41:50.273+0530] {logging_mixin.py:154} INFO - [2025-12-08T14:41:50.273+0530] {dag.py:3722} INFO - Setting next_dagrun for example_nested_branch_dag to 2025-12-07T00:00:00+00:00, run_after=2025-12-08T00:00:00+00:00
[2025-12-08T14:41:50.287+0530] {processor.py:179} INFO - Processing /Users/ramesharra/airflow310/lib/python3.10/site-packages/airflow/example_dags/example_nested_branch_dag.py took 0.184 seconds
[2025-12-08T14:43:57.922+0530] {processor.py:157} INFO - Started process (PID=13621) to work on /Users/ramesharra/airflow310/lib/python3.10/site-packages/airflow/example_dags/example_nested_branch_dag.py
[2025-12-08T14:43:57.922+0530] {processor.py:829} INFO - Processing file /Users/ramesharra/airflow310/lib/python3.10/site-packages/airflow/example_dags/example_nested_branch_dag.py for tasks to queue
[2025-12-08T14:43:57.924+0530] {logging_mixin.py:154} INFO - [2025-12-08T14:43:57.924+0530] {dagbag.py:536} INFO - Filling up the DagBag from /Users/ramesharra/airflow310/lib/python3.10/site-packages/airflow/example_dags/example_nested_branch_dag.py
[2025-12-08T14:43:57.958+0530] {processor.py:839} INFO - DAG(s) dict_keys(['example_nested_branch_dag']) retrieved from /Users/ramesharra/airflow310/lib/python3.10/site-packages/airflow/example_dags/example_nested_branch_dag.py
[2025-12-08T14:43:58.055+0530] {logging_mixin.py:154} INFO - [2025-12-08T14:43:58.054+0530] {dag.py:2941} INFO - Sync 1 DAGs
[2025-12-08T14:43:58.065+0530] {logging_mixin.py:154} INFO - [2025-12-08T14:43:58.065+0530] {dag.py:3722} INFO - Setting next_dagrun for example_nested_branch_dag to 2025-12-07T00:00:00+00:00, run_after=2025-12-08T00:00:00+00:00
[2025-12-08T14:43:58.077+0530] {processor.py:179} INFO - Processing /Users/ramesharra/airflow310/lib/python3.10/site-packages/airflow/example_dags/example_nested_branch_dag.py took 0.156 seconds
[2025-12-08T14:46:07.465+0530] {processor.py:157} INFO - Started process (PID=13764) to work on /Users/ramesharra/airflow310/lib/python3.10/site-packages/airflow/example_dags/example_nested_branch_dag.py
[2025-12-08T14:46:07.467+0530] {processor.py:829} INFO - Processing file /Users/ramesharra/airflow310/lib/python3.10/site-packages/airflow/example_dags/example_nested_branch_dag.py for tasks to queue
[2025-12-08T14:46:07.468+0530] {logging_mixin.py:154} INFO - [2025-12-08T14:46:07.468+0530] {dagbag.py:536} INFO - Filling up the DagBag from /Users/ramesharra/airflow310/lib/python3.10/site-packages/airflow/example_dags/example_nested_branch_dag.py
[2025-12-08T14:46:07.506+0530] {processor.py:839} INFO - DAG(s) dict_keys(['example_nested_branch_dag']) retrieved from /Users/ramesharra/airflow310/lib/python3.10/site-packages/airflow/example_dags/example_nested_branch_dag.py
[2025-12-08T14:46:07.604+0530] {logging_mixin.py:154} INFO - [2025-12-08T14:46:07.604+0530] {dag.py:2941} INFO - Sync 1 DAGs
[2025-12-08T14:46:07.615+0530] {logging_mixin.py:154} INFO - [2025-12-08T14:46:07.615+0530] {dag.py:3722} INFO - Setting next_dagrun for example_nested_branch_dag to 2025-12-07T00:00:00+00:00, run_after=2025-12-08T00:00:00+00:00
[2025-12-08T14:46:07.627+0530] {processor.py:179} INFO - Processing /Users/ramesharra/airflow310/lib/python3.10/site-packages/airflow/example_dags/example_nested_branch_dag.py took 0.162 seconds
[2025-12-08T14:48:20.700+0530] {processor.py:157} INFO - Started process (PID=13925) to work on /Users/ramesharra/airflow310/lib/python3.10/site-packages/airflow/example_dags/example_nested_branch_dag.py
[2025-12-08T14:48:20.700+0530] {processor.py:829} INFO - Processing file /Users/ramesharra/airflow310/lib/python3.10/site-packages/airflow/example_dags/example_nested_branch_dag.py for tasks to queue
[2025-12-08T14:48:20.702+0530] {logging_mixin.py:154} INFO - [2025-12-08T14:48:20.702+0530] {dagbag.py:536} INFO - Filling up the DagBag from /Users/ramesharra/airflow310/lib/python3.10/site-packages/airflow/example_dags/example_nested_branch_dag.py
[2025-12-08T14:48:20.740+0530] {processor.py:839} INFO - DAG(s) dict_keys(['example_nested_branch_dag']) retrieved from /Users/ramesharra/airflow310/lib/python3.10/site-packages/airflow/example_dags/example_nested_branch_dag.py
[2025-12-08T14:48:20.844+0530] {logging_mixin.py:154} INFO - [2025-12-08T14:48:20.843+0530] {dag.py:2941} INFO - Sync 1 DAGs
[2025-12-08T14:48:20.857+0530] {logging_mixin.py:154} INFO - [2025-12-08T14:48:20.857+0530] {dag.py:3722} INFO - Setting next_dagrun for example_nested_branch_dag to 2025-12-07T00:00:00+00:00, run_after=2025-12-08T00:00:00+00:00
[2025-12-08T14:48:20.873+0530] {processor.py:179} INFO - Processing /Users/ramesharra/airflow310/lib/python3.10/site-packages/airflow/example_dags/example_nested_branch_dag.py took 0.174 seconds
[2025-12-08T14:50:33.695+0530] {processor.py:157} INFO - Started process (PID=14080) to work on /Users/ramesharra/airflow310/lib/python3.10/site-packages/airflow/example_dags/example_nested_branch_dag.py
[2025-12-08T14:50:33.696+0530] {processor.py:829} INFO - Processing file /Users/ramesharra/airflow310/lib/python3.10/site-packages/airflow/example_dags/example_nested_branch_dag.py for tasks to queue
[2025-12-08T14:50:33.698+0530] {logging_mixin.py:154} INFO - [2025-12-08T14:50:33.698+0530] {dagbag.py:536} INFO - Filling up the DagBag from /Users/ramesharra/airflow310/lib/python3.10/site-packages/airflow/example_dags/example_nested_branch_dag.py
[2025-12-08T14:50:33.742+0530] {processor.py:839} INFO - DAG(s) dict_keys(['example_nested_branch_dag']) retrieved from /Users/ramesharra/airflow310/lib/python3.10/site-packages/airflow/example_dags/example_nested_branch_dag.py
[2025-12-08T14:50:33.860+0530] {logging_mixin.py:154} INFO - [2025-12-08T14:50:33.860+0530] {dag.py:2941} INFO - Sync 1 DAGs
[2025-12-08T14:50:33.871+0530] {logging_mixin.py:154} INFO - [2025-12-08T14:50:33.871+0530] {dag.py:3722} INFO - Setting next_dagrun for example_nested_branch_dag to 2025-12-07T00:00:00+00:00, run_after=2025-12-08T00:00:00+00:00
[2025-12-08T14:50:33.885+0530] {processor.py:179} INFO - Processing /Users/ramesharra/airflow310/lib/python3.10/site-packages/airflow/example_dags/example_nested_branch_dag.py took 0.191 seconds
