[2025-12-08T14:15:19.779+0530] {processor.py:157} INFO - Started process (PID=11550) to work on /Users/ramesharra/airflow310/lib/python3.10/site-packages/airflow/example_dags/example_trigger_target_dag.py
[2025-12-08T14:15:19.779+0530] {processor.py:829} INFO - Processing file /Users/ramesharra/airflow310/lib/python3.10/site-packages/airflow/example_dags/example_trigger_target_dag.py for tasks to queue
[2025-12-08T14:15:19.780+0530] {logging_mixin.py:154} INFO - [2025-12-08T14:15:19.780+0530] {dagbag.py:536} INFO - Filling up the DagBag from /Users/ramesharra/airflow310/lib/python3.10/site-packages/airflow/example_dags/example_trigger_target_dag.py
[2025-12-08T14:15:19.807+0530] {processor.py:839} INFO - DAG(s) dict_keys(['example_trigger_target_dag']) retrieved from /Users/ramesharra/airflow310/lib/python3.10/site-packages/airflow/example_dags/example_trigger_target_dag.py
[2025-12-08T14:15:20.083+0530] {logging_mixin.py:154} INFO - [2025-12-08T14:15:20.083+0530] {manager.py:499} INFO - Created Permission View: %s
[2025-12-08T14:15:20.087+0530] {logging_mixin.py:154} INFO - [2025-12-08T14:15:20.087+0530] {manager.py:499} INFO - Created Permission View: %s
[2025-12-08T14:15:20.090+0530] {logging_mixin.py:154} INFO - [2025-12-08T14:15:20.089+0530] {manager.py:499} INFO - Created Permission View: %s
[2025-12-08T14:15:20.090+0530] {logging_mixin.py:154} INFO - [2025-12-08T14:15:20.090+0530] {dag.py:2941} INFO - Sync 1 DAGs
[2025-12-08T14:15:20.095+0530] {logging_mixin.py:154} INFO - [2025-12-08T14:15:20.094+0530] {dag.py:2963} INFO - Creating ORM DAG for example_trigger_target_dag
[2025-12-08T14:15:20.095+0530] {logging_mixin.py:154} INFO - [2025-12-08T14:15:20.095+0530] {dag.py:3722} INFO - Setting next_dagrun for example_trigger_target_dag to None, run_after=None
[2025-12-08T14:15:20.105+0530] {processor.py:179} INFO - Processing /Users/ramesharra/airflow310/lib/python3.10/site-packages/airflow/example_dags/example_trigger_target_dag.py took 0.327 seconds
[2025-12-08T14:16:58.039+0530] {processor.py:157} INFO - Started process (PID=11673) to work on /Users/ramesharra/airflow310/lib/python3.10/site-packages/airflow/example_dags/example_trigger_target_dag.py
[2025-12-08T14:16:58.040+0530] {processor.py:829} INFO - Processing file /Users/ramesharra/airflow310/lib/python3.10/site-packages/airflow/example_dags/example_trigger_target_dag.py for tasks to queue
[2025-12-08T14:16:58.042+0530] {logging_mixin.py:154} INFO - [2025-12-08T14:16:58.042+0530] {dagbag.py:536} INFO - Filling up the DagBag from /Users/ramesharra/airflow310/lib/python3.10/site-packages/airflow/example_dags/example_trigger_target_dag.py
[2025-12-08T14:16:58.079+0530] {processor.py:839} INFO - DAG(s) dict_keys(['example_trigger_target_dag']) retrieved from /Users/ramesharra/airflow310/lib/python3.10/site-packages/airflow/example_dags/example_trigger_target_dag.py
[2025-12-08T14:16:58.177+0530] {logging_mixin.py:154} INFO - [2025-12-08T14:16:58.177+0530] {dag.py:2941} INFO - Sync 1 DAGs
[2025-12-08T14:16:58.182+0530] {logging_mixin.py:154} INFO - [2025-12-08T14:16:58.182+0530] {dag.py:3722} INFO - Setting next_dagrun for example_trigger_target_dag to None, run_after=None
[2025-12-08T14:16:58.192+0530] {processor.py:179} INFO - Processing /Users/ramesharra/airflow310/lib/python3.10/site-packages/airflow/example_dags/example_trigger_target_dag.py took 0.154 seconds
[2025-12-08T14:18:05.719+0530] {processor.py:157} INFO - Started process (PID=11752) to work on /Users/ramesharra/airflow310/lib/python3.10/site-packages/airflow/example_dags/example_trigger_target_dag.py
[2025-12-08T14:18:05.720+0530] {processor.py:829} INFO - Processing file /Users/ramesharra/airflow310/lib/python3.10/site-packages/airflow/example_dags/example_trigger_target_dag.py for tasks to queue
[2025-12-08T14:18:05.722+0530] {logging_mixin.py:154} INFO - [2025-12-08T14:18:05.722+0530] {dagbag.py:536} INFO - Filling up the DagBag from /Users/ramesharra/airflow310/lib/python3.10/site-packages/airflow/example_dags/example_trigger_target_dag.py
[2025-12-08T14:18:05.753+0530] {processor.py:839} INFO - DAG(s) dict_keys(['example_trigger_target_dag']) retrieved from /Users/ramesharra/airflow310/lib/python3.10/site-packages/airflow/example_dags/example_trigger_target_dag.py
[2025-12-08T14:18:05.841+0530] {logging_mixin.py:154} INFO - [2025-12-08T14:18:05.841+0530] {dag.py:2941} INFO - Sync 1 DAGs
[2025-12-08T14:18:05.846+0530] {logging_mixin.py:154} INFO - [2025-12-08T14:18:05.846+0530] {dag.py:3722} INFO - Setting next_dagrun for example_trigger_target_dag to None, run_after=None
[2025-12-08T14:18:05.856+0530] {processor.py:179} INFO - Processing /Users/ramesharra/airflow310/lib/python3.10/site-packages/airflow/example_dags/example_trigger_target_dag.py took 0.138 seconds
[2025-12-08T14:20:14.949+0530] {processor.py:157} INFO - Started process (PID=11847) to work on /Users/ramesharra/airflow310/lib/python3.10/site-packages/airflow/example_dags/example_trigger_target_dag.py
[2025-12-08T14:20:14.950+0530] {processor.py:829} INFO - Processing file /Users/ramesharra/airflow310/lib/python3.10/site-packages/airflow/example_dags/example_trigger_target_dag.py for tasks to queue
[2025-12-08T14:20:14.951+0530] {logging_mixin.py:154} INFO - [2025-12-08T14:20:14.951+0530] {dagbag.py:536} INFO - Filling up the DagBag from /Users/ramesharra/airflow310/lib/python3.10/site-packages/airflow/example_dags/example_trigger_target_dag.py
[2025-12-08T14:20:14.972+0530] {processor.py:839} INFO - DAG(s) dict_keys(['example_trigger_target_dag']) retrieved from /Users/ramesharra/airflow310/lib/python3.10/site-packages/airflow/example_dags/example_trigger_target_dag.py
[2025-12-08T14:20:15.038+0530] {logging_mixin.py:154} INFO - [2025-12-08T14:20:15.038+0530] {dag.py:2941} INFO - Sync 1 DAGs
[2025-12-08T14:20:15.042+0530] {logging_mixin.py:154} INFO - [2025-12-08T14:20:15.042+0530] {dag.py:3722} INFO - Setting next_dagrun for example_trigger_target_dag to None, run_after=None
[2025-12-08T14:20:15.050+0530] {processor.py:179} INFO - Processing /Users/ramesharra/airflow310/lib/python3.10/site-packages/airflow/example_dags/example_trigger_target_dag.py took 0.101 seconds
[2025-12-08T14:21:40.508+0530] {processor.py:157} INFO - Started process (PID=11931) to work on /Users/ramesharra/airflow310/lib/python3.10/site-packages/airflow/example_dags/example_trigger_target_dag.py
[2025-12-08T14:21:40.509+0530] {processor.py:829} INFO - Processing file /Users/ramesharra/airflow310/lib/python3.10/site-packages/airflow/example_dags/example_trigger_target_dag.py for tasks to queue
[2025-12-08T14:21:40.511+0530] {logging_mixin.py:154} INFO - [2025-12-08T14:21:40.511+0530] {dagbag.py:536} INFO - Filling up the DagBag from /Users/ramesharra/airflow310/lib/python3.10/site-packages/airflow/example_dags/example_trigger_target_dag.py
[2025-12-08T14:21:40.549+0530] {processor.py:839} INFO - DAG(s) dict_keys(['example_trigger_target_dag']) retrieved from /Users/ramesharra/airflow310/lib/python3.10/site-packages/airflow/example_dags/example_trigger_target_dag.py
[2025-12-08T14:21:40.645+0530] {logging_mixin.py:154} INFO - [2025-12-08T14:21:40.645+0530] {dag.py:2941} INFO - Sync 1 DAGs
[2025-12-08T14:21:40.650+0530] {logging_mixin.py:154} INFO - [2025-12-08T14:21:40.650+0530] {dag.py:3722} INFO - Setting next_dagrun for example_trigger_target_dag to None, run_after=None
[2025-12-08T14:21:40.660+0530] {processor.py:179} INFO - Processing /Users/ramesharra/airflow310/lib/python3.10/site-packages/airflow/example_dags/example_trigger_target_dag.py took 0.153 seconds
[2025-12-08T14:22:43.329+0530] {processor.py:157} INFO - Started process (PID=12021) to work on /Users/ramesharra/airflow310/lib/python3.10/site-packages/airflow/example_dags/example_trigger_target_dag.py
[2025-12-08T14:22:43.330+0530] {processor.py:829} INFO - Processing file /Users/ramesharra/airflow310/lib/python3.10/site-packages/airflow/example_dags/example_trigger_target_dag.py for tasks to queue
[2025-12-08T14:22:43.332+0530] {logging_mixin.py:154} INFO - [2025-12-08T14:22:43.332+0530] {dagbag.py:536} INFO - Filling up the DagBag from /Users/ramesharra/airflow310/lib/python3.10/site-packages/airflow/example_dags/example_trigger_target_dag.py
[2025-12-08T14:22:43.364+0530] {processor.py:839} INFO - DAG(s) dict_keys(['example_trigger_target_dag']) retrieved from /Users/ramesharra/airflow310/lib/python3.10/site-packages/airflow/example_dags/example_trigger_target_dag.py
[2025-12-08T14:22:43.461+0530] {logging_mixin.py:154} INFO - [2025-12-08T14:22:43.461+0530] {dag.py:2941} INFO - Sync 1 DAGs
[2025-12-08T14:22:43.466+0530] {logging_mixin.py:154} INFO - [2025-12-08T14:22:43.466+0530] {dag.py:3722} INFO - Setting next_dagrun for example_trigger_target_dag to None, run_after=None
[2025-12-08T14:22:43.476+0530] {processor.py:179} INFO - Processing /Users/ramesharra/airflow310/lib/python3.10/site-packages/airflow/example_dags/example_trigger_target_dag.py took 0.148 seconds
[2025-12-08T14:23:48.694+0530] {processor.py:157} INFO - Started process (PID=12240) to work on /Users/ramesharra/airflow310/lib/python3.10/site-packages/airflow/example_dags/example_trigger_target_dag.py
[2025-12-08T14:23:48.695+0530] {processor.py:829} INFO - Processing file /Users/ramesharra/airflow310/lib/python3.10/site-packages/airflow/example_dags/example_trigger_target_dag.py for tasks to queue
[2025-12-08T14:23:48.696+0530] {logging_mixin.py:154} INFO - [2025-12-08T14:23:48.696+0530] {dagbag.py:536} INFO - Filling up the DagBag from /Users/ramesharra/airflow310/lib/python3.10/site-packages/airflow/example_dags/example_trigger_target_dag.py
[2025-12-08T14:23:48.733+0530] {processor.py:839} INFO - DAG(s) dict_keys(['example_trigger_target_dag']) retrieved from /Users/ramesharra/airflow310/lib/python3.10/site-packages/airflow/example_dags/example_trigger_target_dag.py
[2025-12-08T14:23:48.831+0530] {logging_mixin.py:154} INFO - [2025-12-08T14:23:48.831+0530] {dag.py:2941} INFO - Sync 1 DAGs
[2025-12-08T14:23:48.836+0530] {logging_mixin.py:154} INFO - [2025-12-08T14:23:48.836+0530] {dag.py:3722} INFO - Setting next_dagrun for example_trigger_target_dag to None, run_after=None
[2025-12-08T14:23:48.853+0530] {processor.py:179} INFO - Processing /Users/ramesharra/airflow310/lib/python3.10/site-packages/airflow/example_dags/example_trigger_target_dag.py took 0.160 seconds
[2025-12-08T14:24:50.233+0530] {processor.py:157} INFO - Started process (PID=12305) to work on /Users/ramesharra/airflow310/lib/python3.10/site-packages/airflow/example_dags/example_trigger_target_dag.py
[2025-12-08T14:24:50.234+0530] {processor.py:829} INFO - Processing file /Users/ramesharra/airflow310/lib/python3.10/site-packages/airflow/example_dags/example_trigger_target_dag.py for tasks to queue
[2025-12-08T14:24:50.235+0530] {logging_mixin.py:154} INFO - [2025-12-08T14:24:50.235+0530] {dagbag.py:536} INFO - Filling up the DagBag from /Users/ramesharra/airflow310/lib/python3.10/site-packages/airflow/example_dags/example_trigger_target_dag.py
[2025-12-08T14:24:50.268+0530] {processor.py:839} INFO - DAG(s) dict_keys(['example_trigger_target_dag']) retrieved from /Users/ramesharra/airflow310/lib/python3.10/site-packages/airflow/example_dags/example_trigger_target_dag.py
[2025-12-08T14:24:50.307+0530] {logging_mixin.py:154} INFO - [2025-12-08T14:24:50.307+0530] {dag.py:2941} INFO - Sync 1 DAGs
[2025-12-08T14:24:50.315+0530] {logging_mixin.py:154} INFO - [2025-12-08T14:24:50.315+0530] {dag.py:3722} INFO - Setting next_dagrun for example_trigger_target_dag to None, run_after=None
[2025-12-08T14:24:50.330+0530] {processor.py:179} INFO - Processing /Users/ramesharra/airflow310/lib/python3.10/site-packages/airflow/example_dags/example_trigger_target_dag.py took 0.161 seconds
[2025-12-08T14:26:03.475+0530] {processor.py:157} INFO - Started process (PID=12419) to work on /Users/ramesharra/airflow310/lib/python3.10/site-packages/airflow/example_dags/example_trigger_target_dag.py
[2025-12-08T14:26:03.476+0530] {processor.py:829} INFO - Processing file /Users/ramesharra/airflow310/lib/python3.10/site-packages/airflow/example_dags/example_trigger_target_dag.py for tasks to queue
[2025-12-08T14:26:03.477+0530] {logging_mixin.py:154} INFO - [2025-12-08T14:26:03.477+0530] {dagbag.py:536} INFO - Filling up the DagBag from /Users/ramesharra/airflow310/lib/python3.10/site-packages/airflow/example_dags/example_trigger_target_dag.py
[2025-12-08T14:26:03.510+0530] {processor.py:839} INFO - DAG(s) dict_keys(['example_trigger_target_dag']) retrieved from /Users/ramesharra/airflow310/lib/python3.10/site-packages/airflow/example_dags/example_trigger_target_dag.py
[2025-12-08T14:26:03.608+0530] {logging_mixin.py:154} INFO - [2025-12-08T14:26:03.607+0530] {dag.py:2941} INFO - Sync 1 DAGs
[2025-12-08T14:26:03.613+0530] {logging_mixin.py:154} INFO - [2025-12-08T14:26:03.612+0530] {dag.py:3722} INFO - Setting next_dagrun for example_trigger_target_dag to None, run_after=None
[2025-12-08T14:26:03.623+0530] {processor.py:179} INFO - Processing /Users/ramesharra/airflow310/lib/python3.10/site-packages/airflow/example_dags/example_trigger_target_dag.py took 0.149 seconds
[2025-12-08T14:27:38.680+0530] {processor.py:157} INFO - Started process (PID=12525) to work on /Users/ramesharra/airflow310/lib/python3.10/site-packages/airflow/example_dags/example_trigger_target_dag.py
[2025-12-08T14:27:38.682+0530] {processor.py:829} INFO - Processing file /Users/ramesharra/airflow310/lib/python3.10/site-packages/airflow/example_dags/example_trigger_target_dag.py for tasks to queue
[2025-12-08T14:27:38.683+0530] {logging_mixin.py:154} INFO - [2025-12-08T14:27:38.683+0530] {dagbag.py:536} INFO - Filling up the DagBag from /Users/ramesharra/airflow310/lib/python3.10/site-packages/airflow/example_dags/example_trigger_target_dag.py
[2025-12-08T14:27:38.716+0530] {processor.py:839} INFO - DAG(s) dict_keys(['example_trigger_target_dag']) retrieved from /Users/ramesharra/airflow310/lib/python3.10/site-packages/airflow/example_dags/example_trigger_target_dag.py
[2025-12-08T14:27:38.812+0530] {logging_mixin.py:154} INFO - [2025-12-08T14:27:38.811+0530] {dag.py:2941} INFO - Sync 1 DAGs
[2025-12-08T14:27:38.817+0530] {logging_mixin.py:154} INFO - [2025-12-08T14:27:38.817+0530] {dag.py:3722} INFO - Setting next_dagrun for example_trigger_target_dag to None, run_after=None
[2025-12-08T14:27:38.828+0530] {processor.py:179} INFO - Processing /Users/ramesharra/airflow310/lib/python3.10/site-packages/airflow/example_dags/example_trigger_target_dag.py took 0.148 seconds
[2025-12-08T14:28:59.194+0530] {processor.py:157} INFO - Started process (PID=12612) to work on /Users/ramesharra/airflow310/lib/python3.10/site-packages/airflow/example_dags/example_trigger_target_dag.py
[2025-12-08T14:28:59.195+0530] {processor.py:829} INFO - Processing file /Users/ramesharra/airflow310/lib/python3.10/site-packages/airflow/example_dags/example_trigger_target_dag.py for tasks to queue
[2025-12-08T14:28:59.197+0530] {logging_mixin.py:154} INFO - [2025-12-08T14:28:59.197+0530] {dagbag.py:536} INFO - Filling up the DagBag from /Users/ramesharra/airflow310/lib/python3.10/site-packages/airflow/example_dags/example_trigger_target_dag.py
[2025-12-08T14:28:59.235+0530] {processor.py:839} INFO - DAG(s) dict_keys(['example_trigger_target_dag']) retrieved from /Users/ramesharra/airflow310/lib/python3.10/site-packages/airflow/example_dags/example_trigger_target_dag.py
[2025-12-08T14:28:59.343+0530] {logging_mixin.py:154} INFO - [2025-12-08T14:28:59.343+0530] {dag.py:2941} INFO - Sync 1 DAGs
[2025-12-08T14:28:59.352+0530] {logging_mixin.py:154} INFO - [2025-12-08T14:28:59.352+0530] {dag.py:3722} INFO - Setting next_dagrun for example_trigger_target_dag to None, run_after=None
[2025-12-08T14:28:59.366+0530] {processor.py:179} INFO - Processing /Users/ramesharra/airflow310/lib/python3.10/site-packages/airflow/example_dags/example_trigger_target_dag.py took 0.173 seconds
[2025-12-08T14:30:29.202+0530] {processor.py:157} INFO - Started process (PID=12705) to work on /Users/ramesharra/airflow310/lib/python3.10/site-packages/airflow/example_dags/example_trigger_target_dag.py
[2025-12-08T14:30:29.202+0530] {processor.py:829} INFO - Processing file /Users/ramesharra/airflow310/lib/python3.10/site-packages/airflow/example_dags/example_trigger_target_dag.py for tasks to queue
[2025-12-08T14:30:29.204+0530] {logging_mixin.py:154} INFO - [2025-12-08T14:30:29.204+0530] {dagbag.py:536} INFO - Filling up the DagBag from /Users/ramesharra/airflow310/lib/python3.10/site-packages/airflow/example_dags/example_trigger_target_dag.py
[2025-12-08T14:30:29.257+0530] {processor.py:839} INFO - DAG(s) dict_keys(['example_trigger_target_dag']) retrieved from /Users/ramesharra/airflow310/lib/python3.10/site-packages/airflow/example_dags/example_trigger_target_dag.py
[2025-12-08T14:30:29.375+0530] {logging_mixin.py:154} INFO - [2025-12-08T14:30:29.375+0530] {dag.py:2941} INFO - Sync 1 DAGs
[2025-12-08T14:30:29.380+0530] {logging_mixin.py:154} INFO - [2025-12-08T14:30:29.380+0530] {dag.py:3722} INFO - Setting next_dagrun for example_trigger_target_dag to None, run_after=None
[2025-12-08T14:30:29.390+0530] {processor.py:179} INFO - Processing /Users/ramesharra/airflow310/lib/python3.10/site-packages/airflow/example_dags/example_trigger_target_dag.py took 0.189 seconds
[2025-12-08T14:31:31.541+0530] {processor.py:157} INFO - Started process (PID=12765) to work on /Users/ramesharra/airflow310/lib/python3.10/site-packages/airflow/example_dags/example_trigger_target_dag.py
[2025-12-08T14:31:31.541+0530] {processor.py:829} INFO - Processing file /Users/ramesharra/airflow310/lib/python3.10/site-packages/airflow/example_dags/example_trigger_target_dag.py for tasks to queue
[2025-12-08T14:31:31.543+0530] {logging_mixin.py:154} INFO - [2025-12-08T14:31:31.543+0530] {dagbag.py:536} INFO - Filling up the DagBag from /Users/ramesharra/airflow310/lib/python3.10/site-packages/airflow/example_dags/example_trigger_target_dag.py
[2025-12-08T14:31:31.575+0530] {processor.py:839} INFO - DAG(s) dict_keys(['example_trigger_target_dag']) retrieved from /Users/ramesharra/airflow310/lib/python3.10/site-packages/airflow/example_dags/example_trigger_target_dag.py
[2025-12-08T14:31:31.665+0530] {logging_mixin.py:154} INFO - [2025-12-08T14:31:31.665+0530] {dag.py:2941} INFO - Sync 1 DAGs
[2025-12-08T14:31:31.670+0530] {logging_mixin.py:154} INFO - [2025-12-08T14:31:31.670+0530] {dag.py:3722} INFO - Setting next_dagrun for example_trigger_target_dag to None, run_after=None
[2025-12-08T14:31:31.682+0530] {processor.py:179} INFO - Processing /Users/ramesharra/airflow310/lib/python3.10/site-packages/airflow/example_dags/example_trigger_target_dag.py took 0.142 seconds
[2025-12-08T14:32:34.962+0530] {processor.py:157} INFO - Started process (PID=12849) to work on /Users/ramesharra/airflow310/lib/python3.10/site-packages/airflow/example_dags/example_trigger_target_dag.py
[2025-12-08T14:32:34.963+0530] {processor.py:829} INFO - Processing file /Users/ramesharra/airflow310/lib/python3.10/site-packages/airflow/example_dags/example_trigger_target_dag.py for tasks to queue
[2025-12-08T14:32:34.964+0530] {logging_mixin.py:154} INFO - [2025-12-08T14:32:34.964+0530] {dagbag.py:536} INFO - Filling up the DagBag from /Users/ramesharra/airflow310/lib/python3.10/site-packages/airflow/example_dags/example_trigger_target_dag.py
[2025-12-08T14:32:34.997+0530] {processor.py:839} INFO - DAG(s) dict_keys(['example_trigger_target_dag']) retrieved from /Users/ramesharra/airflow310/lib/python3.10/site-packages/airflow/example_dags/example_trigger_target_dag.py
[2025-12-08T14:32:35.093+0530] {logging_mixin.py:154} INFO - [2025-12-08T14:32:35.093+0530] {dag.py:2941} INFO - Sync 1 DAGs
[2025-12-08T14:32:35.098+0530] {logging_mixin.py:154} INFO - [2025-12-08T14:32:35.098+0530] {dag.py:3722} INFO - Setting next_dagrun for example_trigger_target_dag to None, run_after=None
[2025-12-08T14:32:35.108+0530] {processor.py:179} INFO - Processing /Users/ramesharra/airflow310/lib/python3.10/site-packages/airflow/example_dags/example_trigger_target_dag.py took 0.147 seconds
[2025-12-08T14:33:36.342+0530] {processor.py:157} INFO - Started process (PID=12917) to work on /Users/ramesharra/airflow310/lib/python3.10/site-packages/airflow/example_dags/example_trigger_target_dag.py
[2025-12-08T14:33:36.343+0530] {processor.py:829} INFO - Processing file /Users/ramesharra/airflow310/lib/python3.10/site-packages/airflow/example_dags/example_trigger_target_dag.py for tasks to queue
[2025-12-08T14:33:36.345+0530] {logging_mixin.py:154} INFO - [2025-12-08T14:33:36.345+0530] {dagbag.py:536} INFO - Filling up the DagBag from /Users/ramesharra/airflow310/lib/python3.10/site-packages/airflow/example_dags/example_trigger_target_dag.py
[2025-12-08T14:33:36.379+0530] {processor.py:839} INFO - DAG(s) dict_keys(['example_trigger_target_dag']) retrieved from /Users/ramesharra/airflow310/lib/python3.10/site-packages/airflow/example_dags/example_trigger_target_dag.py
[2025-12-08T14:33:36.477+0530] {logging_mixin.py:154} INFO - [2025-12-08T14:33:36.477+0530] {dag.py:2941} INFO - Sync 1 DAGs
[2025-12-08T14:33:36.482+0530] {logging_mixin.py:154} INFO - [2025-12-08T14:33:36.482+0530] {dag.py:3722} INFO - Setting next_dagrun for example_trigger_target_dag to None, run_after=None
[2025-12-08T14:33:36.493+0530] {processor.py:179} INFO - Processing /Users/ramesharra/airflow310/lib/python3.10/site-packages/airflow/example_dags/example_trigger_target_dag.py took 0.151 seconds
[2025-12-08T14:34:38.684+0530] {processor.py:157} INFO - Started process (PID=12993) to work on /Users/ramesharra/airflow310/lib/python3.10/site-packages/airflow/example_dags/example_trigger_target_dag.py
[2025-12-08T14:34:38.685+0530] {processor.py:829} INFO - Processing file /Users/ramesharra/airflow310/lib/python3.10/site-packages/airflow/example_dags/example_trigger_target_dag.py for tasks to queue
[2025-12-08T14:34:38.687+0530] {logging_mixin.py:154} INFO - [2025-12-08T14:34:38.686+0530] {dagbag.py:536} INFO - Filling up the DagBag from /Users/ramesharra/airflow310/lib/python3.10/site-packages/airflow/example_dags/example_trigger_target_dag.py
[2025-12-08T14:34:38.721+0530] {processor.py:839} INFO - DAG(s) dict_keys(['example_trigger_target_dag']) retrieved from /Users/ramesharra/airflow310/lib/python3.10/site-packages/airflow/example_dags/example_trigger_target_dag.py
[2025-12-08T14:34:38.817+0530] {logging_mixin.py:154} INFO - [2025-12-08T14:34:38.817+0530] {dag.py:2941} INFO - Sync 1 DAGs
[2025-12-08T14:34:38.822+0530] {logging_mixin.py:154} INFO - [2025-12-08T14:34:38.822+0530] {dag.py:3722} INFO - Setting next_dagrun for example_trigger_target_dag to None, run_after=None
[2025-12-08T14:34:38.834+0530] {processor.py:179} INFO - Processing /Users/ramesharra/airflow310/lib/python3.10/site-packages/airflow/example_dags/example_trigger_target_dag.py took 0.150 seconds
[2025-12-08T14:35:41.992+0530] {processor.py:157} INFO - Started process (PID=13064) to work on /Users/ramesharra/airflow310/lib/python3.10/site-packages/airflow/example_dags/example_trigger_target_dag.py
[2025-12-08T14:35:41.993+0530] {processor.py:829} INFO - Processing file /Users/ramesharra/airflow310/lib/python3.10/site-packages/airflow/example_dags/example_trigger_target_dag.py for tasks to queue
[2025-12-08T14:35:41.995+0530] {logging_mixin.py:154} INFO - [2025-12-08T14:35:41.995+0530] {dagbag.py:536} INFO - Filling up the DagBag from /Users/ramesharra/airflow310/lib/python3.10/site-packages/airflow/example_dags/example_trigger_target_dag.py
[2025-12-08T14:35:42.039+0530] {processor.py:839} INFO - DAG(s) dict_keys(['example_trigger_target_dag']) retrieved from /Users/ramesharra/airflow310/lib/python3.10/site-packages/airflow/example_dags/example_trigger_target_dag.py
[2025-12-08T14:35:42.152+0530] {logging_mixin.py:154} INFO - [2025-12-08T14:35:42.152+0530] {dag.py:2941} INFO - Sync 1 DAGs
[2025-12-08T14:35:42.158+0530] {logging_mixin.py:154} INFO - [2025-12-08T14:35:42.158+0530] {dag.py:3722} INFO - Setting next_dagrun for example_trigger_target_dag to None, run_after=None
[2025-12-08T14:35:42.171+0530] {processor.py:179} INFO - Processing /Users/ramesharra/airflow310/lib/python3.10/site-packages/airflow/example_dags/example_trigger_target_dag.py took 0.179 seconds
[2025-12-08T14:36:47.683+0530] {processor.py:157} INFO - Started process (PID=13136) to work on /Users/ramesharra/airflow310/lib/python3.10/site-packages/airflow/example_dags/example_trigger_target_dag.py
[2025-12-08T14:36:47.684+0530] {processor.py:829} INFO - Processing file /Users/ramesharra/airflow310/lib/python3.10/site-packages/airflow/example_dags/example_trigger_target_dag.py for tasks to queue
[2025-12-08T14:36:47.686+0530] {logging_mixin.py:154} INFO - [2025-12-08T14:36:47.686+0530] {dagbag.py:536} INFO - Filling up the DagBag from /Users/ramesharra/airflow310/lib/python3.10/site-packages/airflow/example_dags/example_trigger_target_dag.py
[2025-12-08T14:36:47.719+0530] {processor.py:839} INFO - DAG(s) dict_keys(['example_trigger_target_dag']) retrieved from /Users/ramesharra/airflow310/lib/python3.10/site-packages/airflow/example_dags/example_trigger_target_dag.py
[2025-12-08T14:36:47.815+0530] {logging_mixin.py:154} INFO - [2025-12-08T14:36:47.814+0530] {dag.py:2941} INFO - Sync 1 DAGs
[2025-12-08T14:36:47.820+0530] {logging_mixin.py:154} INFO - [2025-12-08T14:36:47.820+0530] {dag.py:3722} INFO - Setting next_dagrun for example_trigger_target_dag to None, run_after=None
[2025-12-08T14:36:47.831+0530] {processor.py:179} INFO - Processing /Users/ramesharra/airflow310/lib/python3.10/site-packages/airflow/example_dags/example_trigger_target_dag.py took 0.149 seconds
[2025-12-08T14:37:54.084+0530] {processor.py:157} INFO - Started process (PID=13207) to work on /Users/ramesharra/airflow310/lib/python3.10/site-packages/airflow/example_dags/example_trigger_target_dag.py
[2025-12-08T14:37:54.085+0530] {processor.py:829} INFO - Processing file /Users/ramesharra/airflow310/lib/python3.10/site-packages/airflow/example_dags/example_trigger_target_dag.py for tasks to queue
[2025-12-08T14:37:54.086+0530] {logging_mixin.py:154} INFO - [2025-12-08T14:37:54.086+0530] {dagbag.py:536} INFO - Filling up the DagBag from /Users/ramesharra/airflow310/lib/python3.10/site-packages/airflow/example_dags/example_trigger_target_dag.py
[2025-12-08T14:37:54.120+0530] {processor.py:839} INFO - DAG(s) dict_keys(['example_trigger_target_dag']) retrieved from /Users/ramesharra/airflow310/lib/python3.10/site-packages/airflow/example_dags/example_trigger_target_dag.py
[2025-12-08T14:37:54.214+0530] {logging_mixin.py:154} INFO - [2025-12-08T14:37:54.214+0530] {dag.py:2941} INFO - Sync 1 DAGs
[2025-12-08T14:37:54.219+0530] {logging_mixin.py:154} INFO - [2025-12-08T14:37:54.219+0530] {dag.py:3722} INFO - Setting next_dagrun for example_trigger_target_dag to None, run_after=None
[2025-12-08T14:37:54.231+0530] {processor.py:179} INFO - Processing /Users/ramesharra/airflow310/lib/python3.10/site-packages/airflow/example_dags/example_trigger_target_dag.py took 0.148 seconds
[2025-12-08T14:39:01.979+0530] {processor.py:157} INFO - Started process (PID=13290) to work on /Users/ramesharra/airflow310/lib/python3.10/site-packages/airflow/example_dags/example_trigger_target_dag.py
[2025-12-08T14:39:01.980+0530] {processor.py:829} INFO - Processing file /Users/ramesharra/airflow310/lib/python3.10/site-packages/airflow/example_dags/example_trigger_target_dag.py for tasks to queue
[2025-12-08T14:39:01.981+0530] {logging_mixin.py:154} INFO - [2025-12-08T14:39:01.981+0530] {dagbag.py:536} INFO - Filling up the DagBag from /Users/ramesharra/airflow310/lib/python3.10/site-packages/airflow/example_dags/example_trigger_target_dag.py
[2025-12-08T14:39:02.015+0530] {processor.py:839} INFO - DAG(s) dict_keys(['example_trigger_target_dag']) retrieved from /Users/ramesharra/airflow310/lib/python3.10/site-packages/airflow/example_dags/example_trigger_target_dag.py
[2025-12-08T14:39:02.116+0530] {logging_mixin.py:154} INFO - [2025-12-08T14:39:02.115+0530] {dag.py:2941} INFO - Sync 1 DAGs
[2025-12-08T14:39:02.122+0530] {logging_mixin.py:154} INFO - [2025-12-08T14:39:02.122+0530] {dag.py:3722} INFO - Setting next_dagrun for example_trigger_target_dag to None, run_after=None
[2025-12-08T14:39:02.133+0530] {processor.py:179} INFO - Processing /Users/ramesharra/airflow310/lib/python3.10/site-packages/airflow/example_dags/example_trigger_target_dag.py took 0.154 seconds
[2025-12-08T14:40:08.152+0530] {processor.py:157} INFO - Started process (PID=13366) to work on /Users/ramesharra/airflow310/lib/python3.10/site-packages/airflow/example_dags/example_trigger_target_dag.py
[2025-12-08T14:40:08.153+0530] {processor.py:829} INFO - Processing file /Users/ramesharra/airflow310/lib/python3.10/site-packages/airflow/example_dags/example_trigger_target_dag.py for tasks to queue
[2025-12-08T14:40:08.154+0530] {logging_mixin.py:154} INFO - [2025-12-08T14:40:08.154+0530] {dagbag.py:536} INFO - Filling up the DagBag from /Users/ramesharra/airflow310/lib/python3.10/site-packages/airflow/example_dags/example_trigger_target_dag.py
[2025-12-08T14:40:08.188+0530] {processor.py:839} INFO - DAG(s) dict_keys(['example_trigger_target_dag']) retrieved from /Users/ramesharra/airflow310/lib/python3.10/site-packages/airflow/example_dags/example_trigger_target_dag.py
[2025-12-08T14:40:08.283+0530] {logging_mixin.py:154} INFO - [2025-12-08T14:40:08.283+0530] {dag.py:2941} INFO - Sync 1 DAGs
[2025-12-08T14:40:08.288+0530] {logging_mixin.py:154} INFO - [2025-12-08T14:40:08.288+0530] {dag.py:3722} INFO - Setting next_dagrun for example_trigger_target_dag to None, run_after=None
[2025-12-08T14:40:08.299+0530] {processor.py:179} INFO - Processing /Users/ramesharra/airflow310/lib/python3.10/site-packages/airflow/example_dags/example_trigger_target_dag.py took 0.148 seconds
[2025-12-08T14:41:13.283+0530] {processor.py:157} INFO - Started process (PID=13445) to work on /Users/ramesharra/airflow310/lib/python3.10/site-packages/airflow/example_dags/example_trigger_target_dag.py
[2025-12-08T14:41:13.283+0530] {processor.py:829} INFO - Processing file /Users/ramesharra/airflow310/lib/python3.10/site-packages/airflow/example_dags/example_trigger_target_dag.py for tasks to queue
[2025-12-08T14:41:13.285+0530] {logging_mixin.py:154} INFO - [2025-12-08T14:41:13.285+0530] {dagbag.py:536} INFO - Filling up the DagBag from /Users/ramesharra/airflow310/lib/python3.10/site-packages/airflow/example_dags/example_trigger_target_dag.py
[2025-12-08T14:41:13.329+0530] {processor.py:839} INFO - DAG(s) dict_keys(['example_trigger_target_dag']) retrieved from /Users/ramesharra/airflow310/lib/python3.10/site-packages/airflow/example_dags/example_trigger_target_dag.py
[2025-12-08T14:41:13.437+0530] {logging_mixin.py:154} INFO - [2025-12-08T14:41:13.437+0530] {dag.py:2941} INFO - Sync 1 DAGs
[2025-12-08T14:41:13.442+0530] {logging_mixin.py:154} INFO - [2025-12-08T14:41:13.442+0530] {dag.py:3722} INFO - Setting next_dagrun for example_trigger_target_dag to None, run_after=None
[2025-12-08T14:41:13.453+0530] {processor.py:179} INFO - Processing /Users/ramesharra/airflow310/lib/python3.10/site-packages/airflow/example_dags/example_trigger_target_dag.py took 0.171 seconds
[2025-12-08T14:42:20.466+0530] {processor.py:157} INFO - Started process (PID=13522) to work on /Users/ramesharra/airflow310/lib/python3.10/site-packages/airflow/example_dags/example_trigger_target_dag.py
[2025-12-08T14:42:20.468+0530] {processor.py:829} INFO - Processing file /Users/ramesharra/airflow310/lib/python3.10/site-packages/airflow/example_dags/example_trigger_target_dag.py for tasks to queue
[2025-12-08T14:42:20.469+0530] {logging_mixin.py:154} INFO - [2025-12-08T14:42:20.469+0530] {dagbag.py:536} INFO - Filling up the DagBag from /Users/ramesharra/airflow310/lib/python3.10/site-packages/airflow/example_dags/example_trigger_target_dag.py
[2025-12-08T14:42:20.500+0530] {processor.py:839} INFO - DAG(s) dict_keys(['example_trigger_target_dag']) retrieved from /Users/ramesharra/airflow310/lib/python3.10/site-packages/airflow/example_dags/example_trigger_target_dag.py
[2025-12-08T14:42:20.593+0530] {logging_mixin.py:154} INFO - [2025-12-08T14:42:20.593+0530] {dag.py:2941} INFO - Sync 1 DAGs
[2025-12-08T14:42:20.598+0530] {logging_mixin.py:154} INFO - [2025-12-08T14:42:20.598+0530] {dag.py:3722} INFO - Setting next_dagrun for example_trigger_target_dag to None, run_after=None
[2025-12-08T14:42:20.608+0530] {processor.py:179} INFO - Processing /Users/ramesharra/airflow310/lib/python3.10/site-packages/airflow/example_dags/example_trigger_target_dag.py took 0.142 seconds
[2025-12-08T14:43:24.447+0530] {processor.py:157} INFO - Started process (PID=13591) to work on /Users/ramesharra/airflow310/lib/python3.10/site-packages/airflow/example_dags/example_trigger_target_dag.py
[2025-12-08T14:43:24.447+0530] {processor.py:829} INFO - Processing file /Users/ramesharra/airflow310/lib/python3.10/site-packages/airflow/example_dags/example_trigger_target_dag.py for tasks to queue
[2025-12-08T14:43:24.449+0530] {logging_mixin.py:154} INFO - [2025-12-08T14:43:24.449+0530] {dagbag.py:536} INFO - Filling up the DagBag from /Users/ramesharra/airflow310/lib/python3.10/site-packages/airflow/example_dags/example_trigger_target_dag.py
[2025-12-08T14:43:24.482+0530] {processor.py:839} INFO - DAG(s) dict_keys(['example_trigger_target_dag']) retrieved from /Users/ramesharra/airflow310/lib/python3.10/site-packages/airflow/example_dags/example_trigger_target_dag.py
[2025-12-08T14:43:24.579+0530] {logging_mixin.py:154} INFO - [2025-12-08T14:43:24.578+0530] {dag.py:2941} INFO - Sync 1 DAGs
[2025-12-08T14:43:24.584+0530] {logging_mixin.py:154} INFO - [2025-12-08T14:43:24.584+0530] {dag.py:3722} INFO - Setting next_dagrun for example_trigger_target_dag to None, run_after=None
[2025-12-08T14:43:24.595+0530] {processor.py:179} INFO - Processing /Users/ramesharra/airflow310/lib/python3.10/site-packages/airflow/example_dags/example_trigger_target_dag.py took 0.149 seconds
[2025-12-08T14:44:29.803+0530] {processor.py:157} INFO - Started process (PID=13659) to work on /Users/ramesharra/airflow310/lib/python3.10/site-packages/airflow/example_dags/example_trigger_target_dag.py
[2025-12-08T14:44:29.804+0530] {processor.py:829} INFO - Processing file /Users/ramesharra/airflow310/lib/python3.10/site-packages/airflow/example_dags/example_trigger_target_dag.py for tasks to queue
[2025-12-08T14:44:29.805+0530] {logging_mixin.py:154} INFO - [2025-12-08T14:44:29.805+0530] {dagbag.py:536} INFO - Filling up the DagBag from /Users/ramesharra/airflow310/lib/python3.10/site-packages/airflow/example_dags/example_trigger_target_dag.py
[2025-12-08T14:44:29.840+0530] {processor.py:839} INFO - DAG(s) dict_keys(['example_trigger_target_dag']) retrieved from /Users/ramesharra/airflow310/lib/python3.10/site-packages/airflow/example_dags/example_trigger_target_dag.py
[2025-12-08T14:44:29.939+0530] {logging_mixin.py:154} INFO - [2025-12-08T14:44:29.939+0530] {dag.py:2941} INFO - Sync 1 DAGs
[2025-12-08T14:44:29.944+0530] {logging_mixin.py:154} INFO - [2025-12-08T14:44:29.944+0530] {dag.py:3722} INFO - Setting next_dagrun for example_trigger_target_dag to None, run_after=None
[2025-12-08T14:44:29.955+0530] {processor.py:179} INFO - Processing /Users/ramesharra/airflow310/lib/python3.10/site-packages/airflow/example_dags/example_trigger_target_dag.py took 0.152 seconds
[2025-12-08T14:45:33.661+0530] {processor.py:157} INFO - Started process (PID=13731) to work on /Users/ramesharra/airflow310/lib/python3.10/site-packages/airflow/example_dags/example_trigger_target_dag.py
[2025-12-08T14:45:33.662+0530] {processor.py:829} INFO - Processing file /Users/ramesharra/airflow310/lib/python3.10/site-packages/airflow/example_dags/example_trigger_target_dag.py for tasks to queue
[2025-12-08T14:45:33.664+0530] {logging_mixin.py:154} INFO - [2025-12-08T14:45:33.664+0530] {dagbag.py:536} INFO - Filling up the DagBag from /Users/ramesharra/airflow310/lib/python3.10/site-packages/airflow/example_dags/example_trigger_target_dag.py
[2025-12-08T14:45:33.700+0530] {processor.py:839} INFO - DAG(s) dict_keys(['example_trigger_target_dag']) retrieved from /Users/ramesharra/airflow310/lib/python3.10/site-packages/airflow/example_dags/example_trigger_target_dag.py
[2025-12-08T14:45:33.798+0530] {logging_mixin.py:154} INFO - [2025-12-08T14:45:33.798+0530] {dag.py:2941} INFO - Sync 1 DAGs
[2025-12-08T14:45:33.803+0530] {logging_mixin.py:154} INFO - [2025-12-08T14:45:33.803+0530] {dag.py:3722} INFO - Setting next_dagrun for example_trigger_target_dag to None, run_after=None
[2025-12-08T14:45:33.815+0530] {processor.py:179} INFO - Processing /Users/ramesharra/airflow310/lib/python3.10/site-packages/airflow/example_dags/example_trigger_target_dag.py took 0.154 seconds
[2025-12-08T14:46:35.843+0530] {processor.py:157} INFO - Started process (PID=13797) to work on /Users/ramesharra/airflow310/lib/python3.10/site-packages/airflow/example_dags/example_trigger_target_dag.py
[2025-12-08T14:46:35.845+0530] {processor.py:829} INFO - Processing file /Users/ramesharra/airflow310/lib/python3.10/site-packages/airflow/example_dags/example_trigger_target_dag.py for tasks to queue
[2025-12-08T14:46:35.846+0530] {logging_mixin.py:154} INFO - [2025-12-08T14:46:35.846+0530] {dagbag.py:536} INFO - Filling up the DagBag from /Users/ramesharra/airflow310/lib/python3.10/site-packages/airflow/example_dags/example_trigger_target_dag.py
[2025-12-08T14:46:35.880+0530] {processor.py:839} INFO - DAG(s) dict_keys(['example_trigger_target_dag']) retrieved from /Users/ramesharra/airflow310/lib/python3.10/site-packages/airflow/example_dags/example_trigger_target_dag.py
[2025-12-08T14:46:35.986+0530] {logging_mixin.py:154} INFO - [2025-12-08T14:46:35.985+0530] {dag.py:2941} INFO - Sync 1 DAGs
[2025-12-08T14:46:35.991+0530] {logging_mixin.py:154} INFO - [2025-12-08T14:46:35.991+0530] {dag.py:3722} INFO - Setting next_dagrun for example_trigger_target_dag to None, run_after=None
[2025-12-08T14:46:36.003+0530] {processor.py:179} INFO - Processing /Users/ramesharra/airflow310/lib/python3.10/site-packages/airflow/example_dags/example_trigger_target_dag.py took 0.161 seconds
[2025-12-08T14:47:43.700+0530] {processor.py:157} INFO - Started process (PID=13885) to work on /Users/ramesharra/airflow310/lib/python3.10/site-packages/airflow/example_dags/example_trigger_target_dag.py
[2025-12-08T14:47:43.702+0530] {processor.py:829} INFO - Processing file /Users/ramesharra/airflow310/lib/python3.10/site-packages/airflow/example_dags/example_trigger_target_dag.py for tasks to queue
[2025-12-08T14:47:43.703+0530] {logging_mixin.py:154} INFO - [2025-12-08T14:47:43.703+0530] {dagbag.py:536} INFO - Filling up the DagBag from /Users/ramesharra/airflow310/lib/python3.10/site-packages/airflow/example_dags/example_trigger_target_dag.py
[2025-12-08T14:47:43.737+0530] {processor.py:839} INFO - DAG(s) dict_keys(['example_trigger_target_dag']) retrieved from /Users/ramesharra/airflow310/lib/python3.10/site-packages/airflow/example_dags/example_trigger_target_dag.py
[2025-12-08T14:47:43.836+0530] {logging_mixin.py:154} INFO - [2025-12-08T14:47:43.835+0530] {dag.py:2941} INFO - Sync 1 DAGs
[2025-12-08T14:47:43.841+0530] {logging_mixin.py:154} INFO - [2025-12-08T14:47:43.841+0530] {dag.py:3722} INFO - Setting next_dagrun for example_trigger_target_dag to None, run_after=None
[2025-12-08T14:47:43.853+0530] {processor.py:179} INFO - Processing /Users/ramesharra/airflow310/lib/python3.10/site-packages/airflow/example_dags/example_trigger_target_dag.py took 0.153 seconds
[2025-12-08T14:48:52.003+0530] {processor.py:157} INFO - Started process (PID=13965) to work on /Users/ramesharra/airflow310/lib/python3.10/site-packages/airflow/example_dags/example_trigger_target_dag.py
[2025-12-08T14:48:52.004+0530] {processor.py:829} INFO - Processing file /Users/ramesharra/airflow310/lib/python3.10/site-packages/airflow/example_dags/example_trigger_target_dag.py for tasks to queue
[2025-12-08T14:48:52.005+0530] {logging_mixin.py:154} INFO - [2025-12-08T14:48:52.005+0530] {dagbag.py:536} INFO - Filling up the DagBag from /Users/ramesharra/airflow310/lib/python3.10/site-packages/airflow/example_dags/example_trigger_target_dag.py
[2025-12-08T14:48:52.041+0530] {processor.py:839} INFO - DAG(s) dict_keys(['example_trigger_target_dag']) retrieved from /Users/ramesharra/airflow310/lib/python3.10/site-packages/airflow/example_dags/example_trigger_target_dag.py
[2025-12-08T14:48:52.140+0530] {logging_mixin.py:154} INFO - [2025-12-08T14:48:52.139+0530] {dag.py:2941} INFO - Sync 1 DAGs
[2025-12-08T14:48:52.146+0530] {logging_mixin.py:154} INFO - [2025-12-08T14:48:52.146+0530] {dag.py:3722} INFO - Setting next_dagrun for example_trigger_target_dag to None, run_after=None
[2025-12-08T14:48:52.157+0530] {processor.py:179} INFO - Processing /Users/ramesharra/airflow310/lib/python3.10/site-packages/airflow/example_dags/example_trigger_target_dag.py took 0.154 seconds
[2025-12-08T14:49:58.693+0530] {processor.py:157} INFO - Started process (PID=14032) to work on /Users/ramesharra/airflow310/lib/python3.10/site-packages/airflow/example_dags/example_trigger_target_dag.py
[2025-12-08T14:49:58.694+0530] {processor.py:829} INFO - Processing file /Users/ramesharra/airflow310/lib/python3.10/site-packages/airflow/example_dags/example_trigger_target_dag.py for tasks to queue
[2025-12-08T14:49:58.696+0530] {logging_mixin.py:154} INFO - [2025-12-08T14:49:58.695+0530] {dagbag.py:536} INFO - Filling up the DagBag from /Users/ramesharra/airflow310/lib/python3.10/site-packages/airflow/example_dags/example_trigger_target_dag.py
[2025-12-08T14:49:58.734+0530] {processor.py:839} INFO - DAG(s) dict_keys(['example_trigger_target_dag']) retrieved from /Users/ramesharra/airflow310/lib/python3.10/site-packages/airflow/example_dags/example_trigger_target_dag.py
[2025-12-08T14:49:58.860+0530] {logging_mixin.py:154} INFO - [2025-12-08T14:49:58.860+0530] {dag.py:2941} INFO - Sync 1 DAGs
[2025-12-08T14:49:58.869+0530] {logging_mixin.py:154} INFO - [2025-12-08T14:49:58.869+0530] {dag.py:3722} INFO - Setting next_dagrun for example_trigger_target_dag to None, run_after=None
[2025-12-08T14:49:58.884+0530] {processor.py:179} INFO - Processing /Users/ramesharra/airflow310/lib/python3.10/site-packages/airflow/example_dags/example_trigger_target_dag.py took 0.192 seconds
[2025-12-08T14:51:04.780+0530] {processor.py:157} INFO - Started process (PID=14111) to work on /Users/ramesharra/airflow310/lib/python3.10/site-packages/airflow/example_dags/example_trigger_target_dag.py
[2025-12-08T14:51:04.781+0530] {processor.py:829} INFO - Processing file /Users/ramesharra/airflow310/lib/python3.10/site-packages/airflow/example_dags/example_trigger_target_dag.py for tasks to queue
[2025-12-08T14:51:04.782+0530] {logging_mixin.py:154} INFO - [2025-12-08T14:51:04.782+0530] {dagbag.py:536} INFO - Filling up the DagBag from /Users/ramesharra/airflow310/lib/python3.10/site-packages/airflow/example_dags/example_trigger_target_dag.py
[2025-12-08T14:51:04.816+0530] {processor.py:839} INFO - DAG(s) dict_keys(['example_trigger_target_dag']) retrieved from /Users/ramesharra/airflow310/lib/python3.10/site-packages/airflow/example_dags/example_trigger_target_dag.py
[2025-12-08T14:51:04.917+0530] {logging_mixin.py:154} INFO - [2025-12-08T14:51:04.917+0530] {dag.py:2941} INFO - Sync 1 DAGs
[2025-12-08T14:51:04.923+0530] {logging_mixin.py:154} INFO - [2025-12-08T14:51:04.923+0530] {dag.py:3722} INFO - Setting next_dagrun for example_trigger_target_dag to None, run_after=None
[2025-12-08T14:51:04.934+0530] {processor.py:179} INFO - Processing /Users/ramesharra/airflow310/lib/python3.10/site-packages/airflow/example_dags/example_trigger_target_dag.py took 0.155 seconds
