[2025-12-08T14:15:07.202+0530] {processor.py:157} INFO - Started process (PID=11539) to work on /Users/ramesharra/airflow310/lib/python3.10/site-packages/airflow/example_dags/tutorial_taskflow_api_virtualenv.py
[2025-12-08T14:15:07.203+0530] {processor.py:829} INFO - Processing file /Users/ramesharra/airflow310/lib/python3.10/site-packages/airflow/example_dags/tutorial_taskflow_api_virtualenv.py for tasks to queue
[2025-12-08T14:15:07.204+0530] {logging_mixin.py:154} INFO - [2025-12-08T14:15:07.204+0530] {dagbag.py:536} INFO - Filling up the DagBag from /Users/ramesharra/airflow310/lib/python3.10/site-packages/airflow/example_dags/tutorial_taskflow_api_virtualenv.py
[2025-12-08T14:15:07.245+0530] {logging_mixin.py:154} INFO - [2025-12-08T14:15:07.245+0530] {tutorial_taskflow_api_virtualenv.py:29} WARNING - The tutorial_taskflow_api_virtualenv example DAG requires virtualenv, please install it.
[2025-12-08T14:15:07.245+0530] {processor.py:841} WARNING - No viable dags retrieved from /Users/ramesharra/airflow310/lib/python3.10/site-packages/airflow/example_dags/tutorial_taskflow_api_virtualenv.py
[2025-12-08T14:15:07.302+0530] {processor.py:179} INFO - Processing /Users/ramesharra/airflow310/lib/python3.10/site-packages/airflow/example_dags/tutorial_taskflow_api_virtualenv.py took 0.100 seconds
[2025-12-08T14:16:45.630+0530] {processor.py:157} INFO - Started process (PID=11661) to work on /Users/ramesharra/airflow310/lib/python3.10/site-packages/airflow/example_dags/tutorial_taskflow_api_virtualenv.py
[2025-12-08T14:16:45.631+0530] {processor.py:829} INFO - Processing file /Users/ramesharra/airflow310/lib/python3.10/site-packages/airflow/example_dags/tutorial_taskflow_api_virtualenv.py for tasks to queue
[2025-12-08T14:16:45.632+0530] {logging_mixin.py:154} INFO - [2025-12-08T14:16:45.632+0530] {dagbag.py:536} INFO - Filling up the DagBag from /Users/ramesharra/airflow310/lib/python3.10/site-packages/airflow/example_dags/tutorial_taskflow_api_virtualenv.py
[2025-12-08T14:16:45.671+0530] {logging_mixin.py:154} INFO - [2025-12-08T14:16:45.671+0530] {tutorial_taskflow_api_virtualenv.py:29} WARNING - The tutorial_taskflow_api_virtualenv example DAG requires virtualenv, please install it.
[2025-12-08T14:16:45.671+0530] {processor.py:841} WARNING - No viable dags retrieved from /Users/ramesharra/airflow310/lib/python3.10/site-packages/airflow/example_dags/tutorial_taskflow_api_virtualenv.py
[2025-12-08T14:16:45.732+0530] {processor.py:179} INFO - Processing /Users/ramesharra/airflow310/lib/python3.10/site-packages/airflow/example_dags/tutorial_taskflow_api_virtualenv.py took 0.103 seconds
[2025-12-08T14:17:53.607+0530] {processor.py:157} INFO - Started process (PID=11741) to work on /Users/ramesharra/airflow310/lib/python3.10/site-packages/airflow/example_dags/tutorial_taskflow_api_virtualenv.py
[2025-12-08T14:17:53.608+0530] {processor.py:829} INFO - Processing file /Users/ramesharra/airflow310/lib/python3.10/site-packages/airflow/example_dags/tutorial_taskflow_api_virtualenv.py for tasks to queue
[2025-12-08T14:17:53.610+0530] {logging_mixin.py:154} INFO - [2025-12-08T14:17:53.610+0530] {dagbag.py:536} INFO - Filling up the DagBag from /Users/ramesharra/airflow310/lib/python3.10/site-packages/airflow/example_dags/tutorial_taskflow_api_virtualenv.py
[2025-12-08T14:17:53.646+0530] {logging_mixin.py:154} INFO - [2025-12-08T14:17:53.646+0530] {tutorial_taskflow_api_virtualenv.py:29} WARNING - The tutorial_taskflow_api_virtualenv example DAG requires virtualenv, please install it.
[2025-12-08T14:17:53.646+0530] {processor.py:841} WARNING - No viable dags retrieved from /Users/ramesharra/airflow310/lib/python3.10/site-packages/airflow/example_dags/tutorial_taskflow_api_virtualenv.py
[2025-12-08T14:17:53.708+0530] {processor.py:179} INFO - Processing /Users/ramesharra/airflow310/lib/python3.10/site-packages/airflow/example_dags/tutorial_taskflow_api_virtualenv.py took 0.101 seconds
[2025-12-08T14:20:05.917+0530] {processor.py:157} INFO - Started process (PID=11825) to work on /Users/ramesharra/airflow310/lib/python3.10/site-packages/airflow/example_dags/tutorial_taskflow_api_virtualenv.py
[2025-12-08T14:20:05.919+0530] {processor.py:829} INFO - Processing file /Users/ramesharra/airflow310/lib/python3.10/site-packages/airflow/example_dags/tutorial_taskflow_api_virtualenv.py for tasks to queue
[2025-12-08T14:20:05.920+0530] {logging_mixin.py:154} INFO - [2025-12-08T14:20:05.920+0530] {dagbag.py:536} INFO - Filling up the DagBag from /Users/ramesharra/airflow310/lib/python3.10/site-packages/airflow/example_dags/tutorial_taskflow_api_virtualenv.py
[2025-12-08T14:20:05.947+0530] {logging_mixin.py:154} INFO - [2025-12-08T14:20:05.947+0530] {tutorial_taskflow_api_virtualenv.py:29} WARNING - The tutorial_taskflow_api_virtualenv example DAG requires virtualenv, please install it.
[2025-12-08T14:20:05.947+0530] {processor.py:841} WARNING - No viable dags retrieved from /Users/ramesharra/airflow310/lib/python3.10/site-packages/airflow/example_dags/tutorial_taskflow_api_virtualenv.py
[2025-12-08T14:20:06.005+0530] {processor.py:179} INFO - Processing /Users/ramesharra/airflow310/lib/python3.10/site-packages/airflow/example_dags/tutorial_taskflow_api_virtualenv.py took 0.088 seconds
[2025-12-08T14:21:28.510+0530] {processor.py:157} INFO - Started process (PID=11920) to work on /Users/ramesharra/airflow310/lib/python3.10/site-packages/airflow/example_dags/tutorial_taskflow_api_virtualenv.py
[2025-12-08T14:21:28.510+0530] {processor.py:829} INFO - Processing file /Users/ramesharra/airflow310/lib/python3.10/site-packages/airflow/example_dags/tutorial_taskflow_api_virtualenv.py for tasks to queue
[2025-12-08T14:21:28.512+0530] {logging_mixin.py:154} INFO - [2025-12-08T14:21:28.512+0530] {dagbag.py:536} INFO - Filling up the DagBag from /Users/ramesharra/airflow310/lib/python3.10/site-packages/airflow/example_dags/tutorial_taskflow_api_virtualenv.py
[2025-12-08T14:21:28.545+0530] {logging_mixin.py:154} INFO - [2025-12-08T14:21:28.545+0530] {tutorial_taskflow_api_virtualenv.py:29} WARNING - The tutorial_taskflow_api_virtualenv example DAG requires virtualenv, please install it.
[2025-12-08T14:21:28.545+0530] {processor.py:841} WARNING - No viable dags retrieved from /Users/ramesharra/airflow310/lib/python3.10/site-packages/airflow/example_dags/tutorial_taskflow_api_virtualenv.py
[2025-12-08T14:21:28.605+0530] {processor.py:179} INFO - Processing /Users/ramesharra/airflow310/lib/python3.10/site-packages/airflow/example_dags/tutorial_taskflow_api_virtualenv.py took 0.095 seconds
[2025-12-08T14:22:31.405+0530] {processor.py:157} INFO - Started process (PID=11994) to work on /Users/ramesharra/airflow310/lib/python3.10/site-packages/airflow/example_dags/tutorial_taskflow_api_virtualenv.py
[2025-12-08T14:22:31.405+0530] {processor.py:829} INFO - Processing file /Users/ramesharra/airflow310/lib/python3.10/site-packages/airflow/example_dags/tutorial_taskflow_api_virtualenv.py for tasks to queue
[2025-12-08T14:22:31.407+0530] {logging_mixin.py:154} INFO - [2025-12-08T14:22:31.407+0530] {dagbag.py:536} INFO - Filling up the DagBag from /Users/ramesharra/airflow310/lib/python3.10/site-packages/airflow/example_dags/tutorial_taskflow_api_virtualenv.py
[2025-12-08T14:22:31.442+0530] {logging_mixin.py:154} INFO - [2025-12-08T14:22:31.441+0530] {tutorial_taskflow_api_virtualenv.py:29} WARNING - The tutorial_taskflow_api_virtualenv example DAG requires virtualenv, please install it.
[2025-12-08T14:22:31.442+0530] {processor.py:841} WARNING - No viable dags retrieved from /Users/ramesharra/airflow310/lib/python3.10/site-packages/airflow/example_dags/tutorial_taskflow_api_virtualenv.py
[2025-12-08T14:22:31.509+0530] {processor.py:179} INFO - Processing /Users/ramesharra/airflow310/lib/python3.10/site-packages/airflow/example_dags/tutorial_taskflow_api_virtualenv.py took 0.105 seconds
[2025-12-08T14:23:36.332+0530] {processor.py:157} INFO - Started process (PID=12231) to work on /Users/ramesharra/airflow310/lib/python3.10/site-packages/airflow/example_dags/tutorial_taskflow_api_virtualenv.py
[2025-12-08T14:23:36.332+0530] {processor.py:829} INFO - Processing file /Users/ramesharra/airflow310/lib/python3.10/site-packages/airflow/example_dags/tutorial_taskflow_api_virtualenv.py for tasks to queue
[2025-12-08T14:23:36.334+0530] {logging_mixin.py:154} INFO - [2025-12-08T14:23:36.334+0530] {dagbag.py:536} INFO - Filling up the DagBag from /Users/ramesharra/airflow310/lib/python3.10/site-packages/airflow/example_dags/tutorial_taskflow_api_virtualenv.py
[2025-12-08T14:23:36.368+0530] {logging_mixin.py:154} INFO - [2025-12-08T14:23:36.368+0530] {tutorial_taskflow_api_virtualenv.py:29} WARNING - The tutorial_taskflow_api_virtualenv example DAG requires virtualenv, please install it.
[2025-12-08T14:23:36.368+0530] {processor.py:841} WARNING - No viable dags retrieved from /Users/ramesharra/airflow310/lib/python3.10/site-packages/airflow/example_dags/tutorial_taskflow_api_virtualenv.py
[2025-12-08T14:23:36.431+0530] {processor.py:179} INFO - Processing /Users/ramesharra/airflow310/lib/python3.10/site-packages/airflow/example_dags/tutorial_taskflow_api_virtualenv.py took 0.099 seconds
[2025-12-08T14:24:37.063+0530] {processor.py:157} INFO - Started process (PID=12292) to work on /Users/ramesharra/airflow310/lib/python3.10/site-packages/airflow/example_dags/tutorial_taskflow_api_virtualenv.py
[2025-12-08T14:24:37.064+0530] {processor.py:829} INFO - Processing file /Users/ramesharra/airflow310/lib/python3.10/site-packages/airflow/example_dags/tutorial_taskflow_api_virtualenv.py for tasks to queue
[2025-12-08T14:24:37.065+0530] {logging_mixin.py:154} INFO - [2025-12-08T14:24:37.065+0530] {dagbag.py:536} INFO - Filling up the DagBag from /Users/ramesharra/airflow310/lib/python3.10/site-packages/airflow/example_dags/tutorial_taskflow_api_virtualenv.py
[2025-12-08T14:24:37.102+0530] {logging_mixin.py:154} INFO - [2025-12-08T14:24:37.102+0530] {tutorial_taskflow_api_virtualenv.py:29} WARNING - The tutorial_taskflow_api_virtualenv example DAG requires virtualenv, please install it.
[2025-12-08T14:24:37.102+0530] {processor.py:841} WARNING - No viable dags retrieved from /Users/ramesharra/airflow310/lib/python3.10/site-packages/airflow/example_dags/tutorial_taskflow_api_virtualenv.py
[2025-12-08T14:24:37.169+0530] {processor.py:179} INFO - Processing /Users/ramesharra/airflow310/lib/python3.10/site-packages/airflow/example_dags/tutorial_taskflow_api_virtualenv.py took 0.107 seconds
[2025-12-08T14:25:51.910+0530] {processor.py:157} INFO - Started process (PID=12403) to work on /Users/ramesharra/airflow310/lib/python3.10/site-packages/airflow/example_dags/tutorial_taskflow_api_virtualenv.py
[2025-12-08T14:25:51.910+0530] {processor.py:829} INFO - Processing file /Users/ramesharra/airflow310/lib/python3.10/site-packages/airflow/example_dags/tutorial_taskflow_api_virtualenv.py for tasks to queue
[2025-12-08T14:25:51.912+0530] {logging_mixin.py:154} INFO - [2025-12-08T14:25:51.912+0530] {dagbag.py:536} INFO - Filling up the DagBag from /Users/ramesharra/airflow310/lib/python3.10/site-packages/airflow/example_dags/tutorial_taskflow_api_virtualenv.py
[2025-12-08T14:25:51.948+0530] {logging_mixin.py:154} INFO - [2025-12-08T14:25:51.948+0530] {tutorial_taskflow_api_virtualenv.py:29} WARNING - The tutorial_taskflow_api_virtualenv example DAG requires virtualenv, please install it.
[2025-12-08T14:25:51.948+0530] {processor.py:841} WARNING - No viable dags retrieved from /Users/ramesharra/airflow310/lib/python3.10/site-packages/airflow/example_dags/tutorial_taskflow_api_virtualenv.py
[2025-12-08T14:25:52.043+0530] {processor.py:179} INFO - Processing /Users/ramesharra/airflow310/lib/python3.10/site-packages/airflow/example_dags/tutorial_taskflow_api_virtualenv.py took 0.134 seconds
[2025-12-08T14:27:27.314+0530] {processor.py:157} INFO - Started process (PID=12511) to work on /Users/ramesharra/airflow310/lib/python3.10/site-packages/airflow/example_dags/tutorial_taskflow_api_virtualenv.py
[2025-12-08T14:27:27.315+0530] {processor.py:829} INFO - Processing file /Users/ramesharra/airflow310/lib/python3.10/site-packages/airflow/example_dags/tutorial_taskflow_api_virtualenv.py for tasks to queue
[2025-12-08T14:27:27.316+0530] {logging_mixin.py:154} INFO - [2025-12-08T14:27:27.316+0530] {dagbag.py:536} INFO - Filling up the DagBag from /Users/ramesharra/airflow310/lib/python3.10/site-packages/airflow/example_dags/tutorial_taskflow_api_virtualenv.py
[2025-12-08T14:27:27.351+0530] {logging_mixin.py:154} INFO - [2025-12-08T14:27:27.351+0530] {tutorial_taskflow_api_virtualenv.py:29} WARNING - The tutorial_taskflow_api_virtualenv example DAG requires virtualenv, please install it.
[2025-12-08T14:27:27.351+0530] {processor.py:841} WARNING - No viable dags retrieved from /Users/ramesharra/airflow310/lib/python3.10/site-packages/airflow/example_dags/tutorial_taskflow_api_virtualenv.py
[2025-12-08T14:27:27.414+0530] {processor.py:179} INFO - Processing /Users/ramesharra/airflow310/lib/python3.10/site-packages/airflow/example_dags/tutorial_taskflow_api_virtualenv.py took 0.100 seconds
[2025-12-08T14:28:47.290+0530] {processor.py:157} INFO - Started process (PID=12602) to work on /Users/ramesharra/airflow310/lib/python3.10/site-packages/airflow/example_dags/tutorial_taskflow_api_virtualenv.py
[2025-12-08T14:28:47.291+0530] {processor.py:829} INFO - Processing file /Users/ramesharra/airflow310/lib/python3.10/site-packages/airflow/example_dags/tutorial_taskflow_api_virtualenv.py for tasks to queue
[2025-12-08T14:28:47.293+0530] {logging_mixin.py:154} INFO - [2025-12-08T14:28:47.293+0530] {dagbag.py:536} INFO - Filling up the DagBag from /Users/ramesharra/airflow310/lib/python3.10/site-packages/airflow/example_dags/tutorial_taskflow_api_virtualenv.py
[2025-12-08T14:28:47.326+0530] {logging_mixin.py:154} INFO - [2025-12-08T14:28:47.326+0530] {tutorial_taskflow_api_virtualenv.py:29} WARNING - The tutorial_taskflow_api_virtualenv example DAG requires virtualenv, please install it.
[2025-12-08T14:28:47.326+0530] {processor.py:841} WARNING - No viable dags retrieved from /Users/ramesharra/airflow310/lib/python3.10/site-packages/airflow/example_dags/tutorial_taskflow_api_virtualenv.py
[2025-12-08T14:28:47.396+0530] {processor.py:179} INFO - Processing /Users/ramesharra/airflow310/lib/python3.10/site-packages/airflow/example_dags/tutorial_taskflow_api_virtualenv.py took 0.107 seconds
[2025-12-08T14:30:17.585+0530] {processor.py:157} INFO - Started process (PID=12691) to work on /Users/ramesharra/airflow310/lib/python3.10/site-packages/airflow/example_dags/tutorial_taskflow_api_virtualenv.py
[2025-12-08T14:30:17.586+0530] {processor.py:829} INFO - Processing file /Users/ramesharra/airflow310/lib/python3.10/site-packages/airflow/example_dags/tutorial_taskflow_api_virtualenv.py for tasks to queue
[2025-12-08T14:30:17.587+0530] {logging_mixin.py:154} INFO - [2025-12-08T14:30:17.587+0530] {dagbag.py:536} INFO - Filling up the DagBag from /Users/ramesharra/airflow310/lib/python3.10/site-packages/airflow/example_dags/tutorial_taskflow_api_virtualenv.py
[2025-12-08T14:30:17.622+0530] {logging_mixin.py:154} INFO - [2025-12-08T14:30:17.621+0530] {tutorial_taskflow_api_virtualenv.py:29} WARNING - The tutorial_taskflow_api_virtualenv example DAG requires virtualenv, please install it.
[2025-12-08T14:30:17.622+0530] {processor.py:841} WARNING - No viable dags retrieved from /Users/ramesharra/airflow310/lib/python3.10/site-packages/airflow/example_dags/tutorial_taskflow_api_virtualenv.py
[2025-12-08T14:30:17.685+0530] {processor.py:179} INFO - Processing /Users/ramesharra/airflow310/lib/python3.10/site-packages/airflow/example_dags/tutorial_taskflow_api_virtualenv.py took 0.100 seconds
[2025-12-08T14:31:19.542+0530] {processor.py:157} INFO - Started process (PID=12756) to work on /Users/ramesharra/airflow310/lib/python3.10/site-packages/airflow/example_dags/tutorial_taskflow_api_virtualenv.py
[2025-12-08T14:31:19.543+0530] {processor.py:829} INFO - Processing file /Users/ramesharra/airflow310/lib/python3.10/site-packages/airflow/example_dags/tutorial_taskflow_api_virtualenv.py for tasks to queue
[2025-12-08T14:31:19.545+0530] {logging_mixin.py:154} INFO - [2025-12-08T14:31:19.544+0530] {dagbag.py:536} INFO - Filling up the DagBag from /Users/ramesharra/airflow310/lib/python3.10/site-packages/airflow/example_dags/tutorial_taskflow_api_virtualenv.py
[2025-12-08T14:31:19.580+0530] {logging_mixin.py:154} INFO - [2025-12-08T14:31:19.580+0530] {tutorial_taskflow_api_virtualenv.py:29} WARNING - The tutorial_taskflow_api_virtualenv example DAG requires virtualenv, please install it.
[2025-12-08T14:31:19.580+0530] {processor.py:841} WARNING - No viable dags retrieved from /Users/ramesharra/airflow310/lib/python3.10/site-packages/airflow/example_dags/tutorial_taskflow_api_virtualenv.py
[2025-12-08T14:31:19.644+0530] {processor.py:179} INFO - Processing /Users/ramesharra/airflow310/lib/python3.10/site-packages/airflow/example_dags/tutorial_taskflow_api_virtualenv.py took 0.102 seconds
[2025-12-08T14:32:24.773+0530] {processor.py:157} INFO - Started process (PID=12840) to work on /Users/ramesharra/airflow310/lib/python3.10/site-packages/airflow/example_dags/tutorial_taskflow_api_virtualenv.py
[2025-12-08T14:32:24.774+0530] {processor.py:829} INFO - Processing file /Users/ramesharra/airflow310/lib/python3.10/site-packages/airflow/example_dags/tutorial_taskflow_api_virtualenv.py for tasks to queue
[2025-12-08T14:32:24.775+0530] {logging_mixin.py:154} INFO - [2025-12-08T14:32:24.775+0530] {dagbag.py:536} INFO - Filling up the DagBag from /Users/ramesharra/airflow310/lib/python3.10/site-packages/airflow/example_dags/tutorial_taskflow_api_virtualenv.py
[2025-12-08T14:32:24.809+0530] {logging_mixin.py:154} INFO - [2025-12-08T14:32:24.808+0530] {tutorial_taskflow_api_virtualenv.py:29} WARNING - The tutorial_taskflow_api_virtualenv example DAG requires virtualenv, please install it.
[2025-12-08T14:32:24.809+0530] {processor.py:841} WARNING - No viable dags retrieved from /Users/ramesharra/airflow310/lib/python3.10/site-packages/airflow/example_dags/tutorial_taskflow_api_virtualenv.py
[2025-12-08T14:32:24.871+0530] {processor.py:179} INFO - Processing /Users/ramesharra/airflow310/lib/python3.10/site-packages/airflow/example_dags/tutorial_taskflow_api_virtualenv.py took 0.098 seconds
[2025-12-08T14:33:25.336+0530] {processor.py:157} INFO - Started process (PID=12908) to work on /Users/ramesharra/airflow310/lib/python3.10/site-packages/airflow/example_dags/tutorial_taskflow_api_virtualenv.py
[2025-12-08T14:33:25.337+0530] {processor.py:829} INFO - Processing file /Users/ramesharra/airflow310/lib/python3.10/site-packages/airflow/example_dags/tutorial_taskflow_api_virtualenv.py for tasks to queue
[2025-12-08T14:33:25.338+0530] {logging_mixin.py:154} INFO - [2025-12-08T14:33:25.338+0530] {dagbag.py:536} INFO - Filling up the DagBag from /Users/ramesharra/airflow310/lib/python3.10/site-packages/airflow/example_dags/tutorial_taskflow_api_virtualenv.py
[2025-12-08T14:33:25.366+0530] {logging_mixin.py:154} INFO - [2025-12-08T14:33:25.366+0530] {tutorial_taskflow_api_virtualenv.py:29} WARNING - The tutorial_taskflow_api_virtualenv example DAG requires virtualenv, please install it.
[2025-12-08T14:33:25.366+0530] {processor.py:841} WARNING - No viable dags retrieved from /Users/ramesharra/airflow310/lib/python3.10/site-packages/airflow/example_dags/tutorial_taskflow_api_virtualenv.py
[2025-12-08T14:33:25.428+0530] {processor.py:179} INFO - Processing /Users/ramesharra/airflow310/lib/python3.10/site-packages/airflow/example_dags/tutorial_taskflow_api_virtualenv.py took 0.092 seconds
[2025-12-08T14:34:26.601+0530] {processor.py:157} INFO - Started process (PID=12980) to work on /Users/ramesharra/airflow310/lib/python3.10/site-packages/airflow/example_dags/tutorial_taskflow_api_virtualenv.py
[2025-12-08T14:34:26.601+0530] {processor.py:829} INFO - Processing file /Users/ramesharra/airflow310/lib/python3.10/site-packages/airflow/example_dags/tutorial_taskflow_api_virtualenv.py for tasks to queue
[2025-12-08T14:34:26.603+0530] {logging_mixin.py:154} INFO - [2025-12-08T14:34:26.603+0530] {dagbag.py:536} INFO - Filling up the DagBag from /Users/ramesharra/airflow310/lib/python3.10/site-packages/airflow/example_dags/tutorial_taskflow_api_virtualenv.py
[2025-12-08T14:34:26.636+0530] {logging_mixin.py:154} INFO - [2025-12-08T14:34:26.636+0530] {tutorial_taskflow_api_virtualenv.py:29} WARNING - The tutorial_taskflow_api_virtualenv example DAG requires virtualenv, please install it.
[2025-12-08T14:34:26.636+0530] {processor.py:841} WARNING - No viable dags retrieved from /Users/ramesharra/airflow310/lib/python3.10/site-packages/airflow/example_dags/tutorial_taskflow_api_virtualenv.py
[2025-12-08T14:34:26.698+0530] {processor.py:179} INFO - Processing /Users/ramesharra/airflow310/lib/python3.10/site-packages/airflow/example_dags/tutorial_taskflow_api_virtualenv.py took 0.097 seconds
[2025-12-08T14:35:29.533+0530] {processor.py:157} INFO - Started process (PID=13054) to work on /Users/ramesharra/airflow310/lib/python3.10/site-packages/airflow/example_dags/tutorial_taskflow_api_virtualenv.py
[2025-12-08T14:35:29.534+0530] {processor.py:829} INFO - Processing file /Users/ramesharra/airflow310/lib/python3.10/site-packages/airflow/example_dags/tutorial_taskflow_api_virtualenv.py for tasks to queue
[2025-12-08T14:35:29.537+0530] {logging_mixin.py:154} INFO - [2025-12-08T14:35:29.537+0530] {dagbag.py:536} INFO - Filling up the DagBag from /Users/ramesharra/airflow310/lib/python3.10/site-packages/airflow/example_dags/tutorial_taskflow_api_virtualenv.py
[2025-12-08T14:35:29.579+0530] {logging_mixin.py:154} INFO - [2025-12-08T14:35:29.579+0530] {tutorial_taskflow_api_virtualenv.py:29} WARNING - The tutorial_taskflow_api_virtualenv example DAG requires virtualenv, please install it.
[2025-12-08T14:35:29.579+0530] {processor.py:841} WARNING - No viable dags retrieved from /Users/ramesharra/airflow310/lib/python3.10/site-packages/airflow/example_dags/tutorial_taskflow_api_virtualenv.py
[2025-12-08T14:35:29.668+0530] {processor.py:179} INFO - Processing /Users/ramesharra/airflow310/lib/python3.10/site-packages/airflow/example_dags/tutorial_taskflow_api_virtualenv.py took 0.136 seconds
[2025-12-08T14:36:36.702+0530] {processor.py:157} INFO - Started process (PID=13115) to work on /Users/ramesharra/airflow310/lib/python3.10/site-packages/airflow/example_dags/tutorial_taskflow_api_virtualenv.py
[2025-12-08T14:36:36.702+0530] {processor.py:829} INFO - Processing file /Users/ramesharra/airflow310/lib/python3.10/site-packages/airflow/example_dags/tutorial_taskflow_api_virtualenv.py for tasks to queue
[2025-12-08T14:36:36.704+0530] {logging_mixin.py:154} INFO - [2025-12-08T14:36:36.704+0530] {dagbag.py:536} INFO - Filling up the DagBag from /Users/ramesharra/airflow310/lib/python3.10/site-packages/airflow/example_dags/tutorial_taskflow_api_virtualenv.py
[2025-12-08T14:36:36.740+0530] {logging_mixin.py:154} INFO - [2025-12-08T14:36:36.740+0530] {tutorial_taskflow_api_virtualenv.py:29} WARNING - The tutorial_taskflow_api_virtualenv example DAG requires virtualenv, please install it.
[2025-12-08T14:36:36.741+0530] {processor.py:841} WARNING - No viable dags retrieved from /Users/ramesharra/airflow310/lib/python3.10/site-packages/airflow/example_dags/tutorial_taskflow_api_virtualenv.py
[2025-12-08T14:36:36.804+0530] {processor.py:179} INFO - Processing /Users/ramesharra/airflow310/lib/python3.10/site-packages/airflow/example_dags/tutorial_taskflow_api_virtualenv.py took 0.102 seconds
[2025-12-08T14:37:40.324+0530] {processor.py:157} INFO - Started process (PID=13188) to work on /Users/ramesharra/airflow310/lib/python3.10/site-packages/airflow/example_dags/tutorial_taskflow_api_virtualenv.py
[2025-12-08T14:37:40.325+0530] {processor.py:829} INFO - Processing file /Users/ramesharra/airflow310/lib/python3.10/site-packages/airflow/example_dags/tutorial_taskflow_api_virtualenv.py for tasks to queue
[2025-12-08T14:37:40.327+0530] {logging_mixin.py:154} INFO - [2025-12-08T14:37:40.326+0530] {dagbag.py:536} INFO - Filling up the DagBag from /Users/ramesharra/airflow310/lib/python3.10/site-packages/airflow/example_dags/tutorial_taskflow_api_virtualenv.py
[2025-12-08T14:37:40.368+0530] {logging_mixin.py:154} INFO - [2025-12-08T14:37:40.368+0530] {tutorial_taskflow_api_virtualenv.py:29} WARNING - The tutorial_taskflow_api_virtualenv example DAG requires virtualenv, please install it.
[2025-12-08T14:37:40.368+0530] {processor.py:841} WARNING - No viable dags retrieved from /Users/ramesharra/airflow310/lib/python3.10/site-packages/airflow/example_dags/tutorial_taskflow_api_virtualenv.py
[2025-12-08T14:37:40.443+0530] {processor.py:179} INFO - Processing /Users/ramesharra/airflow310/lib/python3.10/site-packages/airflow/example_dags/tutorial_taskflow_api_virtualenv.py took 0.120 seconds
[2025-12-08T14:38:48.645+0530] {processor.py:157} INFO - Started process (PID=13265) to work on /Users/ramesharra/airflow310/lib/python3.10/site-packages/airflow/example_dags/tutorial_taskflow_api_virtualenv.py
[2025-12-08T14:38:48.646+0530] {processor.py:829} INFO - Processing file /Users/ramesharra/airflow310/lib/python3.10/site-packages/airflow/example_dags/tutorial_taskflow_api_virtualenv.py for tasks to queue
[2025-12-08T14:38:48.648+0530] {logging_mixin.py:154} INFO - [2025-12-08T14:38:48.648+0530] {dagbag.py:536} INFO - Filling up the DagBag from /Users/ramesharra/airflow310/lib/python3.10/site-packages/airflow/example_dags/tutorial_taskflow_api_virtualenv.py
[2025-12-08T14:38:48.679+0530] {logging_mixin.py:154} INFO - [2025-12-08T14:38:48.679+0530] {tutorial_taskflow_api_virtualenv.py:29} WARNING - The tutorial_taskflow_api_virtualenv example DAG requires virtualenv, please install it.
[2025-12-08T14:38:48.680+0530] {processor.py:841} WARNING - No viable dags retrieved from /Users/ramesharra/airflow310/lib/python3.10/site-packages/airflow/example_dags/tutorial_taskflow_api_virtualenv.py
[2025-12-08T14:38:48.743+0530] {processor.py:179} INFO - Processing /Users/ramesharra/airflow310/lib/python3.10/site-packages/airflow/example_dags/tutorial_taskflow_api_virtualenv.py took 0.098 seconds
[2025-12-08T14:39:56.091+0530] {processor.py:157} INFO - Started process (PID=13343) to work on /Users/ramesharra/airflow310/lib/python3.10/site-packages/airflow/example_dags/tutorial_taskflow_api_virtualenv.py
[2025-12-08T14:39:56.092+0530] {processor.py:829} INFO - Processing file /Users/ramesharra/airflow310/lib/python3.10/site-packages/airflow/example_dags/tutorial_taskflow_api_virtualenv.py for tasks to queue
[2025-12-08T14:39:56.093+0530] {logging_mixin.py:154} INFO - [2025-12-08T14:39:56.093+0530] {dagbag.py:536} INFO - Filling up the DagBag from /Users/ramesharra/airflow310/lib/python3.10/site-packages/airflow/example_dags/tutorial_taskflow_api_virtualenv.py
[2025-12-08T14:39:56.128+0530] {logging_mixin.py:154} INFO - [2025-12-08T14:39:56.128+0530] {tutorial_taskflow_api_virtualenv.py:29} WARNING - The tutorial_taskflow_api_virtualenv example DAG requires virtualenv, please install it.
[2025-12-08T14:39:56.128+0530] {processor.py:841} WARNING - No viable dags retrieved from /Users/ramesharra/airflow310/lib/python3.10/site-packages/airflow/example_dags/tutorial_taskflow_api_virtualenv.py
[2025-12-08T14:39:56.194+0530] {processor.py:179} INFO - Processing /Users/ramesharra/airflow310/lib/python3.10/site-packages/airflow/example_dags/tutorial_taskflow_api_virtualenv.py took 0.104 seconds
[2025-12-08T14:41:01.622+0530] {processor.py:157} INFO - Started process (PID=13421) to work on /Users/ramesharra/airflow310/lib/python3.10/site-packages/airflow/example_dags/tutorial_taskflow_api_virtualenv.py
[2025-12-08T14:41:01.622+0530] {processor.py:829} INFO - Processing file /Users/ramesharra/airflow310/lib/python3.10/site-packages/airflow/example_dags/tutorial_taskflow_api_virtualenv.py for tasks to queue
[2025-12-08T14:41:01.624+0530] {logging_mixin.py:154} INFO - [2025-12-08T14:41:01.624+0530] {dagbag.py:536} INFO - Filling up the DagBag from /Users/ramesharra/airflow310/lib/python3.10/site-packages/airflow/example_dags/tutorial_taskflow_api_virtualenv.py
[2025-12-08T14:41:01.658+0530] {logging_mixin.py:154} INFO - [2025-12-08T14:41:01.658+0530] {tutorial_taskflow_api_virtualenv.py:29} WARNING - The tutorial_taskflow_api_virtualenv example DAG requires virtualenv, please install it.
[2025-12-08T14:41:01.658+0530] {processor.py:841} WARNING - No viable dags retrieved from /Users/ramesharra/airflow310/lib/python3.10/site-packages/airflow/example_dags/tutorial_taskflow_api_virtualenv.py
[2025-12-08T14:41:01.723+0530] {processor.py:179} INFO - Processing /Users/ramesharra/airflow310/lib/python3.10/site-packages/airflow/example_dags/tutorial_taskflow_api_virtualenv.py took 0.102 seconds
[2025-12-08T14:42:08.239+0530] {processor.py:157} INFO - Started process (PID=13513) to work on /Users/ramesharra/airflow310/lib/python3.10/site-packages/airflow/example_dags/tutorial_taskflow_api_virtualenv.py
[2025-12-08T14:42:08.241+0530] {processor.py:829} INFO - Processing file /Users/ramesharra/airflow310/lib/python3.10/site-packages/airflow/example_dags/tutorial_taskflow_api_virtualenv.py for tasks to queue
[2025-12-08T14:42:08.242+0530] {logging_mixin.py:154} INFO - [2025-12-08T14:42:08.242+0530] {dagbag.py:536} INFO - Filling up the DagBag from /Users/ramesharra/airflow310/lib/python3.10/site-packages/airflow/example_dags/tutorial_taskflow_api_virtualenv.py
[2025-12-08T14:42:08.276+0530] {logging_mixin.py:154} INFO - [2025-12-08T14:42:08.276+0530] {tutorial_taskflow_api_virtualenv.py:29} WARNING - The tutorial_taskflow_api_virtualenv example DAG requires virtualenv, please install it.
[2025-12-08T14:42:08.276+0530] {processor.py:841} WARNING - No viable dags retrieved from /Users/ramesharra/airflow310/lib/python3.10/site-packages/airflow/example_dags/tutorial_taskflow_api_virtualenv.py
[2025-12-08T14:42:08.343+0530] {processor.py:179} INFO - Processing /Users/ramesharra/airflow310/lib/python3.10/site-packages/airflow/example_dags/tutorial_taskflow_api_virtualenv.py took 0.105 seconds
[2025-12-08T14:43:13.336+0530] {processor.py:157} INFO - Started process (PID=13582) to work on /Users/ramesharra/airflow310/lib/python3.10/site-packages/airflow/example_dags/tutorial_taskflow_api_virtualenv.py
[2025-12-08T14:43:13.336+0530] {processor.py:829} INFO - Processing file /Users/ramesharra/airflow310/lib/python3.10/site-packages/airflow/example_dags/tutorial_taskflow_api_virtualenv.py for tasks to queue
[2025-12-08T14:43:13.338+0530] {logging_mixin.py:154} INFO - [2025-12-08T14:43:13.338+0530] {dagbag.py:536} INFO - Filling up the DagBag from /Users/ramesharra/airflow310/lib/python3.10/site-packages/airflow/example_dags/tutorial_taskflow_api_virtualenv.py
[2025-12-08T14:43:13.373+0530] {logging_mixin.py:154} INFO - [2025-12-08T14:43:13.372+0530] {tutorial_taskflow_api_virtualenv.py:29} WARNING - The tutorial_taskflow_api_virtualenv example DAG requires virtualenv, please install it.
[2025-12-08T14:43:13.373+0530] {processor.py:841} WARNING - No viable dags retrieved from /Users/ramesharra/airflow310/lib/python3.10/site-packages/airflow/example_dags/tutorial_taskflow_api_virtualenv.py
[2025-12-08T14:43:13.438+0530] {processor.py:179} INFO - Processing /Users/ramesharra/airflow310/lib/python3.10/site-packages/airflow/example_dags/tutorial_taskflow_api_virtualenv.py took 0.103 seconds
[2025-12-08T14:44:17.225+0530] {processor.py:157} INFO - Started process (PID=13646) to work on /Users/ramesharra/airflow310/lib/python3.10/site-packages/airflow/example_dags/tutorial_taskflow_api_virtualenv.py
[2025-12-08T14:44:17.225+0530] {processor.py:829} INFO - Processing file /Users/ramesharra/airflow310/lib/python3.10/site-packages/airflow/example_dags/tutorial_taskflow_api_virtualenv.py for tasks to queue
[2025-12-08T14:44:17.227+0530] {logging_mixin.py:154} INFO - [2025-12-08T14:44:17.226+0530] {dagbag.py:536} INFO - Filling up the DagBag from /Users/ramesharra/airflow310/lib/python3.10/site-packages/airflow/example_dags/tutorial_taskflow_api_virtualenv.py
[2025-12-08T14:44:17.265+0530] {logging_mixin.py:154} INFO - [2025-12-08T14:44:17.264+0530] {tutorial_taskflow_api_virtualenv.py:29} WARNING - The tutorial_taskflow_api_virtualenv example DAG requires virtualenv, please install it.
[2025-12-08T14:44:17.265+0530] {processor.py:841} WARNING - No viable dags retrieved from /Users/ramesharra/airflow310/lib/python3.10/site-packages/airflow/example_dags/tutorial_taskflow_api_virtualenv.py
[2025-12-08T14:44:17.339+0530] {processor.py:179} INFO - Processing /Users/ramesharra/airflow310/lib/python3.10/site-packages/airflow/example_dags/tutorial_taskflow_api_virtualenv.py took 0.114 seconds
[2025-12-08T14:45:21.424+0530] {processor.py:157} INFO - Started process (PID=13715) to work on /Users/ramesharra/airflow310/lib/python3.10/site-packages/airflow/example_dags/tutorial_taskflow_api_virtualenv.py
[2025-12-08T14:45:21.425+0530] {processor.py:829} INFO - Processing file /Users/ramesharra/airflow310/lib/python3.10/site-packages/airflow/example_dags/tutorial_taskflow_api_virtualenv.py for tasks to queue
[2025-12-08T14:45:21.427+0530] {logging_mixin.py:154} INFO - [2025-12-08T14:45:21.426+0530] {dagbag.py:536} INFO - Filling up the DagBag from /Users/ramesharra/airflow310/lib/python3.10/site-packages/airflow/example_dags/tutorial_taskflow_api_virtualenv.py
[2025-12-08T14:45:21.479+0530] {logging_mixin.py:154} INFO - [2025-12-08T14:45:21.479+0530] {tutorial_taskflow_api_virtualenv.py:29} WARNING - The tutorial_taskflow_api_virtualenv example DAG requires virtualenv, please install it.
[2025-12-08T14:45:21.480+0530] {processor.py:841} WARNING - No viable dags retrieved from /Users/ramesharra/airflow310/lib/python3.10/site-packages/airflow/example_dags/tutorial_taskflow_api_virtualenv.py
[2025-12-08T14:45:21.587+0530] {processor.py:179} INFO - Processing /Users/ramesharra/airflow310/lib/python3.10/site-packages/airflow/example_dags/tutorial_taskflow_api_virtualenv.py took 0.164 seconds
[2025-12-08T14:46:24.628+0530] {processor.py:157} INFO - Started process (PID=13787) to work on /Users/ramesharra/airflow310/lib/python3.10/site-packages/airflow/example_dags/tutorial_taskflow_api_virtualenv.py
[2025-12-08T14:46:24.629+0530] {processor.py:829} INFO - Processing file /Users/ramesharra/airflow310/lib/python3.10/site-packages/airflow/example_dags/tutorial_taskflow_api_virtualenv.py for tasks to queue
[2025-12-08T14:46:24.630+0530] {logging_mixin.py:154} INFO - [2025-12-08T14:46:24.630+0530] {dagbag.py:536} INFO - Filling up the DagBag from /Users/ramesharra/airflow310/lib/python3.10/site-packages/airflow/example_dags/tutorial_taskflow_api_virtualenv.py
[2025-12-08T14:46:24.659+0530] {logging_mixin.py:154} INFO - [2025-12-08T14:46:24.659+0530] {tutorial_taskflow_api_virtualenv.py:29} WARNING - The tutorial_taskflow_api_virtualenv example DAG requires virtualenv, please install it.
[2025-12-08T14:46:24.659+0530] {processor.py:841} WARNING - No viable dags retrieved from /Users/ramesharra/airflow310/lib/python3.10/site-packages/airflow/example_dags/tutorial_taskflow_api_virtualenv.py
[2025-12-08T14:46:24.723+0530] {processor.py:179} INFO - Processing /Users/ramesharra/airflow310/lib/python3.10/site-packages/airflow/example_dags/tutorial_taskflow_api_virtualenv.py took 0.096 seconds
[2025-12-08T14:47:31.193+0530] {processor.py:157} INFO - Started process (PID=13871) to work on /Users/ramesharra/airflow310/lib/python3.10/site-packages/airflow/example_dags/tutorial_taskflow_api_virtualenv.py
[2025-12-08T14:47:31.194+0530] {processor.py:829} INFO - Processing file /Users/ramesharra/airflow310/lib/python3.10/site-packages/airflow/example_dags/tutorial_taskflow_api_virtualenv.py for tasks to queue
[2025-12-08T14:47:31.195+0530] {logging_mixin.py:154} INFO - [2025-12-08T14:47:31.195+0530] {dagbag.py:536} INFO - Filling up the DagBag from /Users/ramesharra/airflow310/lib/python3.10/site-packages/airflow/example_dags/tutorial_taskflow_api_virtualenv.py
[2025-12-08T14:47:31.231+0530] {logging_mixin.py:154} INFO - [2025-12-08T14:47:31.231+0530] {tutorial_taskflow_api_virtualenv.py:29} WARNING - The tutorial_taskflow_api_virtualenv example DAG requires virtualenv, please install it.
[2025-12-08T14:47:31.231+0530] {processor.py:841} WARNING - No viable dags retrieved from /Users/ramesharra/airflow310/lib/python3.10/site-packages/airflow/example_dags/tutorial_taskflow_api_virtualenv.py
[2025-12-08T14:47:31.304+0530] {processor.py:179} INFO - Processing /Users/ramesharra/airflow310/lib/python3.10/site-packages/airflow/example_dags/tutorial_taskflow_api_virtualenv.py took 0.111 seconds
[2025-12-08T14:48:40.180+0530] {processor.py:157} INFO - Started process (PID=13942) to work on /Users/ramesharra/airflow310/lib/python3.10/site-packages/airflow/example_dags/tutorial_taskflow_api_virtualenv.py
[2025-12-08T14:48:40.180+0530] {processor.py:829} INFO - Processing file /Users/ramesharra/airflow310/lib/python3.10/site-packages/airflow/example_dags/tutorial_taskflow_api_virtualenv.py for tasks to queue
[2025-12-08T14:48:40.182+0530] {logging_mixin.py:154} INFO - [2025-12-08T14:48:40.182+0530] {dagbag.py:536} INFO - Filling up the DagBag from /Users/ramesharra/airflow310/lib/python3.10/site-packages/airflow/example_dags/tutorial_taskflow_api_virtualenv.py
[2025-12-08T14:48:40.218+0530] {logging_mixin.py:154} INFO - [2025-12-08T14:48:40.218+0530] {tutorial_taskflow_api_virtualenv.py:29} WARNING - The tutorial_taskflow_api_virtualenv example DAG requires virtualenv, please install it.
[2025-12-08T14:48:40.218+0530] {processor.py:841} WARNING - No viable dags retrieved from /Users/ramesharra/airflow310/lib/python3.10/site-packages/airflow/example_dags/tutorial_taskflow_api_virtualenv.py
[2025-12-08T14:48:40.284+0530] {processor.py:179} INFO - Processing /Users/ramesharra/airflow310/lib/python3.10/site-packages/airflow/example_dags/tutorial_taskflow_api_virtualenv.py took 0.105 seconds
[2025-12-08T14:49:44.929+0530] {processor.py:157} INFO - Started process (PID=14019) to work on /Users/ramesharra/airflow310/lib/python3.10/site-packages/airflow/example_dags/tutorial_taskflow_api_virtualenv.py
[2025-12-08T14:49:44.930+0530] {processor.py:829} INFO - Processing file /Users/ramesharra/airflow310/lib/python3.10/site-packages/airflow/example_dags/tutorial_taskflow_api_virtualenv.py for tasks to queue
[2025-12-08T14:49:44.933+0530] {logging_mixin.py:154} INFO - [2025-12-08T14:49:44.933+0530] {dagbag.py:536} INFO - Filling up the DagBag from /Users/ramesharra/airflow310/lib/python3.10/site-packages/airflow/example_dags/tutorial_taskflow_api_virtualenv.py
[2025-12-08T14:49:44.978+0530] {logging_mixin.py:154} INFO - [2025-12-08T14:49:44.978+0530] {tutorial_taskflow_api_virtualenv.py:29} WARNING - The tutorial_taskflow_api_virtualenv example DAG requires virtualenv, please install it.
[2025-12-08T14:49:44.979+0530] {processor.py:841} WARNING - No viable dags retrieved from /Users/ramesharra/airflow310/lib/python3.10/site-packages/airflow/example_dags/tutorial_taskflow_api_virtualenv.py
[2025-12-08T14:49:45.082+0530] {processor.py:179} INFO - Processing /Users/ramesharra/airflow310/lib/python3.10/site-packages/airflow/example_dags/tutorial_taskflow_api_virtualenv.py took 0.154 seconds
[2025-12-08T14:50:53.048+0530] {processor.py:157} INFO - Started process (PID=14100) to work on /Users/ramesharra/airflow310/lib/python3.10/site-packages/airflow/example_dags/tutorial_taskflow_api_virtualenv.py
[2025-12-08T14:50:53.049+0530] {processor.py:829} INFO - Processing file /Users/ramesharra/airflow310/lib/python3.10/site-packages/airflow/example_dags/tutorial_taskflow_api_virtualenv.py for tasks to queue
[2025-12-08T14:50:53.050+0530] {logging_mixin.py:154} INFO - [2025-12-08T14:50:53.050+0530] {dagbag.py:536} INFO - Filling up the DagBag from /Users/ramesharra/airflow310/lib/python3.10/site-packages/airflow/example_dags/tutorial_taskflow_api_virtualenv.py
[2025-12-08T14:50:53.082+0530] {logging_mixin.py:154} INFO - [2025-12-08T14:50:53.081+0530] {tutorial_taskflow_api_virtualenv.py:29} WARNING - The tutorial_taskflow_api_virtualenv example DAG requires virtualenv, please install it.
[2025-12-08T14:50:53.082+0530] {processor.py:841} WARNING - No viable dags retrieved from /Users/ramesharra/airflow310/lib/python3.10/site-packages/airflow/example_dags/tutorial_taskflow_api_virtualenv.py
[2025-12-08T14:50:53.146+0530] {processor.py:179} INFO - Processing /Users/ramesharra/airflow310/lib/python3.10/site-packages/airflow/example_dags/tutorial_taskflow_api_virtualenv.py took 0.099 seconds
