[2025-12-08T14:15:09.244+0530] {processor.py:157} INFO - Started process (PID=11540) to work on /Users/ramesharra/airflow310/lib/python3.10/site-packages/airflow/example_dags/tutorial_taskflow_api.py
[2025-12-08T14:15:09.245+0530] {processor.py:829} INFO - Processing file /Users/ramesharra/airflow310/lib/python3.10/site-packages/airflow/example_dags/tutorial_taskflow_api.py for tasks to queue
[2025-12-08T14:15:09.246+0530] {logging_mixin.py:154} INFO - [2025-12-08T14:15:09.246+0530] {dagbag.py:536} INFO - Filling up the DagBag from /Users/ramesharra/airflow310/lib/python3.10/site-packages/airflow/example_dags/tutorial_taskflow_api.py
[2025-12-08T14:15:09.277+0530] {processor.py:839} INFO - DAG(s) dict_keys(['tutorial_taskflow_api']) retrieved from /Users/ramesharra/airflow310/lib/python3.10/site-packages/airflow/example_dags/tutorial_taskflow_api.py
[2025-12-08T14:15:09.679+0530] {logging_mixin.py:154} INFO - [2025-12-08T14:15:09.679+0530] {manager.py:499} INFO - Created Permission View: %s
[2025-12-08T14:15:09.683+0530] {logging_mixin.py:154} INFO - [2025-12-08T14:15:09.683+0530] {manager.py:499} INFO - Created Permission View: %s
[2025-12-08T14:15:09.686+0530] {logging_mixin.py:154} INFO - [2025-12-08T14:15:09.686+0530] {manager.py:499} INFO - Created Permission View: %s
[2025-12-08T14:15:09.686+0530] {logging_mixin.py:154} INFO - [2025-12-08T14:15:09.686+0530] {dag.py:2941} INFO - Sync 1 DAGs
[2025-12-08T14:15:09.691+0530] {logging_mixin.py:154} INFO - [2025-12-08T14:15:09.691+0530] {dag.py:2963} INFO - Creating ORM DAG for tutorial_taskflow_api
[2025-12-08T14:15:09.691+0530] {logging_mixin.py:154} INFO - [2025-12-08T14:15:09.691+0530] {dag.py:3722} INFO - Setting next_dagrun for tutorial_taskflow_api to None, run_after=None
[2025-12-08T14:15:09.700+0530] {processor.py:179} INFO - Processing /Users/ramesharra/airflow310/lib/python3.10/site-packages/airflow/example_dags/tutorial_taskflow_api.py took 0.456 seconds
[2025-12-08T14:16:47.742+0530] {processor.py:157} INFO - Started process (PID=11665) to work on /Users/ramesharra/airflow310/lib/python3.10/site-packages/airflow/example_dags/tutorial_taskflow_api.py
[2025-12-08T14:16:47.743+0530] {processor.py:829} INFO - Processing file /Users/ramesharra/airflow310/lib/python3.10/site-packages/airflow/example_dags/tutorial_taskflow_api.py for tasks to queue
[2025-12-08T14:16:47.744+0530] {logging_mixin.py:154} INFO - [2025-12-08T14:16:47.744+0530] {dagbag.py:536} INFO - Filling up the DagBag from /Users/ramesharra/airflow310/lib/python3.10/site-packages/airflow/example_dags/tutorial_taskflow_api.py
[2025-12-08T14:16:47.777+0530] {processor.py:839} INFO - DAG(s) dict_keys(['tutorial_taskflow_api']) retrieved from /Users/ramesharra/airflow310/lib/python3.10/site-packages/airflow/example_dags/tutorial_taskflow_api.py
[2025-12-08T14:16:47.879+0530] {logging_mixin.py:154} INFO - [2025-12-08T14:16:47.879+0530] {dag.py:2941} INFO - Sync 1 DAGs
[2025-12-08T14:16:47.884+0530] {logging_mixin.py:154} INFO - [2025-12-08T14:16:47.884+0530] {dag.py:3722} INFO - Setting next_dagrun for tutorial_taskflow_api to None, run_after=None
[2025-12-08T14:16:47.893+0530] {processor.py:179} INFO - Processing /Users/ramesharra/airflow310/lib/python3.10/site-packages/airflow/example_dags/tutorial_taskflow_api.py took 0.151 seconds
[2025-12-08T14:17:55.491+0530] {processor.py:157} INFO - Started process (PID=11742) to work on /Users/ramesharra/airflow310/lib/python3.10/site-packages/airflow/example_dags/tutorial_taskflow_api.py
[2025-12-08T14:17:55.492+0530] {processor.py:829} INFO - Processing file /Users/ramesharra/airflow310/lib/python3.10/site-packages/airflow/example_dags/tutorial_taskflow_api.py for tasks to queue
[2025-12-08T14:17:55.493+0530] {logging_mixin.py:154} INFO - [2025-12-08T14:17:55.493+0530] {dagbag.py:536} INFO - Filling up the DagBag from /Users/ramesharra/airflow310/lib/python3.10/site-packages/airflow/example_dags/tutorial_taskflow_api.py
[2025-12-08T14:17:55.527+0530] {processor.py:839} INFO - DAG(s) dict_keys(['tutorial_taskflow_api']) retrieved from /Users/ramesharra/airflow310/lib/python3.10/site-packages/airflow/example_dags/tutorial_taskflow_api.py
[2025-12-08T14:17:55.634+0530] {logging_mixin.py:154} INFO - [2025-12-08T14:17:55.634+0530] {dag.py:2941} INFO - Sync 1 DAGs
[2025-12-08T14:17:55.639+0530] {logging_mixin.py:154} INFO - [2025-12-08T14:17:55.639+0530] {dag.py:3722} INFO - Setting next_dagrun for tutorial_taskflow_api to None, run_after=None
[2025-12-08T14:17:55.650+0530] {processor.py:179} INFO - Processing /Users/ramesharra/airflow310/lib/python3.10/site-packages/airflow/example_dags/tutorial_taskflow_api.py took 0.160 seconds
[2025-12-08T14:20:07.813+0530] {processor.py:157} INFO - Started process (PID=11826) to work on /Users/ramesharra/airflow310/lib/python3.10/site-packages/airflow/example_dags/tutorial_taskflow_api.py
[2025-12-08T14:20:07.814+0530] {processor.py:829} INFO - Processing file /Users/ramesharra/airflow310/lib/python3.10/site-packages/airflow/example_dags/tutorial_taskflow_api.py for tasks to queue
[2025-12-08T14:20:07.815+0530] {logging_mixin.py:154} INFO - [2025-12-08T14:20:07.815+0530] {dagbag.py:536} INFO - Filling up the DagBag from /Users/ramesharra/airflow310/lib/python3.10/site-packages/airflow/example_dags/tutorial_taskflow_api.py
[2025-12-08T14:20:07.849+0530] {processor.py:839} INFO - DAG(s) dict_keys(['tutorial_taskflow_api']) retrieved from /Users/ramesharra/airflow310/lib/python3.10/site-packages/airflow/example_dags/tutorial_taskflow_api.py
[2025-12-08T14:20:07.944+0530] {logging_mixin.py:154} INFO - [2025-12-08T14:20:07.943+0530] {dag.py:2941} INFO - Sync 1 DAGs
[2025-12-08T14:20:07.949+0530] {logging_mixin.py:154} INFO - [2025-12-08T14:20:07.949+0530] {dag.py:3722} INFO - Setting next_dagrun for tutorial_taskflow_api to None, run_after=None
[2025-12-08T14:20:07.959+0530] {processor.py:179} INFO - Processing /Users/ramesharra/airflow310/lib/python3.10/site-packages/airflow/example_dags/tutorial_taskflow_api.py took 0.147 seconds
[2025-12-08T14:21:30.567+0530] {processor.py:157} INFO - Started process (PID=11921) to work on /Users/ramesharra/airflow310/lib/python3.10/site-packages/airflow/example_dags/tutorial_taskflow_api.py
[2025-12-08T14:21:30.567+0530] {processor.py:829} INFO - Processing file /Users/ramesharra/airflow310/lib/python3.10/site-packages/airflow/example_dags/tutorial_taskflow_api.py for tasks to queue
[2025-12-08T14:21:30.569+0530] {logging_mixin.py:154} INFO - [2025-12-08T14:21:30.569+0530] {dagbag.py:536} INFO - Filling up the DagBag from /Users/ramesharra/airflow310/lib/python3.10/site-packages/airflow/example_dags/tutorial_taskflow_api.py
[2025-12-08T14:21:30.607+0530] {processor.py:839} INFO - DAG(s) dict_keys(['tutorial_taskflow_api']) retrieved from /Users/ramesharra/airflow310/lib/python3.10/site-packages/airflow/example_dags/tutorial_taskflow_api.py
[2025-12-08T14:21:30.706+0530] {logging_mixin.py:154} INFO - [2025-12-08T14:21:30.706+0530] {dag.py:2941} INFO - Sync 1 DAGs
[2025-12-08T14:21:30.712+0530] {logging_mixin.py:154} INFO - [2025-12-08T14:21:30.711+0530] {dag.py:3722} INFO - Setting next_dagrun for tutorial_taskflow_api to None, run_after=None
[2025-12-08T14:21:30.722+0530] {processor.py:179} INFO - Processing /Users/ramesharra/airflow310/lib/python3.10/site-packages/airflow/example_dags/tutorial_taskflow_api.py took 0.155 seconds
[2025-12-08T14:22:33.474+0530] {processor.py:157} INFO - Started process (PID=11998) to work on /Users/ramesharra/airflow310/lib/python3.10/site-packages/airflow/example_dags/tutorial_taskflow_api.py
[2025-12-08T14:22:33.475+0530] {processor.py:829} INFO - Processing file /Users/ramesharra/airflow310/lib/python3.10/site-packages/airflow/example_dags/tutorial_taskflow_api.py for tasks to queue
[2025-12-08T14:22:33.477+0530] {logging_mixin.py:154} INFO - [2025-12-08T14:22:33.477+0530] {dagbag.py:536} INFO - Filling up the DagBag from /Users/ramesharra/airflow310/lib/python3.10/site-packages/airflow/example_dags/tutorial_taskflow_api.py
[2025-12-08T14:22:33.510+0530] {processor.py:839} INFO - DAG(s) dict_keys(['tutorial_taskflow_api']) retrieved from /Users/ramesharra/airflow310/lib/python3.10/site-packages/airflow/example_dags/tutorial_taskflow_api.py
[2025-12-08T14:22:33.616+0530] {logging_mixin.py:154} INFO - [2025-12-08T14:22:33.616+0530] {dag.py:2941} INFO - Sync 1 DAGs
[2025-12-08T14:22:33.621+0530] {logging_mixin.py:154} INFO - [2025-12-08T14:22:33.621+0530] {dag.py:3722} INFO - Setting next_dagrun for tutorial_taskflow_api to None, run_after=None
[2025-12-08T14:22:33.632+0530] {processor.py:179} INFO - Processing /Users/ramesharra/airflow310/lib/python3.10/site-packages/airflow/example_dags/tutorial_taskflow_api.py took 0.158 seconds
[2025-12-08T14:23:38.458+0530] {processor.py:157} INFO - Started process (PID=12232) to work on /Users/ramesharra/airflow310/lib/python3.10/site-packages/airflow/example_dags/tutorial_taskflow_api.py
[2025-12-08T14:23:38.459+0530] {processor.py:829} INFO - Processing file /Users/ramesharra/airflow310/lib/python3.10/site-packages/airflow/example_dags/tutorial_taskflow_api.py for tasks to queue
[2025-12-08T14:23:38.460+0530] {logging_mixin.py:154} INFO - [2025-12-08T14:23:38.460+0530] {dagbag.py:536} INFO - Filling up the DagBag from /Users/ramesharra/airflow310/lib/python3.10/site-packages/airflow/example_dags/tutorial_taskflow_api.py
[2025-12-08T14:23:38.495+0530] {processor.py:839} INFO - DAG(s) dict_keys(['tutorial_taskflow_api']) retrieved from /Users/ramesharra/airflow310/lib/python3.10/site-packages/airflow/example_dags/tutorial_taskflow_api.py
[2025-12-08T14:23:38.601+0530] {logging_mixin.py:154} INFO - [2025-12-08T14:23:38.600+0530] {dag.py:2941} INFO - Sync 1 DAGs
[2025-12-08T14:23:38.606+0530] {logging_mixin.py:154} INFO - [2025-12-08T14:23:38.606+0530] {dag.py:3722} INFO - Setting next_dagrun for tutorial_taskflow_api to None, run_after=None
[2025-12-08T14:23:38.624+0530] {processor.py:179} INFO - Processing /Users/ramesharra/airflow310/lib/python3.10/site-packages/airflow/example_dags/tutorial_taskflow_api.py took 0.166 seconds
[2025-12-08T14:24:39.228+0530] {processor.py:157} INFO - Started process (PID=12293) to work on /Users/ramesharra/airflow310/lib/python3.10/site-packages/airflow/example_dags/tutorial_taskflow_api.py
[2025-12-08T14:24:39.228+0530] {processor.py:829} INFO - Processing file /Users/ramesharra/airflow310/lib/python3.10/site-packages/airflow/example_dags/tutorial_taskflow_api.py for tasks to queue
[2025-12-08T14:24:39.230+0530] {logging_mixin.py:154} INFO - [2025-12-08T14:24:39.229+0530] {dagbag.py:536} INFO - Filling up the DagBag from /Users/ramesharra/airflow310/lib/python3.10/site-packages/airflow/example_dags/tutorial_taskflow_api.py
[2025-12-08T14:24:39.279+0530] {processor.py:839} INFO - DAG(s) dict_keys(['tutorial_taskflow_api']) retrieved from /Users/ramesharra/airflow310/lib/python3.10/site-packages/airflow/example_dags/tutorial_taskflow_api.py
[2025-12-08T14:24:39.394+0530] {logging_mixin.py:154} INFO - [2025-12-08T14:24:39.394+0530] {dag.py:2941} INFO - Sync 1 DAGs
[2025-12-08T14:24:39.399+0530] {logging_mixin.py:154} INFO - [2025-12-08T14:24:39.399+0530] {dag.py:3722} INFO - Setting next_dagrun for tutorial_taskflow_api to None, run_after=None
[2025-12-08T14:24:39.410+0530] {processor.py:179} INFO - Processing /Users/ramesharra/airflow310/lib/python3.10/site-packages/airflow/example_dags/tutorial_taskflow_api.py took 0.182 seconds
[2025-12-08T14:25:53.747+0530] {processor.py:157} INFO - Started process (PID=12405) to work on /Users/ramesharra/airflow310/lib/python3.10/site-packages/airflow/example_dags/tutorial_taskflow_api.py
[2025-12-08T14:25:53.748+0530] {processor.py:829} INFO - Processing file /Users/ramesharra/airflow310/lib/python3.10/site-packages/airflow/example_dags/tutorial_taskflow_api.py for tasks to queue
[2025-12-08T14:25:53.749+0530] {logging_mixin.py:154} INFO - [2025-12-08T14:25:53.749+0530] {dagbag.py:536} INFO - Filling up the DagBag from /Users/ramesharra/airflow310/lib/python3.10/site-packages/airflow/example_dags/tutorial_taskflow_api.py
[2025-12-08T14:25:53.783+0530] {processor.py:839} INFO - DAG(s) dict_keys(['tutorial_taskflow_api']) retrieved from /Users/ramesharra/airflow310/lib/python3.10/site-packages/airflow/example_dags/tutorial_taskflow_api.py
[2025-12-08T14:25:53.897+0530] {logging_mixin.py:154} INFO - [2025-12-08T14:25:53.897+0530] {dag.py:2941} INFO - Sync 1 DAGs
[2025-12-08T14:25:53.903+0530] {logging_mixin.py:154} INFO - [2025-12-08T14:25:53.902+0530] {dag.py:3722} INFO - Setting next_dagrun for tutorial_taskflow_api to None, run_after=None
[2025-12-08T14:25:53.913+0530] {processor.py:179} INFO - Processing /Users/ramesharra/airflow310/lib/python3.10/site-packages/airflow/example_dags/tutorial_taskflow_api.py took 0.166 seconds
[2025-12-08T14:27:29.466+0530] {processor.py:157} INFO - Started process (PID=12512) to work on /Users/ramesharra/airflow310/lib/python3.10/site-packages/airflow/example_dags/tutorial_taskflow_api.py
[2025-12-08T14:27:29.468+0530] {processor.py:829} INFO - Processing file /Users/ramesharra/airflow310/lib/python3.10/site-packages/airflow/example_dags/tutorial_taskflow_api.py for tasks to queue
[2025-12-08T14:27:29.469+0530] {logging_mixin.py:154} INFO - [2025-12-08T14:27:29.469+0530] {dagbag.py:536} INFO - Filling up the DagBag from /Users/ramesharra/airflow310/lib/python3.10/site-packages/airflow/example_dags/tutorial_taskflow_api.py
[2025-12-08T14:27:29.504+0530] {processor.py:839} INFO - DAG(s) dict_keys(['tutorial_taskflow_api']) retrieved from /Users/ramesharra/airflow310/lib/python3.10/site-packages/airflow/example_dags/tutorial_taskflow_api.py
[2025-12-08T14:27:29.613+0530] {logging_mixin.py:154} INFO - [2025-12-08T14:27:29.613+0530] {dag.py:2941} INFO - Sync 1 DAGs
[2025-12-08T14:27:29.618+0530] {logging_mixin.py:154} INFO - [2025-12-08T14:27:29.618+0530] {dag.py:3722} INFO - Setting next_dagrun for tutorial_taskflow_api to None, run_after=None
[2025-12-08T14:27:29.629+0530] {processor.py:179} INFO - Processing /Users/ramesharra/airflow310/lib/python3.10/site-packages/airflow/example_dags/tutorial_taskflow_api.py took 0.163 seconds
[2025-12-08T14:28:49.551+0530] {processor.py:157} INFO - Started process (PID=12603) to work on /Users/ramesharra/airflow310/lib/python3.10/site-packages/airflow/example_dags/tutorial_taskflow_api.py
[2025-12-08T14:28:49.552+0530] {processor.py:829} INFO - Processing file /Users/ramesharra/airflow310/lib/python3.10/site-packages/airflow/example_dags/tutorial_taskflow_api.py for tasks to queue
[2025-12-08T14:28:49.553+0530] {logging_mixin.py:154} INFO - [2025-12-08T14:28:49.553+0530] {dagbag.py:536} INFO - Filling up the DagBag from /Users/ramesharra/airflow310/lib/python3.10/site-packages/airflow/example_dags/tutorial_taskflow_api.py
[2025-12-08T14:28:49.589+0530] {processor.py:839} INFO - DAG(s) dict_keys(['tutorial_taskflow_api']) retrieved from /Users/ramesharra/airflow310/lib/python3.10/site-packages/airflow/example_dags/tutorial_taskflow_api.py
[2025-12-08T14:28:49.696+0530] {logging_mixin.py:154} INFO - [2025-12-08T14:28:49.696+0530] {dag.py:2941} INFO - Sync 1 DAGs
[2025-12-08T14:28:49.701+0530] {logging_mixin.py:154} INFO - [2025-12-08T14:28:49.701+0530] {dag.py:3722} INFO - Setting next_dagrun for tutorial_taskflow_api to None, run_after=None
[2025-12-08T14:28:49.712+0530] {processor.py:179} INFO - Processing /Users/ramesharra/airflow310/lib/python3.10/site-packages/airflow/example_dags/tutorial_taskflow_api.py took 0.162 seconds
[2025-12-08T14:30:18.960+0530] {processor.py:157} INFO - Started process (PID=12693) to work on /Users/ramesharra/airflow310/lib/python3.10/site-packages/airflow/example_dags/tutorial_taskflow_api.py
[2025-12-08T14:30:18.961+0530] {processor.py:829} INFO - Processing file /Users/ramesharra/airflow310/lib/python3.10/site-packages/airflow/example_dags/tutorial_taskflow_api.py for tasks to queue
[2025-12-08T14:30:18.962+0530] {logging_mixin.py:154} INFO - [2025-12-08T14:30:18.962+0530] {dagbag.py:536} INFO - Filling up the DagBag from /Users/ramesharra/airflow310/lib/python3.10/site-packages/airflow/example_dags/tutorial_taskflow_api.py
[2025-12-08T14:30:19.000+0530] {processor.py:839} INFO - DAG(s) dict_keys(['tutorial_taskflow_api']) retrieved from /Users/ramesharra/airflow310/lib/python3.10/site-packages/airflow/example_dags/tutorial_taskflow_api.py
[2025-12-08T14:30:19.109+0530] {logging_mixin.py:154} INFO - [2025-12-08T14:30:19.109+0530] {dag.py:2941} INFO - Sync 1 DAGs
[2025-12-08T14:30:19.115+0530] {logging_mixin.py:154} INFO - [2025-12-08T14:30:19.114+0530] {dag.py:3722} INFO - Setting next_dagrun for tutorial_taskflow_api to None, run_after=None
[2025-12-08T14:30:19.127+0530] {processor.py:179} INFO - Processing /Users/ramesharra/airflow310/lib/python3.10/site-packages/airflow/example_dags/tutorial_taskflow_api.py took 0.167 seconds
[2025-12-08T14:31:21.542+0530] {processor.py:157} INFO - Started process (PID=12757) to work on /Users/ramesharra/airflow310/lib/python3.10/site-packages/airflow/example_dags/tutorial_taskflow_api.py
[2025-12-08T14:31:21.543+0530] {processor.py:829} INFO - Processing file /Users/ramesharra/airflow310/lib/python3.10/site-packages/airflow/example_dags/tutorial_taskflow_api.py for tasks to queue
[2025-12-08T14:31:21.545+0530] {logging_mixin.py:154} INFO - [2025-12-08T14:31:21.545+0530] {dagbag.py:536} INFO - Filling up the DagBag from /Users/ramesharra/airflow310/lib/python3.10/site-packages/airflow/example_dags/tutorial_taskflow_api.py
[2025-12-08T14:31:21.581+0530] {processor.py:839} INFO - DAG(s) dict_keys(['tutorial_taskflow_api']) retrieved from /Users/ramesharra/airflow310/lib/python3.10/site-packages/airflow/example_dags/tutorial_taskflow_api.py
[2025-12-08T14:31:21.691+0530] {logging_mixin.py:154} INFO - [2025-12-08T14:31:21.690+0530] {dag.py:2941} INFO - Sync 1 DAGs
[2025-12-08T14:31:21.696+0530] {logging_mixin.py:154} INFO - [2025-12-08T14:31:21.696+0530] {dag.py:3722} INFO - Setting next_dagrun for tutorial_taskflow_api to None, run_after=None
[2025-12-08T14:31:21.707+0530] {processor.py:179} INFO - Processing /Users/ramesharra/airflow310/lib/python3.10/site-packages/airflow/example_dags/tutorial_taskflow_api.py took 0.165 seconds
[2025-12-08T14:32:26.735+0530] {processor.py:157} INFO - Started process (PID=12841) to work on /Users/ramesharra/airflow310/lib/python3.10/site-packages/airflow/example_dags/tutorial_taskflow_api.py
[2025-12-08T14:32:26.737+0530] {processor.py:829} INFO - Processing file /Users/ramesharra/airflow310/lib/python3.10/site-packages/airflow/example_dags/tutorial_taskflow_api.py for tasks to queue
[2025-12-08T14:32:26.738+0530] {logging_mixin.py:154} INFO - [2025-12-08T14:32:26.738+0530] {dagbag.py:536} INFO - Filling up the DagBag from /Users/ramesharra/airflow310/lib/python3.10/site-packages/airflow/example_dags/tutorial_taskflow_api.py
[2025-12-08T14:32:26.774+0530] {processor.py:839} INFO - DAG(s) dict_keys(['tutorial_taskflow_api']) retrieved from /Users/ramesharra/airflow310/lib/python3.10/site-packages/airflow/example_dags/tutorial_taskflow_api.py
[2025-12-08T14:32:26.880+0530] {logging_mixin.py:154} INFO - [2025-12-08T14:32:26.879+0530] {dag.py:2941} INFO - Sync 1 DAGs
[2025-12-08T14:32:26.885+0530] {logging_mixin.py:154} INFO - [2025-12-08T14:32:26.885+0530] {dag.py:3722} INFO - Setting next_dagrun for tutorial_taskflow_api to None, run_after=None
[2025-12-08T14:32:26.896+0530] {processor.py:179} INFO - Processing /Users/ramesharra/airflow310/lib/python3.10/site-packages/airflow/example_dags/tutorial_taskflow_api.py took 0.161 seconds
[2025-12-08T14:33:27.389+0530] {processor.py:157} INFO - Started process (PID=12912) to work on /Users/ramesharra/airflow310/lib/python3.10/site-packages/airflow/example_dags/tutorial_taskflow_api.py
[2025-12-08T14:33:27.390+0530] {processor.py:829} INFO - Processing file /Users/ramesharra/airflow310/lib/python3.10/site-packages/airflow/example_dags/tutorial_taskflow_api.py for tasks to queue
[2025-12-08T14:33:27.391+0530] {logging_mixin.py:154} INFO - [2025-12-08T14:33:27.391+0530] {dagbag.py:536} INFO - Filling up the DagBag from /Users/ramesharra/airflow310/lib/python3.10/site-packages/airflow/example_dags/tutorial_taskflow_api.py
[2025-12-08T14:33:27.426+0530] {processor.py:839} INFO - DAG(s) dict_keys(['tutorial_taskflow_api']) retrieved from /Users/ramesharra/airflow310/lib/python3.10/site-packages/airflow/example_dags/tutorial_taskflow_api.py
[2025-12-08T14:33:27.534+0530] {logging_mixin.py:154} INFO - [2025-12-08T14:33:27.533+0530] {dag.py:2941} INFO - Sync 1 DAGs
[2025-12-08T14:33:27.539+0530] {logging_mixin.py:154} INFO - [2025-12-08T14:33:27.539+0530] {dag.py:3722} INFO - Setting next_dagrun for tutorial_taskflow_api to None, run_after=None
[2025-12-08T14:33:27.549+0530] {processor.py:179} INFO - Processing /Users/ramesharra/airflow310/lib/python3.10/site-packages/airflow/example_dags/tutorial_taskflow_api.py took 0.161 seconds
[2025-12-08T14:34:28.668+0530] {processor.py:157} INFO - Started process (PID=12984) to work on /Users/ramesharra/airflow310/lib/python3.10/site-packages/airflow/example_dags/tutorial_taskflow_api.py
[2025-12-08T14:34:28.669+0530] {processor.py:829} INFO - Processing file /Users/ramesharra/airflow310/lib/python3.10/site-packages/airflow/example_dags/tutorial_taskflow_api.py for tasks to queue
[2025-12-08T14:34:28.670+0530] {logging_mixin.py:154} INFO - [2025-12-08T14:34:28.670+0530] {dagbag.py:536} INFO - Filling up the DagBag from /Users/ramesharra/airflow310/lib/python3.10/site-packages/airflow/example_dags/tutorial_taskflow_api.py
[2025-12-08T14:34:28.707+0530] {processor.py:839} INFO - DAG(s) dict_keys(['tutorial_taskflow_api']) retrieved from /Users/ramesharra/airflow310/lib/python3.10/site-packages/airflow/example_dags/tutorial_taskflow_api.py
[2025-12-08T14:34:28.837+0530] {logging_mixin.py:154} INFO - [2025-12-08T14:34:28.836+0530] {dag.py:2941} INFO - Sync 1 DAGs
[2025-12-08T14:34:28.842+0530] {logging_mixin.py:154} INFO - [2025-12-08T14:34:28.842+0530] {dag.py:3722} INFO - Setting next_dagrun for tutorial_taskflow_api to None, run_after=None
[2025-12-08T14:34:28.854+0530] {processor.py:179} INFO - Processing /Users/ramesharra/airflow310/lib/python3.10/site-packages/airflow/example_dags/tutorial_taskflow_api.py took 0.186 seconds
[2025-12-08T14:35:31.812+0530] {processor.py:157} INFO - Started process (PID=13055) to work on /Users/ramesharra/airflow310/lib/python3.10/site-packages/airflow/example_dags/tutorial_taskflow_api.py
[2025-12-08T14:35:31.813+0530] {processor.py:829} INFO - Processing file /Users/ramesharra/airflow310/lib/python3.10/site-packages/airflow/example_dags/tutorial_taskflow_api.py for tasks to queue
[2025-12-08T14:35:31.814+0530] {logging_mixin.py:154} INFO - [2025-12-08T14:35:31.814+0530] {dagbag.py:536} INFO - Filling up the DagBag from /Users/ramesharra/airflow310/lib/python3.10/site-packages/airflow/example_dags/tutorial_taskflow_api.py
[2025-12-08T14:35:31.851+0530] {processor.py:839} INFO - DAG(s) dict_keys(['tutorial_taskflow_api']) retrieved from /Users/ramesharra/airflow310/lib/python3.10/site-packages/airflow/example_dags/tutorial_taskflow_api.py
[2025-12-08T14:35:31.984+0530] {logging_mixin.py:154} INFO - [2025-12-08T14:35:31.984+0530] {dag.py:2941} INFO - Sync 1 DAGs
[2025-12-08T14:35:31.990+0530] {logging_mixin.py:154} INFO - [2025-12-08T14:35:31.990+0530] {dag.py:3722} INFO - Setting next_dagrun for tutorial_taskflow_api to None, run_after=None
[2025-12-08T14:35:32.003+0530] {processor.py:179} INFO - Processing /Users/ramesharra/airflow310/lib/python3.10/site-packages/airflow/example_dags/tutorial_taskflow_api.py took 0.191 seconds
[2025-12-08T14:36:38.149+0530] {processor.py:157} INFO - Started process (PID=13117) to work on /Users/ramesharra/airflow310/lib/python3.10/site-packages/airflow/example_dags/tutorial_taskflow_api.py
[2025-12-08T14:36:38.150+0530] {processor.py:829} INFO - Processing file /Users/ramesharra/airflow310/lib/python3.10/site-packages/airflow/example_dags/tutorial_taskflow_api.py for tasks to queue
[2025-12-08T14:36:38.151+0530] {logging_mixin.py:154} INFO - [2025-12-08T14:36:38.151+0530] {dagbag.py:536} INFO - Filling up the DagBag from /Users/ramesharra/airflow310/lib/python3.10/site-packages/airflow/example_dags/tutorial_taskflow_api.py
[2025-12-08T14:36:38.188+0530] {processor.py:839} INFO - DAG(s) dict_keys(['tutorial_taskflow_api']) retrieved from /Users/ramesharra/airflow310/lib/python3.10/site-packages/airflow/example_dags/tutorial_taskflow_api.py
[2025-12-08T14:36:38.293+0530] {logging_mixin.py:154} INFO - [2025-12-08T14:36:38.293+0530] {dag.py:2941} INFO - Sync 1 DAGs
[2025-12-08T14:36:38.298+0530] {logging_mixin.py:154} INFO - [2025-12-08T14:36:38.298+0530] {dag.py:3722} INFO - Setting next_dagrun for tutorial_taskflow_api to None, run_after=None
[2025-12-08T14:36:38.309+0530] {processor.py:179} INFO - Processing /Users/ramesharra/airflow310/lib/python3.10/site-packages/airflow/example_dags/tutorial_taskflow_api.py took 0.161 seconds
[2025-12-08T14:37:42.421+0530] {processor.py:157} INFO - Started process (PID=13191) to work on /Users/ramesharra/airflow310/lib/python3.10/site-packages/airflow/example_dags/tutorial_taskflow_api.py
[2025-12-08T14:37:42.423+0530] {processor.py:829} INFO - Processing file /Users/ramesharra/airflow310/lib/python3.10/site-packages/airflow/example_dags/tutorial_taskflow_api.py for tasks to queue
[2025-12-08T14:37:42.424+0530] {logging_mixin.py:154} INFO - [2025-12-08T14:37:42.424+0530] {dagbag.py:536} INFO - Filling up the DagBag from /Users/ramesharra/airflow310/lib/python3.10/site-packages/airflow/example_dags/tutorial_taskflow_api.py
[2025-12-08T14:37:42.461+0530] {processor.py:839} INFO - DAG(s) dict_keys(['tutorial_taskflow_api']) retrieved from /Users/ramesharra/airflow310/lib/python3.10/site-packages/airflow/example_dags/tutorial_taskflow_api.py
[2025-12-08T14:37:42.570+0530] {logging_mixin.py:154} INFO - [2025-12-08T14:37:42.570+0530] {dag.py:2941} INFO - Sync 1 DAGs
[2025-12-08T14:37:42.575+0530] {logging_mixin.py:154} INFO - [2025-12-08T14:37:42.575+0530] {dag.py:3722} INFO - Setting next_dagrun for tutorial_taskflow_api to None, run_after=None
[2025-12-08T14:37:42.586+0530] {processor.py:179} INFO - Processing /Users/ramesharra/airflow310/lib/python3.10/site-packages/airflow/example_dags/tutorial_taskflow_api.py took 0.165 seconds
[2025-12-08T14:38:51.039+0530] {processor.py:157} INFO - Started process (PID=13269) to work on /Users/ramesharra/airflow310/lib/python3.10/site-packages/airflow/example_dags/tutorial_taskflow_api.py
[2025-12-08T14:38:51.040+0530] {processor.py:829} INFO - Processing file /Users/ramesharra/airflow310/lib/python3.10/site-packages/airflow/example_dags/tutorial_taskflow_api.py for tasks to queue
[2025-12-08T14:38:51.042+0530] {logging_mixin.py:154} INFO - [2025-12-08T14:38:51.042+0530] {dagbag.py:536} INFO - Filling up the DagBag from /Users/ramesharra/airflow310/lib/python3.10/site-packages/airflow/example_dags/tutorial_taskflow_api.py
[2025-12-08T14:38:51.087+0530] {processor.py:839} INFO - DAG(s) dict_keys(['tutorial_taskflow_api']) retrieved from /Users/ramesharra/airflow310/lib/python3.10/site-packages/airflow/example_dags/tutorial_taskflow_api.py
[2025-12-08T14:38:51.217+0530] {logging_mixin.py:154} INFO - [2025-12-08T14:38:51.217+0530] {dag.py:2941} INFO - Sync 1 DAGs
[2025-12-08T14:38:51.223+0530] {logging_mixin.py:154} INFO - [2025-12-08T14:38:51.223+0530] {dag.py:3722} INFO - Setting next_dagrun for tutorial_taskflow_api to None, run_after=None
[2025-12-08T14:38:51.235+0530] {processor.py:179} INFO - Processing /Users/ramesharra/airflow310/lib/python3.10/site-packages/airflow/example_dags/tutorial_taskflow_api.py took 0.197 seconds
[2025-12-08T14:39:58.108+0530] {processor.py:157} INFO - Started process (PID=13344) to work on /Users/ramesharra/airflow310/lib/python3.10/site-packages/airflow/example_dags/tutorial_taskflow_api.py
[2025-12-08T14:39:58.109+0530] {processor.py:829} INFO - Processing file /Users/ramesharra/airflow310/lib/python3.10/site-packages/airflow/example_dags/tutorial_taskflow_api.py for tasks to queue
[2025-12-08T14:39:58.111+0530] {logging_mixin.py:154} INFO - [2025-12-08T14:39:58.110+0530] {dagbag.py:536} INFO - Filling up the DagBag from /Users/ramesharra/airflow310/lib/python3.10/site-packages/airflow/example_dags/tutorial_taskflow_api.py
[2025-12-08T14:39:58.146+0530] {processor.py:839} INFO - DAG(s) dict_keys(['tutorial_taskflow_api']) retrieved from /Users/ramesharra/airflow310/lib/python3.10/site-packages/airflow/example_dags/tutorial_taskflow_api.py
[2025-12-08T14:39:58.255+0530] {logging_mixin.py:154} INFO - [2025-12-08T14:39:58.255+0530] {dag.py:2941} INFO - Sync 1 DAGs
[2025-12-08T14:39:58.260+0530] {logging_mixin.py:154} INFO - [2025-12-08T14:39:58.260+0530] {dag.py:3722} INFO - Setting next_dagrun for tutorial_taskflow_api to None, run_after=None
[2025-12-08T14:39:58.272+0530] {processor.py:179} INFO - Processing /Users/ramesharra/airflow310/lib/python3.10/site-packages/airflow/example_dags/tutorial_taskflow_api.py took 0.164 seconds
[2025-12-08T14:41:03.322+0530] {processor.py:157} INFO - Started process (PID=13427) to work on /Users/ramesharra/airflow310/lib/python3.10/site-packages/airflow/example_dags/tutorial_taskflow_api.py
[2025-12-08T14:41:03.322+0530] {processor.py:829} INFO - Processing file /Users/ramesharra/airflow310/lib/python3.10/site-packages/airflow/example_dags/tutorial_taskflow_api.py for tasks to queue
[2025-12-08T14:41:03.324+0530] {logging_mixin.py:154} INFO - [2025-12-08T14:41:03.324+0530] {dagbag.py:536} INFO - Filling up the DagBag from /Users/ramesharra/airflow310/lib/python3.10/site-packages/airflow/example_dags/tutorial_taskflow_api.py
[2025-12-08T14:41:03.359+0530] {processor.py:839} INFO - DAG(s) dict_keys(['tutorial_taskflow_api']) retrieved from /Users/ramesharra/airflow310/lib/python3.10/site-packages/airflow/example_dags/tutorial_taskflow_api.py
[2025-12-08T14:41:03.468+0530] {logging_mixin.py:154} INFO - [2025-12-08T14:41:03.468+0530] {dag.py:2941} INFO - Sync 1 DAGs
[2025-12-08T14:41:03.474+0530] {logging_mixin.py:154} INFO - [2025-12-08T14:41:03.473+0530] {dag.py:3722} INFO - Setting next_dagrun for tutorial_taskflow_api to None, run_after=None
[2025-12-08T14:41:03.485+0530] {processor.py:179} INFO - Processing /Users/ramesharra/airflow310/lib/python3.10/site-packages/airflow/example_dags/tutorial_taskflow_api.py took 0.164 seconds
[2025-12-08T14:42:10.115+0530] {processor.py:157} INFO - Started process (PID=13514) to work on /Users/ramesharra/airflow310/lib/python3.10/site-packages/airflow/example_dags/tutorial_taskflow_api.py
[2025-12-08T14:42:10.117+0530] {processor.py:829} INFO - Processing file /Users/ramesharra/airflow310/lib/python3.10/site-packages/airflow/example_dags/tutorial_taskflow_api.py for tasks to queue
[2025-12-08T14:42:10.118+0530] {logging_mixin.py:154} INFO - [2025-12-08T14:42:10.118+0530] {dagbag.py:536} INFO - Filling up the DagBag from /Users/ramesharra/airflow310/lib/python3.10/site-packages/airflow/example_dags/tutorial_taskflow_api.py
[2025-12-08T14:42:10.154+0530] {processor.py:839} INFO - DAG(s) dict_keys(['tutorial_taskflow_api']) retrieved from /Users/ramesharra/airflow310/lib/python3.10/site-packages/airflow/example_dags/tutorial_taskflow_api.py
[2025-12-08T14:42:10.266+0530] {logging_mixin.py:154} INFO - [2025-12-08T14:42:10.265+0530] {dag.py:2941} INFO - Sync 1 DAGs
[2025-12-08T14:42:10.271+0530] {logging_mixin.py:154} INFO - [2025-12-08T14:42:10.271+0530] {dag.py:3722} INFO - Setting next_dagrun for tutorial_taskflow_api to None, run_after=None
[2025-12-08T14:42:10.282+0530] {processor.py:179} INFO - Processing /Users/ramesharra/airflow310/lib/python3.10/site-packages/airflow/example_dags/tutorial_taskflow_api.py took 0.167 seconds
[2025-12-08T14:43:14.319+0530] {processor.py:157} INFO - Started process (PID=13583) to work on /Users/ramesharra/airflow310/lib/python3.10/site-packages/airflow/example_dags/tutorial_taskflow_api.py
[2025-12-08T14:43:14.321+0530] {processor.py:829} INFO - Processing file /Users/ramesharra/airflow310/lib/python3.10/site-packages/airflow/example_dags/tutorial_taskflow_api.py for tasks to queue
[2025-12-08T14:43:14.322+0530] {logging_mixin.py:154} INFO - [2025-12-08T14:43:14.322+0530] {dagbag.py:536} INFO - Filling up the DagBag from /Users/ramesharra/airflow310/lib/python3.10/site-packages/airflow/example_dags/tutorial_taskflow_api.py
[2025-12-08T14:43:14.358+0530] {processor.py:839} INFO - DAG(s) dict_keys(['tutorial_taskflow_api']) retrieved from /Users/ramesharra/airflow310/lib/python3.10/site-packages/airflow/example_dags/tutorial_taskflow_api.py
[2025-12-08T14:43:14.462+0530] {logging_mixin.py:154} INFO - [2025-12-08T14:43:14.462+0530] {dag.py:2941} INFO - Sync 1 DAGs
[2025-12-08T14:43:14.467+0530] {logging_mixin.py:154} INFO - [2025-12-08T14:43:14.467+0530] {dag.py:3722} INFO - Setting next_dagrun for tutorial_taskflow_api to None, run_after=None
[2025-12-08T14:43:14.477+0530] {processor.py:179} INFO - Processing /Users/ramesharra/airflow310/lib/python3.10/site-packages/airflow/example_dags/tutorial_taskflow_api.py took 0.158 seconds
[2025-12-08T14:44:19.304+0530] {processor.py:157} INFO - Started process (PID=13649) to work on /Users/ramesharra/airflow310/lib/python3.10/site-packages/airflow/example_dags/tutorial_taskflow_api.py
[2025-12-08T14:44:19.304+0530] {processor.py:829} INFO - Processing file /Users/ramesharra/airflow310/lib/python3.10/site-packages/airflow/example_dags/tutorial_taskflow_api.py for tasks to queue
[2025-12-08T14:44:19.306+0530] {logging_mixin.py:154} INFO - [2025-12-08T14:44:19.306+0530] {dagbag.py:536} INFO - Filling up the DagBag from /Users/ramesharra/airflow310/lib/python3.10/site-packages/airflow/example_dags/tutorial_taskflow_api.py
[2025-12-08T14:44:19.344+0530] {processor.py:839} INFO - DAG(s) dict_keys(['tutorial_taskflow_api']) retrieved from /Users/ramesharra/airflow310/lib/python3.10/site-packages/airflow/example_dags/tutorial_taskflow_api.py
[2025-12-08T14:44:19.453+0530] {logging_mixin.py:154} INFO - [2025-12-08T14:44:19.452+0530] {dag.py:2941} INFO - Sync 1 DAGs
[2025-12-08T14:44:19.458+0530] {logging_mixin.py:154} INFO - [2025-12-08T14:44:19.458+0530] {dag.py:3722} INFO - Setting next_dagrun for tutorial_taskflow_api to None, run_after=None
[2025-12-08T14:44:19.469+0530] {processor.py:179} INFO - Processing /Users/ramesharra/airflow310/lib/python3.10/site-packages/airflow/example_dags/tutorial_taskflow_api.py took 0.165 seconds
[2025-12-08T14:45:23.929+0530] {processor.py:157} INFO - Started process (PID=13722) to work on /Users/ramesharra/airflow310/lib/python3.10/site-packages/airflow/example_dags/tutorial_taskflow_api.py
[2025-12-08T14:45:23.931+0530] {processor.py:829} INFO - Processing file /Users/ramesharra/airflow310/lib/python3.10/site-packages/airflow/example_dags/tutorial_taskflow_api.py for tasks to queue
[2025-12-08T14:45:23.932+0530] {logging_mixin.py:154} INFO - [2025-12-08T14:45:23.932+0530] {dagbag.py:536} INFO - Filling up the DagBag from /Users/ramesharra/airflow310/lib/python3.10/site-packages/airflow/example_dags/tutorial_taskflow_api.py
[2025-12-08T14:45:23.971+0530] {processor.py:839} INFO - DAG(s) dict_keys(['tutorial_taskflow_api']) retrieved from /Users/ramesharra/airflow310/lib/python3.10/site-packages/airflow/example_dags/tutorial_taskflow_api.py
[2025-12-08T14:45:24.087+0530] {logging_mixin.py:154} INFO - [2025-12-08T14:45:24.087+0530] {dag.py:2941} INFO - Sync 1 DAGs
[2025-12-08T14:45:24.093+0530] {logging_mixin.py:154} INFO - [2025-12-08T14:45:24.093+0530] {dag.py:3722} INFO - Setting next_dagrun for tutorial_taskflow_api to None, run_after=None
[2025-12-08T14:45:24.105+0530] {processor.py:179} INFO - Processing /Users/ramesharra/airflow310/lib/python3.10/site-packages/airflow/example_dags/tutorial_taskflow_api.py took 0.176 seconds
[2025-12-08T14:46:25.663+0530] {processor.py:157} INFO - Started process (PID=13789) to work on /Users/ramesharra/airflow310/lib/python3.10/site-packages/airflow/example_dags/tutorial_taskflow_api.py
[2025-12-08T14:46:25.665+0530] {processor.py:829} INFO - Processing file /Users/ramesharra/airflow310/lib/python3.10/site-packages/airflow/example_dags/tutorial_taskflow_api.py for tasks to queue
[2025-12-08T14:46:25.667+0530] {logging_mixin.py:154} INFO - [2025-12-08T14:46:25.667+0530] {dagbag.py:536} INFO - Filling up the DagBag from /Users/ramesharra/airflow310/lib/python3.10/site-packages/airflow/example_dags/tutorial_taskflow_api.py
[2025-12-08T14:46:25.702+0530] {processor.py:839} INFO - DAG(s) dict_keys(['tutorial_taskflow_api']) retrieved from /Users/ramesharra/airflow310/lib/python3.10/site-packages/airflow/example_dags/tutorial_taskflow_api.py
[2025-12-08T14:46:25.809+0530] {logging_mixin.py:154} INFO - [2025-12-08T14:46:25.808+0530] {dag.py:2941} INFO - Sync 1 DAGs
[2025-12-08T14:46:25.814+0530] {logging_mixin.py:154} INFO - [2025-12-08T14:46:25.814+0530] {dag.py:3722} INFO - Setting next_dagrun for tutorial_taskflow_api to None, run_after=None
[2025-12-08T14:46:25.825+0530] {processor.py:179} INFO - Processing /Users/ramesharra/airflow310/lib/python3.10/site-packages/airflow/example_dags/tutorial_taskflow_api.py took 0.162 seconds
[2025-12-08T14:47:33.295+0530] {processor.py:157} INFO - Started process (PID=13876) to work on /Users/ramesharra/airflow310/lib/python3.10/site-packages/airflow/example_dags/tutorial_taskflow_api.py
[2025-12-08T14:47:33.296+0530] {processor.py:829} INFO - Processing file /Users/ramesharra/airflow310/lib/python3.10/site-packages/airflow/example_dags/tutorial_taskflow_api.py for tasks to queue
[2025-12-08T14:47:33.297+0530] {logging_mixin.py:154} INFO - [2025-12-08T14:47:33.297+0530] {dagbag.py:536} INFO - Filling up the DagBag from /Users/ramesharra/airflow310/lib/python3.10/site-packages/airflow/example_dags/tutorial_taskflow_api.py
[2025-12-08T14:47:33.334+0530] {processor.py:839} INFO - DAG(s) dict_keys(['tutorial_taskflow_api']) retrieved from /Users/ramesharra/airflow310/lib/python3.10/site-packages/airflow/example_dags/tutorial_taskflow_api.py
[2025-12-08T14:47:33.448+0530] {logging_mixin.py:154} INFO - [2025-12-08T14:47:33.448+0530] {dag.py:2941} INFO - Sync 1 DAGs
[2025-12-08T14:47:33.453+0530] {logging_mixin.py:154} INFO - [2025-12-08T14:47:33.453+0530] {dag.py:3722} INFO - Setting next_dagrun for tutorial_taskflow_api to None, run_after=None
[2025-12-08T14:47:33.465+0530] {processor.py:179} INFO - Processing /Users/ramesharra/airflow310/lib/python3.10/site-packages/airflow/example_dags/tutorial_taskflow_api.py took 0.170 seconds
[2025-12-08T14:48:42.246+0530] {processor.py:157} INFO - Started process (PID=13944) to work on /Users/ramesharra/airflow310/lib/python3.10/site-packages/airflow/example_dags/tutorial_taskflow_api.py
[2025-12-08T14:48:42.248+0530] {processor.py:829} INFO - Processing file /Users/ramesharra/airflow310/lib/python3.10/site-packages/airflow/example_dags/tutorial_taskflow_api.py for tasks to queue
[2025-12-08T14:48:42.249+0530] {logging_mixin.py:154} INFO - [2025-12-08T14:48:42.249+0530] {dagbag.py:536} INFO - Filling up the DagBag from /Users/ramesharra/airflow310/lib/python3.10/site-packages/airflow/example_dags/tutorial_taskflow_api.py
[2025-12-08T14:48:42.287+0530] {processor.py:839} INFO - DAG(s) dict_keys(['tutorial_taskflow_api']) retrieved from /Users/ramesharra/airflow310/lib/python3.10/site-packages/airflow/example_dags/tutorial_taskflow_api.py
[2025-12-08T14:48:42.403+0530] {logging_mixin.py:154} INFO - [2025-12-08T14:48:42.403+0530] {dag.py:2941} INFO - Sync 1 DAGs
[2025-12-08T14:48:42.409+0530] {logging_mixin.py:154} INFO - [2025-12-08T14:48:42.409+0530] {dag.py:3722} INFO - Setting next_dagrun for tutorial_taskflow_api to None, run_after=None
[2025-12-08T14:48:42.433+0530] {processor.py:179} INFO - Processing /Users/ramesharra/airflow310/lib/python3.10/site-packages/airflow/example_dags/tutorial_taskflow_api.py took 0.187 seconds
[2025-12-08T14:49:47.329+0530] {processor.py:157} INFO - Started process (PID=14020) to work on /Users/ramesharra/airflow310/lib/python3.10/site-packages/airflow/example_dags/tutorial_taskflow_api.py
[2025-12-08T14:49:47.330+0530] {processor.py:829} INFO - Processing file /Users/ramesharra/airflow310/lib/python3.10/site-packages/airflow/example_dags/tutorial_taskflow_api.py for tasks to queue
[2025-12-08T14:49:47.332+0530] {logging_mixin.py:154} INFO - [2025-12-08T14:49:47.332+0530] {dagbag.py:536} INFO - Filling up the DagBag from /Users/ramesharra/airflow310/lib/python3.10/site-packages/airflow/example_dags/tutorial_taskflow_api.py
[2025-12-08T14:49:47.372+0530] {processor.py:839} INFO - DAG(s) dict_keys(['tutorial_taskflow_api']) retrieved from /Users/ramesharra/airflow310/lib/python3.10/site-packages/airflow/example_dags/tutorial_taskflow_api.py
[2025-12-08T14:49:47.491+0530] {logging_mixin.py:154} INFO - [2025-12-08T14:49:47.491+0530] {dag.py:2941} INFO - Sync 1 DAGs
[2025-12-08T14:49:47.496+0530] {logging_mixin.py:154} INFO - [2025-12-08T14:49:47.496+0530] {dag.py:3722} INFO - Setting next_dagrun for tutorial_taskflow_api to None, run_after=None
[2025-12-08T14:49:47.511+0530] {processor.py:179} INFO - Processing /Users/ramesharra/airflow310/lib/python3.10/site-packages/airflow/example_dags/tutorial_taskflow_api.py took 0.183 seconds
[2025-12-08T14:50:54.391+0530] {processor.py:157} INFO - Started process (PID=14101) to work on /Users/ramesharra/airflow310/lib/python3.10/site-packages/airflow/example_dags/tutorial_taskflow_api.py
[2025-12-08T14:50:54.392+0530] {processor.py:829} INFO - Processing file /Users/ramesharra/airflow310/lib/python3.10/site-packages/airflow/example_dags/tutorial_taskflow_api.py for tasks to queue
[2025-12-08T14:50:54.393+0530] {logging_mixin.py:154} INFO - [2025-12-08T14:50:54.393+0530] {dagbag.py:536} INFO - Filling up the DagBag from /Users/ramesharra/airflow310/lib/python3.10/site-packages/airflow/example_dags/tutorial_taskflow_api.py
[2025-12-08T14:50:54.431+0530] {processor.py:839} INFO - DAG(s) dict_keys(['tutorial_taskflow_api']) retrieved from /Users/ramesharra/airflow310/lib/python3.10/site-packages/airflow/example_dags/tutorial_taskflow_api.py
[2025-12-08T14:50:54.542+0530] {logging_mixin.py:154} INFO - [2025-12-08T14:50:54.541+0530] {dag.py:2941} INFO - Sync 1 DAGs
[2025-12-08T14:50:54.547+0530] {logging_mixin.py:154} INFO - [2025-12-08T14:50:54.547+0530] {dag.py:3722} INFO - Setting next_dagrun for tutorial_taskflow_api to None, run_after=None
[2025-12-08T14:50:54.557+0530] {processor.py:179} INFO - Processing /Users/ramesharra/airflow310/lib/python3.10/site-packages/airflow/example_dags/tutorial_taskflow_api.py took 0.166 seconds
