[2025-12-08T15:09:24.951+0530] {taskinstance.py:1159} INFO - Dependencies all met for dep_context=non-requeueable deps ti=<TaskInstance: shopverse_daily_pipeline.wait_customers_file scheduled__2025-01-02T01:00:00+00:00 [queued]>
[2025-12-08T15:09:24.953+0530] {taskinstance.py:1159} INFO - Dependencies all met for dep_context=requeueable deps ti=<TaskInstance: shopverse_daily_pipeline.wait_customers_file scheduled__2025-01-02T01:00:00+00:00 [queued]>
[2025-12-08T15:09:24.953+0530] {taskinstance.py:1361} INFO - Starting attempt 1 of 2
[2025-12-08T15:09:24.958+0530] {taskinstance.py:1382} INFO - Executing <Task(FileSensor): wait_customers_file> on 2025-01-02 01:00:00+00:00
[2025-12-08T15:09:24.962+0530] {standard_task_runner.py:57} INFO - Started process 14745 to run task
[2025-12-08T15:09:24.965+0530] {standard_task_runner.py:84} INFO - Running: ['airflow', 'tasks', 'run', 'shopverse_daily_pipeline', 'wait_customers_file', 'scheduled__2025-01-02T01:00:00+00:00', '--job-id', '15', '--raw', '--subdir', 'DAGS_FOLDER/shopverse_daily_pipeline.py', '--cfg-path', '/var/folders/0m/k_9_7kw56svf7_nstcht_jzw0000gn/T/tmpg8ucunzd']
[2025-12-08T15:09:24.966+0530] {standard_task_runner.py:85} INFO - Job 15: Subtask wait_customers_file
[2025-12-08T15:09:24.989+0530] {task_command.py:416} INFO - Running <TaskInstance: shopverse_daily_pipeline.wait_customers_file scheduled__2025-01-02T01:00:00+00:00 [running]> on host pranavis-macbook-air.local
[2025-12-08T15:09:25.014+0530] {taskinstance.py:1662} INFO - Exporting env vars: AIRFLOW_CTX_DAG_EMAIL='alert@example.com' AIRFLOW_CTX_DAG_OWNER='shopverse_de' AIRFLOW_CTX_DAG_ID='shopverse_daily_pipeline' AIRFLOW_CTX_TASK_ID='wait_customers_file' AIRFLOW_CTX_EXECUTION_DATE='2025-01-02T01:00:00+00:00' AIRFLOW_CTX_TRY_NUMBER='1' AIRFLOW_CTX_DAG_RUN_ID='scheduled__2025-01-02T01:00:00+00:00'
[2025-12-08T15:09:25.017+0530] {base.py:73} INFO - Using connection ID 'fs_default' for task execution.
[2025-12-08T15:09:25.017+0530] {filesystem.py:64} INFO - Poking for file /Users/ramesharra/airflow/data/shopverse/landing/customers/customers_20250102.csv
[2025-12-08T15:09:35.046+0530] {base.py:73} INFO - Using connection ID 'fs_default' for task execution.
[2025-12-08T15:09:35.047+0530] {filesystem.py:64} INFO - Poking for file /Users/ramesharra/airflow/data/shopverse/landing/customers/customers_20250102.csv
[2025-12-08T15:09:45.069+0530] {base.py:73} INFO - Using connection ID 'fs_default' for task execution.
[2025-12-08T15:09:45.073+0530] {filesystem.py:64} INFO - Poking for file /Users/ramesharra/airflow/data/shopverse/landing/customers/customers_20250102.csv
[2025-12-08T15:09:55.092+0530] {base.py:73} INFO - Using connection ID 'fs_default' for task execution.
[2025-12-08T15:09:55.095+0530] {filesystem.py:64} INFO - Poking for file /Users/ramesharra/airflow/data/shopverse/landing/customers/customers_20250102.csv
[2025-12-08T15:10:05.107+0530] {base.py:73} INFO - Using connection ID 'fs_default' for task execution.
[2025-12-08T15:10:05.109+0530] {filesystem.py:64} INFO - Poking for file /Users/ramesharra/airflow/data/shopverse/landing/customers/customers_20250102.csv
[2025-12-08T15:10:15.130+0530] {base.py:73} INFO - Using connection ID 'fs_default' for task execution.
[2025-12-08T15:10:15.132+0530] {filesystem.py:64} INFO - Poking for file /Users/ramesharra/airflow/data/shopverse/landing/customers/customers_20250102.csv
[2025-12-08T15:10:25.165+0530] {base.py:73} INFO - Using connection ID 'fs_default' for task execution.
[2025-12-08T15:10:25.178+0530] {filesystem.py:64} INFO - Poking for file /Users/ramesharra/airflow/data/shopverse/landing/customers/customers_20250102.csv
[2025-12-08T15:10:35.203+0530] {base.py:73} INFO - Using connection ID 'fs_default' for task execution.
[2025-12-08T15:10:35.208+0530] {filesystem.py:64} INFO - Poking for file /Users/ramesharra/airflow/data/shopverse/landing/customers/customers_20250102.csv
[2025-12-08T15:10:45.229+0530] {base.py:73} INFO - Using connection ID 'fs_default' for task execution.
[2025-12-08T15:10:45.231+0530] {filesystem.py:64} INFO - Poking for file /Users/ramesharra/airflow/data/shopverse/landing/customers/customers_20250102.csv
[2025-12-08T15:10:55.255+0530] {base.py:73} INFO - Using connection ID 'fs_default' for task execution.
[2025-12-08T15:10:55.258+0530] {filesystem.py:64} INFO - Poking for file /Users/ramesharra/airflow/data/shopverse/landing/customers/customers_20250102.csv
[2025-12-08T15:11:05.270+0530] {base.py:73} INFO - Using connection ID 'fs_default' for task execution.
[2025-12-08T15:11:05.272+0530] {filesystem.py:64} INFO - Poking for file /Users/ramesharra/airflow/data/shopverse/landing/customers/customers_20250102.csv
[2025-12-08T15:11:15.291+0530] {base.py:73} INFO - Using connection ID 'fs_default' for task execution.
[2025-12-08T15:11:15.302+0530] {filesystem.py:64} INFO - Poking for file /Users/ramesharra/airflow/data/shopverse/landing/customers/customers_20250102.csv
[2025-12-08T15:11:25.330+0530] {base.py:73} INFO - Using connection ID 'fs_default' for task execution.
[2025-12-08T15:11:25.334+0530] {filesystem.py:64} INFO - Poking for file /Users/ramesharra/airflow/data/shopverse/landing/customers/customers_20250102.csv
[2025-12-08T15:11:35.362+0530] {base.py:73} INFO - Using connection ID 'fs_default' for task execution.
[2025-12-08T15:11:35.365+0530] {filesystem.py:64} INFO - Poking for file /Users/ramesharra/airflow/data/shopverse/landing/customers/customers_20250102.csv
[2025-12-08T15:11:45.383+0530] {base.py:73} INFO - Using connection ID 'fs_default' for task execution.
[2025-12-08T15:11:45.386+0530] {filesystem.py:64} INFO - Poking for file /Users/ramesharra/airflow/data/shopverse/landing/customers/customers_20250102.csv
[2025-12-08T15:11:55.398+0530] {base.py:73} INFO - Using connection ID 'fs_default' for task execution.
[2025-12-08T15:11:55.400+0530] {filesystem.py:64} INFO - Poking for file /Users/ramesharra/airflow/data/shopverse/landing/customers/customers_20250102.csv
[2025-12-08T15:12:05.408+0530] {base.py:73} INFO - Using connection ID 'fs_default' for task execution.
[2025-12-08T15:12:05.410+0530] {filesystem.py:64} INFO - Poking for file /Users/ramesharra/airflow/data/shopverse/landing/customers/customers_20250102.csv
[2025-12-08T15:12:15.432+0530] {base.py:73} INFO - Using connection ID 'fs_default' for task execution.
[2025-12-08T15:12:15.437+0530] {filesystem.py:64} INFO - Poking for file /Users/ramesharra/airflow/data/shopverse/landing/customers/customers_20250102.csv
[2025-12-08T15:12:25.445+0530] {base.py:73} INFO - Using connection ID 'fs_default' for task execution.
[2025-12-08T15:12:25.446+0530] {filesystem.py:64} INFO - Poking for file /Users/ramesharra/airflow/data/shopverse/landing/customers/customers_20250102.csv
[2025-12-08T15:12:35.459+0530] {base.py:73} INFO - Using connection ID 'fs_default' for task execution.
[2025-12-08T15:12:35.461+0530] {filesystem.py:64} INFO - Poking for file /Users/ramesharra/airflow/data/shopverse/landing/customers/customers_20250102.csv
[2025-12-08T15:12:45.479+0530] {base.py:73} INFO - Using connection ID 'fs_default' for task execution.
[2025-12-08T15:12:45.481+0530] {filesystem.py:64} INFO - Poking for file /Users/ramesharra/airflow/data/shopverse/landing/customers/customers_20250102.csv
[2025-12-08T15:12:55.501+0530] {base.py:73} INFO - Using connection ID 'fs_default' for task execution.
[2025-12-08T15:12:55.502+0530] {filesystem.py:64} INFO - Poking for file /Users/ramesharra/airflow/data/shopverse/landing/customers/customers_20250102.csv
[2025-12-08T15:13:05.517+0530] {base.py:73} INFO - Using connection ID 'fs_default' for task execution.
[2025-12-08T15:13:05.518+0530] {filesystem.py:64} INFO - Poking for file /Users/ramesharra/airflow/data/shopverse/landing/customers/customers_20250102.csv
[2025-12-08T15:13:15.541+0530] {base.py:73} INFO - Using connection ID 'fs_default' for task execution.
[2025-12-08T15:13:15.544+0530] {filesystem.py:64} INFO - Poking for file /Users/ramesharra/airflow/data/shopverse/landing/customers/customers_20250102.csv
[2025-12-08T15:13:25.569+0530] {base.py:73} INFO - Using connection ID 'fs_default' for task execution.
[2025-12-08T15:13:25.571+0530] {filesystem.py:64} INFO - Poking for file /Users/ramesharra/airflow/data/shopverse/landing/customers/customers_20250102.csv
[2025-12-08T15:13:35.592+0530] {base.py:73} INFO - Using connection ID 'fs_default' for task execution.
[2025-12-08T15:13:35.595+0530] {filesystem.py:64} INFO - Poking for file /Users/ramesharra/airflow/data/shopverse/landing/customers/customers_20250102.csv
[2025-12-08T15:13:45.612+0530] {base.py:73} INFO - Using connection ID 'fs_default' for task execution.
[2025-12-08T15:13:45.619+0530] {filesystem.py:64} INFO - Poking for file /Users/ramesharra/airflow/data/shopverse/landing/customers/customers_20250102.csv
[2025-12-08T15:13:55.648+0530] {base.py:73} INFO - Using connection ID 'fs_default' for task execution.
[2025-12-08T15:13:55.651+0530] {filesystem.py:64} INFO - Poking for file /Users/ramesharra/airflow/data/shopverse/landing/customers/customers_20250102.csv
[2025-12-08T15:14:05.670+0530] {base.py:73} INFO - Using connection ID 'fs_default' for task execution.
[2025-12-08T15:14:05.674+0530] {filesystem.py:64} INFO - Poking for file /Users/ramesharra/airflow/data/shopverse/landing/customers/customers_20250102.csv
[2025-12-08T15:14:15.700+0530] {base.py:73} INFO - Using connection ID 'fs_default' for task execution.
[2025-12-08T15:14:15.704+0530] {filesystem.py:64} INFO - Poking for file /Users/ramesharra/airflow/data/shopverse/landing/customers/customers_20250102.csv
[2025-12-08T15:14:25.732+0530] {base.py:73} INFO - Using connection ID 'fs_default' for task execution.
[2025-12-08T15:14:25.736+0530] {filesystem.py:64} INFO - Poking for file /Users/ramesharra/airflow/data/shopverse/landing/customers/customers_20250102.csv
[2025-12-08T15:14:35.753+0530] {base.py:73} INFO - Using connection ID 'fs_default' for task execution.
[2025-12-08T15:14:35.756+0530] {filesystem.py:64} INFO - Poking for file /Users/ramesharra/airflow/data/shopverse/landing/customers/customers_20250102.csv
[2025-12-08T15:14:45.773+0530] {base.py:73} INFO - Using connection ID 'fs_default' for task execution.
[2025-12-08T15:14:45.776+0530] {filesystem.py:64} INFO - Poking for file /Users/ramesharra/airflow/data/shopverse/landing/customers/customers_20250102.csv
[2025-12-08T15:14:55.791+0530] {base.py:73} INFO - Using connection ID 'fs_default' for task execution.
[2025-12-08T15:14:55.794+0530] {filesystem.py:64} INFO - Poking for file /Users/ramesharra/airflow/data/shopverse/landing/customers/customers_20250102.csv
[2025-12-08T15:15:05.813+0530] {base.py:73} INFO - Using connection ID 'fs_default' for task execution.
[2025-12-08T15:15:05.817+0530] {filesystem.py:64} INFO - Poking for file /Users/ramesharra/airflow/data/shopverse/landing/customers/customers_20250102.csv
[2025-12-08T15:15:15.834+0530] {base.py:73} INFO - Using connection ID 'fs_default' for task execution.
[2025-12-08T15:15:15.837+0530] {filesystem.py:64} INFO - Poking for file /Users/ramesharra/airflow/data/shopverse/landing/customers/customers_20250102.csv
[2025-12-08T15:15:25.851+0530] {base.py:73} INFO - Using connection ID 'fs_default' for task execution.
[2025-12-08T15:15:25.855+0530] {filesystem.py:64} INFO - Poking for file /Users/ramesharra/airflow/data/shopverse/landing/customers/customers_20250102.csv
[2025-12-08T15:15:35.871+0530] {base.py:73} INFO - Using connection ID 'fs_default' for task execution.
[2025-12-08T15:15:35.875+0530] {filesystem.py:64} INFO - Poking for file /Users/ramesharra/airflow/data/shopverse/landing/customers/customers_20250102.csv
[2025-12-08T15:15:45.901+0530] {base.py:73} INFO - Using connection ID 'fs_default' for task execution.
[2025-12-08T15:15:45.905+0530] {filesystem.py:64} INFO - Poking for file /Users/ramesharra/airflow/data/shopverse/landing/customers/customers_20250102.csv
[2025-12-08T15:15:55.921+0530] {base.py:73} INFO - Using connection ID 'fs_default' for task execution.
[2025-12-08T15:15:55.924+0530] {filesystem.py:64} INFO - Poking for file /Users/ramesharra/airflow/data/shopverse/landing/customers/customers_20250102.csv
[2025-12-08T15:16:05.946+0530] {base.py:73} INFO - Using connection ID 'fs_default' for task execution.
[2025-12-08T15:16:05.950+0530] {filesystem.py:64} INFO - Poking for file /Users/ramesharra/airflow/data/shopverse/landing/customers/customers_20250102.csv
[2025-12-08T15:16:15.987+0530] {base.py:73} INFO - Using connection ID 'fs_default' for task execution.
[2025-12-08T15:16:15.997+0530] {filesystem.py:64} INFO - Poking for file /Users/ramesharra/airflow/data/shopverse/landing/customers/customers_20250102.csv
[2025-12-08T15:16:26.038+0530] {base.py:73} INFO - Using connection ID 'fs_default' for task execution.
[2025-12-08T15:16:26.041+0530] {filesystem.py:64} INFO - Poking for file /Users/ramesharra/airflow/data/shopverse/landing/customers/customers_20250102.csv
[2025-12-08T15:16:36.070+0530] {base.py:73} INFO - Using connection ID 'fs_default' for task execution.
[2025-12-08T15:16:36.076+0530] {filesystem.py:64} INFO - Poking for file /Users/ramesharra/airflow/data/shopverse/landing/customers/customers_20250102.csv
[2025-12-08T15:16:46.096+0530] {base.py:73} INFO - Using connection ID 'fs_default' for task execution.
[2025-12-08T15:16:46.098+0530] {filesystem.py:64} INFO - Poking for file /Users/ramesharra/airflow/data/shopverse/landing/customers/customers_20250102.csv
[2025-12-08T15:16:56.127+0530] {base.py:73} INFO - Using connection ID 'fs_default' for task execution.
[2025-12-08T15:16:56.131+0530] {filesystem.py:64} INFO - Poking for file /Users/ramesharra/airflow/data/shopverse/landing/customers/customers_20250102.csv
[2025-12-08T15:17:06.154+0530] {base.py:73} INFO - Using connection ID 'fs_default' for task execution.
[2025-12-08T15:17:06.156+0530] {filesystem.py:64} INFO - Poking for file /Users/ramesharra/airflow/data/shopverse/landing/customers/customers_20250102.csv
[2025-12-08T15:17:16.169+0530] {base.py:73} INFO - Using connection ID 'fs_default' for task execution.
[2025-12-08T15:17:16.177+0530] {filesystem.py:64} INFO - Poking for file /Users/ramesharra/airflow/data/shopverse/landing/customers/customers_20250102.csv
[2025-12-08T15:17:26.201+0530] {base.py:73} INFO - Using connection ID 'fs_default' for task execution.
[2025-12-08T15:17:26.204+0530] {filesystem.py:64} INFO - Poking for file /Users/ramesharra/airflow/data/shopverse/landing/customers/customers_20250102.csv
[2025-12-08T15:17:36.226+0530] {base.py:73} INFO - Using connection ID 'fs_default' for task execution.
[2025-12-08T15:17:36.229+0530] {filesystem.py:64} INFO - Poking for file /Users/ramesharra/airflow/data/shopverse/landing/customers/customers_20250102.csv
[2025-12-08T15:17:46.254+0530] {base.py:73} INFO - Using connection ID 'fs_default' for task execution.
[2025-12-08T15:17:46.258+0530] {filesystem.py:64} INFO - Poking for file /Users/ramesharra/airflow/data/shopverse/landing/customers/customers_20250102.csv
[2025-12-08T15:17:56.277+0530] {base.py:73} INFO - Using connection ID 'fs_default' for task execution.
[2025-12-08T15:17:56.280+0530] {filesystem.py:64} INFO - Poking for file /Users/ramesharra/airflow/data/shopverse/landing/customers/customers_20250102.csv
[2025-12-08T15:18:06.310+0530] {base.py:73} INFO - Using connection ID 'fs_default' for task execution.
[2025-12-08T15:18:06.313+0530] {filesystem.py:64} INFO - Poking for file /Users/ramesharra/airflow/data/shopverse/landing/customers/customers_20250102.csv
[2025-12-08T15:18:16.330+0530] {base.py:73} INFO - Using connection ID 'fs_default' for task execution.
[2025-12-08T15:18:16.333+0530] {filesystem.py:64} INFO - Poking for file /Users/ramesharra/airflow/data/shopverse/landing/customers/customers_20250102.csv
[2025-12-08T15:18:26.355+0530] {base.py:73} INFO - Using connection ID 'fs_default' for task execution.
[2025-12-08T15:18:26.357+0530] {filesystem.py:64} INFO - Poking for file /Users/ramesharra/airflow/data/shopverse/landing/customers/customers_20250102.csv
[2025-12-08T15:18:36.392+0530] {base.py:73} INFO - Using connection ID 'fs_default' for task execution.
[2025-12-08T15:18:36.393+0530] {filesystem.py:64} INFO - Poking for file /Users/ramesharra/airflow/data/shopverse/landing/customers/customers_20250102.csv
[2025-12-08T15:18:46.413+0530] {base.py:73} INFO - Using connection ID 'fs_default' for task execution.
[2025-12-08T15:18:46.417+0530] {filesystem.py:64} INFO - Poking for file /Users/ramesharra/airflow/data/shopverse/landing/customers/customers_20250102.csv
[2025-12-08T15:18:56.441+0530] {base.py:73} INFO - Using connection ID 'fs_default' for task execution.
[2025-12-08T15:18:56.444+0530] {filesystem.py:64} INFO - Poking for file /Users/ramesharra/airflow/data/shopverse/landing/customers/customers_20250102.csv
[2025-12-08T15:19:06.476+0530] {base.py:73} INFO - Using connection ID 'fs_default' for task execution.
[2025-12-08T15:19:06.479+0530] {filesystem.py:64} INFO - Poking for file /Users/ramesharra/airflow/data/shopverse/landing/customers/customers_20250102.csv
[2025-12-08T15:19:16.503+0530] {base.py:73} INFO - Using connection ID 'fs_default' for task execution.
[2025-12-08T15:19:16.506+0530] {filesystem.py:64} INFO - Poking for file /Users/ramesharra/airflow/data/shopverse/landing/customers/customers_20250102.csv
[2025-12-08T15:19:26.538+0530] {base.py:73} INFO - Using connection ID 'fs_default' for task execution.
[2025-12-08T15:19:26.540+0530] {filesystem.py:64} INFO - Poking for file /Users/ramesharra/airflow/data/shopverse/landing/customers/customers_20250102.csv
[2025-12-08T15:19:26.542+0530] {taskinstance.py:1937} ERROR - Task failed with exception
Traceback (most recent call last):
  File "/Users/ramesharra/airflow310/lib/python3.10/site-packages/airflow/sensors/base.py", line 274, in execute
    raise AirflowSensorTimeout(message)
airflow.exceptions.AirflowSensorTimeout: Sensor has timed out; run duration of 601.5087373750011 seconds exceeds the specified timeout of 600.0.
[2025-12-08T15:19:26.554+0530] {taskinstance.py:1400} INFO - Immediate failure requested. Marking task as FAILED. dag_id=shopverse_daily_pipeline, task_id=wait_customers_file, execution_date=20250102T010000, start_date=20251208T093924, end_date=20251208T094926
[2025-12-08T15:19:26.581+0530] {logging_mixin.py:154} WARNING - /Users/ramesharra/airflow310/lib/python3.10/site-packages/airflow/utils/email.py:154 RemovedInAirflow3Warning: Fetching SMTP credentials from configuration variables will be deprecated in a future release. Please set credentials using a connection instead.
[2025-12-08T15:19:26.581+0530] {configuration.py:1050} WARNING - section/key [smtp/smtp_user] not found in config
[2025-12-08T15:19:26.581+0530] {email.py:270} INFO - Email alerting: attempt 1
[2025-12-08T15:19:26.586+0530] {configuration.py:1050} WARNING - section/key [smtp/smtp_user] not found in config
[2025-12-08T15:19:26.586+0530] {email.py:270} INFO - Email alerting: attempt 1
[2025-12-08T15:19:26.587+0530] {taskinstance.py:2007} ERROR - Failed to send email to: alert@example.com
Traceback (most recent call last):
  File "/Users/ramesharra/airflow310/lib/python3.10/site-packages/airflow/models/taskinstance.py", line 1518, in _run_raw_task
    self._execute_task_with_callbacks(context, test_mode, session=session)
  File "/Users/ramesharra/airflow310/lib/python3.10/site-packages/airflow/models/taskinstance.py", line 1681, in _execute_task_with_callbacks
    result = self._execute_task(context, task_orig)
  File "/Users/ramesharra/airflow310/lib/python3.10/site-packages/airflow/models/taskinstance.py", line 1744, in _execute_task
    result = execute_callable(context=context, **execute_callable_kwargs)
  File "/Users/ramesharra/airflow310/lib/python3.10/site-packages/airflow/sensors/base.py", line 274, in execute
    raise AirflowSensorTimeout(message)
airflow.exceptions.AirflowSensorTimeout: Sensor has timed out; run duration of 601.5087373750011 seconds exceeds the specified timeout of 600.0.

During handling of the above exception, another exception occurred:

Traceback (most recent call last):
  File "/Users/ramesharra/airflow310/lib/python3.10/site-packages/airflow/models/taskinstance.py", line 2420, in email_alert
    send_email(task.email, subject, html_content)
  File "/Users/ramesharra/airflow310/lib/python3.10/site-packages/airflow/utils/email.py", line 80, in send_email
    return backend(
  File "/Users/ramesharra/airflow310/lib/python3.10/site-packages/airflow/utils/email.py", line 154, in send_email_smtp
    send_mime_email(e_from=mail_from, e_to=recipients, mime_msg=msg, conn_id=conn_id, dryrun=dryrun)
  File "/Users/ramesharra/airflow310/lib/python3.10/site-packages/airflow/utils/email.py", line 272, in send_mime_email
    smtp_conn = _get_smtp_connection(smtp_host, smtp_port, smtp_timeout, smtp_ssl)
  File "/Users/ramesharra/airflow310/lib/python3.10/site-packages/airflow/utils/email.py", line 316, in _get_smtp_connection
    return smtplib.SMTP(host=host, port=port, timeout=timeout)
  File "/opt/homebrew/Cellar/python@3.10/3.10.19_1/Frameworks/Python.framework/Versions/3.10/lib/python3.10/smtplib.py", line 255, in __init__
    (code, msg) = self.connect(host, port)
  File "/opt/homebrew/Cellar/python@3.10/3.10.19_1/Frameworks/Python.framework/Versions/3.10/lib/python3.10/smtplib.py", line 341, in connect
    self.sock = self._get_socket(host, port, self.timeout)
  File "/opt/homebrew/Cellar/python@3.10/3.10.19_1/Frameworks/Python.framework/Versions/3.10/lib/python3.10/smtplib.py", line 312, in _get_socket
    return socket.create_connection((host, port), timeout,
  File "/opt/homebrew/Cellar/python@3.10/3.10.19_1/Frameworks/Python.framework/Versions/3.10/lib/python3.10/socket.py", line 857, in create_connection
    raise err
  File "/opt/homebrew/Cellar/python@3.10/3.10.19_1/Frameworks/Python.framework/Versions/3.10/lib/python3.10/socket.py", line 845, in create_connection
    sock.connect(sa)
ConnectionRefusedError: [Errno 61] Connection refused

During handling of the above exception, another exception occurred:

Traceback (most recent call last):
  File "/Users/ramesharra/airflow310/lib/python3.10/site-packages/airflow/models/taskinstance.py", line 2005, in handle_failure
    self.email_alert(error, task)
  File "/Users/ramesharra/airflow310/lib/python3.10/site-packages/airflow/models/taskinstance.py", line 2422, in email_alert
    send_email(task.email, subject, html_content_err)
  File "/Users/ramesharra/airflow310/lib/python3.10/site-packages/airflow/utils/email.py", line 80, in send_email
    return backend(
  File "/Users/ramesharra/airflow310/lib/python3.10/site-packages/airflow/utils/email.py", line 154, in send_email_smtp
    send_mime_email(e_from=mail_from, e_to=recipients, mime_msg=msg, conn_id=conn_id, dryrun=dryrun)
  File "/Users/ramesharra/airflow310/lib/python3.10/site-packages/airflow/utils/email.py", line 272, in send_mime_email
    smtp_conn = _get_smtp_connection(smtp_host, smtp_port, smtp_timeout, smtp_ssl)
  File "/Users/ramesharra/airflow310/lib/python3.10/site-packages/airflow/utils/email.py", line 316, in _get_smtp_connection
    return smtplib.SMTP(host=host, port=port, timeout=timeout)
  File "/opt/homebrew/Cellar/python@3.10/3.10.19_1/Frameworks/Python.framework/Versions/3.10/lib/python3.10/smtplib.py", line 255, in __init__
    (code, msg) = self.connect(host, port)
  File "/opt/homebrew/Cellar/python@3.10/3.10.19_1/Frameworks/Python.framework/Versions/3.10/lib/python3.10/smtplib.py", line 341, in connect
    self.sock = self._get_socket(host, port, self.timeout)
  File "/opt/homebrew/Cellar/python@3.10/3.10.19_1/Frameworks/Python.framework/Versions/3.10/lib/python3.10/smtplib.py", line 312, in _get_socket
    return socket.create_connection((host, port), timeout,
  File "/opt/homebrew/Cellar/python@3.10/3.10.19_1/Frameworks/Python.framework/Versions/3.10/lib/python3.10/socket.py", line 857, in create_connection
    raise err
  File "/opt/homebrew/Cellar/python@3.10/3.10.19_1/Frameworks/Python.framework/Versions/3.10/lib/python3.10/socket.py", line 845, in create_connection
    sock.connect(sa)
ConnectionRefusedError: [Errno 61] Connection refused
[2025-12-08T15:19:26.597+0530] {standard_task_runner.py:104} ERROR - Failed to execute job 15 for task wait_customers_file (Sensor has timed out; run duration of 601.5087373750011 seconds exceeds the specified timeout of 600.0.; 14745)
[2025-12-08T15:19:26.610+0530] {local_task_job_runner.py:228} INFO - Task exited with return code 1
[2025-12-08T15:19:26.630+0530] {taskinstance.py:2778} INFO - 0 downstream tasks scheduled from follow-on schedule check
