[2025-12-08T16:01:54.830+0530] {taskinstance.py:1159} INFO - Dependencies all met for dep_context=non-requeueable deps ti=<TaskInstance: shopverse_daily_pipeline.wait_products_file scheduled__2025-01-04T01:00:00+00:00 [queued]>
[2025-12-08T16:01:54.833+0530] {taskinstance.py:1159} INFO - Dependencies all met for dep_context=requeueable deps ti=<TaskInstance: shopverse_daily_pipeline.wait_products_file scheduled__2025-01-04T01:00:00+00:00 [queued]>
[2025-12-08T16:01:54.833+0530] {taskinstance.py:1361} INFO - Starting attempt 1 of 2
[2025-12-08T16:01:54.837+0530] {taskinstance.py:1382} INFO - Executing <Task(FileSensor): wait_products_file> on 2025-01-04 01:00:00+00:00
[2025-12-08T16:01:54.842+0530] {standard_task_runner.py:57} INFO - Started process 16821 to run task
[2025-12-08T16:01:54.845+0530] {standard_task_runner.py:84} INFO - Running: ['airflow', 'tasks', 'run', 'shopverse_daily_pipeline', 'wait_products_file', 'scheduled__2025-01-04T01:00:00+00:00', '--job-id', '37', '--raw', '--subdir', 'DAGS_FOLDER/shopverse_daily_pipeline.py', '--cfg-path', '/var/folders/0m/k_9_7kw56svf7_nstcht_jzw0000gn/T/tmphzmbh1kc']
[2025-12-08T16:01:54.846+0530] {standard_task_runner.py:85} INFO - Job 37: Subtask wait_products_file
[2025-12-08T16:01:54.867+0530] {task_command.py:416} INFO - Running <TaskInstance: shopverse_daily_pipeline.wait_products_file scheduled__2025-01-04T01:00:00+00:00 [running]> on host pranavis-macbook-air.local
[2025-12-08T16:01:54.885+0530] {taskinstance.py:1662} INFO - Exporting env vars: AIRFLOW_CTX_DAG_EMAIL='alert@example.com' AIRFLOW_CTX_DAG_OWNER='shopverse_de' AIRFLOW_CTX_DAG_ID='shopverse_daily_pipeline' AIRFLOW_CTX_TASK_ID='wait_products_file' AIRFLOW_CTX_EXECUTION_DATE='2025-01-04T01:00:00+00:00' AIRFLOW_CTX_TRY_NUMBER='1' AIRFLOW_CTX_DAG_RUN_ID='scheduled__2025-01-04T01:00:00+00:00'
[2025-12-08T16:01:54.887+0530] {base.py:73} INFO - Using connection ID 'fs_default' for task execution.
[2025-12-08T16:01:54.888+0530] {filesystem.py:64} INFO - Poking for file /Users/ramesharra/airflow/data/shopverse/landing/products/products_20250104.csv
[2025-12-08T16:02:04.899+0530] {base.py:73} INFO - Using connection ID 'fs_default' for task execution.
[2025-12-08T16:02:04.902+0530] {filesystem.py:64} INFO - Poking for file /Users/ramesharra/airflow/data/shopverse/landing/products/products_20250104.csv
[2025-12-08T16:02:14.928+0530] {base.py:73} INFO - Using connection ID 'fs_default' for task execution.
[2025-12-08T16:02:14.931+0530] {filesystem.py:64} INFO - Poking for file /Users/ramesharra/airflow/data/shopverse/landing/products/products_20250104.csv
[2025-12-08T16:02:24.941+0530] {base.py:73} INFO - Using connection ID 'fs_default' for task execution.
[2025-12-08T16:02:24.943+0530] {filesystem.py:64} INFO - Poking for file /Users/ramesharra/airflow/data/shopverse/landing/products/products_20250104.csv
[2025-12-08T16:02:34.969+0530] {base.py:73} INFO - Using connection ID 'fs_default' for task execution.
[2025-12-08T16:02:34.973+0530] {filesystem.py:64} INFO - Poking for file /Users/ramesharra/airflow/data/shopverse/landing/products/products_20250104.csv
[2025-12-08T16:02:44.983+0530] {base.py:73} INFO - Using connection ID 'fs_default' for task execution.
[2025-12-08T16:02:44.985+0530] {filesystem.py:64} INFO - Poking for file /Users/ramesharra/airflow/data/shopverse/landing/products/products_20250104.csv
[2025-12-08T16:02:55.008+0530] {base.py:73} INFO - Using connection ID 'fs_default' for task execution.
[2025-12-08T16:02:55.010+0530] {filesystem.py:64} INFO - Poking for file /Users/ramesharra/airflow/data/shopverse/landing/products/products_20250104.csv
[2025-12-08T16:03:05.017+0530] {base.py:73} INFO - Using connection ID 'fs_default' for task execution.
[2025-12-08T16:03:05.019+0530] {filesystem.py:64} INFO - Poking for file /Users/ramesharra/airflow/data/shopverse/landing/products/products_20250104.csv
[2025-12-08T16:03:15.041+0530] {base.py:73} INFO - Using connection ID 'fs_default' for task execution.
[2025-12-08T16:03:15.044+0530] {filesystem.py:64} INFO - Poking for file /Users/ramesharra/airflow/data/shopverse/landing/products/products_20250104.csv
[2025-12-08T16:03:25.068+0530] {base.py:73} INFO - Using connection ID 'fs_default' for task execution.
[2025-12-08T16:03:25.071+0530] {filesystem.py:64} INFO - Poking for file /Users/ramesharra/airflow/data/shopverse/landing/products/products_20250104.csv
[2025-12-08T16:03:35.089+0530] {base.py:73} INFO - Using connection ID 'fs_default' for task execution.
[2025-12-08T16:03:35.100+0530] {filesystem.py:64} INFO - Poking for file /Users/ramesharra/airflow/data/shopverse/landing/products/products_20250104.csv
[2025-12-08T16:03:45.108+0530] {base.py:73} INFO - Using connection ID 'fs_default' for task execution.
[2025-12-08T16:03:45.109+0530] {filesystem.py:64} INFO - Poking for file /Users/ramesharra/airflow/data/shopverse/landing/products/products_20250104.csv
[2025-12-08T16:03:55.126+0530] {base.py:73} INFO - Using connection ID 'fs_default' for task execution.
[2025-12-08T16:03:55.128+0530] {filesystem.py:64} INFO - Poking for file /Users/ramesharra/airflow/data/shopverse/landing/products/products_20250104.csv
[2025-12-08T16:04:05.150+0530] {base.py:73} INFO - Using connection ID 'fs_default' for task execution.
[2025-12-08T16:04:05.153+0530] {filesystem.py:64} INFO - Poking for file /Users/ramesharra/airflow/data/shopverse/landing/products/products_20250104.csv
[2025-12-08T16:04:15.160+0530] {base.py:73} INFO - Using connection ID 'fs_default' for task execution.
[2025-12-08T16:04:15.163+0530] {filesystem.py:64} INFO - Poking for file /Users/ramesharra/airflow/data/shopverse/landing/products/products_20250104.csv
[2025-12-08T16:04:25.187+0530] {base.py:73} INFO - Using connection ID 'fs_default' for task execution.
[2025-12-08T16:04:25.189+0530] {filesystem.py:64} INFO - Poking for file /Users/ramesharra/airflow/data/shopverse/landing/products/products_20250104.csv
[2025-12-08T16:04:35.202+0530] {base.py:73} INFO - Using connection ID 'fs_default' for task execution.
[2025-12-08T16:04:35.205+0530] {filesystem.py:64} INFO - Poking for file /Users/ramesharra/airflow/data/shopverse/landing/products/products_20250104.csv
[2025-12-08T16:04:45.215+0530] {base.py:73} INFO - Using connection ID 'fs_default' for task execution.
[2025-12-08T16:04:45.217+0530] {filesystem.py:64} INFO - Poking for file /Users/ramesharra/airflow/data/shopverse/landing/products/products_20250104.csv
[2025-12-08T16:04:55.227+0530] {base.py:73} INFO - Using connection ID 'fs_default' for task execution.
[2025-12-08T16:04:55.229+0530] {filesystem.py:64} INFO - Poking for file /Users/ramesharra/airflow/data/shopverse/landing/products/products_20250104.csv
[2025-12-08T16:05:05.238+0530] {base.py:73} INFO - Using connection ID 'fs_default' for task execution.
[2025-12-08T16:05:05.240+0530] {filesystem.py:64} INFO - Poking for file /Users/ramesharra/airflow/data/shopverse/landing/products/products_20250104.csv
[2025-12-08T16:05:15.251+0530] {base.py:73} INFO - Using connection ID 'fs_default' for task execution.
[2025-12-08T16:05:15.253+0530] {filesystem.py:64} INFO - Poking for file /Users/ramesharra/airflow/data/shopverse/landing/products/products_20250104.csv
[2025-12-08T16:05:25.273+0530] {base.py:73} INFO - Using connection ID 'fs_default' for task execution.
[2025-12-08T16:05:25.276+0530] {filesystem.py:64} INFO - Poking for file /Users/ramesharra/airflow/data/shopverse/landing/products/products_20250104.csv
[2025-12-08T16:05:35.310+0530] {base.py:73} INFO - Using connection ID 'fs_default' for task execution.
[2025-12-08T16:05:35.312+0530] {filesystem.py:64} INFO - Poking for file /Users/ramesharra/airflow/data/shopverse/landing/products/products_20250104.csv
[2025-12-08T16:05:45.336+0530] {base.py:73} INFO - Using connection ID 'fs_default' for task execution.
[2025-12-08T16:05:45.339+0530] {filesystem.py:64} INFO - Poking for file /Users/ramesharra/airflow/data/shopverse/landing/products/products_20250104.csv
[2025-12-08T16:05:55.352+0530] {base.py:73} INFO - Using connection ID 'fs_default' for task execution.
[2025-12-08T16:05:55.355+0530] {filesystem.py:64} INFO - Poking for file /Users/ramesharra/airflow/data/shopverse/landing/products/products_20250104.csv
[2025-12-08T16:06:05.366+0530] {base.py:73} INFO - Using connection ID 'fs_default' for task execution.
[2025-12-08T16:06:05.368+0530] {filesystem.py:64} INFO - Poking for file /Users/ramesharra/airflow/data/shopverse/landing/products/products_20250104.csv
[2025-12-08T16:06:15.385+0530] {base.py:73} INFO - Using connection ID 'fs_default' for task execution.
[2025-12-08T16:06:15.387+0530] {filesystem.py:64} INFO - Poking for file /Users/ramesharra/airflow/data/shopverse/landing/products/products_20250104.csv
[2025-12-08T16:06:25.403+0530] {base.py:73} INFO - Using connection ID 'fs_default' for task execution.
[2025-12-08T16:06:25.408+0530] {filesystem.py:64} INFO - Poking for file /Users/ramesharra/airflow/data/shopverse/landing/products/products_20250104.csv
[2025-12-08T16:06:35.425+0530] {base.py:73} INFO - Using connection ID 'fs_default' for task execution.
[2025-12-08T16:06:35.427+0530] {filesystem.py:64} INFO - Poking for file /Users/ramesharra/airflow/data/shopverse/landing/products/products_20250104.csv
[2025-12-08T16:06:45.458+0530] {base.py:73} INFO - Using connection ID 'fs_default' for task execution.
[2025-12-08T16:06:45.460+0530] {filesystem.py:64} INFO - Poking for file /Users/ramesharra/airflow/data/shopverse/landing/products/products_20250104.csv
[2025-12-08T16:06:55.481+0530] {base.py:73} INFO - Using connection ID 'fs_default' for task execution.
[2025-12-08T16:06:55.484+0530] {filesystem.py:64} INFO - Poking for file /Users/ramesharra/airflow/data/shopverse/landing/products/products_20250104.csv
[2025-12-08T16:07:05.489+0530] {base.py:73} INFO - Using connection ID 'fs_default' for task execution.
[2025-12-08T16:07:05.490+0530] {filesystem.py:64} INFO - Poking for file /Users/ramesharra/airflow/data/shopverse/landing/products/products_20250104.csv
[2025-12-08T16:07:15.503+0530] {base.py:73} INFO - Using connection ID 'fs_default' for task execution.
[2025-12-08T16:07:15.505+0530] {filesystem.py:64} INFO - Poking for file /Users/ramesharra/airflow/data/shopverse/landing/products/products_20250104.csv
[2025-12-08T16:07:25.519+0530] {base.py:73} INFO - Using connection ID 'fs_default' for task execution.
[2025-12-08T16:07:25.525+0530] {filesystem.py:64} INFO - Poking for file /Users/ramesharra/airflow/data/shopverse/landing/products/products_20250104.csv
[2025-12-08T16:07:35.538+0530] {base.py:73} INFO - Using connection ID 'fs_default' for task execution.
[2025-12-08T16:07:35.541+0530] {filesystem.py:64} INFO - Poking for file /Users/ramesharra/airflow/data/shopverse/landing/products/products_20250104.csv
[2025-12-08T16:07:45.560+0530] {base.py:73} INFO - Using connection ID 'fs_default' for task execution.
[2025-12-08T16:07:45.563+0530] {filesystem.py:64} INFO - Poking for file /Users/ramesharra/airflow/data/shopverse/landing/products/products_20250104.csv
[2025-12-08T16:07:55.579+0530] {base.py:73} INFO - Using connection ID 'fs_default' for task execution.
[2025-12-08T16:07:55.583+0530] {filesystem.py:64} INFO - Poking for file /Users/ramesharra/airflow/data/shopverse/landing/products/products_20250104.csv
[2025-12-08T16:08:05.588+0530] {base.py:73} INFO - Using connection ID 'fs_default' for task execution.
[2025-12-08T16:08:05.589+0530] {filesystem.py:64} INFO - Poking for file /Users/ramesharra/airflow/data/shopverse/landing/products/products_20250104.csv
[2025-12-08T16:08:15.609+0530] {base.py:73} INFO - Using connection ID 'fs_default' for task execution.
[2025-12-08T16:08:15.611+0530] {filesystem.py:64} INFO - Poking for file /Users/ramesharra/airflow/data/shopverse/landing/products/products_20250104.csv
[2025-12-08T16:08:25.628+0530] {base.py:73} INFO - Using connection ID 'fs_default' for task execution.
[2025-12-08T16:08:25.633+0530] {filesystem.py:64} INFO - Poking for file /Users/ramesharra/airflow/data/shopverse/landing/products/products_20250104.csv
[2025-12-08T16:08:35.648+0530] {base.py:73} INFO - Using connection ID 'fs_default' for task execution.
[2025-12-08T16:08:35.652+0530] {filesystem.py:64} INFO - Poking for file /Users/ramesharra/airflow/data/shopverse/landing/products/products_20250104.csv
[2025-12-08T16:08:45.667+0530] {base.py:73} INFO - Using connection ID 'fs_default' for task execution.
[2025-12-08T16:08:45.669+0530] {filesystem.py:64} INFO - Poking for file /Users/ramesharra/airflow/data/shopverse/landing/products/products_20250104.csv
[2025-12-08T16:08:55.685+0530] {base.py:73} INFO - Using connection ID 'fs_default' for task execution.
[2025-12-08T16:08:55.688+0530] {filesystem.py:64} INFO - Poking for file /Users/ramesharra/airflow/data/shopverse/landing/products/products_20250104.csv
[2025-12-08T16:09:05.707+0530] {base.py:73} INFO - Using connection ID 'fs_default' for task execution.
[2025-12-08T16:09:05.711+0530] {filesystem.py:64} INFO - Poking for file /Users/ramesharra/airflow/data/shopverse/landing/products/products_20250104.csv
[2025-12-08T16:09:15.735+0530] {base.py:73} INFO - Using connection ID 'fs_default' for task execution.
[2025-12-08T16:09:15.737+0530] {filesystem.py:64} INFO - Poking for file /Users/ramesharra/airflow/data/shopverse/landing/products/products_20250104.csv
[2025-12-08T16:09:25.754+0530] {base.py:73} INFO - Using connection ID 'fs_default' for task execution.
[2025-12-08T16:09:25.756+0530] {filesystem.py:64} INFO - Poking for file /Users/ramesharra/airflow/data/shopverse/landing/products/products_20250104.csv
[2025-12-08T16:09:35.777+0530] {base.py:73} INFO - Using connection ID 'fs_default' for task execution.
[2025-12-08T16:09:35.781+0530] {filesystem.py:64} INFO - Poking for file /Users/ramesharra/airflow/data/shopverse/landing/products/products_20250104.csv
[2025-12-08T16:09:45.814+0530] {base.py:73} INFO - Using connection ID 'fs_default' for task execution.
[2025-12-08T16:09:45.817+0530] {filesystem.py:64} INFO - Poking for file /Users/ramesharra/airflow/data/shopverse/landing/products/products_20250104.csv
[2025-12-08T16:09:55.831+0530] {base.py:73} INFO - Using connection ID 'fs_default' for task execution.
[2025-12-08T16:09:55.833+0530] {filesystem.py:64} INFO - Poking for file /Users/ramesharra/airflow/data/shopverse/landing/products/products_20250104.csv
[2025-12-08T16:10:05.839+0530] {base.py:73} INFO - Using connection ID 'fs_default' for task execution.
[2025-12-08T16:10:05.841+0530] {filesystem.py:64} INFO - Poking for file /Users/ramesharra/airflow/data/shopverse/landing/products/products_20250104.csv
[2025-12-08T16:10:15.851+0530] {base.py:73} INFO - Using connection ID 'fs_default' for task execution.
[2025-12-08T16:10:15.854+0530] {filesystem.py:64} INFO - Poking for file /Users/ramesharra/airflow/data/shopverse/landing/products/products_20250104.csv
[2025-12-08T16:10:25.863+0530] {base.py:73} INFO - Using connection ID 'fs_default' for task execution.
[2025-12-08T16:10:25.865+0530] {filesystem.py:64} INFO - Poking for file /Users/ramesharra/airflow/data/shopverse/landing/products/products_20250104.csv
[2025-12-08T16:10:35.878+0530] {base.py:73} INFO - Using connection ID 'fs_default' for task execution.
[2025-12-08T16:10:35.881+0530] {filesystem.py:64} INFO - Poking for file /Users/ramesharra/airflow/data/shopverse/landing/products/products_20250104.csv
[2025-12-08T16:10:45.900+0530] {base.py:73} INFO - Using connection ID 'fs_default' for task execution.
[2025-12-08T16:10:45.903+0530] {filesystem.py:64} INFO - Poking for file /Users/ramesharra/airflow/data/shopverse/landing/products/products_20250104.csv
[2025-12-08T16:10:55.915+0530] {base.py:73} INFO - Using connection ID 'fs_default' for task execution.
[2025-12-08T16:10:55.916+0530] {filesystem.py:64} INFO - Poking for file /Users/ramesharra/airflow/data/shopverse/landing/products/products_20250104.csv
[2025-12-08T16:11:05.923+0530] {base.py:73} INFO - Using connection ID 'fs_default' for task execution.
[2025-12-08T16:11:05.925+0530] {filesystem.py:64} INFO - Poking for file /Users/ramesharra/airflow/data/shopverse/landing/products/products_20250104.csv
[2025-12-08T16:11:15.955+0530] {base.py:73} INFO - Using connection ID 'fs_default' for task execution.
[2025-12-08T16:11:15.957+0530] {filesystem.py:64} INFO - Poking for file /Users/ramesharra/airflow/data/shopverse/landing/products/products_20250104.csv
[2025-12-08T16:11:25.961+0530] {base.py:73} INFO - Using connection ID 'fs_default' for task execution.
[2025-12-08T16:11:25.963+0530] {filesystem.py:64} INFO - Poking for file /Users/ramesharra/airflow/data/shopverse/landing/products/products_20250104.csv
[2025-12-08T16:11:35.988+0530] {base.py:73} INFO - Using connection ID 'fs_default' for task execution.
[2025-12-08T16:11:35.991+0530] {filesystem.py:64} INFO - Poking for file /Users/ramesharra/airflow/data/shopverse/landing/products/products_20250104.csv
[2025-12-08T16:11:46.021+0530] {base.py:73} INFO - Using connection ID 'fs_default' for task execution.
[2025-12-08T16:11:46.025+0530] {filesystem.py:64} INFO - Poking for file /Users/ramesharra/airflow/data/shopverse/landing/products/products_20250104.csv
[2025-12-08T16:11:56.035+0530] {base.py:73} INFO - Using connection ID 'fs_default' for task execution.
[2025-12-08T16:11:56.037+0530] {filesystem.py:64} INFO - Poking for file /Users/ramesharra/airflow/data/shopverse/landing/products/products_20250104.csv
[2025-12-08T16:11:56.039+0530] {taskinstance.py:1937} ERROR - Task failed with exception
Traceback (most recent call last):
  File "/Users/ramesharra/airflow310/lib/python3.10/site-packages/airflow/sensors/base.py", line 274, in execute
    raise AirflowSensorTimeout(message)
airflow.exceptions.AirflowSensorTimeout: Sensor has timed out; run duration of 601.175478000001 seconds exceeds the specified timeout of 600.0.
[2025-12-08T16:11:56.052+0530] {taskinstance.py:1400} INFO - Immediate failure requested. Marking task as FAILED. dag_id=shopverse_daily_pipeline, task_id=wait_products_file, execution_date=20250104T010000, start_date=20251208T103154, end_date=20251208T104156
[2025-12-08T16:11:56.078+0530] {logging_mixin.py:154} WARNING - /Users/ramesharra/airflow310/lib/python3.10/site-packages/airflow/utils/email.py:154 RemovedInAirflow3Warning: Fetching SMTP credentials from configuration variables will be deprecated in a future release. Please set credentials using a connection instead.
[2025-12-08T16:11:56.079+0530] {configuration.py:1050} WARNING - section/key [smtp/smtp_user] not found in config
[2025-12-08T16:11:56.079+0530] {email.py:270} INFO - Email alerting: attempt 1
[2025-12-08T16:11:56.083+0530] {configuration.py:1050} WARNING - section/key [smtp/smtp_user] not found in config
[2025-12-08T16:11:56.084+0530] {email.py:270} INFO - Email alerting: attempt 1
[2025-12-08T16:11:56.084+0530] {taskinstance.py:2007} ERROR - Failed to send email to: alert@example.com
Traceback (most recent call last):
  File "/Users/ramesharra/airflow310/lib/python3.10/site-packages/airflow/models/taskinstance.py", line 1518, in _run_raw_task
    self._execute_task_with_callbacks(context, test_mode, session=session)
  File "/Users/ramesharra/airflow310/lib/python3.10/site-packages/airflow/models/taskinstance.py", line 1681, in _execute_task_with_callbacks
    result = self._execute_task(context, task_orig)
  File "/Users/ramesharra/airflow310/lib/python3.10/site-packages/airflow/models/taskinstance.py", line 1744, in _execute_task
    result = execute_callable(context=context, **execute_callable_kwargs)
  File "/Users/ramesharra/airflow310/lib/python3.10/site-packages/airflow/sensors/base.py", line 274, in execute
    raise AirflowSensorTimeout(message)
airflow.exceptions.AirflowSensorTimeout: Sensor has timed out; run duration of 601.175478000001 seconds exceeds the specified timeout of 600.0.

During handling of the above exception, another exception occurred:

Traceback (most recent call last):
  File "/Users/ramesharra/airflow310/lib/python3.10/site-packages/airflow/models/taskinstance.py", line 2420, in email_alert
    send_email(task.email, subject, html_content)
  File "/Users/ramesharra/airflow310/lib/python3.10/site-packages/airflow/utils/email.py", line 80, in send_email
    return backend(
  File "/Users/ramesharra/airflow310/lib/python3.10/site-packages/airflow/utils/email.py", line 154, in send_email_smtp
    send_mime_email(e_from=mail_from, e_to=recipients, mime_msg=msg, conn_id=conn_id, dryrun=dryrun)
  File "/Users/ramesharra/airflow310/lib/python3.10/site-packages/airflow/utils/email.py", line 272, in send_mime_email
    smtp_conn = _get_smtp_connection(smtp_host, smtp_port, smtp_timeout, smtp_ssl)
  File "/Users/ramesharra/airflow310/lib/python3.10/site-packages/airflow/utils/email.py", line 316, in _get_smtp_connection
    return smtplib.SMTP(host=host, port=port, timeout=timeout)
  File "/opt/homebrew/Cellar/python@3.10/3.10.19_1/Frameworks/Python.framework/Versions/3.10/lib/python3.10/smtplib.py", line 255, in __init__
    (code, msg) = self.connect(host, port)
  File "/opt/homebrew/Cellar/python@3.10/3.10.19_1/Frameworks/Python.framework/Versions/3.10/lib/python3.10/smtplib.py", line 341, in connect
    self.sock = self._get_socket(host, port, self.timeout)
  File "/opt/homebrew/Cellar/python@3.10/3.10.19_1/Frameworks/Python.framework/Versions/3.10/lib/python3.10/smtplib.py", line 312, in _get_socket
    return socket.create_connection((host, port), timeout,
  File "/opt/homebrew/Cellar/python@3.10/3.10.19_1/Frameworks/Python.framework/Versions/3.10/lib/python3.10/socket.py", line 857, in create_connection
    raise err
  File "/opt/homebrew/Cellar/python@3.10/3.10.19_1/Frameworks/Python.framework/Versions/3.10/lib/python3.10/socket.py", line 845, in create_connection
    sock.connect(sa)
ConnectionRefusedError: [Errno 61] Connection refused

During handling of the above exception, another exception occurred:

Traceback (most recent call last):
  File "/Users/ramesharra/airflow310/lib/python3.10/site-packages/airflow/models/taskinstance.py", line 2005, in handle_failure
    self.email_alert(error, task)
  File "/Users/ramesharra/airflow310/lib/python3.10/site-packages/airflow/models/taskinstance.py", line 2422, in email_alert
    send_email(task.email, subject, html_content_err)
  File "/Users/ramesharra/airflow310/lib/python3.10/site-packages/airflow/utils/email.py", line 80, in send_email
    return backend(
  File "/Users/ramesharra/airflow310/lib/python3.10/site-packages/airflow/utils/email.py", line 154, in send_email_smtp
    send_mime_email(e_from=mail_from, e_to=recipients, mime_msg=msg, conn_id=conn_id, dryrun=dryrun)
  File "/Users/ramesharra/airflow310/lib/python3.10/site-packages/airflow/utils/email.py", line 272, in send_mime_email
    smtp_conn = _get_smtp_connection(smtp_host, smtp_port, smtp_timeout, smtp_ssl)
  File "/Users/ramesharra/airflow310/lib/python3.10/site-packages/airflow/utils/email.py", line 316, in _get_smtp_connection
    return smtplib.SMTP(host=host, port=port, timeout=timeout)
  File "/opt/homebrew/Cellar/python@3.10/3.10.19_1/Frameworks/Python.framework/Versions/3.10/lib/python3.10/smtplib.py", line 255, in __init__
    (code, msg) = self.connect(host, port)
  File "/opt/homebrew/Cellar/python@3.10/3.10.19_1/Frameworks/Python.framework/Versions/3.10/lib/python3.10/smtplib.py", line 341, in connect
    self.sock = self._get_socket(host, port, self.timeout)
  File "/opt/homebrew/Cellar/python@3.10/3.10.19_1/Frameworks/Python.framework/Versions/3.10/lib/python3.10/smtplib.py", line 312, in _get_socket
    return socket.create_connection((host, port), timeout,
  File "/opt/homebrew/Cellar/python@3.10/3.10.19_1/Frameworks/Python.framework/Versions/3.10/lib/python3.10/socket.py", line 857, in create_connection
    raise err
  File "/opt/homebrew/Cellar/python@3.10/3.10.19_1/Frameworks/Python.framework/Versions/3.10/lib/python3.10/socket.py", line 845, in create_connection
    sock.connect(sa)
ConnectionRefusedError: [Errno 61] Connection refused
[2025-12-08T16:11:56.096+0530] {standard_task_runner.py:104} ERROR - Failed to execute job 37 for task wait_products_file (Sensor has timed out; run duration of 601.175478000001 seconds exceeds the specified timeout of 600.0.; 16821)
[2025-12-08T16:11:56.129+0530] {local_task_job_runner.py:228} INFO - Task exited with return code 1
[2025-12-08T16:11:56.150+0530] {taskinstance.py:2778} INFO - 0 downstream tasks scheduled from follow-on schedule check
