[2025-12-08T14:15:00.293+0530] {processor.py:157} INFO - Started process (PID=11529) to work on /Users/ramesharra/airflow310/lib/python3.10/site-packages/airflow/example_dags/subdags/subdag.py
[2025-12-08T14:15:00.294+0530] {processor.py:829} INFO - Processing file /Users/ramesharra/airflow310/lib/python3.10/site-packages/airflow/example_dags/subdags/subdag.py for tasks to queue
[2025-12-08T14:15:00.295+0530] {logging_mixin.py:154} INFO - [2025-12-08T14:15:00.295+0530] {dagbag.py:536} INFO - Filling up the DagBag from /Users/ramesharra/airflow310/lib/python3.10/site-packages/airflow/example_dags/subdags/subdag.py
[2025-12-08T14:15:00.296+0530] {processor.py:841} WARNING - No viable dags retrieved from /Users/ramesharra/airflow310/lib/python3.10/site-packages/airflow/example_dags/subdags/subdag.py
[2025-12-08T14:15:00.356+0530] {processor.py:179} INFO - Processing /Users/ramesharra/airflow310/lib/python3.10/site-packages/airflow/example_dags/subdags/subdag.py took 0.063 seconds
[2025-12-08T14:16:37.165+0530] {processor.py:157} INFO - Started process (PID=11649) to work on /Users/ramesharra/airflow310/lib/python3.10/site-packages/airflow/example_dags/subdags/subdag.py
[2025-12-08T14:16:37.166+0530] {processor.py:829} INFO - Processing file /Users/ramesharra/airflow310/lib/python3.10/site-packages/airflow/example_dags/subdags/subdag.py for tasks to queue
[2025-12-08T14:16:37.170+0530] {logging_mixin.py:154} INFO - [2025-12-08T14:16:37.170+0530] {dagbag.py:536} INFO - Filling up the DagBag from /Users/ramesharra/airflow310/lib/python3.10/site-packages/airflow/example_dags/subdags/subdag.py
[2025-12-08T14:16:37.172+0530] {processor.py:841} WARNING - No viable dags retrieved from /Users/ramesharra/airflow310/lib/python3.10/site-packages/airflow/example_dags/subdags/subdag.py
[2025-12-08T14:16:37.254+0530] {processor.py:179} INFO - Processing /Users/ramesharra/airflow310/lib/python3.10/site-packages/airflow/example_dags/subdags/subdag.py took 0.090 seconds
[2025-12-08T14:17:45.455+0530] {processor.py:157} INFO - Started process (PID=11733) to work on /Users/ramesharra/airflow310/lib/python3.10/site-packages/airflow/example_dags/subdags/subdag.py
[2025-12-08T14:17:45.456+0530] {processor.py:829} INFO - Processing file /Users/ramesharra/airflow310/lib/python3.10/site-packages/airflow/example_dags/subdags/subdag.py for tasks to queue
[2025-12-08T14:17:45.457+0530] {logging_mixin.py:154} INFO - [2025-12-08T14:17:45.457+0530] {dagbag.py:536} INFO - Filling up the DagBag from /Users/ramesharra/airflow310/lib/python3.10/site-packages/airflow/example_dags/subdags/subdag.py
[2025-12-08T14:17:45.458+0530] {processor.py:841} WARNING - No viable dags retrieved from /Users/ramesharra/airflow310/lib/python3.10/site-packages/airflow/example_dags/subdags/subdag.py
[2025-12-08T14:17:45.538+0530] {processor.py:179} INFO - Processing /Users/ramesharra/airflow310/lib/python3.10/site-packages/airflow/example_dags/subdags/subdag.py took 0.083 seconds
[2025-12-08T14:19:59.498+0530] {processor.py:157} INFO - Started process (PID=11818) to work on /Users/ramesharra/airflow310/lib/python3.10/site-packages/airflow/example_dags/subdags/subdag.py
[2025-12-08T14:19:59.499+0530] {processor.py:829} INFO - Processing file /Users/ramesharra/airflow310/lib/python3.10/site-packages/airflow/example_dags/subdags/subdag.py for tasks to queue
[2025-12-08T14:19:59.500+0530] {logging_mixin.py:154} INFO - [2025-12-08T14:19:59.500+0530] {dagbag.py:536} INFO - Filling up the DagBag from /Users/ramesharra/airflow310/lib/python3.10/site-packages/airflow/example_dags/subdags/subdag.py
[2025-12-08T14:19:59.501+0530] {processor.py:841} WARNING - No viable dags retrieved from /Users/ramesharra/airflow310/lib/python3.10/site-packages/airflow/example_dags/subdags/subdag.py
[2025-12-08T14:19:59.563+0530] {processor.py:179} INFO - Processing /Users/ramesharra/airflow310/lib/python3.10/site-packages/airflow/example_dags/subdags/subdag.py took 0.066 seconds
[2025-12-08T14:21:20.691+0530] {processor.py:157} INFO - Started process (PID=11913) to work on /Users/ramesharra/airflow310/lib/python3.10/site-packages/airflow/example_dags/subdags/subdag.py
[2025-12-08T14:21:20.692+0530] {processor.py:829} INFO - Processing file /Users/ramesharra/airflow310/lib/python3.10/site-packages/airflow/example_dags/subdags/subdag.py for tasks to queue
[2025-12-08T14:21:20.695+0530] {logging_mixin.py:154} INFO - [2025-12-08T14:21:20.695+0530] {dagbag.py:536} INFO - Filling up the DagBag from /Users/ramesharra/airflow310/lib/python3.10/site-packages/airflow/example_dags/subdags/subdag.py
[2025-12-08T14:21:20.697+0530] {processor.py:841} WARNING - No viable dags retrieved from /Users/ramesharra/airflow310/lib/python3.10/site-packages/airflow/example_dags/subdags/subdag.py
[2025-12-08T14:21:20.771+0530] {processor.py:179} INFO - Processing /Users/ramesharra/airflow310/lib/python3.10/site-packages/airflow/example_dags/subdags/subdag.py took 0.081 seconds
[2025-12-08T14:22:23.210+0530] {processor.py:157} INFO - Started process (PID=11986) to work on /Users/ramesharra/airflow310/lib/python3.10/site-packages/airflow/example_dags/subdags/subdag.py
[2025-12-08T14:22:23.211+0530] {processor.py:829} INFO - Processing file /Users/ramesharra/airflow310/lib/python3.10/site-packages/airflow/example_dags/subdags/subdag.py for tasks to queue
[2025-12-08T14:22:23.212+0530] {logging_mixin.py:154} INFO - [2025-12-08T14:22:23.212+0530] {dagbag.py:536} INFO - Filling up the DagBag from /Users/ramesharra/airflow310/lib/python3.10/site-packages/airflow/example_dags/subdags/subdag.py
[2025-12-08T14:22:23.214+0530] {processor.py:841} WARNING - No viable dags retrieved from /Users/ramesharra/airflow310/lib/python3.10/site-packages/airflow/example_dags/subdags/subdag.py
[2025-12-08T14:22:23.305+0530] {processor.py:179} INFO - Processing /Users/ramesharra/airflow310/lib/python3.10/site-packages/airflow/example_dags/subdags/subdag.py took 0.096 seconds
[2025-12-08T14:23:28.377+0530] {processor.py:157} INFO - Started process (PID=12223) to work on /Users/ramesharra/airflow310/lib/python3.10/site-packages/airflow/example_dags/subdags/subdag.py
[2025-12-08T14:23:28.378+0530] {processor.py:829} INFO - Processing file /Users/ramesharra/airflow310/lib/python3.10/site-packages/airflow/example_dags/subdags/subdag.py for tasks to queue
[2025-12-08T14:23:28.379+0530] {logging_mixin.py:154} INFO - [2025-12-08T14:23:28.379+0530] {dagbag.py:536} INFO - Filling up the DagBag from /Users/ramesharra/airflow310/lib/python3.10/site-packages/airflow/example_dags/subdags/subdag.py
[2025-12-08T14:23:28.381+0530] {processor.py:841} WARNING - No viable dags retrieved from /Users/ramesharra/airflow310/lib/python3.10/site-packages/airflow/example_dags/subdags/subdag.py
[2025-12-08T14:23:28.457+0530] {processor.py:179} INFO - Processing /Users/ramesharra/airflow310/lib/python3.10/site-packages/airflow/example_dags/subdags/subdag.py took 0.080 seconds
[2025-12-08T14:24:29.102+0530] {processor.py:157} INFO - Started process (PID=12284) to work on /Users/ramesharra/airflow310/lib/python3.10/site-packages/airflow/example_dags/subdags/subdag.py
[2025-12-08T14:24:29.103+0530] {processor.py:829} INFO - Processing file /Users/ramesharra/airflow310/lib/python3.10/site-packages/airflow/example_dags/subdags/subdag.py for tasks to queue
[2025-12-08T14:24:29.105+0530] {logging_mixin.py:154} INFO - [2025-12-08T14:24:29.105+0530] {dagbag.py:536} INFO - Filling up the DagBag from /Users/ramesharra/airflow310/lib/python3.10/site-packages/airflow/example_dags/subdags/subdag.py
[2025-12-08T14:24:29.106+0530] {processor.py:841} WARNING - No viable dags retrieved from /Users/ramesharra/airflow310/lib/python3.10/site-packages/airflow/example_dags/subdags/subdag.py
[2025-12-08T14:24:29.183+0530] {processor.py:179} INFO - Processing /Users/ramesharra/airflow310/lib/python3.10/site-packages/airflow/example_dags/subdags/subdag.py took 0.082 seconds
[2025-12-08T14:25:42.766+0530] {processor.py:157} INFO - Started process (PID=12391) to work on /Users/ramesharra/airflow310/lib/python3.10/site-packages/airflow/example_dags/subdags/subdag.py
[2025-12-08T14:25:42.766+0530] {processor.py:829} INFO - Processing file /Users/ramesharra/airflow310/lib/python3.10/site-packages/airflow/example_dags/subdags/subdag.py for tasks to queue
[2025-12-08T14:25:42.768+0530] {logging_mixin.py:154} INFO - [2025-12-08T14:25:42.768+0530] {dagbag.py:536} INFO - Filling up the DagBag from /Users/ramesharra/airflow310/lib/python3.10/site-packages/airflow/example_dags/subdags/subdag.py
[2025-12-08T14:25:42.773+0530] {processor.py:841} WARNING - No viable dags retrieved from /Users/ramesharra/airflow310/lib/python3.10/site-packages/airflow/example_dags/subdags/subdag.py
[2025-12-08T14:25:42.870+0530] {processor.py:179} INFO - Processing /Users/ramesharra/airflow310/lib/python3.10/site-packages/airflow/example_dags/subdags/subdag.py took 0.105 seconds
[2025-12-08T14:27:19.134+0530] {processor.py:157} INFO - Started process (PID=12503) to work on /Users/ramesharra/airflow310/lib/python3.10/site-packages/airflow/example_dags/subdags/subdag.py
[2025-12-08T14:27:19.134+0530] {processor.py:829} INFO - Processing file /Users/ramesharra/airflow310/lib/python3.10/site-packages/airflow/example_dags/subdags/subdag.py for tasks to queue
[2025-12-08T14:27:19.136+0530] {logging_mixin.py:154} INFO - [2025-12-08T14:27:19.136+0530] {dagbag.py:536} INFO - Filling up the DagBag from /Users/ramesharra/airflow310/lib/python3.10/site-packages/airflow/example_dags/subdags/subdag.py
[2025-12-08T14:27:19.137+0530] {processor.py:841} WARNING - No viable dags retrieved from /Users/ramesharra/airflow310/lib/python3.10/site-packages/airflow/example_dags/subdags/subdag.py
[2025-12-08T14:27:19.217+0530] {processor.py:179} INFO - Processing /Users/ramesharra/airflow310/lib/python3.10/site-packages/airflow/example_dags/subdags/subdag.py took 0.084 seconds
[2025-12-08T14:28:38.552+0530] {processor.py:157} INFO - Started process (PID=12590) to work on /Users/ramesharra/airflow310/lib/python3.10/site-packages/airflow/example_dags/subdags/subdag.py
[2025-12-08T14:28:38.552+0530] {processor.py:829} INFO - Processing file /Users/ramesharra/airflow310/lib/python3.10/site-packages/airflow/example_dags/subdags/subdag.py for tasks to queue
[2025-12-08T14:28:38.554+0530] {logging_mixin.py:154} INFO - [2025-12-08T14:28:38.554+0530] {dagbag.py:536} INFO - Filling up the DagBag from /Users/ramesharra/airflow310/lib/python3.10/site-packages/airflow/example_dags/subdags/subdag.py
[2025-12-08T14:28:38.557+0530] {processor.py:841} WARNING - No viable dags retrieved from /Users/ramesharra/airflow310/lib/python3.10/site-packages/airflow/example_dags/subdags/subdag.py
[2025-12-08T14:28:38.642+0530] {processor.py:179} INFO - Processing /Users/ramesharra/airflow310/lib/python3.10/site-packages/airflow/example_dags/subdags/subdag.py took 0.091 seconds
[2025-12-08T14:30:09.800+0530] {processor.py:157} INFO - Started process (PID=12683) to work on /Users/ramesharra/airflow310/lib/python3.10/site-packages/airflow/example_dags/subdags/subdag.py
[2025-12-08T14:30:09.801+0530] {processor.py:829} INFO - Processing file /Users/ramesharra/airflow310/lib/python3.10/site-packages/airflow/example_dags/subdags/subdag.py for tasks to queue
[2025-12-08T14:30:09.802+0530] {logging_mixin.py:154} INFO - [2025-12-08T14:30:09.802+0530] {dagbag.py:536} INFO - Filling up the DagBag from /Users/ramesharra/airflow310/lib/python3.10/site-packages/airflow/example_dags/subdags/subdag.py
[2025-12-08T14:30:09.804+0530] {processor.py:841} WARNING - No viable dags retrieved from /Users/ramesharra/airflow310/lib/python3.10/site-packages/airflow/example_dags/subdags/subdag.py
[2025-12-08T14:30:09.881+0530] {processor.py:179} INFO - Processing /Users/ramesharra/airflow310/lib/python3.10/site-packages/airflow/example_dags/subdags/subdag.py took 0.082 seconds
[2025-12-08T14:31:11.514+0530] {processor.py:157} INFO - Started process (PID=12749) to work on /Users/ramesharra/airflow310/lib/python3.10/site-packages/airflow/example_dags/subdags/subdag.py
[2025-12-08T14:31:11.515+0530] {processor.py:829} INFO - Processing file /Users/ramesharra/airflow310/lib/python3.10/site-packages/airflow/example_dags/subdags/subdag.py for tasks to queue
[2025-12-08T14:31:11.517+0530] {logging_mixin.py:154} INFO - [2025-12-08T14:31:11.517+0530] {dagbag.py:536} INFO - Filling up the DagBag from /Users/ramesharra/airflow310/lib/python3.10/site-packages/airflow/example_dags/subdags/subdag.py
[2025-12-08T14:31:11.519+0530] {processor.py:841} WARNING - No viable dags retrieved from /Users/ramesharra/airflow310/lib/python3.10/site-packages/airflow/example_dags/subdags/subdag.py
[2025-12-08T14:31:11.610+0530] {processor.py:179} INFO - Processing /Users/ramesharra/airflow310/lib/python3.10/site-packages/airflow/example_dags/subdags/subdag.py took 0.097 seconds
[2025-12-08T14:32:16.673+0530] {processor.py:157} INFO - Started process (PID=12833) to work on /Users/ramesharra/airflow310/lib/python3.10/site-packages/airflow/example_dags/subdags/subdag.py
[2025-12-08T14:32:16.675+0530] {processor.py:829} INFO - Processing file /Users/ramesharra/airflow310/lib/python3.10/site-packages/airflow/example_dags/subdags/subdag.py for tasks to queue
[2025-12-08T14:32:16.676+0530] {logging_mixin.py:154} INFO - [2025-12-08T14:32:16.676+0530] {dagbag.py:536} INFO - Filling up the DagBag from /Users/ramesharra/airflow310/lib/python3.10/site-packages/airflow/example_dags/subdags/subdag.py
[2025-12-08T14:32:16.678+0530] {processor.py:841} WARNING - No viable dags retrieved from /Users/ramesharra/airflow310/lib/python3.10/site-packages/airflow/example_dags/subdags/subdag.py
[2025-12-08T14:32:16.750+0530] {processor.py:179} INFO - Processing /Users/ramesharra/airflow310/lib/python3.10/site-packages/airflow/example_dags/subdags/subdag.py took 0.077 seconds
[2025-12-08T14:33:18.480+0530] {processor.py:157} INFO - Started process (PID=12904) to work on /Users/ramesharra/airflow310/lib/python3.10/site-packages/airflow/example_dags/subdags/subdag.py
[2025-12-08T14:33:18.481+0530] {processor.py:829} INFO - Processing file /Users/ramesharra/airflow310/lib/python3.10/site-packages/airflow/example_dags/subdags/subdag.py for tasks to queue
[2025-12-08T14:33:18.482+0530] {logging_mixin.py:154} INFO - [2025-12-08T14:33:18.482+0530] {dagbag.py:536} INFO - Filling up the DagBag from /Users/ramesharra/airflow310/lib/python3.10/site-packages/airflow/example_dags/subdags/subdag.py
[2025-12-08T14:33:18.484+0530] {processor.py:841} WARNING - No viable dags retrieved from /Users/ramesharra/airflow310/lib/python3.10/site-packages/airflow/example_dags/subdags/subdag.py
[2025-12-08T14:33:18.561+0530] {processor.py:179} INFO - Processing /Users/ramesharra/airflow310/lib/python3.10/site-packages/airflow/example_dags/subdags/subdag.py took 0.082 seconds
[2025-12-08T14:34:18.624+0530] {processor.py:157} INFO - Started process (PID=12969) to work on /Users/ramesharra/airflow310/lib/python3.10/site-packages/airflow/example_dags/subdags/subdag.py
[2025-12-08T14:34:18.626+0530] {processor.py:829} INFO - Processing file /Users/ramesharra/airflow310/lib/python3.10/site-packages/airflow/example_dags/subdags/subdag.py for tasks to queue
[2025-12-08T14:34:18.627+0530] {logging_mixin.py:154} INFO - [2025-12-08T14:34:18.627+0530] {dagbag.py:536} INFO - Filling up the DagBag from /Users/ramesharra/airflow310/lib/python3.10/site-packages/airflow/example_dags/subdags/subdag.py
[2025-12-08T14:34:18.629+0530] {processor.py:841} WARNING - No viable dags retrieved from /Users/ramesharra/airflow310/lib/python3.10/site-packages/airflow/example_dags/subdags/subdag.py
[2025-12-08T14:34:18.705+0530] {processor.py:179} INFO - Processing /Users/ramesharra/airflow310/lib/python3.10/site-packages/airflow/example_dags/subdags/subdag.py took 0.082 seconds
[2025-12-08T14:35:21.736+0530] {processor.py:157} INFO - Started process (PID=13046) to work on /Users/ramesharra/airflow310/lib/python3.10/site-packages/airflow/example_dags/subdags/subdag.py
[2025-12-08T14:35:21.738+0530] {processor.py:829} INFO - Processing file /Users/ramesharra/airflow310/lib/python3.10/site-packages/airflow/example_dags/subdags/subdag.py for tasks to queue
[2025-12-08T14:35:21.739+0530] {logging_mixin.py:154} INFO - [2025-12-08T14:35:21.739+0530] {dagbag.py:536} INFO - Filling up the DagBag from /Users/ramesharra/airflow310/lib/python3.10/site-packages/airflow/example_dags/subdags/subdag.py
[2025-12-08T14:35:21.741+0530] {processor.py:841} WARNING - No viable dags retrieved from /Users/ramesharra/airflow310/lib/python3.10/site-packages/airflow/example_dags/subdags/subdag.py
[2025-12-08T14:35:21.821+0530] {processor.py:179} INFO - Processing /Users/ramesharra/airflow310/lib/python3.10/site-packages/airflow/example_dags/subdags/subdag.py took 0.085 seconds
[2025-12-08T14:36:28.591+0530] {processor.py:157} INFO - Started process (PID=13105) to work on /Users/ramesharra/airflow310/lib/python3.10/site-packages/airflow/example_dags/subdags/subdag.py
[2025-12-08T14:36:28.592+0530] {processor.py:829} INFO - Processing file /Users/ramesharra/airflow310/lib/python3.10/site-packages/airflow/example_dags/subdags/subdag.py for tasks to queue
[2025-12-08T14:36:28.593+0530] {logging_mixin.py:154} INFO - [2025-12-08T14:36:28.593+0530] {dagbag.py:536} INFO - Filling up the DagBag from /Users/ramesharra/airflow310/lib/python3.10/site-packages/airflow/example_dags/subdags/subdag.py
[2025-12-08T14:36:28.595+0530] {processor.py:841} WARNING - No viable dags retrieved from /Users/ramesharra/airflow310/lib/python3.10/site-packages/airflow/example_dags/subdags/subdag.py
[2025-12-08T14:36:28.673+0530] {processor.py:179} INFO - Processing /Users/ramesharra/airflow310/lib/python3.10/site-packages/airflow/example_dags/subdags/subdag.py took 0.083 seconds
[2025-12-08T14:37:32.896+0530] {processor.py:157} INFO - Started process (PID=13181) to work on /Users/ramesharra/airflow310/lib/python3.10/site-packages/airflow/example_dags/subdags/subdag.py
[2025-12-08T14:37:32.897+0530] {processor.py:829} INFO - Processing file /Users/ramesharra/airflow310/lib/python3.10/site-packages/airflow/example_dags/subdags/subdag.py for tasks to queue
[2025-12-08T14:37:32.899+0530] {logging_mixin.py:154} INFO - [2025-12-08T14:37:32.899+0530] {dagbag.py:536} INFO - Filling up the DagBag from /Users/ramesharra/airflow310/lib/python3.10/site-packages/airflow/example_dags/subdags/subdag.py
[2025-12-08T14:37:32.901+0530] {processor.py:841} WARNING - No viable dags retrieved from /Users/ramesharra/airflow310/lib/python3.10/site-packages/airflow/example_dags/subdags/subdag.py
[2025-12-08T14:37:32.981+0530] {processor.py:179} INFO - Processing /Users/ramesharra/airflow310/lib/python3.10/site-packages/airflow/example_dags/subdags/subdag.py took 0.085 seconds
[2025-12-08T14:38:41.353+0530] {processor.py:157} INFO - Started process (PID=13252) to work on /Users/ramesharra/airflow310/lib/python3.10/site-packages/airflow/example_dags/subdags/subdag.py
[2025-12-08T14:38:41.354+0530] {processor.py:829} INFO - Processing file /Users/ramesharra/airflow310/lib/python3.10/site-packages/airflow/example_dags/subdags/subdag.py for tasks to queue
[2025-12-08T14:38:41.356+0530] {logging_mixin.py:154} INFO - [2025-12-08T14:38:41.356+0530] {dagbag.py:536} INFO - Filling up the DagBag from /Users/ramesharra/airflow310/lib/python3.10/site-packages/airflow/example_dags/subdags/subdag.py
[2025-12-08T14:38:41.357+0530] {processor.py:841} WARNING - No viable dags retrieved from /Users/ramesharra/airflow310/lib/python3.10/site-packages/airflow/example_dags/subdags/subdag.py
[2025-12-08T14:38:41.433+0530] {processor.py:179} INFO - Processing /Users/ramesharra/airflow310/lib/python3.10/site-packages/airflow/example_dags/subdags/subdag.py took 0.080 seconds
[2025-12-08T14:39:48.479+0530] {processor.py:157} INFO - Started process (PID=13335) to work on /Users/ramesharra/airflow310/lib/python3.10/site-packages/airflow/example_dags/subdags/subdag.py
[2025-12-08T14:39:48.480+0530] {processor.py:829} INFO - Processing file /Users/ramesharra/airflow310/lib/python3.10/site-packages/airflow/example_dags/subdags/subdag.py for tasks to queue
[2025-12-08T14:39:48.482+0530] {logging_mixin.py:154} INFO - [2025-12-08T14:39:48.482+0530] {dagbag.py:536} INFO - Filling up the DagBag from /Users/ramesharra/airflow310/lib/python3.10/site-packages/airflow/example_dags/subdags/subdag.py
[2025-12-08T14:39:48.484+0530] {processor.py:841} WARNING - No viable dags retrieved from /Users/ramesharra/airflow310/lib/python3.10/site-packages/airflow/example_dags/subdags/subdag.py
[2025-12-08T14:39:48.559+0530] {processor.py:179} INFO - Processing /Users/ramesharra/airflow310/lib/python3.10/site-packages/airflow/example_dags/subdags/subdag.py took 0.081 seconds
[2025-12-08T14:40:53.956+0530] {processor.py:157} INFO - Started process (PID=13417) to work on /Users/ramesharra/airflow310/lib/python3.10/site-packages/airflow/example_dags/subdags/subdag.py
[2025-12-08T14:40:53.956+0530] {processor.py:829} INFO - Processing file /Users/ramesharra/airflow310/lib/python3.10/site-packages/airflow/example_dags/subdags/subdag.py for tasks to queue
[2025-12-08T14:40:53.958+0530] {logging_mixin.py:154} INFO - [2025-12-08T14:40:53.958+0530] {dagbag.py:536} INFO - Filling up the DagBag from /Users/ramesharra/airflow310/lib/python3.10/site-packages/airflow/example_dags/subdags/subdag.py
[2025-12-08T14:40:53.959+0530] {processor.py:841} WARNING - No viable dags retrieved from /Users/ramesharra/airflow310/lib/python3.10/site-packages/airflow/example_dags/subdags/subdag.py
[2025-12-08T14:40:54.044+0530] {processor.py:179} INFO - Processing /Users/ramesharra/airflow310/lib/python3.10/site-packages/airflow/example_dags/subdags/subdag.py took 0.088 seconds
[2025-12-08T14:42:01.349+0530] {processor.py:157} INFO - Started process (PID=13504) to work on /Users/ramesharra/airflow310/lib/python3.10/site-packages/airflow/example_dags/subdags/subdag.py
[2025-12-08T14:42:01.350+0530] {processor.py:829} INFO - Processing file /Users/ramesharra/airflow310/lib/python3.10/site-packages/airflow/example_dags/subdags/subdag.py for tasks to queue
[2025-12-08T14:42:01.352+0530] {logging_mixin.py:154} INFO - [2025-12-08T14:42:01.352+0530] {dagbag.py:536} INFO - Filling up the DagBag from /Users/ramesharra/airflow310/lib/python3.10/site-packages/airflow/example_dags/subdags/subdag.py
[2025-12-08T14:42:01.354+0530] {processor.py:841} WARNING - No viable dags retrieved from /Users/ramesharra/airflow310/lib/python3.10/site-packages/airflow/example_dags/subdags/subdag.py
[2025-12-08T14:42:01.456+0530] {processor.py:179} INFO - Processing /Users/ramesharra/airflow310/lib/python3.10/site-packages/airflow/example_dags/subdags/subdag.py took 0.108 seconds
[2025-12-08T14:43:06.535+0530] {processor.py:157} INFO - Started process (PID=13575) to work on /Users/ramesharra/airflow310/lib/python3.10/site-packages/airflow/example_dags/subdags/subdag.py
[2025-12-08T14:43:06.538+0530] {processor.py:829} INFO - Processing file /Users/ramesharra/airflow310/lib/python3.10/site-packages/airflow/example_dags/subdags/subdag.py for tasks to queue
[2025-12-08T14:43:06.540+0530] {logging_mixin.py:154} INFO - [2025-12-08T14:43:06.540+0530] {dagbag.py:536} INFO - Filling up the DagBag from /Users/ramesharra/airflow310/lib/python3.10/site-packages/airflow/example_dags/subdags/subdag.py
[2025-12-08T14:43:06.541+0530] {processor.py:841} WARNING - No viable dags retrieved from /Users/ramesharra/airflow310/lib/python3.10/site-packages/airflow/example_dags/subdags/subdag.py
[2025-12-08T14:43:06.625+0530] {processor.py:179} INFO - Processing /Users/ramesharra/airflow310/lib/python3.10/site-packages/airflow/example_dags/subdags/subdag.py took 0.091 seconds
[2025-12-08T14:44:08.011+0530] {processor.py:157} INFO - Started process (PID=13631) to work on /Users/ramesharra/airflow310/lib/python3.10/site-packages/airflow/example_dags/subdags/subdag.py
[2025-12-08T14:44:08.011+0530] {processor.py:829} INFO - Processing file /Users/ramesharra/airflow310/lib/python3.10/site-packages/airflow/example_dags/subdags/subdag.py for tasks to queue
[2025-12-08T14:44:08.013+0530] {logging_mixin.py:154} INFO - [2025-12-08T14:44:08.012+0530] {dagbag.py:536} INFO - Filling up the DagBag from /Users/ramesharra/airflow310/lib/python3.10/site-packages/airflow/example_dags/subdags/subdag.py
[2025-12-08T14:44:08.014+0530] {processor.py:841} WARNING - No viable dags retrieved from /Users/ramesharra/airflow310/lib/python3.10/site-packages/airflow/example_dags/subdags/subdag.py
[2025-12-08T14:44:08.089+0530] {processor.py:179} INFO - Processing /Users/ramesharra/airflow310/lib/python3.10/site-packages/airflow/example_dags/subdags/subdag.py took 0.079 seconds
[2025-12-08T14:45:13.111+0530] {processor.py:157} INFO - Started process (PID=13701) to work on /Users/ramesharra/airflow310/lib/python3.10/site-packages/airflow/example_dags/subdags/subdag.py
[2025-12-08T14:45:13.112+0530] {processor.py:829} INFO - Processing file /Users/ramesharra/airflow310/lib/python3.10/site-packages/airflow/example_dags/subdags/subdag.py for tasks to queue
[2025-12-08T14:45:13.114+0530] {logging_mixin.py:154} INFO - [2025-12-08T14:45:13.114+0530] {dagbag.py:536} INFO - Filling up the DagBag from /Users/ramesharra/airflow310/lib/python3.10/site-packages/airflow/example_dags/subdags/subdag.py
[2025-12-08T14:45:13.116+0530] {processor.py:841} WARNING - No viable dags retrieved from /Users/ramesharra/airflow310/lib/python3.10/site-packages/airflow/example_dags/subdags/subdag.py
[2025-12-08T14:45:13.195+0530] {processor.py:179} INFO - Processing /Users/ramesharra/airflow310/lib/python3.10/site-packages/airflow/example_dags/subdags/subdag.py took 0.084 seconds
[2025-12-08T14:46:17.791+0530] {processor.py:157} INFO - Started process (PID=13775) to work on /Users/ramesharra/airflow310/lib/python3.10/site-packages/airflow/example_dags/subdags/subdag.py
[2025-12-08T14:46:17.792+0530] {processor.py:829} INFO - Processing file /Users/ramesharra/airflow310/lib/python3.10/site-packages/airflow/example_dags/subdags/subdag.py for tasks to queue
[2025-12-08T14:46:17.793+0530] {logging_mixin.py:154} INFO - [2025-12-08T14:46:17.793+0530] {dagbag.py:536} INFO - Filling up the DagBag from /Users/ramesharra/airflow310/lib/python3.10/site-packages/airflow/example_dags/subdags/subdag.py
[2025-12-08T14:46:17.795+0530] {processor.py:841} WARNING - No viable dags retrieved from /Users/ramesharra/airflow310/lib/python3.10/site-packages/airflow/example_dags/subdags/subdag.py
[2025-12-08T14:46:17.874+0530] {processor.py:179} INFO - Processing /Users/ramesharra/airflow310/lib/python3.10/site-packages/airflow/example_dags/subdags/subdag.py took 0.084 seconds
[2025-12-08T14:47:24.053+0530] {processor.py:157} INFO - Started process (PID=13858) to work on /Users/ramesharra/airflow310/lib/python3.10/site-packages/airflow/example_dags/subdags/subdag.py
[2025-12-08T14:47:24.053+0530] {processor.py:829} INFO - Processing file /Users/ramesharra/airflow310/lib/python3.10/site-packages/airflow/example_dags/subdags/subdag.py for tasks to queue
[2025-12-08T14:47:24.055+0530] {logging_mixin.py:154} INFO - [2025-12-08T14:47:24.055+0530] {dagbag.py:536} INFO - Filling up the DagBag from /Users/ramesharra/airflow310/lib/python3.10/site-packages/airflow/example_dags/subdags/subdag.py
[2025-12-08T14:47:24.057+0530] {processor.py:841} WARNING - No viable dags retrieved from /Users/ramesharra/airflow310/lib/python3.10/site-packages/airflow/example_dags/subdags/subdag.py
[2025-12-08T14:47:24.137+0530] {processor.py:179} INFO - Processing /Users/ramesharra/airflow310/lib/python3.10/site-packages/airflow/example_dags/subdags/subdag.py took 0.085 seconds
[2025-12-08T14:48:32.961+0530] {processor.py:157} INFO - Started process (PID=13937) to work on /Users/ramesharra/airflow310/lib/python3.10/site-packages/airflow/example_dags/subdags/subdag.py
[2025-12-08T14:48:32.962+0530] {processor.py:829} INFO - Processing file /Users/ramesharra/airflow310/lib/python3.10/site-packages/airflow/example_dags/subdags/subdag.py for tasks to queue
[2025-12-08T14:48:32.964+0530] {logging_mixin.py:154} INFO - [2025-12-08T14:48:32.964+0530] {dagbag.py:536} INFO - Filling up the DagBag from /Users/ramesharra/airflow310/lib/python3.10/site-packages/airflow/example_dags/subdags/subdag.py
[2025-12-08T14:48:32.966+0530] {processor.py:841} WARNING - No viable dags retrieved from /Users/ramesharra/airflow310/lib/python3.10/site-packages/airflow/example_dags/subdags/subdag.py
[2025-12-08T14:48:33.047+0530] {processor.py:179} INFO - Processing /Users/ramesharra/airflow310/lib/python3.10/site-packages/airflow/example_dags/subdags/subdag.py took 0.087 seconds
[2025-12-08T14:49:36.749+0530] {processor.py:157} INFO - Started process (PID=14011) to work on /Users/ramesharra/airflow310/lib/python3.10/site-packages/airflow/example_dags/subdags/subdag.py
[2025-12-08T14:49:36.751+0530] {processor.py:829} INFO - Processing file /Users/ramesharra/airflow310/lib/python3.10/site-packages/airflow/example_dags/subdags/subdag.py for tasks to queue
[2025-12-08T14:49:36.752+0530] {logging_mixin.py:154} INFO - [2025-12-08T14:49:36.752+0530] {dagbag.py:536} INFO - Filling up the DagBag from /Users/ramesharra/airflow310/lib/python3.10/site-packages/airflow/example_dags/subdags/subdag.py
[2025-12-08T14:49:36.754+0530] {processor.py:841} WARNING - No viable dags retrieved from /Users/ramesharra/airflow310/lib/python3.10/site-packages/airflow/example_dags/subdags/subdag.py
[2025-12-08T14:49:36.832+0530] {processor.py:179} INFO - Processing /Users/ramesharra/airflow310/lib/python3.10/site-packages/airflow/example_dags/subdags/subdag.py took 0.084 seconds
[2025-12-08T14:50:44.908+0530] {processor.py:157} INFO - Started process (PID=14091) to work on /Users/ramesharra/airflow310/lib/python3.10/site-packages/airflow/example_dags/subdags/subdag.py
[2025-12-08T14:50:44.910+0530] {processor.py:829} INFO - Processing file /Users/ramesharra/airflow310/lib/python3.10/site-packages/airflow/example_dags/subdags/subdag.py for tasks to queue
[2025-12-08T14:50:44.911+0530] {logging_mixin.py:154} INFO - [2025-12-08T14:50:44.911+0530] {dagbag.py:536} INFO - Filling up the DagBag from /Users/ramesharra/airflow310/lib/python3.10/site-packages/airflow/example_dags/subdags/subdag.py
[2025-12-08T14:50:44.913+0530] {processor.py:841} WARNING - No viable dags retrieved from /Users/ramesharra/airflow310/lib/python3.10/site-packages/airflow/example_dags/subdags/subdag.py
[2025-12-08T14:50:44.996+0530] {processor.py:179} INFO - Processing /Users/ramesharra/airflow310/lib/python3.10/site-packages/airflow/example_dags/subdags/subdag.py took 0.088 seconds
