[2025-12-08T15:31:36.947+0530] {taskinstance.py:1159} INFO - Dependencies all met for dep_context=non-requeueable deps ti=<TaskInstance: shopverse_daily_pipeline.wait_customers_file scheduled__2025-01-03T01:00:00+00:00 [queued]>
[2025-12-08T15:31:36.951+0530] {taskinstance.py:1159} INFO - Dependencies all met for dep_context=requeueable deps ti=<TaskInstance: shopverse_daily_pipeline.wait_customers_file scheduled__2025-01-03T01:00:00+00:00 [queued]>
[2025-12-08T15:31:36.951+0530] {taskinstance.py:1361} INFO - Starting attempt 2 of 2
[2025-12-08T15:31:36.957+0530] {taskinstance.py:1382} INFO - Executing <Task(FileSensor): wait_customers_file> on 2025-01-03 01:00:00+00:00
[2025-12-08T15:31:36.960+0530] {standard_task_runner.py:57} INFO - Started process 15692 to run task
[2025-12-08T15:31:36.965+0530] {standard_task_runner.py:84} INFO - Running: ['airflow', 'tasks', 'run', 'shopverse_daily_pipeline', 'wait_customers_file', 'scheduled__2025-01-03T01:00:00+00:00', '--job-id', '28', '--raw', '--subdir', 'DAGS_FOLDER/shopverse_daily_pipeline.py', '--cfg-path', '/var/folders/0m/k_9_7kw56svf7_nstcht_jzw0000gn/T/tmpje32lqak']
[2025-12-08T15:31:36.966+0530] {standard_task_runner.py:85} INFO - Job 28: Subtask wait_customers_file
[2025-12-08T15:31:36.988+0530] {task_command.py:416} INFO - Running <TaskInstance: shopverse_daily_pipeline.wait_customers_file scheduled__2025-01-03T01:00:00+00:00 [running]> on host pranavis-macbook-air.local
[2025-12-08T15:31:37.019+0530] {taskinstance.py:1662} INFO - Exporting env vars: AIRFLOW_CTX_DAG_EMAIL='alert@example.com' AIRFLOW_CTX_DAG_OWNER='shopverse_de' AIRFLOW_CTX_DAG_ID='shopverse_daily_pipeline' AIRFLOW_CTX_TASK_ID='wait_customers_file' AIRFLOW_CTX_EXECUTION_DATE='2025-01-03T01:00:00+00:00' AIRFLOW_CTX_TRY_NUMBER='2' AIRFLOW_CTX_DAG_RUN_ID='scheduled__2025-01-03T01:00:00+00:00'
[2025-12-08T15:31:37.022+0530] {base.py:73} INFO - Using connection ID 'fs_default' for task execution.
[2025-12-08T15:31:37.023+0530] {filesystem.py:64} INFO - Poking for file /Users/ramesharra/airflow/data/shopverse/landing/customers/customers_20250103.csv
[2025-12-08T15:31:47.049+0530] {base.py:73} INFO - Using connection ID 'fs_default' for task execution.
[2025-12-08T15:31:47.052+0530] {filesystem.py:64} INFO - Poking for file /Users/ramesharra/airflow/data/shopverse/landing/customers/customers_20250103.csv
[2025-12-08T15:31:57.073+0530] {base.py:73} INFO - Using connection ID 'fs_default' for task execution.
[2025-12-08T15:31:57.075+0530] {filesystem.py:64} INFO - Poking for file /Users/ramesharra/airflow/data/shopverse/landing/customers/customers_20250103.csv
[2025-12-08T15:32:07.092+0530] {base.py:73} INFO - Using connection ID 'fs_default' for task execution.
[2025-12-08T15:32:07.095+0530] {filesystem.py:64} INFO - Poking for file /Users/ramesharra/airflow/data/shopverse/landing/customers/customers_20250103.csv
[2025-12-08T15:32:17.117+0530] {base.py:73} INFO - Using connection ID 'fs_default' for task execution.
[2025-12-08T15:32:17.120+0530] {filesystem.py:64} INFO - Poking for file /Users/ramesharra/airflow/data/shopverse/landing/customers/customers_20250103.csv
[2025-12-08T15:32:27.137+0530] {base.py:73} INFO - Using connection ID 'fs_default' for task execution.
[2025-12-08T15:32:27.140+0530] {filesystem.py:64} INFO - Poking for file /Users/ramesharra/airflow/data/shopverse/landing/customers/customers_20250103.csv
[2025-12-08T15:32:37.154+0530] {base.py:73} INFO - Using connection ID 'fs_default' for task execution.
[2025-12-08T15:32:37.156+0530] {filesystem.py:64} INFO - Poking for file /Users/ramesharra/airflow/data/shopverse/landing/customers/customers_20250103.csv
[2025-12-08T15:32:47.175+0530] {base.py:73} INFO - Using connection ID 'fs_default' for task execution.
[2025-12-08T15:32:47.183+0530] {filesystem.py:64} INFO - Poking for file /Users/ramesharra/airflow/data/shopverse/landing/customers/customers_20250103.csv
[2025-12-08T15:32:57.197+0530] {base.py:73} INFO - Using connection ID 'fs_default' for task execution.
[2025-12-08T15:32:57.201+0530] {filesystem.py:64} INFO - Poking for file /Users/ramesharra/airflow/data/shopverse/landing/customers/customers_20250103.csv
[2025-12-08T15:33:07.223+0530] {base.py:73} INFO - Using connection ID 'fs_default' for task execution.
[2025-12-08T15:33:07.226+0530] {filesystem.py:64} INFO - Poking for file /Users/ramesharra/airflow/data/shopverse/landing/customers/customers_20250103.csv
[2025-12-08T15:33:17.243+0530] {base.py:73} INFO - Using connection ID 'fs_default' for task execution.
[2025-12-08T15:33:17.250+0530] {filesystem.py:64} INFO - Poking for file /Users/ramesharra/airflow/data/shopverse/landing/customers/customers_20250103.csv
[2025-12-08T15:33:27.268+0530] {base.py:73} INFO - Using connection ID 'fs_default' for task execution.
[2025-12-08T15:33:27.270+0530] {filesystem.py:64} INFO - Poking for file /Users/ramesharra/airflow/data/shopverse/landing/customers/customers_20250103.csv
[2025-12-08T15:33:37.292+0530] {base.py:73} INFO - Using connection ID 'fs_default' for task execution.
[2025-12-08T15:33:37.294+0530] {filesystem.py:64} INFO - Poking for file /Users/ramesharra/airflow/data/shopverse/landing/customers/customers_20250103.csv
[2025-12-08T15:33:47.316+0530] {base.py:73} INFO - Using connection ID 'fs_default' for task execution.
[2025-12-08T15:33:47.322+0530] {filesystem.py:64} INFO - Poking for file /Users/ramesharra/airflow/data/shopverse/landing/customers/customers_20250103.csv
[2025-12-08T15:33:57.379+0530] {base.py:73} INFO - Using connection ID 'fs_default' for task execution.
[2025-12-08T15:33:57.382+0530] {filesystem.py:64} INFO - Poking for file /Users/ramesharra/airflow/data/shopverse/landing/customers/customers_20250103.csv
[2025-12-08T15:34:07.408+0530] {base.py:73} INFO - Using connection ID 'fs_default' for task execution.
[2025-12-08T15:34:07.410+0530] {filesystem.py:64} INFO - Poking for file /Users/ramesharra/airflow/data/shopverse/landing/customers/customers_20250103.csv
[2025-12-08T15:34:17.436+0530] {base.py:73} INFO - Using connection ID 'fs_default' for task execution.
[2025-12-08T15:34:17.439+0530] {filesystem.py:64} INFO - Poking for file /Users/ramesharra/airflow/data/shopverse/landing/customers/customers_20250103.csv
[2025-12-08T15:34:27.464+0530] {base.py:73} INFO - Using connection ID 'fs_default' for task execution.
[2025-12-08T15:34:27.466+0530] {filesystem.py:64} INFO - Poking for file /Users/ramesharra/airflow/data/shopverse/landing/customers/customers_20250103.csv
[2025-12-08T15:34:37.491+0530] {base.py:73} INFO - Using connection ID 'fs_default' for task execution.
[2025-12-08T15:34:37.493+0530] {filesystem.py:64} INFO - Poking for file /Users/ramesharra/airflow/data/shopverse/landing/customers/customers_20250103.csv
[2025-12-08T15:34:47.511+0530] {base.py:73} INFO - Using connection ID 'fs_default' for task execution.
[2025-12-08T15:34:47.514+0530] {filesystem.py:64} INFO - Poking for file /Users/ramesharra/airflow/data/shopverse/landing/customers/customers_20250103.csv
[2025-12-08T15:34:57.536+0530] {base.py:73} INFO - Using connection ID 'fs_default' for task execution.
[2025-12-08T15:34:57.538+0530] {filesystem.py:64} INFO - Poking for file /Users/ramesharra/airflow/data/shopverse/landing/customers/customers_20250103.csv
[2025-12-08T15:35:07.556+0530] {base.py:73} INFO - Using connection ID 'fs_default' for task execution.
[2025-12-08T15:35:07.559+0530] {filesystem.py:64} INFO - Poking for file /Users/ramesharra/airflow/data/shopverse/landing/customers/customers_20250103.csv
[2025-12-08T15:35:17.571+0530] {base.py:73} INFO - Using connection ID 'fs_default' for task execution.
[2025-12-08T15:35:17.572+0530] {filesystem.py:64} INFO - Poking for file /Users/ramesharra/airflow/data/shopverse/landing/customers/customers_20250103.csv
[2025-12-08T15:35:27.582+0530] {base.py:73} INFO - Using connection ID 'fs_default' for task execution.
[2025-12-08T15:35:27.584+0530] {filesystem.py:64} INFO - Poking for file /Users/ramesharra/airflow/data/shopverse/landing/customers/customers_20250103.csv
[2025-12-08T15:35:37.604+0530] {base.py:73} INFO - Using connection ID 'fs_default' for task execution.
[2025-12-08T15:35:37.606+0530] {filesystem.py:64} INFO - Poking for file /Users/ramesharra/airflow/data/shopverse/landing/customers/customers_20250103.csv
[2025-12-08T15:35:47.638+0530] {base.py:73} INFO - Using connection ID 'fs_default' for task execution.
[2025-12-08T15:35:47.641+0530] {filesystem.py:64} INFO - Poking for file /Users/ramesharra/airflow/data/shopverse/landing/customers/customers_20250103.csv
[2025-12-08T15:35:57.661+0530] {base.py:73} INFO - Using connection ID 'fs_default' for task execution.
[2025-12-08T15:35:57.662+0530] {filesystem.py:64} INFO - Poking for file /Users/ramesharra/airflow/data/shopverse/landing/customers/customers_20250103.csv
[2025-12-08T15:36:07.686+0530] {base.py:73} INFO - Using connection ID 'fs_default' for task execution.
[2025-12-08T15:36:07.688+0530] {filesystem.py:64} INFO - Poking for file /Users/ramesharra/airflow/data/shopverse/landing/customers/customers_20250103.csv
[2025-12-08T15:36:17.697+0530] {base.py:73} INFO - Using connection ID 'fs_default' for task execution.
[2025-12-08T15:36:17.699+0530] {filesystem.py:64} INFO - Poking for file /Users/ramesharra/airflow/data/shopverse/landing/customers/customers_20250103.csv
[2025-12-08T15:36:27.727+0530] {base.py:73} INFO - Using connection ID 'fs_default' for task execution.
[2025-12-08T15:36:27.730+0530] {filesystem.py:64} INFO - Poking for file /Users/ramesharra/airflow/data/shopverse/landing/customers/customers_20250103.csv
[2025-12-08T15:36:37.778+0530] {base.py:73} INFO - Using connection ID 'fs_default' for task execution.
[2025-12-08T15:36:37.781+0530] {filesystem.py:64} INFO - Poking for file /Users/ramesharra/airflow/data/shopverse/landing/customers/customers_20250103.csv
[2025-12-08T15:36:47.806+0530] {base.py:73} INFO - Using connection ID 'fs_default' for task execution.
[2025-12-08T15:36:47.808+0530] {filesystem.py:64} INFO - Poking for file /Users/ramesharra/airflow/data/shopverse/landing/customers/customers_20250103.csv
[2025-12-08T15:36:57.825+0530] {base.py:73} INFO - Using connection ID 'fs_default' for task execution.
[2025-12-08T15:36:57.829+0530] {filesystem.py:64} INFO - Poking for file /Users/ramesharra/airflow/data/shopverse/landing/customers/customers_20250103.csv
[2025-12-08T15:37:07.890+0530] {base.py:73} INFO - Using connection ID 'fs_default' for task execution.
[2025-12-08T15:37:07.901+0530] {filesystem.py:64} INFO - Poking for file /Users/ramesharra/airflow/data/shopverse/landing/customers/customers_20250103.csv
[2025-12-08T15:37:17.918+0530] {base.py:73} INFO - Using connection ID 'fs_default' for task execution.
[2025-12-08T15:37:17.920+0530] {filesystem.py:64} INFO - Poking for file /Users/ramesharra/airflow/data/shopverse/landing/customers/customers_20250103.csv
[2025-12-08T15:37:27.937+0530] {base.py:73} INFO - Using connection ID 'fs_default' for task execution.
[2025-12-08T15:37:27.945+0530] {filesystem.py:64} INFO - Poking for file /Users/ramesharra/airflow/data/shopverse/landing/customers/customers_20250103.csv
[2025-12-08T15:37:37.964+0530] {base.py:73} INFO - Using connection ID 'fs_default' for task execution.
[2025-12-08T15:37:37.969+0530] {filesystem.py:64} INFO - Poking for file /Users/ramesharra/airflow/data/shopverse/landing/customers/customers_20250103.csv
[2025-12-08T15:37:47.985+0530] {base.py:73} INFO - Using connection ID 'fs_default' for task execution.
[2025-12-08T15:37:47.987+0530] {filesystem.py:64} INFO - Poking for file /Users/ramesharra/airflow/data/shopverse/landing/customers/customers_20250103.csv
[2025-12-08T15:37:58.013+0530] {base.py:73} INFO - Using connection ID 'fs_default' for task execution.
[2025-12-08T15:37:58.015+0530] {filesystem.py:64} INFO - Poking for file /Users/ramesharra/airflow/data/shopverse/landing/customers/customers_20250103.csv
[2025-12-08T15:38:08.038+0530] {base.py:73} INFO - Using connection ID 'fs_default' for task execution.
[2025-12-08T15:38:08.041+0530] {filesystem.py:64} INFO - Poking for file /Users/ramesharra/airflow/data/shopverse/landing/customers/customers_20250103.csv
[2025-12-08T15:38:18.061+0530] {base.py:73} INFO - Using connection ID 'fs_default' for task execution.
[2025-12-08T15:38:18.063+0530] {filesystem.py:64} INFO - Poking for file /Users/ramesharra/airflow/data/shopverse/landing/customers/customers_20250103.csv
[2025-12-08T15:38:28.095+0530] {base.py:73} INFO - Using connection ID 'fs_default' for task execution.
[2025-12-08T15:38:28.097+0530] {filesystem.py:64} INFO - Poking for file /Users/ramesharra/airflow/data/shopverse/landing/customers/customers_20250103.csv
[2025-12-08T15:38:38.107+0530] {base.py:73} INFO - Using connection ID 'fs_default' for task execution.
[2025-12-08T15:38:38.108+0530] {filesystem.py:64} INFO - Poking for file /Users/ramesharra/airflow/data/shopverse/landing/customers/customers_20250103.csv
[2025-12-08T15:38:48.123+0530] {base.py:73} INFO - Using connection ID 'fs_default' for task execution.
[2025-12-08T15:38:48.126+0530] {filesystem.py:64} INFO - Poking for file /Users/ramesharra/airflow/data/shopverse/landing/customers/customers_20250103.csv
[2025-12-08T15:38:58.159+0530] {base.py:73} INFO - Using connection ID 'fs_default' for task execution.
[2025-12-08T15:38:58.162+0530] {filesystem.py:64} INFO - Poking for file /Users/ramesharra/airflow/data/shopverse/landing/customers/customers_20250103.csv
[2025-12-08T15:39:08.173+0530] {base.py:73} INFO - Using connection ID 'fs_default' for task execution.
[2025-12-08T15:39:08.175+0530] {filesystem.py:64} INFO - Poking for file /Users/ramesharra/airflow/data/shopverse/landing/customers/customers_20250103.csv
[2025-12-08T15:39:18.197+0530] {base.py:73} INFO - Using connection ID 'fs_default' for task execution.
[2025-12-08T15:39:18.199+0530] {filesystem.py:64} INFO - Poking for file /Users/ramesharra/airflow/data/shopverse/landing/customers/customers_20250103.csv
[2025-12-08T15:39:28.205+0530] {base.py:73} INFO - Using connection ID 'fs_default' for task execution.
[2025-12-08T15:39:28.209+0530] {filesystem.py:64} INFO - Poking for file /Users/ramesharra/airflow/data/shopverse/landing/customers/customers_20250103.csv
[2025-12-08T15:39:38.224+0530] {base.py:73} INFO - Using connection ID 'fs_default' for task execution.
[2025-12-08T15:39:38.226+0530] {filesystem.py:64} INFO - Poking for file /Users/ramesharra/airflow/data/shopverse/landing/customers/customers_20250103.csv
[2025-12-08T15:39:48.235+0530] {base.py:73} INFO - Using connection ID 'fs_default' for task execution.
[2025-12-08T15:39:48.238+0530] {filesystem.py:64} INFO - Poking for file /Users/ramesharra/airflow/data/shopverse/landing/customers/customers_20250103.csv
[2025-12-08T15:39:58.270+0530] {base.py:73} INFO - Using connection ID 'fs_default' for task execution.
[2025-12-08T15:39:58.272+0530] {filesystem.py:64} INFO - Poking for file /Users/ramesharra/airflow/data/shopverse/landing/customers/customers_20250103.csv
[2025-12-08T15:40:08.280+0530] {base.py:73} INFO - Using connection ID 'fs_default' for task execution.
[2025-12-08T15:40:08.283+0530] {filesystem.py:64} INFO - Poking for file /Users/ramesharra/airflow/data/shopverse/landing/customers/customers_20250103.csv
[2025-12-08T15:40:18.302+0530] {base.py:73} INFO - Using connection ID 'fs_default' for task execution.
[2025-12-08T15:40:18.305+0530] {filesystem.py:64} INFO - Poking for file /Users/ramesharra/airflow/data/shopverse/landing/customers/customers_20250103.csv
[2025-12-08T15:40:28.330+0530] {base.py:73} INFO - Using connection ID 'fs_default' for task execution.
[2025-12-08T15:40:28.333+0530] {filesystem.py:64} INFO - Poking for file /Users/ramesharra/airflow/data/shopverse/landing/customers/customers_20250103.csv
[2025-12-08T15:40:38.351+0530] {base.py:73} INFO - Using connection ID 'fs_default' for task execution.
[2025-12-08T15:40:38.352+0530] {filesystem.py:64} INFO - Poking for file /Users/ramesharra/airflow/data/shopverse/landing/customers/customers_20250103.csv
[2025-12-08T15:40:48.368+0530] {base.py:73} INFO - Using connection ID 'fs_default' for task execution.
[2025-12-08T15:40:48.371+0530] {filesystem.py:64} INFO - Poking for file /Users/ramesharra/airflow/data/shopverse/landing/customers/customers_20250103.csv
[2025-12-08T15:40:58.398+0530] {base.py:73} INFO - Using connection ID 'fs_default' for task execution.
[2025-12-08T15:40:58.406+0530] {filesystem.py:64} INFO - Poking for file /Users/ramesharra/airflow/data/shopverse/landing/customers/customers_20250103.csv
[2025-12-08T15:41:08.436+0530] {base.py:73} INFO - Using connection ID 'fs_default' for task execution.
[2025-12-08T15:41:08.439+0530] {filesystem.py:64} INFO - Poking for file /Users/ramesharra/airflow/data/shopverse/landing/customers/customers_20250103.csv
[2025-12-08T15:41:18.451+0530] {base.py:73} INFO - Using connection ID 'fs_default' for task execution.
[2025-12-08T15:41:18.453+0530] {filesystem.py:64} INFO - Poking for file /Users/ramesharra/airflow/data/shopverse/landing/customers/customers_20250103.csv
[2025-12-08T15:41:28.478+0530] {base.py:73} INFO - Using connection ID 'fs_default' for task execution.
[2025-12-08T15:41:28.480+0530] {filesystem.py:64} INFO - Poking for file /Users/ramesharra/airflow/data/shopverse/landing/customers/customers_20250103.csv
[2025-12-08T15:41:38.503+0530] {base.py:73} INFO - Using connection ID 'fs_default' for task execution.
[2025-12-08T15:41:38.505+0530] {filesystem.py:64} INFO - Poking for file /Users/ramesharra/airflow/data/shopverse/landing/customers/customers_20250103.csv
[2025-12-08T15:41:38.506+0530] {taskinstance.py:1937} ERROR - Task failed with exception
Traceback (most recent call last):
  File "/Users/ramesharra/airflow310/lib/python3.10/site-packages/airflow/sensors/base.py", line 274, in execute
    raise AirflowSensorTimeout(message)
airflow.exceptions.AirflowSensorTimeout: Sensor has timed out; run duration of 601.458012041001 seconds exceeds the specified timeout of 600.0.
[2025-12-08T15:41:38.513+0530] {taskinstance.py:1400} INFO - Immediate failure requested. Marking task as FAILED. dag_id=shopverse_daily_pipeline, task_id=wait_customers_file, execution_date=20250103T010000, start_date=20251208T100136, end_date=20251208T101138
[2025-12-08T15:41:38.531+0530] {logging_mixin.py:154} WARNING - /Users/ramesharra/airflow310/lib/python3.10/site-packages/airflow/utils/email.py:154 RemovedInAirflow3Warning: Fetching SMTP credentials from configuration variables will be deprecated in a future release. Please set credentials using a connection instead.
[2025-12-08T15:41:38.532+0530] {configuration.py:1050} WARNING - section/key [smtp/smtp_user] not found in config
[2025-12-08T15:41:38.532+0530] {email.py:270} INFO - Email alerting: attempt 1
[2025-12-08T15:41:38.535+0530] {configuration.py:1050} WARNING - section/key [smtp/smtp_user] not found in config
[2025-12-08T15:41:38.535+0530] {email.py:270} INFO - Email alerting: attempt 1
[2025-12-08T15:41:38.536+0530] {taskinstance.py:2007} ERROR - Failed to send email to: alert@example.com
Traceback (most recent call last):
  File "/Users/ramesharra/airflow310/lib/python3.10/site-packages/airflow/models/taskinstance.py", line 1518, in _run_raw_task
    self._execute_task_with_callbacks(context, test_mode, session=session)
  File "/Users/ramesharra/airflow310/lib/python3.10/site-packages/airflow/models/taskinstance.py", line 1681, in _execute_task_with_callbacks
    result = self._execute_task(context, task_orig)
  File "/Users/ramesharra/airflow310/lib/python3.10/site-packages/airflow/models/taskinstance.py", line 1744, in _execute_task
    result = execute_callable(context=context, **execute_callable_kwargs)
  File "/Users/ramesharra/airflow310/lib/python3.10/site-packages/airflow/sensors/base.py", line 274, in execute
    raise AirflowSensorTimeout(message)
airflow.exceptions.AirflowSensorTimeout: Sensor has timed out; run duration of 601.458012041001 seconds exceeds the specified timeout of 600.0.

During handling of the above exception, another exception occurred:

Traceback (most recent call last):
  File "/Users/ramesharra/airflow310/lib/python3.10/site-packages/airflow/models/taskinstance.py", line 2420, in email_alert
    send_email(task.email, subject, html_content)
  File "/Users/ramesharra/airflow310/lib/python3.10/site-packages/airflow/utils/email.py", line 80, in send_email
    return backend(
  File "/Users/ramesharra/airflow310/lib/python3.10/site-packages/airflow/utils/email.py", line 154, in send_email_smtp
    send_mime_email(e_from=mail_from, e_to=recipients, mime_msg=msg, conn_id=conn_id, dryrun=dryrun)
  File "/Users/ramesharra/airflow310/lib/python3.10/site-packages/airflow/utils/email.py", line 272, in send_mime_email
    smtp_conn = _get_smtp_connection(smtp_host, smtp_port, smtp_timeout, smtp_ssl)
  File "/Users/ramesharra/airflow310/lib/python3.10/site-packages/airflow/utils/email.py", line 316, in _get_smtp_connection
    return smtplib.SMTP(host=host, port=port, timeout=timeout)
  File "/opt/homebrew/Cellar/python@3.10/3.10.19_1/Frameworks/Python.framework/Versions/3.10/lib/python3.10/smtplib.py", line 255, in __init__
    (code, msg) = self.connect(host, port)
  File "/opt/homebrew/Cellar/python@3.10/3.10.19_1/Frameworks/Python.framework/Versions/3.10/lib/python3.10/smtplib.py", line 341, in connect
    self.sock = self._get_socket(host, port, self.timeout)
  File "/opt/homebrew/Cellar/python@3.10/3.10.19_1/Frameworks/Python.framework/Versions/3.10/lib/python3.10/smtplib.py", line 312, in _get_socket
    return socket.create_connection((host, port), timeout,
  File "/opt/homebrew/Cellar/python@3.10/3.10.19_1/Frameworks/Python.framework/Versions/3.10/lib/python3.10/socket.py", line 857, in create_connection
    raise err
  File "/opt/homebrew/Cellar/python@3.10/3.10.19_1/Frameworks/Python.framework/Versions/3.10/lib/python3.10/socket.py", line 845, in create_connection
    sock.connect(sa)
ConnectionRefusedError: [Errno 61] Connection refused

During handling of the above exception, another exception occurred:

Traceback (most recent call last):
  File "/Users/ramesharra/airflow310/lib/python3.10/site-packages/airflow/models/taskinstance.py", line 2005, in handle_failure
    self.email_alert(error, task)
  File "/Users/ramesharra/airflow310/lib/python3.10/site-packages/airflow/models/taskinstance.py", line 2422, in email_alert
    send_email(task.email, subject, html_content_err)
  File "/Users/ramesharra/airflow310/lib/python3.10/site-packages/airflow/utils/email.py", line 80, in send_email
    return backend(
  File "/Users/ramesharra/airflow310/lib/python3.10/site-packages/airflow/utils/email.py", line 154, in send_email_smtp
    send_mime_email(e_from=mail_from, e_to=recipients, mime_msg=msg, conn_id=conn_id, dryrun=dryrun)
  File "/Users/ramesharra/airflow310/lib/python3.10/site-packages/airflow/utils/email.py", line 272, in send_mime_email
    smtp_conn = _get_smtp_connection(smtp_host, smtp_port, smtp_timeout, smtp_ssl)
  File "/Users/ramesharra/airflow310/lib/python3.10/site-packages/airflow/utils/email.py", line 316, in _get_smtp_connection
    return smtplib.SMTP(host=host, port=port, timeout=timeout)
  File "/opt/homebrew/Cellar/python@3.10/3.10.19_1/Frameworks/Python.framework/Versions/3.10/lib/python3.10/smtplib.py", line 255, in __init__
    (code, msg) = self.connect(host, port)
  File "/opt/homebrew/Cellar/python@3.10/3.10.19_1/Frameworks/Python.framework/Versions/3.10/lib/python3.10/smtplib.py", line 341, in connect
    self.sock = self._get_socket(host, port, self.timeout)
  File "/opt/homebrew/Cellar/python@3.10/3.10.19_1/Frameworks/Python.framework/Versions/3.10/lib/python3.10/smtplib.py", line 312, in _get_socket
    return socket.create_connection((host, port), timeout,
  File "/opt/homebrew/Cellar/python@3.10/3.10.19_1/Frameworks/Python.framework/Versions/3.10/lib/python3.10/socket.py", line 857, in create_connection
    raise err
  File "/opt/homebrew/Cellar/python@3.10/3.10.19_1/Frameworks/Python.framework/Versions/3.10/lib/python3.10/socket.py", line 845, in create_connection
    sock.connect(sa)
ConnectionRefusedError: [Errno 61] Connection refused
[2025-12-08T15:41:38.546+0530] {standard_task_runner.py:104} ERROR - Failed to execute job 28 for task wait_customers_file (Sensor has timed out; run duration of 601.458012041001 seconds exceeds the specified timeout of 600.0.; 15692)
[2025-12-08T15:41:38.567+0530] {local_task_job_runner.py:228} INFO - Task exited with return code 1
[2025-12-08T15:41:38.584+0530] {taskinstance.py:2778} INFO - 0 downstream tasks scheduled from follow-on schedule check
