[2025-12-08T15:29:18.040+0530] {taskinstance.py:1159} INFO - Dependencies all met for dep_context=non-requeueable deps ti=<TaskInstance: shopverse_daily_pipeline.wait_orders_file scheduled__2025-01-02T01:00:00+00:00 [queued]>
[2025-12-08T15:29:18.043+0530] {taskinstance.py:1159} INFO - Dependencies all met for dep_context=requeueable deps ti=<TaskInstance: shopverse_daily_pipeline.wait_orders_file scheduled__2025-01-02T01:00:00+00:00 [queued]>
[2025-12-08T15:29:18.043+0530] {taskinstance.py:1361} INFO - Starting attempt 2 of 2
[2025-12-08T15:29:18.048+0530] {taskinstance.py:1382} INFO - Executing <Task(FileSensor): wait_orders_file> on 2025-01-02 01:00:00+00:00
[2025-12-08T15:29:18.052+0530] {standard_task_runner.py:57} INFO - Started process 15590 to run task
[2025-12-08T15:29:18.056+0530] {standard_task_runner.py:84} INFO - Running: ['airflow', 'tasks', 'run', 'shopverse_daily_pipeline', 'wait_orders_file', 'scheduled__2025-01-02T01:00:00+00:00', '--job-id', '25', '--raw', '--subdir', 'DAGS_FOLDER/shopverse_daily_pipeline.py', '--cfg-path', '/var/folders/0m/k_9_7kw56svf7_nstcht_jzw0000gn/T/tmpz4engkd9']
[2025-12-08T15:29:18.057+0530] {standard_task_runner.py:85} INFO - Job 25: Subtask wait_orders_file
[2025-12-08T15:29:18.081+0530] {task_command.py:416} INFO - Running <TaskInstance: shopverse_daily_pipeline.wait_orders_file scheduled__2025-01-02T01:00:00+00:00 [running]> on host pranavis-macbook-air.local
[2025-12-08T15:29:18.103+0530] {taskinstance.py:1662} INFO - Exporting env vars: AIRFLOW_CTX_DAG_EMAIL='alert@example.com' AIRFLOW_CTX_DAG_OWNER='shopverse_de' AIRFLOW_CTX_DAG_ID='shopverse_daily_pipeline' AIRFLOW_CTX_TASK_ID='wait_orders_file' AIRFLOW_CTX_EXECUTION_DATE='2025-01-02T01:00:00+00:00' AIRFLOW_CTX_TRY_NUMBER='2' AIRFLOW_CTX_DAG_RUN_ID='scheduled__2025-01-02T01:00:00+00:00'
[2025-12-08T15:29:18.106+0530] {base.py:73} INFO - Using connection ID 'fs_default' for task execution.
[2025-12-08T15:29:18.106+0530] {filesystem.py:64} INFO - Poking for file /Users/ramesharra/airflow/data/shopverse/landing/orders/orders_20250102.json
[2025-12-08T15:29:28.129+0530] {base.py:73} INFO - Using connection ID 'fs_default' for task execution.
[2025-12-08T15:29:28.136+0530] {filesystem.py:64} INFO - Poking for file /Users/ramesharra/airflow/data/shopverse/landing/orders/orders_20250102.json
[2025-12-08T15:29:38.158+0530] {base.py:73} INFO - Using connection ID 'fs_default' for task execution.
[2025-12-08T15:29:38.160+0530] {filesystem.py:64} INFO - Poking for file /Users/ramesharra/airflow/data/shopverse/landing/orders/orders_20250102.json
[2025-12-08T15:29:48.173+0530] {base.py:73} INFO - Using connection ID 'fs_default' for task execution.
[2025-12-08T15:29:48.182+0530] {filesystem.py:64} INFO - Poking for file /Users/ramesharra/airflow/data/shopverse/landing/orders/orders_20250102.json
[2025-12-08T15:29:54.991+0530] {taskinstance.py:1632} ERROR - Received SIGTERM. Terminating subprocesses.
[2025-12-08T15:29:55.020+0530] {local_task_job_runner.py:115} ERROR - Received SIGTERM. Terminating subprocesses
[2025-12-08T15:29:55.026+0530] {process_utils.py:131} INFO - Sending Signals.SIGTERM to group 15590. PIDs of all processes in the group: [15590]
[2025-12-08T15:29:55.026+0530] {process_utils.py:86} INFO - Sending the signal Signals.SIGTERM to group 15590
[2025-12-08T15:29:55.026+0530] {taskinstance.py:1632} ERROR - Received SIGTERM. Terminating subprocesses.
[2025-12-08T15:29:55.027+0530] {logging_mixin.py:154} WARNING - --- Logging error ---
[2025-12-08T15:29:55.033+0530] {logging_mixin.py:154} WARNING - Traceback (most recent call last):
[2025-12-08T15:29:55.033+0530] {logging_mixin.py:154} WARNING -   File "/Users/ramesharra/airflow310/lib/python3.10/site-packages/airflow/models/taskinstance.py", line 1518, in _run_raw_task
    self._execute_task_with_callbacks(context, test_mode, session=session)
[2025-12-08T15:29:55.034+0530] {logging_mixin.py:154} WARNING -   File "/Users/ramesharra/airflow310/lib/python3.10/site-packages/airflow/models/taskinstance.py", line 1681, in _execute_task_with_callbacks
    result = self._execute_task(context, task_orig)
[2025-12-08T15:29:55.034+0530] {logging_mixin.py:154} WARNING -   File "/Users/ramesharra/airflow310/lib/python3.10/site-packages/airflow/models/taskinstance.py", line 1744, in _execute_task
    result = execute_callable(context=context, **execute_callable_kwargs)
[2025-12-08T15:29:55.034+0530] {logging_mixin.py:154} WARNING -   File "/Users/ramesharra/airflow310/lib/python3.10/site-packages/airflow/sensors/base.py", line 285, in execute
    time.sleep(self._get_next_poke_interval(started_at, run_duration, try_number))
[2025-12-08T15:29:55.034+0530] {logging_mixin.py:154} WARNING -   File "/Users/ramesharra/airflow310/lib/python3.10/site-packages/airflow/models/taskinstance.py", line 1634, in signal_handler
    raise AirflowException("Task received SIGTERM signal")
[2025-12-08T15:29:55.035+0530] {logging_mixin.py:154} WARNING - airflow.exceptions.AirflowException: Task received SIGTERM signal
[2025-12-08T15:29:55.035+0530] {logging_mixin.py:154} WARNING - 
During handling of the above exception, another exception occurred:
[2025-12-08T15:29:55.035+0530] {logging_mixin.py:154} WARNING - Traceback (most recent call last):
[2025-12-08T15:29:55.035+0530] {logging_mixin.py:154} WARNING -   File "/opt/homebrew/Cellar/python@3.10/3.10.19_1/Frameworks/Python.framework/Versions/3.10/lib/python3.10/logging/__init__.py", line 1100, in emit
    msg = self.format(record)
[2025-12-08T15:29:55.035+0530] {logging_mixin.py:154} WARNING -   File "/opt/homebrew/Cellar/python@3.10/3.10.19_1/Frameworks/Python.framework/Versions/3.10/lib/python3.10/logging/__init__.py", line 943, in format
    return fmt.format(record)
[2025-12-08T15:29:55.035+0530] {logging_mixin.py:154} WARNING -   File "/opt/homebrew/Cellar/python@3.10/3.10.19_1/Frameworks/Python.framework/Versions/3.10/lib/python3.10/logging/__init__.py", line 686, in format
    record.exc_text = self.formatException(record.exc_info)
[2025-12-08T15:29:55.036+0530] {logging_mixin.py:154} WARNING -   File "/opt/homebrew/Cellar/python@3.10/3.10.19_1/Frameworks/Python.framework/Versions/3.10/lib/python3.10/logging/__init__.py", line 636, in formatException
    traceback.print_exception(ei[0], ei[1], tb, None, sio)
[2025-12-08T15:29:55.036+0530] {logging_mixin.py:154} WARNING -   File "/opt/homebrew/Cellar/python@3.10/3.10.19_1/Frameworks/Python.framework/Versions/3.10/lib/python3.10/traceback.py", line 119, in print_exception
    te = TracebackException(type(value), value, tb, limit=limit, compact=True)
[2025-12-08T15:29:55.036+0530] {logging_mixin.py:154} WARNING -   File "/Users/ramesharra/airflow310/lib/python3.10/site-packages/exceptiongroup/_formatting.py", line 96, in __init__
    self.stack = traceback.StackSummary.extract(
[2025-12-08T15:29:55.036+0530] {logging_mixin.py:154} WARNING -   File "/opt/homebrew/Cellar/python@3.10/3.10.19_1/Frameworks/Python.framework/Versions/3.10/lib/python3.10/traceback.py", line 383, in extract
    f.line
[2025-12-08T15:29:55.036+0530] {logging_mixin.py:154} WARNING -   File "/opt/homebrew/Cellar/python@3.10/3.10.19_1/Frameworks/Python.framework/Versions/3.10/lib/python3.10/traceback.py", line 306, in line
    self._line = linecache.getline(self.filename, self.lineno)
[2025-12-08T15:29:55.036+0530] {logging_mixin.py:154} WARNING -   File "/opt/homebrew/Cellar/python@3.10/3.10.19_1/Frameworks/Python.framework/Versions/3.10/lib/python3.10/linecache.py", line 30, in getline
    lines = getlines(filename, module_globals)
[2025-12-08T15:29:55.037+0530] {logging_mixin.py:154} WARNING -   File "/opt/homebrew/Cellar/python@3.10/3.10.19_1/Frameworks/Python.framework/Versions/3.10/lib/python3.10/linecache.py", line 46, in getlines
    return updatecache(filename, module_globals)
[2025-12-08T15:29:55.037+0530] {logging_mixin.py:154} WARNING -   File "/opt/homebrew/Cellar/python@3.10/3.10.19_1/Frameworks/Python.framework/Versions/3.10/lib/python3.10/linecache.py", line 137, in updatecache
    lines = fp.readlines()
[2025-12-08T15:29:55.037+0530] {logging_mixin.py:154} WARNING -   File "/opt/homebrew/Cellar/python@3.10/3.10.19_1/Frameworks/Python.framework/Versions/3.10/lib/python3.10/codecs.py", line 319, in decode
    def decode(self, input, final=False):
[2025-12-08T15:29:55.037+0530] {logging_mixin.py:154} WARNING -   File "/Users/ramesharra/airflow310/lib/python3.10/site-packages/airflow/models/taskinstance.py", line 1634, in signal_handler
    raise AirflowException("Task received SIGTERM signal")
[2025-12-08T15:29:55.037+0530] {logging_mixin.py:154} WARNING - airflow.exceptions.AirflowException: Task received SIGTERM signal
[2025-12-08T15:29:55.037+0530] {logging_mixin.py:154} WARNING - Call stack:
[2025-12-08T15:29:55.042+0530] {logging_mixin.py:154} WARNING -   File "/Users/ramesharra/airflow310/bin/airflow", line 7, in <module>
    sys.exit(main())
[2025-12-08T15:29:55.042+0530] {logging_mixin.py:154} WARNING -   File "/Users/ramesharra/airflow310/lib/python3.10/site-packages/airflow/__main__.py", line 57, in main
    args.func(args)
[2025-12-08T15:29:55.042+0530] {logging_mixin.py:154} WARNING -   File "/Users/ramesharra/airflow310/lib/python3.10/site-packages/airflow/cli/cli_config.py", line 49, in command
    return func(*args, **kwargs)
[2025-12-08T15:29:55.042+0530] {logging_mixin.py:154} WARNING -   File "/Users/ramesharra/airflow310/lib/python3.10/site-packages/airflow/utils/cli.py", line 114, in wrapper
    return f(*args, **kwargs)
[2025-12-08T15:29:55.043+0530] {logging_mixin.py:154} WARNING -   File "/Users/ramesharra/airflow310/lib/python3.10/site-packages/airflow/cli/commands/task_command.py", line 431, in task_run
    task_return_code = _run_task_by_selected_method(args, _dag, ti)
[2025-12-08T15:29:55.043+0530] {logging_mixin.py:154} WARNING -   File "/Users/ramesharra/airflow310/lib/python3.10/site-packages/airflow/cli/commands/task_command.py", line 209, in _run_task_by_selected_method
    return _run_task_by_local_task_job(args, ti)
[2025-12-08T15:29:55.043+0530] {logging_mixin.py:154} WARNING -   File "/Users/ramesharra/airflow310/lib/python3.10/site-packages/airflow/cli/commands/task_command.py", line 271, in _run_task_by_local_task_job
    ret = run_job(job=job_runner.job, execute_callable=job_runner._execute)
[2025-12-08T15:29:55.043+0530] {logging_mixin.py:154} WARNING -   File "/Users/ramesharra/airflow310/lib/python3.10/site-packages/airflow/utils/session.py", line 79, in wrapper
    return func(*args, session=session, **kwargs)
[2025-12-08T15:29:55.043+0530] {logging_mixin.py:154} WARNING -   File "/Users/ramesharra/airflow310/lib/python3.10/site-packages/airflow/jobs/job.py", line 289, in run_job
    return execute_job(job, execute_callable=execute_callable)
[2025-12-08T15:29:55.043+0530] {logging_mixin.py:154} WARNING -   File "/Users/ramesharra/airflow310/lib/python3.10/site-packages/airflow/jobs/job.py", line 318, in execute_job
    ret = execute_callable()
[2025-12-08T15:29:55.044+0530] {logging_mixin.py:154} WARNING -   File "/Users/ramesharra/airflow310/lib/python3.10/site-packages/airflow/jobs/local_task_job_runner.py", line 159, in _execute
    self.task_runner.start()
[2025-12-08T15:29:55.044+0530] {logging_mixin.py:154} WARNING -   File "/Users/ramesharra/airflow310/lib/python3.10/site-packages/airflow/task/task_runner/standard_task_runner.py", line 45, in start
    self.process = self._start_by_fork()
[2025-12-08T15:29:55.044+0530] {logging_mixin.py:154} WARNING -   File "/Users/ramesharra/airflow310/lib/python3.10/site-packages/airflow/task/task_runner/standard_task_runner.py", line 97, in _start_by_fork
    ret = args.func(args, dag=self.dag)
[2025-12-08T15:29:55.044+0530] {logging_mixin.py:154} WARNING -   File "/Users/ramesharra/airflow310/lib/python3.10/site-packages/airflow/cli/cli_config.py", line 49, in command
    return func(*args, **kwargs)
[2025-12-08T15:29:55.044+0530] {logging_mixin.py:154} WARNING -   File "/Users/ramesharra/airflow310/lib/python3.10/site-packages/airflow/utils/cli.py", line 114, in wrapper
    return f(*args, **kwargs)
[2025-12-08T15:29:55.044+0530] {logging_mixin.py:154} WARNING -   File "/Users/ramesharra/airflow310/lib/python3.10/site-packages/airflow/cli/commands/task_command.py", line 431, in task_run
    task_return_code = _run_task_by_selected_method(args, _dag, ti)
[2025-12-08T15:29:55.044+0530] {logging_mixin.py:154} WARNING -   File "/Users/ramesharra/airflow310/lib/python3.10/site-packages/airflow/cli/commands/task_command.py", line 211, in _run_task_by_selected_method
    return _run_raw_task(args, ti)
[2025-12-08T15:29:55.045+0530] {logging_mixin.py:154} WARNING -   File "/Users/ramesharra/airflow310/lib/python3.10/site-packages/airflow/cli/commands/task_command.py", line 290, in _run_raw_task
    return ti._run_raw_task(
[2025-12-08T15:29:55.045+0530] {logging_mixin.py:154} WARNING -   File "/Users/ramesharra/airflow310/lib/python3.10/site-packages/airflow/utils/session.py", line 79, in wrapper
    return func(*args, session=session, **kwargs)
[2025-12-08T15:29:55.045+0530] {logging_mixin.py:154} WARNING -   File "/Users/ramesharra/airflow310/lib/python3.10/site-packages/airflow/models/taskinstance.py", line 1568, in _run_raw_task
    self.handle_failure(e, test_mode, context, session=session)
[2025-12-08T15:29:55.045+0530] {logging_mixin.py:154} WARNING -   File "/Users/ramesharra/airflow310/lib/python3.10/site-packages/airflow/utils/session.py", line 76, in wrapper
    return func(*args, **kwargs)
[2025-12-08T15:29:55.045+0530] {logging_mixin.py:154} WARNING -   File "/Users/ramesharra/airflow310/lib/python3.10/site-packages/airflow/models/taskinstance.py", line 1937, in handle_failure
    self.log.error("Task failed with exception", exc_info=(type(error), error, tb))
[2025-12-08T15:29:55.045+0530] {logging_mixin.py:154} WARNING -   File "/opt/homebrew/Cellar/python@3.10/3.10.19_1/Frameworks/Python.framework/Versions/3.10/lib/python3.10/logging/__init__.py", line 1506, in error
    self._log(ERROR, msg, args, **kwargs)
[2025-12-08T15:29:55.045+0530] {logging_mixin.py:154} WARNING -   File "/opt/homebrew/Cellar/python@3.10/3.10.19_1/Frameworks/Python.framework/Versions/3.10/lib/python3.10/logging/__init__.py", line 1624, in _log
    self.handle(record)
[2025-12-08T15:29:55.046+0530] {logging_mixin.py:154} WARNING -   File "/opt/homebrew/Cellar/python@3.10/3.10.19_1/Frameworks/Python.framework/Versions/3.10/lib/python3.10/logging/__init__.py", line 1634, in handle
    self.callHandlers(record)
[2025-12-08T15:29:55.046+0530] {logging_mixin.py:154} WARNING -   File "/opt/homebrew/Cellar/python@3.10/3.10.19_1/Frameworks/Python.framework/Versions/3.10/lib/python3.10/logging/__init__.py", line 1696, in callHandlers
    hdlr.handle(record)
[2025-12-08T15:29:55.046+0530] {logging_mixin.py:154} WARNING -   File "/opt/homebrew/Cellar/python@3.10/3.10.19_1/Frameworks/Python.framework/Versions/3.10/lib/python3.10/logging/__init__.py", line 968, in handle
    self.emit(record)
[2025-12-08T15:29:55.046+0530] {logging_mixin.py:154} WARNING -   File "/Users/ramesharra/airflow310/lib/python3.10/site-packages/airflow/utils/log/file_task_handler.py", line 210, in emit
    self.handler.emit(record)
[2025-12-08T15:29:55.046+0530] {logging_mixin.py:154} WARNING - Message: 'Task failed with exception'
Arguments: ()
[2025-12-08T15:29:55.048+0530] {taskinstance.py:1400} INFO - Marking task as FAILED. dag_id=shopverse_daily_pipeline, task_id=wait_orders_file, execution_date=20250102T010000, start_date=20251208T095918, end_date=20251208T095955
[2025-12-08T15:29:55.057+0530] {logging_mixin.py:154} WARNING - /Users/ramesharra/airflow310/lib/python3.10/site-packages/airflow/utils/email.py:154 RemovedInAirflow3Warning: Fetching SMTP credentials from configuration variables will be deprecated in a future release. Please set credentials using a connection instead.
[2025-12-08T15:29:55.058+0530] {configuration.py:1050} WARNING - section/key [smtp/smtp_user] not found in config
[2025-12-08T15:29:55.058+0530] {email.py:270} INFO - Email alerting: attempt 1
[2025-12-08T15:29:55.060+0530] {configuration.py:1050} WARNING - section/key [smtp/smtp_user] not found in config
[2025-12-08T15:29:55.060+0530] {email.py:270} INFO - Email alerting: attempt 1
[2025-12-08T15:29:55.061+0530] {taskinstance.py:2007} ERROR - Failed to send email to: alert@example.com
Traceback (most recent call last):
  File "/Users/ramesharra/airflow310/lib/python3.10/site-packages/airflow/models/taskinstance.py", line 1518, in _run_raw_task
    self._execute_task_with_callbacks(context, test_mode, session=session)
  File "/Users/ramesharra/airflow310/lib/python3.10/site-packages/airflow/models/taskinstance.py", line 1681, in _execute_task_with_callbacks
    result = self._execute_task(context, task_orig)
  File "/Users/ramesharra/airflow310/lib/python3.10/site-packages/airflow/models/taskinstance.py", line 1744, in _execute_task
    result = execute_callable(context=context, **execute_callable_kwargs)
  File "/Users/ramesharra/airflow310/lib/python3.10/site-packages/airflow/sensors/base.py", line 285, in execute
    time.sleep(self._get_next_poke_interval(started_at, run_duration, try_number))
  File "/Users/ramesharra/airflow310/lib/python3.10/site-packages/airflow/models/taskinstance.py", line 1634, in signal_handler
    raise AirflowException("Task received SIGTERM signal")
airflow.exceptions.AirflowException: Task received SIGTERM signal

During handling of the above exception, another exception occurred:

Traceback (most recent call last):
  File "/Users/ramesharra/airflow310/lib/python3.10/site-packages/airflow/models/taskinstance.py", line 2420, in email_alert
    send_email(task.email, subject, html_content)
  File "/Users/ramesharra/airflow310/lib/python3.10/site-packages/airflow/utils/email.py", line 80, in send_email
    return backend(
  File "/Users/ramesharra/airflow310/lib/python3.10/site-packages/airflow/utils/email.py", line 154, in send_email_smtp
    send_mime_email(e_from=mail_from, e_to=recipients, mime_msg=msg, conn_id=conn_id, dryrun=dryrun)
  File "/Users/ramesharra/airflow310/lib/python3.10/site-packages/airflow/utils/email.py", line 272, in send_mime_email
    smtp_conn = _get_smtp_connection(smtp_host, smtp_port, smtp_timeout, smtp_ssl)
  File "/Users/ramesharra/airflow310/lib/python3.10/site-packages/airflow/utils/email.py", line 316, in _get_smtp_connection
    return smtplib.SMTP(host=host, port=port, timeout=timeout)
  File "/opt/homebrew/Cellar/python@3.10/3.10.19_1/Frameworks/Python.framework/Versions/3.10/lib/python3.10/smtplib.py", line 255, in __init__
    (code, msg) = self.connect(host, port)
  File "/opt/homebrew/Cellar/python@3.10/3.10.19_1/Frameworks/Python.framework/Versions/3.10/lib/python3.10/smtplib.py", line 341, in connect
    self.sock = self._get_socket(host, port, self.timeout)
  File "/opt/homebrew/Cellar/python@3.10/3.10.19_1/Frameworks/Python.framework/Versions/3.10/lib/python3.10/smtplib.py", line 312, in _get_socket
    return socket.create_connection((host, port), timeout,
  File "/opt/homebrew/Cellar/python@3.10/3.10.19_1/Frameworks/Python.framework/Versions/3.10/lib/python3.10/socket.py", line 857, in create_connection
    raise err
  File "/opt/homebrew/Cellar/python@3.10/3.10.19_1/Frameworks/Python.framework/Versions/3.10/lib/python3.10/socket.py", line 845, in create_connection
    sock.connect(sa)
ConnectionRefusedError: [Errno 61] Connection refused

During handling of the above exception, another exception occurred:

Traceback (most recent call last):
  File "/Users/ramesharra/airflow310/lib/python3.10/site-packages/airflow/models/taskinstance.py", line 2005, in handle_failure
    self.email_alert(error, task)
  File "/Users/ramesharra/airflow310/lib/python3.10/site-packages/airflow/models/taskinstance.py", line 2422, in email_alert
    send_email(task.email, subject, html_content_err)
  File "/Users/ramesharra/airflow310/lib/python3.10/site-packages/airflow/utils/email.py", line 80, in send_email
    return backend(
  File "/Users/ramesharra/airflow310/lib/python3.10/site-packages/airflow/utils/email.py", line 154, in send_email_smtp
    send_mime_email(e_from=mail_from, e_to=recipients, mime_msg=msg, conn_id=conn_id, dryrun=dryrun)
  File "/Users/ramesharra/airflow310/lib/python3.10/site-packages/airflow/utils/email.py", line 272, in send_mime_email
    smtp_conn = _get_smtp_connection(smtp_host, smtp_port, smtp_timeout, smtp_ssl)
  File "/Users/ramesharra/airflow310/lib/python3.10/site-packages/airflow/utils/email.py", line 316, in _get_smtp_connection
    return smtplib.SMTP(host=host, port=port, timeout=timeout)
  File "/opt/homebrew/Cellar/python@3.10/3.10.19_1/Frameworks/Python.framework/Versions/3.10/lib/python3.10/smtplib.py", line 255, in __init__
    (code, msg) = self.connect(host, port)
  File "/opt/homebrew/Cellar/python@3.10/3.10.19_1/Frameworks/Python.framework/Versions/3.10/lib/python3.10/smtplib.py", line 341, in connect
    self.sock = self._get_socket(host, port, self.timeout)
  File "/opt/homebrew/Cellar/python@3.10/3.10.19_1/Frameworks/Python.framework/Versions/3.10/lib/python3.10/smtplib.py", line 312, in _get_socket
    return socket.create_connection((host, port), timeout,
  File "/opt/homebrew/Cellar/python@3.10/3.10.19_1/Frameworks/Python.framework/Versions/3.10/lib/python3.10/socket.py", line 857, in create_connection
    raise err
  File "/opt/homebrew/Cellar/python@3.10/3.10.19_1/Frameworks/Python.framework/Versions/3.10/lib/python3.10/socket.py", line 845, in create_connection
    sock.connect(sa)
ConnectionRefusedError: [Errno 61] Connection refused
[2025-12-08T15:29:55.065+0530] {standard_task_runner.py:104} ERROR - Failed to execute job 25 for task wait_orders_file (Task received SIGTERM signal; 15590)
[2025-12-08T15:29:55.080+0530] {process_utils.py:79} INFO - Process psutil.Process(pid=15590, status='terminated', exitcode=1, started='15:29:18') (15590) terminated with exit code 1
[2025-12-08T15:29:55.081+0530] {local_task_job_runner.py:228} INFO - Task exited with return code 143
[2025-12-08T15:29:55.093+0530] {taskinstance.py:2778} INFO - 0 downstream tasks scheduled from follow-on schedule check
