[2025-12-08T14:15:04.959+0530] {processor.py:157} INFO - Started process (PID=11535) to work on /Users/ramesharra/airflow310/lib/python3.10/site-packages/airflow/example_dags/plugins/event_listener.py
[2025-12-08T14:15:04.959+0530] {processor.py:829} INFO - Processing file /Users/ramesharra/airflow310/lib/python3.10/site-packages/airflow/example_dags/plugins/event_listener.py for tasks to queue
[2025-12-08T14:15:04.961+0530] {logging_mixin.py:154} INFO - [2025-12-08T14:15:04.961+0530] {dagbag.py:536} INFO - Filling up the DagBag from /Users/ramesharra/airflow310/lib/python3.10/site-packages/airflow/example_dags/plugins/event_listener.py
[2025-12-08T14:15:04.962+0530] {processor.py:841} WARNING - No viable dags retrieved from /Users/ramesharra/airflow310/lib/python3.10/site-packages/airflow/example_dags/plugins/event_listener.py
[2025-12-08T14:15:05.025+0530] {processor.py:179} INFO - Processing /Users/ramesharra/airflow310/lib/python3.10/site-packages/airflow/example_dags/plugins/event_listener.py took 0.066 seconds
[2025-12-08T14:16:43.468+0530] {processor.py:157} INFO - Started process (PID=11660) to work on /Users/ramesharra/airflow310/lib/python3.10/site-packages/airflow/example_dags/plugins/event_listener.py
[2025-12-08T14:16:43.469+0530] {processor.py:829} INFO - Processing file /Users/ramesharra/airflow310/lib/python3.10/site-packages/airflow/example_dags/plugins/event_listener.py for tasks to queue
[2025-12-08T14:16:43.471+0530] {logging_mixin.py:154} INFO - [2025-12-08T14:16:43.470+0530] {dagbag.py:536} INFO - Filling up the DagBag from /Users/ramesharra/airflow310/lib/python3.10/site-packages/airflow/example_dags/plugins/event_listener.py
[2025-12-08T14:16:43.472+0530] {processor.py:841} WARNING - No viable dags retrieved from /Users/ramesharra/airflow310/lib/python3.10/site-packages/airflow/example_dags/plugins/event_listener.py
[2025-12-08T14:16:43.554+0530] {processor.py:179} INFO - Processing /Users/ramesharra/airflow310/lib/python3.10/site-packages/airflow/example_dags/plugins/event_listener.py took 0.086 seconds
[2025-12-08T14:17:51.663+0530] {processor.py:157} INFO - Started process (PID=11740) to work on /Users/ramesharra/airflow310/lib/python3.10/site-packages/airflow/example_dags/plugins/event_listener.py
[2025-12-08T14:17:51.663+0530] {processor.py:829} INFO - Processing file /Users/ramesharra/airflow310/lib/python3.10/site-packages/airflow/example_dags/plugins/event_listener.py for tasks to queue
[2025-12-08T14:17:51.665+0530] {logging_mixin.py:154} INFO - [2025-12-08T14:17:51.665+0530] {dagbag.py:536} INFO - Filling up the DagBag from /Users/ramesharra/airflow310/lib/python3.10/site-packages/airflow/example_dags/plugins/event_listener.py
[2025-12-08T14:17:51.666+0530] {processor.py:841} WARNING - No viable dags retrieved from /Users/ramesharra/airflow310/lib/python3.10/site-packages/airflow/example_dags/plugins/event_listener.py
[2025-12-08T14:17:51.735+0530] {processor.py:179} INFO - Processing /Users/ramesharra/airflow310/lib/python3.10/site-packages/airflow/example_dags/plugins/event_listener.py took 0.073 seconds
[2025-12-08T14:20:04.022+0530] {processor.py:157} INFO - Started process (PID=11824) to work on /Users/ramesharra/airflow310/lib/python3.10/site-packages/airflow/example_dags/plugins/event_listener.py
[2025-12-08T14:20:04.023+0530] {processor.py:829} INFO - Processing file /Users/ramesharra/airflow310/lib/python3.10/site-packages/airflow/example_dags/plugins/event_listener.py for tasks to queue
[2025-12-08T14:20:04.024+0530] {logging_mixin.py:154} INFO - [2025-12-08T14:20:04.024+0530] {dagbag.py:536} INFO - Filling up the DagBag from /Users/ramesharra/airflow310/lib/python3.10/site-packages/airflow/example_dags/plugins/event_listener.py
[2025-12-08T14:20:04.025+0530] {processor.py:841} WARNING - No viable dags retrieved from /Users/ramesharra/airflow310/lib/python3.10/site-packages/airflow/example_dags/plugins/event_listener.py
[2025-12-08T14:20:04.098+0530] {processor.py:179} INFO - Processing /Users/ramesharra/airflow310/lib/python3.10/site-packages/airflow/example_dags/plugins/event_listener.py took 0.077 seconds
[2025-12-08T14:21:26.632+0530] {processor.py:157} INFO - Started process (PID=11919) to work on /Users/ramesharra/airflow310/lib/python3.10/site-packages/airflow/example_dags/plugins/event_listener.py
[2025-12-08T14:21:26.633+0530] {processor.py:829} INFO - Processing file /Users/ramesharra/airflow310/lib/python3.10/site-packages/airflow/example_dags/plugins/event_listener.py for tasks to queue
[2025-12-08T14:21:26.634+0530] {logging_mixin.py:154} INFO - [2025-12-08T14:21:26.634+0530] {dagbag.py:536} INFO - Filling up the DagBag from /Users/ramesharra/airflow310/lib/python3.10/site-packages/airflow/example_dags/plugins/event_listener.py
[2025-12-08T14:21:26.635+0530] {processor.py:841} WARNING - No viable dags retrieved from /Users/ramesharra/airflow310/lib/python3.10/site-packages/airflow/example_dags/plugins/event_listener.py
[2025-12-08T14:21:26.710+0530] {processor.py:179} INFO - Processing /Users/ramesharra/airflow310/lib/python3.10/site-packages/airflow/example_dags/plugins/event_listener.py took 0.079 seconds
[2025-12-08T14:22:29.263+0530] {processor.py:157} INFO - Started process (PID=11993) to work on /Users/ramesharra/airflow310/lib/python3.10/site-packages/airflow/example_dags/plugins/event_listener.py
[2025-12-08T14:22:29.264+0530] {processor.py:829} INFO - Processing file /Users/ramesharra/airflow310/lib/python3.10/site-packages/airflow/example_dags/plugins/event_listener.py for tasks to queue
[2025-12-08T14:22:29.265+0530] {logging_mixin.py:154} INFO - [2025-12-08T14:22:29.265+0530] {dagbag.py:536} INFO - Filling up the DagBag from /Users/ramesharra/airflow310/lib/python3.10/site-packages/airflow/example_dags/plugins/event_listener.py
[2025-12-08T14:22:29.266+0530] {processor.py:841} WARNING - No viable dags retrieved from /Users/ramesharra/airflow310/lib/python3.10/site-packages/airflow/example_dags/plugins/event_listener.py
[2025-12-08T14:22:29.344+0530] {processor.py:179} INFO - Processing /Users/ramesharra/airflow310/lib/python3.10/site-packages/airflow/example_dags/plugins/event_listener.py took 0.081 seconds
[2025-12-08T14:23:34.376+0530] {processor.py:157} INFO - Started process (PID=12229) to work on /Users/ramesharra/airflow310/lib/python3.10/site-packages/airflow/example_dags/plugins/event_listener.py
[2025-12-08T14:23:34.376+0530] {processor.py:829} INFO - Processing file /Users/ramesharra/airflow310/lib/python3.10/site-packages/airflow/example_dags/plugins/event_listener.py for tasks to queue
[2025-12-08T14:23:34.377+0530] {logging_mixin.py:154} INFO - [2025-12-08T14:23:34.377+0530] {dagbag.py:536} INFO - Filling up the DagBag from /Users/ramesharra/airflow310/lib/python3.10/site-packages/airflow/example_dags/plugins/event_listener.py
[2025-12-08T14:23:34.378+0530] {processor.py:841} WARNING - No viable dags retrieved from /Users/ramesharra/airflow310/lib/python3.10/site-packages/airflow/example_dags/plugins/event_listener.py
[2025-12-08T14:23:34.457+0530] {processor.py:179} INFO - Processing /Users/ramesharra/airflow310/lib/python3.10/site-packages/airflow/example_dags/plugins/event_listener.py took 0.082 seconds
[2025-12-08T14:24:34.952+0530] {processor.py:157} INFO - Started process (PID=12290) to work on /Users/ramesharra/airflow310/lib/python3.10/site-packages/airflow/example_dags/plugins/event_listener.py
[2025-12-08T14:24:34.953+0530] {processor.py:829} INFO - Processing file /Users/ramesharra/airflow310/lib/python3.10/site-packages/airflow/example_dags/plugins/event_listener.py for tasks to queue
[2025-12-08T14:24:34.954+0530] {logging_mixin.py:154} INFO - [2025-12-08T14:24:34.954+0530] {dagbag.py:536} INFO - Filling up the DagBag from /Users/ramesharra/airflow310/lib/python3.10/site-packages/airflow/example_dags/plugins/event_listener.py
[2025-12-08T14:24:34.955+0530] {processor.py:841} WARNING - No viable dags retrieved from /Users/ramesharra/airflow310/lib/python3.10/site-packages/airflow/example_dags/plugins/event_listener.py
[2025-12-08T14:24:35.047+0530] {processor.py:179} INFO - Processing /Users/ramesharra/airflow310/lib/python3.10/site-packages/airflow/example_dags/plugins/event_listener.py took 0.096 seconds
[2025-12-08T14:25:49.738+0530] {processor.py:157} INFO - Started process (PID=12398) to work on /Users/ramesharra/airflow310/lib/python3.10/site-packages/airflow/example_dags/plugins/event_listener.py
[2025-12-08T14:25:49.739+0530] {processor.py:829} INFO - Processing file /Users/ramesharra/airflow310/lib/python3.10/site-packages/airflow/example_dags/plugins/event_listener.py for tasks to queue
[2025-12-08T14:25:49.740+0530] {logging_mixin.py:154} INFO - [2025-12-08T14:25:49.740+0530] {dagbag.py:536} INFO - Filling up the DagBag from /Users/ramesharra/airflow310/lib/python3.10/site-packages/airflow/example_dags/plugins/event_listener.py
[2025-12-08T14:25:49.741+0530] {processor.py:841} WARNING - No viable dags retrieved from /Users/ramesharra/airflow310/lib/python3.10/site-packages/airflow/example_dags/plugins/event_listener.py
[2025-12-08T14:25:49.846+0530] {processor.py:179} INFO - Processing /Users/ramesharra/airflow310/lib/python3.10/site-packages/airflow/example_dags/plugins/event_listener.py took 0.109 seconds
[2025-12-08T14:27:25.272+0530] {processor.py:157} INFO - Started process (PID=12507) to work on /Users/ramesharra/airflow310/lib/python3.10/site-packages/airflow/example_dags/plugins/event_listener.py
[2025-12-08T14:27:25.273+0530] {processor.py:829} INFO - Processing file /Users/ramesharra/airflow310/lib/python3.10/site-packages/airflow/example_dags/plugins/event_listener.py for tasks to queue
[2025-12-08T14:27:25.275+0530] {logging_mixin.py:154} INFO - [2025-12-08T14:27:25.275+0530] {dagbag.py:536} INFO - Filling up the DagBag from /Users/ramesharra/airflow310/lib/python3.10/site-packages/airflow/example_dags/plugins/event_listener.py
[2025-12-08T14:27:25.275+0530] {processor.py:841} WARNING - No viable dags retrieved from /Users/ramesharra/airflow310/lib/python3.10/site-packages/airflow/example_dags/plugins/event_listener.py
[2025-12-08T14:27:25.357+0530] {processor.py:179} INFO - Processing /Users/ramesharra/airflow310/lib/python3.10/site-packages/airflow/example_dags/plugins/event_listener.py took 0.085 seconds
[2025-12-08T14:28:45.838+0530] {processor.py:157} INFO - Started process (PID=12598) to work on /Users/ramesharra/airflow310/lib/python3.10/site-packages/airflow/example_dags/plugins/event_listener.py
[2025-12-08T14:28:45.844+0530] {processor.py:829} INFO - Processing file /Users/ramesharra/airflow310/lib/python3.10/site-packages/airflow/example_dags/plugins/event_listener.py for tasks to queue
[2025-12-08T14:28:45.846+0530] {logging_mixin.py:154} INFO - [2025-12-08T14:28:45.846+0530] {dagbag.py:536} INFO - Filling up the DagBag from /Users/ramesharra/airflow310/lib/python3.10/site-packages/airflow/example_dags/plugins/event_listener.py
[2025-12-08T14:28:45.847+0530] {processor.py:841} WARNING - No viable dags retrieved from /Users/ramesharra/airflow310/lib/python3.10/site-packages/airflow/example_dags/plugins/event_listener.py
[2025-12-08T14:28:45.925+0530] {processor.py:179} INFO - Processing /Users/ramesharra/airflow310/lib/python3.10/site-packages/airflow/example_dags/plugins/event_listener.py took 0.087 seconds
[2025-12-08T14:30:15.099+0530] {processor.py:157} INFO - Started process (PID=12687) to work on /Users/ramesharra/airflow310/lib/python3.10/site-packages/airflow/example_dags/plugins/event_listener.py
[2025-12-08T14:30:15.100+0530] {processor.py:829} INFO - Processing file /Users/ramesharra/airflow310/lib/python3.10/site-packages/airflow/example_dags/plugins/event_listener.py for tasks to queue
[2025-12-08T14:30:15.101+0530] {logging_mixin.py:154} INFO - [2025-12-08T14:30:15.101+0530] {dagbag.py:536} INFO - Filling up the DagBag from /Users/ramesharra/airflow310/lib/python3.10/site-packages/airflow/example_dags/plugins/event_listener.py
[2025-12-08T14:30:15.102+0530] {processor.py:841} WARNING - No viable dags retrieved from /Users/ramesharra/airflow310/lib/python3.10/site-packages/airflow/example_dags/plugins/event_listener.py
[2025-12-08T14:30:15.177+0530] {processor.py:179} INFO - Processing /Users/ramesharra/airflow310/lib/python3.10/site-packages/airflow/example_dags/plugins/event_listener.py took 0.078 seconds
[2025-12-08T14:31:17.291+0530] {processor.py:157} INFO - Started process (PID=12755) to work on /Users/ramesharra/airflow310/lib/python3.10/site-packages/airflow/example_dags/plugins/event_listener.py
[2025-12-08T14:31:17.293+0530] {processor.py:829} INFO - Processing file /Users/ramesharra/airflow310/lib/python3.10/site-packages/airflow/example_dags/plugins/event_listener.py for tasks to queue
[2025-12-08T14:31:17.294+0530] {logging_mixin.py:154} INFO - [2025-12-08T14:31:17.294+0530] {dagbag.py:536} INFO - Filling up the DagBag from /Users/ramesharra/airflow310/lib/python3.10/site-packages/airflow/example_dags/plugins/event_listener.py
[2025-12-08T14:31:17.295+0530] {processor.py:841} WARNING - No viable dags retrieved from /Users/ramesharra/airflow310/lib/python3.10/site-packages/airflow/example_dags/plugins/event_listener.py
[2025-12-08T14:31:17.397+0530] {processor.py:179} INFO - Processing /Users/ramesharra/airflow310/lib/python3.10/site-packages/airflow/example_dags/plugins/event_listener.py took 0.107 seconds
[2025-12-08T14:32:22.751+0530] {processor.py:157} INFO - Started process (PID=12839) to work on /Users/ramesharra/airflow310/lib/python3.10/site-packages/airflow/example_dags/plugins/event_listener.py
[2025-12-08T14:32:22.752+0530] {processor.py:829} INFO - Processing file /Users/ramesharra/airflow310/lib/python3.10/site-packages/airflow/example_dags/plugins/event_listener.py for tasks to queue
[2025-12-08T14:32:22.753+0530] {logging_mixin.py:154} INFO - [2025-12-08T14:32:22.753+0530] {dagbag.py:536} INFO - Filling up the DagBag from /Users/ramesharra/airflow310/lib/python3.10/site-packages/airflow/example_dags/plugins/event_listener.py
[2025-12-08T14:32:22.754+0530] {processor.py:841} WARNING - No viable dags retrieved from /Users/ramesharra/airflow310/lib/python3.10/site-packages/airflow/example_dags/plugins/event_listener.py
[2025-12-08T14:32:22.832+0530] {processor.py:179} INFO - Processing /Users/ramesharra/airflow310/lib/python3.10/site-packages/airflow/example_dags/plugins/event_listener.py took 0.082 seconds
[2025-12-08T14:33:24.267+0530] {processor.py:157} INFO - Started process (PID=12907) to work on /Users/ramesharra/airflow310/lib/python3.10/site-packages/airflow/example_dags/plugins/event_listener.py
[2025-12-08T14:33:24.268+0530] {processor.py:829} INFO - Processing file /Users/ramesharra/airflow310/lib/python3.10/site-packages/airflow/example_dags/plugins/event_listener.py for tasks to queue
[2025-12-08T14:33:24.269+0530] {logging_mixin.py:154} INFO - [2025-12-08T14:33:24.269+0530] {dagbag.py:536} INFO - Filling up the DagBag from /Users/ramesharra/airflow310/lib/python3.10/site-packages/airflow/example_dags/plugins/event_listener.py
[2025-12-08T14:33:24.270+0530] {processor.py:841} WARNING - No viable dags retrieved from /Users/ramesharra/airflow310/lib/python3.10/site-packages/airflow/example_dags/plugins/event_listener.py
[2025-12-08T14:33:24.353+0530] {processor.py:179} INFO - Processing /Users/ramesharra/airflow310/lib/python3.10/site-packages/airflow/example_dags/plugins/event_listener.py took 0.087 seconds
[2025-12-08T14:34:24.630+0530] {processor.py:157} INFO - Started process (PID=12979) to work on /Users/ramesharra/airflow310/lib/python3.10/site-packages/airflow/example_dags/plugins/event_listener.py
[2025-12-08T14:34:24.631+0530] {processor.py:829} INFO - Processing file /Users/ramesharra/airflow310/lib/python3.10/site-packages/airflow/example_dags/plugins/event_listener.py for tasks to queue
[2025-12-08T14:34:24.632+0530] {logging_mixin.py:154} INFO - [2025-12-08T14:34:24.632+0530] {dagbag.py:536} INFO - Filling up the DagBag from /Users/ramesharra/airflow310/lib/python3.10/site-packages/airflow/example_dags/plugins/event_listener.py
[2025-12-08T14:34:24.633+0530] {processor.py:841} WARNING - No viable dags retrieved from /Users/ramesharra/airflow310/lib/python3.10/site-packages/airflow/example_dags/plugins/event_listener.py
[2025-12-08T14:34:24.706+0530] {processor.py:179} INFO - Processing /Users/ramesharra/airflow310/lib/python3.10/site-packages/airflow/example_dags/plugins/event_listener.py took 0.076 seconds
[2025-12-08T14:35:27.990+0530] {processor.py:157} INFO - Started process (PID=13053) to work on /Users/ramesharra/airflow310/lib/python3.10/site-packages/airflow/example_dags/plugins/event_listener.py
[2025-12-08T14:35:27.991+0530] {processor.py:829} INFO - Processing file /Users/ramesharra/airflow310/lib/python3.10/site-packages/airflow/example_dags/plugins/event_listener.py for tasks to queue
[2025-12-08T14:35:27.994+0530] {logging_mixin.py:154} INFO - [2025-12-08T14:35:27.994+0530] {dagbag.py:536} INFO - Filling up the DagBag from /Users/ramesharra/airflow310/lib/python3.10/site-packages/airflow/example_dags/plugins/event_listener.py
[2025-12-08T14:35:27.995+0530] {processor.py:841} WARNING - No viable dags retrieved from /Users/ramesharra/airflow310/lib/python3.10/site-packages/airflow/example_dags/plugins/event_listener.py
[2025-12-08T14:35:28.085+0530] {processor.py:179} INFO - Processing /Users/ramesharra/airflow310/lib/python3.10/site-packages/airflow/example_dags/plugins/event_listener.py took 0.095 seconds
[2025-12-08T14:36:34.679+0530] {processor.py:157} INFO - Started process (PID=13113) to work on /Users/ramesharra/airflow310/lib/python3.10/site-packages/airflow/example_dags/plugins/event_listener.py
[2025-12-08T14:36:34.681+0530] {processor.py:829} INFO - Processing file /Users/ramesharra/airflow310/lib/python3.10/site-packages/airflow/example_dags/plugins/event_listener.py for tasks to queue
[2025-12-08T14:36:34.682+0530] {logging_mixin.py:154} INFO - [2025-12-08T14:36:34.682+0530] {dagbag.py:536} INFO - Filling up the DagBag from /Users/ramesharra/airflow310/lib/python3.10/site-packages/airflow/example_dags/plugins/event_listener.py
[2025-12-08T14:36:34.683+0530] {processor.py:841} WARNING - No viable dags retrieved from /Users/ramesharra/airflow310/lib/python3.10/site-packages/airflow/example_dags/plugins/event_listener.py
[2025-12-08T14:36:34.790+0530] {processor.py:179} INFO - Processing /Users/ramesharra/airflow310/lib/python3.10/site-packages/airflow/example_dags/plugins/event_listener.py took 0.112 seconds
[2025-12-08T14:37:38.846+0530] {processor.py:157} INFO - Started process (PID=13185) to work on /Users/ramesharra/airflow310/lib/python3.10/site-packages/airflow/example_dags/plugins/event_listener.py
[2025-12-08T14:37:38.849+0530] {processor.py:829} INFO - Processing file /Users/ramesharra/airflow310/lib/python3.10/site-packages/airflow/example_dags/plugins/event_listener.py for tasks to queue
[2025-12-08T14:37:38.851+0530] {logging_mixin.py:154} INFO - [2025-12-08T14:37:38.851+0530] {dagbag.py:536} INFO - Filling up the DagBag from /Users/ramesharra/airflow310/lib/python3.10/site-packages/airflow/example_dags/plugins/event_listener.py
[2025-12-08T14:37:38.852+0530] {processor.py:841} WARNING - No viable dags retrieved from /Users/ramesharra/airflow310/lib/python3.10/site-packages/airflow/example_dags/plugins/event_listener.py
[2025-12-08T14:37:38.944+0530] {processor.py:179} INFO - Processing /Users/ramesharra/airflow310/lib/python3.10/site-packages/airflow/example_dags/plugins/event_listener.py took 0.098 seconds
[2025-12-08T14:38:46.649+0530] {processor.py:157} INFO - Started process (PID=13262) to work on /Users/ramesharra/airflow310/lib/python3.10/site-packages/airflow/example_dags/plugins/event_listener.py
[2025-12-08T14:38:46.650+0530] {processor.py:829} INFO - Processing file /Users/ramesharra/airflow310/lib/python3.10/site-packages/airflow/example_dags/plugins/event_listener.py for tasks to queue
[2025-12-08T14:38:46.652+0530] {logging_mixin.py:154} INFO - [2025-12-08T14:38:46.651+0530] {dagbag.py:536} INFO - Filling up the DagBag from /Users/ramesharra/airflow310/lib/python3.10/site-packages/airflow/example_dags/plugins/event_listener.py
[2025-12-08T14:38:46.652+0530] {processor.py:841} WARNING - No viable dags retrieved from /Users/ramesharra/airflow310/lib/python3.10/site-packages/airflow/example_dags/plugins/event_listener.py
[2025-12-08T14:38:46.733+0530] {processor.py:179} INFO - Processing /Users/ramesharra/airflow310/lib/python3.10/site-packages/airflow/example_dags/plugins/event_listener.py took 0.084 seconds
[2025-12-08T14:39:54.103+0530] {processor.py:157} INFO - Started process (PID=13342) to work on /Users/ramesharra/airflow310/lib/python3.10/site-packages/airflow/example_dags/plugins/event_listener.py
[2025-12-08T14:39:54.104+0530] {processor.py:829} INFO - Processing file /Users/ramesharra/airflow310/lib/python3.10/site-packages/airflow/example_dags/plugins/event_listener.py for tasks to queue
[2025-12-08T14:39:54.106+0530] {logging_mixin.py:154} INFO - [2025-12-08T14:39:54.106+0530] {dagbag.py:536} INFO - Filling up the DagBag from /Users/ramesharra/airflow310/lib/python3.10/site-packages/airflow/example_dags/plugins/event_listener.py
[2025-12-08T14:39:54.107+0530] {processor.py:841} WARNING - No viable dags retrieved from /Users/ramesharra/airflow310/lib/python3.10/site-packages/airflow/example_dags/plugins/event_listener.py
[2025-12-08T14:39:54.181+0530] {processor.py:179} INFO - Processing /Users/ramesharra/airflow310/lib/python3.10/site-packages/airflow/example_dags/plugins/event_listener.py took 0.079 seconds
[2025-12-08T14:40:59.826+0530] {processor.py:157} INFO - Started process (PID=13420) to work on /Users/ramesharra/airflow310/lib/python3.10/site-packages/airflow/example_dags/plugins/event_listener.py
[2025-12-08T14:40:59.827+0530] {processor.py:829} INFO - Processing file /Users/ramesharra/airflow310/lib/python3.10/site-packages/airflow/example_dags/plugins/event_listener.py for tasks to queue
[2025-12-08T14:40:59.829+0530] {logging_mixin.py:154} INFO - [2025-12-08T14:40:59.829+0530] {dagbag.py:536} INFO - Filling up the DagBag from /Users/ramesharra/airflow310/lib/python3.10/site-packages/airflow/example_dags/plugins/event_listener.py
[2025-12-08T14:40:59.829+0530] {processor.py:841} WARNING - No viable dags retrieved from /Users/ramesharra/airflow310/lib/python3.10/site-packages/airflow/example_dags/plugins/event_listener.py
[2025-12-08T14:40:59.925+0530] {processor.py:179} INFO - Processing /Users/ramesharra/airflow310/lib/python3.10/site-packages/airflow/example_dags/plugins/event_listener.py took 0.100 seconds
[2025-12-08T14:42:06.974+0530] {processor.py:157} INFO - Started process (PID=13512) to work on /Users/ramesharra/airflow310/lib/python3.10/site-packages/airflow/example_dags/plugins/event_listener.py
[2025-12-08T14:42:06.975+0530] {processor.py:829} INFO - Processing file /Users/ramesharra/airflow310/lib/python3.10/site-packages/airflow/example_dags/plugins/event_listener.py for tasks to queue
[2025-12-08T14:42:06.976+0530] {logging_mixin.py:154} INFO - [2025-12-08T14:42:06.976+0530] {dagbag.py:536} INFO - Filling up the DagBag from /Users/ramesharra/airflow310/lib/python3.10/site-packages/airflow/example_dags/plugins/event_listener.py
[2025-12-08T14:42:06.977+0530] {processor.py:841} WARNING - No viable dags retrieved from /Users/ramesharra/airflow310/lib/python3.10/site-packages/airflow/example_dags/plugins/event_listener.py
[2025-12-08T14:42:07.054+0530] {processor.py:179} INFO - Processing /Users/ramesharra/airflow310/lib/python3.10/site-packages/airflow/example_dags/plugins/event_listener.py took 0.081 seconds
[2025-12-08T14:43:12.295+0530] {processor.py:157} INFO - Started process (PID=13578) to work on /Users/ramesharra/airflow310/lib/python3.10/site-packages/airflow/example_dags/plugins/event_listener.py
[2025-12-08T14:43:12.296+0530] {processor.py:829} INFO - Processing file /Users/ramesharra/airflow310/lib/python3.10/site-packages/airflow/example_dags/plugins/event_listener.py for tasks to queue
[2025-12-08T14:43:12.297+0530] {logging_mixin.py:154} INFO - [2025-12-08T14:43:12.297+0530] {dagbag.py:536} INFO - Filling up the DagBag from /Users/ramesharra/airflow310/lib/python3.10/site-packages/airflow/example_dags/plugins/event_listener.py
[2025-12-08T14:43:12.298+0530] {processor.py:841} WARNING - No viable dags retrieved from /Users/ramesharra/airflow310/lib/python3.10/site-packages/airflow/example_dags/plugins/event_listener.py
[2025-12-08T14:43:12.376+0530] {processor.py:179} INFO - Processing /Users/ramesharra/airflow310/lib/python3.10/site-packages/airflow/example_dags/plugins/event_listener.py took 0.082 seconds
[2025-12-08T14:44:15.448+0530] {processor.py:157} INFO - Started process (PID=13642) to work on /Users/ramesharra/airflow310/lib/python3.10/site-packages/airflow/example_dags/plugins/event_listener.py
[2025-12-08T14:44:15.449+0530] {processor.py:829} INFO - Processing file /Users/ramesharra/airflow310/lib/python3.10/site-packages/airflow/example_dags/plugins/event_listener.py for tasks to queue
[2025-12-08T14:44:15.450+0530] {logging_mixin.py:154} INFO - [2025-12-08T14:44:15.450+0530] {dagbag.py:536} INFO - Filling up the DagBag from /Users/ramesharra/airflow310/lib/python3.10/site-packages/airflow/example_dags/plugins/event_listener.py
[2025-12-08T14:44:15.451+0530] {processor.py:841} WARNING - No viable dags retrieved from /Users/ramesharra/airflow310/lib/python3.10/site-packages/airflow/example_dags/plugins/event_listener.py
[2025-12-08T14:44:15.528+0530] {processor.py:179} INFO - Processing /Users/ramesharra/airflow310/lib/python3.10/site-packages/airflow/example_dags/plugins/event_listener.py took 0.081 seconds
[2025-12-08T14:45:19.095+0530] {processor.py:157} INFO - Started process (PID=13705) to work on /Users/ramesharra/airflow310/lib/python3.10/site-packages/airflow/example_dags/plugins/event_listener.py
[2025-12-08T14:45:19.095+0530] {processor.py:829} INFO - Processing file /Users/ramesharra/airflow310/lib/python3.10/site-packages/airflow/example_dags/plugins/event_listener.py for tasks to queue
[2025-12-08T14:45:19.097+0530] {logging_mixin.py:154} INFO - [2025-12-08T14:45:19.097+0530] {dagbag.py:536} INFO - Filling up the DagBag from /Users/ramesharra/airflow310/lib/python3.10/site-packages/airflow/example_dags/plugins/event_listener.py
[2025-12-08T14:45:19.098+0530] {processor.py:841} WARNING - No viable dags retrieved from /Users/ramesharra/airflow310/lib/python3.10/site-packages/airflow/example_dags/plugins/event_listener.py
[2025-12-08T14:45:19.189+0530] {processor.py:179} INFO - Processing /Users/ramesharra/airflow310/lib/python3.10/site-packages/airflow/example_dags/plugins/event_listener.py took 0.094 seconds
[2025-12-08T14:46:22.640+0530] {processor.py:157} INFO - Started process (PID=13783) to work on /Users/ramesharra/airflow310/lib/python3.10/site-packages/airflow/example_dags/plugins/event_listener.py
[2025-12-08T14:46:22.641+0530] {processor.py:829} INFO - Processing file /Users/ramesharra/airflow310/lib/python3.10/site-packages/airflow/example_dags/plugins/event_listener.py for tasks to queue
[2025-12-08T14:46:22.642+0530] {logging_mixin.py:154} INFO - [2025-12-08T14:46:22.642+0530] {dagbag.py:536} INFO - Filling up the DagBag from /Users/ramesharra/airflow310/lib/python3.10/site-packages/airflow/example_dags/plugins/event_listener.py
[2025-12-08T14:46:22.643+0530] {processor.py:841} WARNING - No viable dags retrieved from /Users/ramesharra/airflow310/lib/python3.10/site-packages/airflow/example_dags/plugins/event_listener.py
[2025-12-08T14:46:22.724+0530] {processor.py:179} INFO - Processing /Users/ramesharra/airflow310/lib/python3.10/site-packages/airflow/example_dags/plugins/event_listener.py took 0.085 seconds
[2025-12-08T14:47:28.680+0530] {processor.py:157} INFO - Started process (PID=13866) to work on /Users/ramesharra/airflow310/lib/python3.10/site-packages/airflow/example_dags/plugins/event_listener.py
[2025-12-08T14:47:28.681+0530] {processor.py:829} INFO - Processing file /Users/ramesharra/airflow310/lib/python3.10/site-packages/airflow/example_dags/plugins/event_listener.py for tasks to queue
[2025-12-08T14:47:28.684+0530] {logging_mixin.py:154} INFO - [2025-12-08T14:47:28.684+0530] {dagbag.py:536} INFO - Filling up the DagBag from /Users/ramesharra/airflow310/lib/python3.10/site-packages/airflow/example_dags/plugins/event_listener.py
[2025-12-08T14:47:28.685+0530] {processor.py:841} WARNING - No viable dags retrieved from /Users/ramesharra/airflow310/lib/python3.10/site-packages/airflow/example_dags/plugins/event_listener.py
[2025-12-08T14:47:28.766+0530] {processor.py:179} INFO - Processing /Users/ramesharra/airflow310/lib/python3.10/site-packages/airflow/example_dags/plugins/event_listener.py took 0.086 seconds
[2025-12-08T14:48:37.994+0530] {processor.py:157} INFO - Started process (PID=13941) to work on /Users/ramesharra/airflow310/lib/python3.10/site-packages/airflow/example_dags/plugins/event_listener.py
[2025-12-08T14:48:37.995+0530] {processor.py:829} INFO - Processing file /Users/ramesharra/airflow310/lib/python3.10/site-packages/airflow/example_dags/plugins/event_listener.py for tasks to queue
[2025-12-08T14:48:37.996+0530] {logging_mixin.py:154} INFO - [2025-12-08T14:48:37.996+0530] {dagbag.py:536} INFO - Filling up the DagBag from /Users/ramesharra/airflow310/lib/python3.10/site-packages/airflow/example_dags/plugins/event_listener.py
[2025-12-08T14:48:37.997+0530] {processor.py:841} WARNING - No viable dags retrieved from /Users/ramesharra/airflow310/lib/python3.10/site-packages/airflow/example_dags/plugins/event_listener.py
[2025-12-08T14:48:38.076+0530] {processor.py:179} INFO - Processing /Users/ramesharra/airflow310/lib/python3.10/site-packages/airflow/example_dags/plugins/event_listener.py took 0.083 seconds
[2025-12-08T14:49:43.223+0530] {processor.py:157} INFO - Started process (PID=14015) to work on /Users/ramesharra/airflow310/lib/python3.10/site-packages/airflow/example_dags/plugins/event_listener.py
[2025-12-08T14:49:43.223+0530] {processor.py:829} INFO - Processing file /Users/ramesharra/airflow310/lib/python3.10/site-packages/airflow/example_dags/plugins/event_listener.py for tasks to queue
[2025-12-08T14:49:43.225+0530] {logging_mixin.py:154} INFO - [2025-12-08T14:49:43.225+0530] {dagbag.py:536} INFO - Filling up the DagBag from /Users/ramesharra/airflow310/lib/python3.10/site-packages/airflow/example_dags/plugins/event_listener.py
[2025-12-08T14:49:43.226+0530] {processor.py:841} WARNING - No viable dags retrieved from /Users/ramesharra/airflow310/lib/python3.10/site-packages/airflow/example_dags/plugins/event_listener.py
[2025-12-08T14:49:43.324+0530] {processor.py:179} INFO - Processing /Users/ramesharra/airflow310/lib/python3.10/site-packages/airflow/example_dags/plugins/event_listener.py took 0.101 seconds
[2025-12-08T14:50:51.010+0530] {processor.py:157} INFO - Started process (PID=14099) to work on /Users/ramesharra/airflow310/lib/python3.10/site-packages/airflow/example_dags/plugins/event_listener.py
[2025-12-08T14:50:51.011+0530] {processor.py:829} INFO - Processing file /Users/ramesharra/airflow310/lib/python3.10/site-packages/airflow/example_dags/plugins/event_listener.py for tasks to queue
[2025-12-08T14:50:51.012+0530] {logging_mixin.py:154} INFO - [2025-12-08T14:50:51.012+0530] {dagbag.py:536} INFO - Filling up the DagBag from /Users/ramesharra/airflow310/lib/python3.10/site-packages/airflow/example_dags/plugins/event_listener.py
[2025-12-08T14:50:51.013+0530] {processor.py:841} WARNING - No viable dags retrieved from /Users/ramesharra/airflow310/lib/python3.10/site-packages/airflow/example_dags/plugins/event_listener.py
[2025-12-08T14:50:51.093+0530] {processor.py:179} INFO - Processing /Users/ramesharra/airflow310/lib/python3.10/site-packages/airflow/example_dags/plugins/event_listener.py took 0.084 seconds
