[2025-12-08T14:15:03.980+0530] {processor.py:157} INFO - Started process (PID=11534) to work on /Users/ramesharra/airflow310/lib/python3.10/site-packages/airflow/example_dags/plugins/listener_plugin.py
[2025-12-08T14:15:03.981+0530] {processor.py:829} INFO - Processing file /Users/ramesharra/airflow310/lib/python3.10/site-packages/airflow/example_dags/plugins/listener_plugin.py for tasks to queue
[2025-12-08T14:15:03.982+0530] {logging_mixin.py:154} INFO - [2025-12-08T14:15:03.982+0530] {dagbag.py:536} INFO - Filling up the DagBag from /Users/ramesharra/airflow310/lib/python3.10/site-packages/airflow/example_dags/plugins/listener_plugin.py
[2025-12-08T14:15:03.983+0530] {processor.py:841} WARNING - No viable dags retrieved from /Users/ramesharra/airflow310/lib/python3.10/site-packages/airflow/example_dags/plugins/listener_plugin.py
[2025-12-08T14:15:04.047+0530] {processor.py:179} INFO - Processing /Users/ramesharra/airflow310/lib/python3.10/site-packages/airflow/example_dags/plugins/listener_plugin.py took 0.067 seconds
[2025-12-08T14:16:41.597+0530] {processor.py:157} INFO - Started process (PID=11659) to work on /Users/ramesharra/airflow310/lib/python3.10/site-packages/airflow/example_dags/plugins/listener_plugin.py
[2025-12-08T14:16:41.597+0530] {processor.py:829} INFO - Processing file /Users/ramesharra/airflow310/lib/python3.10/site-packages/airflow/example_dags/plugins/listener_plugin.py for tasks to queue
[2025-12-08T14:16:41.598+0530] {logging_mixin.py:154} INFO - [2025-12-08T14:16:41.598+0530] {dagbag.py:536} INFO - Filling up the DagBag from /Users/ramesharra/airflow310/lib/python3.10/site-packages/airflow/example_dags/plugins/listener_plugin.py
[2025-12-08T14:16:41.601+0530] {processor.py:841} WARNING - No viable dags retrieved from /Users/ramesharra/airflow310/lib/python3.10/site-packages/airflow/example_dags/plugins/listener_plugin.py
[2025-12-08T14:16:41.679+0530] {processor.py:179} INFO - Processing /Users/ramesharra/airflow310/lib/python3.10/site-packages/airflow/example_dags/plugins/listener_plugin.py took 0.083 seconds
[2025-12-08T14:17:49.616+0530] {processor.py:157} INFO - Started process (PID=11736) to work on /Users/ramesharra/airflow310/lib/python3.10/site-packages/airflow/example_dags/plugins/listener_plugin.py
[2025-12-08T14:17:49.617+0530] {processor.py:829} INFO - Processing file /Users/ramesharra/airflow310/lib/python3.10/site-packages/airflow/example_dags/plugins/listener_plugin.py for tasks to queue
[2025-12-08T14:17:49.618+0530] {logging_mixin.py:154} INFO - [2025-12-08T14:17:49.618+0530] {dagbag.py:536} INFO - Filling up the DagBag from /Users/ramesharra/airflow310/lib/python3.10/site-packages/airflow/example_dags/plugins/listener_plugin.py
[2025-12-08T14:17:49.621+0530] {processor.py:841} WARNING - No viable dags retrieved from /Users/ramesharra/airflow310/lib/python3.10/site-packages/airflow/example_dags/plugins/listener_plugin.py
[2025-12-08T14:17:49.694+0530] {processor.py:179} INFO - Processing /Users/ramesharra/airflow310/lib/python3.10/site-packages/airflow/example_dags/plugins/listener_plugin.py took 0.078 seconds
[2025-12-08T14:20:03.102+0530] {processor.py:157} INFO - Started process (PID=11823) to work on /Users/ramesharra/airflow310/lib/python3.10/site-packages/airflow/example_dags/plugins/listener_plugin.py
[2025-12-08T14:20:03.103+0530] {processor.py:829} INFO - Processing file /Users/ramesharra/airflow310/lib/python3.10/site-packages/airflow/example_dags/plugins/listener_plugin.py for tasks to queue
[2025-12-08T14:20:03.104+0530] {logging_mixin.py:154} INFO - [2025-12-08T14:20:03.104+0530] {dagbag.py:536} INFO - Filling up the DagBag from /Users/ramesharra/airflow310/lib/python3.10/site-packages/airflow/example_dags/plugins/listener_plugin.py
[2025-12-08T14:20:03.105+0530] {processor.py:841} WARNING - No viable dags retrieved from /Users/ramesharra/airflow310/lib/python3.10/site-packages/airflow/example_dags/plugins/listener_plugin.py
[2025-12-08T14:20:03.177+0530] {processor.py:179} INFO - Processing /Users/ramesharra/airflow310/lib/python3.10/site-packages/airflow/example_dags/plugins/listener_plugin.py took 0.076 seconds
[2025-12-08T14:21:24.449+0530] {processor.py:157} INFO - Started process (PID=11918) to work on /Users/ramesharra/airflow310/lib/python3.10/site-packages/airflow/example_dags/plugins/listener_plugin.py
[2025-12-08T14:21:24.450+0530] {processor.py:829} INFO - Processing file /Users/ramesharra/airflow310/lib/python3.10/site-packages/airflow/example_dags/plugins/listener_plugin.py for tasks to queue
[2025-12-08T14:21:24.451+0530] {logging_mixin.py:154} INFO - [2025-12-08T14:21:24.451+0530] {dagbag.py:536} INFO - Filling up the DagBag from /Users/ramesharra/airflow310/lib/python3.10/site-packages/airflow/example_dags/plugins/listener_plugin.py
[2025-12-08T14:21:24.454+0530] {processor.py:841} WARNING - No viable dags retrieved from /Users/ramesharra/airflow310/lib/python3.10/site-packages/airflow/example_dags/plugins/listener_plugin.py
[2025-12-08T14:21:24.527+0530] {processor.py:179} INFO - Processing /Users/ramesharra/airflow310/lib/python3.10/site-packages/airflow/example_dags/plugins/listener_plugin.py took 0.078 seconds
[2025-12-08T14:22:27.230+0530] {processor.py:157} INFO - Started process (PID=11991) to work on /Users/ramesharra/airflow310/lib/python3.10/site-packages/airflow/example_dags/plugins/listener_plugin.py
[2025-12-08T14:22:27.230+0530] {processor.py:829} INFO - Processing file /Users/ramesharra/airflow310/lib/python3.10/site-packages/airflow/example_dags/plugins/listener_plugin.py for tasks to queue
[2025-12-08T14:22:27.232+0530] {logging_mixin.py:154} INFO - [2025-12-08T14:22:27.232+0530] {dagbag.py:536} INFO - Filling up the DagBag from /Users/ramesharra/airflow310/lib/python3.10/site-packages/airflow/example_dags/plugins/listener_plugin.py
[2025-12-08T14:22:27.234+0530] {processor.py:841} WARNING - No viable dags retrieved from /Users/ramesharra/airflow310/lib/python3.10/site-packages/airflow/example_dags/plugins/listener_plugin.py
[2025-12-08T14:22:27.308+0530] {processor.py:179} INFO - Processing /Users/ramesharra/airflow310/lib/python3.10/site-packages/airflow/example_dags/plugins/listener_plugin.py took 0.078 seconds
[2025-12-08T14:23:32.383+0530] {processor.py:157} INFO - Started process (PID=12228) to work on /Users/ramesharra/airflow310/lib/python3.10/site-packages/airflow/example_dags/plugins/listener_plugin.py
[2025-12-08T14:23:32.384+0530] {processor.py:829} INFO - Processing file /Users/ramesharra/airflow310/lib/python3.10/site-packages/airflow/example_dags/plugins/listener_plugin.py for tasks to queue
[2025-12-08T14:23:32.386+0530] {logging_mixin.py:154} INFO - [2025-12-08T14:23:32.386+0530] {dagbag.py:536} INFO - Filling up the DagBag from /Users/ramesharra/airflow310/lib/python3.10/site-packages/airflow/example_dags/plugins/listener_plugin.py
[2025-12-08T14:23:32.389+0530] {processor.py:841} WARNING - No viable dags retrieved from /Users/ramesharra/airflow310/lib/python3.10/site-packages/airflow/example_dags/plugins/listener_plugin.py
[2025-12-08T14:23:32.464+0530] {processor.py:179} INFO - Processing /Users/ramesharra/airflow310/lib/python3.10/site-packages/airflow/example_dags/plugins/listener_plugin.py took 0.081 seconds
[2025-12-08T14:24:32.787+0530] {processor.py:157} INFO - Started process (PID=12289) to work on /Users/ramesharra/airflow310/lib/python3.10/site-packages/airflow/example_dags/plugins/listener_plugin.py
[2025-12-08T14:24:32.788+0530] {processor.py:829} INFO - Processing file /Users/ramesharra/airflow310/lib/python3.10/site-packages/airflow/example_dags/plugins/listener_plugin.py for tasks to queue
[2025-12-08T14:24:32.789+0530] {logging_mixin.py:154} INFO - [2025-12-08T14:24:32.789+0530] {dagbag.py:536} INFO - Filling up the DagBag from /Users/ramesharra/airflow310/lib/python3.10/site-packages/airflow/example_dags/plugins/listener_plugin.py
[2025-12-08T14:24:32.791+0530] {processor.py:841} WARNING - No viable dags retrieved from /Users/ramesharra/airflow310/lib/python3.10/site-packages/airflow/example_dags/plugins/listener_plugin.py
[2025-12-08T14:24:32.874+0530] {processor.py:179} INFO - Processing /Users/ramesharra/airflow310/lib/python3.10/site-packages/airflow/example_dags/plugins/listener_plugin.py took 0.088 seconds
[2025-12-08T14:25:47.689+0530] {processor.py:157} INFO - Started process (PID=12396) to work on /Users/ramesharra/airflow310/lib/python3.10/site-packages/airflow/example_dags/plugins/listener_plugin.py
[2025-12-08T14:25:47.689+0530] {processor.py:829} INFO - Processing file /Users/ramesharra/airflow310/lib/python3.10/site-packages/airflow/example_dags/plugins/listener_plugin.py for tasks to queue
[2025-12-08T14:25:47.691+0530] {logging_mixin.py:154} INFO - [2025-12-08T14:25:47.691+0530] {dagbag.py:536} INFO - Filling up the DagBag from /Users/ramesharra/airflow310/lib/python3.10/site-packages/airflow/example_dags/plugins/listener_plugin.py
[2025-12-08T14:25:47.694+0530] {processor.py:841} WARNING - No viable dags retrieved from /Users/ramesharra/airflow310/lib/python3.10/site-packages/airflow/example_dags/plugins/listener_plugin.py
[2025-12-08T14:25:47.818+0530] {processor.py:179} INFO - Processing /Users/ramesharra/airflow310/lib/python3.10/site-packages/airflow/example_dags/plugins/listener_plugin.py took 0.130 seconds
[2025-12-08T14:27:23.434+0530] {processor.py:157} INFO - Started process (PID=12506) to work on /Users/ramesharra/airflow310/lib/python3.10/site-packages/airflow/example_dags/plugins/listener_plugin.py
[2025-12-08T14:27:23.435+0530] {processor.py:829} INFO - Processing file /Users/ramesharra/airflow310/lib/python3.10/site-packages/airflow/example_dags/plugins/listener_plugin.py for tasks to queue
[2025-12-08T14:27:23.436+0530] {logging_mixin.py:154} INFO - [2025-12-08T14:27:23.436+0530] {dagbag.py:536} INFO - Filling up the DagBag from /Users/ramesharra/airflow310/lib/python3.10/site-packages/airflow/example_dags/plugins/listener_plugin.py
[2025-12-08T14:27:23.439+0530] {processor.py:841} WARNING - No viable dags retrieved from /Users/ramesharra/airflow310/lib/python3.10/site-packages/airflow/example_dags/plugins/listener_plugin.py
[2025-12-08T14:27:23.528+0530] {processor.py:179} INFO - Processing /Users/ramesharra/airflow310/lib/python3.10/site-packages/airflow/example_dags/plugins/listener_plugin.py took 0.095 seconds
[2025-12-08T14:28:43.421+0530] {processor.py:157} INFO - Started process (PID=12597) to work on /Users/ramesharra/airflow310/lib/python3.10/site-packages/airflow/example_dags/plugins/listener_plugin.py
[2025-12-08T14:28:43.422+0530] {processor.py:829} INFO - Processing file /Users/ramesharra/airflow310/lib/python3.10/site-packages/airflow/example_dags/plugins/listener_plugin.py for tasks to queue
[2025-12-08T14:28:43.423+0530] {logging_mixin.py:154} INFO - [2025-12-08T14:28:43.423+0530] {dagbag.py:536} INFO - Filling up the DagBag from /Users/ramesharra/airflow310/lib/python3.10/site-packages/airflow/example_dags/plugins/listener_plugin.py
[2025-12-08T14:28:43.425+0530] {processor.py:841} WARNING - No viable dags retrieved from /Users/ramesharra/airflow310/lib/python3.10/site-packages/airflow/example_dags/plugins/listener_plugin.py
[2025-12-08T14:28:43.504+0530] {processor.py:179} INFO - Processing /Users/ramesharra/airflow310/lib/python3.10/site-packages/airflow/example_dags/plugins/listener_plugin.py took 0.083 seconds
[2025-12-08T14:30:12.907+0530] {processor.py:157} INFO - Started process (PID=12685) to work on /Users/ramesharra/airflow310/lib/python3.10/site-packages/airflow/example_dags/plugins/listener_plugin.py
[2025-12-08T14:30:12.908+0530] {processor.py:829} INFO - Processing file /Users/ramesharra/airflow310/lib/python3.10/site-packages/airflow/example_dags/plugins/listener_plugin.py for tasks to queue
[2025-12-08T14:30:12.909+0530] {logging_mixin.py:154} INFO - [2025-12-08T14:30:12.909+0530] {dagbag.py:536} INFO - Filling up the DagBag from /Users/ramesharra/airflow310/lib/python3.10/site-packages/airflow/example_dags/plugins/listener_plugin.py
[2025-12-08T14:30:12.912+0530] {processor.py:841} WARNING - No viable dags retrieved from /Users/ramesharra/airflow310/lib/python3.10/site-packages/airflow/example_dags/plugins/listener_plugin.py
[2025-12-08T14:30:13.022+0530] {processor.py:179} INFO - Processing /Users/ramesharra/airflow310/lib/python3.10/site-packages/airflow/example_dags/plugins/listener_plugin.py took 0.115 seconds
[2025-12-08T14:31:15.828+0530] {processor.py:157} INFO - Started process (PID=12751) to work on /Users/ramesharra/airflow310/lib/python3.10/site-packages/airflow/example_dags/plugins/listener_plugin.py
[2025-12-08T14:31:15.828+0530] {processor.py:829} INFO - Processing file /Users/ramesharra/airflow310/lib/python3.10/site-packages/airflow/example_dags/plugins/listener_plugin.py for tasks to queue
[2025-12-08T14:31:15.830+0530] {logging_mixin.py:154} INFO - [2025-12-08T14:31:15.830+0530] {dagbag.py:536} INFO - Filling up the DagBag from /Users/ramesharra/airflow310/lib/python3.10/site-packages/airflow/example_dags/plugins/listener_plugin.py
[2025-12-08T14:31:15.832+0530] {processor.py:841} WARNING - No viable dags retrieved from /Users/ramesharra/airflow310/lib/python3.10/site-packages/airflow/example_dags/plugins/listener_plugin.py
[2025-12-08T14:31:15.911+0530] {processor.py:179} INFO - Processing /Users/ramesharra/airflow310/lib/python3.10/site-packages/airflow/example_dags/plugins/listener_plugin.py took 0.083 seconds
[2025-12-08T14:32:20.720+0530] {processor.py:157} INFO - Started process (PID=12838) to work on /Users/ramesharra/airflow310/lib/python3.10/site-packages/airflow/example_dags/plugins/listener_plugin.py
[2025-12-08T14:32:20.721+0530] {processor.py:829} INFO - Processing file /Users/ramesharra/airflow310/lib/python3.10/site-packages/airflow/example_dags/plugins/listener_plugin.py for tasks to queue
[2025-12-08T14:32:20.722+0530] {logging_mixin.py:154} INFO - [2025-12-08T14:32:20.722+0530] {dagbag.py:536} INFO - Filling up the DagBag from /Users/ramesharra/airflow310/lib/python3.10/site-packages/airflow/example_dags/plugins/listener_plugin.py
[2025-12-08T14:32:20.725+0530] {processor.py:841} WARNING - No viable dags retrieved from /Users/ramesharra/airflow310/lib/python3.10/site-packages/airflow/example_dags/plugins/listener_plugin.py
[2025-12-08T14:32:20.803+0530] {processor.py:179} INFO - Processing /Users/ramesharra/airflow310/lib/python3.10/site-packages/airflow/example_dags/plugins/listener_plugin.py took 0.083 seconds
[2025-12-08T14:33:22.260+0530] {processor.py:157} INFO - Started process (PID=12906) to work on /Users/ramesharra/airflow310/lib/python3.10/site-packages/airflow/example_dags/plugins/listener_plugin.py
[2025-12-08T14:33:22.261+0530] {processor.py:829} INFO - Processing file /Users/ramesharra/airflow310/lib/python3.10/site-packages/airflow/example_dags/plugins/listener_plugin.py for tasks to queue
[2025-12-08T14:33:22.263+0530] {logging_mixin.py:154} INFO - [2025-12-08T14:33:22.263+0530] {dagbag.py:536} INFO - Filling up the DagBag from /Users/ramesharra/airflow310/lib/python3.10/site-packages/airflow/example_dags/plugins/listener_plugin.py
[2025-12-08T14:33:22.264+0530] {processor.py:841} WARNING - No viable dags retrieved from /Users/ramesharra/airflow310/lib/python3.10/site-packages/airflow/example_dags/plugins/listener_plugin.py
[2025-12-08T14:33:22.343+0530] {processor.py:179} INFO - Processing /Users/ramesharra/airflow310/lib/python3.10/site-packages/airflow/example_dags/plugins/listener_plugin.py took 0.083 seconds
[2025-12-08T14:34:22.651+0530] {processor.py:157} INFO - Started process (PID=12978) to work on /Users/ramesharra/airflow310/lib/python3.10/site-packages/airflow/example_dags/plugins/listener_plugin.py
[2025-12-08T14:34:22.652+0530] {processor.py:829} INFO - Processing file /Users/ramesharra/airflow310/lib/python3.10/site-packages/airflow/example_dags/plugins/listener_plugin.py for tasks to queue
[2025-12-08T14:34:22.653+0530] {logging_mixin.py:154} INFO - [2025-12-08T14:34:22.653+0530] {dagbag.py:536} INFO - Filling up the DagBag from /Users/ramesharra/airflow310/lib/python3.10/site-packages/airflow/example_dags/plugins/listener_plugin.py
[2025-12-08T14:34:22.655+0530] {processor.py:841} WARNING - No viable dags retrieved from /Users/ramesharra/airflow310/lib/python3.10/site-packages/airflow/example_dags/plugins/listener_plugin.py
[2025-12-08T14:34:22.733+0530] {processor.py:179} INFO - Processing /Users/ramesharra/airflow310/lib/python3.10/site-packages/airflow/example_dags/plugins/listener_plugin.py took 0.083 seconds
[2025-12-08T14:35:25.604+0530] {processor.py:157} INFO - Started process (PID=13048) to work on /Users/ramesharra/airflow310/lib/python3.10/site-packages/airflow/example_dags/plugins/listener_plugin.py
[2025-12-08T14:35:25.605+0530] {processor.py:829} INFO - Processing file /Users/ramesharra/airflow310/lib/python3.10/site-packages/airflow/example_dags/plugins/listener_plugin.py for tasks to queue
[2025-12-08T14:35:25.607+0530] {logging_mixin.py:154} INFO - [2025-12-08T14:35:25.607+0530] {dagbag.py:536} INFO - Filling up the DagBag from /Users/ramesharra/airflow310/lib/python3.10/site-packages/airflow/example_dags/plugins/listener_plugin.py
[2025-12-08T14:35:25.609+0530] {processor.py:841} WARNING - No viable dags retrieved from /Users/ramesharra/airflow310/lib/python3.10/site-packages/airflow/example_dags/plugins/listener_plugin.py
[2025-12-08T14:35:25.699+0530] {processor.py:179} INFO - Processing /Users/ramesharra/airflow310/lib/python3.10/site-packages/airflow/example_dags/plugins/listener_plugin.py took 0.095 seconds
[2025-12-08T14:36:32.591+0530] {processor.py:157} INFO - Started process (PID=13108) to work on /Users/ramesharra/airflow310/lib/python3.10/site-packages/airflow/example_dags/plugins/listener_plugin.py
[2025-12-08T14:36:32.592+0530] {processor.py:829} INFO - Processing file /Users/ramesharra/airflow310/lib/python3.10/site-packages/airflow/example_dags/plugins/listener_plugin.py for tasks to queue
[2025-12-08T14:36:32.593+0530] {logging_mixin.py:154} INFO - [2025-12-08T14:36:32.593+0530] {dagbag.py:536} INFO - Filling up the DagBag from /Users/ramesharra/airflow310/lib/python3.10/site-packages/airflow/example_dags/plugins/listener_plugin.py
[2025-12-08T14:36:32.596+0530] {processor.py:841} WARNING - No viable dags retrieved from /Users/ramesharra/airflow310/lib/python3.10/site-packages/airflow/example_dags/plugins/listener_plugin.py
[2025-12-08T14:36:32.675+0530] {processor.py:179} INFO - Processing /Users/ramesharra/airflow310/lib/python3.10/site-packages/airflow/example_dags/plugins/listener_plugin.py took 0.084 seconds
[2025-12-08T14:37:36.467+0530] {processor.py:157} INFO - Started process (PID=13183) to work on /Users/ramesharra/airflow310/lib/python3.10/site-packages/airflow/example_dags/plugins/listener_plugin.py
[2025-12-08T14:37:36.467+0530] {processor.py:829} INFO - Processing file /Users/ramesharra/airflow310/lib/python3.10/site-packages/airflow/example_dags/plugins/listener_plugin.py for tasks to queue
[2025-12-08T14:37:36.469+0530] {logging_mixin.py:154} INFO - [2025-12-08T14:37:36.469+0530] {dagbag.py:536} INFO - Filling up the DagBag from /Users/ramesharra/airflow310/lib/python3.10/site-packages/airflow/example_dags/plugins/listener_plugin.py
[2025-12-08T14:37:36.471+0530] {processor.py:841} WARNING - No viable dags retrieved from /Users/ramesharra/airflow310/lib/python3.10/site-packages/airflow/example_dags/plugins/listener_plugin.py
[2025-12-08T14:37:36.550+0530] {processor.py:179} INFO - Processing /Users/ramesharra/airflow310/lib/python3.10/site-packages/airflow/example_dags/plugins/listener_plugin.py took 0.084 seconds
[2025-12-08T14:38:45.315+0530] {processor.py:157} INFO - Started process (PID=13261) to work on /Users/ramesharra/airflow310/lib/python3.10/site-packages/airflow/example_dags/plugins/listener_plugin.py
[2025-12-08T14:38:45.315+0530] {processor.py:829} INFO - Processing file /Users/ramesharra/airflow310/lib/python3.10/site-packages/airflow/example_dags/plugins/listener_plugin.py for tasks to queue
[2025-12-08T14:38:45.317+0530] {logging_mixin.py:154} INFO - [2025-12-08T14:38:45.317+0530] {dagbag.py:536} INFO - Filling up the DagBag from /Users/ramesharra/airflow310/lib/python3.10/site-packages/airflow/example_dags/plugins/listener_plugin.py
[2025-12-08T14:38:45.319+0530] {processor.py:841} WARNING - No viable dags retrieved from /Users/ramesharra/airflow310/lib/python3.10/site-packages/airflow/example_dags/plugins/listener_plugin.py
[2025-12-08T14:38:45.394+0530] {processor.py:179} INFO - Processing /Users/ramesharra/airflow310/lib/python3.10/site-packages/airflow/example_dags/plugins/listener_plugin.py took 0.080 seconds
[2025-12-08T14:39:52.148+0530] {processor.py:157} INFO - Started process (PID=13337) to work on /Users/ramesharra/airflow310/lib/python3.10/site-packages/airflow/example_dags/plugins/listener_plugin.py
[2025-12-08T14:39:52.149+0530] {processor.py:829} INFO - Processing file /Users/ramesharra/airflow310/lib/python3.10/site-packages/airflow/example_dags/plugins/listener_plugin.py for tasks to queue
[2025-12-08T14:39:52.150+0530] {logging_mixin.py:154} INFO - [2025-12-08T14:39:52.150+0530] {dagbag.py:536} INFO - Filling up the DagBag from /Users/ramesharra/airflow310/lib/python3.10/site-packages/airflow/example_dags/plugins/listener_plugin.py
[2025-12-08T14:39:52.153+0530] {processor.py:841} WARNING - No viable dags retrieved from /Users/ramesharra/airflow310/lib/python3.10/site-packages/airflow/example_dags/plugins/listener_plugin.py
[2025-12-08T14:39:52.232+0530] {processor.py:179} INFO - Processing /Users/ramesharra/airflow310/lib/python3.10/site-packages/airflow/example_dags/plugins/listener_plugin.py took 0.084 seconds
[2025-12-08T14:40:57.696+0530] {processor.py:157} INFO - Started process (PID=13419) to work on /Users/ramesharra/airflow310/lib/python3.10/site-packages/airflow/example_dags/plugins/listener_plugin.py
[2025-12-08T14:40:57.697+0530] {processor.py:829} INFO - Processing file /Users/ramesharra/airflow310/lib/python3.10/site-packages/airflow/example_dags/plugins/listener_plugin.py for tasks to queue
[2025-12-08T14:40:57.698+0530] {logging_mixin.py:154} INFO - [2025-12-08T14:40:57.698+0530] {dagbag.py:536} INFO - Filling up the DagBag from /Users/ramesharra/airflow310/lib/python3.10/site-packages/airflow/example_dags/plugins/listener_plugin.py
[2025-12-08T14:40:57.702+0530] {processor.py:841} WARNING - No viable dags retrieved from /Users/ramesharra/airflow310/lib/python3.10/site-packages/airflow/example_dags/plugins/listener_plugin.py
[2025-12-08T14:40:57.816+0530] {processor.py:179} INFO - Processing /Users/ramesharra/airflow310/lib/python3.10/site-packages/airflow/example_dags/plugins/listener_plugin.py took 0.120 seconds
[2025-12-08T14:42:04.952+0530] {processor.py:157} INFO - Started process (PID=13511) to work on /Users/ramesharra/airflow310/lib/python3.10/site-packages/airflow/example_dags/plugins/listener_plugin.py
[2025-12-08T14:42:04.953+0530] {processor.py:829} INFO - Processing file /Users/ramesharra/airflow310/lib/python3.10/site-packages/airflow/example_dags/plugins/listener_plugin.py for tasks to queue
[2025-12-08T14:42:04.955+0530] {logging_mixin.py:154} INFO - [2025-12-08T14:42:04.955+0530] {dagbag.py:536} INFO - Filling up the DagBag from /Users/ramesharra/airflow310/lib/python3.10/site-packages/airflow/example_dags/plugins/listener_plugin.py
[2025-12-08T14:42:04.957+0530] {processor.py:841} WARNING - No viable dags retrieved from /Users/ramesharra/airflow310/lib/python3.10/site-packages/airflow/example_dags/plugins/listener_plugin.py
[2025-12-08T14:42:05.036+0530] {processor.py:179} INFO - Processing /Users/ramesharra/airflow310/lib/python3.10/site-packages/airflow/example_dags/plugins/listener_plugin.py took 0.084 seconds
[2025-12-08T14:43:10.341+0530] {processor.py:157} INFO - Started process (PID=13577) to work on /Users/ramesharra/airflow310/lib/python3.10/site-packages/airflow/example_dags/plugins/listener_plugin.py
[2025-12-08T14:43:10.343+0530] {processor.py:829} INFO - Processing file /Users/ramesharra/airflow310/lib/python3.10/site-packages/airflow/example_dags/plugins/listener_plugin.py for tasks to queue
[2025-12-08T14:43:10.346+0530] {logging_mixin.py:154} INFO - [2025-12-08T14:43:10.345+0530] {dagbag.py:536} INFO - Filling up the DagBag from /Users/ramesharra/airflow310/lib/python3.10/site-packages/airflow/example_dags/plugins/listener_plugin.py
[2025-12-08T14:43:10.349+0530] {processor.py:841} WARNING - No viable dags retrieved from /Users/ramesharra/airflow310/lib/python3.10/site-packages/airflow/example_dags/plugins/listener_plugin.py
[2025-12-08T14:43:10.431+0530] {processor.py:179} INFO - Processing /Users/ramesharra/airflow310/lib/python3.10/site-packages/airflow/example_dags/plugins/listener_plugin.py took 0.091 seconds
[2025-12-08T14:44:13.217+0530] {processor.py:157} INFO - Started process (PID=13635) to work on /Users/ramesharra/airflow310/lib/python3.10/site-packages/airflow/example_dags/plugins/listener_plugin.py
[2025-12-08T14:44:13.218+0530] {processor.py:829} INFO - Processing file /Users/ramesharra/airflow310/lib/python3.10/site-packages/airflow/example_dags/plugins/listener_plugin.py for tasks to queue
[2025-12-08T14:44:13.219+0530] {logging_mixin.py:154} INFO - [2025-12-08T14:44:13.219+0530] {dagbag.py:536} INFO - Filling up the DagBag from /Users/ramesharra/airflow310/lib/python3.10/site-packages/airflow/example_dags/plugins/listener_plugin.py
[2025-12-08T14:44:13.223+0530] {processor.py:841} WARNING - No viable dags retrieved from /Users/ramesharra/airflow310/lib/python3.10/site-packages/airflow/example_dags/plugins/listener_plugin.py
[2025-12-08T14:44:13.341+0530] {processor.py:179} INFO - Processing /Users/ramesharra/airflow310/lib/python3.10/site-packages/airflow/example_dags/plugins/listener_plugin.py took 0.124 seconds
[2025-12-08T14:45:17.016+0530] {processor.py:157} INFO - Started process (PID=13704) to work on /Users/ramesharra/airflow310/lib/python3.10/site-packages/airflow/example_dags/plugins/listener_plugin.py
[2025-12-08T14:45:17.017+0530] {processor.py:829} INFO - Processing file /Users/ramesharra/airflow310/lib/python3.10/site-packages/airflow/example_dags/plugins/listener_plugin.py for tasks to queue
[2025-12-08T14:45:17.019+0530] {logging_mixin.py:154} INFO - [2025-12-08T14:45:17.018+0530] {dagbag.py:536} INFO - Filling up the DagBag from /Users/ramesharra/airflow310/lib/python3.10/site-packages/airflow/example_dags/plugins/listener_plugin.py
[2025-12-08T14:45:17.021+0530] {processor.py:841} WARNING - No viable dags retrieved from /Users/ramesharra/airflow310/lib/python3.10/site-packages/airflow/example_dags/plugins/listener_plugin.py
[2025-12-08T14:45:17.099+0530] {processor.py:179} INFO - Processing /Users/ramesharra/airflow310/lib/python3.10/site-packages/airflow/example_dags/plugins/listener_plugin.py took 0.083 seconds
[2025-12-08T14:46:21.643+0530] {processor.py:157} INFO - Started process (PID=13782) to work on /Users/ramesharra/airflow310/lib/python3.10/site-packages/airflow/example_dags/plugins/listener_plugin.py
[2025-12-08T14:46:21.644+0530] {processor.py:829} INFO - Processing file /Users/ramesharra/airflow310/lib/python3.10/site-packages/airflow/example_dags/plugins/listener_plugin.py for tasks to queue
[2025-12-08T14:46:21.646+0530] {logging_mixin.py:154} INFO - [2025-12-08T14:46:21.646+0530] {dagbag.py:536} INFO - Filling up the DagBag from /Users/ramesharra/airflow310/lib/python3.10/site-packages/airflow/example_dags/plugins/listener_plugin.py
[2025-12-08T14:46:21.648+0530] {processor.py:841} WARNING - No viable dags retrieved from /Users/ramesharra/airflow310/lib/python3.10/site-packages/airflow/example_dags/plugins/listener_plugin.py
[2025-12-08T14:46:21.727+0530] {processor.py:179} INFO - Processing /Users/ramesharra/airflow310/lib/python3.10/site-packages/airflow/example_dags/plugins/listener_plugin.py took 0.084 seconds
[2025-12-08T14:47:26.797+0530] {processor.py:157} INFO - Started process (PID=13863) to work on /Users/ramesharra/airflow310/lib/python3.10/site-packages/airflow/example_dags/plugins/listener_plugin.py
[2025-12-08T14:47:26.797+0530] {processor.py:829} INFO - Processing file /Users/ramesharra/airflow310/lib/python3.10/site-packages/airflow/example_dags/plugins/listener_plugin.py for tasks to queue
[2025-12-08T14:47:26.799+0530] {logging_mixin.py:154} INFO - [2025-12-08T14:47:26.798+0530] {dagbag.py:536} INFO - Filling up the DagBag from /Users/ramesharra/airflow310/lib/python3.10/site-packages/airflow/example_dags/plugins/listener_plugin.py
[2025-12-08T14:47:26.801+0530] {processor.py:841} WARNING - No viable dags retrieved from /Users/ramesharra/airflow310/lib/python3.10/site-packages/airflow/example_dags/plugins/listener_plugin.py
[2025-12-08T14:47:26.881+0530] {processor.py:179} INFO - Processing /Users/ramesharra/airflow310/lib/python3.10/site-packages/airflow/example_dags/plugins/listener_plugin.py took 0.085 seconds
[2025-12-08T14:48:36.996+0530] {processor.py:157} INFO - Started process (PID=13939) to work on /Users/ramesharra/airflow310/lib/python3.10/site-packages/airflow/example_dags/plugins/listener_plugin.py
[2025-12-08T14:48:36.997+0530] {processor.py:829} INFO - Processing file /Users/ramesharra/airflow310/lib/python3.10/site-packages/airflow/example_dags/plugins/listener_plugin.py for tasks to queue
[2025-12-08T14:48:36.998+0530] {logging_mixin.py:154} INFO - [2025-12-08T14:48:36.998+0530] {dagbag.py:536} INFO - Filling up the DagBag from /Users/ramesharra/airflow310/lib/python3.10/site-packages/airflow/example_dags/plugins/listener_plugin.py
[2025-12-08T14:48:37.000+0530] {processor.py:841} WARNING - No viable dags retrieved from /Users/ramesharra/airflow310/lib/python3.10/site-packages/airflow/example_dags/plugins/listener_plugin.py
[2025-12-08T14:48:37.082+0530] {processor.py:179} INFO - Processing /Users/ramesharra/airflow310/lib/python3.10/site-packages/airflow/example_dags/plugins/listener_plugin.py took 0.087 seconds
[2025-12-08T14:49:40.804+0530] {processor.py:157} INFO - Started process (PID=14014) to work on /Users/ramesharra/airflow310/lib/python3.10/site-packages/airflow/example_dags/plugins/listener_plugin.py
[2025-12-08T14:49:40.806+0530] {processor.py:829} INFO - Processing file /Users/ramesharra/airflow310/lib/python3.10/site-packages/airflow/example_dags/plugins/listener_plugin.py for tasks to queue
[2025-12-08T14:49:40.809+0530] {logging_mixin.py:154} INFO - [2025-12-08T14:49:40.808+0530] {dagbag.py:536} INFO - Filling up the DagBag from /Users/ramesharra/airflow310/lib/python3.10/site-packages/airflow/example_dags/plugins/listener_plugin.py
[2025-12-08T14:49:40.812+0530] {processor.py:841} WARNING - No viable dags retrieved from /Users/ramesharra/airflow310/lib/python3.10/site-packages/airflow/example_dags/plugins/listener_plugin.py
[2025-12-08T14:49:40.921+0530] {processor.py:179} INFO - Processing /Users/ramesharra/airflow310/lib/python3.10/site-packages/airflow/example_dags/plugins/listener_plugin.py took 0.117 seconds
[2025-12-08T14:50:49.070+0530] {processor.py:157} INFO - Started process (PID=14096) to work on /Users/ramesharra/airflow310/lib/python3.10/site-packages/airflow/example_dags/plugins/listener_plugin.py
[2025-12-08T14:50:49.071+0530] {processor.py:829} INFO - Processing file /Users/ramesharra/airflow310/lib/python3.10/site-packages/airflow/example_dags/plugins/listener_plugin.py for tasks to queue
[2025-12-08T14:50:49.073+0530] {logging_mixin.py:154} INFO - [2025-12-08T14:50:49.072+0530] {dagbag.py:536} INFO - Filling up the DagBag from /Users/ramesharra/airflow310/lib/python3.10/site-packages/airflow/example_dags/plugins/listener_plugin.py
[2025-12-08T14:50:49.075+0530] {processor.py:841} WARNING - No viable dags retrieved from /Users/ramesharra/airflow310/lib/python3.10/site-packages/airflow/example_dags/plugins/listener_plugin.py
[2025-12-08T14:50:49.160+0530] {processor.py:179} INFO - Processing /Users/ramesharra/airflow310/lib/python3.10/site-packages/airflow/example_dags/plugins/listener_plugin.py took 0.090 seconds
