[2025-12-08T14:15:02.155+0530] {processor.py:157} INFO - Started process (PID=11530) to work on /Users/ramesharra/airflow310/lib/python3.10/site-packages/airflow/example_dags/plugins/workday.py
[2025-12-08T14:15:02.155+0530] {processor.py:829} INFO - Processing file /Users/ramesharra/airflow310/lib/python3.10/site-packages/airflow/example_dags/plugins/workday.py for tasks to queue
[2025-12-08T14:15:02.156+0530] {logging_mixin.py:154} INFO - [2025-12-08T14:15:02.156+0530] {dagbag.py:536} INFO - Filling up the DagBag from /Users/ramesharra/airflow310/lib/python3.10/site-packages/airflow/example_dags/plugins/workday.py
[2025-12-08T14:15:02.157+0530] {logging_mixin.py:154} INFO - [2025-12-08T14:15:02.157+0530] {workday.py:36} WARNING - Could not import pandas. Holidays will not be considered.
[2025-12-08T14:15:02.157+0530] {processor.py:841} WARNING - No viable dags retrieved from /Users/ramesharra/airflow310/lib/python3.10/site-packages/airflow/example_dags/plugins/workday.py
[2025-12-08T14:15:02.219+0530] {processor.py:179} INFO - Processing /Users/ramesharra/airflow310/lib/python3.10/site-packages/airflow/example_dags/plugins/workday.py took 0.065 seconds
[2025-12-08T14:16:39.434+0530] {processor.py:157} INFO - Started process (PID=11657) to work on /Users/ramesharra/airflow310/lib/python3.10/site-packages/airflow/example_dags/plugins/workday.py
[2025-12-08T14:16:39.435+0530] {processor.py:829} INFO - Processing file /Users/ramesharra/airflow310/lib/python3.10/site-packages/airflow/example_dags/plugins/workday.py for tasks to queue
[2025-12-08T14:16:39.436+0530] {logging_mixin.py:154} INFO - [2025-12-08T14:16:39.436+0530] {dagbag.py:536} INFO - Filling up the DagBag from /Users/ramesharra/airflow310/lib/python3.10/site-packages/airflow/example_dags/plugins/workday.py
[2025-12-08T14:16:39.437+0530] {logging_mixin.py:154} INFO - [2025-12-08T14:16:39.437+0530] {workday.py:36} WARNING - Could not import pandas. Holidays will not be considered.
[2025-12-08T14:16:39.438+0530] {processor.py:841} WARNING - No viable dags retrieved from /Users/ramesharra/airflow310/lib/python3.10/site-packages/airflow/example_dags/plugins/workday.py
[2025-12-08T14:16:39.518+0530] {processor.py:179} INFO - Processing /Users/ramesharra/airflow310/lib/python3.10/site-packages/airflow/example_dags/plugins/workday.py took 0.085 seconds
[2025-12-08T14:17:47.523+0530] {processor.py:157} INFO - Started process (PID=11734) to work on /Users/ramesharra/airflow310/lib/python3.10/site-packages/airflow/example_dags/plugins/workday.py
[2025-12-08T14:17:47.523+0530] {processor.py:829} INFO - Processing file /Users/ramesharra/airflow310/lib/python3.10/site-packages/airflow/example_dags/plugins/workday.py for tasks to queue
[2025-12-08T14:17:47.525+0530] {logging_mixin.py:154} INFO - [2025-12-08T14:17:47.524+0530] {dagbag.py:536} INFO - Filling up the DagBag from /Users/ramesharra/airflow310/lib/python3.10/site-packages/airflow/example_dags/plugins/workday.py
[2025-12-08T14:17:47.526+0530] {logging_mixin.py:154} INFO - [2025-12-08T14:17:47.526+0530] {workday.py:36} WARNING - Could not import pandas. Holidays will not be considered.
[2025-12-08T14:17:47.526+0530] {processor.py:841} WARNING - No viable dags retrieved from /Users/ramesharra/airflow310/lib/python3.10/site-packages/airflow/example_dags/plugins/workday.py
[2025-12-08T14:17:47.610+0530] {processor.py:179} INFO - Processing /Users/ramesharra/airflow310/lib/python3.10/site-packages/airflow/example_dags/plugins/workday.py took 0.088 seconds
[2025-12-08T14:20:01.268+0530] {processor.py:157} INFO - Started process (PID=11822) to work on /Users/ramesharra/airflow310/lib/python3.10/site-packages/airflow/example_dags/plugins/workday.py
[2025-12-08T14:20:01.269+0530] {processor.py:829} INFO - Processing file /Users/ramesharra/airflow310/lib/python3.10/site-packages/airflow/example_dags/plugins/workday.py for tasks to queue
[2025-12-08T14:20:01.270+0530] {logging_mixin.py:154} INFO - [2025-12-08T14:20:01.270+0530] {dagbag.py:536} INFO - Filling up the DagBag from /Users/ramesharra/airflow310/lib/python3.10/site-packages/airflow/example_dags/plugins/workday.py
[2025-12-08T14:20:01.271+0530] {logging_mixin.py:154} INFO - [2025-12-08T14:20:01.271+0530] {workday.py:36} WARNING - Could not import pandas. Holidays will not be considered.
[2025-12-08T14:20:01.271+0530] {processor.py:841} WARNING - No viable dags retrieved from /Users/ramesharra/airflow310/lib/python3.10/site-packages/airflow/example_dags/plugins/workday.py
[2025-12-08T14:20:01.340+0530] {processor.py:179} INFO - Processing /Users/ramesharra/airflow310/lib/python3.10/site-packages/airflow/example_dags/plugins/workday.py took 0.072 seconds
[2025-12-08T14:21:22.540+0530] {processor.py:157} INFO - Started process (PID=11917) to work on /Users/ramesharra/airflow310/lib/python3.10/site-packages/airflow/example_dags/plugins/workday.py
[2025-12-08T14:21:22.542+0530] {processor.py:829} INFO - Processing file /Users/ramesharra/airflow310/lib/python3.10/site-packages/airflow/example_dags/plugins/workday.py for tasks to queue
[2025-12-08T14:21:22.543+0530] {logging_mixin.py:154} INFO - [2025-12-08T14:21:22.543+0530] {dagbag.py:536} INFO - Filling up the DagBag from /Users/ramesharra/airflow310/lib/python3.10/site-packages/airflow/example_dags/plugins/workday.py
[2025-12-08T14:21:22.544+0530] {logging_mixin.py:154} INFO - [2025-12-08T14:21:22.544+0530] {workday.py:36} WARNING - Could not import pandas. Holidays will not be considered.
[2025-12-08T14:21:22.544+0530] {processor.py:841} WARNING - No viable dags retrieved from /Users/ramesharra/airflow310/lib/python3.10/site-packages/airflow/example_dags/plugins/workday.py
[2025-12-08T14:21:22.613+0530] {processor.py:179} INFO - Processing /Users/ramesharra/airflow310/lib/python3.10/site-packages/airflow/example_dags/plugins/workday.py took 0.073 seconds
[2025-12-08T14:22:25.221+0530] {processor.py:157} INFO - Started process (PID=11989) to work on /Users/ramesharra/airflow310/lib/python3.10/site-packages/airflow/example_dags/plugins/workday.py
[2025-12-08T14:22:25.222+0530] {processor.py:829} INFO - Processing file /Users/ramesharra/airflow310/lib/python3.10/site-packages/airflow/example_dags/plugins/workday.py for tasks to queue
[2025-12-08T14:22:25.224+0530] {logging_mixin.py:154} INFO - [2025-12-08T14:22:25.223+0530] {dagbag.py:536} INFO - Filling up the DagBag from /Users/ramesharra/airflow310/lib/python3.10/site-packages/airflow/example_dags/plugins/workday.py
[2025-12-08T14:22:25.225+0530] {logging_mixin.py:154} INFO - [2025-12-08T14:22:25.225+0530] {workday.py:36} WARNING - Could not import pandas. Holidays will not be considered.
[2025-12-08T14:22:25.226+0530] {processor.py:841} WARNING - No viable dags retrieved from /Users/ramesharra/airflow310/lib/python3.10/site-packages/airflow/example_dags/plugins/workday.py
[2025-12-08T14:22:25.310+0530] {processor.py:179} INFO - Processing /Users/ramesharra/airflow310/lib/python3.10/site-packages/airflow/example_dags/plugins/workday.py took 0.090 seconds
[2025-12-08T14:23:30.395+0530] {processor.py:157} INFO - Started process (PID=12224) to work on /Users/ramesharra/airflow310/lib/python3.10/site-packages/airflow/example_dags/plugins/workday.py
[2025-12-08T14:23:30.396+0530] {processor.py:829} INFO - Processing file /Users/ramesharra/airflow310/lib/python3.10/site-packages/airflow/example_dags/plugins/workday.py for tasks to queue
[2025-12-08T14:23:30.397+0530] {logging_mixin.py:154} INFO - [2025-12-08T14:23:30.397+0530] {dagbag.py:536} INFO - Filling up the DagBag from /Users/ramesharra/airflow310/lib/python3.10/site-packages/airflow/example_dags/plugins/workday.py
[2025-12-08T14:23:30.398+0530] {logging_mixin.py:154} INFO - [2025-12-08T14:23:30.398+0530] {workday.py:36} WARNING - Could not import pandas. Holidays will not be considered.
[2025-12-08T14:23:30.399+0530] {processor.py:841} WARNING - No viable dags retrieved from /Users/ramesharra/airflow310/lib/python3.10/site-packages/airflow/example_dags/plugins/workday.py
[2025-12-08T14:23:30.482+0530] {processor.py:179} INFO - Processing /Users/ramesharra/airflow310/lib/python3.10/site-packages/airflow/example_dags/plugins/workday.py took 0.087 seconds
[2025-12-08T14:24:31.092+0530] {processor.py:157} INFO - Started process (PID=12285) to work on /Users/ramesharra/airflow310/lib/python3.10/site-packages/airflow/example_dags/plugins/workday.py
[2025-12-08T14:24:31.093+0530] {processor.py:829} INFO - Processing file /Users/ramesharra/airflow310/lib/python3.10/site-packages/airflow/example_dags/plugins/workday.py for tasks to queue
[2025-12-08T14:24:31.094+0530] {logging_mixin.py:154} INFO - [2025-12-08T14:24:31.094+0530] {dagbag.py:536} INFO - Filling up the DagBag from /Users/ramesharra/airflow310/lib/python3.10/site-packages/airflow/example_dags/plugins/workday.py
[2025-12-08T14:24:31.095+0530] {logging_mixin.py:154} INFO - [2025-12-08T14:24:31.095+0530] {workday.py:36} WARNING - Could not import pandas. Holidays will not be considered.
[2025-12-08T14:24:31.095+0530] {processor.py:841} WARNING - No viable dags retrieved from /Users/ramesharra/airflow310/lib/python3.10/site-packages/airflow/example_dags/plugins/workday.py
[2025-12-08T14:24:31.169+0530] {processor.py:179} INFO - Processing /Users/ramesharra/airflow310/lib/python3.10/site-packages/airflow/example_dags/plugins/workday.py took 0.078 seconds
[2025-12-08T14:25:45.060+0530] {processor.py:157} INFO - Started process (PID=12394) to work on /Users/ramesharra/airflow310/lib/python3.10/site-packages/airflow/example_dags/plugins/workday.py
[2025-12-08T14:25:45.061+0530] {processor.py:829} INFO - Processing file /Users/ramesharra/airflow310/lib/python3.10/site-packages/airflow/example_dags/plugins/workday.py for tasks to queue
[2025-12-08T14:25:45.062+0530] {logging_mixin.py:154} INFO - [2025-12-08T14:25:45.062+0530] {dagbag.py:536} INFO - Filling up the DagBag from /Users/ramesharra/airflow310/lib/python3.10/site-packages/airflow/example_dags/plugins/workday.py
[2025-12-08T14:25:45.064+0530] {logging_mixin.py:154} INFO - [2025-12-08T14:25:45.064+0530] {workday.py:36} WARNING - Could not import pandas. Holidays will not be considered.
[2025-12-08T14:25:45.064+0530] {processor.py:841} WARNING - No viable dags retrieved from /Users/ramesharra/airflow310/lib/python3.10/site-packages/airflow/example_dags/plugins/workday.py
[2025-12-08T14:25:45.209+0530] {processor.py:179} INFO - Processing /Users/ramesharra/airflow310/lib/python3.10/site-packages/airflow/example_dags/plugins/workday.py took 0.151 seconds
[2025-12-08T14:27:21.287+0530] {processor.py:157} INFO - Started process (PID=12505) to work on /Users/ramesharra/airflow310/lib/python3.10/site-packages/airflow/example_dags/plugins/workday.py
[2025-12-08T14:27:21.287+0530] {processor.py:829} INFO - Processing file /Users/ramesharra/airflow310/lib/python3.10/site-packages/airflow/example_dags/plugins/workday.py for tasks to queue
[2025-12-08T14:27:21.288+0530] {logging_mixin.py:154} INFO - [2025-12-08T14:27:21.288+0530] {dagbag.py:536} INFO - Filling up the DagBag from /Users/ramesharra/airflow310/lib/python3.10/site-packages/airflow/example_dags/plugins/workday.py
[2025-12-08T14:27:21.290+0530] {logging_mixin.py:154} INFO - [2025-12-08T14:27:21.289+0530] {workday.py:36} WARNING - Could not import pandas. Holidays will not be considered.
[2025-12-08T14:27:21.290+0530] {processor.py:841} WARNING - No viable dags retrieved from /Users/ramesharra/airflow310/lib/python3.10/site-packages/airflow/example_dags/plugins/workday.py
[2025-12-08T14:27:21.386+0530] {processor.py:179} INFO - Processing /Users/ramesharra/airflow310/lib/python3.10/site-packages/airflow/example_dags/plugins/workday.py took 0.100 seconds
[2025-12-08T14:28:41.163+0530] {processor.py:157} INFO - Started process (PID=12595) to work on /Users/ramesharra/airflow310/lib/python3.10/site-packages/airflow/example_dags/plugins/workday.py
[2025-12-08T14:28:41.163+0530] {processor.py:829} INFO - Processing file /Users/ramesharra/airflow310/lib/python3.10/site-packages/airflow/example_dags/plugins/workday.py for tasks to queue
[2025-12-08T14:28:41.165+0530] {logging_mixin.py:154} INFO - [2025-12-08T14:28:41.165+0530] {dagbag.py:536} INFO - Filling up the DagBag from /Users/ramesharra/airflow310/lib/python3.10/site-packages/airflow/example_dags/plugins/workday.py
[2025-12-08T14:28:41.166+0530] {logging_mixin.py:154} INFO - [2025-12-08T14:28:41.166+0530] {workday.py:36} WARNING - Could not import pandas. Holidays will not be considered.
[2025-12-08T14:28:41.166+0530] {processor.py:841} WARNING - No viable dags retrieved from /Users/ramesharra/airflow310/lib/python3.10/site-packages/airflow/example_dags/plugins/workday.py
[2025-12-08T14:28:41.283+0530] {processor.py:179} INFO - Processing /Users/ramesharra/airflow310/lib/python3.10/site-packages/airflow/example_dags/plugins/workday.py took 0.120 seconds
[2025-12-08T14:30:11.709+0530] {processor.py:157} INFO - Started process (PID=12684) to work on /Users/ramesharra/airflow310/lib/python3.10/site-packages/airflow/example_dags/plugins/workday.py
[2025-12-08T14:30:11.711+0530] {processor.py:829} INFO - Processing file /Users/ramesharra/airflow310/lib/python3.10/site-packages/airflow/example_dags/plugins/workday.py for tasks to queue
[2025-12-08T14:30:11.712+0530] {logging_mixin.py:154} INFO - [2025-12-08T14:30:11.712+0530] {dagbag.py:536} INFO - Filling up the DagBag from /Users/ramesharra/airflow310/lib/python3.10/site-packages/airflow/example_dags/plugins/workday.py
[2025-12-08T14:30:11.713+0530] {logging_mixin.py:154} INFO - [2025-12-08T14:30:11.713+0530] {workday.py:36} WARNING - Could not import pandas. Holidays will not be considered.
[2025-12-08T14:30:11.713+0530] {processor.py:841} WARNING - No viable dags retrieved from /Users/ramesharra/airflow310/lib/python3.10/site-packages/airflow/example_dags/plugins/workday.py
[2025-12-08T14:30:11.786+0530] {processor.py:179} INFO - Processing /Users/ramesharra/airflow310/lib/python3.10/site-packages/airflow/example_dags/plugins/workday.py took 0.077 seconds
[2025-12-08T14:31:13.617+0530] {processor.py:157} INFO - Started process (PID=12750) to work on /Users/ramesharra/airflow310/lib/python3.10/site-packages/airflow/example_dags/plugins/workday.py
[2025-12-08T14:31:13.618+0530] {processor.py:829} INFO - Processing file /Users/ramesharra/airflow310/lib/python3.10/site-packages/airflow/example_dags/plugins/workday.py for tasks to queue
[2025-12-08T14:31:13.620+0530] {logging_mixin.py:154} INFO - [2025-12-08T14:31:13.619+0530] {dagbag.py:536} INFO - Filling up the DagBag from /Users/ramesharra/airflow310/lib/python3.10/site-packages/airflow/example_dags/plugins/workday.py
[2025-12-08T14:31:13.621+0530] {logging_mixin.py:154} INFO - [2025-12-08T14:31:13.621+0530] {workday.py:36} WARNING - Could not import pandas. Holidays will not be considered.
[2025-12-08T14:31:13.621+0530] {processor.py:841} WARNING - No viable dags retrieved from /Users/ramesharra/airflow310/lib/python3.10/site-packages/airflow/example_dags/plugins/workday.py
[2025-12-08T14:31:13.704+0530] {processor.py:179} INFO - Processing /Users/ramesharra/airflow310/lib/python3.10/site-packages/airflow/example_dags/plugins/workday.py took 0.087 seconds
[2025-12-08T14:32:18.658+0530] {processor.py:157} INFO - Started process (PID=12837) to work on /Users/ramesharra/airflow310/lib/python3.10/site-packages/airflow/example_dags/plugins/workday.py
[2025-12-08T14:32:18.659+0530] {processor.py:829} INFO - Processing file /Users/ramesharra/airflow310/lib/python3.10/site-packages/airflow/example_dags/plugins/workday.py for tasks to queue
[2025-12-08T14:32:18.660+0530] {logging_mixin.py:154} INFO - [2025-12-08T14:32:18.660+0530] {dagbag.py:536} INFO - Filling up the DagBag from /Users/ramesharra/airflow310/lib/python3.10/site-packages/airflow/example_dags/plugins/workday.py
[2025-12-08T14:32:18.662+0530] {logging_mixin.py:154} INFO - [2025-12-08T14:32:18.662+0530] {workday.py:36} WARNING - Could not import pandas. Holidays will not be considered.
[2025-12-08T14:32:18.662+0530] {processor.py:841} WARNING - No viable dags retrieved from /Users/ramesharra/airflow310/lib/python3.10/site-packages/airflow/example_dags/plugins/workday.py
[2025-12-08T14:32:18.738+0530] {processor.py:179} INFO - Processing /Users/ramesharra/airflow310/lib/python3.10/site-packages/airflow/example_dags/plugins/workday.py took 0.080 seconds
[2025-12-08T14:33:20.296+0530] {processor.py:157} INFO - Started process (PID=12905) to work on /Users/ramesharra/airflow310/lib/python3.10/site-packages/airflow/example_dags/plugins/workday.py
[2025-12-08T14:33:20.297+0530] {processor.py:829} INFO - Processing file /Users/ramesharra/airflow310/lib/python3.10/site-packages/airflow/example_dags/plugins/workday.py for tasks to queue
[2025-12-08T14:33:20.298+0530] {logging_mixin.py:154} INFO - [2025-12-08T14:33:20.298+0530] {dagbag.py:536} INFO - Filling up the DagBag from /Users/ramesharra/airflow310/lib/python3.10/site-packages/airflow/example_dags/plugins/workday.py
[2025-12-08T14:33:20.299+0530] {logging_mixin.py:154} INFO - [2025-12-08T14:33:20.299+0530] {workday.py:36} WARNING - Could not import pandas. Holidays will not be considered.
[2025-12-08T14:33:20.299+0530] {processor.py:841} WARNING - No viable dags retrieved from /Users/ramesharra/airflow310/lib/python3.10/site-packages/airflow/example_dags/plugins/workday.py
[2025-12-08T14:33:20.374+0530] {processor.py:179} INFO - Processing /Users/ramesharra/airflow310/lib/python3.10/site-packages/airflow/example_dags/plugins/workday.py took 0.078 seconds
[2025-12-08T14:34:20.587+0530] {processor.py:157} INFO - Started process (PID=12977) to work on /Users/ramesharra/airflow310/lib/python3.10/site-packages/airflow/example_dags/plugins/workday.py
[2025-12-08T14:34:20.588+0530] {processor.py:829} INFO - Processing file /Users/ramesharra/airflow310/lib/python3.10/site-packages/airflow/example_dags/plugins/workday.py for tasks to queue
[2025-12-08T14:34:20.590+0530] {logging_mixin.py:154} INFO - [2025-12-08T14:34:20.590+0530] {dagbag.py:536} INFO - Filling up the DagBag from /Users/ramesharra/airflow310/lib/python3.10/site-packages/airflow/example_dags/plugins/workday.py
[2025-12-08T14:34:20.591+0530] {logging_mixin.py:154} INFO - [2025-12-08T14:34:20.591+0530] {workday.py:36} WARNING - Could not import pandas. Holidays will not be considered.
[2025-12-08T14:34:20.591+0530] {processor.py:841} WARNING - No viable dags retrieved from /Users/ramesharra/airflow310/lib/python3.10/site-packages/airflow/example_dags/plugins/workday.py
[2025-12-08T14:34:20.664+0530] {processor.py:179} INFO - Processing /Users/ramesharra/airflow310/lib/python3.10/site-packages/airflow/example_dags/plugins/workday.py took 0.078 seconds
[2025-12-08T14:35:23.331+0530] {processor.py:157} INFO - Started process (PID=13047) to work on /Users/ramesharra/airflow310/lib/python3.10/site-packages/airflow/example_dags/plugins/workday.py
[2025-12-08T14:35:23.332+0530] {processor.py:829} INFO - Processing file /Users/ramesharra/airflow310/lib/python3.10/site-packages/airflow/example_dags/plugins/workday.py for tasks to queue
[2025-12-08T14:35:23.333+0530] {logging_mixin.py:154} INFO - [2025-12-08T14:35:23.333+0530] {dagbag.py:536} INFO - Filling up the DagBag from /Users/ramesharra/airflow310/lib/python3.10/site-packages/airflow/example_dags/plugins/workday.py
[2025-12-08T14:35:23.334+0530] {logging_mixin.py:154} INFO - [2025-12-08T14:35:23.334+0530] {workday.py:36} WARNING - Could not import pandas. Holidays will not be considered.
[2025-12-08T14:35:23.334+0530] {processor.py:841} WARNING - No viable dags retrieved from /Users/ramesharra/airflow310/lib/python3.10/site-packages/airflow/example_dags/plugins/workday.py
[2025-12-08T14:35:23.413+0530] {processor.py:179} INFO - Processing /Users/ramesharra/airflow310/lib/python3.10/site-packages/airflow/example_dags/plugins/workday.py took 0.083 seconds
[2025-12-08T14:36:30.509+0530] {processor.py:157} INFO - Started process (PID=13106) to work on /Users/ramesharra/airflow310/lib/python3.10/site-packages/airflow/example_dags/plugins/workday.py
[2025-12-08T14:36:30.510+0530] {processor.py:829} INFO - Processing file /Users/ramesharra/airflow310/lib/python3.10/site-packages/airflow/example_dags/plugins/workday.py for tasks to queue
[2025-12-08T14:36:30.512+0530] {logging_mixin.py:154} INFO - [2025-12-08T14:36:30.512+0530] {dagbag.py:536} INFO - Filling up the DagBag from /Users/ramesharra/airflow310/lib/python3.10/site-packages/airflow/example_dags/plugins/workday.py
[2025-12-08T14:36:30.514+0530] {logging_mixin.py:154} INFO - [2025-12-08T14:36:30.514+0530] {workday.py:36} WARNING - Could not import pandas. Holidays will not be considered.
[2025-12-08T14:36:30.514+0530] {processor.py:841} WARNING - No viable dags retrieved from /Users/ramesharra/airflow310/lib/python3.10/site-packages/airflow/example_dags/plugins/workday.py
[2025-12-08T14:36:30.592+0530] {processor.py:179} INFO - Processing /Users/ramesharra/airflow310/lib/python3.10/site-packages/airflow/example_dags/plugins/workday.py took 0.083 seconds
[2025-12-08T14:37:34.434+0530] {processor.py:157} INFO - Started process (PID=13182) to work on /Users/ramesharra/airflow310/lib/python3.10/site-packages/airflow/example_dags/plugins/workday.py
[2025-12-08T14:37:34.434+0530] {processor.py:829} INFO - Processing file /Users/ramesharra/airflow310/lib/python3.10/site-packages/airflow/example_dags/plugins/workday.py for tasks to queue
[2025-12-08T14:37:34.436+0530] {logging_mixin.py:154} INFO - [2025-12-08T14:37:34.436+0530] {dagbag.py:536} INFO - Filling up the DagBag from /Users/ramesharra/airflow310/lib/python3.10/site-packages/airflow/example_dags/plugins/workday.py
[2025-12-08T14:37:34.438+0530] {logging_mixin.py:154} INFO - [2025-12-08T14:37:34.437+0530] {workday.py:36} WARNING - Could not import pandas. Holidays will not be considered.
[2025-12-08T14:37:34.438+0530] {processor.py:841} WARNING - No viable dags retrieved from /Users/ramesharra/airflow310/lib/python3.10/site-packages/airflow/example_dags/plugins/workday.py
[2025-12-08T14:37:34.516+0530] {processor.py:179} INFO - Processing /Users/ramesharra/airflow310/lib/python3.10/site-packages/airflow/example_dags/plugins/workday.py took 0.082 seconds
[2025-12-08T14:38:43.313+0530] {processor.py:157} INFO - Started process (PID=13257) to work on /Users/ramesharra/airflow310/lib/python3.10/site-packages/airflow/example_dags/plugins/workday.py
[2025-12-08T14:38:43.314+0530] {processor.py:829} INFO - Processing file /Users/ramesharra/airflow310/lib/python3.10/site-packages/airflow/example_dags/plugins/workday.py for tasks to queue
[2025-12-08T14:38:43.316+0530] {logging_mixin.py:154} INFO - [2025-12-08T14:38:43.316+0530] {dagbag.py:536} INFO - Filling up the DagBag from /Users/ramesharra/airflow310/lib/python3.10/site-packages/airflow/example_dags/plugins/workday.py
[2025-12-08T14:38:43.317+0530] {logging_mixin.py:154} INFO - [2025-12-08T14:38:43.317+0530] {workday.py:36} WARNING - Could not import pandas. Holidays will not be considered.
[2025-12-08T14:38:43.317+0530] {processor.py:841} WARNING - No viable dags retrieved from /Users/ramesharra/airflow310/lib/python3.10/site-packages/airflow/example_dags/plugins/workday.py
[2025-12-08T14:38:43.392+0530] {processor.py:179} INFO - Processing /Users/ramesharra/airflow310/lib/python3.10/site-packages/airflow/example_dags/plugins/workday.py took 0.079 seconds
[2025-12-08T14:39:50.075+0530] {processor.py:157} INFO - Started process (PID=13336) to work on /Users/ramesharra/airflow310/lib/python3.10/site-packages/airflow/example_dags/plugins/workday.py
[2025-12-08T14:39:50.077+0530] {processor.py:829} INFO - Processing file /Users/ramesharra/airflow310/lib/python3.10/site-packages/airflow/example_dags/plugins/workday.py for tasks to queue
[2025-12-08T14:39:50.078+0530] {logging_mixin.py:154} INFO - [2025-12-08T14:39:50.078+0530] {dagbag.py:536} INFO - Filling up the DagBag from /Users/ramesharra/airflow310/lib/python3.10/site-packages/airflow/example_dags/plugins/workday.py
[2025-12-08T14:39:50.079+0530] {logging_mixin.py:154} INFO - [2025-12-08T14:39:50.079+0530] {workday.py:36} WARNING - Could not import pandas. Holidays will not be considered.
[2025-12-08T14:39:50.080+0530] {processor.py:841} WARNING - No viable dags retrieved from /Users/ramesharra/airflow310/lib/python3.10/site-packages/airflow/example_dags/plugins/workday.py
[2025-12-08T14:39:50.156+0530] {processor.py:179} INFO - Processing /Users/ramesharra/airflow310/lib/python3.10/site-packages/airflow/example_dags/plugins/workday.py took 0.081 seconds
[2025-12-08T14:40:55.524+0530] {processor.py:157} INFO - Started process (PID=13418) to work on /Users/ramesharra/airflow310/lib/python3.10/site-packages/airflow/example_dags/plugins/workday.py
[2025-12-08T14:40:55.525+0530] {processor.py:829} INFO - Processing file /Users/ramesharra/airflow310/lib/python3.10/site-packages/airflow/example_dags/plugins/workday.py for tasks to queue
[2025-12-08T14:40:55.526+0530] {logging_mixin.py:154} INFO - [2025-12-08T14:40:55.526+0530] {dagbag.py:536} INFO - Filling up the DagBag from /Users/ramesharra/airflow310/lib/python3.10/site-packages/airflow/example_dags/plugins/workday.py
[2025-12-08T14:40:55.527+0530] {logging_mixin.py:154} INFO - [2025-12-08T14:40:55.527+0530] {workday.py:36} WARNING - Could not import pandas. Holidays will not be considered.
[2025-12-08T14:40:55.527+0530] {processor.py:841} WARNING - No viable dags retrieved from /Users/ramesharra/airflow310/lib/python3.10/site-packages/airflow/example_dags/plugins/workday.py
[2025-12-08T14:40:55.617+0530] {processor.py:179} INFO - Processing /Users/ramesharra/airflow310/lib/python3.10/site-packages/airflow/example_dags/plugins/workday.py took 0.094 seconds
[2025-12-08T14:42:02.933+0530] {processor.py:157} INFO - Started process (PID=13505) to work on /Users/ramesharra/airflow310/lib/python3.10/site-packages/airflow/example_dags/plugins/workday.py
[2025-12-08T14:42:02.934+0530] {processor.py:829} INFO - Processing file /Users/ramesharra/airflow310/lib/python3.10/site-packages/airflow/example_dags/plugins/workday.py for tasks to queue
[2025-12-08T14:42:02.935+0530] {logging_mixin.py:154} INFO - [2025-12-08T14:42:02.935+0530] {dagbag.py:536} INFO - Filling up the DagBag from /Users/ramesharra/airflow310/lib/python3.10/site-packages/airflow/example_dags/plugins/workday.py
[2025-12-08T14:42:02.936+0530] {logging_mixin.py:154} INFO - [2025-12-08T14:42:02.936+0530] {workday.py:36} WARNING - Could not import pandas. Holidays will not be considered.
[2025-12-08T14:42:02.937+0530] {processor.py:841} WARNING - No viable dags retrieved from /Users/ramesharra/airflow310/lib/python3.10/site-packages/airflow/example_dags/plugins/workday.py
[2025-12-08T14:42:03.014+0530] {processor.py:179} INFO - Processing /Users/ramesharra/airflow310/lib/python3.10/site-packages/airflow/example_dags/plugins/workday.py took 0.082 seconds
[2025-12-08T14:43:08.364+0530] {processor.py:157} INFO - Started process (PID=13576) to work on /Users/ramesharra/airflow310/lib/python3.10/site-packages/airflow/example_dags/plugins/workday.py
[2025-12-08T14:43:08.364+0530] {processor.py:829} INFO - Processing file /Users/ramesharra/airflow310/lib/python3.10/site-packages/airflow/example_dags/plugins/workday.py for tasks to queue
[2025-12-08T14:43:08.366+0530] {logging_mixin.py:154} INFO - [2025-12-08T14:43:08.366+0530] {dagbag.py:536} INFO - Filling up the DagBag from /Users/ramesharra/airflow310/lib/python3.10/site-packages/airflow/example_dags/plugins/workday.py
[2025-12-08T14:43:08.367+0530] {logging_mixin.py:154} INFO - [2025-12-08T14:43:08.367+0530] {workday.py:36} WARNING - Could not import pandas. Holidays will not be considered.
[2025-12-08T14:43:08.367+0530] {processor.py:841} WARNING - No viable dags retrieved from /Users/ramesharra/airflow310/lib/python3.10/site-packages/airflow/example_dags/plugins/workday.py
[2025-12-08T14:43:08.447+0530] {processor.py:179} INFO - Processing /Users/ramesharra/airflow310/lib/python3.10/site-packages/airflow/example_dags/plugins/workday.py took 0.083 seconds
[2025-12-08T14:44:10.243+0530] {processor.py:157} INFO - Started process (PID=13632) to work on /Users/ramesharra/airflow310/lib/python3.10/site-packages/airflow/example_dags/plugins/workday.py
[2025-12-08T14:44:10.244+0530] {processor.py:829} INFO - Processing file /Users/ramesharra/airflow310/lib/python3.10/site-packages/airflow/example_dags/plugins/workday.py for tasks to queue
[2025-12-08T14:44:10.246+0530] {logging_mixin.py:154} INFO - [2025-12-08T14:44:10.246+0530] {dagbag.py:536} INFO - Filling up the DagBag from /Users/ramesharra/airflow310/lib/python3.10/site-packages/airflow/example_dags/plugins/workday.py
[2025-12-08T14:44:10.248+0530] {logging_mixin.py:154} INFO - [2025-12-08T14:44:10.248+0530] {workday.py:36} WARNING - Could not import pandas. Holidays will not be considered.
[2025-12-08T14:44:10.248+0530] {processor.py:841} WARNING - No viable dags retrieved from /Users/ramesharra/airflow310/lib/python3.10/site-packages/airflow/example_dags/plugins/workday.py
[2025-12-08T14:44:10.351+0530] {processor.py:179} INFO - Processing /Users/ramesharra/airflow310/lib/python3.10/site-packages/airflow/example_dags/plugins/workday.py took 0.108 seconds
[2025-12-08T14:45:15.069+0530] {processor.py:157} INFO - Started process (PID=13702) to work on /Users/ramesharra/airflow310/lib/python3.10/site-packages/airflow/example_dags/plugins/workday.py
[2025-12-08T14:45:15.070+0530] {processor.py:829} INFO - Processing file /Users/ramesharra/airflow310/lib/python3.10/site-packages/airflow/example_dags/plugins/workday.py for tasks to queue
[2025-12-08T14:45:15.071+0530] {logging_mixin.py:154} INFO - [2025-12-08T14:45:15.071+0530] {dagbag.py:536} INFO - Filling up the DagBag from /Users/ramesharra/airflow310/lib/python3.10/site-packages/airflow/example_dags/plugins/workday.py
[2025-12-08T14:45:15.072+0530] {logging_mixin.py:154} INFO - [2025-12-08T14:45:15.072+0530] {workday.py:36} WARNING - Could not import pandas. Holidays will not be considered.
[2025-12-08T14:45:15.072+0530] {processor.py:841} WARNING - No viable dags retrieved from /Users/ramesharra/airflow310/lib/python3.10/site-packages/airflow/example_dags/plugins/workday.py
[2025-12-08T14:45:15.152+0530] {processor.py:179} INFO - Processing /Users/ramesharra/airflow310/lib/python3.10/site-packages/airflow/example_dags/plugins/workday.py took 0.084 seconds
[2025-12-08T14:46:19.724+0530] {processor.py:157} INFO - Started process (PID=13778) to work on /Users/ramesharra/airflow310/lib/python3.10/site-packages/airflow/example_dags/plugins/workday.py
[2025-12-08T14:46:19.725+0530] {processor.py:829} INFO - Processing file /Users/ramesharra/airflow310/lib/python3.10/site-packages/airflow/example_dags/plugins/workday.py for tasks to queue
[2025-12-08T14:46:19.726+0530] {logging_mixin.py:154} INFO - [2025-12-08T14:46:19.726+0530] {dagbag.py:536} INFO - Filling up the DagBag from /Users/ramesharra/airflow310/lib/python3.10/site-packages/airflow/example_dags/plugins/workday.py
[2025-12-08T14:46:19.728+0530] {logging_mixin.py:154} INFO - [2025-12-08T14:46:19.728+0530] {workday.py:36} WARNING - Could not import pandas. Holidays will not be considered.
[2025-12-08T14:46:19.728+0530] {processor.py:841} WARNING - No viable dags retrieved from /Users/ramesharra/airflow310/lib/python3.10/site-packages/airflow/example_dags/plugins/workday.py
[2025-12-08T14:46:19.804+0530] {processor.py:179} INFO - Processing /Users/ramesharra/airflow310/lib/python3.10/site-packages/airflow/example_dags/plugins/workday.py took 0.080 seconds
[2025-12-08T14:47:25.413+0530] {processor.py:157} INFO - Started process (PID=13862) to work on /Users/ramesharra/airflow310/lib/python3.10/site-packages/airflow/example_dags/plugins/workday.py
[2025-12-08T14:47:25.414+0530] {processor.py:829} INFO - Processing file /Users/ramesharra/airflow310/lib/python3.10/site-packages/airflow/example_dags/plugins/workday.py for tasks to queue
[2025-12-08T14:47:25.415+0530] {logging_mixin.py:154} INFO - [2025-12-08T14:47:25.415+0530] {dagbag.py:536} INFO - Filling up the DagBag from /Users/ramesharra/airflow310/lib/python3.10/site-packages/airflow/example_dags/plugins/workday.py
[2025-12-08T14:47:25.416+0530] {logging_mixin.py:154} INFO - [2025-12-08T14:47:25.416+0530] {workday.py:36} WARNING - Could not import pandas. Holidays will not be considered.
[2025-12-08T14:47:25.417+0530] {processor.py:841} WARNING - No viable dags retrieved from /Users/ramesharra/airflow310/lib/python3.10/site-packages/airflow/example_dags/plugins/workday.py
[2025-12-08T14:47:25.498+0530] {processor.py:179} INFO - Processing /Users/ramesharra/airflow310/lib/python3.10/site-packages/airflow/example_dags/plugins/workday.py took 0.086 seconds
[2025-12-08T14:48:34.978+0530] {processor.py:157} INFO - Started process (PID=13938) to work on /Users/ramesharra/airflow310/lib/python3.10/site-packages/airflow/example_dags/plugins/workday.py
[2025-12-08T14:48:34.979+0530] {processor.py:829} INFO - Processing file /Users/ramesharra/airflow310/lib/python3.10/site-packages/airflow/example_dags/plugins/workday.py for tasks to queue
[2025-12-08T14:48:34.981+0530] {logging_mixin.py:154} INFO - [2025-12-08T14:48:34.981+0530] {dagbag.py:536} INFO - Filling up the DagBag from /Users/ramesharra/airflow310/lib/python3.10/site-packages/airflow/example_dags/plugins/workday.py
[2025-12-08T14:48:34.982+0530] {logging_mixin.py:154} INFO - [2025-12-08T14:48:34.982+0530] {workday.py:36} WARNING - Could not import pandas. Holidays will not be considered.
[2025-12-08T14:48:34.982+0530] {processor.py:841} WARNING - No viable dags retrieved from /Users/ramesharra/airflow310/lib/python3.10/site-packages/airflow/example_dags/plugins/workday.py
[2025-12-08T14:48:35.063+0530] {processor.py:179} INFO - Processing /Users/ramesharra/airflow310/lib/python3.10/site-packages/airflow/example_dags/plugins/workday.py took 0.086 seconds
[2025-12-08T14:49:38.674+0530] {processor.py:157} INFO - Started process (PID=14013) to work on /Users/ramesharra/airflow310/lib/python3.10/site-packages/airflow/example_dags/plugins/workday.py
[2025-12-08T14:49:38.675+0530] {processor.py:829} INFO - Processing file /Users/ramesharra/airflow310/lib/python3.10/site-packages/airflow/example_dags/plugins/workday.py for tasks to queue
[2025-12-08T14:49:38.677+0530] {logging_mixin.py:154} INFO - [2025-12-08T14:49:38.677+0530] {dagbag.py:536} INFO - Filling up the DagBag from /Users/ramesharra/airflow310/lib/python3.10/site-packages/airflow/example_dags/plugins/workday.py
[2025-12-08T14:49:38.678+0530] {logging_mixin.py:154} INFO - [2025-12-08T14:49:38.678+0530] {workday.py:36} WARNING - Could not import pandas. Holidays will not be considered.
[2025-12-08T14:49:38.679+0530] {processor.py:841} WARNING - No viable dags retrieved from /Users/ramesharra/airflow310/lib/python3.10/site-packages/airflow/example_dags/plugins/workday.py
[2025-12-08T14:49:38.759+0530] {processor.py:179} INFO - Processing /Users/ramesharra/airflow310/lib/python3.10/site-packages/airflow/example_dags/plugins/workday.py took 0.085 seconds
[2025-12-08T14:50:46.990+0530] {processor.py:157} INFO - Started process (PID=14092) to work on /Users/ramesharra/airflow310/lib/python3.10/site-packages/airflow/example_dags/plugins/workday.py
[2025-12-08T14:50:46.991+0530] {processor.py:829} INFO - Processing file /Users/ramesharra/airflow310/lib/python3.10/site-packages/airflow/example_dags/plugins/workday.py for tasks to queue
[2025-12-08T14:50:46.993+0530] {logging_mixin.py:154} INFO - [2025-12-08T14:50:46.993+0530] {dagbag.py:536} INFO - Filling up the DagBag from /Users/ramesharra/airflow310/lib/python3.10/site-packages/airflow/example_dags/plugins/workday.py
[2025-12-08T14:50:46.994+0530] {logging_mixin.py:154} INFO - [2025-12-08T14:50:46.994+0530] {workday.py:36} WARNING - Could not import pandas. Holidays will not be considered.
[2025-12-08T14:50:46.994+0530] {processor.py:841} WARNING - No viable dags retrieved from /Users/ramesharra/airflow310/lib/python3.10/site-packages/airflow/example_dags/plugins/workday.py
[2025-12-08T14:50:47.085+0530] {processor.py:179} INFO - Processing /Users/ramesharra/airflow310/lib/python3.10/site-packages/airflow/example_dags/plugins/workday.py took 0.095 seconds
