[2025-12-08T15:27:05.708+0530] {taskinstance.py:1159} INFO - Dependencies all met for dep_context=non-requeueable deps ti=<TaskInstance: shopverse_daily_pipeline.wait_products_file scheduled__2025-01-02T01:00:00+00:00 [queued]>
[2025-12-08T15:27:05.712+0530] {taskinstance.py:1159} INFO - Dependencies all met for dep_context=requeueable deps ti=<TaskInstance: shopverse_daily_pipeline.wait_products_file scheduled__2025-01-02T01:00:00+00:00 [queued]>
[2025-12-08T15:27:05.712+0530] {taskinstance.py:1361} INFO - Starting attempt 2 of 2
[2025-12-08T15:27:05.718+0530] {taskinstance.py:1382} INFO - Executing <Task(FileSensor): wait_products_file> on 2025-01-02 01:00:00+00:00
[2025-12-08T15:27:05.722+0530] {standard_task_runner.py:57} INFO - Started process 15500 to run task
[2025-12-08T15:27:05.729+0530] {standard_task_runner.py:84} INFO - Running: ['airflow', 'tasks', 'run', 'shopverse_daily_pipeline', 'wait_products_file', 'scheduled__2025-01-02T01:00:00+00:00', '--job-id', '22', '--raw', '--subdir', 'DAGS_FOLDER/shopverse_daily_pipeline.py', '--cfg-path', '/var/folders/0m/k_9_7kw56svf7_nstcht_jzw0000gn/T/tmpyu6xdazc']
[2025-12-08T15:27:05.731+0530] {standard_task_runner.py:85} INFO - Job 22: Subtask wait_products_file
[2025-12-08T15:27:05.765+0530] {task_command.py:416} INFO - Running <TaskInstance: shopverse_daily_pipeline.wait_products_file scheduled__2025-01-02T01:00:00+00:00 [running]> on host pranavis-macbook-air.local
[2025-12-08T15:27:05.801+0530] {taskinstance.py:1662} INFO - Exporting env vars: AIRFLOW_CTX_DAG_EMAIL='alert@example.com' AIRFLOW_CTX_DAG_OWNER='shopverse_de' AIRFLOW_CTX_DAG_ID='shopverse_daily_pipeline' AIRFLOW_CTX_TASK_ID='wait_products_file' AIRFLOW_CTX_EXECUTION_DATE='2025-01-02T01:00:00+00:00' AIRFLOW_CTX_TRY_NUMBER='2' AIRFLOW_CTX_DAG_RUN_ID='scheduled__2025-01-02T01:00:00+00:00'
[2025-12-08T15:27:05.805+0530] {base.py:73} INFO - Using connection ID 'fs_default' for task execution.
[2025-12-08T15:27:05.806+0530] {filesystem.py:64} INFO - Poking for file /Users/ramesharra/airflow/data/shopverse/landing/products/products_20250102.csv
[2025-12-08T15:27:15.827+0530] {base.py:73} INFO - Using connection ID 'fs_default' for task execution.
[2025-12-08T15:27:15.828+0530] {filesystem.py:64} INFO - Poking for file /Users/ramesharra/airflow/data/shopverse/landing/products/products_20250102.csv
[2025-12-08T15:27:25.840+0530] {base.py:73} INFO - Using connection ID 'fs_default' for task execution.
[2025-12-08T15:27:25.842+0530] {filesystem.py:64} INFO - Poking for file /Users/ramesharra/airflow/data/shopverse/landing/products/products_20250102.csv
[2025-12-08T15:27:35.857+0530] {base.py:73} INFO - Using connection ID 'fs_default' for task execution.
[2025-12-08T15:27:35.863+0530] {filesystem.py:64} INFO - Poking for file /Users/ramesharra/airflow/data/shopverse/landing/products/products_20250102.csv
[2025-12-08T15:27:45.887+0530] {base.py:73} INFO - Using connection ID 'fs_default' for task execution.
[2025-12-08T15:27:45.890+0530] {filesystem.py:64} INFO - Poking for file /Users/ramesharra/airflow/data/shopverse/landing/products/products_20250102.csv
[2025-12-08T15:27:55.915+0530] {base.py:73} INFO - Using connection ID 'fs_default' for task execution.
[2025-12-08T15:27:55.917+0530] {filesystem.py:64} INFO - Poking for file /Users/ramesharra/airflow/data/shopverse/landing/products/products_20250102.csv
[2025-12-08T15:28:05.939+0530] {base.py:73} INFO - Using connection ID 'fs_default' for task execution.
[2025-12-08T15:28:05.941+0530] {filesystem.py:64} INFO - Poking for file /Users/ramesharra/airflow/data/shopverse/landing/products/products_20250102.csv
[2025-12-08T15:28:15.959+0530] {base.py:73} INFO - Using connection ID 'fs_default' for task execution.
[2025-12-08T15:28:15.961+0530] {filesystem.py:64} INFO - Poking for file /Users/ramesharra/airflow/data/shopverse/landing/products/products_20250102.csv
[2025-12-08T15:28:25.984+0530] {base.py:73} INFO - Using connection ID 'fs_default' for task execution.
[2025-12-08T15:28:25.987+0530] {filesystem.py:64} INFO - Poking for file /Users/ramesharra/airflow/data/shopverse/landing/products/products_20250102.csv
[2025-12-08T15:28:36.005+0530] {base.py:73} INFO - Using connection ID 'fs_default' for task execution.
[2025-12-08T15:28:36.008+0530] {filesystem.py:64} INFO - Poking for file /Users/ramesharra/airflow/data/shopverse/landing/products/products_20250102.csv
[2025-12-08T15:28:46.025+0530] {base.py:73} INFO - Using connection ID 'fs_default' for task execution.
[2025-12-08T15:28:46.027+0530] {filesystem.py:64} INFO - Poking for file /Users/ramesharra/airflow/data/shopverse/landing/products/products_20250102.csv
[2025-12-08T15:28:56.044+0530] {base.py:73} INFO - Using connection ID 'fs_default' for task execution.
[2025-12-08T15:28:56.045+0530] {filesystem.py:64} INFO - Poking for file /Users/ramesharra/airflow/data/shopverse/landing/products/products_20250102.csv
[2025-12-08T15:29:06.073+0530] {base.py:73} INFO - Using connection ID 'fs_default' for task execution.
[2025-12-08T15:29:06.077+0530] {filesystem.py:64} INFO - Poking for file /Users/ramesharra/airflow/data/shopverse/landing/products/products_20250102.csv
[2025-12-08T15:29:16.098+0530] {base.py:73} INFO - Using connection ID 'fs_default' for task execution.
[2025-12-08T15:29:16.100+0530] {filesystem.py:64} INFO - Poking for file /Users/ramesharra/airflow/data/shopverse/landing/products/products_20250102.csv
[2025-12-08T15:29:16.983+0530] {taskinstance.py:1149} INFO - Dependencies not met for <TaskInstance: shopverse_daily_pipeline.wait_products_file scheduled__2025-01-02T01:00:00+00:00 [running]>, dependency 'Task Instance State' FAILED: Task is in the 'running' state.
[2025-12-08T15:29:16.983+0530] {taskinstance.py:1149} INFO - Dependencies not met for <TaskInstance: shopverse_daily_pipeline.wait_products_file scheduled__2025-01-02T01:00:00+00:00 [running]>, dependency 'Task Instance Not Running' FAILED: Task is in the running state
[2025-12-08T15:29:16.986+0530] {local_task_job_runner.py:154} INFO - Task is not able to be run
[2025-12-08T15:29:26.120+0530] {base.py:73} INFO - Using connection ID 'fs_default' for task execution.
[2025-12-08T15:29:26.121+0530] {filesystem.py:64} INFO - Poking for file /Users/ramesharra/airflow/data/shopverse/landing/products/products_20250102.csv
[2025-12-08T15:29:36.159+0530] {base.py:73} INFO - Using connection ID 'fs_default' for task execution.
[2025-12-08T15:29:36.162+0530] {filesystem.py:64} INFO - Poking for file /Users/ramesharra/airflow/data/shopverse/landing/products/products_20250102.csv
[2025-12-08T15:29:46.183+0530] {base.py:73} INFO - Using connection ID 'fs_default' for task execution.
[2025-12-08T15:29:46.186+0530] {filesystem.py:64} INFO - Poking for file /Users/ramesharra/airflow/data/shopverse/landing/products/products_20250102.csv
[2025-12-08T15:29:54.991+0530] {taskinstance.py:1632} ERROR - Received SIGTERM. Terminating subprocesses.
