[2025-12-08T15:41:39.837+0530] {taskinstance.py:1159} INFO - Dependencies all met for dep_context=non-requeueable deps ti=<TaskInstance: shopverse_daily_pipeline.wait_products_file scheduled__2025-01-03T01:00:00+00:00 [queued]>
[2025-12-08T15:41:39.840+0530] {taskinstance.py:1159} INFO - Dependencies all met for dep_context=requeueable deps ti=<TaskInstance: shopverse_daily_pipeline.wait_products_file scheduled__2025-01-03T01:00:00+00:00 [queued]>
[2025-12-08T15:41:39.840+0530] {taskinstance.py:1361} INFO - Starting attempt 1 of 2
[2025-12-08T15:41:39.846+0530] {taskinstance.py:1382} INFO - Executing <Task(FileSensor): wait_products_file> on 2025-01-03 01:00:00+00:00
[2025-12-08T15:41:39.851+0530] {standard_task_runner.py:57} INFO - Started process 16105 to run task
[2025-12-08T15:41:39.855+0530] {standard_task_runner.py:84} INFO - Running: ['airflow', 'tasks', 'run', 'shopverse_daily_pipeline', 'wait_products_file', 'scheduled__2025-01-03T01:00:00+00:00', '--job-id', '29', '--raw', '--subdir', 'DAGS_FOLDER/shopverse_daily_pipeline.py', '--cfg-path', '/var/folders/0m/k_9_7kw56svf7_nstcht_jzw0000gn/T/tmp6uwxlsa_']
[2025-12-08T15:41:39.856+0530] {standard_task_runner.py:85} INFO - Job 29: Subtask wait_products_file
[2025-12-08T15:41:39.874+0530] {task_command.py:416} INFO - Running <TaskInstance: shopverse_daily_pipeline.wait_products_file scheduled__2025-01-03T01:00:00+00:00 [running]> on host pranavis-macbook-air.local
[2025-12-08T15:41:39.892+0530] {taskinstance.py:1662} INFO - Exporting env vars: AIRFLOW_CTX_DAG_EMAIL='alert@example.com' AIRFLOW_CTX_DAG_OWNER='shopverse_de' AIRFLOW_CTX_DAG_ID='shopverse_daily_pipeline' AIRFLOW_CTX_TASK_ID='wait_products_file' AIRFLOW_CTX_EXECUTION_DATE='2025-01-03T01:00:00+00:00' AIRFLOW_CTX_TRY_NUMBER='1' AIRFLOW_CTX_DAG_RUN_ID='scheduled__2025-01-03T01:00:00+00:00'
[2025-12-08T15:41:39.894+0530] {base.py:73} INFO - Using connection ID 'fs_default' for task execution.
[2025-12-08T15:41:39.894+0530] {filesystem.py:64} INFO - Poking for file /Users/ramesharra/airflow/data/shopverse/landing/products/products_20250103.csv
[2025-12-08T15:41:45.131+0530] {taskinstance.py:1149} INFO - Dependencies not met for <TaskInstance: shopverse_daily_pipeline.wait_products_file scheduled__2025-01-03T01:00:00+00:00 [running]>, dependency 'Task Instance Not Running' FAILED: Task is in the running state
[2025-12-08T15:41:45.131+0530] {taskinstance.py:1149} INFO - Dependencies not met for <TaskInstance: shopverse_daily_pipeline.wait_products_file scheduled__2025-01-03T01:00:00+00:00 [running]>, dependency 'Task Instance State' FAILED: Task is in the 'running' state.
[2025-12-08T15:41:45.131+0530] {local_task_job_runner.py:154} INFO - Task is not able to be run
[2025-12-08T15:41:49.906+0530] {base.py:73} INFO - Using connection ID 'fs_default' for task execution.
[2025-12-08T15:41:49.908+0530] {filesystem.py:64} INFO - Poking for file /Users/ramesharra/airflow/data/shopverse/landing/products/products_20250103.csv
[2025-12-08T15:41:59.924+0530] {base.py:73} INFO - Using connection ID 'fs_default' for task execution.
[2025-12-08T15:41:59.929+0530] {filesystem.py:64} INFO - Poking for file /Users/ramesharra/airflow/data/shopverse/landing/products/products_20250103.csv
[2025-12-08T15:42:09.948+0530] {base.py:73} INFO - Using connection ID 'fs_default' for task execution.
[2025-12-08T15:42:09.950+0530] {filesystem.py:64} INFO - Poking for file /Users/ramesharra/airflow/data/shopverse/landing/products/products_20250103.csv
[2025-12-08T15:42:19.985+0530] {base.py:73} INFO - Using connection ID 'fs_default' for task execution.
[2025-12-08T15:42:19.986+0530] {filesystem.py:64} INFO - Poking for file /Users/ramesharra/airflow/data/shopverse/landing/products/products_20250103.csv
[2025-12-08T15:42:30.009+0530] {base.py:73} INFO - Using connection ID 'fs_default' for task execution.
[2025-12-08T15:42:30.011+0530] {filesystem.py:64} INFO - Poking for file /Users/ramesharra/airflow/data/shopverse/landing/products/products_20250103.csv
[2025-12-08T15:42:40.029+0530] {base.py:73} INFO - Using connection ID 'fs_default' for task execution.
[2025-12-08T15:42:40.032+0530] {filesystem.py:64} INFO - Poking for file /Users/ramesharra/airflow/data/shopverse/landing/products/products_20250103.csv
[2025-12-08T15:42:50.060+0530] {base.py:73} INFO - Using connection ID 'fs_default' for task execution.
[2025-12-08T15:42:50.062+0530] {filesystem.py:64} INFO - Poking for file /Users/ramesharra/airflow/data/shopverse/landing/products/products_20250103.csv
[2025-12-08T15:43:00.081+0530] {base.py:73} INFO - Using connection ID 'fs_default' for task execution.
[2025-12-08T15:43:00.084+0530] {filesystem.py:64} INFO - Poking for file /Users/ramesharra/airflow/data/shopverse/landing/products/products_20250103.csv
[2025-12-08T15:43:10.112+0530] {base.py:73} INFO - Using connection ID 'fs_default' for task execution.
[2025-12-08T15:43:10.117+0530] {filesystem.py:64} INFO - Poking for file /Users/ramesharra/airflow/data/shopverse/landing/products/products_20250103.csv
[2025-12-08T15:43:20.141+0530] {base.py:73} INFO - Using connection ID 'fs_default' for task execution.
[2025-12-08T15:43:20.144+0530] {filesystem.py:64} INFO - Poking for file /Users/ramesharra/airflow/data/shopverse/landing/products/products_20250103.csv
[2025-12-08T15:43:30.163+0530] {base.py:73} INFO - Using connection ID 'fs_default' for task execution.
[2025-12-08T15:43:30.165+0530] {filesystem.py:64} INFO - Poking for file /Users/ramesharra/airflow/data/shopverse/landing/products/products_20250103.csv
[2025-12-08T15:43:40.183+0530] {base.py:73} INFO - Using connection ID 'fs_default' for task execution.
[2025-12-08T15:43:40.186+0530] {filesystem.py:64} INFO - Poking for file /Users/ramesharra/airflow/data/shopverse/landing/products/products_20250103.csv
[2025-12-08T15:43:50.198+0530] {base.py:73} INFO - Using connection ID 'fs_default' for task execution.
[2025-12-08T15:43:50.204+0530] {filesystem.py:64} INFO - Poking for file /Users/ramesharra/airflow/data/shopverse/landing/products/products_20250103.csv
[2025-12-08T15:44:00.236+0530] {base.py:73} INFO - Using connection ID 'fs_default' for task execution.
[2025-12-08T15:44:00.238+0530] {filesystem.py:64} INFO - Poking for file /Users/ramesharra/airflow/data/shopverse/landing/products/products_20250103.csv
[2025-12-08T15:44:10.260+0530] {base.py:73} INFO - Using connection ID 'fs_default' for task execution.
[2025-12-08T15:44:10.266+0530] {filesystem.py:64} INFO - Poking for file /Users/ramesharra/airflow/data/shopverse/landing/products/products_20250103.csv
[2025-12-08T15:44:20.280+0530] {base.py:73} INFO - Using connection ID 'fs_default' for task execution.
[2025-12-08T15:44:20.285+0530] {filesystem.py:64} INFO - Poking for file /Users/ramesharra/airflow/data/shopverse/landing/products/products_20250103.csv
[2025-12-08T15:44:30.307+0530] {base.py:73} INFO - Using connection ID 'fs_default' for task execution.
[2025-12-08T15:44:30.311+0530] {filesystem.py:64} INFO - Poking for file /Users/ramesharra/airflow/data/shopverse/landing/products/products_20250103.csv
[2025-12-08T15:44:40.328+0530] {base.py:73} INFO - Using connection ID 'fs_default' for task execution.
[2025-12-08T15:44:40.330+0530] {filesystem.py:64} INFO - Poking for file /Users/ramesharra/airflow/data/shopverse/landing/products/products_20250103.csv
[2025-12-08T15:44:50.353+0530] {base.py:73} INFO - Using connection ID 'fs_default' for task execution.
[2025-12-08T15:44:50.355+0530] {filesystem.py:64} INFO - Poking for file /Users/ramesharra/airflow/data/shopverse/landing/products/products_20250103.csv
[2025-12-08T15:45:00.374+0530] {base.py:73} INFO - Using connection ID 'fs_default' for task execution.
[2025-12-08T15:45:00.376+0530] {filesystem.py:64} INFO - Poking for file /Users/ramesharra/airflow/data/shopverse/landing/products/products_20250103.csv
[2025-12-08T15:45:10.396+0530] {base.py:73} INFO - Using connection ID 'fs_default' for task execution.
[2025-12-08T15:45:10.401+0530] {filesystem.py:64} INFO - Poking for file /Users/ramesharra/airflow/data/shopverse/landing/products/products_20250103.csv
[2025-12-08T15:45:20.478+0530] {base.py:73} INFO - Using connection ID 'fs_default' for task execution.
[2025-12-08T15:45:20.485+0530] {filesystem.py:64} INFO - Poking for file /Users/ramesharra/airflow/data/shopverse/landing/products/products_20250103.csv
[2025-12-08T15:45:30.502+0530] {base.py:73} INFO - Using connection ID 'fs_default' for task execution.
[2025-12-08T15:45:30.504+0530] {filesystem.py:64} INFO - Poking for file /Users/ramesharra/airflow/data/shopverse/landing/products/products_20250103.csv
[2025-12-08T15:45:40.535+0530] {base.py:73} INFO - Using connection ID 'fs_default' for task execution.
[2025-12-08T15:45:40.536+0530] {filesystem.py:64} INFO - Poking for file /Users/ramesharra/airflow/data/shopverse/landing/products/products_20250103.csv
[2025-12-08T15:45:50.555+0530] {base.py:73} INFO - Using connection ID 'fs_default' for task execution.
[2025-12-08T15:45:50.557+0530] {filesystem.py:64} INFO - Poking for file /Users/ramesharra/airflow/data/shopverse/landing/products/products_20250103.csv
[2025-12-08T15:46:00.583+0530] {base.py:73} INFO - Using connection ID 'fs_default' for task execution.
[2025-12-08T15:46:00.585+0530] {filesystem.py:64} INFO - Poking for file /Users/ramesharra/airflow/data/shopverse/landing/products/products_20250103.csv
[2025-12-08T15:46:10.617+0530] {base.py:73} INFO - Using connection ID 'fs_default' for task execution.
[2025-12-08T15:46:10.620+0530] {filesystem.py:64} INFO - Poking for file /Users/ramesharra/airflow/data/shopverse/landing/products/products_20250103.csv
[2025-12-08T15:46:20.645+0530] {base.py:73} INFO - Using connection ID 'fs_default' for task execution.
[2025-12-08T15:46:20.647+0530] {filesystem.py:64} INFO - Poking for file /Users/ramesharra/airflow/data/shopverse/landing/products/products_20250103.csv
[2025-12-08T15:46:30.675+0530] {base.py:73} INFO - Using connection ID 'fs_default' for task execution.
[2025-12-08T15:46:30.677+0530] {filesystem.py:64} INFO - Poking for file /Users/ramesharra/airflow/data/shopverse/landing/products/products_20250103.csv
[2025-12-08T15:46:40.700+0530] {base.py:73} INFO - Using connection ID 'fs_default' for task execution.
[2025-12-08T15:46:40.703+0530] {filesystem.py:64} INFO - Poking for file /Users/ramesharra/airflow/data/shopverse/landing/products/products_20250103.csv
[2025-12-08T15:46:50.727+0530] {base.py:73} INFO - Using connection ID 'fs_default' for task execution.
[2025-12-08T15:46:50.743+0530] {filesystem.py:64} INFO - Poking for file /Users/ramesharra/airflow/data/shopverse/landing/products/products_20250103.csv
[2025-12-08T15:47:00.773+0530] {base.py:73} INFO - Using connection ID 'fs_default' for task execution.
[2025-12-08T15:47:00.776+0530] {filesystem.py:64} INFO - Poking for file /Users/ramesharra/airflow/data/shopverse/landing/products/products_20250103.csv
[2025-12-08T15:47:10.789+0530] {base.py:73} INFO - Using connection ID 'fs_default' for task execution.
[2025-12-08T15:47:10.792+0530] {filesystem.py:64} INFO - Poking for file /Users/ramesharra/airflow/data/shopverse/landing/products/products_20250103.csv
[2025-12-08T15:47:20.802+0530] {base.py:73} INFO - Using connection ID 'fs_default' for task execution.
[2025-12-08T15:47:20.804+0530] {filesystem.py:64} INFO - Poking for file /Users/ramesharra/airflow/data/shopverse/landing/products/products_20250103.csv
[2025-12-08T15:47:30.826+0530] {base.py:73} INFO - Using connection ID 'fs_default' for task execution.
[2025-12-08T15:47:30.828+0530] {filesystem.py:64} INFO - Poking for file /Users/ramesharra/airflow/data/shopverse/landing/products/products_20250103.csv
[2025-12-08T15:47:40.848+0530] {base.py:73} INFO - Using connection ID 'fs_default' for task execution.
[2025-12-08T15:47:40.850+0530] {filesystem.py:64} INFO - Poking for file /Users/ramesharra/airflow/data/shopverse/landing/products/products_20250103.csv
[2025-12-08T15:47:50.880+0530] {base.py:73} INFO - Using connection ID 'fs_default' for task execution.
[2025-12-08T15:47:50.883+0530] {filesystem.py:64} INFO - Poking for file /Users/ramesharra/airflow/data/shopverse/landing/products/products_20250103.csv
[2025-12-08T15:48:00.913+0530] {base.py:73} INFO - Using connection ID 'fs_default' for task execution.
[2025-12-08T15:48:00.915+0530] {filesystem.py:64} INFO - Poking for file /Users/ramesharra/airflow/data/shopverse/landing/products/products_20250103.csv
[2025-12-08T15:48:10.934+0530] {base.py:73} INFO - Using connection ID 'fs_default' for task execution.
[2025-12-08T15:48:10.937+0530] {filesystem.py:64} INFO - Poking for file /Users/ramesharra/airflow/data/shopverse/landing/products/products_20250103.csv
[2025-12-08T15:48:20.970+0530] {base.py:73} INFO - Using connection ID 'fs_default' for task execution.
[2025-12-08T15:48:20.972+0530] {filesystem.py:64} INFO - Poking for file /Users/ramesharra/airflow/data/shopverse/landing/products/products_20250103.csv
[2025-12-08T15:48:30.990+0530] {base.py:73} INFO - Using connection ID 'fs_default' for task execution.
[2025-12-08T15:48:30.993+0530] {filesystem.py:64} INFO - Poking for file /Users/ramesharra/airflow/data/shopverse/landing/products/products_20250103.csv
[2025-12-08T15:48:41.020+0530] {base.py:73} INFO - Using connection ID 'fs_default' for task execution.
[2025-12-08T15:48:41.021+0530] {filesystem.py:64} INFO - Poking for file /Users/ramesharra/airflow/data/shopverse/landing/products/products_20250103.csv
[2025-12-08T15:48:51.046+0530] {base.py:73} INFO - Using connection ID 'fs_default' for task execution.
[2025-12-08T15:48:51.050+0530] {filesystem.py:64} INFO - Poking for file /Users/ramesharra/airflow/data/shopverse/landing/products/products_20250103.csv
[2025-12-08T15:49:01.071+0530] {base.py:73} INFO - Using connection ID 'fs_default' for task execution.
[2025-12-08T15:49:01.074+0530] {filesystem.py:64} INFO - Poking for file /Users/ramesharra/airflow/data/shopverse/landing/products/products_20250103.csv
[2025-12-08T15:49:11.096+0530] {base.py:73} INFO - Using connection ID 'fs_default' for task execution.
[2025-12-08T15:49:11.098+0530] {filesystem.py:64} INFO - Poking for file /Users/ramesharra/airflow/data/shopverse/landing/products/products_20250103.csv
[2025-12-08T15:49:21.129+0530] {base.py:73} INFO - Using connection ID 'fs_default' for task execution.
[2025-12-08T15:49:21.130+0530] {filesystem.py:64} INFO - Poking for file /Users/ramesharra/airflow/data/shopverse/landing/products/products_20250103.csv
[2025-12-08T15:49:31.146+0530] {base.py:73} INFO - Using connection ID 'fs_default' for task execution.
[2025-12-08T15:49:31.149+0530] {filesystem.py:64} INFO - Poking for file /Users/ramesharra/airflow/data/shopverse/landing/products/products_20250103.csv
[2025-12-08T15:49:41.170+0530] {base.py:73} INFO - Using connection ID 'fs_default' for task execution.
[2025-12-08T15:49:41.174+0530] {filesystem.py:64} INFO - Poking for file /Users/ramesharra/airflow/data/shopverse/landing/products/products_20250103.csv
[2025-12-08T15:49:51.202+0530] {base.py:73} INFO - Using connection ID 'fs_default' for task execution.
[2025-12-08T15:49:51.205+0530] {filesystem.py:64} INFO - Poking for file /Users/ramesharra/airflow/data/shopverse/landing/products/products_20250103.csv
[2025-12-08T15:50:01.231+0530] {base.py:73} INFO - Using connection ID 'fs_default' for task execution.
[2025-12-08T15:50:01.235+0530] {filesystem.py:64} INFO - Poking for file /Users/ramesharra/airflow/data/shopverse/landing/products/products_20250103.csv
[2025-12-08T15:50:11.252+0530] {base.py:73} INFO - Using connection ID 'fs_default' for task execution.
[2025-12-08T15:50:11.254+0530] {filesystem.py:64} INFO - Poking for file /Users/ramesharra/airflow/data/shopverse/landing/products/products_20250103.csv
[2025-12-08T15:50:21.275+0530] {base.py:73} INFO - Using connection ID 'fs_default' for task execution.
[2025-12-08T15:50:21.276+0530] {filesystem.py:64} INFO - Poking for file /Users/ramesharra/airflow/data/shopverse/landing/products/products_20250103.csv
[2025-12-08T15:50:31.300+0530] {base.py:73} INFO - Using connection ID 'fs_default' for task execution.
[2025-12-08T15:50:31.302+0530] {filesystem.py:64} INFO - Poking for file /Users/ramesharra/airflow/data/shopverse/landing/products/products_20250103.csv
[2025-12-08T15:50:41.321+0530] {base.py:73} INFO - Using connection ID 'fs_default' for task execution.
[2025-12-08T15:50:41.324+0530] {filesystem.py:64} INFO - Poking for file /Users/ramesharra/airflow/data/shopverse/landing/products/products_20250103.csv
[2025-12-08T15:50:51.349+0530] {base.py:73} INFO - Using connection ID 'fs_default' for task execution.
[2025-12-08T15:50:51.351+0530] {filesystem.py:64} INFO - Poking for file /Users/ramesharra/airflow/data/shopverse/landing/products/products_20250103.csv
[2025-12-08T15:51:01.380+0530] {base.py:73} INFO - Using connection ID 'fs_default' for task execution.
[2025-12-08T15:51:01.384+0530] {filesystem.py:64} INFO - Poking for file /Users/ramesharra/airflow/data/shopverse/landing/products/products_20250103.csv
[2025-12-08T15:51:11.397+0530] {base.py:73} INFO - Using connection ID 'fs_default' for task execution.
[2025-12-08T15:51:11.415+0530] {filesystem.py:64} INFO - Poking for file /Users/ramesharra/airflow/data/shopverse/landing/products/products_20250103.csv
[2025-12-08T15:51:21.453+0530] {base.py:73} INFO - Using connection ID 'fs_default' for task execution.
[2025-12-08T15:51:21.455+0530] {filesystem.py:64} INFO - Poking for file /Users/ramesharra/airflow/data/shopverse/landing/products/products_20250103.csv
[2025-12-08T15:51:31.493+0530] {base.py:73} INFO - Using connection ID 'fs_default' for task execution.
[2025-12-08T15:51:31.495+0530] {filesystem.py:64} INFO - Poking for file /Users/ramesharra/airflow/data/shopverse/landing/products/products_20250103.csv
[2025-12-08T15:51:41.518+0530] {base.py:73} INFO - Using connection ID 'fs_default' for task execution.
[2025-12-08T15:51:41.521+0530] {filesystem.py:64} INFO - Poking for file /Users/ramesharra/airflow/data/shopverse/landing/products/products_20250103.csv
[2025-12-08T15:51:41.533+0530] {taskinstance.py:1937} ERROR - Task failed with exception
Traceback (most recent call last):
  File "/Users/ramesharra/airflow310/lib/python3.10/site-packages/airflow/sensors/base.py", line 274, in execute
    raise AirflowSensorTimeout(message)
airflow.exceptions.AirflowSensorTimeout: Sensor has timed out; run duration of 601.6406879999995 seconds exceeds the specified timeout of 600.0.
[2025-12-08T15:51:41.549+0530] {taskinstance.py:1400} INFO - Immediate failure requested. Marking task as FAILED. dag_id=shopverse_daily_pipeline, task_id=wait_products_file, execution_date=20250103T010000, start_date=20251208T101155, end_date=20251208T102141
[2025-12-08T15:51:41.574+0530] {logging_mixin.py:154} WARNING - /Users/ramesharra/airflow310/lib/python3.10/site-packages/airflow/utils/email.py:154 RemovedInAirflow3Warning: Fetching SMTP credentials from configuration variables will be deprecated in a future release. Please set credentials using a connection instead.
[2025-12-08T15:51:41.575+0530] {configuration.py:1050} WARNING - section/key [smtp/smtp_user] not found in config
[2025-12-08T15:51:41.575+0530] {email.py:270} INFO - Email alerting: attempt 1
[2025-12-08T15:51:41.584+0530] {configuration.py:1050} WARNING - section/key [smtp/smtp_user] not found in config
[2025-12-08T15:51:41.585+0530] {email.py:270} INFO - Email alerting: attempt 1
[2025-12-08T15:51:41.587+0530] {taskinstance.py:2007} ERROR - Failed to send email to: alert@example.com
Traceback (most recent call last):
  File "/Users/ramesharra/airflow310/lib/python3.10/site-packages/airflow/models/taskinstance.py", line 1518, in _run_raw_task
    self._execute_task_with_callbacks(context, test_mode, session=session)
  File "/Users/ramesharra/airflow310/lib/python3.10/site-packages/airflow/models/taskinstance.py", line 1681, in _execute_task_with_callbacks
    result = self._execute_task(context, task_orig)
  File "/Users/ramesharra/airflow310/lib/python3.10/site-packages/airflow/models/taskinstance.py", line 1744, in _execute_task
    result = execute_callable(context=context, **execute_callable_kwargs)
  File "/Users/ramesharra/airflow310/lib/python3.10/site-packages/airflow/sensors/base.py", line 274, in execute
    raise AirflowSensorTimeout(message)
airflow.exceptions.AirflowSensorTimeout: Sensor has timed out; run duration of 601.6406879999995 seconds exceeds the specified timeout of 600.0.

During handling of the above exception, another exception occurred:

Traceback (most recent call last):
  File "/Users/ramesharra/airflow310/lib/python3.10/site-packages/airflow/models/taskinstance.py", line 2420, in email_alert
    send_email(task.email, subject, html_content)
  File "/Users/ramesharra/airflow310/lib/python3.10/site-packages/airflow/utils/email.py", line 80, in send_email
    return backend(
  File "/Users/ramesharra/airflow310/lib/python3.10/site-packages/airflow/utils/email.py", line 154, in send_email_smtp
    send_mime_email(e_from=mail_from, e_to=recipients, mime_msg=msg, conn_id=conn_id, dryrun=dryrun)
  File "/Users/ramesharra/airflow310/lib/python3.10/site-packages/airflow/utils/email.py", line 272, in send_mime_email
    smtp_conn = _get_smtp_connection(smtp_host, smtp_port, smtp_timeout, smtp_ssl)
  File "/Users/ramesharra/airflow310/lib/python3.10/site-packages/airflow/utils/email.py", line 316, in _get_smtp_connection
    return smtplib.SMTP(host=host, port=port, timeout=timeout)
  File "/opt/homebrew/Cellar/python@3.10/3.10.19_1/Frameworks/Python.framework/Versions/3.10/lib/python3.10/smtplib.py", line 255, in __init__
    (code, msg) = self.connect(host, port)
  File "/opt/homebrew/Cellar/python@3.10/3.10.19_1/Frameworks/Python.framework/Versions/3.10/lib/python3.10/smtplib.py", line 341, in connect
    self.sock = self._get_socket(host, port, self.timeout)
  File "/opt/homebrew/Cellar/python@3.10/3.10.19_1/Frameworks/Python.framework/Versions/3.10/lib/python3.10/smtplib.py", line 312, in _get_socket
    return socket.create_connection((host, port), timeout,
  File "/opt/homebrew/Cellar/python@3.10/3.10.19_1/Frameworks/Python.framework/Versions/3.10/lib/python3.10/socket.py", line 857, in create_connection
    raise err
  File "/opt/homebrew/Cellar/python@3.10/3.10.19_1/Frameworks/Python.framework/Versions/3.10/lib/python3.10/socket.py", line 845, in create_connection
    sock.connect(sa)
ConnectionRefusedError: [Errno 61] Connection refused

During handling of the above exception, another exception occurred:

Traceback (most recent call last):
  File "/Users/ramesharra/airflow310/lib/python3.10/site-packages/airflow/models/taskinstance.py", line 2005, in handle_failure
    self.email_alert(error, task)
  File "/Users/ramesharra/airflow310/lib/python3.10/site-packages/airflow/models/taskinstance.py", line 2422, in email_alert
    send_email(task.email, subject, html_content_err)
  File "/Users/ramesharra/airflow310/lib/python3.10/site-packages/airflow/utils/email.py", line 80, in send_email
    return backend(
  File "/Users/ramesharra/airflow310/lib/python3.10/site-packages/airflow/utils/email.py", line 154, in send_email_smtp
    send_mime_email(e_from=mail_from, e_to=recipients, mime_msg=msg, conn_id=conn_id, dryrun=dryrun)
  File "/Users/ramesharra/airflow310/lib/python3.10/site-packages/airflow/utils/email.py", line 272, in send_mime_email
    smtp_conn = _get_smtp_connection(smtp_host, smtp_port, smtp_timeout, smtp_ssl)
  File "/Users/ramesharra/airflow310/lib/python3.10/site-packages/airflow/utils/email.py", line 316, in _get_smtp_connection
    return smtplib.SMTP(host=host, port=port, timeout=timeout)
  File "/opt/homebrew/Cellar/python@3.10/3.10.19_1/Frameworks/Python.framework/Versions/3.10/lib/python3.10/smtplib.py", line 255, in __init__
    (code, msg) = self.connect(host, port)
  File "/opt/homebrew/Cellar/python@3.10/3.10.19_1/Frameworks/Python.framework/Versions/3.10/lib/python3.10/smtplib.py", line 341, in connect
    self.sock = self._get_socket(host, port, self.timeout)
  File "/opt/homebrew/Cellar/python@3.10/3.10.19_1/Frameworks/Python.framework/Versions/3.10/lib/python3.10/smtplib.py", line 312, in _get_socket
    return socket.create_connection((host, port), timeout,
  File "/opt/homebrew/Cellar/python@3.10/3.10.19_1/Frameworks/Python.framework/Versions/3.10/lib/python3.10/socket.py", line 857, in create_connection
    raise err
  File "/opt/homebrew/Cellar/python@3.10/3.10.19_1/Frameworks/Python.framework/Versions/3.10/lib/python3.10/socket.py", line 845, in create_connection
    sock.connect(sa)
ConnectionRefusedError: [Errno 61] Connection refused
[2025-12-08T15:51:41.603+0530] {standard_task_runner.py:104} ERROR - Failed to execute job 29 for task wait_products_file (Sensor has timed out; run duration of 601.6406879999995 seconds exceeds the specified timeout of 600.0.; 16105)
