[2025-12-08T15:41:45.947+0530] {taskinstance.py:1159} INFO - Dependencies all met for dep_context=non-requeueable deps ti=<TaskInstance: shopverse_daily_pipeline.wait_orders_file scheduled__2025-01-03T01:00:00+00:00 [queued]>
[2025-12-08T15:41:45.950+0530] {taskinstance.py:1159} INFO - Dependencies all met for dep_context=requeueable deps ti=<TaskInstance: shopverse_daily_pipeline.wait_orders_file scheduled__2025-01-03T01:00:00+00:00 [queued]>
[2025-12-08T15:41:45.950+0530] {taskinstance.py:1361} INFO - Starting attempt 1 of 2
[2025-12-08T15:41:45.955+0530] {taskinstance.py:1382} INFO - Executing <Task(FileSensor): wait_orders_file> on 2025-01-03 01:00:00+00:00
[2025-12-08T15:41:45.957+0530] {standard_task_runner.py:57} INFO - Started process 16114 to run task
[2025-12-08T15:41:45.960+0530] {standard_task_runner.py:84} INFO - Running: ['airflow', 'tasks', 'run', 'shopverse_daily_pipeline', 'wait_orders_file', 'scheduled__2025-01-03T01:00:00+00:00', '--job-id', '32', '--raw', '--subdir', 'DAGS_FOLDER/shopverse_daily_pipeline.py', '--cfg-path', '/var/folders/0m/k_9_7kw56svf7_nstcht_jzw0000gn/T/tmparabdrj3']
[2025-12-08T15:41:45.962+0530] {standard_task_runner.py:85} INFO - Job 32: Subtask wait_orders_file
[2025-12-08T15:41:45.984+0530] {task_command.py:416} INFO - Running <TaskInstance: shopverse_daily_pipeline.wait_orders_file scheduled__2025-01-03T01:00:00+00:00 [running]> on host pranavis-macbook-air.local
[2025-12-08T15:41:46.002+0530] {taskinstance.py:1662} INFO - Exporting env vars: AIRFLOW_CTX_DAG_EMAIL='alert@example.com' AIRFLOW_CTX_DAG_OWNER='shopverse_de' AIRFLOW_CTX_DAG_ID='shopverse_daily_pipeline' AIRFLOW_CTX_TASK_ID='wait_orders_file' AIRFLOW_CTX_EXECUTION_DATE='2025-01-03T01:00:00+00:00' AIRFLOW_CTX_TRY_NUMBER='1' AIRFLOW_CTX_DAG_RUN_ID='scheduled__2025-01-03T01:00:00+00:00'
[2025-12-08T15:41:46.004+0530] {base.py:73} INFO - Using connection ID 'fs_default' for task execution.
[2025-12-08T15:41:46.004+0530] {filesystem.py:64} INFO - Poking for file /Users/ramesharra/airflow/data/shopverse/landing/orders/orders_20250103.json
[2025-12-08T15:41:56.021+0530] {base.py:73} INFO - Using connection ID 'fs_default' for task execution.
[2025-12-08T15:41:56.023+0530] {filesystem.py:64} INFO - Poking for file /Users/ramesharra/airflow/data/shopverse/landing/orders/orders_20250103.json
[2025-12-08T15:42:06.042+0530] {base.py:73} INFO - Using connection ID 'fs_default' for task execution.
[2025-12-08T15:42:06.045+0530] {filesystem.py:64} INFO - Poking for file /Users/ramesharra/airflow/data/shopverse/landing/orders/orders_20250103.json
[2025-12-08T15:42:16.083+0530] {base.py:73} INFO - Using connection ID 'fs_default' for task execution.
[2025-12-08T15:42:16.084+0530] {filesystem.py:64} INFO - Poking for file /Users/ramesharra/airflow/data/shopverse/landing/orders/orders_20250103.json
[2025-12-08T15:42:26.101+0530] {base.py:73} INFO - Using connection ID 'fs_default' for task execution.
[2025-12-08T15:42:26.105+0530] {filesystem.py:64} INFO - Poking for file /Users/ramesharra/airflow/data/shopverse/landing/orders/orders_20250103.json
[2025-12-08T15:42:36.131+0530] {base.py:73} INFO - Using connection ID 'fs_default' for task execution.
[2025-12-08T15:42:36.133+0530] {filesystem.py:64} INFO - Poking for file /Users/ramesharra/airflow/data/shopverse/landing/orders/orders_20250103.json
[2025-12-08T15:42:46.150+0530] {base.py:73} INFO - Using connection ID 'fs_default' for task execution.
[2025-12-08T15:42:46.153+0530] {filesystem.py:64} INFO - Poking for file /Users/ramesharra/airflow/data/shopverse/landing/orders/orders_20250103.json
[2025-12-08T15:42:56.172+0530] {base.py:73} INFO - Using connection ID 'fs_default' for task execution.
[2025-12-08T15:42:56.174+0530] {filesystem.py:64} INFO - Poking for file /Users/ramesharra/airflow/data/shopverse/landing/orders/orders_20250103.json
[2025-12-08T15:43:06.204+0530] {base.py:73} INFO - Using connection ID 'fs_default' for task execution.
[2025-12-08T15:43:06.217+0530] {filesystem.py:64} INFO - Poking for file /Users/ramesharra/airflow/data/shopverse/landing/orders/orders_20250103.json
[2025-12-08T15:43:16.232+0530] {base.py:73} INFO - Using connection ID 'fs_default' for task execution.
[2025-12-08T15:43:16.235+0530] {filesystem.py:64} INFO - Poking for file /Users/ramesharra/airflow/data/shopverse/landing/orders/orders_20250103.json
[2025-12-08T15:43:26.275+0530] {base.py:73} INFO - Using connection ID 'fs_default' for task execution.
[2025-12-08T15:43:26.278+0530] {filesystem.py:64} INFO - Poking for file /Users/ramesharra/airflow/data/shopverse/landing/orders/orders_20250103.json
[2025-12-08T15:43:36.292+0530] {base.py:73} INFO - Using connection ID 'fs_default' for task execution.
[2025-12-08T15:43:36.294+0530] {filesystem.py:64} INFO - Poking for file /Users/ramesharra/airflow/data/shopverse/landing/orders/orders_20250103.json
[2025-12-08T15:43:46.317+0530] {base.py:73} INFO - Using connection ID 'fs_default' for task execution.
[2025-12-08T15:43:46.321+0530] {filesystem.py:64} INFO - Poking for file /Users/ramesharra/airflow/data/shopverse/landing/orders/orders_20250103.json
[2025-12-08T15:43:56.338+0530] {base.py:73} INFO - Using connection ID 'fs_default' for task execution.
[2025-12-08T15:43:56.340+0530] {filesystem.py:64} INFO - Poking for file /Users/ramesharra/airflow/data/shopverse/landing/orders/orders_20250103.json
[2025-12-08T15:44:06.363+0530] {base.py:73} INFO - Using connection ID 'fs_default' for task execution.
[2025-12-08T15:44:06.365+0530] {filesystem.py:64} INFO - Poking for file /Users/ramesharra/airflow/data/shopverse/landing/orders/orders_20250103.json
[2025-12-08T15:44:16.392+0530] {base.py:73} INFO - Using connection ID 'fs_default' for task execution.
[2025-12-08T15:44:16.396+0530] {filesystem.py:64} INFO - Poking for file /Users/ramesharra/airflow/data/shopverse/landing/orders/orders_20250103.json
[2025-12-08T15:44:26.420+0530] {base.py:73} INFO - Using connection ID 'fs_default' for task execution.
[2025-12-08T15:44:26.422+0530] {filesystem.py:64} INFO - Poking for file /Users/ramesharra/airflow/data/shopverse/landing/orders/orders_20250103.json
[2025-12-08T15:44:36.440+0530] {base.py:73} INFO - Using connection ID 'fs_default' for task execution.
[2025-12-08T15:44:36.442+0530] {filesystem.py:64} INFO - Poking for file /Users/ramesharra/airflow/data/shopverse/landing/orders/orders_20250103.json
[2025-12-08T15:44:46.462+0530] {base.py:73} INFO - Using connection ID 'fs_default' for task execution.
[2025-12-08T15:44:46.465+0530] {filesystem.py:64} INFO - Poking for file /Users/ramesharra/airflow/data/shopverse/landing/orders/orders_20250103.json
[2025-12-08T15:44:56.479+0530] {base.py:73} INFO - Using connection ID 'fs_default' for task execution.
[2025-12-08T15:44:56.482+0530] {filesystem.py:64} INFO - Poking for file /Users/ramesharra/airflow/data/shopverse/landing/orders/orders_20250103.json
[2025-12-08T15:45:06.494+0530] {base.py:73} INFO - Using connection ID 'fs_default' for task execution.
[2025-12-08T15:45:06.504+0530] {filesystem.py:64} INFO - Poking for file /Users/ramesharra/airflow/data/shopverse/landing/orders/orders_20250103.json
[2025-12-08T15:45:16.638+0530] {base.py:73} INFO - Using connection ID 'fs_default' for task execution.
[2025-12-08T15:45:16.640+0530] {filesystem.py:64} INFO - Poking for file /Users/ramesharra/airflow/data/shopverse/landing/orders/orders_20250103.json
[2025-12-08T15:45:26.669+0530] {base.py:73} INFO - Using connection ID 'fs_default' for task execution.
[2025-12-08T15:45:26.671+0530] {filesystem.py:64} INFO - Poking for file /Users/ramesharra/airflow/data/shopverse/landing/orders/orders_20250103.json
[2025-12-08T15:45:36.689+0530] {base.py:73} INFO - Using connection ID 'fs_default' for task execution.
[2025-12-08T15:45:36.702+0530] {filesystem.py:64} INFO - Poking for file /Users/ramesharra/airflow/data/shopverse/landing/orders/orders_20250103.json
[2025-12-08T15:45:46.717+0530] {base.py:73} INFO - Using connection ID 'fs_default' for task execution.
[2025-12-08T15:45:46.720+0530] {filesystem.py:64} INFO - Poking for file /Users/ramesharra/airflow/data/shopverse/landing/orders/orders_20250103.json
[2025-12-08T15:45:56.743+0530] {base.py:73} INFO - Using connection ID 'fs_default' for task execution.
[2025-12-08T15:45:56.745+0530] {filesystem.py:64} INFO - Poking for file /Users/ramesharra/airflow/data/shopverse/landing/orders/orders_20250103.json
[2025-12-08T15:46:06.771+0530] {base.py:73} INFO - Using connection ID 'fs_default' for task execution.
[2025-12-08T15:46:06.774+0530] {filesystem.py:64} INFO - Poking for file /Users/ramesharra/airflow/data/shopverse/landing/orders/orders_20250103.json
[2025-12-08T15:46:16.801+0530] {base.py:73} INFO - Using connection ID 'fs_default' for task execution.
[2025-12-08T15:46:16.803+0530] {filesystem.py:64} INFO - Poking for file /Users/ramesharra/airflow/data/shopverse/landing/orders/orders_20250103.json
[2025-12-08T15:46:26.834+0530] {base.py:73} INFO - Using connection ID 'fs_default' for task execution.
[2025-12-08T15:46:26.837+0530] {filesystem.py:64} INFO - Poking for file /Users/ramesharra/airflow/data/shopverse/landing/orders/orders_20250103.json
[2025-12-08T15:46:36.866+0530] {base.py:73} INFO - Using connection ID 'fs_default' for task execution.
[2025-12-08T15:46:36.869+0530] {filesystem.py:64} INFO - Poking for file /Users/ramesharra/airflow/data/shopverse/landing/orders/orders_20250103.json
[2025-12-08T15:46:46.883+0530] {base.py:73} INFO - Using connection ID 'fs_default' for task execution.
[2025-12-08T15:46:46.885+0530] {filesystem.py:64} INFO - Poking for file /Users/ramesharra/airflow/data/shopverse/landing/orders/orders_20250103.json
[2025-12-08T15:46:56.910+0530] {base.py:73} INFO - Using connection ID 'fs_default' for task execution.
[2025-12-08T15:46:56.914+0530] {filesystem.py:64} INFO - Poking for file /Users/ramesharra/airflow/data/shopverse/landing/orders/orders_20250103.json
[2025-12-08T15:47:06.920+0530] {base.py:73} INFO - Using connection ID 'fs_default' for task execution.
[2025-12-08T15:47:06.921+0530] {filesystem.py:64} INFO - Poking for file /Users/ramesharra/airflow/data/shopverse/landing/orders/orders_20250103.json
[2025-12-08T15:47:16.940+0530] {base.py:73} INFO - Using connection ID 'fs_default' for task execution.
[2025-12-08T15:47:16.942+0530] {filesystem.py:64} INFO - Poking for file /Users/ramesharra/airflow/data/shopverse/landing/orders/orders_20250103.json
[2025-12-08T15:47:26.967+0530] {base.py:73} INFO - Using connection ID 'fs_default' for task execution.
[2025-12-08T15:47:26.969+0530] {filesystem.py:64} INFO - Poking for file /Users/ramesharra/airflow/data/shopverse/landing/orders/orders_20250103.json
[2025-12-08T15:47:36.994+0530] {base.py:73} INFO - Using connection ID 'fs_default' for task execution.
[2025-12-08T15:47:36.996+0530] {filesystem.py:64} INFO - Poking for file /Users/ramesharra/airflow/data/shopverse/landing/orders/orders_20250103.json
[2025-12-08T15:47:47.013+0530] {base.py:73} INFO - Using connection ID 'fs_default' for task execution.
[2025-12-08T15:47:47.016+0530] {filesystem.py:64} INFO - Poking for file /Users/ramesharra/airflow/data/shopverse/landing/orders/orders_20250103.json
[2025-12-08T15:47:57.033+0530] {base.py:73} INFO - Using connection ID 'fs_default' for task execution.
[2025-12-08T15:47:57.038+0530] {filesystem.py:64} INFO - Poking for file /Users/ramesharra/airflow/data/shopverse/landing/orders/orders_20250103.json
[2025-12-08T15:48:07.056+0530] {base.py:73} INFO - Using connection ID 'fs_default' for task execution.
[2025-12-08T15:48:07.058+0530] {filesystem.py:64} INFO - Poking for file /Users/ramesharra/airflow/data/shopverse/landing/orders/orders_20250103.json
[2025-12-08T15:48:17.087+0530] {base.py:73} INFO - Using connection ID 'fs_default' for task execution.
[2025-12-08T15:48:17.092+0530] {filesystem.py:64} INFO - Poking for file /Users/ramesharra/airflow/data/shopverse/landing/orders/orders_20250103.json
[2025-12-08T15:48:27.121+0530] {base.py:73} INFO - Using connection ID 'fs_default' for task execution.
[2025-12-08T15:48:27.124+0530] {filesystem.py:64} INFO - Poking for file /Users/ramesharra/airflow/data/shopverse/landing/orders/orders_20250103.json
[2025-12-08T15:48:37.171+0530] {base.py:73} INFO - Using connection ID 'fs_default' for task execution.
[2025-12-08T15:48:37.178+0530] {filesystem.py:64} INFO - Poking for file /Users/ramesharra/airflow/data/shopverse/landing/orders/orders_20250103.json
[2025-12-08T15:48:47.199+0530] {base.py:73} INFO - Using connection ID 'fs_default' for task execution.
[2025-12-08T15:48:47.202+0530] {filesystem.py:64} INFO - Poking for file /Users/ramesharra/airflow/data/shopverse/landing/orders/orders_20250103.json
[2025-12-08T15:48:57.221+0530] {base.py:73} INFO - Using connection ID 'fs_default' for task execution.
[2025-12-08T15:48:57.226+0530] {filesystem.py:64} INFO - Poking for file /Users/ramesharra/airflow/data/shopverse/landing/orders/orders_20250103.json
[2025-12-08T15:49:07.239+0530] {base.py:73} INFO - Using connection ID 'fs_default' for task execution.
[2025-12-08T15:49:07.242+0530] {filesystem.py:64} INFO - Poking for file /Users/ramesharra/airflow/data/shopverse/landing/orders/orders_20250103.json
[2025-12-08T15:49:17.275+0530] {base.py:73} INFO - Using connection ID 'fs_default' for task execution.
[2025-12-08T15:49:17.278+0530] {filesystem.py:64} INFO - Poking for file /Users/ramesharra/airflow/data/shopverse/landing/orders/orders_20250103.json
[2025-12-08T15:49:27.297+0530] {base.py:73} INFO - Using connection ID 'fs_default' for task execution.
[2025-12-08T15:49:27.303+0530] {filesystem.py:64} INFO - Poking for file /Users/ramesharra/airflow/data/shopverse/landing/orders/orders_20250103.json
[2025-12-08T15:49:37.341+0530] {base.py:73} INFO - Using connection ID 'fs_default' for task execution.
[2025-12-08T15:49:37.345+0530] {filesystem.py:64} INFO - Poking for file /Users/ramesharra/airflow/data/shopverse/landing/orders/orders_20250103.json
[2025-12-08T15:49:47.363+0530] {base.py:73} INFO - Using connection ID 'fs_default' for task execution.
[2025-12-08T15:49:47.370+0530] {filesystem.py:64} INFO - Poking for file /Users/ramesharra/airflow/data/shopverse/landing/orders/orders_20250103.json
[2025-12-08T15:49:57.400+0530] {base.py:73} INFO - Using connection ID 'fs_default' for task execution.
[2025-12-08T15:49:57.402+0530] {filesystem.py:64} INFO - Poking for file /Users/ramesharra/airflow/data/shopverse/landing/orders/orders_20250103.json
[2025-12-08T15:50:07.421+0530] {base.py:73} INFO - Using connection ID 'fs_default' for task execution.
[2025-12-08T15:50:07.424+0530] {filesystem.py:64} INFO - Poking for file /Users/ramesharra/airflow/data/shopverse/landing/orders/orders_20250103.json
[2025-12-08T15:50:17.447+0530] {base.py:73} INFO - Using connection ID 'fs_default' for task execution.
[2025-12-08T15:50:17.449+0530] {filesystem.py:64} INFO - Poking for file /Users/ramesharra/airflow/data/shopverse/landing/orders/orders_20250103.json
[2025-12-08T15:50:27.483+0530] {base.py:73} INFO - Using connection ID 'fs_default' for task execution.
[2025-12-08T15:50:27.486+0530] {filesystem.py:64} INFO - Poking for file /Users/ramesharra/airflow/data/shopverse/landing/orders/orders_20250103.json
[2025-12-08T15:50:37.514+0530] {base.py:73} INFO - Using connection ID 'fs_default' for task execution.
[2025-12-08T15:50:37.516+0530] {filesystem.py:64} INFO - Poking for file /Users/ramesharra/airflow/data/shopverse/landing/orders/orders_20250103.json
[2025-12-08T15:50:47.538+0530] {base.py:73} INFO - Using connection ID 'fs_default' for task execution.
[2025-12-08T15:50:47.541+0530] {filesystem.py:64} INFO - Poking for file /Users/ramesharra/airflow/data/shopverse/landing/orders/orders_20250103.json
[2025-12-08T15:50:57.564+0530] {base.py:73} INFO - Using connection ID 'fs_default' for task execution.
[2025-12-08T15:50:57.570+0530] {filesystem.py:64} INFO - Poking for file /Users/ramesharra/airflow/data/shopverse/landing/orders/orders_20250103.json
[2025-12-08T15:51:07.600+0530] {base.py:73} INFO - Using connection ID 'fs_default' for task execution.
[2025-12-08T15:51:07.604+0530] {filesystem.py:64} INFO - Poking for file /Users/ramesharra/airflow/data/shopverse/landing/orders/orders_20250103.json
[2025-12-08T15:51:17.624+0530] {base.py:73} INFO - Using connection ID 'fs_default' for task execution.
[2025-12-08T15:51:17.627+0530] {filesystem.py:64} INFO - Poking for file /Users/ramesharra/airflow/data/shopverse/landing/orders/orders_20250103.json
[2025-12-08T15:51:27.645+0530] {base.py:73} INFO - Using connection ID 'fs_default' for task execution.
[2025-12-08T15:51:27.651+0530] {filesystem.py:64} INFO - Poking for file /Users/ramesharra/airflow/data/shopverse/landing/orders/orders_20250103.json
[2025-12-08T15:51:37.675+0530] {base.py:73} INFO - Using connection ID 'fs_default' for task execution.
[2025-12-08T15:51:37.681+0530] {filesystem.py:64} INFO - Poking for file /Users/ramesharra/airflow/data/shopverse/landing/orders/orders_20250103.json
[2025-12-08T15:51:47.699+0530] {base.py:73} INFO - Using connection ID 'fs_default' for task execution.
[2025-12-08T15:51:47.704+0530] {filesystem.py:64} INFO - Poking for file /Users/ramesharra/airflow/data/shopverse/landing/orders/orders_20250103.json
[2025-12-08T15:51:47.707+0530] {taskinstance.py:1937} ERROR - Task failed with exception
Traceback (most recent call last):
  File "/Users/ramesharra/airflow310/lib/python3.10/site-packages/airflow/sensors/base.py", line 274, in execute
    raise AirflowSensorTimeout(message)
airflow.exceptions.AirflowSensorTimeout: Sensor has timed out; run duration of 601.7044407500016 seconds exceeds the specified timeout of 600.0.
[2025-12-08T15:51:47.716+0530] {taskinstance.py:1400} INFO - Immediate failure requested. Marking task as FAILED. dag_id=shopverse_daily_pipeline, task_id=wait_orders_file, execution_date=20250103T010000, start_date=20251208T101145, end_date=20251208T102147
[2025-12-08T15:51:47.732+0530] {logging_mixin.py:154} WARNING - /Users/ramesharra/airflow310/lib/python3.10/site-packages/airflow/utils/email.py:154 RemovedInAirflow3Warning: Fetching SMTP credentials from configuration variables will be deprecated in a future release. Please set credentials using a connection instead.
[2025-12-08T15:51:47.732+0530] {configuration.py:1050} WARNING - section/key [smtp/smtp_user] not found in config
[2025-12-08T15:51:47.733+0530] {email.py:270} INFO - Email alerting: attempt 1
[2025-12-08T15:51:47.738+0530] {configuration.py:1050} WARNING - section/key [smtp/smtp_user] not found in config
[2025-12-08T15:51:47.738+0530] {email.py:270} INFO - Email alerting: attempt 1
[2025-12-08T15:51:47.739+0530] {taskinstance.py:2007} ERROR - Failed to send email to: alert@example.com
Traceback (most recent call last):
  File "/Users/ramesharra/airflow310/lib/python3.10/site-packages/airflow/models/taskinstance.py", line 1518, in _run_raw_task
    self._execute_task_with_callbacks(context, test_mode, session=session)
  File "/Users/ramesharra/airflow310/lib/python3.10/site-packages/airflow/models/taskinstance.py", line 1681, in _execute_task_with_callbacks
    result = self._execute_task(context, task_orig)
  File "/Users/ramesharra/airflow310/lib/python3.10/site-packages/airflow/models/taskinstance.py", line 1744, in _execute_task
    result = execute_callable(context=context, **execute_callable_kwargs)
  File "/Users/ramesharra/airflow310/lib/python3.10/site-packages/airflow/sensors/base.py", line 274, in execute
    raise AirflowSensorTimeout(message)
airflow.exceptions.AirflowSensorTimeout: Sensor has timed out; run duration of 601.7044407500016 seconds exceeds the specified timeout of 600.0.

During handling of the above exception, another exception occurred:

Traceback (most recent call last):
  File "/Users/ramesharra/airflow310/lib/python3.10/site-packages/airflow/models/taskinstance.py", line 2420, in email_alert
    send_email(task.email, subject, html_content)
  File "/Users/ramesharra/airflow310/lib/python3.10/site-packages/airflow/utils/email.py", line 80, in send_email
    return backend(
  File "/Users/ramesharra/airflow310/lib/python3.10/site-packages/airflow/utils/email.py", line 154, in send_email_smtp
    send_mime_email(e_from=mail_from, e_to=recipients, mime_msg=msg, conn_id=conn_id, dryrun=dryrun)
  File "/Users/ramesharra/airflow310/lib/python3.10/site-packages/airflow/utils/email.py", line 272, in send_mime_email
    smtp_conn = _get_smtp_connection(smtp_host, smtp_port, smtp_timeout, smtp_ssl)
  File "/Users/ramesharra/airflow310/lib/python3.10/site-packages/airflow/utils/email.py", line 316, in _get_smtp_connection
    return smtplib.SMTP(host=host, port=port, timeout=timeout)
  File "/opt/homebrew/Cellar/python@3.10/3.10.19_1/Frameworks/Python.framework/Versions/3.10/lib/python3.10/smtplib.py", line 255, in __init__
    (code, msg) = self.connect(host, port)
  File "/opt/homebrew/Cellar/python@3.10/3.10.19_1/Frameworks/Python.framework/Versions/3.10/lib/python3.10/smtplib.py", line 341, in connect
    self.sock = self._get_socket(host, port, self.timeout)
  File "/opt/homebrew/Cellar/python@3.10/3.10.19_1/Frameworks/Python.framework/Versions/3.10/lib/python3.10/smtplib.py", line 312, in _get_socket
    return socket.create_connection((host, port), timeout,
  File "/opt/homebrew/Cellar/python@3.10/3.10.19_1/Frameworks/Python.framework/Versions/3.10/lib/python3.10/socket.py", line 857, in create_connection
    raise err
  File "/opt/homebrew/Cellar/python@3.10/3.10.19_1/Frameworks/Python.framework/Versions/3.10/lib/python3.10/socket.py", line 845, in create_connection
    sock.connect(sa)
ConnectionRefusedError: [Errno 61] Connection refused

During handling of the above exception, another exception occurred:

Traceback (most recent call last):
  File "/Users/ramesharra/airflow310/lib/python3.10/site-packages/airflow/models/taskinstance.py", line 2005, in handle_failure
    self.email_alert(error, task)
  File "/Users/ramesharra/airflow310/lib/python3.10/site-packages/airflow/models/taskinstance.py", line 2422, in email_alert
    send_email(task.email, subject, html_content_err)
  File "/Users/ramesharra/airflow310/lib/python3.10/site-packages/airflow/utils/email.py", line 80, in send_email
    return backend(
  File "/Users/ramesharra/airflow310/lib/python3.10/site-packages/airflow/utils/email.py", line 154, in send_email_smtp
    send_mime_email(e_from=mail_from, e_to=recipients, mime_msg=msg, conn_id=conn_id, dryrun=dryrun)
  File "/Users/ramesharra/airflow310/lib/python3.10/site-packages/airflow/utils/email.py", line 272, in send_mime_email
    smtp_conn = _get_smtp_connection(smtp_host, smtp_port, smtp_timeout, smtp_ssl)
  File "/Users/ramesharra/airflow310/lib/python3.10/site-packages/airflow/utils/email.py", line 316, in _get_smtp_connection
    return smtplib.SMTP(host=host, port=port, timeout=timeout)
  File "/opt/homebrew/Cellar/python@3.10/3.10.19_1/Frameworks/Python.framework/Versions/3.10/lib/python3.10/smtplib.py", line 255, in __init__
    (code, msg) = self.connect(host, port)
  File "/opt/homebrew/Cellar/python@3.10/3.10.19_1/Frameworks/Python.framework/Versions/3.10/lib/python3.10/smtplib.py", line 341, in connect
    self.sock = self._get_socket(host, port, self.timeout)
  File "/opt/homebrew/Cellar/python@3.10/3.10.19_1/Frameworks/Python.framework/Versions/3.10/lib/python3.10/smtplib.py", line 312, in _get_socket
    return socket.create_connection((host, port), timeout,
  File "/opt/homebrew/Cellar/python@3.10/3.10.19_1/Frameworks/Python.framework/Versions/3.10/lib/python3.10/socket.py", line 857, in create_connection
    raise err
  File "/opt/homebrew/Cellar/python@3.10/3.10.19_1/Frameworks/Python.framework/Versions/3.10/lib/python3.10/socket.py", line 845, in create_connection
    sock.connect(sa)
ConnectionRefusedError: [Errno 61] Connection refused
[2025-12-08T15:51:47.751+0530] {standard_task_runner.py:104} ERROR - Failed to execute job 32 for task wait_orders_file (Sensor has timed out; run duration of 601.7044407500016 seconds exceeds the specified timeout of 600.0.; 16114)
